[2023-05-12T15:22:20.384+0000] {processor.py:156} INFO - Started process (PID=14467) to work on /opt/airflow/dags/atividade_aula_4.py
[2023-05-12T15:22:20.469+0000] {processor.py:799} INFO - Processing file /opt/airflow/dags/atividade_aula_4.py for tasks to queue
[2023-05-12T15:22:20.551+0000] {logging_mixin.py:149} INFO - [2023-05-12T15:22:20.551+0000] {dagbag.py:541} INFO - Filling up the DagBag from /opt/airflow/dags/atividade_aula_4.py
[2023-05-12T15:22:21.683+0000] {processor.py:809} INFO - DAG(s) dict_keys(['atividade_aula_4']) retrieved from /opt/airflow/dags/atividade_aula_4.py
[2023-05-12T15:22:49.841+0000] {logging_mixin.py:149} INFO - [2023-05-12T15:22:49.840+0000] {manager.py:504} INFO - Created Permission View: can edit on DAG:atividade_aula_4
[2023-05-12T15:22:50.308+0000] {logging_mixin.py:149} INFO - [2023-05-12T15:22:50.308+0000] {manager.py:504} INFO - Created Permission View: can delete on DAG:atividade_aula_4
[2023-05-12T15:22:50.521+0000] {logging_mixin.py:149} INFO - [2023-05-12T15:22:50.520+0000] {manager.py:504} INFO - Created Permission View: can read on DAG:atividade_aula_4
[2023-05-12T15:22:50.537+0000] {logging_mixin.py:149} INFO - [2023-05-12T15:22:50.536+0000] {dag.py:2726} INFO - Sync 1 DAGs
[2023-05-12T15:22:50.777+0000] {logging_mixin.py:149} INFO - [2023-05-12T15:22:50.777+0000] {dag.py:2747} INFO - Creating ORM DAG for atividade_aula_4
[2023-05-12T15:22:50.854+0000] {logging_mixin.py:149} INFO - [2023-05-12T15:22:50.854+0000] {dag.py:3490} INFO - Setting next_dagrun for atividade_aula_4 to 2023-05-11T00:00:00+00:00, run_after=2023-05-12T00:00:00+00:00
[2023-05-12T15:22:51.953+0000] {processor.py:178} INFO - Processing /opt/airflow/dags/atividade_aula_4.py took 31.472 seconds
[2023-05-12T16:25:17.821+0000] {processor.py:156} INFO - Started process (PID=63) to work on /opt/airflow/dags/atividade_aula_4.py
[2023-05-12T16:25:18.056+0000] {processor.py:799} INFO - Processing file /opt/airflow/dags/atividade_aula_4.py for tasks to queue
[2023-05-12T16:25:18.060+0000] {logging_mixin.py:149} INFO - [2023-05-12T16:25:18.059+0000] {dagbag.py:541} INFO - Filling up the DagBag from /opt/airflow/dags/atividade_aula_4.py
[2023-05-12T16:25:18.127+0000] {processor.py:809} INFO - DAG(s) dict_keys(['atividade_aula_4']) retrieved from /opt/airflow/dags/atividade_aula_4.py
[2023-05-12T16:25:18.429+0000] {logging_mixin.py:149} INFO - [2023-05-12T16:25:18.428+0000] {dag.py:2726} INFO - Sync 1 DAGs
[2023-05-12T16:25:18.954+0000] {logging_mixin.py:149} INFO - [2023-05-12T16:25:18.954+0000] {dag.py:3490} INFO - Setting next_dagrun for atividade_aula_4 to 2023-05-11T00:00:00+00:00, run_after=2023-05-12T00:00:00+00:00
[2023-05-12T16:25:19.533+0000] {processor.py:178} INFO - Processing /opt/airflow/dags/atividade_aula_4.py took 1.717 seconds
[2023-05-12T16:26:43.205+0000] {processor.py:156} INFO - Started process (PID=133) to work on /opt/airflow/dags/atividade_aula_4.py
[2023-05-12T16:26:43.208+0000] {processor.py:799} INFO - Processing file /opt/airflow/dags/atividade_aula_4.py for tasks to queue
[2023-05-12T16:26:43.211+0000] {logging_mixin.py:149} INFO - [2023-05-12T16:26:43.210+0000] {dagbag.py:541} INFO - Filling up the DagBag from /opt/airflow/dags/atividade_aula_4.py
[2023-05-12T16:26:43.268+0000] {processor.py:809} INFO - DAG(s) dict_keys(['atividade_aula_4']) retrieved from /opt/airflow/dags/atividade_aula_4.py
[2023-05-12T16:26:43.319+0000] {logging_mixin.py:149} INFO - [2023-05-12T16:26:43.318+0000] {dag.py:2726} INFO - Sync 1 DAGs
[2023-05-12T16:26:43.398+0000] {logging_mixin.py:149} INFO - [2023-05-12T16:26:43.398+0000] {dag.py:3490} INFO - Setting next_dagrun for atividade_aula_4 to 2023-05-11T00:00:00+00:00, run_after=2023-05-12T00:00:00+00:00
[2023-05-12T16:26:43.788+0000] {processor.py:178} INFO - Processing /opt/airflow/dags/atividade_aula_4.py took 0.590 seconds
[2023-05-12T16:27:20.296+0000] {processor.py:156} INFO - Started process (PID=204) to work on /opt/airflow/dags/atividade_aula_4.py
[2023-05-12T16:27:20.303+0000] {processor.py:799} INFO - Processing file /opt/airflow/dags/atividade_aula_4.py for tasks to queue
[2023-05-12T16:27:20.308+0000] {logging_mixin.py:149} INFO - [2023-05-12T16:27:20.308+0000] {dagbag.py:541} INFO - Filling up the DagBag from /opt/airflow/dags/atividade_aula_4.py
[2023-05-12T16:27:20.378+0000] {processor.py:809} INFO - DAG(s) dict_keys(['atividade_aula_4']) retrieved from /opt/airflow/dags/atividade_aula_4.py
[2023-05-12T16:27:20.442+0000] {logging_mixin.py:149} INFO - [2023-05-12T16:27:20.442+0000] {dag.py:2726} INFO - Sync 1 DAGs
[2023-05-12T16:27:22.304+0000] {logging_mixin.py:149} INFO - [2023-05-12T16:27:22.303+0000] {dag.py:3490} INFO - Setting next_dagrun for atividade_aula_4 to 2023-05-11T00:00:00+00:00, run_after=2023-05-12T00:00:00+00:00
[2023-05-12T16:27:22.709+0000] {processor.py:178} INFO - Processing /opt/airflow/dags/atividade_aula_4.py took 2.420 seconds
[2023-05-12T16:28:03.662+0000] {processor.py:156} INFO - Started process (PID=262) to work on /opt/airflow/dags/atividade_aula_4.py
[2023-05-12T16:28:03.667+0000] {processor.py:799} INFO - Processing file /opt/airflow/dags/atividade_aula_4.py for tasks to queue
[2023-05-12T16:28:03.670+0000] {logging_mixin.py:149} INFO - [2023-05-12T16:28:03.669+0000] {dagbag.py:541} INFO - Filling up the DagBag from /opt/airflow/dags/atividade_aula_4.py
[2023-05-12T16:28:03.739+0000] {processor.py:809} INFO - DAG(s) dict_keys(['atividade_aula_4']) retrieved from /opt/airflow/dags/atividade_aula_4.py
[2023-05-12T16:28:03.821+0000] {logging_mixin.py:149} INFO - [2023-05-12T16:28:03.821+0000] {dag.py:2726} INFO - Sync 1 DAGs
[2023-05-12T16:28:03.934+0000] {logging_mixin.py:149} INFO - [2023-05-12T16:28:03.934+0000] {dag.py:3490} INFO - Setting next_dagrun for atividade_aula_4 to 2023-05-11T00:00:00+00:00, run_after=2023-05-12T00:00:00+00:00
[2023-05-12T16:28:04.114+0000] {processor.py:178} INFO - Processing /opt/airflow/dags/atividade_aula_4.py took 0.461 seconds
[2023-05-12T16:29:13.588+0000] {processor.py:156} INFO - Started process (PID=332) to work on /opt/airflow/dags/atividade_aula_4.py
[2023-05-12T16:29:13.590+0000] {processor.py:799} INFO - Processing file /opt/airflow/dags/atividade_aula_4.py for tasks to queue
[2023-05-12T16:29:13.593+0000] {logging_mixin.py:149} INFO - [2023-05-12T16:29:13.592+0000] {dagbag.py:541} INFO - Filling up the DagBag from /opt/airflow/dags/atividade_aula_4.py
[2023-05-12T16:29:13.640+0000] {processor.py:809} INFO - DAG(s) dict_keys(['atividade_aula_4']) retrieved from /opt/airflow/dags/atividade_aula_4.py
[2023-05-12T16:29:13.682+0000] {logging_mixin.py:149} INFO - [2023-05-12T16:29:13.681+0000] {dag.py:2726} INFO - Sync 1 DAGs
[2023-05-12T16:29:13.741+0000] {logging_mixin.py:149} INFO - [2023-05-12T16:29:13.741+0000] {dag.py:3490} INFO - Setting next_dagrun for atividade_aula_4 to 2023-05-11T00:00:00+00:00, run_after=2023-05-12T00:00:00+00:00
[2023-05-12T16:29:13.963+0000] {processor.py:178} INFO - Processing /opt/airflow/dags/atividade_aula_4.py took 0.387 seconds
[2023-05-12T16:29:44.965+0000] {processor.py:156} INFO - Started process (PID=390) to work on /opt/airflow/dags/atividade_aula_4.py
[2023-05-12T16:29:44.969+0000] {processor.py:799} INFO - Processing file /opt/airflow/dags/atividade_aula_4.py for tasks to queue
[2023-05-12T16:29:44.971+0000] {logging_mixin.py:149} INFO - [2023-05-12T16:29:44.971+0000] {dagbag.py:541} INFO - Filling up the DagBag from /opt/airflow/dags/atividade_aula_4.py
[2023-05-12T16:29:45.039+0000] {processor.py:809} INFO - DAG(s) dict_keys(['atividade_aula_4']) retrieved from /opt/airflow/dags/atividade_aula_4.py
[2023-05-12T16:29:45.111+0000] {logging_mixin.py:149} INFO - [2023-05-12T16:29:45.110+0000] {dag.py:2726} INFO - Sync 1 DAGs
[2023-05-12T16:29:45.183+0000] {logging_mixin.py:149} INFO - [2023-05-12T16:29:45.182+0000] {dag.py:3490} INFO - Setting next_dagrun for atividade_aula_4 to 2023-05-11T00:00:00+00:00, run_after=2023-05-12T00:00:00+00:00
[2023-05-12T16:29:45.656+0000] {processor.py:178} INFO - Processing /opt/airflow/dags/atividade_aula_4.py took 0.702 seconds
[2023-05-12T16:30:16.198+0000] {processor.py:156} INFO - Started process (PID=451) to work on /opt/airflow/dags/atividade_aula_4.py
[2023-05-12T16:30:16.201+0000] {processor.py:799} INFO - Processing file /opt/airflow/dags/atividade_aula_4.py for tasks to queue
[2023-05-12T16:30:16.204+0000] {logging_mixin.py:149} INFO - [2023-05-12T16:30:16.203+0000] {dagbag.py:541} INFO - Filling up the DagBag from /opt/airflow/dags/atividade_aula_4.py
[2023-05-12T16:30:17.572+0000] {processor.py:809} INFO - DAG(s) dict_keys(['atividade_aula_4']) retrieved from /opt/airflow/dags/atividade_aula_4.py
[2023-05-12T16:30:18.355+0000] {logging_mixin.py:149} INFO - [2023-05-12T16:30:18.354+0000] {dag.py:2726} INFO - Sync 1 DAGs
[2023-05-12T16:30:18.442+0000] {logging_mixin.py:149} INFO - [2023-05-12T16:30:18.441+0000] {dag.py:3490} INFO - Setting next_dagrun for atividade_aula_4 to 2023-05-11T00:00:00+00:00, run_after=2023-05-12T00:00:00+00:00
[2023-05-12T16:30:18.740+0000] {processor.py:178} INFO - Processing /opt/airflow/dags/atividade_aula_4.py took 2.549 seconds
[2023-05-12T16:30:49.871+0000] {processor.py:156} INFO - Started process (PID=511) to work on /opt/airflow/dags/atividade_aula_4.py
[2023-05-12T16:30:49.874+0000] {processor.py:799} INFO - Processing file /opt/airflow/dags/atividade_aula_4.py for tasks to queue
[2023-05-12T16:30:49.877+0000] {logging_mixin.py:149} INFO - [2023-05-12T16:30:49.876+0000] {dagbag.py:541} INFO - Filling up the DagBag from /opt/airflow/dags/atividade_aula_4.py
[2023-05-12T16:30:49.939+0000] {processor.py:809} INFO - DAG(s) dict_keys(['atividade_aula_4']) retrieved from /opt/airflow/dags/atividade_aula_4.py
[2023-05-12T16:30:49.996+0000] {logging_mixin.py:149} INFO - [2023-05-12T16:30:49.996+0000] {dag.py:2726} INFO - Sync 1 DAGs
[2023-05-12T16:30:50.112+0000] {logging_mixin.py:149} INFO - [2023-05-12T16:30:50.112+0000] {dag.py:3490} INFO - Setting next_dagrun for atividade_aula_4 to 2023-05-11T00:00:00+00:00, run_after=2023-05-12T00:00:00+00:00
[2023-05-12T16:30:51.524+0000] {processor.py:178} INFO - Processing /opt/airflow/dags/atividade_aula_4.py took 1.662 seconds
[2023-05-12T16:31:22.486+0000] {processor.py:156} INFO - Started process (PID=574) to work on /opt/airflow/dags/atividade_aula_4.py
[2023-05-12T16:31:22.497+0000] {processor.py:799} INFO - Processing file /opt/airflow/dags/atividade_aula_4.py for tasks to queue
[2023-05-12T16:31:22.505+0000] {logging_mixin.py:149} INFO - [2023-05-12T16:31:22.504+0000] {dagbag.py:541} INFO - Filling up the DagBag from /opt/airflow/dags/atividade_aula_4.py
[2023-05-12T16:31:22.653+0000] {processor.py:809} INFO - DAG(s) dict_keys(['atividade_aula_4']) retrieved from /opt/airflow/dags/atividade_aula_4.py
[2023-05-12T16:31:22.915+0000] {logging_mixin.py:149} INFO - [2023-05-12T16:31:22.915+0000] {dag.py:2726} INFO - Sync 1 DAGs
[2023-05-12T16:31:23.132+0000] {logging_mixin.py:149} INFO - [2023-05-12T16:31:23.132+0000] {dag.py:3490} INFO - Setting next_dagrun for atividade_aula_4 to 2023-05-11T00:00:00+00:00, run_after=2023-05-12T00:00:00+00:00
[2023-05-12T16:31:23.375+0000] {processor.py:178} INFO - Processing /opt/airflow/dags/atividade_aula_4.py took 0.924 seconds
[2023-05-12T16:31:58.742+0000] {processor.py:156} INFO - Started process (PID=636) to work on /opt/airflow/dags/atividade_aula_4.py
[2023-05-12T16:31:58.744+0000] {processor.py:799} INFO - Processing file /opt/airflow/dags/atividade_aula_4.py for tasks to queue
[2023-05-12T16:31:58.746+0000] {logging_mixin.py:149} INFO - [2023-05-12T16:31:58.746+0000] {dagbag.py:541} INFO - Filling up the DagBag from /opt/airflow/dags/atividade_aula_4.py
[2023-05-12T16:31:58.797+0000] {processor.py:809} INFO - DAG(s) dict_keys(['atividade_aula_4']) retrieved from /opt/airflow/dags/atividade_aula_4.py
[2023-05-12T16:31:58.847+0000] {logging_mixin.py:149} INFO - [2023-05-12T16:31:58.847+0000] {dag.py:2726} INFO - Sync 1 DAGs
[2023-05-12T16:31:58.958+0000] {logging_mixin.py:149} INFO - [2023-05-12T16:31:58.958+0000] {dag.py:3490} INFO - Setting next_dagrun for atividade_aula_4 to 2023-05-11T00:00:00+00:00, run_after=2023-05-12T00:00:00+00:00
[2023-05-12T16:31:59.401+0000] {processor.py:178} INFO - Processing /opt/airflow/dags/atividade_aula_4.py took 0.666 seconds
[2023-05-12T16:32:30.461+0000] {processor.py:156} INFO - Started process (PID=693) to work on /opt/airflow/dags/atividade_aula_4.py
[2023-05-12T16:32:30.463+0000] {processor.py:799} INFO - Processing file /opt/airflow/dags/atividade_aula_4.py for tasks to queue
[2023-05-12T16:32:30.467+0000] {logging_mixin.py:149} INFO - [2023-05-12T16:32:30.467+0000] {dagbag.py:541} INFO - Filling up the DagBag from /opt/airflow/dags/atividade_aula_4.py
[2023-05-12T16:32:30.513+0000] {processor.py:809} INFO - DAG(s) dict_keys(['atividade_aula_4']) retrieved from /opt/airflow/dags/atividade_aula_4.py
[2023-05-12T16:32:30.592+0000] {logging_mixin.py:149} INFO - [2023-05-12T16:32:30.585+0000] {dag.py:2726} INFO - Sync 1 DAGs
[2023-05-12T16:32:30.654+0000] {logging_mixin.py:149} INFO - [2023-05-12T16:32:30.654+0000] {dag.py:3490} INFO - Setting next_dagrun for atividade_aula_4 to 2023-05-11T00:00:00+00:00, run_after=2023-05-12T00:00:00+00:00
[2023-05-12T16:32:30.874+0000] {processor.py:178} INFO - Processing /opt/airflow/dags/atividade_aula_4.py took 0.418 seconds
[2023-05-12T16:33:02.333+0000] {processor.py:156} INFO - Started process (PID=755) to work on /opt/airflow/dags/atividade_aula_4.py
[2023-05-12T16:33:02.335+0000] {processor.py:799} INFO - Processing file /opt/airflow/dags/atividade_aula_4.py for tasks to queue
[2023-05-12T16:33:02.337+0000] {logging_mixin.py:149} INFO - [2023-05-12T16:33:02.337+0000] {dagbag.py:541} INFO - Filling up the DagBag from /opt/airflow/dags/atividade_aula_4.py
[2023-05-12T16:33:02.528+0000] {processor.py:809} INFO - DAG(s) dict_keys(['atividade_aula_4']) retrieved from /opt/airflow/dags/atividade_aula_4.py
[2023-05-12T16:33:02.660+0000] {logging_mixin.py:149} INFO - [2023-05-12T16:33:02.659+0000] {dag.py:2726} INFO - Sync 1 DAGs
[2023-05-12T16:33:02.802+0000] {logging_mixin.py:149} INFO - [2023-05-12T16:33:02.800+0000] {dag.py:3490} INFO - Setting next_dagrun for atividade_aula_4 to 2023-05-11T00:00:00+00:00, run_after=2023-05-12T00:00:00+00:00
[2023-05-12T16:33:03.115+0000] {processor.py:178} INFO - Processing /opt/airflow/dags/atividade_aula_4.py took 0.791 seconds
[2023-05-12T16:33:33.369+0000] {processor.py:156} INFO - Started process (PID=817) to work on /opt/airflow/dags/atividade_aula_4.py
[2023-05-12T16:33:33.372+0000] {processor.py:799} INFO - Processing file /opt/airflow/dags/atividade_aula_4.py for tasks to queue
[2023-05-12T16:33:33.374+0000] {logging_mixin.py:149} INFO - [2023-05-12T16:33:33.374+0000] {dagbag.py:541} INFO - Filling up the DagBag from /opt/airflow/dags/atividade_aula_4.py
[2023-05-12T16:33:33.434+0000] {processor.py:809} INFO - DAG(s) dict_keys(['atividade_aula_4']) retrieved from /opt/airflow/dags/atividade_aula_4.py
[2023-05-12T16:33:33.498+0000] {logging_mixin.py:149} INFO - [2023-05-12T16:33:33.497+0000] {dag.py:2726} INFO - Sync 1 DAGs
[2023-05-12T16:33:33.594+0000] {logging_mixin.py:149} INFO - [2023-05-12T16:33:33.593+0000] {dag.py:3490} INFO - Setting next_dagrun for atividade_aula_4 to 2023-05-11T00:00:00+00:00, run_after=2023-05-12T00:00:00+00:00
[2023-05-12T16:33:33.770+0000] {processor.py:178} INFO - Processing /opt/airflow/dags/atividade_aula_4.py took 0.409 seconds
[2023-05-12T16:34:04.009+0000] {processor.py:156} INFO - Started process (PID=875) to work on /opt/airflow/dags/atividade_aula_4.py
[2023-05-12T16:34:04.014+0000] {processor.py:799} INFO - Processing file /opt/airflow/dags/atividade_aula_4.py for tasks to queue
[2023-05-12T16:34:04.017+0000] {logging_mixin.py:149} INFO - [2023-05-12T16:34:04.017+0000] {dagbag.py:541} INFO - Filling up the DagBag from /opt/airflow/dags/atividade_aula_4.py
[2023-05-12T16:34:04.100+0000] {processor.py:809} INFO - DAG(s) dict_keys(['atividade_aula_4']) retrieved from /opt/airflow/dags/atividade_aula_4.py
[2023-05-12T16:34:04.155+0000] {logging_mixin.py:149} INFO - [2023-05-12T16:34:04.154+0000] {dag.py:2726} INFO - Sync 1 DAGs
[2023-05-12T16:34:04.236+0000] {logging_mixin.py:149} INFO - [2023-05-12T16:34:04.236+0000] {dag.py:3490} INFO - Setting next_dagrun for atividade_aula_4 to 2023-05-11T00:00:00+00:00, run_after=2023-05-12T00:00:00+00:00
[2023-05-12T16:34:04.378+0000] {processor.py:178} INFO - Processing /opt/airflow/dags/atividade_aula_4.py took 0.380 seconds
[2023-05-12T16:34:34.651+0000] {processor.py:156} INFO - Started process (PID=938) to work on /opt/airflow/dags/atividade_aula_4.py
[2023-05-12T16:34:34.653+0000] {processor.py:799} INFO - Processing file /opt/airflow/dags/atividade_aula_4.py for tasks to queue
[2023-05-12T16:34:34.655+0000] {logging_mixin.py:149} INFO - [2023-05-12T16:34:34.655+0000] {dagbag.py:541} INFO - Filling up the DagBag from /opt/airflow/dags/atividade_aula_4.py
[2023-05-12T16:34:34.707+0000] {processor.py:809} INFO - DAG(s) dict_keys(['atividade_aula_4']) retrieved from /opt/airflow/dags/atividade_aula_4.py
[2023-05-12T16:34:34.750+0000] {logging_mixin.py:149} INFO - [2023-05-12T16:34:34.750+0000] {dag.py:2726} INFO - Sync 1 DAGs
[2023-05-12T16:34:34.802+0000] {logging_mixin.py:149} INFO - [2023-05-12T16:34:34.802+0000] {dag.py:3490} INFO - Setting next_dagrun for atividade_aula_4 to 2023-05-11T00:00:00+00:00, run_after=2023-05-12T00:00:00+00:00
[2023-05-12T16:34:35.235+0000] {processor.py:178} INFO - Processing /opt/airflow/dags/atividade_aula_4.py took 0.589 seconds
[2023-05-12T16:35:05.818+0000] {processor.py:156} INFO - Started process (PID=1001) to work on /opt/airflow/dags/atividade_aula_4.py
[2023-05-12T16:35:05.835+0000] {processor.py:799} INFO - Processing file /opt/airflow/dags/atividade_aula_4.py for tasks to queue
[2023-05-12T16:35:05.838+0000] {logging_mixin.py:149} INFO - [2023-05-12T16:35:05.837+0000] {dagbag.py:541} INFO - Filling up the DagBag from /opt/airflow/dags/atividade_aula_4.py
[2023-05-12T16:35:05.921+0000] {processor.py:809} INFO - DAG(s) dict_keys(['atividade_aula_4']) retrieved from /opt/airflow/dags/atividade_aula_4.py
[2023-05-12T16:35:06.003+0000] {logging_mixin.py:149} INFO - [2023-05-12T16:35:06.002+0000] {dag.py:2726} INFO - Sync 1 DAGs
[2023-05-12T16:35:06.125+0000] {logging_mixin.py:149} INFO - [2023-05-12T16:35:06.124+0000] {dag.py:3490} INFO - Setting next_dagrun for atividade_aula_4 to 2023-05-11T00:00:00+00:00, run_after=2023-05-12T00:00:00+00:00
[2023-05-12T16:35:06.309+0000] {processor.py:178} INFO - Processing /opt/airflow/dags/atividade_aula_4.py took 0.502 seconds
[2023-05-12T16:35:36.465+0000] {processor.py:156} INFO - Started process (PID=1064) to work on /opt/airflow/dags/atividade_aula_4.py
[2023-05-12T16:35:36.468+0000] {processor.py:799} INFO - Processing file /opt/airflow/dags/atividade_aula_4.py for tasks to queue
[2023-05-12T16:35:36.473+0000] {logging_mixin.py:149} INFO - [2023-05-12T16:35:36.473+0000] {dagbag.py:541} INFO - Filling up the DagBag from /opt/airflow/dags/atividade_aula_4.py
[2023-05-12T16:35:36.564+0000] {processor.py:809} INFO - DAG(s) dict_keys(['atividade_aula_4']) retrieved from /opt/airflow/dags/atividade_aula_4.py
[2023-05-12T16:35:36.632+0000] {logging_mixin.py:149} INFO - [2023-05-12T16:35:36.631+0000] {dag.py:2726} INFO - Sync 1 DAGs
[2023-05-12T16:35:36.726+0000] {logging_mixin.py:149} INFO - [2023-05-12T16:35:36.726+0000] {dag.py:3490} INFO - Setting next_dagrun for atividade_aula_4 to 2023-05-11T00:00:00+00:00, run_after=2023-05-12T00:00:00+00:00
[2023-05-12T16:35:36.917+0000] {processor.py:178} INFO - Processing /opt/airflow/dags/atividade_aula_4.py took 0.464 seconds
[2023-05-12T16:36:09.478+0000] {processor.py:156} INFO - Started process (PID=1126) to work on /opt/airflow/dags/atividade_aula_4.py
[2023-05-12T16:36:09.480+0000] {processor.py:799} INFO - Processing file /opt/airflow/dags/atividade_aula_4.py for tasks to queue
[2023-05-12T16:36:09.482+0000] {logging_mixin.py:149} INFO - [2023-05-12T16:36:09.482+0000] {dagbag.py:541} INFO - Filling up the DagBag from /opt/airflow/dags/atividade_aula_4.py
[2023-05-12T16:36:09.552+0000] {processor.py:809} INFO - DAG(s) dict_keys(['atividade_aula_4']) retrieved from /opt/airflow/dags/atividade_aula_4.py
[2023-05-12T16:36:09.647+0000] {logging_mixin.py:149} INFO - [2023-05-12T16:36:09.646+0000] {dag.py:2726} INFO - Sync 1 DAGs
[2023-05-12T16:36:09.747+0000] {logging_mixin.py:149} INFO - [2023-05-12T16:36:09.747+0000] {dag.py:3490} INFO - Setting next_dagrun for atividade_aula_4 to 2023-05-11T00:00:00+00:00, run_after=2023-05-12T00:00:00+00:00
[2023-05-12T16:36:10.653+0000] {processor.py:178} INFO - Processing /opt/airflow/dags/atividade_aula_4.py took 1.181 seconds
[2023-05-12T16:36:41.911+0000] {processor.py:156} INFO - Started process (PID=1179) to work on /opt/airflow/dags/atividade_aula_4.py
[2023-05-12T16:36:41.917+0000] {processor.py:799} INFO - Processing file /opt/airflow/dags/atividade_aula_4.py for tasks to queue
[2023-05-12T16:36:41.919+0000] {logging_mixin.py:149} INFO - [2023-05-12T16:36:41.919+0000] {dagbag.py:541} INFO - Filling up the DagBag from /opt/airflow/dags/atividade_aula_4.py
[2023-05-12T16:36:42.053+0000] {processor.py:809} INFO - DAG(s) dict_keys(['atividade_aula_4']) retrieved from /opt/airflow/dags/atividade_aula_4.py
[2023-05-12T16:36:42.113+0000] {logging_mixin.py:149} INFO - [2023-05-12T16:36:42.113+0000] {dag.py:2726} INFO - Sync 1 DAGs
[2023-05-12T16:36:42.234+0000] {logging_mixin.py:149} INFO - [2023-05-12T16:36:42.233+0000] {dag.py:3490} INFO - Setting next_dagrun for atividade_aula_4 to 2023-05-11T00:00:00+00:00, run_after=2023-05-12T00:00:00+00:00
[2023-05-12T16:36:42.677+0000] {processor.py:178} INFO - Processing /opt/airflow/dags/atividade_aula_4.py took 0.776 seconds
[2023-05-12T16:37:15.426+0000] {processor.py:156} INFO - Started process (PID=1240) to work on /opt/airflow/dags/atividade_aula_4.py
[2023-05-12T16:37:15.429+0000] {processor.py:799} INFO - Processing file /opt/airflow/dags/atividade_aula_4.py for tasks to queue
[2023-05-12T16:37:15.432+0000] {logging_mixin.py:149} INFO - [2023-05-12T16:37:15.432+0000] {dagbag.py:541} INFO - Filling up the DagBag from /opt/airflow/dags/atividade_aula_4.py
[2023-05-12T16:37:15.504+0000] {processor.py:809} INFO - DAG(s) dict_keys(['atividade_aula_4']) retrieved from /opt/airflow/dags/atividade_aula_4.py
[2023-05-12T16:37:15.581+0000] {logging_mixin.py:149} INFO - [2023-05-12T16:37:15.581+0000] {dag.py:2726} INFO - Sync 1 DAGs
[2023-05-12T16:37:15.693+0000] {logging_mixin.py:149} INFO - [2023-05-12T16:37:15.692+0000] {dag.py:3490} INFO - Setting next_dagrun for atividade_aula_4 to 2023-05-11T00:00:00+00:00, run_after=2023-05-12T00:00:00+00:00
[2023-05-12T16:37:16.595+0000] {processor.py:178} INFO - Processing /opt/airflow/dags/atividade_aula_4.py took 1.176 seconds
[2023-05-12T16:37:46.925+0000] {processor.py:156} INFO - Started process (PID=1302) to work on /opt/airflow/dags/atividade_aula_4.py
[2023-05-12T16:37:46.931+0000] {processor.py:799} INFO - Processing file /opt/airflow/dags/atividade_aula_4.py for tasks to queue
[2023-05-12T16:37:46.934+0000] {logging_mixin.py:149} INFO - [2023-05-12T16:37:46.934+0000] {dagbag.py:541} INFO - Filling up the DagBag from /opt/airflow/dags/atividade_aula_4.py
[2023-05-12T16:37:47.036+0000] {processor.py:809} INFO - DAG(s) dict_keys(['atividade_aula_4']) retrieved from /opt/airflow/dags/atividade_aula_4.py
[2023-05-12T16:37:47.163+0000] {logging_mixin.py:149} INFO - [2023-05-12T16:37:47.162+0000] {dag.py:2726} INFO - Sync 1 DAGs
[2023-05-12T16:37:47.353+0000] {logging_mixin.py:149} INFO - [2023-05-12T16:37:47.352+0000] {dag.py:3490} INFO - Setting next_dagrun for atividade_aula_4 to 2023-05-11T00:00:00+00:00, run_after=2023-05-12T00:00:00+00:00
[2023-05-12T16:37:47.709+0000] {processor.py:178} INFO - Processing /opt/airflow/dags/atividade_aula_4.py took 0.799 seconds
[2023-05-12T16:38:17.876+0000] {processor.py:156} INFO - Started process (PID=1365) to work on /opt/airflow/dags/atividade_aula_4.py
[2023-05-12T16:38:17.879+0000] {processor.py:799} INFO - Processing file /opt/airflow/dags/atividade_aula_4.py for tasks to queue
[2023-05-12T16:38:17.881+0000] {logging_mixin.py:149} INFO - [2023-05-12T16:38:17.881+0000] {dagbag.py:541} INFO - Filling up the DagBag from /opt/airflow/dags/atividade_aula_4.py
[2023-05-12T16:38:17.931+0000] {processor.py:809} INFO - DAG(s) dict_keys(['atividade_aula_4']) retrieved from /opt/airflow/dags/atividade_aula_4.py
[2023-05-12T16:38:17.997+0000] {logging_mixin.py:149} INFO - [2023-05-12T16:38:17.997+0000] {dag.py:2726} INFO - Sync 1 DAGs
[2023-05-12T16:38:18.080+0000] {logging_mixin.py:149} INFO - [2023-05-12T16:38:18.079+0000] {dag.py:3490} INFO - Setting next_dagrun for atividade_aula_4 to 2023-05-11T00:00:00+00:00, run_after=2023-05-12T00:00:00+00:00
[2023-05-12T16:38:18.317+0000] {processor.py:178} INFO - Processing /opt/airflow/dags/atividade_aula_4.py took 0.447 seconds
[2023-05-12T16:38:53.342+0000] {processor.py:156} INFO - Started process (PID=1413) to work on /opt/airflow/dags/atividade_aula_4.py
[2023-05-12T16:38:53.344+0000] {processor.py:799} INFO - Processing file /opt/airflow/dags/atividade_aula_4.py for tasks to queue
[2023-05-12T16:38:53.347+0000] {logging_mixin.py:149} INFO - [2023-05-12T16:38:53.347+0000] {dagbag.py:541} INFO - Filling up the DagBag from /opt/airflow/dags/atividade_aula_4.py
[2023-05-12T16:38:53.404+0000] {processor.py:809} INFO - DAG(s) dict_keys(['atividade_aula_4']) retrieved from /opt/airflow/dags/atividade_aula_4.py
[2023-05-12T16:38:53.456+0000] {logging_mixin.py:149} INFO - [2023-05-12T16:38:53.456+0000] {dag.py:2726} INFO - Sync 1 DAGs
[2023-05-12T16:38:53.517+0000] {logging_mixin.py:149} INFO - [2023-05-12T16:38:53.517+0000] {dag.py:3490} INFO - Setting next_dagrun for atividade_aula_4 to 2023-05-11T00:00:00+00:00, run_after=2023-05-12T00:00:00+00:00
[2023-05-12T16:38:53.868+0000] {processor.py:178} INFO - Processing /opt/airflow/dags/atividade_aula_4.py took 0.533 seconds
[2023-05-12T16:39:26.007+0000] {processor.py:156} INFO - Started process (PID=1477) to work on /opt/airflow/dags/atividade_aula_4.py
[2023-05-12T16:39:26.010+0000] {processor.py:799} INFO - Processing file /opt/airflow/dags/atividade_aula_4.py for tasks to queue
[2023-05-12T16:39:26.012+0000] {logging_mixin.py:149} INFO - [2023-05-12T16:39:26.012+0000] {dagbag.py:541} INFO - Filling up the DagBag from /opt/airflow/dags/atividade_aula_4.py
[2023-05-12T16:39:26.072+0000] {processor.py:809} INFO - DAG(s) dict_keys(['atividade_aula_4']) retrieved from /opt/airflow/dags/atividade_aula_4.py
[2023-05-12T16:39:26.114+0000] {logging_mixin.py:149} INFO - [2023-05-12T16:39:26.114+0000] {dag.py:2726} INFO - Sync 1 DAGs
[2023-05-12T16:39:26.175+0000] {logging_mixin.py:149} INFO - [2023-05-12T16:39:26.175+0000] {dag.py:3490} INFO - Setting next_dagrun for atividade_aula_4 to 2023-05-11T00:00:00+00:00, run_after=2023-05-12T00:00:00+00:00
[2023-05-12T16:39:26.455+0000] {processor.py:178} INFO - Processing /opt/airflow/dags/atividade_aula_4.py took 0.456 seconds
[2023-05-12T16:39:56.603+0000] {processor.py:156} INFO - Started process (PID=1531) to work on /opt/airflow/dags/atividade_aula_4.py
[2023-05-12T16:39:56.606+0000] {processor.py:799} INFO - Processing file /opt/airflow/dags/atividade_aula_4.py for tasks to queue
[2023-05-12T16:39:56.612+0000] {logging_mixin.py:149} INFO - [2023-05-12T16:39:56.611+0000] {dagbag.py:541} INFO - Filling up the DagBag from /opt/airflow/dags/atividade_aula_4.py
[2023-05-12T16:39:56.684+0000] {processor.py:809} INFO - DAG(s) dict_keys(['atividade_aula_4']) retrieved from /opt/airflow/dags/atividade_aula_4.py
[2023-05-12T16:39:56.780+0000] {logging_mixin.py:149} INFO - [2023-05-12T16:39:56.775+0000] {dag.py:2726} INFO - Sync 1 DAGs
[2023-05-12T16:39:56.907+0000] {logging_mixin.py:149} INFO - [2023-05-12T16:39:56.905+0000] {dag.py:3490} INFO - Setting next_dagrun for atividade_aula_4 to 2023-05-11T00:00:00+00:00, run_after=2023-05-12T00:00:00+00:00
[2023-05-12T16:39:57.042+0000] {processor.py:178} INFO - Processing /opt/airflow/dags/atividade_aula_4.py took 0.452 seconds
[2023-05-12T16:40:27.325+0000] {processor.py:156} INFO - Started process (PID=1593) to work on /opt/airflow/dags/atividade_aula_4.py
[2023-05-12T16:40:27.329+0000] {processor.py:799} INFO - Processing file /opt/airflow/dags/atividade_aula_4.py for tasks to queue
[2023-05-12T16:40:27.332+0000] {logging_mixin.py:149} INFO - [2023-05-12T16:40:27.331+0000] {dagbag.py:541} INFO - Filling up the DagBag from /opt/airflow/dags/atividade_aula_4.py
[2023-05-12T16:40:27.405+0000] {processor.py:809} INFO - DAG(s) dict_keys(['atividade_aula_4']) retrieved from /opt/airflow/dags/atividade_aula_4.py
[2023-05-12T16:40:27.463+0000] {logging_mixin.py:149} INFO - [2023-05-12T16:40:27.463+0000] {dag.py:2726} INFO - Sync 1 DAGs
[2023-05-12T16:40:27.549+0000] {logging_mixin.py:149} INFO - [2023-05-12T16:40:27.548+0000] {dag.py:3490} INFO - Setting next_dagrun for atividade_aula_4 to 2023-05-11T00:00:00+00:00, run_after=2023-05-12T00:00:00+00:00
[2023-05-12T16:40:27.705+0000] {processor.py:178} INFO - Processing /opt/airflow/dags/atividade_aula_4.py took 0.388 seconds
[2023-05-12T16:40:57.774+0000] {processor.py:156} INFO - Started process (PID=1657) to work on /opt/airflow/dags/atividade_aula_4.py
[2023-05-12T16:40:57.776+0000] {processor.py:799} INFO - Processing file /opt/airflow/dags/atividade_aula_4.py for tasks to queue
[2023-05-12T16:40:57.777+0000] {logging_mixin.py:149} INFO - [2023-05-12T16:40:57.777+0000] {dagbag.py:541} INFO - Filling up the DagBag from /opt/airflow/dags/atividade_aula_4.py
[2023-05-12T16:40:57.820+0000] {processor.py:809} INFO - DAG(s) dict_keys(['atividade_aula_4']) retrieved from /opt/airflow/dags/atividade_aula_4.py
[2023-05-12T16:40:57.867+0000] {logging_mixin.py:149} INFO - [2023-05-12T16:40:57.866+0000] {dag.py:2726} INFO - Sync 1 DAGs
[2023-05-12T16:40:57.922+0000] {logging_mixin.py:149} INFO - [2023-05-12T16:40:57.921+0000] {dag.py:3490} INFO - Setting next_dagrun for atividade_aula_4 to 2023-05-11T00:00:00+00:00, run_after=2023-05-12T00:00:00+00:00
[2023-05-12T16:40:58.090+0000] {processor.py:178} INFO - Processing /opt/airflow/dags/atividade_aula_4.py took 0.322 seconds
[2023-05-12T16:41:28.256+0000] {processor.py:156} INFO - Started process (PID=1720) to work on /opt/airflow/dags/atividade_aula_4.py
[2023-05-12T16:41:28.258+0000] {processor.py:799} INFO - Processing file /opt/airflow/dags/atividade_aula_4.py for tasks to queue
[2023-05-12T16:41:28.260+0000] {logging_mixin.py:149} INFO - [2023-05-12T16:41:28.260+0000] {dagbag.py:541} INFO - Filling up the DagBag from /opt/airflow/dags/atividade_aula_4.py
[2023-05-12T16:41:28.320+0000] {processor.py:809} INFO - DAG(s) dict_keys(['atividade_aula_4']) retrieved from /opt/airflow/dags/atividade_aula_4.py
[2023-05-12T16:41:28.374+0000] {logging_mixin.py:149} INFO - [2023-05-12T16:41:28.373+0000] {dag.py:2726} INFO - Sync 1 DAGs
[2023-05-12T16:41:28.457+0000] {logging_mixin.py:149} INFO - [2023-05-12T16:41:28.455+0000] {dag.py:3490} INFO - Setting next_dagrun for atividade_aula_4 to 2023-05-11T00:00:00+00:00, run_after=2023-05-12T00:00:00+00:00
[2023-05-12T16:41:28.699+0000] {processor.py:178} INFO - Processing /opt/airflow/dags/atividade_aula_4.py took 0.449 seconds
[2023-05-12T16:42:00.076+0000] {processor.py:156} INFO - Started process (PID=1783) to work on /opt/airflow/dags/atividade_aula_4.py
[2023-05-12T16:42:00.080+0000] {processor.py:799} INFO - Processing file /opt/airflow/dags/atividade_aula_4.py for tasks to queue
[2023-05-12T16:42:00.084+0000] {logging_mixin.py:149} INFO - [2023-05-12T16:42:00.083+0000] {dagbag.py:541} INFO - Filling up the DagBag from /opt/airflow/dags/atividade_aula_4.py
[2023-05-12T16:42:00.188+0000] {processor.py:809} INFO - DAG(s) dict_keys(['atividade_aula_4']) retrieved from /opt/airflow/dags/atividade_aula_4.py
[2023-05-12T16:42:00.344+0000] {logging_mixin.py:149} INFO - [2023-05-12T16:42:00.344+0000] {dag.py:2726} INFO - Sync 1 DAGs
[2023-05-12T16:42:00.519+0000] {logging_mixin.py:149} INFO - [2023-05-12T16:42:00.519+0000] {dag.py:3490} INFO - Setting next_dagrun for atividade_aula_4 to 2023-05-11T00:00:00+00:00, run_after=2023-05-12T00:00:00+00:00
[2023-05-12T16:42:01.404+0000] {processor.py:178} INFO - Processing /opt/airflow/dags/atividade_aula_4.py took 1.344 seconds
[2023-05-12T16:42:31.922+0000] {processor.py:156} INFO - Started process (PID=1845) to work on /opt/airflow/dags/atividade_aula_4.py
[2023-05-12T16:42:31.925+0000] {processor.py:799} INFO - Processing file /opt/airflow/dags/atividade_aula_4.py for tasks to queue
[2023-05-12T16:42:31.929+0000] {logging_mixin.py:149} INFO - [2023-05-12T16:42:31.928+0000] {dagbag.py:541} INFO - Filling up the DagBag from /opt/airflow/dags/atividade_aula_4.py
[2023-05-12T16:42:32.008+0000] {processor.py:809} INFO - DAG(s) dict_keys(['atividade_aula_4']) retrieved from /opt/airflow/dags/atividade_aula_4.py
[2023-05-12T16:42:32.068+0000] {logging_mixin.py:149} INFO - [2023-05-12T16:42:32.067+0000] {dag.py:2726} INFO - Sync 1 DAGs
[2023-05-12T16:42:32.155+0000] {logging_mixin.py:149} INFO - [2023-05-12T16:42:32.155+0000] {dag.py:3490} INFO - Setting next_dagrun for atividade_aula_4 to 2023-05-11T00:00:00+00:00, run_after=2023-05-12T00:00:00+00:00
[2023-05-12T16:42:32.334+0000] {processor.py:178} INFO - Processing /opt/airflow/dags/atividade_aula_4.py took 0.428 seconds
[2023-05-12T16:43:02.444+0000] {processor.py:156} INFO - Started process (PID=1907) to work on /opt/airflow/dags/atividade_aula_4.py
[2023-05-12T16:43:02.446+0000] {processor.py:799} INFO - Processing file /opt/airflow/dags/atividade_aula_4.py for tasks to queue
[2023-05-12T16:43:02.449+0000] {logging_mixin.py:149} INFO - [2023-05-12T16:43:02.448+0000] {dagbag.py:541} INFO - Filling up the DagBag from /opt/airflow/dags/atividade_aula_4.py
[2023-05-12T16:43:02.510+0000] {processor.py:809} INFO - DAG(s) dict_keys(['atividade_aula_4']) retrieved from /opt/airflow/dags/atividade_aula_4.py
[2023-05-12T16:43:02.572+0000] {logging_mixin.py:149} INFO - [2023-05-12T16:43:02.572+0000] {dag.py:2726} INFO - Sync 1 DAGs
[2023-05-12T16:43:02.655+0000] {logging_mixin.py:149} INFO - [2023-05-12T16:43:02.654+0000] {dag.py:3490} INFO - Setting next_dagrun for atividade_aula_4 to 2023-05-11T00:00:00+00:00, run_after=2023-05-12T00:00:00+00:00
[2023-05-12T16:43:02.946+0000] {processor.py:178} INFO - Processing /opt/airflow/dags/atividade_aula_4.py took 0.517 seconds
[2023-05-12T16:43:46.751+0000] {processor.py:156} INFO - Started process (PID=1966) to work on /opt/airflow/dags/atividade_aula_4.py
[2023-05-12T16:43:46.753+0000] {processor.py:799} INFO - Processing file /opt/airflow/dags/atividade_aula_4.py for tasks to queue
[2023-05-12T16:43:46.755+0000] {logging_mixin.py:149} INFO - [2023-05-12T16:43:46.755+0000] {dagbag.py:541} INFO - Filling up the DagBag from /opt/airflow/dags/atividade_aula_4.py
[2023-05-12T16:43:46.814+0000] {processor.py:809} INFO - DAG(s) dict_keys(['atividade_aula_4']) retrieved from /opt/airflow/dags/atividade_aula_4.py
[2023-05-12T16:43:46.863+0000] {logging_mixin.py:149} INFO - [2023-05-12T16:43:46.863+0000] {dag.py:2726} INFO - Sync 1 DAGs
[2023-05-12T16:43:46.915+0000] {logging_mixin.py:149} INFO - [2023-05-12T16:43:46.915+0000] {dag.py:3490} INFO - Setting next_dagrun for atividade_aula_4 to 2023-05-11T00:00:00+00:00, run_after=2023-05-12T00:00:00+00:00
[2023-05-12T16:43:47.241+0000] {processor.py:178} INFO - Processing /opt/airflow/dags/atividade_aula_4.py took 0.495 seconds
[2023-05-12T16:44:18.827+0000] {processor.py:156} INFO - Started process (PID=2029) to work on /opt/airflow/dags/atividade_aula_4.py
[2023-05-12T16:44:18.829+0000] {processor.py:799} INFO - Processing file /opt/airflow/dags/atividade_aula_4.py for tasks to queue
[2023-05-12T16:44:18.832+0000] {logging_mixin.py:149} INFO - [2023-05-12T16:44:18.832+0000] {dagbag.py:541} INFO - Filling up the DagBag from /opt/airflow/dags/atividade_aula_4.py
[2023-05-12T16:44:18.894+0000] {processor.py:809} INFO - DAG(s) dict_keys(['atividade_aula_4']) retrieved from /opt/airflow/dags/atividade_aula_4.py
[2023-05-12T16:44:18.973+0000] {logging_mixin.py:149} INFO - [2023-05-12T16:44:18.972+0000] {dag.py:2726} INFO - Sync 1 DAGs
[2023-05-12T16:44:19.060+0000] {logging_mixin.py:149} INFO - [2023-05-12T16:44:19.060+0000] {dag.py:3490} INFO - Setting next_dagrun for atividade_aula_4 to 2023-05-11T00:00:00+00:00, run_after=2023-05-12T00:00:00+00:00
[2023-05-12T16:44:19.379+0000] {processor.py:178} INFO - Processing /opt/airflow/dags/atividade_aula_4.py took 0.560 seconds
[2023-05-12T16:44:55.357+0000] {processor.py:156} INFO - Started process (PID=2059) to work on /opt/airflow/dags/atividade_aula_4.py
[2023-05-12T16:44:55.360+0000] {processor.py:799} INFO - Processing file /opt/airflow/dags/atividade_aula_4.py for tasks to queue
[2023-05-12T16:44:55.364+0000] {logging_mixin.py:149} INFO - [2023-05-12T16:44:55.363+0000] {dagbag.py:541} INFO - Filling up the DagBag from /opt/airflow/dags/atividade_aula_4.py
[2023-05-12T16:44:55.448+0000] {processor.py:809} INFO - DAG(s) dict_keys(['atividade_aula_4']) retrieved from /opt/airflow/dags/atividade_aula_4.py
[2023-05-12T16:44:55.586+0000] {logging_mixin.py:149} INFO - [2023-05-12T16:44:55.586+0000] {dag.py:2726} INFO - Sync 1 DAGs
[2023-05-12T16:44:55.758+0000] {logging_mixin.py:149} INFO - [2023-05-12T16:44:55.757+0000] {dag.py:3490} INFO - Setting next_dagrun for atividade_aula_4 to 2023-05-11T00:00:00+00:00, run_after=2023-05-12T00:00:00+00:00
[2023-05-12T16:44:55.891+0000] {processor.py:178} INFO - Processing /opt/airflow/dags/atividade_aula_4.py took 0.543 seconds
[2023-05-12T16:45:29.551+0000] {processor.py:156} INFO - Started process (PID=2121) to work on /opt/airflow/dags/atividade_aula_4.py
[2023-05-12T16:45:29.553+0000] {processor.py:799} INFO - Processing file /opt/airflow/dags/atividade_aula_4.py for tasks to queue
[2023-05-12T16:45:29.557+0000] {logging_mixin.py:149} INFO - [2023-05-12T16:45:29.556+0000] {dagbag.py:541} INFO - Filling up the DagBag from /opt/airflow/dags/atividade_aula_4.py
[2023-05-12T16:45:29.620+0000] {processor.py:809} INFO - DAG(s) dict_keys(['atividade_aula_4']) retrieved from /opt/airflow/dags/atividade_aula_4.py
[2023-05-12T16:45:29.661+0000] {logging_mixin.py:149} INFO - [2023-05-12T16:45:29.661+0000] {dag.py:2726} INFO - Sync 1 DAGs
[2023-05-12T16:45:29.712+0000] {logging_mixin.py:149} INFO - [2023-05-12T16:45:29.712+0000] {dag.py:3490} INFO - Setting next_dagrun for atividade_aula_4 to 2023-05-11T00:00:00+00:00, run_after=2023-05-12T00:00:00+00:00
[2023-05-12T16:45:30.043+0000] {processor.py:178} INFO - Processing /opt/airflow/dags/atividade_aula_4.py took 0.500 seconds
[2023-05-12T16:46:01.525+0000] {processor.py:156} INFO - Started process (PID=2183) to work on /opt/airflow/dags/atividade_aula_4.py
[2023-05-12T16:46:01.527+0000] {processor.py:799} INFO - Processing file /opt/airflow/dags/atividade_aula_4.py for tasks to queue
[2023-05-12T16:46:01.530+0000] {logging_mixin.py:149} INFO - [2023-05-12T16:46:01.530+0000] {dagbag.py:541} INFO - Filling up the DagBag from /opt/airflow/dags/atividade_aula_4.py
[2023-05-12T16:46:01.590+0000] {processor.py:809} INFO - DAG(s) dict_keys(['atividade_aula_4']) retrieved from /opt/airflow/dags/atividade_aula_4.py
[2023-05-12T16:46:01.631+0000] {logging_mixin.py:149} INFO - [2023-05-12T16:46:01.631+0000] {dag.py:2726} INFO - Sync 1 DAGs
[2023-05-12T16:46:01.681+0000] {logging_mixin.py:149} INFO - [2023-05-12T16:46:01.681+0000] {dag.py:3490} INFO - Setting next_dagrun for atividade_aula_4 to 2023-05-11T00:00:00+00:00, run_after=2023-05-12T00:00:00+00:00
[2023-05-12T16:46:02.089+0000] {processor.py:178} INFO - Processing /opt/airflow/dags/atividade_aula_4.py took 0.577 seconds
[2023-05-12T16:46:33.123+0000] {processor.py:156} INFO - Started process (PID=2246) to work on /opt/airflow/dags/atividade_aula_4.py
[2023-05-12T16:46:33.126+0000] {processor.py:799} INFO - Processing file /opt/airflow/dags/atividade_aula_4.py for tasks to queue
[2023-05-12T16:46:33.128+0000] {logging_mixin.py:149} INFO - [2023-05-12T16:46:33.128+0000] {dagbag.py:541} INFO - Filling up the DagBag from /opt/airflow/dags/atividade_aula_4.py
[2023-05-12T16:46:33.187+0000] {processor.py:809} INFO - DAG(s) dict_keys(['atividade_aula_4']) retrieved from /opt/airflow/dags/atividade_aula_4.py
[2023-05-12T16:46:33.248+0000] {logging_mixin.py:149} INFO - [2023-05-12T16:46:33.248+0000] {dag.py:2726} INFO - Sync 1 DAGs
[2023-05-12T16:46:33.335+0000] {logging_mixin.py:149} INFO - [2023-05-12T16:46:33.335+0000] {dag.py:3490} INFO - Setting next_dagrun for atividade_aula_4 to 2023-05-11T00:00:00+00:00, run_after=2023-05-12T00:00:00+00:00
[2023-05-12T16:46:33.488+0000] {processor.py:178} INFO - Processing /opt/airflow/dags/atividade_aula_4.py took 0.373 seconds
[2023-05-12T16:47:04.211+0000] {processor.py:156} INFO - Started process (PID=2308) to work on /opt/airflow/dags/atividade_aula_4.py
[2023-05-12T16:47:04.217+0000] {processor.py:799} INFO - Processing file /opt/airflow/dags/atividade_aula_4.py for tasks to queue
[2023-05-12T16:47:04.220+0000] {logging_mixin.py:149} INFO - [2023-05-12T16:47:04.220+0000] {dagbag.py:541} INFO - Filling up the DagBag from /opt/airflow/dags/atividade_aula_4.py
[2023-05-12T16:47:04.342+0000] {processor.py:809} INFO - DAG(s) dict_keys(['atividade_aula_4']) retrieved from /opt/airflow/dags/atividade_aula_4.py
[2023-05-12T16:47:04.435+0000] {logging_mixin.py:149} INFO - [2023-05-12T16:47:04.431+0000] {dag.py:2726} INFO - Sync 1 DAGs
[2023-05-12T16:47:04.586+0000] {logging_mixin.py:149} INFO - [2023-05-12T16:47:04.586+0000] {dag.py:3490} INFO - Setting next_dagrun for atividade_aula_4 to 2023-05-11T00:00:00+00:00, run_after=2023-05-12T00:00:00+00:00
[2023-05-12T16:47:04.877+0000] {processor.py:178} INFO - Processing /opt/airflow/dags/atividade_aula_4.py took 0.677 seconds
[2023-05-12T16:47:35.811+0000] {processor.py:156} INFO - Started process (PID=2367) to work on /opt/airflow/dags/atividade_aula_4.py
[2023-05-12T16:47:35.816+0000] {processor.py:799} INFO - Processing file /opt/airflow/dags/atividade_aula_4.py for tasks to queue
[2023-05-12T16:47:35.818+0000] {logging_mixin.py:149} INFO - [2023-05-12T16:47:35.818+0000] {dagbag.py:541} INFO - Filling up the DagBag from /opt/airflow/dags/atividade_aula_4.py
[2023-05-12T16:47:35.878+0000] {processor.py:809} INFO - DAG(s) dict_keys(['atividade_aula_4']) retrieved from /opt/airflow/dags/atividade_aula_4.py
[2023-05-12T16:47:35.970+0000] {logging_mixin.py:149} INFO - [2023-05-12T16:47:35.969+0000] {dag.py:2726} INFO - Sync 1 DAGs
[2023-05-12T16:47:36.051+0000] {logging_mixin.py:149} INFO - [2023-05-12T16:47:36.051+0000] {dag.py:3490} INFO - Setting next_dagrun for atividade_aula_4 to 2023-05-11T00:00:00+00:00, run_after=2023-05-12T00:00:00+00:00
[2023-05-12T16:47:36.142+0000] {processor.py:178} INFO - Processing /opt/airflow/dags/atividade_aula_4.py took 0.344 seconds
[2023-05-12T16:48:06.410+0000] {processor.py:156} INFO - Started process (PID=2430) to work on /opt/airflow/dags/atividade_aula_4.py
[2023-05-12T16:48:06.413+0000] {processor.py:799} INFO - Processing file /opt/airflow/dags/atividade_aula_4.py for tasks to queue
[2023-05-12T16:48:06.416+0000] {logging_mixin.py:149} INFO - [2023-05-12T16:48:06.416+0000] {dagbag.py:541} INFO - Filling up the DagBag from /opt/airflow/dags/atividade_aula_4.py
[2023-05-12T16:48:06.477+0000] {processor.py:809} INFO - DAG(s) dict_keys(['atividade_aula_4']) retrieved from /opt/airflow/dags/atividade_aula_4.py
[2023-05-12T16:48:06.535+0000] {logging_mixin.py:149} INFO - [2023-05-12T16:48:06.534+0000] {dag.py:2726} INFO - Sync 1 DAGs
[2023-05-12T16:48:06.618+0000] {logging_mixin.py:149} INFO - [2023-05-12T16:48:06.617+0000] {dag.py:3490} INFO - Setting next_dagrun for atividade_aula_4 to 2023-05-11T00:00:00+00:00, run_after=2023-05-12T00:00:00+00:00
[2023-05-12T16:48:06.872+0000] {processor.py:178} INFO - Processing /opt/airflow/dags/atividade_aula_4.py took 0.471 seconds
[2023-05-12T16:48:37.201+0000] {processor.py:156} INFO - Started process (PID=2493) to work on /opt/airflow/dags/atividade_aula_4.py
[2023-05-12T16:48:37.207+0000] {processor.py:799} INFO - Processing file /opt/airflow/dags/atividade_aula_4.py for tasks to queue
[2023-05-12T16:48:37.209+0000] {logging_mixin.py:149} INFO - [2023-05-12T16:48:37.209+0000] {dagbag.py:541} INFO - Filling up the DagBag from /opt/airflow/dags/atividade_aula_4.py
[2023-05-12T16:48:37.276+0000] {processor.py:809} INFO - DAG(s) dict_keys(['atividade_aula_4']) retrieved from /opt/airflow/dags/atividade_aula_4.py
[2023-05-12T16:48:37.374+0000] {logging_mixin.py:149} INFO - [2023-05-12T16:48:37.373+0000] {dag.py:2726} INFO - Sync 1 DAGs
[2023-05-12T16:48:37.499+0000] {logging_mixin.py:149} INFO - [2023-05-12T16:48:37.499+0000] {dag.py:3490} INFO - Setting next_dagrun for atividade_aula_4 to 2023-05-11T00:00:00+00:00, run_after=2023-05-12T00:00:00+00:00
[2023-05-12T16:48:37.884+0000] {processor.py:178} INFO - Processing /opt/airflow/dags/atividade_aula_4.py took 0.694 seconds
[2023-05-12T16:49:08.452+0000] {processor.py:156} INFO - Started process (PID=2552) to work on /opt/airflow/dags/atividade_aula_4.py
[2023-05-12T16:49:08.455+0000] {processor.py:799} INFO - Processing file /opt/airflow/dags/atividade_aula_4.py for tasks to queue
[2023-05-12T16:49:08.458+0000] {logging_mixin.py:149} INFO - [2023-05-12T16:49:08.457+0000] {dagbag.py:541} INFO - Filling up the DagBag from /opt/airflow/dags/atividade_aula_4.py
[2023-05-12T16:49:08.520+0000] {processor.py:809} INFO - DAG(s) dict_keys(['atividade_aula_4']) retrieved from /opt/airflow/dags/atividade_aula_4.py
[2023-05-12T16:49:08.615+0000] {logging_mixin.py:149} INFO - [2023-05-12T16:49:08.614+0000] {dag.py:2726} INFO - Sync 1 DAGs
[2023-05-12T16:49:08.726+0000] {logging_mixin.py:149} INFO - [2023-05-12T16:49:08.725+0000] {dag.py:3490} INFO - Setting next_dagrun for atividade_aula_4 to 2023-05-11T00:00:00+00:00, run_after=2023-05-12T00:00:00+00:00
[2023-05-12T16:49:08.889+0000] {processor.py:178} INFO - Processing /opt/airflow/dags/atividade_aula_4.py took 0.447 seconds
[2023-05-12T16:49:39.151+0000] {processor.py:156} INFO - Started process (PID=2615) to work on /opt/airflow/dags/atividade_aula_4.py
[2023-05-12T16:49:39.153+0000] {processor.py:799} INFO - Processing file /opt/airflow/dags/atividade_aula_4.py for tasks to queue
[2023-05-12T16:49:39.155+0000] {logging_mixin.py:149} INFO - [2023-05-12T16:49:39.154+0000] {dagbag.py:541} INFO - Filling up the DagBag from /opt/airflow/dags/atividade_aula_4.py
[2023-05-12T16:49:39.196+0000] {processor.py:809} INFO - DAG(s) dict_keys(['atividade_aula_4']) retrieved from /opt/airflow/dags/atividade_aula_4.py
[2023-05-12T16:49:39.239+0000] {logging_mixin.py:149} INFO - [2023-05-12T16:49:39.239+0000] {dag.py:2726} INFO - Sync 1 DAGs
[2023-05-12T16:49:39.301+0000] {logging_mixin.py:149} INFO - [2023-05-12T16:49:39.301+0000] {dag.py:3490} INFO - Setting next_dagrun for atividade_aula_4 to 2023-05-11T00:00:00+00:00, run_after=2023-05-12T00:00:00+00:00
[2023-05-12T16:49:39.519+0000] {processor.py:178} INFO - Processing /opt/airflow/dags/atividade_aula_4.py took 0.373 seconds
[2023-05-12T16:50:09.644+0000] {processor.py:156} INFO - Started process (PID=2678) to work on /opt/airflow/dags/atividade_aula_4.py
[2023-05-12T16:50:09.646+0000] {processor.py:799} INFO - Processing file /opt/airflow/dags/atividade_aula_4.py for tasks to queue
[2023-05-12T16:50:09.648+0000] {logging_mixin.py:149} INFO - [2023-05-12T16:50:09.648+0000] {dagbag.py:541} INFO - Filling up the DagBag from /opt/airflow/dags/atividade_aula_4.py
[2023-05-12T16:50:09.702+0000] {processor.py:809} INFO - DAG(s) dict_keys(['atividade_aula_4']) retrieved from /opt/airflow/dags/atividade_aula_4.py
[2023-05-12T16:50:09.749+0000] {logging_mixin.py:149} INFO - [2023-05-12T16:50:09.748+0000] {dag.py:2726} INFO - Sync 1 DAGs
[2023-05-12T16:50:09.800+0000] {logging_mixin.py:149} INFO - [2023-05-12T16:50:09.800+0000] {dag.py:3490} INFO - Setting next_dagrun for atividade_aula_4 to 2023-05-11T00:00:00+00:00, run_after=2023-05-12T00:00:00+00:00
[2023-05-12T16:50:09.925+0000] {processor.py:178} INFO - Processing /opt/airflow/dags/atividade_aula_4.py took 0.291 seconds
[2023-05-12T16:50:40.562+0000] {processor.py:156} INFO - Started process (PID=2741) to work on /opt/airflow/dags/atividade_aula_4.py
[2023-05-12T16:50:40.565+0000] {processor.py:799} INFO - Processing file /opt/airflow/dags/atividade_aula_4.py for tasks to queue
[2023-05-12T16:50:40.568+0000] {logging_mixin.py:149} INFO - [2023-05-12T16:50:40.568+0000] {dagbag.py:541} INFO - Filling up the DagBag from /opt/airflow/dags/atividade_aula_4.py
[2023-05-12T16:50:40.637+0000] {processor.py:809} INFO - DAG(s) dict_keys(['atividade_aula_4']) retrieved from /opt/airflow/dags/atividade_aula_4.py
[2023-05-12T16:50:40.693+0000] {logging_mixin.py:149} INFO - [2023-05-12T16:50:40.693+0000] {dag.py:2726} INFO - Sync 1 DAGs
[2023-05-12T16:50:40.780+0000] {logging_mixin.py:149} INFO - [2023-05-12T16:50:40.780+0000] {dag.py:3490} INFO - Setting next_dagrun for atividade_aula_4 to 2023-05-11T00:00:00+00:00, run_after=2023-05-12T00:00:00+00:00
[2023-05-12T16:50:40.970+0000] {processor.py:178} INFO - Processing /opt/airflow/dags/atividade_aula_4.py took 0.420 seconds
[2023-05-12T16:51:11.624+0000] {processor.py:156} INFO - Started process (PID=2804) to work on /opt/airflow/dags/atividade_aula_4.py
[2023-05-12T16:51:11.626+0000] {processor.py:799} INFO - Processing file /opt/airflow/dags/atividade_aula_4.py for tasks to queue
[2023-05-12T16:51:11.629+0000] {logging_mixin.py:149} INFO - [2023-05-12T16:51:11.629+0000] {dagbag.py:541} INFO - Filling up the DagBag from /opt/airflow/dags/atividade_aula_4.py
[2023-05-12T16:51:11.736+0000] {processor.py:809} INFO - DAG(s) dict_keys(['atividade_aula_4']) retrieved from /opt/airflow/dags/atividade_aula_4.py
[2023-05-12T16:51:11.804+0000] {logging_mixin.py:149} INFO - [2023-05-12T16:51:11.803+0000] {dag.py:2726} INFO - Sync 1 DAGs
[2023-05-12T16:51:11.912+0000] {logging_mixin.py:149} INFO - [2023-05-12T16:51:11.912+0000] {dag.py:3490} INFO - Setting next_dagrun for atividade_aula_4 to 2023-05-11T00:00:00+00:00, run_after=2023-05-12T00:00:00+00:00
[2023-05-12T16:51:12.106+0000] {processor.py:178} INFO - Processing /opt/airflow/dags/atividade_aula_4.py took 0.495 seconds
[2023-05-12T16:51:42.619+0000] {processor.py:156} INFO - Started process (PID=2867) to work on /opt/airflow/dags/atividade_aula_4.py
[2023-05-12T16:51:42.625+0000] {processor.py:799} INFO - Processing file /opt/airflow/dags/atividade_aula_4.py for tasks to queue
[2023-05-12T16:51:42.628+0000] {logging_mixin.py:149} INFO - [2023-05-12T16:51:42.628+0000] {dagbag.py:541} INFO - Filling up the DagBag from /opt/airflow/dags/atividade_aula_4.py
[2023-05-12T16:51:42.745+0000] {processor.py:809} INFO - DAG(s) dict_keys(['atividade_aula_4']) retrieved from /opt/airflow/dags/atividade_aula_4.py
[2023-05-12T16:51:42.824+0000] {logging_mixin.py:149} INFO - [2023-05-12T16:51:42.824+0000] {dag.py:2726} INFO - Sync 1 DAGs
[2023-05-12T16:51:42.948+0000] {logging_mixin.py:149} INFO - [2023-05-12T16:51:42.947+0000] {dag.py:3490} INFO - Setting next_dagrun for atividade_aula_4 to 2023-05-11T00:00:00+00:00, run_after=2023-05-12T00:00:00+00:00
[2023-05-12T16:51:43.158+0000] {processor.py:178} INFO - Processing /opt/airflow/dags/atividade_aula_4.py took 0.553 seconds
[2023-05-12T16:52:13.406+0000] {processor.py:156} INFO - Started process (PID=2931) to work on /opt/airflow/dags/atividade_aula_4.py
[2023-05-12T16:52:13.411+0000] {processor.py:799} INFO - Processing file /opt/airflow/dags/atividade_aula_4.py for tasks to queue
[2023-05-12T16:52:13.414+0000] {logging_mixin.py:149} INFO - [2023-05-12T16:52:13.414+0000] {dagbag.py:541} INFO - Filling up the DagBag from /opt/airflow/dags/atividade_aula_4.py
[2023-05-12T16:52:13.478+0000] {processor.py:809} INFO - DAG(s) dict_keys(['atividade_aula_4']) retrieved from /opt/airflow/dags/atividade_aula_4.py
[2023-05-12T16:52:13.540+0000] {logging_mixin.py:149} INFO - [2023-05-12T16:52:13.540+0000] {dag.py:2726} INFO - Sync 1 DAGs
[2023-05-12T16:52:13.616+0000] {logging_mixin.py:149} INFO - [2023-05-12T16:52:13.615+0000] {dag.py:3490} INFO - Setting next_dagrun for atividade_aula_4 to 2023-05-11T00:00:00+00:00, run_after=2023-05-12T00:00:00+00:00
[2023-05-12T16:52:13.978+0000] {processor.py:178} INFO - Processing /opt/airflow/dags/atividade_aula_4.py took 0.583 seconds
[2023-05-12T16:52:44.253+0000] {processor.py:156} INFO - Started process (PID=2994) to work on /opt/airflow/dags/atividade_aula_4.py
[2023-05-12T16:52:44.256+0000] {processor.py:799} INFO - Processing file /opt/airflow/dags/atividade_aula_4.py for tasks to queue
[2023-05-12T16:52:44.259+0000] {logging_mixin.py:149} INFO - [2023-05-12T16:52:44.258+0000] {dagbag.py:541} INFO - Filling up the DagBag from /opt/airflow/dags/atividade_aula_4.py
[2023-05-12T16:52:44.325+0000] {processor.py:809} INFO - DAG(s) dict_keys(['atividade_aula_4']) retrieved from /opt/airflow/dags/atividade_aula_4.py
[2023-05-12T16:52:44.380+0000] {logging_mixin.py:149} INFO - [2023-05-12T16:52:44.379+0000] {dag.py:2726} INFO - Sync 1 DAGs
[2023-05-12T16:52:44.480+0000] {logging_mixin.py:149} INFO - [2023-05-12T16:52:44.480+0000] {dag.py:3490} INFO - Setting next_dagrun for atividade_aula_4 to 2023-05-11T00:00:00+00:00, run_after=2023-05-12T00:00:00+00:00
[2023-05-12T16:52:44.703+0000] {processor.py:178} INFO - Processing /opt/airflow/dags/atividade_aula_4.py took 0.460 seconds
[2023-05-12T16:53:14.819+0000] {processor.py:156} INFO - Started process (PID=3057) to work on /opt/airflow/dags/atividade_aula_4.py
[2023-05-12T16:53:14.822+0000] {processor.py:799} INFO - Processing file /opt/airflow/dags/atividade_aula_4.py for tasks to queue
[2023-05-12T16:53:14.825+0000] {logging_mixin.py:149} INFO - [2023-05-12T16:53:14.824+0000] {dagbag.py:541} INFO - Filling up the DagBag from /opt/airflow/dags/atividade_aula_4.py
[2023-05-12T16:53:14.886+0000] {processor.py:809} INFO - DAG(s) dict_keys(['atividade_aula_4']) retrieved from /opt/airflow/dags/atividade_aula_4.py
[2023-05-12T16:53:14.943+0000] {logging_mixin.py:149} INFO - [2023-05-12T16:53:14.942+0000] {dag.py:2726} INFO - Sync 1 DAGs
[2023-05-12T16:53:15.035+0000] {logging_mixin.py:149} INFO - [2023-05-12T16:53:15.034+0000] {dag.py:3490} INFO - Setting next_dagrun for atividade_aula_4 to 2023-05-11T00:00:00+00:00, run_after=2023-05-12T00:00:00+00:00
[2023-05-12T16:53:15.182+0000] {processor.py:178} INFO - Processing /opt/airflow/dags/atividade_aula_4.py took 0.371 seconds
[2023-05-12T16:53:45.453+0000] {processor.py:156} INFO - Started process (PID=3120) to work on /opt/airflow/dags/atividade_aula_4.py
[2023-05-12T16:53:45.456+0000] {processor.py:799} INFO - Processing file /opt/airflow/dags/atividade_aula_4.py for tasks to queue
[2023-05-12T16:53:45.459+0000] {logging_mixin.py:149} INFO - [2023-05-12T16:53:45.458+0000] {dagbag.py:541} INFO - Filling up the DagBag from /opt/airflow/dags/atividade_aula_4.py
[2023-05-12T16:53:45.557+0000] {processor.py:809} INFO - DAG(s) dict_keys(['atividade_aula_4']) retrieved from /opt/airflow/dags/atividade_aula_4.py
[2023-05-12T16:53:45.662+0000] {logging_mixin.py:149} INFO - [2023-05-12T16:53:45.662+0000] {dag.py:2726} INFO - Sync 1 DAGs
[2023-05-12T16:53:45.744+0000] {logging_mixin.py:149} INFO - [2023-05-12T16:53:45.743+0000] {dag.py:3490} INFO - Setting next_dagrun for atividade_aula_4 to 2023-05-11T00:00:00+00:00, run_after=2023-05-12T00:00:00+00:00
[2023-05-12T16:53:46.063+0000] {processor.py:178} INFO - Processing /opt/airflow/dags/atividade_aula_4.py took 0.621 seconds
[2023-05-12T16:54:16.693+0000] {processor.py:156} INFO - Started process (PID=3183) to work on /opt/airflow/dags/atividade_aula_4.py
[2023-05-12T16:54:16.695+0000] {processor.py:799} INFO - Processing file /opt/airflow/dags/atividade_aula_4.py for tasks to queue
[2023-05-12T16:54:16.698+0000] {logging_mixin.py:149} INFO - [2023-05-12T16:54:16.698+0000] {dagbag.py:541} INFO - Filling up the DagBag from /opt/airflow/dags/atividade_aula_4.py
[2023-05-12T16:54:16.767+0000] {processor.py:809} INFO - DAG(s) dict_keys(['atividade_aula_4']) retrieved from /opt/airflow/dags/atividade_aula_4.py
[2023-05-12T16:54:16.879+0000] {logging_mixin.py:149} INFO - [2023-05-12T16:54:16.879+0000] {dag.py:2726} INFO - Sync 1 DAGs
[2023-05-12T16:54:17.056+0000] {logging_mixin.py:149} INFO - [2023-05-12T16:54:17.056+0000] {dag.py:3490} INFO - Setting next_dagrun for atividade_aula_4 to 2023-05-11T00:00:00+00:00, run_after=2023-05-12T00:00:00+00:00
[2023-05-12T16:54:17.345+0000] {processor.py:178} INFO - Processing /opt/airflow/dags/atividade_aula_4.py took 0.667 seconds
[2023-05-12T16:54:47.522+0000] {processor.py:156} INFO - Started process (PID=3246) to work on /opt/airflow/dags/atividade_aula_4.py
[2023-05-12T16:54:47.526+0000] {processor.py:799} INFO - Processing file /opt/airflow/dags/atividade_aula_4.py for tasks to queue
[2023-05-12T16:54:47.529+0000] {logging_mixin.py:149} INFO - [2023-05-12T16:54:47.529+0000] {dagbag.py:541} INFO - Filling up the DagBag from /opt/airflow/dags/atividade_aula_4.py
[2023-05-12T16:54:47.596+0000] {processor.py:809} INFO - DAG(s) dict_keys(['atividade_aula_4']) retrieved from /opt/airflow/dags/atividade_aula_4.py
[2023-05-12T16:54:47.715+0000] {logging_mixin.py:149} INFO - [2023-05-12T16:54:47.715+0000] {dag.py:2726} INFO - Sync 1 DAGs
[2023-05-12T16:54:47.832+0000] {logging_mixin.py:149} INFO - [2023-05-12T16:54:47.831+0000] {dag.py:3490} INFO - Setting next_dagrun for atividade_aula_4 to 2023-05-11T00:00:00+00:00, run_after=2023-05-12T00:00:00+00:00
[2023-05-12T16:54:47.990+0000] {processor.py:178} INFO - Processing /opt/airflow/dags/atividade_aula_4.py took 0.474 seconds
[2023-05-12T16:55:18.295+0000] {processor.py:156} INFO - Started process (PID=3303) to work on /opt/airflow/dags/atividade_aula_4.py
[2023-05-12T16:55:18.299+0000] {processor.py:799} INFO - Processing file /opt/airflow/dags/atividade_aula_4.py for tasks to queue
[2023-05-12T16:55:18.302+0000] {logging_mixin.py:149} INFO - [2023-05-12T16:55:18.301+0000] {dagbag.py:541} INFO - Filling up the DagBag from /opt/airflow/dags/atividade_aula_4.py
[2023-05-12T16:55:18.358+0000] {processor.py:809} INFO - DAG(s) dict_keys(['atividade_aula_4']) retrieved from /opt/airflow/dags/atividade_aula_4.py
[2023-05-12T16:55:18.402+0000] {logging_mixin.py:149} INFO - [2023-05-12T16:55:18.402+0000] {dag.py:2726} INFO - Sync 1 DAGs
[2023-05-12T16:55:18.470+0000] {logging_mixin.py:149} INFO - [2023-05-12T16:55:18.470+0000] {dag.py:3490} INFO - Setting next_dagrun for atividade_aula_4 to 2023-05-11T00:00:00+00:00, run_after=2023-05-12T00:00:00+00:00
[2023-05-12T16:55:18.542+0000] {processor.py:178} INFO - Processing /opt/airflow/dags/atividade_aula_4.py took 0.255 seconds
[2023-05-12T16:55:48.862+0000] {processor.py:156} INFO - Started process (PID=3367) to work on /opt/airflow/dags/atividade_aula_4.py
[2023-05-12T16:55:48.864+0000] {processor.py:799} INFO - Processing file /opt/airflow/dags/atividade_aula_4.py for tasks to queue
[2023-05-12T16:55:48.866+0000] {logging_mixin.py:149} INFO - [2023-05-12T16:55:48.865+0000] {dagbag.py:541} INFO - Filling up the DagBag from /opt/airflow/dags/atividade_aula_4.py
[2023-05-12T16:55:48.914+0000] {processor.py:809} INFO - DAG(s) dict_keys(['atividade_aula_4']) retrieved from /opt/airflow/dags/atividade_aula_4.py
[2023-05-12T16:55:48.967+0000] {logging_mixin.py:149} INFO - [2023-05-12T16:55:48.966+0000] {dag.py:2726} INFO - Sync 1 DAGs
[2023-05-12T16:55:49.024+0000] {logging_mixin.py:149} INFO - [2023-05-12T16:55:49.023+0000] {dag.py:3490} INFO - Setting next_dagrun for atividade_aula_4 to 2023-05-11T00:00:00+00:00, run_after=2023-05-12T00:00:00+00:00
[2023-05-12T16:55:49.207+0000] {processor.py:178} INFO - Processing /opt/airflow/dags/atividade_aula_4.py took 0.351 seconds
[2023-05-12T16:56:19.977+0000] {processor.py:156} INFO - Started process (PID=3430) to work on /opt/airflow/dags/atividade_aula_4.py
[2023-05-12T16:56:19.981+0000] {processor.py:799} INFO - Processing file /opt/airflow/dags/atividade_aula_4.py for tasks to queue
[2023-05-12T16:56:19.983+0000] {logging_mixin.py:149} INFO - [2023-05-12T16:56:19.983+0000] {dagbag.py:541} INFO - Filling up the DagBag from /opt/airflow/dags/atividade_aula_4.py
[2023-05-12T16:56:20.039+0000] {processor.py:809} INFO - DAG(s) dict_keys(['atividade_aula_4']) retrieved from /opt/airflow/dags/atividade_aula_4.py
[2023-05-12T16:56:20.096+0000] {logging_mixin.py:149} INFO - [2023-05-12T16:56:20.095+0000] {dag.py:2726} INFO - Sync 1 DAGs
[2023-05-12T16:56:20.179+0000] {logging_mixin.py:149} INFO - [2023-05-12T16:56:20.178+0000] {dag.py:3490} INFO - Setting next_dagrun for atividade_aula_4 to 2023-05-11T00:00:00+00:00, run_after=2023-05-12T00:00:00+00:00
[2023-05-12T16:56:20.287+0000] {processor.py:178} INFO - Processing /opt/airflow/dags/atividade_aula_4.py took 0.320 seconds
[2023-05-12T16:56:50.727+0000] {processor.py:156} INFO - Started process (PID=3493) to work on /opt/airflow/dags/atividade_aula_4.py
[2023-05-12T16:56:50.730+0000] {processor.py:799} INFO - Processing file /opt/airflow/dags/atividade_aula_4.py for tasks to queue
[2023-05-12T16:56:50.733+0000] {logging_mixin.py:149} INFO - [2023-05-12T16:56:50.732+0000] {dagbag.py:541} INFO - Filling up the DagBag from /opt/airflow/dags/atividade_aula_4.py
[2023-05-12T16:56:50.817+0000] {processor.py:809} INFO - DAG(s) dict_keys(['atividade_aula_4']) retrieved from /opt/airflow/dags/atividade_aula_4.py
[2023-05-12T16:56:50.923+0000] {logging_mixin.py:149} INFO - [2023-05-12T16:56:50.922+0000] {dag.py:2726} INFO - Sync 1 DAGs
[2023-05-12T16:56:51.039+0000] {logging_mixin.py:149} INFO - [2023-05-12T16:56:51.038+0000] {dag.py:3490} INFO - Setting next_dagrun for atividade_aula_4 to 2023-05-11T00:00:00+00:00, run_after=2023-05-12T00:00:00+00:00
[2023-05-12T16:56:51.342+0000] {processor.py:178} INFO - Processing /opt/airflow/dags/atividade_aula_4.py took 0.628 seconds
[2023-05-12T16:57:21.568+0000] {processor.py:156} INFO - Started process (PID=3556) to work on /opt/airflow/dags/atividade_aula_4.py
[2023-05-12T16:57:21.571+0000] {processor.py:799} INFO - Processing file /opt/airflow/dags/atividade_aula_4.py for tasks to queue
[2023-05-12T16:57:21.574+0000] {logging_mixin.py:149} INFO - [2023-05-12T16:57:21.574+0000] {dagbag.py:541} INFO - Filling up the DagBag from /opt/airflow/dags/atividade_aula_4.py
[2023-05-12T16:57:21.646+0000] {processor.py:809} INFO - DAG(s) dict_keys(['atividade_aula_4']) retrieved from /opt/airflow/dags/atividade_aula_4.py
[2023-05-12T16:57:21.710+0000] {logging_mixin.py:149} INFO - [2023-05-12T16:57:21.710+0000] {dag.py:2726} INFO - Sync 1 DAGs
[2023-05-12T16:57:21.788+0000] {logging_mixin.py:149} INFO - [2023-05-12T16:57:21.788+0000] {dag.py:3490} INFO - Setting next_dagrun for atividade_aula_4 to 2023-05-11T00:00:00+00:00, run_after=2023-05-12T00:00:00+00:00
[2023-05-12T16:57:21.882+0000] {processor.py:178} INFO - Processing /opt/airflow/dags/atividade_aula_4.py took 0.324 seconds
[2023-05-12T16:57:51.997+0000] {processor.py:156} INFO - Started process (PID=3619) to work on /opt/airflow/dags/atividade_aula_4.py
[2023-05-12T16:57:51.999+0000] {processor.py:799} INFO - Processing file /opt/airflow/dags/atividade_aula_4.py for tasks to queue
[2023-05-12T16:57:52.001+0000] {logging_mixin.py:149} INFO - [2023-05-12T16:57:52.000+0000] {dagbag.py:541} INFO - Filling up the DagBag from /opt/airflow/dags/atividade_aula_4.py
[2023-05-12T16:57:52.045+0000] {processor.py:809} INFO - DAG(s) dict_keys(['atividade_aula_4']) retrieved from /opt/airflow/dags/atividade_aula_4.py
[2023-05-12T16:57:52.086+0000] {logging_mixin.py:149} INFO - [2023-05-12T16:57:52.085+0000] {dag.py:2726} INFO - Sync 1 DAGs
[2023-05-12T16:57:52.143+0000] {logging_mixin.py:149} INFO - [2023-05-12T16:57:52.142+0000] {dag.py:3490} INFO - Setting next_dagrun for atividade_aula_4 to 2023-05-11T00:00:00+00:00, run_after=2023-05-12T00:00:00+00:00
[2023-05-12T16:57:52.249+0000] {processor.py:178} INFO - Processing /opt/airflow/dags/atividade_aula_4.py took 0.258 seconds
[2023-05-12T16:58:22.849+0000] {processor.py:156} INFO - Started process (PID=3681) to work on /opt/airflow/dags/atividade_aula_4.py
[2023-05-12T16:58:22.850+0000] {processor.py:799} INFO - Processing file /opt/airflow/dags/atividade_aula_4.py for tasks to queue
[2023-05-12T16:58:22.852+0000] {logging_mixin.py:149} INFO - [2023-05-12T16:58:22.852+0000] {dagbag.py:541} INFO - Filling up the DagBag from /opt/airflow/dags/atividade_aula_4.py
[2023-05-12T16:58:22.901+0000] {processor.py:809} INFO - DAG(s) dict_keys(['atividade_aula_4']) retrieved from /opt/airflow/dags/atividade_aula_4.py
[2023-05-12T16:58:22.940+0000] {logging_mixin.py:149} INFO - [2023-05-12T16:58:22.940+0000] {dag.py:2726} INFO - Sync 1 DAGs
[2023-05-12T16:58:23.019+0000] {logging_mixin.py:149} INFO - [2023-05-12T16:58:23.018+0000] {dag.py:3490} INFO - Setting next_dagrun for atividade_aula_4 to 2023-05-11T00:00:00+00:00, run_after=2023-05-12T00:00:00+00:00
[2023-05-12T16:58:23.191+0000] {processor.py:178} INFO - Processing /opt/airflow/dags/atividade_aula_4.py took 0.347 seconds
[2023-05-12T16:58:53.311+0000] {processor.py:156} INFO - Started process (PID=3744) to work on /opt/airflow/dags/atividade_aula_4.py
[2023-05-12T16:58:53.314+0000] {processor.py:799} INFO - Processing file /opt/airflow/dags/atividade_aula_4.py for tasks to queue
[2023-05-12T16:58:53.316+0000] {logging_mixin.py:149} INFO - [2023-05-12T16:58:53.316+0000] {dagbag.py:541} INFO - Filling up the DagBag from /opt/airflow/dags/atividade_aula_4.py
[2023-05-12T16:58:53.369+0000] {processor.py:809} INFO - DAG(s) dict_keys(['atividade_aula_4']) retrieved from /opt/airflow/dags/atividade_aula_4.py
[2023-05-12T16:58:53.427+0000] {logging_mixin.py:149} INFO - [2023-05-12T16:58:53.427+0000] {dag.py:2726} INFO - Sync 1 DAGs
[2023-05-12T16:58:53.514+0000] {logging_mixin.py:149} INFO - [2023-05-12T16:58:53.514+0000] {dag.py:3490} INFO - Setting next_dagrun for atividade_aula_4 to 2023-05-11T00:00:00+00:00, run_after=2023-05-12T00:00:00+00:00
[2023-05-12T16:58:53.689+0000] {processor.py:178} INFO - Processing /opt/airflow/dags/atividade_aula_4.py took 0.387 seconds
[2023-05-12T16:59:24.218+0000] {processor.py:156} INFO - Started process (PID=3807) to work on /opt/airflow/dags/atividade_aula_4.py
[2023-05-12T16:59:24.224+0000] {processor.py:799} INFO - Processing file /opt/airflow/dags/atividade_aula_4.py for tasks to queue
[2023-05-12T16:59:24.228+0000] {logging_mixin.py:149} INFO - [2023-05-12T16:59:24.227+0000] {dagbag.py:541} INFO - Filling up the DagBag from /opt/airflow/dags/atividade_aula_4.py
[2023-05-12T16:59:24.331+0000] {processor.py:809} INFO - DAG(s) dict_keys(['atividade_aula_4']) retrieved from /opt/airflow/dags/atividade_aula_4.py
[2023-05-12T16:59:24.523+0000] {logging_mixin.py:149} INFO - [2023-05-12T16:59:24.523+0000] {dag.py:2726} INFO - Sync 1 DAGs
[2023-05-12T16:59:24.742+0000] {logging_mixin.py:149} INFO - [2023-05-12T16:59:24.742+0000] {dag.py:3490} INFO - Setting next_dagrun for atividade_aula_4 to 2023-05-11T00:00:00+00:00, run_after=2023-05-12T00:00:00+00:00
[2023-05-12T16:59:24.980+0000] {processor.py:178} INFO - Processing /opt/airflow/dags/atividade_aula_4.py took 0.771 seconds
[2023-05-12T16:59:55.383+0000] {processor.py:156} INFO - Started process (PID=3870) to work on /opt/airflow/dags/atividade_aula_4.py
[2023-05-12T16:59:55.387+0000] {processor.py:799} INFO - Processing file /opt/airflow/dags/atividade_aula_4.py for tasks to queue
[2023-05-12T16:59:55.391+0000] {logging_mixin.py:149} INFO - [2023-05-12T16:59:55.390+0000] {dagbag.py:541} INFO - Filling up the DagBag from /opt/airflow/dags/atividade_aula_4.py
[2023-05-12T16:59:55.496+0000] {processor.py:809} INFO - DAG(s) dict_keys(['atividade_aula_4']) retrieved from /opt/airflow/dags/atividade_aula_4.py
[2023-05-12T16:59:55.623+0000] {logging_mixin.py:149} INFO - [2023-05-12T16:59:55.622+0000] {dag.py:2726} INFO - Sync 1 DAGs
[2023-05-12T16:59:55.937+0000] {logging_mixin.py:149} INFO - [2023-05-12T16:59:55.929+0000] {dag.py:3490} INFO - Setting next_dagrun for atividade_aula_4 to 2023-05-11T00:00:00+00:00, run_after=2023-05-12T00:00:00+00:00
[2023-05-12T16:59:56.287+0000] {processor.py:178} INFO - Processing /opt/airflow/dags/atividade_aula_4.py took 0.914 seconds
[2023-05-12T17:00:26.680+0000] {processor.py:156} INFO - Started process (PID=3932) to work on /opt/airflow/dags/atividade_aula_4.py
[2023-05-12T17:00:26.682+0000] {processor.py:799} INFO - Processing file /opt/airflow/dags/atividade_aula_4.py for tasks to queue
[2023-05-12T17:00:26.684+0000] {logging_mixin.py:149} INFO - [2023-05-12T17:00:26.684+0000] {dagbag.py:541} INFO - Filling up the DagBag from /opt/airflow/dags/atividade_aula_4.py
[2023-05-12T17:00:26.753+0000] {processor.py:809} INFO - DAG(s) dict_keys(['atividade_aula_4']) retrieved from /opt/airflow/dags/atividade_aula_4.py
[2023-05-12T17:00:26.820+0000] {logging_mixin.py:149} INFO - [2023-05-12T17:00:26.819+0000] {dag.py:2726} INFO - Sync 1 DAGs
[2023-05-12T17:00:26.872+0000] {logging_mixin.py:149} INFO - [2023-05-12T17:00:26.872+0000] {dag.py:3490} INFO - Setting next_dagrun for atividade_aula_4 to 2023-05-11T00:00:00+00:00, run_after=2023-05-12T00:00:00+00:00
[2023-05-12T17:00:27.344+0000] {processor.py:178} INFO - Processing /opt/airflow/dags/atividade_aula_4.py took 0.671 seconds
[2023-05-12T17:00:58.038+0000] {processor.py:156} INFO - Started process (PID=3995) to work on /opt/airflow/dags/atividade_aula_4.py
[2023-05-12T17:00:58.043+0000] {processor.py:799} INFO - Processing file /opt/airflow/dags/atividade_aula_4.py for tasks to queue
[2023-05-12T17:00:58.052+0000] {logging_mixin.py:149} INFO - [2023-05-12T17:00:58.051+0000] {dagbag.py:541} INFO - Filling up the DagBag from /opt/airflow/dags/atividade_aula_4.py
[2023-05-12T17:00:58.176+0000] {processor.py:809} INFO - DAG(s) dict_keys(['atividade_aula_4']) retrieved from /opt/airflow/dags/atividade_aula_4.py
[2023-05-12T17:00:58.294+0000] {logging_mixin.py:149} INFO - [2023-05-12T17:00:58.293+0000] {dag.py:2726} INFO - Sync 1 DAGs
[2023-05-12T17:00:58.556+0000] {logging_mixin.py:149} INFO - [2023-05-12T17:00:58.555+0000] {dag.py:3490} INFO - Setting next_dagrun for atividade_aula_4 to 2023-05-11T00:00:00+00:00, run_after=2023-05-12T00:00:00+00:00
[2023-05-12T17:00:58.779+0000] {processor.py:178} INFO - Processing /opt/airflow/dags/atividade_aula_4.py took 0.750 seconds
[2023-05-12T17:01:30.829+0000] {processor.py:156} INFO - Started process (PID=4067) to work on /opt/airflow/dags/atividade_aula_4.py
[2023-05-12T17:01:30.831+0000] {processor.py:799} INFO - Processing file /opt/airflow/dags/atividade_aula_4.py for tasks to queue
[2023-05-12T17:01:30.845+0000] {logging_mixin.py:149} INFO - [2023-05-12T17:01:30.845+0000] {dagbag.py:541} INFO - Filling up the DagBag from /opt/airflow/dags/atividade_aula_4.py
[2023-05-12T17:01:30.994+0000] {processor.py:809} INFO - DAG(s) dict_keys(['atividade_aula_4']) retrieved from /opt/airflow/dags/atividade_aula_4.py
[2023-05-12T17:01:31.105+0000] {logging_mixin.py:149} INFO - [2023-05-12T17:01:31.104+0000] {dag.py:2726} INFO - Sync 1 DAGs
[2023-05-12T17:01:31.176+0000] {logging_mixin.py:149} INFO - [2023-05-12T17:01:31.176+0000] {dag.py:3490} INFO - Setting next_dagrun for atividade_aula_4 to 2023-05-11T00:00:00+00:00, run_after=2023-05-12T00:00:00+00:00
[2023-05-12T17:01:31.670+0000] {processor.py:178} INFO - Processing /opt/airflow/dags/atividade_aula_4.py took 0.858 seconds
[2023-05-12T17:02:13.437+0000] {processor.py:156} INFO - Started process (PID=4122) to work on /opt/airflow/dags/atividade_aula_4.py
[2023-05-12T17:02:13.441+0000] {processor.py:799} INFO - Processing file /opt/airflow/dags/atividade_aula_4.py for tasks to queue
[2023-05-12T17:02:13.445+0000] {logging_mixin.py:149} INFO - [2023-05-12T17:02:13.444+0000] {dagbag.py:541} INFO - Filling up the DagBag from /opt/airflow/dags/atividade_aula_4.py
[2023-05-12T17:02:13.517+0000] {processor.py:809} INFO - DAG(s) dict_keys(['atividade_aula_4']) retrieved from /opt/airflow/dags/atividade_aula_4.py
[2023-05-12T17:02:13.656+0000] {logging_mixin.py:149} INFO - [2023-05-12T17:02:13.656+0000] {dag.py:2726} INFO - Sync 1 DAGs
[2023-05-12T17:02:13.772+0000] {logging_mixin.py:149} INFO - [2023-05-12T17:02:13.772+0000] {dag.py:3490} INFO - Setting next_dagrun for atividade_aula_4 to 2023-05-11T00:00:00+00:00, run_after=2023-05-12T00:00:00+00:00
[2023-05-12T17:02:15.237+0000] {processor.py:178} INFO - Processing /opt/airflow/dags/atividade_aula_4.py took 1.810 seconds
[2023-05-12T20:19:14.158+0000] {processor.py:156} INFO - Started process (PID=46) to work on /opt/airflow/dags/atividade_aula_4.py
[2023-05-12T20:19:14.191+0000] {processor.py:799} INFO - Processing file /opt/airflow/dags/atividade_aula_4.py for tasks to queue
[2023-05-12T20:19:14.282+0000] {logging_mixin.py:149} INFO - [2023-05-12T20:19:14.282+0000] {dagbag.py:541} INFO - Filling up the DagBag from /opt/airflow/dags/atividade_aula_4.py
[2023-05-12T20:19:14.778+0000] {processor.py:809} INFO - DAG(s) dict_keys(['atividade_aula_4']) retrieved from /opt/airflow/dags/atividade_aula_4.py
[2023-05-12T20:20:30.975+0000] {processor.py:156} INFO - Started process (PID=66) to work on /opt/airflow/dags/atividade_aula_4.py
[2023-05-12T20:20:30.978+0000] {processor.py:799} INFO - Processing file /opt/airflow/dags/atividade_aula_4.py for tasks to queue
[2023-05-12T20:20:30.982+0000] {logging_mixin.py:149} INFO - [2023-05-12T20:20:30.981+0000] {dagbag.py:541} INFO - Filling up the DagBag from /opt/airflow/dags/atividade_aula_4.py
[2023-05-12T20:20:31.099+0000] {processor.py:809} INFO - DAG(s) dict_keys(['atividade_aula_4']) retrieved from /opt/airflow/dags/atividade_aula_4.py
[2023-05-12T20:20:31.551+0000] {logging_mixin.py:149} INFO - [2023-05-12T20:20:31.551+0000] {dag.py:2726} INFO - Sync 1 DAGs
[2023-05-12T20:20:31.743+0000] {logging_mixin.py:149} INFO - [2023-05-12T20:20:31.742+0000] {dag.py:3490} INFO - Setting next_dagrun for atividade_aula_4 to 2023-05-11T00:00:00+00:00, run_after=2023-05-12T00:00:00+00:00
[2023-05-12T20:20:32.214+0000] {processor.py:178} INFO - Processing /opt/airflow/dags/atividade_aula_4.py took 1.247 seconds
[2023-05-12T20:21:31.260+0000] {processor.py:156} INFO - Started process (PID=149) to work on /opt/airflow/dags/atividade_aula_4.py
[2023-05-12T20:21:31.263+0000] {processor.py:799} INFO - Processing file /opt/airflow/dags/atividade_aula_4.py for tasks to queue
[2023-05-12T20:21:31.265+0000] {logging_mixin.py:149} INFO - [2023-05-12T20:21:31.264+0000] {dagbag.py:541} INFO - Filling up the DagBag from /opt/airflow/dags/atividade_aula_4.py
[2023-05-12T20:21:31.314+0000] {processor.py:809} INFO - DAG(s) dict_keys(['atividade_aula_4']) retrieved from /opt/airflow/dags/atividade_aula_4.py
[2023-05-12T20:21:31.361+0000] {logging_mixin.py:149} INFO - [2023-05-12T20:21:31.361+0000] {dag.py:2726} INFO - Sync 1 DAGs
[2023-05-12T20:21:31.413+0000] {logging_mixin.py:149} INFO - [2023-05-12T20:21:31.412+0000] {dag.py:3490} INFO - Setting next_dagrun for atividade_aula_4 to 2023-05-12T00:00:00+00:00, run_after=2023-05-13T00:00:00+00:00
[2023-05-12T20:21:31.561+0000] {processor.py:178} INFO - Processing /opt/airflow/dags/atividade_aula_4.py took 0.309 seconds
[2023-05-12T20:22:01.938+0000] {processor.py:156} INFO - Started process (PID=203) to work on /opt/airflow/dags/atividade_aula_4.py
[2023-05-12T20:22:02.050+0000] {processor.py:799} INFO - Processing file /opt/airflow/dags/atividade_aula_4.py for tasks to queue
[2023-05-12T20:22:02.056+0000] {logging_mixin.py:149} INFO - [2023-05-12T20:22:02.055+0000] {dagbag.py:541} INFO - Filling up the DagBag from /opt/airflow/dags/atividade_aula_4.py
[2023-05-12T20:22:02.162+0000] {processor.py:809} INFO - DAG(s) dict_keys(['atividade_aula_4']) retrieved from /opt/airflow/dags/atividade_aula_4.py
[2023-05-12T20:22:02.224+0000] {logging_mixin.py:149} INFO - [2023-05-12T20:22:02.224+0000] {dag.py:2726} INFO - Sync 1 DAGs
[2023-05-12T20:22:02.361+0000] {logging_mixin.py:149} INFO - [2023-05-12T20:22:02.360+0000] {dag.py:3490} INFO - Setting next_dagrun for atividade_aula_4 to 2023-05-12T00:00:00+00:00, run_after=2023-05-13T00:00:00+00:00
[2023-05-12T20:22:02.554+0000] {processor.py:178} INFO - Processing /opt/airflow/dags/atividade_aula_4.py took 0.624 seconds
[2023-05-12T20:22:47.476+0000] {processor.py:156} INFO - Started process (PID=241) to work on /opt/airflow/dags/atividade_aula_4.py
[2023-05-12T20:22:47.478+0000] {processor.py:799} INFO - Processing file /opt/airflow/dags/atividade_aula_4.py for tasks to queue
[2023-05-12T20:22:47.480+0000] {logging_mixin.py:149} INFO - [2023-05-12T20:22:47.480+0000] {dagbag.py:541} INFO - Filling up the DagBag from /opt/airflow/dags/atividade_aula_4.py
[2023-05-12T20:22:47.540+0000] {processor.py:809} INFO - DAG(s) dict_keys(['atividade_aula_4']) retrieved from /opt/airflow/dags/atividade_aula_4.py
[2023-05-12T20:22:47.594+0000] {logging_mixin.py:149} INFO - [2023-05-12T20:22:47.594+0000] {dag.py:2726} INFO - Sync 1 DAGs
[2023-05-12T20:22:47.808+0000] {logging_mixin.py:149} INFO - [2023-05-12T20:22:47.807+0000] {dag.py:3490} INFO - Setting next_dagrun for atividade_aula_4 to 2023-05-12T00:00:00+00:00, run_after=2023-05-13T00:00:00+00:00
[2023-05-12T20:22:48.060+0000] {processor.py:178} INFO - Processing /opt/airflow/dags/atividade_aula_4.py took 0.542 seconds
