[2023-05-12T16:25:09.022+0000] {processor.py:156} INFO - Started process (PID=58) to work on /opt/airflow/dags/dados_climaticos.py
[2023-05-12T16:25:09.024+0000] {processor.py:799} INFO - Processing file /opt/airflow/dags/dados_climaticos.py for tasks to queue
[2023-05-12T16:25:09.027+0000] {logging_mixin.py:149} INFO - [2023-05-12T16:25:09.026+0000] {dagbag.py:541} INFO - Filling up the DagBag from /opt/airflow/dags/dados_climaticos.py
[2023-05-12T16:25:39.183+0000] {logging_mixin.py:149} INFO - [2023-05-12T16:25:39.181+0000] {timeout.py:68} ERROR - Process timed out, PID: 58
[2023-05-12T16:25:40.647+0000] {logging_mixin.py:149} INFO - [2023-05-12T16:25:39.763+0000] {dagbag.py:350} ERROR - Failed to import: /opt/airflow/dags/dados_climaticos.py
Traceback (most recent call last):
  File "/home/airflow/.local/lib/python3.7/site-packages/airflow/models/dagbag.py", line 346, in parse
    loader.exec_module(new_module)
  File "<frozen importlib._bootstrap_external>", line 728, in exec_module
  File "<frozen importlib._bootstrap>", line 219, in _call_with_frames_removed
  File "/opt/airflow/dags/dados_climaticos.py", line 7, in <module>
    import pandas as pd
  File "/home/airflow/.local/lib/python3.7/site-packages/pandas/__init__.py", line 22, in <module>
    from pandas.compat import (
  File "/home/airflow/.local/lib/python3.7/site-packages/pandas/compat/__init__.py", line 23, in <module>
    from pandas.compat.pyarrow import (
  File "/home/airflow/.local/lib/python3.7/site-packages/pandas/compat/pyarrow.py", line 6, in <module>
    import pyarrow as pa
  File "<frozen importlib._bootstrap>", line 983, in _find_and_load
  File "<frozen importlib._bootstrap>", line 967, in _find_and_load_unlocked
  File "<frozen importlib._bootstrap>", line 677, in _load_unlocked
  File "<frozen importlib._bootstrap_external>", line 724, in exec_module
  File "<frozen importlib._bootstrap_external>", line 818, in get_code
  File "<frozen importlib._bootstrap_external>", line 916, in get_data
  File "/home/airflow/.local/lib/python3.7/site-packages/airflow/utils/timeout.py", line 69, in handle_timeout
    raise AirflowTaskTimeout(self.error_message)
airflow.exceptions.AirflowTaskTimeout: DagBag import timeout for /opt/airflow/dags/dados_climaticos.py after 30.0s.
Please take a look at these docs to improve your DAG import time:
* https://airflow.apache.org/docs/apache-airflow/2.6.0/best-practices.html#top-level-python-code
* https://airflow.apache.org/docs/apache-airflow/2.6.0/best-practices.html#reducing-dag-complexity, PID: 58
[2023-05-12T16:25:40.648+0000] {processor.py:811} WARNING - No viable dags retrieved from /opt/airflow/dags/dados_climaticos.py
[2023-05-12T16:25:42.086+0000] {processor.py:178} INFO - Processing /opt/airflow/dags/dados_climaticos.py took 33.072 seconds
[2023-05-12T16:26:12.426+0000] {processor.py:156} INFO - Started process (PID=123) to work on /opt/airflow/dags/dados_climaticos.py
[2023-05-12T16:26:12.428+0000] {processor.py:799} INFO - Processing file /opt/airflow/dags/dados_climaticos.py for tasks to queue
[2023-05-12T16:26:12.430+0000] {logging_mixin.py:149} INFO - [2023-05-12T16:26:12.429+0000] {dagbag.py:541} INFO - Filling up the DagBag from /opt/airflow/dags/dados_climaticos.py
[2023-05-12T16:26:42.469+0000] {logging_mixin.py:149} INFO - [2023-05-12T16:26:42.467+0000] {timeout.py:68} ERROR - Process timed out, PID: 123
[2023-05-12T16:26:42.491+0000] {logging_mixin.py:149} INFO - [2023-05-12T16:26:42.470+0000] {dagbag.py:350} ERROR - Failed to import: /opt/airflow/dags/dados_climaticos.py
Traceback (most recent call last):
  File "/home/airflow/.local/lib/python3.7/site-packages/airflow/models/dagbag.py", line 346, in parse
    loader.exec_module(new_module)
  File "<frozen importlib._bootstrap_external>", line 728, in exec_module
  File "<frozen importlib._bootstrap>", line 219, in _call_with_frames_removed
  File "/opt/airflow/dags/dados_climaticos.py", line 7, in <module>
    import pandas as pd
  File "/home/airflow/.local/lib/python3.7/site-packages/pandas/__init__.py", line 140, in <module>
    import pandas.api
  File "<frozen importlib._bootstrap>", line 983, in _find_and_load
  File "<frozen importlib._bootstrap>", line 967, in _find_and_load_unlocked
  File "<frozen importlib._bootstrap>", line 677, in _load_unlocked
  File "<frozen importlib._bootstrap_external>", line 724, in exec_module
  File "<frozen importlib._bootstrap_external>", line 818, in get_code
  File "<frozen importlib._bootstrap_external>", line 916, in get_data
  File "/home/airflow/.local/lib/python3.7/site-packages/airflow/utils/timeout.py", line 69, in handle_timeout
    raise AirflowTaskTimeout(self.error_message)
airflow.exceptions.AirflowTaskTimeout: DagBag import timeout for /opt/airflow/dags/dados_climaticos.py after 30.0s.
Please take a look at these docs to improve your DAG import time:
* https://airflow.apache.org/docs/apache-airflow/2.6.0/best-practices.html#top-level-python-code
* https://airflow.apache.org/docs/apache-airflow/2.6.0/best-practices.html#reducing-dag-complexity, PID: 123
[2023-05-12T16:26:42.494+0000] {processor.py:811} WARNING - No viable dags retrieved from /opt/airflow/dags/dados_climaticos.py
[2023-05-12T16:26:42.787+0000] {processor.py:178} INFO - Processing /opt/airflow/dags/dados_climaticos.py took 30.366 seconds
[2023-05-12T16:27:13.079+0000] {processor.py:156} INFO - Started process (PID=185) to work on /opt/airflow/dags/dados_climaticos.py
[2023-05-12T16:27:13.086+0000] {processor.py:799} INFO - Processing file /opt/airflow/dags/dados_climaticos.py for tasks to queue
[2023-05-12T16:27:13.088+0000] {logging_mixin.py:149} INFO - [2023-05-12T16:27:13.088+0000] {dagbag.py:541} INFO - Filling up the DagBag from /opt/airflow/dags/dados_climaticos.py
[2023-05-12T16:27:18.800+0000] {processor.py:809} INFO - DAG(s) dict_keys(['dados_climaticos']) retrieved from /opt/airflow/dags/dados_climaticos.py
[2023-05-12T16:27:19.453+0000] {logging_mixin.py:149} INFO - [2023-05-12T16:27:19.452+0000] {manager.py:504} INFO - Created Permission View: can read on DAG:dados_climaticos
[2023-05-12T16:27:19.623+0000] {logging_mixin.py:149} INFO - [2023-05-12T16:27:19.623+0000] {manager.py:504} INFO - Created Permission View: can delete on DAG:dados_climaticos
[2023-05-12T16:27:19.741+0000] {logging_mixin.py:149} INFO - [2023-05-12T16:27:19.741+0000] {manager.py:504} INFO - Created Permission View: can edit on DAG:dados_climaticos
[2023-05-12T16:27:19.743+0000] {logging_mixin.py:149} INFO - [2023-05-12T16:27:19.742+0000] {dag.py:2726} INFO - Sync 1 DAGs
[2023-05-12T16:27:19.803+0000] {logging_mixin.py:149} INFO - [2023-05-12T16:27:19.801+0000] {dag.py:2747} INFO - Creating ORM DAG for dados_climaticos
[2023-05-12T16:27:19.852+0000] {logging_mixin.py:149} INFO - [2023-05-12T16:27:19.851+0000] {dag.py:3490} INFO - Setting next_dagrun for dados_climaticos to 2022-08-22T00:00:00+00:00, run_after=2022-08-29T00:00:00+00:00
[2023-05-12T16:27:20.215+0000] {processor.py:178} INFO - Processing /opt/airflow/dags/dados_climaticos.py took 7.148 seconds
[2023-05-12T16:28:02.921+0000] {processor.py:156} INFO - Started process (PID=256) to work on /opt/airflow/dags/dados_climaticos.py
[2023-05-12T16:28:02.924+0000] {processor.py:799} INFO - Processing file /opt/airflow/dags/dados_climaticos.py for tasks to queue
[2023-05-12T16:28:02.926+0000] {logging_mixin.py:149} INFO - [2023-05-12T16:28:02.926+0000] {dagbag.py:541} INFO - Filling up the DagBag from /opt/airflow/dags/dados_climaticos.py
[2023-05-12T16:28:04.333+0000] {processor.py:809} INFO - DAG(s) dict_keys(['dados_climaticos']) retrieved from /opt/airflow/dags/dados_climaticos.py
[2023-05-12T16:28:04.413+0000] {logging_mixin.py:149} INFO - [2023-05-12T16:28:04.412+0000] {dag.py:2726} INFO - Sync 1 DAGs
[2023-05-12T16:28:04.520+0000] {logging_mixin.py:149} INFO - [2023-05-12T16:28:04.520+0000] {dag.py:3490} INFO - Setting next_dagrun for dados_climaticos to 2022-08-22T00:00:00+00:00, run_after=2022-08-29T00:00:00+00:00
[2023-05-12T16:28:04.774+0000] {processor.py:178} INFO - Processing /opt/airflow/dags/dados_climaticos.py took 1.864 seconds
[2023-05-12T16:28:46.854+0000] {processor.py:156} INFO - Started process (PID=320) to work on /opt/airflow/dags/dados_climaticos.py
[2023-05-12T16:28:46.857+0000] {processor.py:799} INFO - Processing file /opt/airflow/dags/dados_climaticos.py for tasks to queue
[2023-05-12T16:28:46.860+0000] {logging_mixin.py:149} INFO - [2023-05-12T16:28:46.859+0000] {dagbag.py:541} INFO - Filling up the DagBag from /opt/airflow/dags/dados_climaticos.py
[2023-05-12T16:29:16.949+0000] {logging_mixin.py:149} INFO - [2023-05-12T16:29:16.947+0000] {timeout.py:68} ERROR - Process timed out, PID: 320
[2023-05-12T16:29:17.382+0000] {logging_mixin.py:149} INFO - [2023-05-12T16:29:16.950+0000] {dagbag.py:350} ERROR - Failed to import: /opt/airflow/dags/dados_climaticos.py
Traceback (most recent call last):
  File "<frozen importlib._bootstrap_external>", line 87, in _path_is_mode_type
  File "<frozen importlib._bootstrap_external>", line 81, in _path_stat
FileNotFoundError: [Errno 2] No such file or directory: '/home/airflow/.local/lib/python3.7/site-packages/pandas/core/arrays/sparse/__init__.cpython-37m-x86_64-linux-gnu.so'

During handling of the above exception, another exception occurred:

Traceback (most recent call last):
  File "/home/airflow/.local/lib/python3.7/site-packages/airflow/models/dagbag.py", line 346, in parse
    loader.exec_module(new_module)
  File "<frozen importlib._bootstrap_external>", line 728, in exec_module
  File "<frozen importlib._bootstrap>", line 219, in _call_with_frames_removed
  File "/opt/airflow/dags/dados_climaticos.py", line 7, in <module>
    import pandas as pd
  File "/home/airflow/.local/lib/python3.7/site-packages/pandas/__init__.py", line 50, in <module>
    from pandas.core.api import (
  File "/home/airflow/.local/lib/python3.7/site-packages/pandas/core/api.py", line 29, in <module>
    from pandas.core.arrays import Categorical
  File "/home/airflow/.local/lib/python3.7/site-packages/pandas/core/arrays/__init__.py", line 11, in <module>
    from pandas.core.arrays.interval import IntervalArray
  File "/home/airflow/.local/lib/python3.7/site-packages/pandas/core/arrays/interval.py", line 82, in <module>
    from pandas.core.indexes.base import ensure_index
  File "/home/airflow/.local/lib/python3.7/site-packages/pandas/core/indexes/base.py", line 90, in <module>
    from pandas.core.dtypes.concat import concat_compat
  File "/home/airflow/.local/lib/python3.7/site-packages/pandas/core/dtypes/concat.py", line 26, in <module>
    from pandas.core.arrays.sparse import SparseArray
  File "<frozen importlib._bootstrap>", line 983, in _find_and_load
  File "<frozen importlib._bootstrap>", line 963, in _find_and_load_unlocked
  File "<frozen importlib._bootstrap>", line 906, in _find_spec
  File "<frozen importlib._bootstrap_external>", line 1280, in find_spec
  File "<frozen importlib._bootstrap_external>", line 1252, in _get_spec
  File "<frozen importlib._bootstrap_external>", line 1383, in find_spec
  File "<frozen importlib._bootstrap_external>", line 95, in _path_isfile
  File "<frozen importlib._bootstrap_external>", line 87, in _path_is_mode_type
  File "/home/airflow/.local/lib/python3.7/site-packages/airflow/utils/timeout.py", line 69, in handle_timeout
    raise AirflowTaskTimeout(self.error_message)
airflow.exceptions.AirflowTaskTimeout: DagBag import timeout for /opt/airflow/dags/dados_climaticos.py after 30.0s.
Please take a look at these docs to improve your DAG import time:
* https://airflow.apache.org/docs/apache-airflow/2.6.0/best-practices.html#top-level-python-code
* https://airflow.apache.org/docs/apache-airflow/2.6.0/best-practices.html#reducing-dag-complexity, PID: 320
[2023-05-12T16:29:17.385+0000] {processor.py:811} WARNING - No viable dags retrieved from /opt/airflow/dags/dados_climaticos.py
[2023-05-12T16:29:17.754+0000] {processor.py:178} INFO - Processing /opt/airflow/dags/dados_climaticos.py took 30.915 seconds
[2023-05-12T16:29:47.960+0000] {processor.py:156} INFO - Started process (PID=397) to work on /opt/airflow/dags/dados_climaticos.py
[2023-05-12T16:29:47.967+0000] {processor.py:799} INFO - Processing file /opt/airflow/dags/dados_climaticos.py for tasks to queue
[2023-05-12T16:29:47.970+0000] {logging_mixin.py:149} INFO - [2023-05-12T16:29:47.970+0000] {dagbag.py:541} INFO - Filling up the DagBag from /opt/airflow/dags/dados_climaticos.py
[2023-05-12T16:29:51.826+0000] {processor.py:809} INFO - DAG(s) dict_keys(['dados_climaticos']) retrieved from /opt/airflow/dags/dados_climaticos.py
[2023-05-12T16:29:51.892+0000] {logging_mixin.py:149} INFO - [2023-05-12T16:29:51.891+0000] {dag.py:2726} INFO - Sync 1 DAGs
[2023-05-12T16:29:52.067+0000] {logging_mixin.py:149} INFO - [2023-05-12T16:29:52.066+0000] {dag.py:3490} INFO - Setting next_dagrun for dados_climaticos to 2022-08-22T00:00:00+00:00, run_after=2022-08-29T00:00:00+00:00
[2023-05-12T16:29:53.485+0000] {processor.py:178} INFO - Processing /opt/airflow/dags/dados_climaticos.py took 5.534 seconds
[2023-05-12T16:30:29.033+0000] {processor.py:156} INFO - Started process (PID=465) to work on /opt/airflow/dags/dados_climaticos.py
[2023-05-12T16:30:29.035+0000] {processor.py:799} INFO - Processing file /opt/airflow/dags/dados_climaticos.py for tasks to queue
[2023-05-12T16:30:29.040+0000] {logging_mixin.py:149} INFO - [2023-05-12T16:30:29.039+0000] {dagbag.py:541} INFO - Filling up the DagBag from /opt/airflow/dags/dados_climaticos.py
[2023-05-12T16:30:41.880+0000] {processor.py:809} INFO - DAG(s) dict_keys(['dados_climaticos']) retrieved from /opt/airflow/dags/dados_climaticos.py
[2023-05-12T16:30:41.950+0000] {logging_mixin.py:149} INFO - [2023-05-12T16:30:41.950+0000] {dag.py:2726} INFO - Sync 1 DAGs
[2023-05-12T16:30:42.053+0000] {logging_mixin.py:149} INFO - [2023-05-12T16:30:42.052+0000] {dag.py:3490} INFO - Setting next_dagrun for dados_climaticos to 2022-08-22T00:00:00+00:00, run_after=2022-08-29T00:00:00+00:00
[2023-05-12T16:30:42.236+0000] {processor.py:178} INFO - Processing /opt/airflow/dags/dados_climaticos.py took 13.212 seconds
[2023-05-12T16:31:12.889+0000] {processor.py:156} INFO - Started process (PID=551) to work on /opt/airflow/dags/dados_climaticos.py
[2023-05-12T16:31:12.894+0000] {processor.py:799} INFO - Processing file /opt/airflow/dags/dados_climaticos.py for tasks to queue
[2023-05-12T16:31:12.899+0000] {logging_mixin.py:149} INFO - [2023-05-12T16:31:12.898+0000] {dagbag.py:541} INFO - Filling up the DagBag from /opt/airflow/dags/dados_climaticos.py
[2023-05-12T16:31:15.003+0000] {processor.py:809} INFO - DAG(s) dict_keys(['dados_climaticos']) retrieved from /opt/airflow/dags/dados_climaticos.py
[2023-05-12T16:31:15.153+0000] {logging_mixin.py:149} INFO - [2023-05-12T16:31:15.153+0000] {dag.py:2726} INFO - Sync 1 DAGs
[2023-05-12T16:31:15.319+0000] {logging_mixin.py:149} INFO - [2023-05-12T16:31:15.318+0000] {dag.py:3490} INFO - Setting next_dagrun for dados_climaticos to 2022-08-22T00:00:00+00:00, run_after=2022-08-29T00:00:00+00:00
[2023-05-12T16:31:15.459+0000] {processor.py:178} INFO - Processing /opt/airflow/dags/dados_climaticos.py took 2.589 seconds
[2023-05-12T16:31:45.837+0000] {processor.py:156} INFO - Started process (PID=615) to work on /opt/airflow/dags/dados_climaticos.py
[2023-05-12T16:31:45.840+0000] {processor.py:799} INFO - Processing file /opt/airflow/dags/dados_climaticos.py for tasks to queue
[2023-05-12T16:31:45.845+0000] {logging_mixin.py:149} INFO - [2023-05-12T16:31:45.845+0000] {dagbag.py:541} INFO - Filling up the DagBag from /opt/airflow/dags/dados_climaticos.py
[2023-05-12T16:31:55.856+0000] {processor.py:809} INFO - DAG(s) dict_keys(['dados_climaticos']) retrieved from /opt/airflow/dags/dados_climaticos.py
[2023-05-12T16:31:55.908+0000] {logging_mixin.py:149} INFO - [2023-05-12T16:31:55.908+0000] {dag.py:2726} INFO - Sync 1 DAGs
[2023-05-12T16:31:55.971+0000] {logging_mixin.py:149} INFO - [2023-05-12T16:31:55.971+0000] {dag.py:3490} INFO - Setting next_dagrun for dados_climaticos to 2022-08-22T00:00:00+00:00, run_after=2022-08-29T00:00:00+00:00
[2023-05-12T16:31:56.190+0000] {processor.py:178} INFO - Processing /opt/airflow/dags/dados_climaticos.py took 10.392 seconds
[2023-05-12T16:32:27.232+0000] {processor.py:156} INFO - Started process (PID=686) to work on /opt/airflow/dags/dados_climaticos.py
[2023-05-12T16:32:27.236+0000] {processor.py:799} INFO - Processing file /opt/airflow/dags/dados_climaticos.py for tasks to queue
[2023-05-12T16:32:27.238+0000] {logging_mixin.py:149} INFO - [2023-05-12T16:32:27.238+0000] {dagbag.py:541} INFO - Filling up the DagBag from /opt/airflow/dags/dados_climaticos.py
[2023-05-12T16:32:29.309+0000] {processor.py:809} INFO - DAG(s) dict_keys(['dados_climaticos']) retrieved from /opt/airflow/dags/dados_climaticos.py
[2023-05-12T16:32:29.356+0000] {logging_mixin.py:149} INFO - [2023-05-12T16:32:29.355+0000] {dag.py:2726} INFO - Sync 1 DAGs
[2023-05-12T16:32:29.423+0000] {logging_mixin.py:149} INFO - [2023-05-12T16:32:29.423+0000] {dag.py:3490} INFO - Setting next_dagrun for dados_climaticos to 2022-08-22T00:00:00+00:00, run_after=2022-08-29T00:00:00+00:00
[2023-05-12T16:32:29.603+0000] {processor.py:178} INFO - Processing /opt/airflow/dags/dados_climaticos.py took 2.386 seconds
[2023-05-12T16:32:59.900+0000] {processor.py:156} INFO - Started process (PID=748) to work on /opt/airflow/dags/dados_climaticos.py
[2023-05-12T16:32:59.903+0000] {processor.py:799} INFO - Processing file /opt/airflow/dags/dados_climaticos.py for tasks to queue
[2023-05-12T16:32:59.907+0000] {logging_mixin.py:149} INFO - [2023-05-12T16:32:59.907+0000] {dagbag.py:541} INFO - Filling up the DagBag from /opt/airflow/dags/dados_climaticos.py
[2023-05-12T16:33:01.871+0000] {processor.py:809} INFO - DAG(s) dict_keys(['dados_climaticos']) retrieved from /opt/airflow/dags/dados_climaticos.py
[2023-05-12T16:33:01.955+0000] {logging_mixin.py:149} INFO - [2023-05-12T16:33:01.954+0000] {dag.py:2726} INFO - Sync 1 DAGs
[2023-05-12T16:33:02.110+0000] {logging_mixin.py:149} INFO - [2023-05-12T16:33:02.109+0000] {dag.py:3490} INFO - Setting next_dagrun for dados_climaticos to 2022-08-22T00:00:00+00:00, run_after=2022-08-29T00:00:00+00:00
[2023-05-12T16:33:02.341+0000] {processor.py:178} INFO - Processing /opt/airflow/dags/dados_climaticos.py took 2.458 seconds
[2023-05-12T16:33:32.541+0000] {processor.py:156} INFO - Started process (PID=812) to work on /opt/airflow/dags/dados_climaticos.py
[2023-05-12T16:33:32.544+0000] {processor.py:799} INFO - Processing file /opt/airflow/dags/dados_climaticos.py for tasks to queue
[2023-05-12T16:33:32.546+0000] {logging_mixin.py:149} INFO - [2023-05-12T16:33:32.546+0000] {dagbag.py:541} INFO - Filling up the DagBag from /opt/airflow/dags/dados_climaticos.py
[2023-05-12T16:33:34.146+0000] {processor.py:809} INFO - DAG(s) dict_keys(['dados_climaticos']) retrieved from /opt/airflow/dags/dados_climaticos.py
[2023-05-12T16:33:34.188+0000] {logging_mixin.py:149} INFO - [2023-05-12T16:33:34.187+0000] {dag.py:2726} INFO - Sync 1 DAGs
[2023-05-12T16:33:34.238+0000] {logging_mixin.py:149} INFO - [2023-05-12T16:33:34.238+0000] {dag.py:3490} INFO - Setting next_dagrun for dados_climaticos to 2022-08-22T00:00:00+00:00, run_after=2022-08-29T00:00:00+00:00
[2023-05-12T16:33:34.568+0000] {processor.py:178} INFO - Processing /opt/airflow/dags/dados_climaticos.py took 2.047 seconds
[2023-05-12T16:34:05.078+0000] {processor.py:156} INFO - Started process (PID=876) to work on /opt/airflow/dags/dados_climaticos.py
[2023-05-12T16:34:05.082+0000] {processor.py:799} INFO - Processing file /opt/airflow/dags/dados_climaticos.py for tasks to queue
[2023-05-12T16:34:05.085+0000] {logging_mixin.py:149} INFO - [2023-05-12T16:34:05.085+0000] {dagbag.py:541} INFO - Filling up the DagBag from /opt/airflow/dags/dados_climaticos.py
[2023-05-12T16:34:06.674+0000] {processor.py:809} INFO - DAG(s) dict_keys(['dados_climaticos']) retrieved from /opt/airflow/dags/dados_climaticos.py
[2023-05-12T16:34:06.746+0000] {logging_mixin.py:149} INFO - [2023-05-12T16:34:06.746+0000] {dag.py:2726} INFO - Sync 1 DAGs
[2023-05-12T16:34:06.858+0000] {logging_mixin.py:149} INFO - [2023-05-12T16:34:06.857+0000] {dag.py:3490} INFO - Setting next_dagrun for dados_climaticos to 2022-08-22T00:00:00+00:00, run_after=2022-08-29T00:00:00+00:00
[2023-05-12T16:34:07.010+0000] {processor.py:178} INFO - Processing /opt/airflow/dags/dados_climaticos.py took 1.957 seconds
[2023-05-12T16:34:37.260+0000] {processor.py:156} INFO - Started process (PID=941) to work on /opt/airflow/dags/dados_climaticos.py
[2023-05-12T16:34:37.263+0000] {processor.py:799} INFO - Processing file /opt/airflow/dags/dados_climaticos.py for tasks to queue
[2023-05-12T16:34:37.265+0000] {logging_mixin.py:149} INFO - [2023-05-12T16:34:37.265+0000] {dagbag.py:541} INFO - Filling up the DagBag from /opt/airflow/dags/dados_climaticos.py
[2023-05-12T16:34:39.902+0000] {processor.py:809} INFO - DAG(s) dict_keys(['dados_climaticos']) retrieved from /opt/airflow/dags/dados_climaticos.py
[2023-05-12T16:34:39.941+0000] {logging_mixin.py:149} INFO - [2023-05-12T16:34:39.941+0000] {dag.py:2726} INFO - Sync 1 DAGs
[2023-05-12T16:34:39.993+0000] {logging_mixin.py:149} INFO - [2023-05-12T16:34:39.992+0000] {dag.py:3490} INFO - Setting next_dagrun for dados_climaticos to 2022-08-22T00:00:00+00:00, run_after=2022-08-29T00:00:00+00:00
[2023-05-12T16:34:40.174+0000] {processor.py:178} INFO - Processing /opt/airflow/dags/dados_climaticos.py took 2.922 seconds
[2023-05-12T16:35:10.608+0000] {processor.py:156} INFO - Started process (PID=1008) to work on /opt/airflow/dags/dados_climaticos.py
[2023-05-12T16:35:10.612+0000] {processor.py:799} INFO - Processing file /opt/airflow/dags/dados_climaticos.py for tasks to queue
[2023-05-12T16:35:10.615+0000] {logging_mixin.py:149} INFO - [2023-05-12T16:35:10.614+0000] {dagbag.py:541} INFO - Filling up the DagBag from /opt/airflow/dags/dados_climaticos.py
[2023-05-12T16:35:15.565+0000] {processor.py:809} INFO - DAG(s) dict_keys(['dados_climaticos']) retrieved from /opt/airflow/dags/dados_climaticos.py
[2023-05-12T16:35:15.654+0000] {logging_mixin.py:149} INFO - [2023-05-12T16:35:15.654+0000] {dag.py:2726} INFO - Sync 1 DAGs
[2023-05-12T16:35:15.760+0000] {logging_mixin.py:149} INFO - [2023-05-12T16:35:15.760+0000] {dag.py:3490} INFO - Setting next_dagrun for dados_climaticos to 2022-08-22T00:00:00+00:00, run_after=2022-08-29T00:00:00+00:00
[2023-05-12T16:35:15.906+0000] {processor.py:178} INFO - Processing /opt/airflow/dags/dados_climaticos.py took 5.321 seconds
[2023-05-12T16:35:46.290+0000] {processor.py:156} INFO - Started process (PID=1081) to work on /opt/airflow/dags/dados_climaticos.py
[2023-05-12T16:35:46.293+0000] {processor.py:799} INFO - Processing file /opt/airflow/dags/dados_climaticos.py for tasks to queue
[2023-05-12T16:35:46.296+0000] {logging_mixin.py:149} INFO - [2023-05-12T16:35:46.296+0000] {dagbag.py:541} INFO - Filling up the DagBag from /opt/airflow/dags/dados_climaticos.py
[2023-05-12T16:35:54.171+0000] {processor.py:809} INFO - DAG(s) dict_keys(['dados_climaticos']) retrieved from /opt/airflow/dags/dados_climaticos.py
[2023-05-12T16:35:54.318+0000] {logging_mixin.py:149} INFO - [2023-05-12T16:35:54.317+0000] {dag.py:2726} INFO - Sync 1 DAGs
[2023-05-12T16:35:54.635+0000] {logging_mixin.py:149} INFO - [2023-05-12T16:35:54.634+0000] {dag.py:3490} INFO - Setting next_dagrun for dados_climaticos to 2022-08-22T00:00:00+00:00, run_after=2022-08-29T00:00:00+00:00
[2023-05-12T16:35:55.027+0000] {processor.py:178} INFO - Processing /opt/airflow/dags/dados_climaticos.py took 8.750 seconds
[2023-05-12T16:36:25.185+0000] {processor.py:156} INFO - Started process (PID=1145) to work on /opt/airflow/dags/dados_climaticos.py
[2023-05-12T16:36:25.187+0000] {processor.py:799} INFO - Processing file /opt/airflow/dags/dados_climaticos.py for tasks to queue
[2023-05-12T16:36:25.190+0000] {logging_mixin.py:149} INFO - [2023-05-12T16:36:25.190+0000] {dagbag.py:541} INFO - Filling up the DagBag from /opt/airflow/dags/dados_climaticos.py
[2023-05-12T16:36:29.960+0000] {processor.py:809} INFO - DAG(s) dict_keys(['dados_climaticos']) retrieved from /opt/airflow/dags/dados_climaticos.py
[2023-05-12T16:36:29.997+0000] {logging_mixin.py:149} INFO - [2023-05-12T16:36:29.997+0000] {dag.py:2726} INFO - Sync 1 DAGs
[2023-05-12T16:36:30.048+0000] {logging_mixin.py:149} INFO - [2023-05-12T16:36:30.048+0000] {dag.py:3490} INFO - Setting next_dagrun for dados_climaticos to 2022-08-22T00:00:00+00:00, run_after=2022-08-29T00:00:00+00:00
[2023-05-12T16:36:32.599+0000] {processor.py:178} INFO - Processing /opt/airflow/dags/dados_climaticos.py took 7.425 seconds
[2023-05-12T16:37:02.958+0000] {processor.py:156} INFO - Started process (PID=1213) to work on /opt/airflow/dags/dados_climaticos.py
[2023-05-12T16:37:02.961+0000] {processor.py:799} INFO - Processing file /opt/airflow/dags/dados_climaticos.py for tasks to queue
[2023-05-12T16:37:02.968+0000] {logging_mixin.py:149} INFO - [2023-05-12T16:37:02.965+0000] {dagbag.py:541} INFO - Filling up the DagBag from /opt/airflow/dags/dados_climaticos.py
[2023-05-12T16:37:04.934+0000] {processor.py:809} INFO - DAG(s) dict_keys(['dados_climaticos']) retrieved from /opt/airflow/dags/dados_climaticos.py
[2023-05-12T16:37:05.071+0000] {logging_mixin.py:149} INFO - [2023-05-12T16:37:05.070+0000] {dag.py:2726} INFO - Sync 1 DAGs
[2023-05-12T16:37:05.216+0000] {logging_mixin.py:149} INFO - [2023-05-12T16:37:05.215+0000] {dag.py:3490} INFO - Setting next_dagrun for dados_climaticos to 2022-08-22T00:00:00+00:00, run_after=2022-08-29T00:00:00+00:00
[2023-05-12T16:37:05.518+0000] {processor.py:178} INFO - Processing /opt/airflow/dags/dados_climaticos.py took 2.574 seconds
[2023-05-12T16:37:36.364+0000] {processor.py:156} INFO - Started process (PID=1280) to work on /opt/airflow/dags/dados_climaticos.py
[2023-05-12T16:37:36.368+0000] {processor.py:799} INFO - Processing file /opt/airflow/dags/dados_climaticos.py for tasks to queue
[2023-05-12T16:37:36.371+0000] {logging_mixin.py:149} INFO - [2023-05-12T16:37:36.370+0000] {dagbag.py:541} INFO - Filling up the DagBag from /opt/airflow/dags/dados_climaticos.py
[2023-05-12T16:37:37.547+0000] {processor.py:809} INFO - DAG(s) dict_keys(['dados_climaticos']) retrieved from /opt/airflow/dags/dados_climaticos.py
[2023-05-12T16:37:37.591+0000] {logging_mixin.py:149} INFO - [2023-05-12T16:37:37.591+0000] {dag.py:2726} INFO - Sync 1 DAGs
[2023-05-12T16:37:37.677+0000] {logging_mixin.py:149} INFO - [2023-05-12T16:37:37.677+0000] {dag.py:3490} INFO - Setting next_dagrun for dados_climaticos to 2022-08-22T00:00:00+00:00, run_after=2022-08-29T00:00:00+00:00
[2023-05-12T16:37:37.808+0000] {processor.py:178} INFO - Processing /opt/airflow/dags/dados_climaticos.py took 1.476 seconds
[2023-05-12T16:38:07.912+0000] {processor.py:156} INFO - Started process (PID=1343) to work on /opt/airflow/dags/dados_climaticos.py
[2023-05-12T16:38:07.914+0000] {processor.py:799} INFO - Processing file /opt/airflow/dags/dados_climaticos.py for tasks to queue
[2023-05-12T16:38:07.916+0000] {logging_mixin.py:149} INFO - [2023-05-12T16:38:07.915+0000] {dagbag.py:541} INFO - Filling up the DagBag from /opt/airflow/dags/dados_climaticos.py
[2023-05-12T16:38:09.228+0000] {processor.py:809} INFO - DAG(s) dict_keys(['dados_climaticos']) retrieved from /opt/airflow/dags/dados_climaticos.py
[2023-05-12T16:38:09.343+0000] {logging_mixin.py:149} INFO - [2023-05-12T16:38:09.342+0000] {dag.py:2726} INFO - Sync 1 DAGs
[2023-05-12T16:38:09.611+0000] {logging_mixin.py:149} INFO - [2023-05-12T16:38:09.611+0000] {dag.py:3490} INFO - Setting next_dagrun for dados_climaticos to 2022-08-22T00:00:00+00:00, run_after=2022-08-29T00:00:00+00:00
[2023-05-12T16:38:10.021+0000] {processor.py:178} INFO - Processing /opt/airflow/dags/dados_climaticos.py took 2.117 seconds
[2023-05-12T16:38:40.511+0000] {processor.py:156} INFO - Started process (PID=1384) to work on /opt/airflow/dags/dados_climaticos.py
[2023-05-12T16:38:40.516+0000] {processor.py:799} INFO - Processing file /opt/airflow/dags/dados_climaticos.py for tasks to queue
[2023-05-12T16:38:40.520+0000] {logging_mixin.py:149} INFO - [2023-05-12T16:38:40.519+0000] {dagbag.py:541} INFO - Filling up the DagBag from /opt/airflow/dags/dados_climaticos.py
[2023-05-12T16:38:53.201+0000] {processor.py:809} INFO - DAG(s) dict_keys(['dados_climaticos']) retrieved from /opt/airflow/dags/dados_climaticos.py
[2023-05-12T16:38:53.269+0000] {logging_mixin.py:149} INFO - [2023-05-12T16:38:53.268+0000] {dag.py:2726} INFO - Sync 1 DAGs
[2023-05-12T16:38:53.384+0000] {logging_mixin.py:149} INFO - [2023-05-12T16:38:53.384+0000] {dag.py:3490} INFO - Setting next_dagrun for dados_climaticos to 2022-08-22T00:00:00+00:00, run_after=2022-08-29T00:00:00+00:00
[2023-05-12T16:38:53.676+0000] {processor.py:178} INFO - Processing /opt/airflow/dags/dados_climaticos.py took 13.176 seconds
[2023-05-12T16:39:23.916+0000] {processor.py:156} INFO - Started process (PID=1471) to work on /opt/airflow/dags/dados_climaticos.py
[2023-05-12T16:39:23.921+0000] {processor.py:799} INFO - Processing file /opt/airflow/dags/dados_climaticos.py for tasks to queue
[2023-05-12T16:39:23.923+0000] {logging_mixin.py:149} INFO - [2023-05-12T16:39:23.923+0000] {dagbag.py:541} INFO - Filling up the DagBag from /opt/airflow/dags/dados_climaticos.py
[2023-05-12T16:39:25.855+0000] {processor.py:809} INFO - DAG(s) dict_keys(['dados_climaticos']) retrieved from /opt/airflow/dags/dados_climaticos.py
[2023-05-12T16:39:25.927+0000] {logging_mixin.py:149} INFO - [2023-05-12T16:39:25.927+0000] {dag.py:2726} INFO - Sync 1 DAGs
[2023-05-12T16:39:26.053+0000] {logging_mixin.py:149} INFO - [2023-05-12T16:39:26.052+0000] {dag.py:3490} INFO - Setting next_dagrun for dados_climaticos to 2022-08-22T00:00:00+00:00, run_after=2022-08-29T00:00:00+00:00
[2023-05-12T16:39:26.450+0000] {processor.py:178} INFO - Processing /opt/airflow/dags/dados_climaticos.py took 2.548 seconds
[2023-05-12T16:39:56.596+0000] {processor.py:156} INFO - Started process (PID=1530) to work on /opt/airflow/dags/dados_climaticos.py
[2023-05-12T16:39:56.601+0000] {processor.py:799} INFO - Processing file /opt/airflow/dags/dados_climaticos.py for tasks to queue
[2023-05-12T16:39:56.604+0000] {logging_mixin.py:149} INFO - [2023-05-12T16:39:56.603+0000] {dagbag.py:541} INFO - Filling up the DagBag from /opt/airflow/dags/dados_climaticos.py
[2023-05-12T16:39:58.763+0000] {processor.py:809} INFO - DAG(s) dict_keys(['dados_climaticos']) retrieved from /opt/airflow/dags/dados_climaticos.py
[2023-05-12T16:39:58.807+0000] {logging_mixin.py:149} INFO - [2023-05-12T16:39:58.806+0000] {dag.py:2726} INFO - Sync 1 DAGs
[2023-05-12T16:39:58.931+0000] {logging_mixin.py:149} INFO - [2023-05-12T16:39:58.930+0000] {dag.py:3490} INFO - Setting next_dagrun for dados_climaticos to 2022-08-22T00:00:00+00:00, run_after=2022-08-29T00:00:00+00:00
[2023-05-12T16:39:59.528+0000] {processor.py:178} INFO - Processing /opt/airflow/dags/dados_climaticos.py took 2.948 seconds
[2023-05-12T16:40:29.798+0000] {processor.py:156} INFO - Started process (PID=1598) to work on /opt/airflow/dags/dados_climaticos.py
[2023-05-12T16:40:29.800+0000] {processor.py:799} INFO - Processing file /opt/airflow/dags/dados_climaticos.py for tasks to queue
[2023-05-12T16:40:29.802+0000] {logging_mixin.py:149} INFO - [2023-05-12T16:40:29.801+0000] {dagbag.py:541} INFO - Filling up the DagBag from /opt/airflow/dags/dados_climaticos.py
[2023-05-12T16:40:32.918+0000] {processor.py:809} INFO - DAG(s) dict_keys(['dados_climaticos']) retrieved from /opt/airflow/dags/dados_climaticos.py
[2023-05-12T16:40:32.996+0000] {logging_mixin.py:149} INFO - [2023-05-12T16:40:32.995+0000] {dag.py:2726} INFO - Sync 1 DAGs
[2023-05-12T16:40:33.087+0000] {logging_mixin.py:149} INFO - [2023-05-12T16:40:33.087+0000] {dag.py:3490} INFO - Setting next_dagrun for dados_climaticos to 2022-08-22T00:00:00+00:00, run_after=2022-08-29T00:00:00+00:00
[2023-05-12T16:40:33.292+0000] {processor.py:178} INFO - Processing /opt/airflow/dags/dados_climaticos.py took 3.499 seconds
[2023-05-12T16:41:03.902+0000] {processor.py:156} INFO - Started process (PID=1662) to work on /opt/airflow/dags/dados_climaticos.py
[2023-05-12T16:41:03.904+0000] {processor.py:799} INFO - Processing file /opt/airflow/dags/dados_climaticos.py for tasks to queue
[2023-05-12T16:41:03.907+0000] {logging_mixin.py:149} INFO - [2023-05-12T16:41:03.907+0000] {dagbag.py:541} INFO - Filling up the DagBag from /opt/airflow/dags/dados_climaticos.py
[2023-05-12T16:41:07.082+0000] {processor.py:809} INFO - DAG(s) dict_keys(['dados_climaticos']) retrieved from /opt/airflow/dags/dados_climaticos.py
[2023-05-12T16:41:07.162+0000] {logging_mixin.py:149} INFO - [2023-05-12T16:41:07.161+0000] {dag.py:2726} INFO - Sync 1 DAGs
[2023-05-12T16:41:07.248+0000] {logging_mixin.py:149} INFO - [2023-05-12T16:41:07.248+0000] {dag.py:3490} INFO - Setting next_dagrun for dados_climaticos to 2022-08-22T00:00:00+00:00, run_after=2022-08-29T00:00:00+00:00
[2023-05-12T16:41:07.454+0000] {processor.py:178} INFO - Processing /opt/airflow/dags/dados_climaticos.py took 3.560 seconds
[2023-05-12T16:41:37.806+0000] {processor.py:156} INFO - Started process (PID=1721) to work on /opt/airflow/dags/dados_climaticos.py
[2023-05-12T16:41:37.809+0000] {processor.py:799} INFO - Processing file /opt/airflow/dags/dados_climaticos.py for tasks to queue
[2023-05-12T16:41:37.812+0000] {logging_mixin.py:149} INFO - [2023-05-12T16:41:37.811+0000] {dagbag.py:541} INFO - Filling up the DagBag from /opt/airflow/dags/dados_climaticos.py
[2023-05-12T16:41:40.111+0000] {processor.py:809} INFO - DAG(s) dict_keys(['dados_climaticos']) retrieved from /opt/airflow/dags/dados_climaticos.py
[2023-05-12T16:41:40.192+0000] {logging_mixin.py:149} INFO - [2023-05-12T16:41:40.192+0000] {dag.py:2726} INFO - Sync 1 DAGs
[2023-05-12T16:41:40.317+0000] {logging_mixin.py:149} INFO - [2023-05-12T16:41:40.317+0000] {dag.py:3490} INFO - Setting next_dagrun for dados_climaticos to 2022-08-22T00:00:00+00:00, run_after=2022-08-29T00:00:00+00:00
[2023-05-12T16:41:41.071+0000] {processor.py:178} INFO - Processing /opt/airflow/dags/dados_climaticos.py took 3.276 seconds
[2023-05-12T16:42:11.655+0000] {processor.py:156} INFO - Started process (PID=1790) to work on /opt/airflow/dags/dados_climaticos.py
[2023-05-12T16:42:11.657+0000] {processor.py:799} INFO - Processing file /opt/airflow/dags/dados_climaticos.py for tasks to queue
[2023-05-12T16:42:11.658+0000] {logging_mixin.py:149} INFO - [2023-05-12T16:42:11.658+0000] {dagbag.py:541} INFO - Filling up the DagBag from /opt/airflow/dags/dados_climaticos.py
[2023-05-12T16:42:14.033+0000] {processor.py:809} INFO - DAG(s) dict_keys(['dados_climaticos']) retrieved from /opt/airflow/dags/dados_climaticos.py
[2023-05-12T16:42:14.091+0000] {logging_mixin.py:149} INFO - [2023-05-12T16:42:14.090+0000] {dag.py:2726} INFO - Sync 1 DAGs
[2023-05-12T16:42:14.180+0000] {logging_mixin.py:149} INFO - [2023-05-12T16:42:14.180+0000] {dag.py:3490} INFO - Setting next_dagrun for dados_climaticos to 2022-08-22T00:00:00+00:00, run_after=2022-08-29T00:00:00+00:00
[2023-05-12T16:42:16.038+0000] {processor.py:178} INFO - Processing /opt/airflow/dags/dados_climaticos.py took 4.389 seconds
[2023-05-12T16:42:46.518+0000] {processor.py:156} INFO - Started process (PID=1853) to work on /opt/airflow/dags/dados_climaticos.py
[2023-05-12T16:42:46.521+0000] {processor.py:799} INFO - Processing file /opt/airflow/dags/dados_climaticos.py for tasks to queue
[2023-05-12T16:42:46.523+0000] {logging_mixin.py:149} INFO - [2023-05-12T16:42:46.523+0000] {dagbag.py:541} INFO - Filling up the DagBag from /opt/airflow/dags/dados_climaticos.py
[2023-05-12T16:42:47.610+0000] {processor.py:809} INFO - DAG(s) dict_keys(['dados_climaticos']) retrieved from /opt/airflow/dags/dados_climaticos.py
[2023-05-12T16:42:47.652+0000] {logging_mixin.py:149} INFO - [2023-05-12T16:42:47.652+0000] {dag.py:2726} INFO - Sync 1 DAGs
[2023-05-12T16:42:47.703+0000] {logging_mixin.py:149} INFO - [2023-05-12T16:42:47.703+0000] {dag.py:3490} INFO - Setting next_dagrun for dados_climaticos to 2022-08-22T00:00:00+00:00, run_after=2022-08-29T00:00:00+00:00
[2023-05-12T16:42:48.244+0000] {processor.py:178} INFO - Processing /opt/airflow/dags/dados_climaticos.py took 1.739 seconds
[2023-05-12T16:43:18.385+0000] {processor.py:156} INFO - Started process (PID=1916) to work on /opt/airflow/dags/dados_climaticos.py
[2023-05-12T16:43:18.387+0000] {processor.py:799} INFO - Processing file /opt/airflow/dags/dados_climaticos.py for tasks to queue
[2023-05-12T16:43:18.390+0000] {logging_mixin.py:149} INFO - [2023-05-12T16:43:18.390+0000] {dagbag.py:541} INFO - Filling up the DagBag from /opt/airflow/dags/dados_climaticos.py
[2023-05-12T16:43:30.943+0000] {processor.py:809} INFO - DAG(s) dict_keys(['dados_climaticos']) retrieved from /opt/airflow/dags/dados_climaticos.py
[2023-05-12T16:43:30.988+0000] {logging_mixin.py:149} INFO - [2023-05-12T16:43:30.988+0000] {dag.py:2726} INFO - Sync 1 DAGs
[2023-05-12T16:43:31.114+0000] {logging_mixin.py:149} INFO - [2023-05-12T16:43:31.114+0000] {dag.py:3490} INFO - Setting next_dagrun for dados_climaticos to 2022-08-22T00:00:00+00:00, run_after=2022-08-29T00:00:00+00:00
[2023-05-12T16:43:31.683+0000] {processor.py:178} INFO - Processing /opt/airflow/dags/dados_climaticos.py took 13.305 seconds
[2023-05-12T16:44:02.082+0000] {processor.py:156} INFO - Started process (PID=1983) to work on /opt/airflow/dags/dados_climaticos.py
[2023-05-12T16:44:02.084+0000] {processor.py:799} INFO - Processing file /opt/airflow/dags/dados_climaticos.py for tasks to queue
[2023-05-12T16:44:02.086+0000] {logging_mixin.py:149} INFO - [2023-05-12T16:44:02.086+0000] {dagbag.py:541} INFO - Filling up the DagBag from /opt/airflow/dags/dados_climaticos.py
[2023-05-12T16:44:07.100+0000] {processor.py:809} INFO - DAG(s) dict_keys(['dados_climaticos']) retrieved from /opt/airflow/dags/dados_climaticos.py
[2023-05-12T16:44:07.147+0000] {logging_mixin.py:149} INFO - [2023-05-12T16:44:07.147+0000] {dag.py:2726} INFO - Sync 1 DAGs
[2023-05-12T16:44:07.289+0000] {logging_mixin.py:149} INFO - [2023-05-12T16:44:07.288+0000] {dag.py:3490} INFO - Setting next_dagrun for dados_climaticos to 2022-08-22T00:00:00+00:00, run_after=2022-08-29T00:00:00+00:00
[2023-05-12T16:44:07.504+0000] {processor.py:178} INFO - Processing /opt/airflow/dags/dados_climaticos.py took 5.427 seconds
[2023-05-12T16:44:38.489+0000] {processor.py:156} INFO - Started process (PID=2049) to work on /opt/airflow/dags/dados_climaticos.py
[2023-05-12T16:44:38.490+0000] {processor.py:799} INFO - Processing file /opt/airflow/dags/dados_climaticos.py for tasks to queue
[2023-05-12T16:44:38.492+0000] {logging_mixin.py:149} INFO - [2023-05-12T16:44:38.492+0000] {dagbag.py:541} INFO - Filling up the DagBag from /opt/airflow/dags/dados_climaticos.py
[2023-05-12T16:44:53.955+0000] {processor.py:809} INFO - DAG(s) dict_keys(['dados_climaticos']) retrieved from /opt/airflow/dags/dados_climaticos.py
[2023-05-12T16:44:54.272+0000] {logging_mixin.py:149} INFO - [2023-05-12T16:44:54.272+0000] {dag.py:2726} INFO - Sync 1 DAGs
[2023-05-12T16:44:54.464+0000] {logging_mixin.py:149} INFO - [2023-05-12T16:44:54.463+0000] {dag.py:3490} INFO - Setting next_dagrun for dados_climaticos to 2022-08-22T00:00:00+00:00, run_after=2022-08-29T00:00:00+00:00
[2023-05-12T16:44:54.755+0000] {processor.py:178} INFO - Processing /opt/airflow/dags/dados_climaticos.py took 16.208 seconds
[2023-05-12T16:45:25.414+0000] {processor.py:156} INFO - Started process (PID=2112) to work on /opt/airflow/dags/dados_climaticos.py
[2023-05-12T16:45:25.416+0000] {processor.py:799} INFO - Processing file /opt/airflow/dags/dados_climaticos.py for tasks to queue
[2023-05-12T16:45:25.419+0000] {logging_mixin.py:149} INFO - [2023-05-12T16:45:25.418+0000] {dagbag.py:541} INFO - Filling up the DagBag from /opt/airflow/dags/dados_climaticos.py
[2023-05-12T16:45:28.242+0000] {processor.py:809} INFO - DAG(s) dict_keys(['dados_climaticos']) retrieved from /opt/airflow/dags/dados_climaticos.py
[2023-05-12T16:45:28.319+0000] {logging_mixin.py:149} INFO - [2023-05-12T16:45:28.318+0000] {dag.py:2726} INFO - Sync 1 DAGs
[2023-05-12T16:45:28.424+0000] {logging_mixin.py:149} INFO - [2023-05-12T16:45:28.424+0000] {dag.py:3490} INFO - Setting next_dagrun for dados_climaticos to 2022-08-22T00:00:00+00:00, run_after=2022-08-29T00:00:00+00:00
[2023-05-12T16:45:28.874+0000] {processor.py:178} INFO - Processing /opt/airflow/dags/dados_climaticos.py took 3.469 seconds
[2023-05-12T16:45:59.699+0000] {processor.py:156} INFO - Started process (PID=2176) to work on /opt/airflow/dags/dados_climaticos.py
[2023-05-12T16:45:59.702+0000] {processor.py:799} INFO - Processing file /opt/airflow/dags/dados_climaticos.py for tasks to queue
[2023-05-12T16:45:59.705+0000] {logging_mixin.py:149} INFO - [2023-05-12T16:45:59.705+0000] {dagbag.py:541} INFO - Filling up the DagBag from /opt/airflow/dags/dados_climaticos.py
[2023-05-12T16:46:00.877+0000] {processor.py:809} INFO - DAG(s) dict_keys(['dados_climaticos']) retrieved from /opt/airflow/dags/dados_climaticos.py
[2023-05-12T16:46:00.941+0000] {logging_mixin.py:149} INFO - [2023-05-12T16:46:00.941+0000] {dag.py:2726} INFO - Sync 1 DAGs
[2023-05-12T16:46:01.040+0000] {logging_mixin.py:149} INFO - [2023-05-12T16:46:01.040+0000] {dag.py:3490} INFO - Setting next_dagrun for dados_climaticos to 2022-08-22T00:00:00+00:00, run_after=2022-08-29T00:00:00+00:00
[2023-05-12T16:46:01.209+0000] {processor.py:178} INFO - Processing /opt/airflow/dags/dados_climaticos.py took 1.518 seconds
[2023-05-12T16:46:31.980+0000] {processor.py:156} INFO - Started process (PID=2239) to work on /opt/airflow/dags/dados_climaticos.py
[2023-05-12T16:46:31.982+0000] {processor.py:799} INFO - Processing file /opt/airflow/dags/dados_climaticos.py for tasks to queue
[2023-05-12T16:46:31.985+0000] {logging_mixin.py:149} INFO - [2023-05-12T16:46:31.985+0000] {dagbag.py:541} INFO - Filling up the DagBag from /opt/airflow/dags/dados_climaticos.py
[2023-05-12T16:46:33.143+0000] {processor.py:809} INFO - DAG(s) dict_keys(['dados_climaticos']) retrieved from /opt/airflow/dags/dados_climaticos.py
[2023-05-12T16:46:33.212+0000] {logging_mixin.py:149} INFO - [2023-05-12T16:46:33.211+0000] {dag.py:2726} INFO - Sync 1 DAGs
[2023-05-12T16:46:33.303+0000] {logging_mixin.py:149} INFO - [2023-05-12T16:46:33.303+0000] {dag.py:3490} INFO - Setting next_dagrun for dados_climaticos to 2022-08-22T00:00:00+00:00, run_after=2022-08-29T00:00:00+00:00
[2023-05-12T16:46:33.419+0000] {processor.py:178} INFO - Processing /opt/airflow/dags/dados_climaticos.py took 1.452 seconds
[2023-05-12T16:47:03.840+0000] {processor.py:156} INFO - Started process (PID=2304) to work on /opt/airflow/dags/dados_climaticos.py
[2023-05-12T16:47:03.842+0000] {processor.py:799} INFO - Processing file /opt/airflow/dags/dados_climaticos.py for tasks to queue
[2023-05-12T16:47:03.845+0000] {logging_mixin.py:149} INFO - [2023-05-12T16:47:03.845+0000] {dagbag.py:541} INFO - Filling up the DagBag from /opt/airflow/dags/dados_climaticos.py
[2023-05-12T16:47:05.429+0000] {processor.py:809} INFO - DAG(s) dict_keys(['dados_climaticos']) retrieved from /opt/airflow/dags/dados_climaticos.py
[2023-05-12T16:47:05.517+0000] {logging_mixin.py:149} INFO - [2023-05-12T16:47:05.516+0000] {dag.py:2726} INFO - Sync 1 DAGs
[2023-05-12T16:47:05.648+0000] {logging_mixin.py:149} INFO - [2023-05-12T16:47:05.647+0000] {dag.py:3490} INFO - Setting next_dagrun for dados_climaticos to 2022-08-22T00:00:00+00:00, run_after=2022-08-29T00:00:00+00:00
[2023-05-12T16:47:05.857+0000] {processor.py:178} INFO - Processing /opt/airflow/dags/dados_climaticos.py took 2.026 seconds
[2023-05-12T16:47:36.249+0000] {processor.py:156} INFO - Started process (PID=2369) to work on /opt/airflow/dags/dados_climaticos.py
[2023-05-12T16:47:36.252+0000] {processor.py:799} INFO - Processing file /opt/airflow/dags/dados_climaticos.py for tasks to queue
[2023-05-12T16:47:36.256+0000] {logging_mixin.py:149} INFO - [2023-05-12T16:47:36.255+0000] {dagbag.py:541} INFO - Filling up the DagBag from /opt/airflow/dags/dados_climaticos.py
[2023-05-12T16:47:37.641+0000] {processor.py:809} INFO - DAG(s) dict_keys(['dados_climaticos']) retrieved from /opt/airflow/dags/dados_climaticos.py
[2023-05-12T16:47:37.714+0000] {logging_mixin.py:149} INFO - [2023-05-12T16:47:37.712+0000] {dag.py:2726} INFO - Sync 1 DAGs
[2023-05-12T16:47:37.816+0000] {logging_mixin.py:149} INFO - [2023-05-12T16:47:37.816+0000] {dag.py:3490} INFO - Setting next_dagrun for dados_climaticos to 2022-08-22T00:00:00+00:00, run_after=2022-08-29T00:00:00+00:00
[2023-05-12T16:47:37.958+0000] {processor.py:178} INFO - Processing /opt/airflow/dags/dados_climaticos.py took 1.727 seconds
[2023-05-12T16:48:08.378+0000] {processor.py:156} INFO - Started process (PID=2433) to work on /opt/airflow/dags/dados_climaticos.py
[2023-05-12T16:48:08.381+0000] {processor.py:799} INFO - Processing file /opt/airflow/dags/dados_climaticos.py for tasks to queue
[2023-05-12T16:48:08.384+0000] {logging_mixin.py:149} INFO - [2023-05-12T16:48:08.384+0000] {dagbag.py:541} INFO - Filling up the DagBag from /opt/airflow/dags/dados_climaticos.py
[2023-05-12T16:48:09.408+0000] {processor.py:809} INFO - DAG(s) dict_keys(['dados_climaticos']) retrieved from /opt/airflow/dags/dados_climaticos.py
[2023-05-12T16:48:09.465+0000] {logging_mixin.py:149} INFO - [2023-05-12T16:48:09.464+0000] {dag.py:2726} INFO - Sync 1 DAGs
[2023-05-12T16:48:09.543+0000] {logging_mixin.py:149} INFO - [2023-05-12T16:48:09.542+0000] {dag.py:3490} INFO - Setting next_dagrun for dados_climaticos to 2022-08-22T00:00:00+00:00, run_after=2022-08-29T00:00:00+00:00
[2023-05-12T16:48:09.678+0000] {processor.py:178} INFO - Processing /opt/airflow/dags/dados_climaticos.py took 1.308 seconds
[2023-05-12T16:48:40.031+0000] {processor.py:156} INFO - Started process (PID=2498) to work on /opt/airflow/dags/dados_climaticos.py
[2023-05-12T16:48:40.035+0000] {processor.py:799} INFO - Processing file /opt/airflow/dags/dados_climaticos.py for tasks to queue
[2023-05-12T16:48:40.038+0000] {logging_mixin.py:149} INFO - [2023-05-12T16:48:40.037+0000] {dagbag.py:541} INFO - Filling up the DagBag from /opt/airflow/dags/dados_climaticos.py
[2023-05-12T16:48:40.916+0000] {processor.py:809} INFO - DAG(s) dict_keys(['dados_climaticos']) retrieved from /opt/airflow/dags/dados_climaticos.py
[2023-05-12T16:48:40.954+0000] {logging_mixin.py:149} INFO - [2023-05-12T16:48:40.954+0000] {dag.py:2726} INFO - Sync 1 DAGs
[2023-05-12T16:48:41.018+0000] {logging_mixin.py:149} INFO - [2023-05-12T16:48:41.017+0000] {dag.py:3490} INFO - Setting next_dagrun for dados_climaticos to 2022-08-22T00:00:00+00:00, run_after=2022-08-29T00:00:00+00:00
[2023-05-12T16:48:41.215+0000] {processor.py:178} INFO - Processing /opt/airflow/dags/dados_climaticos.py took 1.198 seconds
[2023-05-12T16:49:11.573+0000] {processor.py:156} INFO - Started process (PID=2563) to work on /opt/airflow/dags/dados_climaticos.py
[2023-05-12T16:49:11.576+0000] {processor.py:799} INFO - Processing file /opt/airflow/dags/dados_climaticos.py for tasks to queue
[2023-05-12T16:49:11.579+0000] {logging_mixin.py:149} INFO - [2023-05-12T16:49:11.578+0000] {dagbag.py:541} INFO - Filling up the DagBag from /opt/airflow/dags/dados_climaticos.py
[2023-05-12T16:49:12.942+0000] {processor.py:809} INFO - DAG(s) dict_keys(['dados_climaticos']) retrieved from /opt/airflow/dags/dados_climaticos.py
[2023-05-12T16:49:13.008+0000] {logging_mixin.py:149} INFO - [2023-05-12T16:49:13.008+0000] {dag.py:2726} INFO - Sync 1 DAGs
[2023-05-12T16:49:27.933+0000] {logging_mixin.py:149} INFO - [2023-05-12T16:49:27.933+0000] {dag.py:3490} INFO - Setting next_dagrun for dados_climaticos to 2022-08-22T00:00:00+00:00, run_after=2022-08-29T00:00:00+00:00
[2023-05-12T16:49:28.498+0000] {processor.py:178} INFO - Processing /opt/airflow/dags/dados_climaticos.py took 16.934 seconds
[2023-05-12T16:49:58.824+0000] {processor.py:156} INFO - Started process (PID=2664) to work on /opt/airflow/dags/dados_climaticos.py
[2023-05-12T16:49:58.828+0000] {processor.py:799} INFO - Processing file /opt/airflow/dags/dados_climaticos.py for tasks to queue
[2023-05-12T16:49:58.832+0000] {logging_mixin.py:149} INFO - [2023-05-12T16:49:58.831+0000] {dagbag.py:541} INFO - Filling up the DagBag from /opt/airflow/dags/dados_climaticos.py
[2023-05-12T16:49:59.896+0000] {processor.py:809} INFO - DAG(s) dict_keys(['dados_climaticos']) retrieved from /opt/airflow/dags/dados_climaticos.py
[2023-05-12T16:50:00.026+0000] {logging_mixin.py:149} INFO - [2023-05-12T16:50:00.026+0000] {dag.py:2726} INFO - Sync 1 DAGs
[2023-05-12T16:50:00.404+0000] {logging_mixin.py:149} INFO - [2023-05-12T16:50:00.404+0000] {dag.py:3490} INFO - Setting next_dagrun for dados_climaticos to 2022-08-22T00:00:00+00:00, run_after=2022-08-29T00:00:00+00:00
[2023-05-12T16:50:00.648+0000] {processor.py:178} INFO - Processing /opt/airflow/dags/dados_climaticos.py took 1.832 seconds
[2023-05-12T16:50:30.893+0000] {processor.py:156} INFO - Started process (PID=2730) to work on /opt/airflow/dags/dados_climaticos.py
[2023-05-12T16:50:30.895+0000] {processor.py:799} INFO - Processing file /opt/airflow/dags/dados_climaticos.py for tasks to queue
[2023-05-12T16:50:30.898+0000] {logging_mixin.py:149} INFO - [2023-05-12T16:50:30.897+0000] {dagbag.py:541} INFO - Filling up the DagBag from /opt/airflow/dags/dados_climaticos.py
[2023-05-12T16:50:32.165+0000] {processor.py:809} INFO - DAG(s) dict_keys(['dados_climaticos']) retrieved from /opt/airflow/dags/dados_climaticos.py
[2023-05-12T16:50:32.233+0000] {logging_mixin.py:149} INFO - [2023-05-12T16:50:32.233+0000] {dag.py:2726} INFO - Sync 1 DAGs
[2023-05-12T16:50:32.357+0000] {logging_mixin.py:149} INFO - [2023-05-12T16:50:32.356+0000] {dag.py:3490} INFO - Setting next_dagrun for dados_climaticos to 2022-08-22T00:00:00+00:00, run_after=2022-08-29T00:00:00+00:00
[2023-05-12T16:50:32.906+0000] {processor.py:178} INFO - Processing /opt/airflow/dags/dados_climaticos.py took 2.027 seconds
[2023-05-12T16:51:03.111+0000] {processor.py:156} INFO - Started process (PID=2795) to work on /opt/airflow/dags/dados_climaticos.py
[2023-05-12T16:51:03.113+0000] {processor.py:799} INFO - Processing file /opt/airflow/dags/dados_climaticos.py for tasks to queue
[2023-05-12T16:51:03.117+0000] {logging_mixin.py:149} INFO - [2023-05-12T16:51:03.116+0000] {dagbag.py:541} INFO - Filling up the DagBag from /opt/airflow/dags/dados_climaticos.py
[2023-05-12T16:51:03.992+0000] {processor.py:809} INFO - DAG(s) dict_keys(['dados_climaticos']) retrieved from /opt/airflow/dags/dados_climaticos.py
[2023-05-12T16:51:04.029+0000] {logging_mixin.py:149} INFO - [2023-05-12T16:51:04.028+0000] {dag.py:2726} INFO - Sync 1 DAGs
[2023-05-12T16:51:04.080+0000] {logging_mixin.py:149} INFO - [2023-05-12T16:51:04.080+0000] {dag.py:3490} INFO - Setting next_dagrun for dados_climaticos to 2022-08-22T00:00:00+00:00, run_after=2022-08-29T00:00:00+00:00
[2023-05-12T16:51:04.234+0000] {processor.py:178} INFO - Processing /opt/airflow/dags/dados_climaticos.py took 1.136 seconds
[2023-05-12T16:51:34.708+0000] {processor.py:156} INFO - Started process (PID=2860) to work on /opt/airflow/dags/dados_climaticos.py
[2023-05-12T16:51:34.709+0000] {processor.py:799} INFO - Processing file /opt/airflow/dags/dados_climaticos.py for tasks to queue
[2023-05-12T16:51:34.711+0000] {logging_mixin.py:149} INFO - [2023-05-12T16:51:34.711+0000] {dagbag.py:541} INFO - Filling up the DagBag from /opt/airflow/dags/dados_climaticos.py
[2023-05-12T16:51:35.513+0000] {processor.py:809} INFO - DAG(s) dict_keys(['dados_climaticos']) retrieved from /opt/airflow/dags/dados_climaticos.py
[2023-05-12T16:51:35.552+0000] {logging_mixin.py:149} INFO - [2023-05-12T16:51:35.552+0000] {dag.py:2726} INFO - Sync 1 DAGs
[2023-05-12T16:51:35.803+0000] {logging_mixin.py:149} INFO - [2023-05-12T16:51:35.803+0000] {dag.py:3490} INFO - Setting next_dagrun for dados_climaticos to 2022-08-22T00:00:00+00:00, run_after=2022-08-29T00:00:00+00:00
[2023-05-12T16:51:35.922+0000] {processor.py:178} INFO - Processing /opt/airflow/dags/dados_climaticos.py took 1.220 seconds
[2023-05-12T16:52:06.485+0000] {processor.py:156} INFO - Started process (PID=2924) to work on /opt/airflow/dags/dados_climaticos.py
[2023-05-12T16:52:06.487+0000] {processor.py:799} INFO - Processing file /opt/airflow/dags/dados_climaticos.py for tasks to queue
[2023-05-12T16:52:06.490+0000] {logging_mixin.py:149} INFO - [2023-05-12T16:52:06.490+0000] {dagbag.py:541} INFO - Filling up the DagBag from /opt/airflow/dags/dados_climaticos.py
[2023-05-12T16:52:07.339+0000] {processor.py:809} INFO - DAG(s) dict_keys(['dados_climaticos']) retrieved from /opt/airflow/dags/dados_climaticos.py
[2023-05-12T16:52:07.376+0000] {logging_mixin.py:149} INFO - [2023-05-12T16:52:07.376+0000] {dag.py:2726} INFO - Sync 1 DAGs
[2023-05-12T16:52:07.639+0000] {logging_mixin.py:149} INFO - [2023-05-12T16:52:07.639+0000] {dag.py:3490} INFO - Setting next_dagrun for dados_climaticos to 2022-08-22T00:00:00+00:00, run_after=2022-08-29T00:00:00+00:00
[2023-05-12T16:52:07.802+0000] {processor.py:178} INFO - Processing /opt/airflow/dags/dados_climaticos.py took 1.325 seconds
[2023-05-12T16:52:38.654+0000] {processor.py:156} INFO - Started process (PID=2987) to work on /opt/airflow/dags/dados_climaticos.py
[2023-05-12T16:52:38.656+0000] {processor.py:799} INFO - Processing file /opt/airflow/dags/dados_climaticos.py for tasks to queue
[2023-05-12T16:52:38.658+0000] {logging_mixin.py:149} INFO - [2023-05-12T16:52:38.657+0000] {dagbag.py:541} INFO - Filling up the DagBag from /opt/airflow/dags/dados_climaticos.py
[2023-05-12T16:52:39.443+0000] {processor.py:809} INFO - DAG(s) dict_keys(['dados_climaticos']) retrieved from /opt/airflow/dags/dados_climaticos.py
[2023-05-12T16:52:39.484+0000] {logging_mixin.py:149} INFO - [2023-05-12T16:52:39.484+0000] {dag.py:2726} INFO - Sync 1 DAGs
[2023-05-12T16:52:39.539+0000] {logging_mixin.py:149} INFO - [2023-05-12T16:52:39.538+0000] {dag.py:3490} INFO - Setting next_dagrun for dados_climaticos to 2022-08-22T00:00:00+00:00, run_after=2022-08-29T00:00:00+00:00
[2023-05-12T16:52:39.821+0000] {processor.py:178} INFO - Processing /opt/airflow/dags/dados_climaticos.py took 1.173 seconds
[2023-05-12T16:53:10.001+0000] {processor.py:156} INFO - Started process (PID=3050) to work on /opt/airflow/dags/dados_climaticos.py
[2023-05-12T16:53:10.003+0000] {processor.py:799} INFO - Processing file /opt/airflow/dags/dados_climaticos.py for tasks to queue
[2023-05-12T16:53:10.005+0000] {logging_mixin.py:149} INFO - [2023-05-12T16:53:10.005+0000] {dagbag.py:541} INFO - Filling up the DagBag from /opt/airflow/dags/dados_climaticos.py
[2023-05-12T16:53:10.805+0000] {processor.py:809} INFO - DAG(s) dict_keys(['dados_climaticos']) retrieved from /opt/airflow/dags/dados_climaticos.py
[2023-05-12T16:53:11.028+0000] {logging_mixin.py:149} INFO - [2023-05-12T16:53:11.027+0000] {dag.py:2726} INFO - Sync 1 DAGs
[2023-05-12T16:53:11.075+0000] {logging_mixin.py:149} INFO - [2023-05-12T16:53:11.074+0000] {dag.py:3490} INFO - Setting next_dagrun for dados_climaticos to 2022-08-22T00:00:00+00:00, run_after=2022-08-29T00:00:00+00:00
[2023-05-12T16:53:11.310+0000] {processor.py:178} INFO - Processing /opt/airflow/dags/dados_climaticos.py took 1.314 seconds
[2023-05-12T16:53:42.162+0000] {processor.py:156} INFO - Started process (PID=3113) to work on /opt/airflow/dags/dados_climaticos.py
[2023-05-12T16:53:42.165+0000] {processor.py:799} INFO - Processing file /opt/airflow/dags/dados_climaticos.py for tasks to queue
[2023-05-12T16:53:42.167+0000] {logging_mixin.py:149} INFO - [2023-05-12T16:53:42.167+0000] {dagbag.py:541} INFO - Filling up the DagBag from /opt/airflow/dags/dados_climaticos.py
[2023-05-12T16:53:43.437+0000] {processor.py:809} INFO - DAG(s) dict_keys(['dados_climaticos']) retrieved from /opt/airflow/dags/dados_climaticos.py
[2023-05-12T16:53:43.505+0000] {logging_mixin.py:149} INFO - [2023-05-12T16:53:43.504+0000] {dag.py:2726} INFO - Sync 1 DAGs
[2023-05-12T16:53:43.841+0000] {logging_mixin.py:149} INFO - [2023-05-12T16:53:43.841+0000] {dag.py:3490} INFO - Setting next_dagrun for dados_climaticos to 2022-08-22T00:00:00+00:00, run_after=2022-08-29T00:00:00+00:00
[2023-05-12T16:53:43.974+0000] {processor.py:178} INFO - Processing /opt/airflow/dags/dados_climaticos.py took 1.818 seconds
[2023-05-12T16:54:14.436+0000] {processor.py:156} INFO - Started process (PID=3176) to work on /opt/airflow/dags/dados_climaticos.py
[2023-05-12T16:54:14.442+0000] {processor.py:799} INFO - Processing file /opt/airflow/dags/dados_climaticos.py for tasks to queue
[2023-05-12T16:54:14.445+0000] {logging_mixin.py:149} INFO - [2023-05-12T16:54:14.445+0000] {dagbag.py:541} INFO - Filling up the DagBag from /opt/airflow/dags/dados_climaticos.py
[2023-05-12T16:54:15.695+0000] {processor.py:809} INFO - DAG(s) dict_keys(['dados_climaticos']) retrieved from /opt/airflow/dags/dados_climaticos.py
[2023-05-12T16:54:15.770+0000] {logging_mixin.py:149} INFO - [2023-05-12T16:54:15.770+0000] {dag.py:2726} INFO - Sync 1 DAGs
[2023-05-12T16:54:15.906+0000] {logging_mixin.py:149} INFO - [2023-05-12T16:54:15.905+0000] {dag.py:3490} INFO - Setting next_dagrun for dados_climaticos to 2022-08-22T00:00:00+00:00, run_after=2022-08-29T00:00:00+00:00
[2023-05-12T16:54:16.551+0000] {processor.py:178} INFO - Processing /opt/airflow/dags/dados_climaticos.py took 2.124 seconds
[2023-05-12T16:54:46.893+0000] {processor.py:156} INFO - Started process (PID=3241) to work on /opt/airflow/dags/dados_climaticos.py
[2023-05-12T16:54:46.897+0000] {processor.py:799} INFO - Processing file /opt/airflow/dags/dados_climaticos.py for tasks to queue
[2023-05-12T16:54:46.900+0000] {logging_mixin.py:149} INFO - [2023-05-12T16:54:46.899+0000] {dagbag.py:541} INFO - Filling up the DagBag from /opt/airflow/dags/dados_climaticos.py
[2023-05-12T16:54:48.520+0000] {processor.py:809} INFO - DAG(s) dict_keys(['dados_climaticos']) retrieved from /opt/airflow/dags/dados_climaticos.py
[2023-05-12T16:54:48.605+0000] {logging_mixin.py:149} INFO - [2023-05-12T16:54:48.604+0000] {dag.py:2726} INFO - Sync 1 DAGs
[2023-05-12T16:54:48.735+0000] {logging_mixin.py:149} INFO - [2023-05-12T16:54:48.734+0000] {dag.py:3490} INFO - Setting next_dagrun for dados_climaticos to 2022-08-22T00:00:00+00:00, run_after=2022-08-29T00:00:00+00:00
[2023-05-12T16:54:48.894+0000] {processor.py:178} INFO - Processing /opt/airflow/dags/dados_climaticos.py took 2.004 seconds
[2023-05-12T16:55:19.640+0000] {processor.py:156} INFO - Started process (PID=3305) to work on /opt/airflow/dags/dados_climaticos.py
[2023-05-12T16:55:19.642+0000] {processor.py:799} INFO - Processing file /opt/airflow/dags/dados_climaticos.py for tasks to queue
[2023-05-12T16:55:19.645+0000] {logging_mixin.py:149} INFO - [2023-05-12T16:55:19.645+0000] {dagbag.py:541} INFO - Filling up the DagBag from /opt/airflow/dags/dados_climaticos.py
[2023-05-12T16:55:20.675+0000] {processor.py:809} INFO - DAG(s) dict_keys(['dados_climaticos']) retrieved from /opt/airflow/dags/dados_climaticos.py
[2023-05-12T16:55:20.728+0000] {logging_mixin.py:149} INFO - [2023-05-12T16:55:20.727+0000] {dag.py:2726} INFO - Sync 1 DAGs
[2023-05-12T16:55:21.022+0000] {logging_mixin.py:149} INFO - [2023-05-12T16:55:21.022+0000] {dag.py:3490} INFO - Setting next_dagrun for dados_climaticos to 2022-08-22T00:00:00+00:00, run_after=2022-08-29T00:00:00+00:00
[2023-05-12T16:55:21.157+0000] {processor.py:178} INFO - Processing /opt/airflow/dags/dados_climaticos.py took 1.527 seconds
[2023-05-12T16:55:51.607+0000] {processor.py:156} INFO - Started process (PID=3371) to work on /opt/airflow/dags/dados_climaticos.py
[2023-05-12T16:55:51.610+0000] {processor.py:799} INFO - Processing file /opt/airflow/dags/dados_climaticos.py for tasks to queue
[2023-05-12T16:55:51.613+0000] {logging_mixin.py:149} INFO - [2023-05-12T16:55:51.612+0000] {dagbag.py:541} INFO - Filling up the DagBag from /opt/airflow/dags/dados_climaticos.py
[2023-05-12T16:55:52.832+0000] {processor.py:809} INFO - DAG(s) dict_keys(['dados_climaticos']) retrieved from /opt/airflow/dags/dados_climaticos.py
[2023-05-12T16:55:52.863+0000] {logging_mixin.py:149} INFO - [2023-05-12T16:55:52.863+0000] {dag.py:2726} INFO - Sync 1 DAGs
[2023-05-12T16:55:52.943+0000] {logging_mixin.py:149} INFO - [2023-05-12T16:55:52.943+0000] {dag.py:3490} INFO - Setting next_dagrun for dados_climaticos to 2022-08-22T00:00:00+00:00, run_after=2022-08-29T00:00:00+00:00
[2023-05-12T16:55:53.037+0000] {processor.py:178} INFO - Processing /opt/airflow/dags/dados_climaticos.py took 1.441 seconds
[2023-05-12T16:56:23.117+0000] {processor.py:156} INFO - Started process (PID=3436) to work on /opt/airflow/dags/dados_climaticos.py
[2023-05-12T16:56:23.121+0000] {processor.py:799} INFO - Processing file /opt/airflow/dags/dados_climaticos.py for tasks to queue
[2023-05-12T16:56:23.124+0000] {logging_mixin.py:149} INFO - [2023-05-12T16:56:23.123+0000] {dagbag.py:541} INFO - Filling up the DagBag from /opt/airflow/dags/dados_climaticos.py
[2023-05-12T16:56:24.224+0000] {processor.py:809} INFO - DAG(s) dict_keys(['dados_climaticos']) retrieved from /opt/airflow/dags/dados_climaticos.py
[2023-05-12T16:56:24.256+0000] {logging_mixin.py:149} INFO - [2023-05-12T16:56:24.256+0000] {dag.py:2726} INFO - Sync 1 DAGs
[2023-05-12T16:56:24.316+0000] {logging_mixin.py:149} INFO - [2023-05-12T16:56:24.315+0000] {dag.py:3490} INFO - Setting next_dagrun for dados_climaticos to 2022-08-22T00:00:00+00:00, run_after=2022-08-29T00:00:00+00:00
[2023-05-12T16:56:24.427+0000] {processor.py:178} INFO - Processing /opt/airflow/dags/dados_climaticos.py took 1.318 seconds
[2023-05-12T16:56:54.626+0000] {processor.py:156} INFO - Started process (PID=3500) to work on /opt/airflow/dags/dados_climaticos.py
[2023-05-12T16:56:54.628+0000] {processor.py:799} INFO - Processing file /opt/airflow/dags/dados_climaticos.py for tasks to queue
[2023-05-12T16:56:54.630+0000] {logging_mixin.py:149} INFO - [2023-05-12T16:56:54.629+0000] {dagbag.py:541} INFO - Filling up the DagBag from /opt/airflow/dags/dados_climaticos.py
[2023-05-12T16:56:55.346+0000] {processor.py:809} INFO - DAG(s) dict_keys(['dados_climaticos']) retrieved from /opt/airflow/dags/dados_climaticos.py
[2023-05-12T16:56:55.703+0000] {logging_mixin.py:149} INFO - [2023-05-12T16:56:55.703+0000] {dag.py:2726} INFO - Sync 1 DAGs
[2023-05-12T16:56:55.762+0000] {logging_mixin.py:149} INFO - [2023-05-12T16:56:55.761+0000] {dag.py:3490} INFO - Setting next_dagrun for dados_climaticos to 2022-08-22T00:00:00+00:00, run_after=2022-08-29T00:00:00+00:00
[2023-05-12T16:56:55.848+0000] {processor.py:178} INFO - Processing /opt/airflow/dags/dados_climaticos.py took 1.227 seconds
[2023-05-12T16:57:26.075+0000] {processor.py:156} INFO - Started process (PID=3563) to work on /opt/airflow/dags/dados_climaticos.py
[2023-05-12T16:57:26.077+0000] {processor.py:799} INFO - Processing file /opt/airflow/dags/dados_climaticos.py for tasks to queue
[2023-05-12T16:57:26.080+0000] {logging_mixin.py:149} INFO - [2023-05-12T16:57:26.080+0000] {dagbag.py:541} INFO - Filling up the DagBag from /opt/airflow/dags/dados_climaticos.py
[2023-05-12T16:57:27.566+0000] {processor.py:809} INFO - DAG(s) dict_keys(['dados_climaticos']) retrieved from /opt/airflow/dags/dados_climaticos.py
[2023-05-12T16:57:27.680+0000] {logging_mixin.py:149} INFO - [2023-05-12T16:57:27.679+0000] {dag.py:2726} INFO - Sync 1 DAGs
[2023-05-12T16:57:27.768+0000] {logging_mixin.py:149} INFO - [2023-05-12T16:57:27.767+0000] {dag.py:3490} INFO - Setting next_dagrun for dados_climaticos to 2022-08-22T00:00:00+00:00, run_after=2022-08-29T00:00:00+00:00
[2023-05-12T16:57:27.931+0000] {processor.py:178} INFO - Processing /opt/airflow/dags/dados_climaticos.py took 1.864 seconds
[2023-05-12T16:57:58.254+0000] {processor.py:156} INFO - Started process (PID=3627) to work on /opt/airflow/dags/dados_climaticos.py
[2023-05-12T16:57:58.257+0000] {processor.py:799} INFO - Processing file /opt/airflow/dags/dados_climaticos.py for tasks to queue
[2023-05-12T16:57:58.260+0000] {logging_mixin.py:149} INFO - [2023-05-12T16:57:58.260+0000] {dagbag.py:541} INFO - Filling up the DagBag from /opt/airflow/dags/dados_climaticos.py
[2023-05-12T16:57:59.485+0000] {processor.py:809} INFO - DAG(s) dict_keys(['dados_climaticos']) retrieved from /opt/airflow/dags/dados_climaticos.py
[2023-05-12T16:57:59.534+0000] {logging_mixin.py:149} INFO - [2023-05-12T16:57:59.534+0000] {dag.py:2726} INFO - Sync 1 DAGs
[2023-05-12T16:57:59.614+0000] {logging_mixin.py:149} INFO - [2023-05-12T16:57:59.613+0000] {dag.py:3490} INFO - Setting next_dagrun for dados_climaticos to 2022-08-22T00:00:00+00:00, run_after=2022-08-29T00:00:00+00:00
[2023-05-12T16:57:59.779+0000] {processor.py:178} INFO - Processing /opt/airflow/dags/dados_climaticos.py took 1.530 seconds
[2023-05-12T16:58:30.361+0000] {processor.py:156} INFO - Started process (PID=3691) to work on /opt/airflow/dags/dados_climaticos.py
[2023-05-12T16:58:30.363+0000] {processor.py:799} INFO - Processing file /opt/airflow/dags/dados_climaticos.py for tasks to queue
[2023-05-12T16:58:30.366+0000] {logging_mixin.py:149} INFO - [2023-05-12T16:58:30.365+0000] {dagbag.py:541} INFO - Filling up the DagBag from /opt/airflow/dags/dados_climaticos.py
[2023-05-12T16:58:31.410+0000] {processor.py:809} INFO - DAG(s) dict_keys(['dados_climaticos']) retrieved from /opt/airflow/dags/dados_climaticos.py
[2023-05-12T16:58:31.464+0000] {logging_mixin.py:149} INFO - [2023-05-12T16:58:31.464+0000] {dag.py:2726} INFO - Sync 1 DAGs
[2023-05-12T16:58:31.567+0000] {logging_mixin.py:149} INFO - [2023-05-12T16:58:31.567+0000] {dag.py:3490} INFO - Setting next_dagrun for dados_climaticos to 2022-08-22T00:00:00+00:00, run_after=2022-08-29T00:00:00+00:00
[2023-05-12T16:58:31.746+0000] {processor.py:178} INFO - Processing /opt/airflow/dags/dados_climaticos.py took 1.393 seconds
[2023-05-12T16:59:02.232+0000] {processor.py:156} INFO - Started process (PID=3762) to work on /opt/airflow/dags/dados_climaticos.py
[2023-05-12T16:59:02.233+0000] {processor.py:799} INFO - Processing file /opt/airflow/dags/dados_climaticos.py for tasks to queue
[2023-05-12T16:59:02.235+0000] {logging_mixin.py:149} INFO - [2023-05-12T16:59:02.235+0000] {dagbag.py:541} INFO - Filling up the DagBag from /opt/airflow/dags/dados_climaticos.py
[2023-05-12T16:59:03.497+0000] {processor.py:809} INFO - DAG(s) dict_keys(['dados_climaticos']) retrieved from /opt/airflow/dags/dados_climaticos.py
[2023-05-12T16:59:03.533+0000] {logging_mixin.py:149} INFO - [2023-05-12T16:59:03.532+0000] {dag.py:2726} INFO - Sync 1 DAGs
[2023-05-12T16:59:03.606+0000] {logging_mixin.py:149} INFO - [2023-05-12T16:59:03.606+0000] {dag.py:3490} INFO - Setting next_dagrun for dados_climaticos to 2022-08-22T00:00:00+00:00, run_after=2022-08-29T00:00:00+00:00
[2023-05-12T16:59:03.745+0000] {processor.py:178} INFO - Processing /opt/airflow/dags/dados_climaticos.py took 1.518 seconds
[2023-05-12T16:59:34.021+0000] {processor.py:156} INFO - Started process (PID=3826) to work on /opt/airflow/dags/dados_climaticos.py
[2023-05-12T16:59:34.023+0000] {processor.py:799} INFO - Processing file /opt/airflow/dags/dados_climaticos.py for tasks to queue
[2023-05-12T16:59:34.025+0000] {logging_mixin.py:149} INFO - [2023-05-12T16:59:34.025+0000] {dagbag.py:541} INFO - Filling up the DagBag from /opt/airflow/dags/dados_climaticos.py
[2023-05-12T16:59:35.725+0000] {processor.py:809} INFO - DAG(s) dict_keys(['dados_climaticos']) retrieved from /opt/airflow/dags/dados_climaticos.py
[2023-05-12T16:59:35.810+0000] {logging_mixin.py:149} INFO - [2023-05-12T16:59:35.810+0000] {dag.py:2726} INFO - Sync 1 DAGs
[2023-05-12T16:59:35.897+0000] {logging_mixin.py:149} INFO - [2023-05-12T16:59:35.897+0000] {dag.py:3490} INFO - Setting next_dagrun for dados_climaticos to 2022-08-22T00:00:00+00:00, run_after=2022-08-29T00:00:00+00:00
[2023-05-12T16:59:36.327+0000] {processor.py:178} INFO - Processing /opt/airflow/dags/dados_climaticos.py took 2.312 seconds
[2023-05-12T17:00:08.226+0000] {processor.py:156} INFO - Started process (PID=3891) to work on /opt/airflow/dags/dados_climaticos.py
[2023-05-12T17:00:08.228+0000] {processor.py:799} INFO - Processing file /opt/airflow/dags/dados_climaticos.py for tasks to queue
[2023-05-12T17:00:08.231+0000] {logging_mixin.py:149} INFO - [2023-05-12T17:00:08.231+0000] {dagbag.py:541} INFO - Filling up the DagBag from /opt/airflow/dags/dados_climaticos.py
[2023-05-12T17:00:10.089+0000] {processor.py:809} INFO - DAG(s) dict_keys(['dados_climaticos']) retrieved from /opt/airflow/dags/dados_climaticos.py
[2023-05-12T17:00:10.186+0000] {logging_mixin.py:149} INFO - [2023-05-12T17:00:10.186+0000] {dag.py:2726} INFO - Sync 1 DAGs
[2023-05-12T17:00:10.355+0000] {logging_mixin.py:149} INFO - [2023-05-12T17:00:10.354+0000] {dag.py:3490} INFO - Setting next_dagrun for dados_climaticos to 2022-08-22T00:00:00+00:00, run_after=2022-08-29T00:00:00+00:00
[2023-05-12T17:00:10.866+0000] {processor.py:178} INFO - Processing /opt/airflow/dags/dados_climaticos.py took 2.648 seconds
[2023-05-12T17:00:41.689+0000] {processor.py:156} INFO - Started process (PID=3955) to work on /opt/airflow/dags/dados_climaticos.py
[2023-05-12T17:00:41.692+0000] {processor.py:799} INFO - Processing file /opt/airflow/dags/dados_climaticos.py for tasks to queue
[2023-05-12T17:00:41.696+0000] {logging_mixin.py:149} INFO - [2023-05-12T17:00:41.695+0000] {dagbag.py:541} INFO - Filling up the DagBag from /opt/airflow/dags/dados_climaticos.py
[2023-05-12T17:00:44.991+0000] {processor.py:809} INFO - DAG(s) dict_keys(['dados_climaticos']) retrieved from /opt/airflow/dags/dados_climaticos.py
[2023-05-12T17:00:45.074+0000] {logging_mixin.py:149} INFO - [2023-05-12T17:00:45.073+0000] {dag.py:2726} INFO - Sync 1 DAGs
[2023-05-12T17:00:45.286+0000] {logging_mixin.py:149} INFO - [2023-05-12T17:00:45.283+0000] {dag.py:3490} INFO - Setting next_dagrun for dados_climaticos to 2022-08-22T00:00:00+00:00, run_after=2022-08-29T00:00:00+00:00
[2023-05-12T17:00:45.544+0000] {processor.py:178} INFO - Processing /opt/airflow/dags/dados_climaticos.py took 3.874 seconds
[2023-05-12T17:01:16.197+0000] {processor.py:156} INFO - Started process (PID=4030) to work on /opt/airflow/dags/dados_climaticos.py
[2023-05-12T17:01:16.200+0000] {processor.py:799} INFO - Processing file /opt/airflow/dags/dados_climaticos.py for tasks to queue
[2023-05-12T17:01:16.203+0000] {logging_mixin.py:149} INFO - [2023-05-12T17:01:16.203+0000] {dagbag.py:541} INFO - Filling up the DagBag from /opt/airflow/dags/dados_climaticos.py
[2023-05-12T17:01:18.323+0000] {processor.py:809} INFO - DAG(s) dict_keys(['dados_climaticos']) retrieved from /opt/airflow/dags/dados_climaticos.py
[2023-05-12T17:01:18.479+0000] {logging_mixin.py:149} INFO - [2023-05-12T17:01:18.479+0000] {dag.py:2726} INFO - Sync 1 DAGs
[2023-05-12T17:01:18.609+0000] {logging_mixin.py:149} INFO - [2023-05-12T17:01:18.609+0000] {dag.py:3490} INFO - Setting next_dagrun for dados_climaticos to 2022-09-12T00:00:00+00:00, run_after=2022-09-19T00:00:00+00:00
[2023-05-12T17:01:19.117+0000] {processor.py:178} INFO - Processing /opt/airflow/dags/dados_climaticos.py took 2.937 seconds
[2023-05-12T17:01:49.405+0000] {processor.py:156} INFO - Started process (PID=4095) to work on /opt/airflow/dags/dados_climaticos.py
[2023-05-12T17:01:49.408+0000] {processor.py:799} INFO - Processing file /opt/airflow/dags/dados_climaticos.py for tasks to queue
[2023-05-12T17:01:49.411+0000] {logging_mixin.py:149} INFO - [2023-05-12T17:01:49.410+0000] {dagbag.py:541} INFO - Filling up the DagBag from /opt/airflow/dags/dados_climaticos.py
[2023-05-12T17:01:51.078+0000] {processor.py:809} INFO - DAG(s) dict_keys(['dados_climaticos']) retrieved from /opt/airflow/dags/dados_climaticos.py
[2023-05-12T17:01:51.252+0000] {logging_mixin.py:149} INFO - [2023-05-12T17:01:51.251+0000] {dag.py:2726} INFO - Sync 1 DAGs
[2023-05-12T17:01:52.163+0000] {processor.py:178} INFO - Processing /opt/airflow/dags/dados_climaticos.py took 2.763 seconds
[2023-05-12T17:02:30.316+0000] {processor.py:156} INFO - Started process (PID=4147) to work on /opt/airflow/dags/dados_climaticos.py
[2023-05-12T17:02:30.317+0000] {processor.py:799} INFO - Processing file /opt/airflow/dags/dados_climaticos.py for tasks to queue
[2023-05-12T17:02:30.319+0000] {logging_mixin.py:149} INFO - [2023-05-12T17:02:30.319+0000] {dagbag.py:541} INFO - Filling up the DagBag from /opt/airflow/dags/dados_climaticos.py
[2023-05-12T17:03:10.337+0000] {logging_mixin.py:149} INFO - [2023-05-12T17:03:10.333+0000] {timeout.py:68} ERROR - Process timed out, PID: 4147
[2023-05-12T17:03:11.871+0000] {logging_mixin.py:149} INFO - [2023-05-12T17:03:10.338+0000] {dagbag.py:350} ERROR - Failed to import: /opt/airflow/dags/dados_climaticos.py
Traceback (most recent call last):
  File "/home/airflow/.local/lib/python3.7/site-packages/airflow/models/dagbag.py", line 346, in parse
    loader.exec_module(new_module)
  File "<frozen importlib._bootstrap_external>", line 728, in exec_module
  File "<frozen importlib._bootstrap>", line 219, in _call_with_frames_removed
  File "/opt/airflow/dags/dados_climaticos.py", line 7, in <module>
    import pandas as pd
  File "/home/airflow/.local/lib/python3.7/site-packages/pandas/__init__.py", line 22, in <module>
    from pandas.compat import (
  File "/home/airflow/.local/lib/python3.7/site-packages/pandas/compat/__init__.py", line 23, in <module>
    from pandas.compat.pyarrow import (
  File "/home/airflow/.local/lib/python3.7/site-packages/pandas/compat/pyarrow.py", line 6, in <module>
    import pyarrow as pa
  File "/home/airflow/.local/lib/python3.7/site-packages/pyarrow/__init__.py", line 65, in <module>
    import pyarrow.lib as _lib
  File "<frozen importlib._bootstrap>", line 416, in parent
  File "/home/airflow/.local/lib/python3.7/site-packages/airflow/utils/timeout.py", line 69, in handle_timeout
    raise AirflowTaskTimeout(self.error_message)
airflow.exceptions.AirflowTaskTimeout: DagBag import timeout for /opt/airflow/dags/dados_climaticos.py after 30.0s.
Please take a look at these docs to improve your DAG import time:
* https://airflow.apache.org/docs/apache-airflow/2.6.0/best-practices.html#top-level-python-code
* https://airflow.apache.org/docs/apache-airflow/2.6.0/best-practices.html#reducing-dag-complexity, PID: 4147
[2023-05-12T17:03:11.875+0000] {processor.py:811} WARNING - No viable dags retrieved from /opt/airflow/dags/dados_climaticos.py
[2023-05-12T20:19:14.452+0000] {processor.py:156} INFO - Started process (PID=47) to work on /opt/airflow/dags/dados_climaticos.py
[2023-05-12T20:19:14.525+0000] {processor.py:799} INFO - Processing file /opt/airflow/dags/dados_climaticos.py for tasks to queue
[2023-05-12T20:19:14.527+0000] {logging_mixin.py:149} INFO - [2023-05-12T20:19:14.527+0000] {dagbag.py:541} INFO - Filling up the DagBag from /opt/airflow/dags/dados_climaticos.py
[2023-05-12T20:20:27.842+0000] {logging_mixin.py:149} INFO - [2023-05-12T20:20:27.840+0000] {timeout.py:68} ERROR - Process timed out, PID: 47
[2023-05-12T20:20:29.495+0000] {logging_mixin.py:149} INFO - [2023-05-12T20:20:29.495+0000] {process_utils.py:258} INFO - Waiting up to 5 seconds for processes to exit...
[2023-05-12T20:20:30.975+0000] {processor.py:156} INFO - Started process (PID=67) to work on /opt/airflow/dags/dados_climaticos.py
[2023-05-12T20:20:30.979+0000] {processor.py:799} INFO - Processing file /opt/airflow/dags/dados_climaticos.py for tasks to queue
[2023-05-12T20:20:30.985+0000] {logging_mixin.py:149} INFO - [2023-05-12T20:20:30.984+0000] {dagbag.py:541} INFO - Filling up the DagBag from /opt/airflow/dags/dados_climaticos.py
[2023-05-12T20:21:01.066+0000] {logging_mixin.py:149} INFO - [2023-05-12T20:21:01.040+0000] {timeout.py:68} ERROR - Process timed out, PID: 67
[2023-05-12T20:21:01.275+0000] {logging_mixin.py:149} INFO - [2023-05-12T20:21:01.067+0000] {dagbag.py:350} ERROR - Failed to import: /opt/airflow/dags/dados_climaticos.py
Traceback (most recent call last):
  File "/home/airflow/.local/lib/python3.7/site-packages/airflow/models/dagbag.py", line 346, in parse
    loader.exec_module(new_module)
  File "<frozen importlib._bootstrap_external>", line 728, in exec_module
  File "<frozen importlib._bootstrap>", line 219, in _call_with_frames_removed
  File "/opt/airflow/dags/dados_climaticos.py", line 7, in <module>
    import pandas as pd
  File "/home/airflow/.local/lib/python3.7/site-packages/pandas/__init__.py", line 50, in <module>
    from pandas.core.api import (
  File "/home/airflow/.local/lib/python3.7/site-packages/pandas/core/api.py", line 29, in <module>
    from pandas.core.arrays import Categorical
  File "/home/airflow/.local/lib/python3.7/site-packages/pandas/core/arrays/__init__.py", line 11, in <module>
    from pandas.core.arrays.interval import IntervalArray
  File "/home/airflow/.local/lib/python3.7/site-packages/pandas/core/arrays/interval.py", line 82, in <module>
    from pandas.core.indexes.base import ensure_index
  File "/home/airflow/.local/lib/python3.7/site-packages/pandas/core/indexes/base.py", line 90, in <module>
    from pandas.core.dtypes.concat import concat_compat
  File "<frozen importlib._bootstrap>", line 983, in _find_and_load
  File "<frozen importlib._bootstrap>", line 967, in _find_and_load_unlocked
  File "<frozen importlib._bootstrap>", line 677, in _load_unlocked
  File "<frozen importlib._bootstrap_external>", line 724, in exec_module
  File "<frozen importlib._bootstrap_external>", line 859, in get_code
  File "<frozen importlib._bootstrap_external>", line 917, in get_data
  File "/home/airflow/.local/lib/python3.7/site-packages/airflow/utils/timeout.py", line 69, in handle_timeout
    raise AirflowTaskTimeout(self.error_message)
airflow.exceptions.AirflowTaskTimeout: DagBag import timeout for /opt/airflow/dags/dados_climaticos.py after 30.0s.
Please take a look at these docs to improve your DAG import time:
* https://airflow.apache.org/docs/apache-airflow/2.6.0/best-practices.html#top-level-python-code
* https://airflow.apache.org/docs/apache-airflow/2.6.0/best-practices.html#reducing-dag-complexity, PID: 67
[2023-05-12T20:21:01.277+0000] {processor.py:811} WARNING - No viable dags retrieved from /opt/airflow/dags/dados_climaticos.py
[2023-05-12T20:21:02.463+0000] {processor.py:178} INFO - Processing /opt/airflow/dags/dados_climaticos.py took 31.495 seconds
[2023-05-12T20:21:02.938+0000] {processor.py:156} INFO - Started process (PID=108) to work on /opt/airflow/dags/dados_climaticos.py
[2023-05-12T20:21:02.940+0000] {processor.py:799} INFO - Processing file /opt/airflow/dags/dados_climaticos.py for tasks to queue
[2023-05-12T20:21:02.942+0000] {logging_mixin.py:149} INFO - [2023-05-12T20:21:02.941+0000] {dagbag.py:541} INFO - Filling up the DagBag from /opt/airflow/dags/dados_climaticos.py
[2023-05-12T20:21:21.048+0000] {processor.py:809} INFO - DAG(s) dict_keys(['dados_climaticos']) retrieved from /opt/airflow/dags/dados_climaticos.py
[2023-05-12T20:21:21.489+0000] {logging_mixin.py:149} INFO - [2023-05-12T20:21:21.488+0000] {taskinstance.py:1849} ERROR - {'DAG Id': 'dados_climaticos', 'Task Id': 'cria_pasta', 'Run Id': 'scheduled__2022-09-26T00:00:00+00:00', 'Hostname': '235ff161e115', 'External Executor Id': '467611ae-abe8-416c-baad-caa2db8a14fd'}
[2023-05-12T20:21:29.125+0000] {logging_mixin.py:149} INFO - [2023-05-12T20:21:29.125+0000] {taskinstance.py:1373} INFO - Marking task as FAILED. dag_id=dados_climaticos, task_id=cria_pasta, execution_date=20220926T000000, start_date=20230512T172845, end_date=20230512T202121
[2023-05-12T20:21:29.966+0000] {processor.py:760} INFO - Executed failure callback for <TaskInstance: dados_climaticos.cria_pasta scheduled__2022-09-26T00:00:00+00:00 [failed]> in state failed
[2023-05-12T20:21:29.974+0000] {logging_mixin.py:149} INFO - [2023-05-12T20:21:29.974+0000] {taskinstance.py:1849} ERROR - {'DAG Id': 'dados_climaticos', 'Task Id': 'cria_pasta', 'Run Id': 'scheduled__2022-09-26T00:00:00+00:00', 'Hostname': '235ff161e115', 'External Executor Id': '467611ae-abe8-416c-baad-caa2db8a14fd'}
[2023-05-12T20:21:30.000+0000] {logging_mixin.py:149} INFO - [2023-05-12T20:21:29.999+0000] {taskinstance.py:1373} INFO - Marking task as FAILED. dag_id=dados_climaticos, task_id=cria_pasta, execution_date=20220926T000000, start_date=20230512T172845, end_date=20230512T202129
[2023-05-12T20:21:30.008+0000] {processor.py:760} INFO - Executed failure callback for <TaskInstance: dados_climaticos.cria_pasta scheduled__2022-09-26T00:00:00+00:00 [failed]> in state failed
[2023-05-12T20:21:30.013+0000] {logging_mixin.py:149} INFO - [2023-05-12T20:21:30.013+0000] {taskinstance.py:1849} ERROR - {'DAG Id': 'dados_climaticos', 'Task Id': 'cria_pasta', 'Run Id': 'scheduled__2022-09-26T00:00:00+00:00', 'Hostname': '235ff161e115', 'External Executor Id': '467611ae-abe8-416c-baad-caa2db8a14fd'}
[2023-05-12T20:21:30.034+0000] {logging_mixin.py:149} INFO - [2023-05-12T20:21:30.034+0000] {taskinstance.py:1373} INFO - Marking task as FAILED. dag_id=dados_climaticos, task_id=cria_pasta, execution_date=20220926T000000, start_date=20230512T172845, end_date=20230512T202130
[2023-05-12T20:21:30.046+0000] {processor.py:760} INFO - Executed failure callback for <TaskInstance: dados_climaticos.cria_pasta scheduled__2022-09-26T00:00:00+00:00 [failed]> in state failed
[2023-05-12T20:21:30.052+0000] {logging_mixin.py:149} INFO - [2023-05-12T20:21:30.052+0000] {taskinstance.py:1849} ERROR - {'DAG Id': 'dados_climaticos', 'Task Id': 'cria_pasta', 'Run Id': 'scheduled__2022-09-26T00:00:00+00:00', 'Hostname': '235ff161e115', 'External Executor Id': '467611ae-abe8-416c-baad-caa2db8a14fd'}
[2023-05-12T20:21:30.124+0000] {logging_mixin.py:149} INFO - [2023-05-12T20:21:30.124+0000] {taskinstance.py:1373} INFO - Marking task as FAILED. dag_id=dados_climaticos, task_id=cria_pasta, execution_date=20220926T000000, start_date=20230512T172845, end_date=20230512T202130
[2023-05-12T20:21:30.131+0000] {processor.py:760} INFO - Executed failure callback for <TaskInstance: dados_climaticos.cria_pasta scheduled__2022-09-26T00:00:00+00:00 [failed]> in state failed
[2023-05-12T20:21:30.886+0000] {logging_mixin.py:149} INFO - [2023-05-12T20:21:30.886+0000] {dag.py:2726} INFO - Sync 1 DAGs
[2023-05-12T20:21:31.182+0000] {processor.py:178} INFO - Processing /opt/airflow/dags/dados_climaticos.py took 28.253 seconds
[2023-05-12T20:22:01.938+0000] {processor.py:156} INFO - Started process (PID=204) to work on /opt/airflow/dags/dados_climaticos.py
[2023-05-12T20:22:02.144+0000] {processor.py:799} INFO - Processing file /opt/airflow/dags/dados_climaticos.py for tasks to queue
[2023-05-12T20:22:02.148+0000] {logging_mixin.py:149} INFO - [2023-05-12T20:22:02.147+0000] {dagbag.py:541} INFO - Filling up the DagBag from /opt/airflow/dags/dados_climaticos.py
[2023-05-12T20:22:03.222+0000] {processor.py:809} INFO - DAG(s) dict_keys(['dados_climaticos']) retrieved from /opt/airflow/dags/dados_climaticos.py
[2023-05-12T20:22:03.452+0000] {logging_mixin.py:149} INFO - [2023-05-12T20:22:03.451+0000] {taskinstance.py:1849} ERROR - {'DAG Id': 'dados_climaticos', 'Task Id': 'cria_pasta', 'Run Id': 'scheduled__2022-09-26T00:00:00+00:00', 'Hostname': '235ff161e115', 'External Executor Id': '467611ae-abe8-416c-baad-caa2db8a14fd'}
[2023-05-12T20:22:03.691+0000] {logging_mixin.py:149} INFO - [2023-05-12T20:22:03.691+0000] {taskinstance.py:1373} INFO - Marking task as FAILED. dag_id=dados_climaticos, task_id=cria_pasta, execution_date=20220926T000000, start_date=20230512T172845, end_date=20230512T202203
[2023-05-12T20:22:03.716+0000] {processor.py:760} INFO - Executed failure callback for <TaskInstance: dados_climaticos.cria_pasta scheduled__2022-09-26T00:00:00+00:00 [failed]> in state failed
[2023-05-12T20:22:03.725+0000] {logging_mixin.py:149} INFO - [2023-05-12T20:22:03.724+0000] {taskinstance.py:1849} ERROR - {'DAG Id': 'dados_climaticos', 'Task Id': 'cria_pasta', 'Run Id': 'scheduled__2022-09-26T00:00:00+00:00', 'Hostname': '235ff161e115', 'External Executor Id': '467611ae-abe8-416c-baad-caa2db8a14fd'}
[2023-05-12T20:22:04.113+0000] {logging_mixin.py:149} INFO - [2023-05-12T20:22:04.112+0000] {taskinstance.py:1373} INFO - Marking task as FAILED. dag_id=dados_climaticos, task_id=cria_pasta, execution_date=20220926T000000, start_date=20230512T172845, end_date=20230512T202204
[2023-05-12T20:22:04.125+0000] {processor.py:760} INFO - Executed failure callback for <TaskInstance: dados_climaticos.cria_pasta scheduled__2022-09-26T00:00:00+00:00 [failed]> in state failed
[2023-05-12T20:22:04.367+0000] {logging_mixin.py:149} INFO - [2023-05-12T20:22:04.367+0000] {dag.py:2726} INFO - Sync 1 DAGs
[2023-05-12T20:22:04.407+0000] {logging_mixin.py:149} INFO - [2023-05-12T20:22:04.407+0000] {dag.py:3490} INFO - Setting next_dagrun for dados_climaticos to 2023-01-16T00:00:00+00:00, run_after=2023-01-23T00:00:00+00:00
[2023-05-12T20:22:04.762+0000] {processor.py:178} INFO - Processing /opt/airflow/dags/dados_climaticos.py took 2.831 seconds
[2023-05-12T20:22:48.118+0000] {processor.py:156} INFO - Started process (PID=242) to work on /opt/airflow/dags/dados_climaticos.py
[2023-05-12T20:22:48.120+0000] {processor.py:799} INFO - Processing file /opt/airflow/dags/dados_climaticos.py for tasks to queue
[2023-05-12T20:22:48.122+0000] {logging_mixin.py:149} INFO - [2023-05-12T20:22:48.122+0000] {dagbag.py:541} INFO - Filling up the DagBag from /opt/airflow/dags/dados_climaticos.py
