[2023-05-12T16:25:09.021+0000] {processor.py:156} INFO - Started process (PID=59) to work on /opt/airflow/dags/first_dag.py
[2023-05-12T16:25:09.024+0000] {processor.py:799} INFO - Processing file /opt/airflow/dags/first_dag.py for tasks to queue
[2023-05-12T16:25:09.027+0000] {logging_mixin.py:149} INFO - [2023-05-12T16:25:09.026+0000] {dagbag.py:541} INFO - Filling up the DagBag from /opt/airflow/dags/first_dag.py
[2023-05-12T16:25:10.973+0000] {processor.py:809} INFO - DAG(s) dict_keys(['meu_primeiro_dag']) retrieved from /opt/airflow/dags/first_dag.py
[2023-05-12T16:25:14.611+0000] {logging_mixin.py:149} INFO - [2023-05-12T16:25:14.611+0000] {manager.py:504} INFO - Created Permission View: can read on DAG:meu_primeiro_dag
[2023-05-12T16:25:14.927+0000] {logging_mixin.py:149} INFO - [2023-05-12T16:25:14.927+0000] {manager.py:504} INFO - Created Permission View: can delete on DAG:meu_primeiro_dag
[2023-05-12T16:25:15.083+0000] {logging_mixin.py:149} INFO - [2023-05-12T16:25:15.082+0000] {manager.py:504} INFO - Created Permission View: can edit on DAG:meu_primeiro_dag
[2023-05-12T16:25:15.086+0000] {logging_mixin.py:149} INFO - [2023-05-12T16:25:15.086+0000] {dag.py:2726} INFO - Sync 1 DAGs
[2023-05-12T16:25:15.581+0000] {logging_mixin.py:149} INFO - [2023-05-12T16:25:15.580+0000] {dag.py:2747} INFO - Creating ORM DAG for meu_primeiro_dag
[2023-05-12T16:25:15.605+0000] {logging_mixin.py:149} INFO - [2023-05-12T16:25:15.605+0000] {dag.py:3490} INFO - Setting next_dagrun for meu_primeiro_dag to 2023-05-10T00:00:00+00:00, run_after=2023-05-11T00:00:00+00:00
[2023-05-12T16:25:17.571+0000] {processor.py:178} INFO - Processing /opt/airflow/dags/first_dag.py took 8.557 seconds
[2023-05-12T16:26:42.853+0000] {processor.py:156} INFO - Started process (PID=132) to work on /opt/airflow/dags/first_dag.py
[2023-05-12T16:26:42.856+0000] {processor.py:799} INFO - Processing file /opt/airflow/dags/first_dag.py for tasks to queue
[2023-05-12T16:26:42.858+0000] {logging_mixin.py:149} INFO - [2023-05-12T16:26:42.858+0000] {dagbag.py:541} INFO - Filling up the DagBag from /opt/airflow/dags/first_dag.py
[2023-05-12T16:26:42.926+0000] {processor.py:809} INFO - DAG(s) dict_keys(['meu_primeiro_dag']) retrieved from /opt/airflow/dags/first_dag.py
[2023-05-12T16:26:42.983+0000] {logging_mixin.py:149} INFO - [2023-05-12T16:26:42.983+0000] {dag.py:2726} INFO - Sync 1 DAGs
[2023-05-12T16:26:43.042+0000] {logging_mixin.py:149} INFO - [2023-05-12T16:26:43.042+0000] {dag.py:3490} INFO - Setting next_dagrun for meu_primeiro_dag to 2023-05-10T00:00:00+00:00, run_after=2023-05-11T00:00:00+00:00
[2023-05-12T16:26:43.457+0000] {processor.py:178} INFO - Processing /opt/airflow/dags/first_dag.py took 0.611 seconds
[2023-05-12T16:27:19.280+0000] {processor.py:156} INFO - Started process (PID=203) to work on /opt/airflow/dags/first_dag.py
[2023-05-12T16:27:19.283+0000] {processor.py:799} INFO - Processing file /opt/airflow/dags/first_dag.py for tasks to queue
[2023-05-12T16:27:19.286+0000] {logging_mixin.py:149} INFO - [2023-05-12T16:27:19.285+0000] {dagbag.py:541} INFO - Filling up the DagBag from /opt/airflow/dags/first_dag.py
[2023-05-12T16:27:19.666+0000] {processor.py:809} INFO - DAG(s) dict_keys(['meu_primeiro_dag']) retrieved from /opt/airflow/dags/first_dag.py
[2023-05-12T16:27:20.323+0000] {logging_mixin.py:149} INFO - [2023-05-12T16:27:20.322+0000] {dag.py:2726} INFO - Sync 1 DAGs
[2023-05-12T16:27:22.303+0000] {logging_mixin.py:149} INFO - [2023-05-12T16:27:22.302+0000] {dag.py:3490} INFO - Setting next_dagrun for meu_primeiro_dag to 2023-05-10T00:00:00+00:00, run_after=2023-05-11T00:00:00+00:00
[2023-05-12T16:27:22.577+0000] {processor.py:178} INFO - Processing /opt/airflow/dags/first_dag.py took 3.319 seconds
[2023-05-12T16:28:02.925+0000] {processor.py:156} INFO - Started process (PID=257) to work on /opt/airflow/dags/first_dag.py
[2023-05-12T16:28:02.928+0000] {processor.py:799} INFO - Processing file /opt/airflow/dags/first_dag.py for tasks to queue
[2023-05-12T16:28:02.931+0000] {logging_mixin.py:149} INFO - [2023-05-12T16:28:02.930+0000] {dagbag.py:541} INFO - Filling up the DagBag from /opt/airflow/dags/first_dag.py
[2023-05-12T16:28:03.006+0000] {processor.py:809} INFO - DAG(s) dict_keys(['meu_primeiro_dag']) retrieved from /opt/airflow/dags/first_dag.py
[2023-05-12T16:28:03.184+0000] {logging_mixin.py:149} INFO - [2023-05-12T16:28:03.183+0000] {dag.py:2726} INFO - Sync 1 DAGs
[2023-05-12T16:28:03.323+0000] {logging_mixin.py:149} INFO - [2023-05-12T16:28:03.322+0000] {dag.py:3490} INFO - Setting next_dagrun for meu_primeiro_dag to 2023-05-10T00:00:00+00:00, run_after=2023-05-11T00:00:00+00:00
[2023-05-12T16:28:03.567+0000] {processor.py:178} INFO - Processing /opt/airflow/dags/first_dag.py took 0.651 seconds
[2023-05-12T16:28:41.119+0000] {processor.py:156} INFO - Started process (PID=309) to work on /opt/airflow/dags/first_dag.py
[2023-05-12T16:28:41.121+0000] {processor.py:799} INFO - Processing file /opt/airflow/dags/first_dag.py for tasks to queue
[2023-05-12T16:28:41.123+0000] {logging_mixin.py:149} INFO - [2023-05-12T16:28:41.122+0000] {dagbag.py:541} INFO - Filling up the DagBag from /opt/airflow/dags/first_dag.py
[2023-05-12T16:28:41.403+0000] {processor.py:809} INFO - DAG(s) dict_keys(['meu_primeiro_dag']) retrieved from /opt/airflow/dags/first_dag.py
[2023-05-12T16:28:41.481+0000] {logging_mixin.py:149} INFO - [2023-05-12T16:28:41.481+0000] {dag.py:2726} INFO - Sync 1 DAGs
[2023-05-12T16:28:41.532+0000] {logging_mixin.py:149} INFO - [2023-05-12T16:28:41.531+0000] {dag.py:3490} INFO - Setting next_dagrun for meu_primeiro_dag to 2023-05-10T00:00:00+00:00, run_after=2023-05-11T00:00:00+00:00
[2023-05-12T16:28:41.860+0000] {processor.py:178} INFO - Processing /opt/airflow/dags/first_dag.py took 0.747 seconds
[2023-05-12T16:29:28.399+0000] {processor.py:156} INFO - Started process (PID=364) to work on /opt/airflow/dags/first_dag.py
[2023-05-12T16:29:28.406+0000] {processor.py:799} INFO - Processing file /opt/airflow/dags/first_dag.py for tasks to queue
[2023-05-12T16:29:28.411+0000] {logging_mixin.py:149} INFO - [2023-05-12T16:29:28.411+0000] {dagbag.py:541} INFO - Filling up the DagBag from /opt/airflow/dags/first_dag.py
[2023-05-12T16:29:28.483+0000] {processor.py:809} INFO - DAG(s) dict_keys(['meu_primeiro_dag']) retrieved from /opt/airflow/dags/first_dag.py
[2023-05-12T16:29:28.524+0000] {logging_mixin.py:149} INFO - [2023-05-12T16:29:28.524+0000] {dag.py:2726} INFO - Sync 1 DAGs
[2023-05-12T16:29:28.603+0000] {logging_mixin.py:149} INFO - [2023-05-12T16:29:28.602+0000] {dag.py:3490} INFO - Setting next_dagrun for meu_primeiro_dag to 2023-05-10T00:00:00+00:00, run_after=2023-05-11T00:00:00+00:00
[2023-05-12T16:29:28.974+0000] {processor.py:178} INFO - Processing /opt/airflow/dags/first_dag.py took 0.589 seconds
[2023-05-12T16:29:59.857+0000] {processor.py:156} INFO - Started process (PID=422) to work on /opt/airflow/dags/first_dag.py
[2023-05-12T16:29:59.868+0000] {processor.py:799} INFO - Processing file /opt/airflow/dags/first_dag.py for tasks to queue
[2023-05-12T16:29:59.870+0000] {logging_mixin.py:149} INFO - [2023-05-12T16:29:59.870+0000] {dagbag.py:541} INFO - Filling up the DagBag from /opt/airflow/dags/first_dag.py
[2023-05-12T16:29:59.981+0000] {processor.py:809} INFO - DAG(s) dict_keys(['meu_primeiro_dag']) retrieved from /opt/airflow/dags/first_dag.py
[2023-05-12T16:30:00.065+0000] {logging_mixin.py:149} INFO - [2023-05-12T16:30:00.064+0000] {dag.py:2726} INFO - Sync 1 DAGs
[2023-05-12T16:30:00.342+0000] {logging_mixin.py:149} INFO - [2023-05-12T16:30:00.341+0000] {dag.py:3490} INFO - Setting next_dagrun for meu_primeiro_dag to 2023-05-10T00:00:00+00:00, run_after=2023-05-11T00:00:00+00:00
[2023-05-12T16:30:00.643+0000] {processor.py:178} INFO - Processing /opt/airflow/dags/first_dag.py took 0.796 seconds
[2023-05-12T16:30:40.118+0000] {processor.py:156} INFO - Started process (PID=491) to work on /opt/airflow/dags/first_dag.py
[2023-05-12T16:30:40.120+0000] {processor.py:799} INFO - Processing file /opt/airflow/dags/first_dag.py for tasks to queue
[2023-05-12T16:30:40.122+0000] {logging_mixin.py:149} INFO - [2023-05-12T16:30:40.122+0000] {dagbag.py:541} INFO - Filling up the DagBag from /opt/airflow/dags/first_dag.py
[2023-05-12T16:30:40.168+0000] {processor.py:809} INFO - DAG(s) dict_keys(['meu_primeiro_dag']) retrieved from /opt/airflow/dags/first_dag.py
[2023-05-12T16:30:40.228+0000] {logging_mixin.py:149} INFO - [2023-05-12T16:30:40.228+0000] {dag.py:2726} INFO - Sync 1 DAGs
[2023-05-12T16:30:40.308+0000] {logging_mixin.py:149} INFO - [2023-05-12T16:30:40.308+0000] {dag.py:3490} INFO - Setting next_dagrun for meu_primeiro_dag to 2023-05-10T00:00:00+00:00, run_after=2023-05-11T00:00:00+00:00
[2023-05-12T16:30:40.776+0000] {processor.py:178} INFO - Processing /opt/airflow/dags/first_dag.py took 0.662 seconds
[2023-05-12T16:31:11.493+0000] {processor.py:156} INFO - Started process (PID=550) to work on /opt/airflow/dags/first_dag.py
[2023-05-12T16:31:11.496+0000] {processor.py:799} INFO - Processing file /opt/airflow/dags/first_dag.py for tasks to queue
[2023-05-12T16:31:11.498+0000] {logging_mixin.py:149} INFO - [2023-05-12T16:31:11.498+0000] {dagbag.py:541} INFO - Filling up the DagBag from /opt/airflow/dags/first_dag.py
[2023-05-12T16:31:11.602+0000] {processor.py:809} INFO - DAG(s) dict_keys(['meu_primeiro_dag']) retrieved from /opt/airflow/dags/first_dag.py
[2023-05-12T16:31:11.671+0000] {logging_mixin.py:149} INFO - [2023-05-12T16:31:11.671+0000] {dag.py:2726} INFO - Sync 1 DAGs
[2023-05-12T16:31:11.742+0000] {logging_mixin.py:149} INFO - [2023-05-12T16:31:11.741+0000] {dag.py:3490} INFO - Setting next_dagrun for meu_primeiro_dag to 2023-05-10T00:00:00+00:00, run_after=2023-05-11T00:00:00+00:00
[2023-05-12T16:31:11.946+0000] {processor.py:178} INFO - Processing /opt/airflow/dags/first_dag.py took 0.462 seconds
[2023-05-12T16:31:42.503+0000] {processor.py:156} INFO - Started process (PID=613) to work on /opt/airflow/dags/first_dag.py
[2023-05-12T16:31:42.505+0000] {processor.py:799} INFO - Processing file /opt/airflow/dags/first_dag.py for tasks to queue
[2023-05-12T16:31:42.508+0000] {logging_mixin.py:149} INFO - [2023-05-12T16:31:42.507+0000] {dagbag.py:541} INFO - Filling up the DagBag from /opt/airflow/dags/first_dag.py
[2023-05-12T16:31:42.613+0000] {processor.py:809} INFO - DAG(s) dict_keys(['meu_primeiro_dag']) retrieved from /opt/airflow/dags/first_dag.py
[2023-05-12T16:31:42.676+0000] {logging_mixin.py:149} INFO - [2023-05-12T16:31:42.676+0000] {dag.py:2726} INFO - Sync 1 DAGs
[2023-05-12T16:31:42.783+0000] {logging_mixin.py:149} INFO - [2023-05-12T16:31:42.781+0000] {dag.py:3490} INFO - Setting next_dagrun for meu_primeiro_dag to 2023-05-10T00:00:00+00:00, run_after=2023-05-11T00:00:00+00:00
[2023-05-12T16:31:43.206+0000] {processor.py:178} INFO - Processing /opt/airflow/dags/first_dag.py took 0.712 seconds
[2023-05-12T16:32:13.568+0000] {processor.py:156} INFO - Started process (PID=669) to work on /opt/airflow/dags/first_dag.py
[2023-05-12T16:32:13.571+0000] {processor.py:799} INFO - Processing file /opt/airflow/dags/first_dag.py for tasks to queue
[2023-05-12T16:32:13.575+0000] {logging_mixin.py:149} INFO - [2023-05-12T16:32:13.574+0000] {dagbag.py:541} INFO - Filling up the DagBag from /opt/airflow/dags/first_dag.py
[2023-05-12T16:32:13.658+0000] {processor.py:809} INFO - DAG(s) dict_keys(['meu_primeiro_dag']) retrieved from /opt/airflow/dags/first_dag.py
[2023-05-12T16:32:13.710+0000] {logging_mixin.py:149} INFO - [2023-05-12T16:32:13.710+0000] {dag.py:2726} INFO - Sync 1 DAGs
[2023-05-12T16:32:13.775+0000] {logging_mixin.py:149} INFO - [2023-05-12T16:32:13.775+0000] {dag.py:3490} INFO - Setting next_dagrun for meu_primeiro_dag to 2023-05-10T00:00:00+00:00, run_after=2023-05-11T00:00:00+00:00
[2023-05-12T16:32:13.945+0000] {processor.py:178} INFO - Processing /opt/airflow/dags/first_dag.py took 0.398 seconds
[2023-05-12T16:32:44.771+0000] {processor.py:156} INFO - Started process (PID=726) to work on /opt/airflow/dags/first_dag.py
[2023-05-12T16:32:44.777+0000] {processor.py:799} INFO - Processing file /opt/airflow/dags/first_dag.py for tasks to queue
[2023-05-12T16:32:44.779+0000] {logging_mixin.py:149} INFO - [2023-05-12T16:32:44.779+0000] {dagbag.py:541} INFO - Filling up the DagBag from /opt/airflow/dags/first_dag.py
[2023-05-12T16:32:44.886+0000] {processor.py:809} INFO - DAG(s) dict_keys(['meu_primeiro_dag']) retrieved from /opt/airflow/dags/first_dag.py
[2023-05-12T16:32:45.052+0000] {logging_mixin.py:149} INFO - [2023-05-12T16:32:45.052+0000] {dag.py:2726} INFO - Sync 1 DAGs
[2023-05-12T16:32:45.366+0000] {logging_mixin.py:149} INFO - [2023-05-12T16:32:45.366+0000] {dag.py:3490} INFO - Setting next_dagrun for meu_primeiro_dag to 2023-05-10T00:00:00+00:00, run_after=2023-05-11T00:00:00+00:00
[2023-05-12T16:32:46.644+0000] {processor.py:178} INFO - Processing /opt/airflow/dags/first_dag.py took 1.884 seconds
[2023-05-12T16:33:16.977+0000] {processor.py:156} INFO - Started process (PID=788) to work on /opt/airflow/dags/first_dag.py
[2023-05-12T16:33:16.986+0000] {processor.py:799} INFO - Processing file /opt/airflow/dags/first_dag.py for tasks to queue
[2023-05-12T16:33:16.989+0000] {logging_mixin.py:149} INFO - [2023-05-12T16:33:16.989+0000] {dagbag.py:541} INFO - Filling up the DagBag from /opt/airflow/dags/first_dag.py
[2023-05-12T16:33:17.170+0000] {processor.py:809} INFO - DAG(s) dict_keys(['meu_primeiro_dag']) retrieved from /opt/airflow/dags/first_dag.py
[2023-05-12T16:33:17.279+0000] {logging_mixin.py:149} INFO - [2023-05-12T16:33:17.279+0000] {dag.py:2726} INFO - Sync 1 DAGs
[2023-05-12T16:33:17.422+0000] {logging_mixin.py:149} INFO - [2023-05-12T16:33:17.422+0000] {dag.py:3490} INFO - Setting next_dagrun for meu_primeiro_dag to 2023-05-10T00:00:00+00:00, run_after=2023-05-11T00:00:00+00:00
[2023-05-12T16:33:17.621+0000] {processor.py:178} INFO - Processing /opt/airflow/dags/first_dag.py took 0.668 seconds
[2023-05-12T16:33:47.823+0000] {processor.py:156} INFO - Started process (PID=851) to work on /opt/airflow/dags/first_dag.py
[2023-05-12T16:33:47.825+0000] {processor.py:799} INFO - Processing file /opt/airflow/dags/first_dag.py for tasks to queue
[2023-05-12T16:33:47.829+0000] {logging_mixin.py:149} INFO - [2023-05-12T16:33:47.828+0000] {dagbag.py:541} INFO - Filling up the DagBag from /opt/airflow/dags/first_dag.py
[2023-05-12T16:33:47.908+0000] {processor.py:809} INFO - DAG(s) dict_keys(['meu_primeiro_dag']) retrieved from /opt/airflow/dags/first_dag.py
[2023-05-12T16:33:47.975+0000] {logging_mixin.py:149} INFO - [2023-05-12T16:33:47.975+0000] {dag.py:2726} INFO - Sync 1 DAGs
[2023-05-12T16:33:48.075+0000] {logging_mixin.py:149} INFO - [2023-05-12T16:33:48.074+0000] {dag.py:3490} INFO - Setting next_dagrun for meu_primeiro_dag to 2023-05-10T00:00:00+00:00, run_after=2023-05-11T00:00:00+00:00
[2023-05-12T16:33:48.230+0000] {processor.py:178} INFO - Processing /opt/airflow/dags/first_dag.py took 0.417 seconds
[2023-05-12T16:34:18.560+0000] {processor.py:156} INFO - Started process (PID=913) to work on /opt/airflow/dags/first_dag.py
[2023-05-12T16:34:18.563+0000] {processor.py:799} INFO - Processing file /opt/airflow/dags/first_dag.py for tasks to queue
[2023-05-12T16:34:18.565+0000] {logging_mixin.py:149} INFO - [2023-05-12T16:34:18.565+0000] {dagbag.py:541} INFO - Filling up the DagBag from /opt/airflow/dags/first_dag.py
[2023-05-12T16:34:18.630+0000] {processor.py:809} INFO - DAG(s) dict_keys(['meu_primeiro_dag']) retrieved from /opt/airflow/dags/first_dag.py
[2023-05-12T16:34:18.689+0000] {logging_mixin.py:149} INFO - [2023-05-12T16:34:18.688+0000] {dag.py:2726} INFO - Sync 1 DAGs
[2023-05-12T16:34:18.780+0000] {logging_mixin.py:149} INFO - [2023-05-12T16:34:18.779+0000] {dag.py:3490} INFO - Setting next_dagrun for meu_primeiro_dag to 2023-05-10T00:00:00+00:00, run_after=2023-05-11T00:00:00+00:00
[2023-05-12T16:34:18.937+0000] {processor.py:178} INFO - Processing /opt/airflow/dags/first_dag.py took 0.385 seconds
[2023-05-12T16:34:49.672+0000] {processor.py:156} INFO - Started process (PID=976) to work on /opt/airflow/dags/first_dag.py
[2023-05-12T16:34:49.674+0000] {processor.py:799} INFO - Processing file /opt/airflow/dags/first_dag.py for tasks to queue
[2023-05-12T16:34:49.675+0000] {logging_mixin.py:149} INFO - [2023-05-12T16:34:49.675+0000] {dagbag.py:541} INFO - Filling up the DagBag from /opt/airflow/dags/first_dag.py
[2023-05-12T16:34:49.730+0000] {processor.py:809} INFO - DAG(s) dict_keys(['meu_primeiro_dag']) retrieved from /opt/airflow/dags/first_dag.py
[2023-05-12T16:34:49.819+0000] {logging_mixin.py:149} INFO - [2023-05-12T16:34:49.818+0000] {dag.py:2726} INFO - Sync 1 DAGs
[2023-05-12T16:34:49.902+0000] {logging_mixin.py:149} INFO - [2023-05-12T16:34:49.902+0000] {dag.py:3490} INFO - Setting next_dagrun for meu_primeiro_dag to 2023-05-10T00:00:00+00:00, run_after=2023-05-11T00:00:00+00:00
[2023-05-12T16:34:50.091+0000] {processor.py:178} INFO - Processing /opt/airflow/dags/first_dag.py took 0.426 seconds
[2023-05-12T16:35:21.108+0000] {processor.py:156} INFO - Started process (PID=1039) to work on /opt/airflow/dags/first_dag.py
[2023-05-12T16:35:21.112+0000] {processor.py:799} INFO - Processing file /opt/airflow/dags/first_dag.py for tasks to queue
[2023-05-12T16:35:21.117+0000] {logging_mixin.py:149} INFO - [2023-05-12T16:35:21.115+0000] {dagbag.py:541} INFO - Filling up the DagBag from /opt/airflow/dags/first_dag.py
[2023-05-12T16:35:21.181+0000] {processor.py:809} INFO - DAG(s) dict_keys(['meu_primeiro_dag']) retrieved from /opt/airflow/dags/first_dag.py
[2023-05-12T16:35:21.241+0000] {logging_mixin.py:149} INFO - [2023-05-12T16:35:21.240+0000] {dag.py:2726} INFO - Sync 1 DAGs
[2023-05-12T16:35:21.302+0000] {logging_mixin.py:149} INFO - [2023-05-12T16:35:21.302+0000] {dag.py:3490} INFO - Setting next_dagrun for meu_primeiro_dag to 2023-05-10T00:00:00+00:00, run_after=2023-05-11T00:00:00+00:00
[2023-05-12T16:35:22.744+0000] {processor.py:178} INFO - Processing /opt/airflow/dags/first_dag.py took 1.644 seconds
[2023-05-12T16:35:55.719+0000] {processor.py:156} INFO - Started process (PID=1101) to work on /opt/airflow/dags/first_dag.py
[2023-05-12T16:35:55.726+0000] {processor.py:799} INFO - Processing file /opt/airflow/dags/first_dag.py for tasks to queue
[2023-05-12T16:35:55.739+0000] {logging_mixin.py:149} INFO - [2023-05-12T16:35:55.739+0000] {dagbag.py:541} INFO - Filling up the DagBag from /opt/airflow/dags/first_dag.py
[2023-05-12T16:35:55.864+0000] {processor.py:809} INFO - DAG(s) dict_keys(['meu_primeiro_dag']) retrieved from /opt/airflow/dags/first_dag.py
[2023-05-12T16:35:55.934+0000] {logging_mixin.py:149} INFO - [2023-05-12T16:35:55.933+0000] {dag.py:2726} INFO - Sync 1 DAGs
[2023-05-12T16:35:56.020+0000] {logging_mixin.py:149} INFO - [2023-05-12T16:35:56.019+0000] {dag.py:3490} INFO - Setting next_dagrun for meu_primeiro_dag to 2023-05-10T00:00:00+00:00, run_after=2023-05-11T00:00:00+00:00
[2023-05-12T16:35:56.224+0000] {processor.py:178} INFO - Processing /opt/airflow/dags/first_dag.py took 0.521 seconds
[2023-05-12T16:36:32.814+0000] {processor.py:156} INFO - Started process (PID=1162) to work on /opt/airflow/dags/first_dag.py
[2023-05-12T16:36:32.816+0000] {processor.py:799} INFO - Processing file /opt/airflow/dags/first_dag.py for tasks to queue
[2023-05-12T16:36:32.819+0000] {logging_mixin.py:149} INFO - [2023-05-12T16:36:32.818+0000] {dagbag.py:541} INFO - Filling up the DagBag from /opt/airflow/dags/first_dag.py
[2023-05-12T16:36:32.882+0000] {processor.py:809} INFO - DAG(s) dict_keys(['meu_primeiro_dag']) retrieved from /opt/airflow/dags/first_dag.py
[2023-05-12T16:36:32.943+0000] {logging_mixin.py:149} INFO - [2023-05-12T16:36:32.943+0000] {dag.py:2726} INFO - Sync 1 DAGs
[2023-05-12T16:36:33.005+0000] {logging_mixin.py:149} INFO - [2023-05-12T16:36:33.005+0000] {dag.py:3490} INFO - Setting next_dagrun for meu_primeiro_dag to 2023-05-10T00:00:00+00:00, run_after=2023-05-11T00:00:00+00:00
[2023-05-12T16:36:34.881+0000] {processor.py:178} INFO - Processing /opt/airflow/dags/first_dag.py took 2.075 seconds
[2023-05-12T16:37:05.034+0000] {processor.py:156} INFO - Started process (PID=1223) to work on /opt/airflow/dags/first_dag.py
[2023-05-12T16:37:05.041+0000] {processor.py:799} INFO - Processing file /opt/airflow/dags/first_dag.py for tasks to queue
[2023-05-12T16:37:05.053+0000] {logging_mixin.py:149} INFO - [2023-05-12T16:37:05.052+0000] {dagbag.py:541} INFO - Filling up the DagBag from /opt/airflow/dags/first_dag.py
[2023-05-12T16:37:05.206+0000] {processor.py:809} INFO - DAG(s) dict_keys(['meu_primeiro_dag']) retrieved from /opt/airflow/dags/first_dag.py
[2023-05-12T16:37:05.300+0000] {logging_mixin.py:149} INFO - [2023-05-12T16:37:05.300+0000] {dag.py:2726} INFO - Sync 1 DAGs
[2023-05-12T16:37:05.480+0000] {logging_mixin.py:149} INFO - [2023-05-12T16:37:05.480+0000] {dag.py:3490} INFO - Setting next_dagrun for meu_primeiro_dag to 2023-05-10T00:00:00+00:00, run_after=2023-05-11T00:00:00+00:00
[2023-05-12T16:37:05.755+0000] {processor.py:178} INFO - Processing /opt/airflow/dags/first_dag.py took 0.732 seconds
[2023-05-12T16:37:36.500+0000] {processor.py:156} INFO - Started process (PID=1281) to work on /opt/airflow/dags/first_dag.py
[2023-05-12T16:37:36.504+0000] {processor.py:799} INFO - Processing file /opt/airflow/dags/first_dag.py for tasks to queue
[2023-05-12T16:37:36.511+0000] {logging_mixin.py:149} INFO - [2023-05-12T16:37:36.511+0000] {dagbag.py:541} INFO - Filling up the DagBag from /opt/airflow/dags/first_dag.py
[2023-05-12T16:37:36.659+0000] {processor.py:809} INFO - DAG(s) dict_keys(['meu_primeiro_dag']) retrieved from /opt/airflow/dags/first_dag.py
[2023-05-12T16:37:36.733+0000] {logging_mixin.py:149} INFO - [2023-05-12T16:37:36.732+0000] {dag.py:2726} INFO - Sync 1 DAGs
[2023-05-12T16:37:36.815+0000] {logging_mixin.py:149} INFO - [2023-05-12T16:37:36.815+0000] {dag.py:3490} INFO - Setting next_dagrun for meu_primeiro_dag to 2023-05-10T00:00:00+00:00, run_after=2023-05-11T00:00:00+00:00
[2023-05-12T16:37:37.018+0000] {processor.py:178} INFO - Processing /opt/airflow/dags/first_dag.py took 0.527 seconds
[2023-05-12T16:38:09.045+0000] {processor.py:156} INFO - Started process (PID=1348) to work on /opt/airflow/dags/first_dag.py
[2023-05-12T16:38:09.051+0000] {processor.py:799} INFO - Processing file /opt/airflow/dags/first_dag.py for tasks to queue
[2023-05-12T16:38:09.054+0000] {logging_mixin.py:149} INFO - [2023-05-12T16:38:09.054+0000] {dagbag.py:541} INFO - Filling up the DagBag from /opt/airflow/dags/first_dag.py
[2023-05-12T16:38:09.149+0000] {processor.py:809} INFO - DAG(s) dict_keys(['meu_primeiro_dag']) retrieved from /opt/airflow/dags/first_dag.py
[2023-05-12T16:38:09.299+0000] {logging_mixin.py:149} INFO - [2023-05-12T16:38:09.297+0000] {dag.py:2726} INFO - Sync 1 DAGs
[2023-05-12T16:38:09.664+0000] {logging_mixin.py:149} INFO - [2023-05-12T16:38:09.664+0000] {dag.py:3490} INFO - Setting next_dagrun for meu_primeiro_dag to 2023-05-10T00:00:00+00:00, run_after=2023-05-11T00:00:00+00:00
[2023-05-12T16:38:10.147+0000] {processor.py:178} INFO - Processing /opt/airflow/dags/first_dag.py took 1.110 seconds
[2023-05-12T16:38:40.507+0000] {processor.py:156} INFO - Started process (PID=1385) to work on /opt/airflow/dags/first_dag.py
[2023-05-12T16:38:40.510+0000] {processor.py:799} INFO - Processing file /opt/airflow/dags/first_dag.py for tasks to queue
[2023-05-12T16:38:40.513+0000] {logging_mixin.py:149} INFO - [2023-05-12T16:38:40.512+0000] {dagbag.py:541} INFO - Filling up the DagBag from /opt/airflow/dags/first_dag.py
[2023-05-12T16:38:40.580+0000] {processor.py:809} INFO - DAG(s) dict_keys(['meu_primeiro_dag']) retrieved from /opt/airflow/dags/first_dag.py
[2023-05-12T16:38:40.632+0000] {logging_mixin.py:149} INFO - [2023-05-12T16:38:40.632+0000] {dag.py:2726} INFO - Sync 1 DAGs
[2023-05-12T16:38:40.685+0000] {logging_mixin.py:149} INFO - [2023-05-12T16:38:40.685+0000] {dag.py:3490} INFO - Setting next_dagrun for meu_primeiro_dag to 2023-05-10T00:00:00+00:00, run_after=2023-05-11T00:00:00+00:00
[2023-05-12T16:38:41.256+0000] {processor.py:178} INFO - Processing /opt/airflow/dags/first_dag.py took 0.756 seconds
[2023-05-12T16:39:12.186+0000] {processor.py:156} INFO - Started process (PID=1448) to work on /opt/airflow/dags/first_dag.py
[2023-05-12T16:39:12.189+0000] {processor.py:799} INFO - Processing file /opt/airflow/dags/first_dag.py for tasks to queue
[2023-05-12T16:39:12.194+0000] {logging_mixin.py:149} INFO - [2023-05-12T16:39:12.193+0000] {dagbag.py:541} INFO - Filling up the DagBag from /opt/airflow/dags/first_dag.py
[2023-05-12T16:39:12.285+0000] {processor.py:809} INFO - DAG(s) dict_keys(['meu_primeiro_dag']) retrieved from /opt/airflow/dags/first_dag.py
[2023-05-12T16:39:12.401+0000] {logging_mixin.py:149} INFO - [2023-05-12T16:39:12.400+0000] {dag.py:2726} INFO - Sync 1 DAGs
[2023-05-12T16:39:12.558+0000] {logging_mixin.py:149} INFO - [2023-05-12T16:39:12.557+0000] {dag.py:3490} INFO - Setting next_dagrun for meu_primeiro_dag to 2023-05-10T00:00:00+00:00, run_after=2023-05-11T00:00:00+00:00
[2023-05-12T16:39:13.940+0000] {processor.py:178} INFO - Processing /opt/airflow/dags/first_dag.py took 1.767 seconds
[2023-05-12T16:39:44.659+0000] {processor.py:156} INFO - Started process (PID=1511) to work on /opt/airflow/dags/first_dag.py
[2023-05-12T16:39:44.661+0000] {processor.py:799} INFO - Processing file /opt/airflow/dags/first_dag.py for tasks to queue
[2023-05-12T16:39:44.664+0000] {logging_mixin.py:149} INFO - [2023-05-12T16:39:44.664+0000] {dagbag.py:541} INFO - Filling up the DagBag from /opt/airflow/dags/first_dag.py
[2023-05-12T16:39:44.730+0000] {processor.py:809} INFO - DAG(s) dict_keys(['meu_primeiro_dag']) retrieved from /opt/airflow/dags/first_dag.py
[2023-05-12T16:39:44.798+0000] {logging_mixin.py:149} INFO - [2023-05-12T16:39:44.797+0000] {dag.py:2726} INFO - Sync 1 DAGs
[2023-05-12T16:39:44.918+0000] {logging_mixin.py:149} INFO - [2023-05-12T16:39:44.917+0000] {dag.py:3490} INFO - Setting next_dagrun for meu_primeiro_dag to 2023-05-10T00:00:00+00:00, run_after=2023-05-11T00:00:00+00:00
[2023-05-12T16:39:45.014+0000] {processor.py:178} INFO - Processing /opt/airflow/dags/first_dag.py took 0.372 seconds
[2023-05-12T16:40:15.409+0000] {processor.py:156} INFO - Started process (PID=1574) to work on /opt/airflow/dags/first_dag.py
[2023-05-12T16:40:15.412+0000] {processor.py:799} INFO - Processing file /opt/airflow/dags/first_dag.py for tasks to queue
[2023-05-12T16:40:15.414+0000] {logging_mixin.py:149} INFO - [2023-05-12T16:40:15.414+0000] {dagbag.py:541} INFO - Filling up the DagBag from /opt/airflow/dags/first_dag.py
[2023-05-12T16:40:15.486+0000] {processor.py:809} INFO - DAG(s) dict_keys(['meu_primeiro_dag']) retrieved from /opt/airflow/dags/first_dag.py
[2023-05-12T16:40:15.556+0000] {logging_mixin.py:149} INFO - [2023-05-12T16:40:15.555+0000] {dag.py:2726} INFO - Sync 1 DAGs
[2023-05-12T16:40:15.641+0000] {logging_mixin.py:149} INFO - [2023-05-12T16:40:15.641+0000] {dag.py:3490} INFO - Setting next_dagrun for meu_primeiro_dag to 2023-05-10T00:00:00+00:00, run_after=2023-05-11T00:00:00+00:00
[2023-05-12T16:40:15.783+0000] {processor.py:178} INFO - Processing /opt/airflow/dags/first_dag.py took 0.384 seconds
[2023-05-12T16:40:46.351+0000] {processor.py:156} INFO - Started process (PID=1638) to work on /opt/airflow/dags/first_dag.py
[2023-05-12T16:40:46.354+0000] {processor.py:799} INFO - Processing file /opt/airflow/dags/first_dag.py for tasks to queue
[2023-05-12T16:40:46.356+0000] {logging_mixin.py:149} INFO - [2023-05-12T16:40:46.356+0000] {dagbag.py:541} INFO - Filling up the DagBag from /opt/airflow/dags/first_dag.py
[2023-05-12T16:40:46.436+0000] {processor.py:809} INFO - DAG(s) dict_keys(['meu_primeiro_dag']) retrieved from /opt/airflow/dags/first_dag.py
[2023-05-12T16:40:46.516+0000] {logging_mixin.py:149} INFO - [2023-05-12T16:40:46.516+0000] {dag.py:2726} INFO - Sync 1 DAGs
[2023-05-12T16:40:46.616+0000] {logging_mixin.py:149} INFO - [2023-05-12T16:40:46.616+0000] {dag.py:3490} INFO - Setting next_dagrun for meu_primeiro_dag to 2023-05-10T00:00:00+00:00, run_after=2023-05-11T00:00:00+00:00
[2023-05-12T16:40:46.784+0000] {processor.py:178} INFO - Processing /opt/airflow/dags/first_dag.py took 0.441 seconds
[2023-05-12T16:41:17.254+0000] {processor.py:156} INFO - Started process (PID=1701) to work on /opt/airflow/dags/first_dag.py
[2023-05-12T16:41:17.256+0000] {processor.py:799} INFO - Processing file /opt/airflow/dags/first_dag.py for tasks to queue
[2023-05-12T16:41:17.259+0000] {logging_mixin.py:149} INFO - [2023-05-12T16:41:17.258+0000] {dagbag.py:541} INFO - Filling up the DagBag from /opt/airflow/dags/first_dag.py
[2023-05-12T16:41:17.323+0000] {processor.py:809} INFO - DAG(s) dict_keys(['meu_primeiro_dag']) retrieved from /opt/airflow/dags/first_dag.py
[2023-05-12T16:41:17.436+0000] {logging_mixin.py:149} INFO - [2023-05-12T16:41:17.436+0000] {dag.py:2726} INFO - Sync 1 DAGs
[2023-05-12T16:41:17.534+0000] {logging_mixin.py:149} INFO - [2023-05-12T16:41:17.533+0000] {dag.py:3490} INFO - Setting next_dagrun for meu_primeiro_dag to 2023-05-10T00:00:00+00:00, run_after=2023-05-11T00:00:00+00:00
[2023-05-12T16:41:18.013+0000] {processor.py:178} INFO - Processing /opt/airflow/dags/first_dag.py took 0.765 seconds
[2023-05-12T16:41:49.590+0000] {processor.py:156} INFO - Started process (PID=1762) to work on /opt/airflow/dags/first_dag.py
[2023-05-12T16:41:49.592+0000] {processor.py:799} INFO - Processing file /opt/airflow/dags/first_dag.py for tasks to queue
[2023-05-12T16:41:49.594+0000] {logging_mixin.py:149} INFO - [2023-05-12T16:41:49.594+0000] {dagbag.py:541} INFO - Filling up the DagBag from /opt/airflow/dags/first_dag.py
[2023-05-12T16:41:49.645+0000] {processor.py:809} INFO - DAG(s) dict_keys(['meu_primeiro_dag']) retrieved from /opt/airflow/dags/first_dag.py
[2023-05-12T16:41:49.687+0000] {logging_mixin.py:149} INFO - [2023-05-12T16:41:49.687+0000] {dag.py:2726} INFO - Sync 1 DAGs
[2023-05-12T16:41:49.738+0000] {logging_mixin.py:149} INFO - [2023-05-12T16:41:49.737+0000] {dag.py:3490} INFO - Setting next_dagrun for meu_primeiro_dag to 2023-05-10T00:00:00+00:00, run_after=2023-05-11T00:00:00+00:00
[2023-05-12T16:41:50.046+0000] {processor.py:178} INFO - Processing /opt/airflow/dags/first_dag.py took 0.462 seconds
[2023-05-12T16:42:22.824+0000] {processor.py:156} INFO - Started process (PID=1823) to work on /opt/airflow/dags/first_dag.py
[2023-05-12T16:42:22.826+0000] {processor.py:799} INFO - Processing file /opt/airflow/dags/first_dag.py for tasks to queue
[2023-05-12T16:42:22.828+0000] {logging_mixin.py:149} INFO - [2023-05-12T16:42:22.828+0000] {dagbag.py:541} INFO - Filling up the DagBag from /opt/airflow/dags/first_dag.py
[2023-05-12T16:42:22.883+0000] {processor.py:809} INFO - DAG(s) dict_keys(['meu_primeiro_dag']) retrieved from /opt/airflow/dags/first_dag.py
[2023-05-12T16:42:22.929+0000] {logging_mixin.py:149} INFO - [2023-05-12T16:42:22.928+0000] {dag.py:2726} INFO - Sync 1 DAGs
[2023-05-12T16:42:22.982+0000] {logging_mixin.py:149} INFO - [2023-05-12T16:42:22.982+0000] {dag.py:3490} INFO - Setting next_dagrun for meu_primeiro_dag to 2023-05-10T00:00:00+00:00, run_after=2023-05-11T00:00:00+00:00
[2023-05-12T16:42:23.205+0000] {processor.py:178} INFO - Processing /opt/airflow/dags/first_dag.py took 0.386 seconds
[2023-05-12T16:42:53.629+0000] {processor.py:156} INFO - Started process (PID=1885) to work on /opt/airflow/dags/first_dag.py
[2023-05-12T16:42:53.632+0000] {processor.py:799} INFO - Processing file /opt/airflow/dags/first_dag.py for tasks to queue
[2023-05-12T16:42:53.635+0000] {logging_mixin.py:149} INFO - [2023-05-12T16:42:53.634+0000] {dagbag.py:541} INFO - Filling up the DagBag from /opt/airflow/dags/first_dag.py
[2023-05-12T16:42:53.737+0000] {processor.py:809} INFO - DAG(s) dict_keys(['meu_primeiro_dag']) retrieved from /opt/airflow/dags/first_dag.py
[2023-05-12T16:42:53.806+0000] {logging_mixin.py:149} INFO - [2023-05-12T16:42:53.806+0000] {dag.py:2726} INFO - Sync 1 DAGs
[2023-05-12T16:42:53.900+0000] {logging_mixin.py:149} INFO - [2023-05-12T16:42:53.900+0000] {dag.py:3490} INFO - Setting next_dagrun for meu_primeiro_dag to 2023-05-10T00:00:00+00:00, run_after=2023-05-11T00:00:00+00:00
[2023-05-12T16:42:54.068+0000] {processor.py:178} INFO - Processing /opt/airflow/dags/first_dag.py took 0.451 seconds
[2023-05-12T16:43:31.755+0000] {processor.py:156} INFO - Started process (PID=1930) to work on /opt/airflow/dags/first_dag.py
[2023-05-12T16:43:31.757+0000] {processor.py:799} INFO - Processing file /opt/airflow/dags/first_dag.py for tasks to queue
[2023-05-12T16:43:31.759+0000] {logging_mixin.py:149} INFO - [2023-05-12T16:43:31.758+0000] {dagbag.py:541} INFO - Filling up the DagBag from /opt/airflow/dags/first_dag.py
[2023-05-12T16:43:31.805+0000] {processor.py:809} INFO - DAG(s) dict_keys(['meu_primeiro_dag']) retrieved from /opt/airflow/dags/first_dag.py
[2023-05-12T16:43:31.846+0000] {logging_mixin.py:149} INFO - [2023-05-12T16:43:31.846+0000] {dag.py:2726} INFO - Sync 1 DAGs
[2023-05-12T16:43:31.907+0000] {logging_mixin.py:149} INFO - [2023-05-12T16:43:31.907+0000] {dag.py:3490} INFO - Setting next_dagrun for meu_primeiro_dag to 2023-05-10T00:00:00+00:00, run_after=2023-05-11T00:00:00+00:00
[2023-05-12T16:43:32.154+0000] {processor.py:178} INFO - Processing /opt/airflow/dags/first_dag.py took 0.405 seconds
[2023-05-12T16:44:07.572+0000] {processor.py:156} INFO - Started process (PID=1993) to work on /opt/airflow/dags/first_dag.py
[2023-05-12T16:44:07.573+0000] {processor.py:799} INFO - Processing file /opt/airflow/dags/first_dag.py for tasks to queue
[2023-05-12T16:44:07.575+0000] {logging_mixin.py:149} INFO - [2023-05-12T16:44:07.575+0000] {dagbag.py:541} INFO - Filling up the DagBag from /opt/airflow/dags/first_dag.py
[2023-05-12T16:44:07.624+0000] {processor.py:809} INFO - DAG(s) dict_keys(['meu_primeiro_dag']) retrieved from /opt/airflow/dags/first_dag.py
[2023-05-12T16:44:07.693+0000] {logging_mixin.py:149} INFO - [2023-05-12T16:44:07.693+0000] {dag.py:2726} INFO - Sync 1 DAGs
[2023-05-12T16:44:07.787+0000] {logging_mixin.py:149} INFO - [2023-05-12T16:44:07.787+0000] {dag.py:3490} INFO - Setting next_dagrun for meu_primeiro_dag to 2023-05-10T00:00:00+00:00, run_after=2023-05-11T00:00:00+00:00
[2023-05-12T16:44:07.938+0000] {processor.py:178} INFO - Processing /opt/airflow/dags/first_dag.py took 0.372 seconds
[2023-05-12T16:44:54.203+0000] {processor.py:156} INFO - Started process (PID=2055) to work on /opt/airflow/dags/first_dag.py
[2023-05-12T16:44:54.205+0000] {processor.py:799} INFO - Processing file /opt/airflow/dags/first_dag.py for tasks to queue
[2023-05-12T16:44:54.207+0000] {logging_mixin.py:149} INFO - [2023-05-12T16:44:54.207+0000] {dagbag.py:541} INFO - Filling up the DagBag from /opt/airflow/dags/first_dag.py
[2023-05-12T16:44:54.269+0000] {processor.py:809} INFO - DAG(s) dict_keys(['meu_primeiro_dag']) retrieved from /opt/airflow/dags/first_dag.py
[2023-05-12T16:44:54.342+0000] {logging_mixin.py:149} INFO - [2023-05-12T16:44:54.341+0000] {dag.py:2726} INFO - Sync 1 DAGs
[2023-05-12T16:44:54.462+0000] {logging_mixin.py:149} INFO - [2023-05-12T16:44:54.461+0000] {dag.py:3490} INFO - Setting next_dagrun for meu_primeiro_dag to 2023-05-10T00:00:00+00:00, run_after=2023-05-11T00:00:00+00:00
[2023-05-12T16:44:54.755+0000] {processor.py:178} INFO - Processing /opt/airflow/dags/first_dag.py took 0.559 seconds
[2023-05-12T16:45:28.345+0000] {processor.py:156} INFO - Started process (PID=2118) to work on /opt/airflow/dags/first_dag.py
[2023-05-12T16:45:28.347+0000] {processor.py:799} INFO - Processing file /opt/airflow/dags/first_dag.py for tasks to queue
[2023-05-12T16:45:28.349+0000] {logging_mixin.py:149} INFO - [2023-05-12T16:45:28.349+0000] {dagbag.py:541} INFO - Filling up the DagBag from /opt/airflow/dags/first_dag.py
[2023-05-12T16:45:28.414+0000] {processor.py:809} INFO - DAG(s) dict_keys(['meu_primeiro_dag']) retrieved from /opt/airflow/dags/first_dag.py
[2023-05-12T16:45:28.471+0000] {logging_mixin.py:149} INFO - [2023-05-12T16:45:28.470+0000] {dag.py:2726} INFO - Sync 1 DAGs
[2023-05-12T16:45:28.525+0000] {logging_mixin.py:149} INFO - [2023-05-12T16:45:28.525+0000] {dag.py:3490} INFO - Setting next_dagrun for meu_primeiro_dag to 2023-05-10T00:00:00+00:00, run_after=2023-05-11T00:00:00+00:00
[2023-05-12T16:45:29.324+0000] {processor.py:178} INFO - Processing /opt/airflow/dags/first_dag.py took 0.988 seconds
[2023-05-12T16:46:00.972+0000] {processor.py:156} INFO - Started process (PID=2181) to work on /opt/airflow/dags/first_dag.py
[2023-05-12T16:46:00.974+0000] {processor.py:799} INFO - Processing file /opt/airflow/dags/first_dag.py for tasks to queue
[2023-05-12T16:46:00.977+0000] {logging_mixin.py:149} INFO - [2023-05-12T16:46:00.976+0000] {dagbag.py:541} INFO - Filling up the DagBag from /opt/airflow/dags/first_dag.py
[2023-05-12T16:46:01.040+0000] {processor.py:809} INFO - DAG(s) dict_keys(['meu_primeiro_dag']) retrieved from /opt/airflow/dags/first_dag.py
[2023-05-12T16:46:01.103+0000] {logging_mixin.py:149} INFO - [2023-05-12T16:46:01.103+0000] {dag.py:2726} INFO - Sync 1 DAGs
[2023-05-12T16:46:01.159+0000] {logging_mixin.py:149} INFO - [2023-05-12T16:46:01.159+0000] {dag.py:3490} INFO - Setting next_dagrun for meu_primeiro_dag to 2023-05-10T00:00:00+00:00, run_after=2023-05-11T00:00:00+00:00
[2023-05-12T16:46:01.428+0000] {processor.py:178} INFO - Processing /opt/airflow/dags/first_dag.py took 0.463 seconds
[2023-05-12T16:46:31.995+0000] {processor.py:156} INFO - Started process (PID=2240) to work on /opt/airflow/dags/first_dag.py
[2023-05-12T16:46:31.999+0000] {processor.py:799} INFO - Processing file /opt/airflow/dags/first_dag.py for tasks to queue
[2023-05-12T16:46:32.004+0000] {logging_mixin.py:149} INFO - [2023-05-12T16:46:32.003+0000] {dagbag.py:541} INFO - Filling up the DagBag from /opt/airflow/dags/first_dag.py
[2023-05-12T16:46:32.189+0000] {processor.py:809} INFO - DAG(s) dict_keys(['meu_primeiro_dag']) retrieved from /opt/airflow/dags/first_dag.py
[2023-05-12T16:46:32.265+0000] {logging_mixin.py:149} INFO - [2023-05-12T16:46:32.264+0000] {dag.py:2726} INFO - Sync 1 DAGs
[2023-05-12T16:46:32.384+0000] {logging_mixin.py:149} INFO - [2023-05-12T16:46:32.383+0000] {dag.py:3490} INFO - Setting next_dagrun for meu_primeiro_dag to 2023-05-10T00:00:00+00:00, run_after=2023-05-11T00:00:00+00:00
[2023-05-12T16:46:32.562+0000] {processor.py:178} INFO - Processing /opt/airflow/dags/first_dag.py took 0.580 seconds
[2023-05-12T16:47:02.766+0000] {processor.py:156} INFO - Started process (PID=2301) to work on /opt/airflow/dags/first_dag.py
[2023-05-12T16:47:02.771+0000] {processor.py:799} INFO - Processing file /opt/airflow/dags/first_dag.py for tasks to queue
[2023-05-12T16:47:02.774+0000] {logging_mixin.py:149} INFO - [2023-05-12T16:47:02.774+0000] {dagbag.py:541} INFO - Filling up the DagBag from /opt/airflow/dags/first_dag.py
[2023-05-12T16:47:02.845+0000] {processor.py:809} INFO - DAG(s) dict_keys(['meu_primeiro_dag']) retrieved from /opt/airflow/dags/first_dag.py
[2023-05-12T16:47:02.934+0000] {logging_mixin.py:149} INFO - [2023-05-12T16:47:02.933+0000] {dag.py:2726} INFO - Sync 1 DAGs
[2023-05-12T16:47:03.033+0000] {logging_mixin.py:149} INFO - [2023-05-12T16:47:03.032+0000] {dag.py:3490} INFO - Setting next_dagrun for meu_primeiro_dag to 2023-05-10T00:00:00+00:00, run_after=2023-05-11T00:00:00+00:00
[2023-05-12T16:47:03.240+0000] {processor.py:178} INFO - Processing /opt/airflow/dags/first_dag.py took 0.484 seconds
[2023-05-12T16:47:33.821+0000] {processor.py:156} INFO - Started process (PID=2360) to work on /opt/airflow/dags/first_dag.py
[2023-05-12T16:47:33.824+0000] {processor.py:799} INFO - Processing file /opt/airflow/dags/first_dag.py for tasks to queue
[2023-05-12T16:47:33.827+0000] {logging_mixin.py:149} INFO - [2023-05-12T16:47:33.826+0000] {dagbag.py:541} INFO - Filling up the DagBag from /opt/airflow/dags/first_dag.py
[2023-05-12T16:47:33.898+0000] {processor.py:809} INFO - DAG(s) dict_keys(['meu_primeiro_dag']) retrieved from /opt/airflow/dags/first_dag.py
[2023-05-12T16:47:33.975+0000] {logging_mixin.py:149} INFO - [2023-05-12T16:47:33.975+0000] {dag.py:2726} INFO - Sync 1 DAGs
[2023-05-12T16:47:34.109+0000] {logging_mixin.py:149} INFO - [2023-05-12T16:47:34.108+0000] {dag.py:3490} INFO - Setting next_dagrun for meu_primeiro_dag to 2023-05-10T00:00:00+00:00, run_after=2023-05-11T00:00:00+00:00
[2023-05-12T16:47:34.240+0000] {processor.py:178} INFO - Processing /opt/airflow/dags/first_dag.py took 0.434 seconds
[2023-05-12T16:48:04.813+0000] {processor.py:156} INFO - Started process (PID=2423) to work on /opt/airflow/dags/first_dag.py
[2023-05-12T16:48:04.819+0000] {processor.py:799} INFO - Processing file /opt/airflow/dags/first_dag.py for tasks to queue
[2023-05-12T16:48:04.822+0000] {logging_mixin.py:149} INFO - [2023-05-12T16:48:04.821+0000] {dagbag.py:541} INFO - Filling up the DagBag from /opt/airflow/dags/first_dag.py
[2023-05-12T16:48:04.885+0000] {processor.py:809} INFO - DAG(s) dict_keys(['meu_primeiro_dag']) retrieved from /opt/airflow/dags/first_dag.py
[2023-05-12T16:48:04.944+0000] {logging_mixin.py:149} INFO - [2023-05-12T16:48:04.943+0000] {dag.py:2726} INFO - Sync 1 DAGs
[2023-05-12T16:48:05.023+0000] {logging_mixin.py:149} INFO - [2023-05-12T16:48:05.023+0000] {dag.py:3490} INFO - Setting next_dagrun for meu_primeiro_dag to 2023-05-10T00:00:00+00:00, run_after=2023-05-11T00:00:00+00:00
[2023-05-12T16:48:05.225+0000] {processor.py:178} INFO - Processing /opt/airflow/dags/first_dag.py took 0.426 seconds
[2023-05-12T16:48:35.949+0000] {processor.py:156} INFO - Started process (PID=2486) to work on /opt/airflow/dags/first_dag.py
[2023-05-12T16:48:35.952+0000] {processor.py:799} INFO - Processing file /opt/airflow/dags/first_dag.py for tasks to queue
[2023-05-12T16:48:35.954+0000] {logging_mixin.py:149} INFO - [2023-05-12T16:48:35.954+0000] {dagbag.py:541} INFO - Filling up the DagBag from /opt/airflow/dags/first_dag.py
[2023-05-12T16:48:36.028+0000] {processor.py:809} INFO - DAG(s) dict_keys(['meu_primeiro_dag']) retrieved from /opt/airflow/dags/first_dag.py
[2023-05-12T16:48:36.116+0000] {logging_mixin.py:149} INFO - [2023-05-12T16:48:36.115+0000] {dag.py:2726} INFO - Sync 1 DAGs
[2023-05-12T16:48:36.265+0000] {logging_mixin.py:149} INFO - [2023-05-12T16:48:36.264+0000] {dag.py:3490} INFO - Setting next_dagrun for meu_primeiro_dag to 2023-05-10T00:00:00+00:00, run_after=2023-05-11T00:00:00+00:00
[2023-05-12T16:48:36.607+0000] {processor.py:178} INFO - Processing /opt/airflow/dags/first_dag.py took 0.677 seconds
[2023-05-12T16:49:06.814+0000] {processor.py:156} INFO - Started process (PID=2550) to work on /opt/airflow/dags/first_dag.py
[2023-05-12T16:49:06.817+0000] {processor.py:799} INFO - Processing file /opt/airflow/dags/first_dag.py for tasks to queue
[2023-05-12T16:49:06.821+0000] {logging_mixin.py:149} INFO - [2023-05-12T16:49:06.820+0000] {dagbag.py:541} INFO - Filling up the DagBag from /opt/airflow/dags/first_dag.py
[2023-05-12T16:49:06.885+0000] {processor.py:809} INFO - DAG(s) dict_keys(['meu_primeiro_dag']) retrieved from /opt/airflow/dags/first_dag.py
[2023-05-12T16:49:06.946+0000] {logging_mixin.py:149} INFO - [2023-05-12T16:49:06.945+0000] {dag.py:2726} INFO - Sync 1 DAGs
[2023-05-12T16:49:07.022+0000] {logging_mixin.py:149} INFO - [2023-05-12T16:49:07.021+0000] {dag.py:3490} INFO - Setting next_dagrun for meu_primeiro_dag to 2023-05-10T00:00:00+00:00, run_after=2023-05-11T00:00:00+00:00
[2023-05-12T16:49:07.556+0000] {processor.py:178} INFO - Processing /opt/airflow/dags/first_dag.py took 0.752 seconds
[2023-05-12T16:49:37.742+0000] {processor.py:156} INFO - Started process (PID=2614) to work on /opt/airflow/dags/first_dag.py
[2023-05-12T16:49:37.744+0000] {processor.py:799} INFO - Processing file /opt/airflow/dags/first_dag.py for tasks to queue
[2023-05-12T16:49:37.746+0000] {logging_mixin.py:149} INFO - [2023-05-12T16:49:37.746+0000] {dagbag.py:541} INFO - Filling up the DagBag from /opt/airflow/dags/first_dag.py
[2023-05-12T16:49:37.794+0000] {processor.py:809} INFO - DAG(s) dict_keys(['meu_primeiro_dag']) retrieved from /opt/airflow/dags/first_dag.py
[2023-05-12T16:49:37.835+0000] {logging_mixin.py:149} INFO - [2023-05-12T16:49:37.835+0000] {dag.py:2726} INFO - Sync 1 DAGs
[2023-05-12T16:49:37.888+0000] {logging_mixin.py:149} INFO - [2023-05-12T16:49:37.888+0000] {dag.py:3490} INFO - Setting next_dagrun for meu_primeiro_dag to 2023-05-10T00:00:00+00:00, run_after=2023-05-11T00:00:00+00:00
[2023-05-12T16:49:38.067+0000] {processor.py:178} INFO - Processing /opt/airflow/dags/first_dag.py took 0.331 seconds
[2023-05-12T16:50:08.178+0000] {processor.py:156} INFO - Started process (PID=2677) to work on /opt/airflow/dags/first_dag.py
[2023-05-12T16:50:08.182+0000] {processor.py:799} INFO - Processing file /opt/airflow/dags/first_dag.py for tasks to queue
[2023-05-12T16:50:08.189+0000] {logging_mixin.py:149} INFO - [2023-05-12T16:50:08.188+0000] {dagbag.py:541} INFO - Filling up the DagBag from /opt/airflow/dags/first_dag.py
[2023-05-12T16:50:08.250+0000] {processor.py:809} INFO - DAG(s) dict_keys(['meu_primeiro_dag']) retrieved from /opt/airflow/dags/first_dag.py
[2023-05-12T16:50:08.317+0000] {logging_mixin.py:149} INFO - [2023-05-12T16:50:08.316+0000] {dag.py:2726} INFO - Sync 1 DAGs
[2023-05-12T16:50:08.377+0000] {logging_mixin.py:149} INFO - [2023-05-12T16:50:08.376+0000] {dag.py:3490} INFO - Setting next_dagrun for meu_primeiro_dag to 2023-05-10T00:00:00+00:00, run_after=2023-05-11T00:00:00+00:00
[2023-05-12T16:50:08.546+0000] {processor.py:178} INFO - Processing /opt/airflow/dags/first_dag.py took 0.376 seconds
[2023-05-12T16:50:39.043+0000] {processor.py:156} INFO - Started process (PID=2739) to work on /opt/airflow/dags/first_dag.py
[2023-05-12T16:50:39.046+0000] {processor.py:799} INFO - Processing file /opt/airflow/dags/first_dag.py for tasks to queue
[2023-05-12T16:50:39.049+0000] {logging_mixin.py:149} INFO - [2023-05-12T16:50:39.049+0000] {dagbag.py:541} INFO - Filling up the DagBag from /opt/airflow/dags/first_dag.py
[2023-05-12T16:50:39.143+0000] {processor.py:809} INFO - DAG(s) dict_keys(['meu_primeiro_dag']) retrieved from /opt/airflow/dags/first_dag.py
[2023-05-12T16:50:39.204+0000] {logging_mixin.py:149} INFO - [2023-05-12T16:50:39.204+0000] {dag.py:2726} INFO - Sync 1 DAGs
[2023-05-12T16:50:39.317+0000] {logging_mixin.py:149} INFO - [2023-05-12T16:50:39.317+0000] {dag.py:3490} INFO - Setting next_dagrun for meu_primeiro_dag to 2023-05-10T00:00:00+00:00, run_after=2023-05-11T00:00:00+00:00
[2023-05-12T16:50:39.444+0000] {processor.py:178} INFO - Processing /opt/airflow/dags/first_dag.py took 0.414 seconds
[2023-05-12T16:51:09.552+0000] {processor.py:156} INFO - Started process (PID=2802) to work on /opt/airflow/dags/first_dag.py
[2023-05-12T16:51:09.554+0000] {processor.py:799} INFO - Processing file /opt/airflow/dags/first_dag.py for tasks to queue
[2023-05-12T16:51:09.557+0000] {logging_mixin.py:149} INFO - [2023-05-12T16:51:09.556+0000] {dagbag.py:541} INFO - Filling up the DagBag from /opt/airflow/dags/first_dag.py
[2023-05-12T16:51:09.615+0000] {processor.py:809} INFO - DAG(s) dict_keys(['meu_primeiro_dag']) retrieved from /opt/airflow/dags/first_dag.py
[2023-05-12T16:51:09.687+0000] {logging_mixin.py:149} INFO - [2023-05-12T16:51:09.686+0000] {dag.py:2726} INFO - Sync 1 DAGs
[2023-05-12T16:51:09.770+0000] {logging_mixin.py:149} INFO - [2023-05-12T16:51:09.770+0000] {dag.py:3490} INFO - Setting next_dagrun for meu_primeiro_dag to 2023-05-10T00:00:00+00:00, run_after=2023-05-11T00:00:00+00:00
[2023-05-12T16:51:09.958+0000] {processor.py:178} INFO - Processing /opt/airflow/dags/first_dag.py took 0.414 seconds
[2023-05-12T16:51:40.097+0000] {processor.py:156} INFO - Started process (PID=2865) to work on /opt/airflow/dags/first_dag.py
[2023-05-12T16:51:40.099+0000] {processor.py:799} INFO - Processing file /opt/airflow/dags/first_dag.py for tasks to queue
[2023-05-12T16:51:40.105+0000] {logging_mixin.py:149} INFO - [2023-05-12T16:51:40.104+0000] {dagbag.py:541} INFO - Filling up the DagBag from /opt/airflow/dags/first_dag.py
[2023-05-12T16:51:40.169+0000] {processor.py:809} INFO - DAG(s) dict_keys(['meu_primeiro_dag']) retrieved from /opt/airflow/dags/first_dag.py
[2023-05-12T16:51:40.229+0000] {logging_mixin.py:149} INFO - [2023-05-12T16:51:40.229+0000] {dag.py:2726} INFO - Sync 1 DAGs
[2023-05-12T16:51:40.323+0000] {logging_mixin.py:149} INFO - [2023-05-12T16:51:40.323+0000] {dag.py:3490} INFO - Setting next_dagrun for meu_primeiro_dag to 2023-05-10T00:00:00+00:00, run_after=2023-05-11T00:00:00+00:00
[2023-05-12T16:51:40.471+0000] {processor.py:178} INFO - Processing /opt/airflow/dags/first_dag.py took 0.381 seconds
[2023-05-12T16:52:10.575+0000] {processor.py:156} INFO - Started process (PID=2929) to work on /opt/airflow/dags/first_dag.py
[2023-05-12T16:52:10.577+0000] {processor.py:799} INFO - Processing file /opt/airflow/dags/first_dag.py for tasks to queue
[2023-05-12T16:52:10.579+0000] {logging_mixin.py:149} INFO - [2023-05-12T16:52:10.578+0000] {dagbag.py:541} INFO - Filling up the DagBag from /opt/airflow/dags/first_dag.py
[2023-05-12T16:52:10.638+0000] {processor.py:809} INFO - DAG(s) dict_keys(['meu_primeiro_dag']) retrieved from /opt/airflow/dags/first_dag.py
[2023-05-12T16:52:10.684+0000] {logging_mixin.py:149} INFO - [2023-05-12T16:52:10.683+0000] {dag.py:2726} INFO - Sync 1 DAGs
[2023-05-12T16:52:10.734+0000] {logging_mixin.py:149} INFO - [2023-05-12T16:52:10.733+0000] {dag.py:3490} INFO - Setting next_dagrun for meu_primeiro_dag to 2023-05-10T00:00:00+00:00, run_after=2023-05-11T00:00:00+00:00
[2023-05-12T16:52:10.882+0000] {processor.py:178} INFO - Processing /opt/airflow/dags/first_dag.py took 0.313 seconds
[2023-05-12T16:52:41.719+0000] {processor.py:156} INFO - Started process (PID=2992) to work on /opt/airflow/dags/first_dag.py
[2023-05-12T16:52:41.721+0000] {processor.py:799} INFO - Processing file /opt/airflow/dags/first_dag.py for tasks to queue
[2023-05-12T16:52:41.724+0000] {logging_mixin.py:149} INFO - [2023-05-12T16:52:41.723+0000] {dagbag.py:541} INFO - Filling up the DagBag from /opt/airflow/dags/first_dag.py
[2023-05-12T16:52:41.773+0000] {processor.py:809} INFO - DAG(s) dict_keys(['meu_primeiro_dag']) retrieved from /opt/airflow/dags/first_dag.py
[2023-05-12T16:52:41.819+0000] {logging_mixin.py:149} INFO - [2023-05-12T16:52:41.819+0000] {dag.py:2726} INFO - Sync 1 DAGs
[2023-05-12T16:52:41.877+0000] {logging_mixin.py:149} INFO - [2023-05-12T16:52:41.877+0000] {dag.py:3490} INFO - Setting next_dagrun for meu_primeiro_dag to 2023-05-10T00:00:00+00:00, run_after=2023-05-11T00:00:00+00:00
[2023-05-12T16:52:42.146+0000] {processor.py:178} INFO - Processing /opt/airflow/dags/first_dag.py took 0.432 seconds
[2023-05-12T16:53:12.399+0000] {processor.py:156} INFO - Started process (PID=3055) to work on /opt/airflow/dags/first_dag.py
[2023-05-12T16:53:12.401+0000] {processor.py:799} INFO - Processing file /opt/airflow/dags/first_dag.py for tasks to queue
[2023-05-12T16:53:12.403+0000] {logging_mixin.py:149} INFO - [2023-05-12T16:53:12.403+0000] {dagbag.py:541} INFO - Filling up the DagBag from /opt/airflow/dags/first_dag.py
[2023-05-12T16:53:12.451+0000] {processor.py:809} INFO - DAG(s) dict_keys(['meu_primeiro_dag']) retrieved from /opt/airflow/dags/first_dag.py
[2023-05-12T16:53:12.491+0000] {logging_mixin.py:149} INFO - [2023-05-12T16:53:12.490+0000] {dag.py:2726} INFO - Sync 1 DAGs
[2023-05-12T16:53:12.546+0000] {logging_mixin.py:149} INFO - [2023-05-12T16:53:12.546+0000] {dag.py:3490} INFO - Setting next_dagrun for meu_primeiro_dag to 2023-05-10T00:00:00+00:00, run_after=2023-05-11T00:00:00+00:00
[2023-05-12T16:53:12.709+0000] {processor.py:178} INFO - Processing /opt/airflow/dags/first_dag.py took 0.315 seconds
[2023-05-12T16:53:44.067+0000] {processor.py:156} INFO - Started process (PID=3118) to work on /opt/airflow/dags/first_dag.py
[2023-05-12T16:53:44.070+0000] {processor.py:799} INFO - Processing file /opt/airflow/dags/first_dag.py for tasks to queue
[2023-05-12T16:53:44.072+0000] {logging_mixin.py:149} INFO - [2023-05-12T16:53:44.072+0000] {dagbag.py:541} INFO - Filling up the DagBag from /opt/airflow/dags/first_dag.py
[2023-05-12T16:53:44.154+0000] {processor.py:809} INFO - DAG(s) dict_keys(['meu_primeiro_dag']) retrieved from /opt/airflow/dags/first_dag.py
[2023-05-12T16:53:44.219+0000] {logging_mixin.py:149} INFO - [2023-05-12T16:53:44.219+0000] {dag.py:2726} INFO - Sync 1 DAGs
[2023-05-12T16:53:44.332+0000] {logging_mixin.py:149} INFO - [2023-05-12T16:53:44.331+0000] {dag.py:3490} INFO - Setting next_dagrun for meu_primeiro_dag to 2023-05-10T00:00:00+00:00, run_after=2023-05-11T00:00:00+00:00
[2023-05-12T16:53:44.625+0000] {processor.py:178} INFO - Processing /opt/airflow/dags/first_dag.py took 0.565 seconds
[2023-05-12T16:54:15.470+0000] {processor.py:156} INFO - Started process (PID=3181) to work on /opt/airflow/dags/first_dag.py
[2023-05-12T16:54:15.473+0000] {processor.py:799} INFO - Processing file /opt/airflow/dags/first_dag.py for tasks to queue
[2023-05-12T16:54:15.477+0000] {logging_mixin.py:149} INFO - [2023-05-12T16:54:15.477+0000] {dagbag.py:541} INFO - Filling up the DagBag from /opt/airflow/dags/first_dag.py
[2023-05-12T16:54:15.608+0000] {processor.py:809} INFO - DAG(s) dict_keys(['meu_primeiro_dag']) retrieved from /opt/airflow/dags/first_dag.py
[2023-05-12T16:54:15.696+0000] {logging_mixin.py:149} INFO - [2023-05-12T16:54:15.695+0000] {dag.py:2726} INFO - Sync 1 DAGs
[2023-05-12T16:54:15.806+0000] {logging_mixin.py:149} INFO - [2023-05-12T16:54:15.804+0000] {dag.py:3490} INFO - Setting next_dagrun for meu_primeiro_dag to 2023-05-10T00:00:00+00:00, run_after=2023-05-11T00:00:00+00:00
[2023-05-12T16:54:16.067+0000] {processor.py:178} INFO - Processing /opt/airflow/dags/first_dag.py took 0.606 seconds
[2023-05-12T16:54:46.488+0000] {processor.py:156} INFO - Started process (PID=3240) to work on /opt/airflow/dags/first_dag.py
[2023-05-12T16:54:46.490+0000] {processor.py:799} INFO - Processing file /opt/airflow/dags/first_dag.py for tasks to queue
[2023-05-12T16:54:46.492+0000] {logging_mixin.py:149} INFO - [2023-05-12T16:54:46.492+0000] {dagbag.py:541} INFO - Filling up the DagBag from /opt/airflow/dags/first_dag.py
[2023-05-12T16:54:46.546+0000] {processor.py:809} INFO - DAG(s) dict_keys(['meu_primeiro_dag']) retrieved from /opt/airflow/dags/first_dag.py
[2023-05-12T16:54:46.606+0000] {logging_mixin.py:149} INFO - [2023-05-12T16:54:46.606+0000] {dag.py:2726} INFO - Sync 1 DAGs
[2023-05-12T16:54:46.693+0000] {logging_mixin.py:149} INFO - [2023-05-12T16:54:46.692+0000] {dag.py:3490} INFO - Setting next_dagrun for meu_primeiro_dag to 2023-05-10T00:00:00+00:00, run_after=2023-05-11T00:00:00+00:00
[2023-05-12T16:54:46.798+0000] {processor.py:178} INFO - Processing /opt/airflow/dags/first_dag.py took 0.319 seconds
[2023-05-12T16:55:17.269+0000] {processor.py:156} INFO - Started process (PID=3302) to work on /opt/airflow/dags/first_dag.py
[2023-05-12T16:55:17.270+0000] {processor.py:799} INFO - Processing file /opt/airflow/dags/first_dag.py for tasks to queue
[2023-05-12T16:55:17.272+0000] {logging_mixin.py:149} INFO - [2023-05-12T16:55:17.272+0000] {dagbag.py:541} INFO - Filling up the DagBag from /opt/airflow/dags/first_dag.py
[2023-05-12T16:55:17.323+0000] {processor.py:809} INFO - DAG(s) dict_keys(['meu_primeiro_dag']) retrieved from /opt/airflow/dags/first_dag.py
[2023-05-12T16:55:17.382+0000] {logging_mixin.py:149} INFO - [2023-05-12T16:55:17.382+0000] {dag.py:2726} INFO - Sync 1 DAGs
[2023-05-12T16:55:17.439+0000] {logging_mixin.py:149} INFO - [2023-05-12T16:55:17.438+0000] {dag.py:3490} INFO - Setting next_dagrun for meu_primeiro_dag to 2023-05-10T00:00:00+00:00, run_after=2023-05-11T00:00:00+00:00
[2023-05-12T16:55:17.532+0000] {processor.py:178} INFO - Processing /opt/airflow/dags/first_dag.py took 0.269 seconds
[2023-05-12T16:55:47.839+0000] {processor.py:156} INFO - Started process (PID=3366) to work on /opt/airflow/dags/first_dag.py
[2023-05-12T16:55:47.841+0000] {processor.py:799} INFO - Processing file /opt/airflow/dags/first_dag.py for tasks to queue
[2023-05-12T16:55:47.843+0000] {logging_mixin.py:149} INFO - [2023-05-12T16:55:47.843+0000] {dagbag.py:541} INFO - Filling up the DagBag from /opt/airflow/dags/first_dag.py
[2023-05-12T16:55:47.889+0000] {processor.py:809} INFO - DAG(s) dict_keys(['meu_primeiro_dag']) retrieved from /opt/airflow/dags/first_dag.py
[2023-05-12T16:55:47.930+0000] {logging_mixin.py:149} INFO - [2023-05-12T16:55:47.930+0000] {dag.py:2726} INFO - Sync 1 DAGs
[2023-05-12T16:55:47.993+0000] {logging_mixin.py:149} INFO - [2023-05-12T16:55:47.992+0000] {dag.py:3490} INFO - Setting next_dagrun for meu_primeiro_dag to 2023-05-10T00:00:00+00:00, run_after=2023-05-11T00:00:00+00:00
[2023-05-12T16:55:48.087+0000] {processor.py:178} INFO - Processing /opt/airflow/dags/first_dag.py took 0.255 seconds
[2023-05-12T16:56:18.759+0000] {processor.py:156} INFO - Started process (PID=3429) to work on /opt/airflow/dags/first_dag.py
[2023-05-12T16:56:18.761+0000] {processor.py:799} INFO - Processing file /opt/airflow/dags/first_dag.py for tasks to queue
[2023-05-12T16:56:18.763+0000] {logging_mixin.py:149} INFO - [2023-05-12T16:56:18.763+0000] {dagbag.py:541} INFO - Filling up the DagBag from /opt/airflow/dags/first_dag.py
[2023-05-12T16:56:18.821+0000] {processor.py:809} INFO - DAG(s) dict_keys(['meu_primeiro_dag']) retrieved from /opt/airflow/dags/first_dag.py
[2023-05-12T16:56:18.920+0000] {logging_mixin.py:149} INFO - [2023-05-12T16:56:18.920+0000] {dag.py:2726} INFO - Sync 1 DAGs
[2023-05-12T16:56:19.006+0000] {logging_mixin.py:149} INFO - [2023-05-12T16:56:19.005+0000] {dag.py:3490} INFO - Setting next_dagrun for meu_primeiro_dag to 2023-05-10T00:00:00+00:00, run_after=2023-05-11T00:00:00+00:00
[2023-05-12T16:56:19.150+0000] {processor.py:178} INFO - Processing /opt/airflow/dags/first_dag.py took 0.400 seconds
[2023-05-12T16:56:49.654+0000] {processor.py:156} INFO - Started process (PID=3492) to work on /opt/airflow/dags/first_dag.py
[2023-05-12T16:56:49.657+0000] {processor.py:799} INFO - Processing file /opt/airflow/dags/first_dag.py for tasks to queue
[2023-05-12T16:56:49.660+0000] {logging_mixin.py:149} INFO - [2023-05-12T16:56:49.660+0000] {dagbag.py:541} INFO - Filling up the DagBag from /opt/airflow/dags/first_dag.py
[2023-05-12T16:56:49.723+0000] {processor.py:809} INFO - DAG(s) dict_keys(['meu_primeiro_dag']) retrieved from /opt/airflow/dags/first_dag.py
[2023-05-12T16:56:49.789+0000] {logging_mixin.py:149} INFO - [2023-05-12T16:56:49.788+0000] {dag.py:2726} INFO - Sync 1 DAGs
[2023-05-12T16:56:49.875+0000] {logging_mixin.py:149} INFO - [2023-05-12T16:56:49.874+0000] {dag.py:3490} INFO - Setting next_dagrun for meu_primeiro_dag to 2023-05-10T00:00:00+00:00, run_after=2023-05-11T00:00:00+00:00
[2023-05-12T16:56:50.036+0000] {processor.py:178} INFO - Processing /opt/airflow/dags/first_dag.py took 0.390 seconds
[2023-05-12T16:57:20.206+0000] {processor.py:156} INFO - Started process (PID=3555) to work on /opt/airflow/dags/first_dag.py
[2023-05-12T16:57:20.208+0000] {processor.py:799} INFO - Processing file /opt/airflow/dags/first_dag.py for tasks to queue
[2023-05-12T16:57:20.210+0000] {logging_mixin.py:149} INFO - [2023-05-12T16:57:20.210+0000] {dagbag.py:541} INFO - Filling up the DagBag from /opt/airflow/dags/first_dag.py
[2023-05-12T16:57:20.256+0000] {processor.py:809} INFO - DAG(s) dict_keys(['meu_primeiro_dag']) retrieved from /opt/airflow/dags/first_dag.py
[2023-05-12T16:57:20.302+0000] {logging_mixin.py:149} INFO - [2023-05-12T16:57:20.301+0000] {dag.py:2726} INFO - Sync 1 DAGs
[2023-05-12T16:57:20.358+0000] {logging_mixin.py:149} INFO - [2023-05-12T16:57:20.358+0000] {dag.py:3490} INFO - Setting next_dagrun for meu_primeiro_dag to 2023-05-10T00:00:00+00:00, run_after=2023-05-11T00:00:00+00:00
[2023-05-12T16:57:20.540+0000] {processor.py:178} INFO - Processing /opt/airflow/dags/first_dag.py took 0.340 seconds
[2023-05-12T16:57:50.625+0000] {processor.py:156} INFO - Started process (PID=3618) to work on /opt/airflow/dags/first_dag.py
[2023-05-12T16:57:50.627+0000] {processor.py:799} INFO - Processing file /opt/airflow/dags/first_dag.py for tasks to queue
[2023-05-12T16:57:50.630+0000] {logging_mixin.py:149} INFO - [2023-05-12T16:57:50.629+0000] {dagbag.py:541} INFO - Filling up the DagBag from /opt/airflow/dags/first_dag.py
[2023-05-12T16:57:50.694+0000] {processor.py:809} INFO - DAG(s) dict_keys(['meu_primeiro_dag']) retrieved from /opt/airflow/dags/first_dag.py
[2023-05-12T16:57:50.748+0000] {logging_mixin.py:149} INFO - [2023-05-12T16:57:50.748+0000] {dag.py:2726} INFO - Sync 1 DAGs
[2023-05-12T16:57:50.799+0000] {logging_mixin.py:149} INFO - [2023-05-12T16:57:50.799+0000] {dag.py:3490} INFO - Setting next_dagrun for meu_primeiro_dag to 2023-05-10T00:00:00+00:00, run_after=2023-05-11T00:00:00+00:00
[2023-05-12T16:57:50.916+0000] {processor.py:178} INFO - Processing /opt/airflow/dags/first_dag.py took 0.299 seconds
[2023-05-12T16:58:21.727+0000] {processor.py:156} INFO - Started process (PID=3680) to work on /opt/airflow/dags/first_dag.py
[2023-05-12T16:58:21.730+0000] {processor.py:799} INFO - Processing file /opt/airflow/dags/first_dag.py for tasks to queue
[2023-05-12T16:58:21.734+0000] {logging_mixin.py:149} INFO - [2023-05-12T16:58:21.733+0000] {dagbag.py:541} INFO - Filling up the DagBag from /opt/airflow/dags/first_dag.py
[2023-05-12T16:58:21.805+0000] {processor.py:809} INFO - DAG(s) dict_keys(['meu_primeiro_dag']) retrieved from /opt/airflow/dags/first_dag.py
[2023-05-12T16:58:21.849+0000] {logging_mixin.py:149} INFO - [2023-05-12T16:58:21.849+0000] {dag.py:2726} INFO - Sync 1 DAGs
[2023-05-12T16:58:21.907+0000] {logging_mixin.py:149} INFO - [2023-05-12T16:58:21.907+0000] {dag.py:3490} INFO - Setting next_dagrun for meu_primeiro_dag to 2023-05-10T00:00:00+00:00, run_after=2023-05-11T00:00:00+00:00
[2023-05-12T16:58:22.059+0000] {processor.py:178} INFO - Processing /opt/airflow/dags/first_dag.py took 0.339 seconds
[2023-05-12T16:58:52.194+0000] {processor.py:156} INFO - Started process (PID=3743) to work on /opt/airflow/dags/first_dag.py
[2023-05-12T16:58:52.197+0000] {processor.py:799} INFO - Processing file /opt/airflow/dags/first_dag.py for tasks to queue
[2023-05-12T16:58:52.202+0000] {logging_mixin.py:149} INFO - [2023-05-12T16:58:52.201+0000] {dagbag.py:541} INFO - Filling up the DagBag from /opt/airflow/dags/first_dag.py
[2023-05-12T16:58:52.283+0000] {processor.py:809} INFO - DAG(s) dict_keys(['meu_primeiro_dag']) retrieved from /opt/airflow/dags/first_dag.py
[2023-05-12T16:58:52.365+0000] {logging_mixin.py:149} INFO - [2023-05-12T16:58:52.365+0000] {dag.py:2726} INFO - Sync 1 DAGs
[2023-05-12T16:58:52.481+0000] {logging_mixin.py:149} INFO - [2023-05-12T16:58:52.480+0000] {dag.py:3490} INFO - Setting next_dagrun for meu_primeiro_dag to 2023-05-10T00:00:00+00:00, run_after=2023-05-11T00:00:00+00:00
[2023-05-12T16:58:52.634+0000] {processor.py:178} INFO - Processing /opt/airflow/dags/first_dag.py took 0.448 seconds
[2023-05-12T16:59:22.807+0000] {processor.py:156} INFO - Started process (PID=3805) to work on /opt/airflow/dags/first_dag.py
[2023-05-12T16:59:22.810+0000] {processor.py:799} INFO - Processing file /opt/airflow/dags/first_dag.py for tasks to queue
[2023-05-12T16:59:22.813+0000] {logging_mixin.py:149} INFO - [2023-05-12T16:59:22.812+0000] {dagbag.py:541} INFO - Filling up the DagBag from /opt/airflow/dags/first_dag.py
[2023-05-12T16:59:22.868+0000] {processor.py:809} INFO - DAG(s) dict_keys(['meu_primeiro_dag']) retrieved from /opt/airflow/dags/first_dag.py
[2023-05-12T16:59:22.928+0000] {logging_mixin.py:149} INFO - [2023-05-12T16:59:22.928+0000] {dag.py:2726} INFO - Sync 1 DAGs
[2023-05-12T16:59:23.089+0000] {logging_mixin.py:149} INFO - [2023-05-12T16:59:23.088+0000] {dag.py:3490} INFO - Setting next_dagrun for meu_primeiro_dag to 2023-05-10T00:00:00+00:00, run_after=2023-05-11T00:00:00+00:00
[2023-05-12T16:59:23.283+0000] {processor.py:178} INFO - Processing /opt/airflow/dags/first_dag.py took 0.485 seconds
[2023-05-12T16:59:54.010+0000] {processor.py:156} INFO - Started process (PID=3868) to work on /opt/airflow/dags/first_dag.py
[2023-05-12T16:59:54.013+0000] {processor.py:799} INFO - Processing file /opt/airflow/dags/first_dag.py for tasks to queue
[2023-05-12T16:59:54.022+0000] {logging_mixin.py:149} INFO - [2023-05-12T16:59:54.021+0000] {dagbag.py:541} INFO - Filling up the DagBag from /opt/airflow/dags/first_dag.py
[2023-05-12T16:59:54.187+0000] {processor.py:809} INFO - DAG(s) dict_keys(['meu_primeiro_dag']) retrieved from /opt/airflow/dags/first_dag.py
[2023-05-12T16:59:54.324+0000] {logging_mixin.py:149} INFO - [2023-05-12T16:59:54.323+0000] {dag.py:2726} INFO - Sync 1 DAGs
[2023-05-12T16:59:54.418+0000] {logging_mixin.py:149} INFO - [2023-05-12T16:59:54.418+0000] {dag.py:3490} INFO - Setting next_dagrun for meu_primeiro_dag to 2023-05-10T00:00:00+00:00, run_after=2023-05-11T00:00:00+00:00
[2023-05-12T16:59:54.620+0000] {processor.py:178} INFO - Processing /opt/airflow/dags/first_dag.py took 0.622 seconds
[2023-05-12T17:00:25.028+0000] {processor.py:156} INFO - Started process (PID=3931) to work on /opt/airflow/dags/first_dag.py
[2023-05-12T17:00:25.034+0000] {processor.py:799} INFO - Processing file /opt/airflow/dags/first_dag.py for tasks to queue
[2023-05-12T17:00:25.038+0000] {logging_mixin.py:149} INFO - [2023-05-12T17:00:25.037+0000] {dagbag.py:541} INFO - Filling up the DagBag from /opt/airflow/dags/first_dag.py
[2023-05-12T17:00:25.091+0000] {processor.py:809} INFO - DAG(s) dict_keys(['meu_primeiro_dag']) retrieved from /opt/airflow/dags/first_dag.py
[2023-05-12T17:00:25.140+0000] {logging_mixin.py:149} INFO - [2023-05-12T17:00:25.139+0000] {dag.py:2726} INFO - Sync 1 DAGs
[2023-05-12T17:00:25.196+0000] {logging_mixin.py:149} INFO - [2023-05-12T17:00:25.196+0000] {dag.py:3490} INFO - Setting next_dagrun for meu_primeiro_dag to 2023-05-10T00:00:00+00:00, run_after=2023-05-11T00:00:00+00:00
[2023-05-12T17:00:25.881+0000] {processor.py:178} INFO - Processing /opt/airflow/dags/first_dag.py took 0.869 seconds
[2023-05-12T17:00:56.795+0000] {processor.py:156} INFO - Started process (PID=3994) to work on /opt/airflow/dags/first_dag.py
[2023-05-12T17:00:56.802+0000] {processor.py:799} INFO - Processing file /opt/airflow/dags/first_dag.py for tasks to queue
[2023-05-12T17:00:56.813+0000] {logging_mixin.py:149} INFO - [2023-05-12T17:00:56.813+0000] {dagbag.py:541} INFO - Filling up the DagBag from /opt/airflow/dags/first_dag.py
[2023-05-12T17:00:56.920+0000] {processor.py:809} INFO - DAG(s) dict_keys(['meu_primeiro_dag']) retrieved from /opt/airflow/dags/first_dag.py
[2023-05-12T17:00:57.044+0000] {logging_mixin.py:149} INFO - [2023-05-12T17:00:57.044+0000] {dag.py:2726} INFO - Sync 1 DAGs
[2023-05-12T17:00:57.268+0000] {logging_mixin.py:149} INFO - [2023-05-12T17:00:57.268+0000] {dag.py:3490} INFO - Setting next_dagrun for meu_primeiro_dag to 2023-05-10T00:00:00+00:00, run_after=2023-05-11T00:00:00+00:00
[2023-05-12T17:00:57.744+0000] {processor.py:178} INFO - Processing /opt/airflow/dags/first_dag.py took 0.958 seconds
[2023-05-12T17:01:30.564+0000] {processor.py:156} INFO - Started process (PID=4066) to work on /opt/airflow/dags/first_dag.py
[2023-05-12T17:01:30.582+0000] {processor.py:799} INFO - Processing file /opt/airflow/dags/first_dag.py for tasks to queue
[2023-05-12T17:01:30.598+0000] {logging_mixin.py:149} INFO - [2023-05-12T17:01:30.597+0000] {dagbag.py:541} INFO - Filling up the DagBag from /opt/airflow/dags/first_dag.py
[2023-05-12T17:01:30.716+0000] {processor.py:809} INFO - DAG(s) dict_keys(['meu_primeiro_dag']) retrieved from /opt/airflow/dags/first_dag.py
[2023-05-12T17:01:30.935+0000] {logging_mixin.py:149} INFO - [2023-05-12T17:01:30.934+0000] {dag.py:2726} INFO - Sync 1 DAGs
[2023-05-12T17:01:31.096+0000] {logging_mixin.py:149} INFO - [2023-05-12T17:01:31.095+0000] {dag.py:3490} INFO - Setting next_dagrun for meu_primeiro_dag to 2023-05-10T00:00:00+00:00, run_after=2023-05-11T00:00:00+00:00
[2023-05-12T17:01:31.663+0000] {processor.py:178} INFO - Processing /opt/airflow/dags/first_dag.py took 1.118 seconds
[2023-05-12T17:02:13.425+0000] {processor.py:156} INFO - Started process (PID=4121) to work on /opt/airflow/dags/first_dag.py
[2023-05-12T17:02:13.427+0000] {processor.py:799} INFO - Processing file /opt/airflow/dags/first_dag.py for tasks to queue
[2023-05-12T17:02:13.431+0000] {logging_mixin.py:149} INFO - [2023-05-12T17:02:13.430+0000] {dagbag.py:541} INFO - Filling up the DagBag from /opt/airflow/dags/first_dag.py
[2023-05-12T17:02:13.509+0000] {processor.py:809} INFO - DAG(s) dict_keys(['meu_primeiro_dag']) retrieved from /opt/airflow/dags/first_dag.py
[2023-05-12T17:02:13.633+0000] {logging_mixin.py:149} INFO - [2023-05-12T17:02:13.633+0000] {dag.py:2726} INFO - Sync 1 DAGs
[2023-05-12T17:02:13.740+0000] {logging_mixin.py:149} INFO - [2023-05-12T17:02:13.739+0000] {dag.py:3490} INFO - Setting next_dagrun for meu_primeiro_dag to 2023-05-10T00:00:00+00:00, run_after=2023-05-11T00:00:00+00:00
[2023-05-12T17:02:14.632+0000] {processor.py:178} INFO - Processing /opt/airflow/dags/first_dag.py took 1.228 seconds
[2023-05-12T20:20:32.298+0000] {processor.py:156} INFO - Started process (PID=71) to work on /opt/airflow/dags/first_dag.py
[2023-05-12T20:20:32.320+0000] {processor.py:799} INFO - Processing file /opt/airflow/dags/first_dag.py for tasks to queue
[2023-05-12T20:20:32.323+0000] {logging_mixin.py:149} INFO - [2023-05-12T20:20:32.322+0000] {dagbag.py:541} INFO - Filling up the DagBag from /opt/airflow/dags/first_dag.py
[2023-05-12T20:20:32.403+0000] {processor.py:809} INFO - DAG(s) dict_keys(['meu_primeiro_dag']) retrieved from /opt/airflow/dags/first_dag.py
[2023-05-12T20:20:32.616+0000] {logging_mixin.py:149} INFO - [2023-05-12T20:20:32.615+0000] {dag.py:2726} INFO - Sync 1 DAGs
[2023-05-12T20:20:32.664+0000] {logging_mixin.py:149} INFO - [2023-05-12T20:20:32.663+0000] {dag.py:3490} INFO - Setting next_dagrun for meu_primeiro_dag to 2023-05-10T00:00:00+00:00, run_after=2023-05-11T00:00:00+00:00
[2023-05-12T20:20:32.772+0000] {processor.py:178} INFO - Processing /opt/airflow/dags/first_dag.py took 0.487 seconds
[2023-05-12T20:21:31.617+0000] {processor.py:156} INFO - Started process (PID=150) to work on /opt/airflow/dags/first_dag.py
[2023-05-12T20:21:31.640+0000] {processor.py:799} INFO - Processing file /opt/airflow/dags/first_dag.py for tasks to queue
[2023-05-12T20:21:31.642+0000] {logging_mixin.py:149} INFO - [2023-05-12T20:21:31.642+0000] {dagbag.py:541} INFO - Filling up the DagBag from /opt/airflow/dags/first_dag.py
[2023-05-12T20:21:31.692+0000] {processor.py:809} INFO - DAG(s) dict_keys(['meu_primeiro_dag']) retrieved from /opt/airflow/dags/first_dag.py
[2023-05-12T20:21:31.735+0000] {logging_mixin.py:149} INFO - [2023-05-12T20:21:31.735+0000] {dag.py:2726} INFO - Sync 1 DAGs
[2023-05-12T20:21:31.785+0000] {logging_mixin.py:149} INFO - [2023-05-12T20:21:31.784+0000] {dag.py:3490} INFO - Setting next_dagrun for meu_primeiro_dag to 2023-05-10T00:00:00+00:00, run_after=2023-05-11T00:00:00+00:00
[2023-05-12T20:21:31.922+0000] {processor.py:178} INFO - Processing /opt/airflow/dags/first_dag.py took 0.312 seconds
[2023-05-12T20:22:02.622+0000] {processor.py:156} INFO - Started process (PID=209) to work on /opt/airflow/dags/first_dag.py
[2023-05-12T20:22:02.624+0000] {processor.py:799} INFO - Processing file /opt/airflow/dags/first_dag.py for tasks to queue
[2023-05-12T20:22:02.626+0000] {logging_mixin.py:149} INFO - [2023-05-12T20:22:02.625+0000] {dagbag.py:541} INFO - Filling up the DagBag from /opt/airflow/dags/first_dag.py
[2023-05-12T20:22:02.753+0000] {processor.py:809} INFO - DAG(s) dict_keys(['meu_primeiro_dag']) retrieved from /opt/airflow/dags/first_dag.py
[2023-05-12T20:22:02.816+0000] {logging_mixin.py:149} INFO - [2023-05-12T20:22:02.815+0000] {dag.py:2726} INFO - Sync 1 DAGs
[2023-05-12T20:22:02.940+0000] {logging_mixin.py:149} INFO - [2023-05-12T20:22:02.939+0000] {dag.py:3490} INFO - Setting next_dagrun for meu_primeiro_dag to 2023-05-10T00:00:00+00:00, run_after=2023-05-11T00:00:00+00:00
[2023-05-12T20:22:03.177+0000] {processor.py:178} INFO - Processing /opt/airflow/dags/first_dag.py took 0.561 seconds
[2023-05-12T20:23:17.985+0000] {processor.py:156} INFO - Started process (PID=255) to work on /opt/airflow/dags/first_dag.py
[2023-05-12T20:23:17.987+0000] {processor.py:799} INFO - Processing file /opt/airflow/dags/first_dag.py for tasks to queue
[2023-05-12T20:23:17.989+0000] {logging_mixin.py:149} INFO - [2023-05-12T20:23:17.989+0000] {dagbag.py:541} INFO - Filling up the DagBag from /opt/airflow/dags/first_dag.py
[2023-05-12T20:23:18.047+0000] {processor.py:809} INFO - DAG(s) dict_keys(['meu_primeiro_dag']) retrieved from /opt/airflow/dags/first_dag.py
[2023-05-12T20:23:18.100+0000] {logging_mixin.py:149} INFO - [2023-05-12T20:23:18.099+0000] {dag.py:2726} INFO - Sync 1 DAGs
[2023-05-12T20:23:18.148+0000] {logging_mixin.py:149} INFO - [2023-05-12T20:23:18.147+0000] {dag.py:3490} INFO - Setting next_dagrun for meu_primeiro_dag to 2023-05-10T00:00:00+00:00, run_after=2023-05-11T00:00:00+00:00
[2023-05-12T20:23:18.414+0000] {processor.py:178} INFO - Processing /opt/airflow/dags/first_dag.py took 0.438 seconds
