[2023-05-10T21:52:33.821+0000] {processor.py:156} INFO - Started process (PID=63) to work on /home/airflow/.local/lib/python3.7/site-packages/airflow/example_dags/example_dag_decorator.py
[2023-05-10T21:52:33.824+0000] {processor.py:799} INFO - Processing file /home/airflow/.local/lib/python3.7/site-packages/airflow/example_dags/example_dag_decorator.py for tasks to queue
[2023-05-10T21:52:33.826+0000] {logging_mixin.py:149} INFO - [2023-05-10T21:52:33.826+0000] {dagbag.py:541} INFO - Filling up the DagBag from /home/airflow/.local/lib/python3.7/site-packages/airflow/example_dags/example_dag_decorator.py
[2023-05-10T21:52:34.047+0000] {logging_mixin.py:149} INFO - [2023-05-10T21:52:34.046+0000] {taskmixin.py:211} WARNING - Dependency <Task(_PythonDecoratedOperator): prepare_email>, send_email already registered for DAG: example_dag_decorator
[2023-05-10T21:52:34.048+0000] {logging_mixin.py:149} INFO - [2023-05-10T21:52:34.048+0000] {taskmixin.py:211} WARNING - Dependency <Task(EmailOperator): send_email>, prepare_email already registered for DAG: example_dag_decorator
[2023-05-10T21:52:34.082+0000] {processor.py:809} INFO - DAG(s) dict_keys(['example_dag_decorator']) retrieved from /home/airflow/.local/lib/python3.7/site-packages/airflow/example_dags/example_dag_decorator.py
[2023-05-10T21:52:35.756+0000] {logging_mixin.py:149} INFO - [2023-05-10T21:52:35.745+0000] {manager.py:504} INFO - Created Permission View: can read on DAG:example_dag_decorator
[2023-05-10T21:52:36.270+0000] {logging_mixin.py:149} INFO - [2023-05-10T21:52:36.269+0000] {manager.py:504} INFO - Created Permission View: can delete on DAG:example_dag_decorator
[2023-05-10T21:52:36.854+0000] {logging_mixin.py:149} INFO - [2023-05-10T21:52:36.854+0000] {manager.py:504} INFO - Created Permission View: can edit on DAG:example_dag_decorator
[2023-05-10T21:52:36.857+0000] {logging_mixin.py:149} INFO - [2023-05-10T21:52:36.856+0000] {dag.py:2726} INFO - Sync 1 DAGs
[2023-05-10T21:52:36.919+0000] {logging_mixin.py:149} INFO - [2023-05-10T21:52:36.919+0000] {dag.py:2747} INFO - Creating ORM DAG for example_dag_decorator
[2023-05-10T21:52:37.013+0000] {logging_mixin.py:149} INFO - [2023-05-10T21:52:37.012+0000] {dag.py:3490} INFO - Setting next_dagrun for example_dag_decorator to None, run_after=None
[2023-05-10T21:52:38.173+0000] {processor.py:178} INFO - Processing /home/airflow/.local/lib/python3.7/site-packages/airflow/example_dags/example_dag_decorator.py took 4.364 seconds
[2023-05-10T21:53:54.331+0000] {processor.py:156} INFO - Started process (PID=133) to work on /home/airflow/.local/lib/python3.7/site-packages/airflow/example_dags/example_dag_decorator.py
[2023-05-10T21:53:54.334+0000] {processor.py:799} INFO - Processing file /home/airflow/.local/lib/python3.7/site-packages/airflow/example_dags/example_dag_decorator.py for tasks to queue
[2023-05-10T21:53:54.337+0000] {logging_mixin.py:149} INFO - [2023-05-10T21:53:54.337+0000] {dagbag.py:541} INFO - Filling up the DagBag from /home/airflow/.local/lib/python3.7/site-packages/airflow/example_dags/example_dag_decorator.py
[2023-05-10T21:53:54.378+0000] {logging_mixin.py:149} INFO - [2023-05-10T21:53:54.377+0000] {taskmixin.py:211} WARNING - Dependency <Task(_PythonDecoratedOperator): prepare_email>, send_email already registered for DAG: example_dag_decorator
[2023-05-10T21:53:54.380+0000] {logging_mixin.py:149} INFO - [2023-05-10T21:53:54.379+0000] {taskmixin.py:211} WARNING - Dependency <Task(EmailOperator): send_email>, prepare_email already registered for DAG: example_dag_decorator
[2023-05-10T21:53:54.406+0000] {processor.py:809} INFO - DAG(s) dict_keys(['example_dag_decorator']) retrieved from /home/airflow/.local/lib/python3.7/site-packages/airflow/example_dags/example_dag_decorator.py
[2023-05-10T21:53:54.766+0000] {logging_mixin.py:149} INFO - [2023-05-10T21:53:54.765+0000] {dag.py:2726} INFO - Sync 1 DAGs
[2023-05-10T21:53:54.934+0000] {logging_mixin.py:149} INFO - [2023-05-10T21:53:54.934+0000] {dag.py:3490} INFO - Setting next_dagrun for example_dag_decorator to None, run_after=None
[2023-05-10T21:53:55.139+0000] {processor.py:178} INFO - Processing /home/airflow/.local/lib/python3.7/site-packages/airflow/example_dags/example_dag_decorator.py took 0.816 seconds
[2023-05-10T21:54:34.512+0000] {processor.py:156} INFO - Started process (PID=185) to work on /home/airflow/.local/lib/python3.7/site-packages/airflow/example_dags/example_dag_decorator.py
[2023-05-10T21:54:34.514+0000] {processor.py:799} INFO - Processing file /home/airflow/.local/lib/python3.7/site-packages/airflow/example_dags/example_dag_decorator.py for tasks to queue
[2023-05-10T21:54:34.517+0000] {logging_mixin.py:149} INFO - [2023-05-10T21:54:34.517+0000] {dagbag.py:541} INFO - Filling up the DagBag from /home/airflow/.local/lib/python3.7/site-packages/airflow/example_dags/example_dag_decorator.py
[2023-05-10T21:54:34.551+0000] {logging_mixin.py:149} INFO - [2023-05-10T21:54:34.551+0000] {taskmixin.py:211} WARNING - Dependency <Task(_PythonDecoratedOperator): prepare_email>, send_email already registered for DAG: example_dag_decorator
[2023-05-10T21:54:34.553+0000] {logging_mixin.py:149} INFO - [2023-05-10T21:54:34.552+0000] {taskmixin.py:211} WARNING - Dependency <Task(EmailOperator): send_email>, prepare_email already registered for DAG: example_dag_decorator
[2023-05-10T21:54:34.603+0000] {processor.py:809} INFO - DAG(s) dict_keys(['example_dag_decorator']) retrieved from /home/airflow/.local/lib/python3.7/site-packages/airflow/example_dags/example_dag_decorator.py
[2023-05-10T21:54:35.395+0000] {logging_mixin.py:149} INFO - [2023-05-10T21:54:35.389+0000] {dag.py:2726} INFO - Sync 1 DAGs
[2023-05-10T21:54:35.596+0000] {logging_mixin.py:149} INFO - [2023-05-10T21:54:35.595+0000] {dag.py:3490} INFO - Setting next_dagrun for example_dag_decorator to None, run_after=None
[2023-05-10T21:54:35.858+0000] {processor.py:178} INFO - Processing /home/airflow/.local/lib/python3.7/site-packages/airflow/example_dags/example_dag_decorator.py took 1.416 seconds
[2023-05-10T21:55:16.735+0000] {processor.py:156} INFO - Started process (PID=235) to work on /home/airflow/.local/lib/python3.7/site-packages/airflow/example_dags/example_dag_decorator.py
[2023-05-10T21:55:16.738+0000] {processor.py:799} INFO - Processing file /home/airflow/.local/lib/python3.7/site-packages/airflow/example_dags/example_dag_decorator.py for tasks to queue
[2023-05-10T21:55:16.741+0000] {logging_mixin.py:149} INFO - [2023-05-10T21:55:16.740+0000] {dagbag.py:541} INFO - Filling up the DagBag from /home/airflow/.local/lib/python3.7/site-packages/airflow/example_dags/example_dag_decorator.py
[2023-05-10T21:55:16.763+0000] {logging_mixin.py:149} INFO - [2023-05-10T21:55:16.762+0000] {taskmixin.py:211} WARNING - Dependency <Task(_PythonDecoratedOperator): prepare_email>, send_email already registered for DAG: example_dag_decorator
[2023-05-10T21:55:16.770+0000] {logging_mixin.py:149} INFO - [2023-05-10T21:55:16.770+0000] {taskmixin.py:211} WARNING - Dependency <Task(EmailOperator): send_email>, prepare_email already registered for DAG: example_dag_decorator
[2023-05-10T21:55:16.823+0000] {processor.py:809} INFO - DAG(s) dict_keys(['example_dag_decorator']) retrieved from /home/airflow/.local/lib/python3.7/site-packages/airflow/example_dags/example_dag_decorator.py
[2023-05-10T21:55:17.451+0000] {logging_mixin.py:149} INFO - [2023-05-10T21:55:17.450+0000] {dag.py:2726} INFO - Sync 1 DAGs
[2023-05-10T21:55:17.677+0000] {logging_mixin.py:149} INFO - [2023-05-10T21:55:17.676+0000] {dag.py:3490} INFO - Setting next_dagrun for example_dag_decorator to None, run_after=None
[2023-05-10T21:55:17.996+0000] {processor.py:178} INFO - Processing /home/airflow/.local/lib/python3.7/site-packages/airflow/example_dags/example_dag_decorator.py took 1.277 seconds
[2023-05-10T21:55:51.871+0000] {processor.py:156} INFO - Started process (PID=290) to work on /home/airflow/.local/lib/python3.7/site-packages/airflow/example_dags/example_dag_decorator.py
[2023-05-10T21:55:51.875+0000] {processor.py:799} INFO - Processing file /home/airflow/.local/lib/python3.7/site-packages/airflow/example_dags/example_dag_decorator.py for tasks to queue
[2023-05-10T21:55:51.878+0000] {logging_mixin.py:149} INFO - [2023-05-10T21:55:51.877+0000] {dagbag.py:541} INFO - Filling up the DagBag from /home/airflow/.local/lib/python3.7/site-packages/airflow/example_dags/example_dag_decorator.py
[2023-05-10T21:55:51.910+0000] {logging_mixin.py:149} INFO - [2023-05-10T21:55:51.910+0000] {taskmixin.py:211} WARNING - Dependency <Task(_PythonDecoratedOperator): prepare_email>, send_email already registered for DAG: example_dag_decorator
[2023-05-10T21:55:51.912+0000] {logging_mixin.py:149} INFO - [2023-05-10T21:55:51.912+0000] {taskmixin.py:211} WARNING - Dependency <Task(EmailOperator): send_email>, prepare_email already registered for DAG: example_dag_decorator
[2023-05-10T21:55:51.960+0000] {processor.py:809} INFO - DAG(s) dict_keys(['example_dag_decorator']) retrieved from /home/airflow/.local/lib/python3.7/site-packages/airflow/example_dags/example_dag_decorator.py
[2023-05-10T21:55:52.623+0000] {logging_mixin.py:149} INFO - [2023-05-10T21:55:52.622+0000] {dag.py:2726} INFO - Sync 1 DAGs
[2023-05-10T21:55:52.771+0000] {logging_mixin.py:149} INFO - [2023-05-10T21:55:52.770+0000] {dag.py:3490} INFO - Setting next_dagrun for example_dag_decorator to None, run_after=None
[2023-05-10T21:55:53.054+0000] {processor.py:178} INFO - Processing /home/airflow/.local/lib/python3.7/site-packages/airflow/example_dags/example_dag_decorator.py took 1.195 seconds
[2023-05-10T21:56:24.371+0000] {processor.py:156} INFO - Started process (PID=343) to work on /home/airflow/.local/lib/python3.7/site-packages/airflow/example_dags/example_dag_decorator.py
[2023-05-10T21:56:24.374+0000] {processor.py:799} INFO - Processing file /home/airflow/.local/lib/python3.7/site-packages/airflow/example_dags/example_dag_decorator.py for tasks to queue
[2023-05-10T21:56:24.376+0000] {logging_mixin.py:149} INFO - [2023-05-10T21:56:24.376+0000] {dagbag.py:541} INFO - Filling up the DagBag from /home/airflow/.local/lib/python3.7/site-packages/airflow/example_dags/example_dag_decorator.py
[2023-05-10T21:56:24.410+0000] {logging_mixin.py:149} INFO - [2023-05-10T21:56:24.410+0000] {taskmixin.py:211} WARNING - Dependency <Task(_PythonDecoratedOperator): prepare_email>, send_email already registered for DAG: example_dag_decorator
[2023-05-10T21:56:24.412+0000] {logging_mixin.py:149} INFO - [2023-05-10T21:56:24.412+0000] {taskmixin.py:211} WARNING - Dependency <Task(EmailOperator): send_email>, prepare_email already registered for DAG: example_dag_decorator
[2023-05-10T21:56:24.504+0000] {processor.py:809} INFO - DAG(s) dict_keys(['example_dag_decorator']) retrieved from /home/airflow/.local/lib/python3.7/site-packages/airflow/example_dags/example_dag_decorator.py
[2023-05-10T21:56:24.893+0000] {logging_mixin.py:149} INFO - [2023-05-10T21:56:24.893+0000] {dag.py:2726} INFO - Sync 1 DAGs
[2023-05-10T21:56:25.116+0000] {logging_mixin.py:149} INFO - [2023-05-10T21:56:25.115+0000] {dag.py:3490} INFO - Setting next_dagrun for example_dag_decorator to None, run_after=None
[2023-05-10T21:56:25.440+0000] {processor.py:178} INFO - Processing /home/airflow/.local/lib/python3.7/site-packages/airflow/example_dags/example_dag_decorator.py took 1.084 seconds
[2023-05-10T21:57:07.319+0000] {processor.py:156} INFO - Started process (PID=405) to work on /home/airflow/.local/lib/python3.7/site-packages/airflow/example_dags/example_dag_decorator.py
[2023-05-10T21:57:07.321+0000] {processor.py:799} INFO - Processing file /home/airflow/.local/lib/python3.7/site-packages/airflow/example_dags/example_dag_decorator.py for tasks to queue
[2023-05-10T21:57:07.327+0000] {logging_mixin.py:149} INFO - [2023-05-10T21:57:07.327+0000] {dagbag.py:541} INFO - Filling up the DagBag from /home/airflow/.local/lib/python3.7/site-packages/airflow/example_dags/example_dag_decorator.py
[2023-05-10T21:57:07.380+0000] {logging_mixin.py:149} INFO - [2023-05-10T21:57:07.380+0000] {taskmixin.py:211} WARNING - Dependency <Task(_PythonDecoratedOperator): prepare_email>, send_email already registered for DAG: example_dag_decorator
[2023-05-10T21:57:07.382+0000] {logging_mixin.py:149} INFO - [2023-05-10T21:57:07.381+0000] {taskmixin.py:211} WARNING - Dependency <Task(EmailOperator): send_email>, prepare_email already registered for DAG: example_dag_decorator
[2023-05-10T21:57:07.528+0000] {processor.py:809} INFO - DAG(s) dict_keys(['example_dag_decorator']) retrieved from /home/airflow/.local/lib/python3.7/site-packages/airflow/example_dags/example_dag_decorator.py
[2023-05-10T21:57:08.271+0000] {logging_mixin.py:149} INFO - [2023-05-10T21:57:08.270+0000] {dag.py:2726} INFO - Sync 1 DAGs
[2023-05-10T21:57:08.458+0000] {logging_mixin.py:149} INFO - [2023-05-10T21:57:08.458+0000] {dag.py:3490} INFO - Setting next_dagrun for example_dag_decorator to None, run_after=None
[2023-05-10T21:57:08.880+0000] {processor.py:178} INFO - Processing /home/airflow/.local/lib/python3.7/site-packages/airflow/example_dags/example_dag_decorator.py took 1.581 seconds
[2023-05-10T21:57:40.466+0000] {processor.py:156} INFO - Started process (PID=459) to work on /home/airflow/.local/lib/python3.7/site-packages/airflow/example_dags/example_dag_decorator.py
[2023-05-10T21:57:40.469+0000] {processor.py:799} INFO - Processing file /home/airflow/.local/lib/python3.7/site-packages/airflow/example_dags/example_dag_decorator.py for tasks to queue
[2023-05-10T21:57:40.472+0000] {logging_mixin.py:149} INFO - [2023-05-10T21:57:40.471+0000] {dagbag.py:541} INFO - Filling up the DagBag from /home/airflow/.local/lib/python3.7/site-packages/airflow/example_dags/example_dag_decorator.py
[2023-05-10T21:57:40.492+0000] {logging_mixin.py:149} INFO - [2023-05-10T21:57:40.492+0000] {taskmixin.py:211} WARNING - Dependency <Task(_PythonDecoratedOperator): prepare_email>, send_email already registered for DAG: example_dag_decorator
[2023-05-10T21:57:40.494+0000] {logging_mixin.py:149} INFO - [2023-05-10T21:57:40.493+0000] {taskmixin.py:211} WARNING - Dependency <Task(EmailOperator): send_email>, prepare_email already registered for DAG: example_dag_decorator
[2023-05-10T21:57:40.529+0000] {processor.py:809} INFO - DAG(s) dict_keys(['example_dag_decorator']) retrieved from /home/airflow/.local/lib/python3.7/site-packages/airflow/example_dags/example_dag_decorator.py
[2023-05-10T21:57:41.003+0000] {logging_mixin.py:149} INFO - [2023-05-10T21:57:41.003+0000] {dag.py:2726} INFO - Sync 1 DAGs
[2023-05-10T21:57:41.238+0000] {logging_mixin.py:149} INFO - [2023-05-10T21:57:41.238+0000] {dag.py:3490} INFO - Setting next_dagrun for example_dag_decorator to None, run_after=None
[2023-05-10T21:57:41.526+0000] {processor.py:178} INFO - Processing /home/airflow/.local/lib/python3.7/site-packages/airflow/example_dags/example_dag_decorator.py took 1.076 seconds
[2023-05-10T21:58:12.031+0000] {processor.py:156} INFO - Started process (PID=511) to work on /home/airflow/.local/lib/python3.7/site-packages/airflow/example_dags/example_dag_decorator.py
[2023-05-10T21:58:12.042+0000] {processor.py:799} INFO - Processing file /home/airflow/.local/lib/python3.7/site-packages/airflow/example_dags/example_dag_decorator.py for tasks to queue
[2023-05-10T21:58:12.045+0000] {logging_mixin.py:149} INFO - [2023-05-10T21:58:12.045+0000] {dagbag.py:541} INFO - Filling up the DagBag from /home/airflow/.local/lib/python3.7/site-packages/airflow/example_dags/example_dag_decorator.py
[2023-05-10T21:58:12.072+0000] {logging_mixin.py:149} INFO - [2023-05-10T21:58:12.071+0000] {taskmixin.py:211} WARNING - Dependency <Task(_PythonDecoratedOperator): prepare_email>, send_email already registered for DAG: example_dag_decorator
[2023-05-10T21:58:12.081+0000] {logging_mixin.py:149} INFO - [2023-05-10T21:58:12.077+0000] {taskmixin.py:211} WARNING - Dependency <Task(EmailOperator): send_email>, prepare_email already registered for DAG: example_dag_decorator
[2023-05-10T21:58:12.128+0000] {processor.py:809} INFO - DAG(s) dict_keys(['example_dag_decorator']) retrieved from /home/airflow/.local/lib/python3.7/site-packages/airflow/example_dags/example_dag_decorator.py
[2023-05-10T21:58:12.550+0000] {logging_mixin.py:149} INFO - [2023-05-10T21:58:12.549+0000] {dag.py:2726} INFO - Sync 1 DAGs
[2023-05-10T21:58:12.702+0000] {logging_mixin.py:149} INFO - [2023-05-10T21:58:12.701+0000] {dag.py:3490} INFO - Setting next_dagrun for example_dag_decorator to None, run_after=None
[2023-05-10T21:58:12.889+0000] {processor.py:178} INFO - Processing /home/airflow/.local/lib/python3.7/site-packages/airflow/example_dags/example_dag_decorator.py took 0.865 seconds
[2023-05-10T21:58:46.988+0000] {processor.py:156} INFO - Started process (PID=567) to work on /home/airflow/.local/lib/python3.7/site-packages/airflow/example_dags/example_dag_decorator.py
[2023-05-10T21:58:46.990+0000] {processor.py:799} INFO - Processing file /home/airflow/.local/lib/python3.7/site-packages/airflow/example_dags/example_dag_decorator.py for tasks to queue
[2023-05-10T21:58:47.001+0000] {logging_mixin.py:149} INFO - [2023-05-10T21:58:47.001+0000] {dagbag.py:541} INFO - Filling up the DagBag from /home/airflow/.local/lib/python3.7/site-packages/airflow/example_dags/example_dag_decorator.py
[2023-05-10T21:58:47.036+0000] {logging_mixin.py:149} INFO - [2023-05-10T21:58:47.031+0000] {taskmixin.py:211} WARNING - Dependency <Task(_PythonDecoratedOperator): prepare_email>, send_email already registered for DAG: example_dag_decorator
[2023-05-10T21:58:47.039+0000] {logging_mixin.py:149} INFO - [2023-05-10T21:58:47.038+0000] {taskmixin.py:211} WARNING - Dependency <Task(EmailOperator): send_email>, prepare_email already registered for DAG: example_dag_decorator
[2023-05-10T21:58:47.079+0000] {processor.py:809} INFO - DAG(s) dict_keys(['example_dag_decorator']) retrieved from /home/airflow/.local/lib/python3.7/site-packages/airflow/example_dags/example_dag_decorator.py
[2023-05-10T21:58:47.594+0000] {logging_mixin.py:149} INFO - [2023-05-10T21:58:47.593+0000] {dag.py:2726} INFO - Sync 1 DAGs
[2023-05-10T21:58:47.784+0000] {logging_mixin.py:149} INFO - [2023-05-10T21:58:47.783+0000] {dag.py:3490} INFO - Setting next_dagrun for example_dag_decorator to None, run_after=None
[2023-05-10T21:58:48.005+0000] {processor.py:178} INFO - Processing /home/airflow/.local/lib/python3.7/site-packages/airflow/example_dags/example_dag_decorator.py took 1.028 seconds
[2023-05-10T21:59:19.817+0000] {processor.py:156} INFO - Started process (PID=623) to work on /home/airflow/.local/lib/python3.7/site-packages/airflow/example_dags/example_dag_decorator.py
[2023-05-10T21:59:19.830+0000] {processor.py:799} INFO - Processing file /home/airflow/.local/lib/python3.7/site-packages/airflow/example_dags/example_dag_decorator.py for tasks to queue
[2023-05-10T21:59:19.832+0000] {logging_mixin.py:149} INFO - [2023-05-10T21:59:19.832+0000] {dagbag.py:541} INFO - Filling up the DagBag from /home/airflow/.local/lib/python3.7/site-packages/airflow/example_dags/example_dag_decorator.py
[2023-05-10T21:59:19.869+0000] {logging_mixin.py:149} INFO - [2023-05-10T21:59:19.868+0000] {taskmixin.py:211} WARNING - Dependency <Task(_PythonDecoratedOperator): prepare_email>, send_email already registered for DAG: example_dag_decorator
[2023-05-10T21:59:19.870+0000] {logging_mixin.py:149} INFO - [2023-05-10T21:59:19.870+0000] {taskmixin.py:211} WARNING - Dependency <Task(EmailOperator): send_email>, prepare_email already registered for DAG: example_dag_decorator
[2023-05-10T21:59:19.942+0000] {processor.py:809} INFO - DAG(s) dict_keys(['example_dag_decorator']) retrieved from /home/airflow/.local/lib/python3.7/site-packages/airflow/example_dags/example_dag_decorator.py
[2023-05-10T21:59:20.669+0000] {logging_mixin.py:149} INFO - [2023-05-10T21:59:20.669+0000] {dag.py:2726} INFO - Sync 1 DAGs
[2023-05-10T21:59:20.858+0000] {logging_mixin.py:149} INFO - [2023-05-10T21:59:20.856+0000] {dag.py:3490} INFO - Setting next_dagrun for example_dag_decorator to None, run_after=None
[2023-05-10T21:59:21.002+0000] {processor.py:178} INFO - Processing /home/airflow/.local/lib/python3.7/site-packages/airflow/example_dags/example_dag_decorator.py took 1.193 seconds
[2023-05-10T21:59:56.856+0000] {processor.py:156} INFO - Started process (PID=680) to work on /home/airflow/.local/lib/python3.7/site-packages/airflow/example_dags/example_dag_decorator.py
[2023-05-10T21:59:56.859+0000] {processor.py:799} INFO - Processing file /home/airflow/.local/lib/python3.7/site-packages/airflow/example_dags/example_dag_decorator.py for tasks to queue
[2023-05-10T21:59:56.861+0000] {logging_mixin.py:149} INFO - [2023-05-10T21:59:56.861+0000] {dagbag.py:541} INFO - Filling up the DagBag from /home/airflow/.local/lib/python3.7/site-packages/airflow/example_dags/example_dag_decorator.py
[2023-05-10T21:59:56.913+0000] {logging_mixin.py:149} INFO - [2023-05-10T21:59:56.913+0000] {taskmixin.py:211} WARNING - Dependency <Task(_PythonDecoratedOperator): prepare_email>, send_email already registered for DAG: example_dag_decorator
[2023-05-10T21:59:56.932+0000] {logging_mixin.py:149} INFO - [2023-05-10T21:59:56.931+0000] {taskmixin.py:211} WARNING - Dependency <Task(EmailOperator): send_email>, prepare_email already registered for DAG: example_dag_decorator
[2023-05-10T21:59:56.984+0000] {processor.py:809} INFO - DAG(s) dict_keys(['example_dag_decorator']) retrieved from /home/airflow/.local/lib/python3.7/site-packages/airflow/example_dags/example_dag_decorator.py
[2023-05-10T21:59:57.546+0000] {logging_mixin.py:149} INFO - [2023-05-10T21:59:57.545+0000] {dag.py:2726} INFO - Sync 1 DAGs
[2023-05-10T21:59:57.822+0000] {logging_mixin.py:149} INFO - [2023-05-10T21:59:57.821+0000] {dag.py:3490} INFO - Setting next_dagrun for example_dag_decorator to None, run_after=None
[2023-05-10T21:59:58.038+0000] {processor.py:178} INFO - Processing /home/airflow/.local/lib/python3.7/site-packages/airflow/example_dags/example_dag_decorator.py took 1.201 seconds
[2023-05-10T22:00:30.394+0000] {processor.py:156} INFO - Started process (PID=735) to work on /home/airflow/.local/lib/python3.7/site-packages/airflow/example_dags/example_dag_decorator.py
[2023-05-10T22:00:30.411+0000] {processor.py:799} INFO - Processing file /home/airflow/.local/lib/python3.7/site-packages/airflow/example_dags/example_dag_decorator.py for tasks to queue
[2023-05-10T22:00:30.414+0000] {logging_mixin.py:149} INFO - [2023-05-10T22:00:30.414+0000] {dagbag.py:541} INFO - Filling up the DagBag from /home/airflow/.local/lib/python3.7/site-packages/airflow/example_dags/example_dag_decorator.py
[2023-05-10T22:00:30.473+0000] {logging_mixin.py:149} INFO - [2023-05-10T22:00:30.473+0000] {taskmixin.py:211} WARNING - Dependency <Task(_PythonDecoratedOperator): prepare_email>, send_email already registered for DAG: example_dag_decorator
[2023-05-10T22:00:30.475+0000] {logging_mixin.py:149} INFO - [2023-05-10T22:00:30.475+0000] {taskmixin.py:211} WARNING - Dependency <Task(EmailOperator): send_email>, prepare_email already registered for DAG: example_dag_decorator
[2023-05-10T22:00:30.582+0000] {processor.py:809} INFO - DAG(s) dict_keys(['example_dag_decorator']) retrieved from /home/airflow/.local/lib/python3.7/site-packages/airflow/example_dags/example_dag_decorator.py
[2023-05-10T22:00:31.312+0000] {logging_mixin.py:149} INFO - [2023-05-10T22:00:31.311+0000] {dag.py:2726} INFO - Sync 1 DAGs
[2023-05-10T22:00:31.571+0000] {logging_mixin.py:149} INFO - [2023-05-10T22:00:31.571+0000] {dag.py:3490} INFO - Setting next_dagrun for example_dag_decorator to None, run_after=None
[2023-05-10T22:00:32.145+0000] {processor.py:178} INFO - Processing /home/airflow/.local/lib/python3.7/site-packages/airflow/example_dags/example_dag_decorator.py took 1.767 seconds
[2023-05-10T22:01:03.516+0000] {processor.py:156} INFO - Started process (PID=792) to work on /home/airflow/.local/lib/python3.7/site-packages/airflow/example_dags/example_dag_decorator.py
[2023-05-10T22:01:03.547+0000] {processor.py:799} INFO - Processing file /home/airflow/.local/lib/python3.7/site-packages/airflow/example_dags/example_dag_decorator.py for tasks to queue
[2023-05-10T22:01:03.549+0000] {logging_mixin.py:149} INFO - [2023-05-10T22:01:03.549+0000] {dagbag.py:541} INFO - Filling up the DagBag from /home/airflow/.local/lib/python3.7/site-packages/airflow/example_dags/example_dag_decorator.py
[2023-05-10T22:01:03.586+0000] {logging_mixin.py:149} INFO - [2023-05-10T22:01:03.586+0000] {taskmixin.py:211} WARNING - Dependency <Task(_PythonDecoratedOperator): prepare_email>, send_email already registered for DAG: example_dag_decorator
[2023-05-10T22:01:03.588+0000] {logging_mixin.py:149} INFO - [2023-05-10T22:01:03.587+0000] {taskmixin.py:211} WARNING - Dependency <Task(EmailOperator): send_email>, prepare_email already registered for DAG: example_dag_decorator
[2023-05-10T22:01:03.627+0000] {processor.py:809} INFO - DAG(s) dict_keys(['example_dag_decorator']) retrieved from /home/airflow/.local/lib/python3.7/site-packages/airflow/example_dags/example_dag_decorator.py
[2023-05-10T22:01:04.389+0000] {logging_mixin.py:149} INFO - [2023-05-10T22:01:04.389+0000] {dag.py:2726} INFO - Sync 1 DAGs
[2023-05-10T22:01:04.579+0000] {logging_mixin.py:149} INFO - [2023-05-10T22:01:04.578+0000] {dag.py:3490} INFO - Setting next_dagrun for example_dag_decorator to None, run_after=None
[2023-05-10T22:01:04.842+0000] {processor.py:178} INFO - Processing /home/airflow/.local/lib/python3.7/site-packages/airflow/example_dags/example_dag_decorator.py took 1.334 seconds
[2023-05-10T22:01:36.061+0000] {processor.py:156} INFO - Started process (PID=848) to work on /home/airflow/.local/lib/python3.7/site-packages/airflow/example_dags/example_dag_decorator.py
[2023-05-10T22:01:36.079+0000] {processor.py:799} INFO - Processing file /home/airflow/.local/lib/python3.7/site-packages/airflow/example_dags/example_dag_decorator.py for tasks to queue
[2023-05-10T22:01:36.081+0000] {logging_mixin.py:149} INFO - [2023-05-10T22:01:36.081+0000] {dagbag.py:541} INFO - Filling up the DagBag from /home/airflow/.local/lib/python3.7/site-packages/airflow/example_dags/example_dag_decorator.py
[2023-05-10T22:01:36.115+0000] {logging_mixin.py:149} INFO - [2023-05-10T22:01:36.115+0000] {taskmixin.py:211} WARNING - Dependency <Task(_PythonDecoratedOperator): prepare_email>, send_email already registered for DAG: example_dag_decorator
[2023-05-10T22:01:36.118+0000] {logging_mixin.py:149} INFO - [2023-05-10T22:01:36.117+0000] {taskmixin.py:211} WARNING - Dependency <Task(EmailOperator): send_email>, prepare_email already registered for DAG: example_dag_decorator
[2023-05-10T22:01:36.172+0000] {processor.py:809} INFO - DAG(s) dict_keys(['example_dag_decorator']) retrieved from /home/airflow/.local/lib/python3.7/site-packages/airflow/example_dags/example_dag_decorator.py
[2023-05-10T22:01:36.653+0000] {logging_mixin.py:149} INFO - [2023-05-10T22:01:36.652+0000] {dag.py:2726} INFO - Sync 1 DAGs
[2023-05-10T22:01:36.843+0000] {logging_mixin.py:149} INFO - [2023-05-10T22:01:36.843+0000] {dag.py:3490} INFO - Setting next_dagrun for example_dag_decorator to None, run_after=None
[2023-05-10T22:01:37.029+0000] {processor.py:178} INFO - Processing /home/airflow/.local/lib/python3.7/site-packages/airflow/example_dags/example_dag_decorator.py took 0.979 seconds
[2023-05-10T22:02:08.264+0000] {processor.py:156} INFO - Started process (PID=904) to work on /home/airflow/.local/lib/python3.7/site-packages/airflow/example_dags/example_dag_decorator.py
[2023-05-10T22:02:08.270+0000] {processor.py:799} INFO - Processing file /home/airflow/.local/lib/python3.7/site-packages/airflow/example_dags/example_dag_decorator.py for tasks to queue
[2023-05-10T22:02:08.273+0000] {logging_mixin.py:149} INFO - [2023-05-10T22:02:08.273+0000] {dagbag.py:541} INFO - Filling up the DagBag from /home/airflow/.local/lib/python3.7/site-packages/airflow/example_dags/example_dag_decorator.py
[2023-05-10T22:02:08.299+0000] {logging_mixin.py:149} INFO - [2023-05-10T22:02:08.299+0000] {taskmixin.py:211} WARNING - Dependency <Task(_PythonDecoratedOperator): prepare_email>, send_email already registered for DAG: example_dag_decorator
[2023-05-10T22:02:08.309+0000] {logging_mixin.py:149} INFO - [2023-05-10T22:02:08.304+0000] {taskmixin.py:211} WARNING - Dependency <Task(EmailOperator): send_email>, prepare_email already registered for DAG: example_dag_decorator
[2023-05-10T22:02:08.355+0000] {processor.py:809} INFO - DAG(s) dict_keys(['example_dag_decorator']) retrieved from /home/airflow/.local/lib/python3.7/site-packages/airflow/example_dags/example_dag_decorator.py
[2023-05-10T22:02:08.897+0000] {logging_mixin.py:149} INFO - [2023-05-10T22:02:08.897+0000] {dag.py:2726} INFO - Sync 1 DAGs
[2023-05-10T22:02:09.108+0000] {logging_mixin.py:149} INFO - [2023-05-10T22:02:09.107+0000] {dag.py:3490} INFO - Setting next_dagrun for example_dag_decorator to None, run_after=None
[2023-05-10T22:02:09.276+0000] {processor.py:178} INFO - Processing /home/airflow/.local/lib/python3.7/site-packages/airflow/example_dags/example_dag_decorator.py took 1.034 seconds
[2023-05-10T22:02:40.839+0000] {processor.py:156} INFO - Started process (PID=957) to work on /home/airflow/.local/lib/python3.7/site-packages/airflow/example_dags/example_dag_decorator.py
[2023-05-10T22:02:40.843+0000] {processor.py:799} INFO - Processing file /home/airflow/.local/lib/python3.7/site-packages/airflow/example_dags/example_dag_decorator.py for tasks to queue
[2023-05-10T22:02:40.856+0000] {logging_mixin.py:149} INFO - [2023-05-10T22:02:40.856+0000] {dagbag.py:541} INFO - Filling up the DagBag from /home/airflow/.local/lib/python3.7/site-packages/airflow/example_dags/example_dag_decorator.py
[2023-05-10T22:02:40.882+0000] {logging_mixin.py:149} INFO - [2023-05-10T22:02:40.881+0000] {taskmixin.py:211} WARNING - Dependency <Task(_PythonDecoratedOperator): prepare_email>, send_email already registered for DAG: example_dag_decorator
[2023-05-10T22:02:40.883+0000] {logging_mixin.py:149} INFO - [2023-05-10T22:02:40.883+0000] {taskmixin.py:211} WARNING - Dependency <Task(EmailOperator): send_email>, prepare_email already registered for DAG: example_dag_decorator
[2023-05-10T22:02:40.935+0000] {processor.py:809} INFO - DAG(s) dict_keys(['example_dag_decorator']) retrieved from /home/airflow/.local/lib/python3.7/site-packages/airflow/example_dags/example_dag_decorator.py
[2023-05-10T22:02:41.527+0000] {logging_mixin.py:149} INFO - [2023-05-10T22:02:41.526+0000] {dag.py:2726} INFO - Sync 1 DAGs
[2023-05-10T22:02:41.779+0000] {logging_mixin.py:149} INFO - [2023-05-10T22:02:41.778+0000] {dag.py:3490} INFO - Setting next_dagrun for example_dag_decorator to None, run_after=None
[2023-05-10T22:02:42.046+0000] {processor.py:178} INFO - Processing /home/airflow/.local/lib/python3.7/site-packages/airflow/example_dags/example_dag_decorator.py took 1.224 seconds
[2023-05-10T22:03:12.907+0000] {processor.py:156} INFO - Started process (PID=1012) to work on /home/airflow/.local/lib/python3.7/site-packages/airflow/example_dags/example_dag_decorator.py
[2023-05-10T22:03:12.929+0000] {processor.py:799} INFO - Processing file /home/airflow/.local/lib/python3.7/site-packages/airflow/example_dags/example_dag_decorator.py for tasks to queue
[2023-05-10T22:03:12.932+0000] {logging_mixin.py:149} INFO - [2023-05-10T22:03:12.932+0000] {dagbag.py:541} INFO - Filling up the DagBag from /home/airflow/.local/lib/python3.7/site-packages/airflow/example_dags/example_dag_decorator.py
[2023-05-10T22:03:12.968+0000] {logging_mixin.py:149} INFO - [2023-05-10T22:03:12.967+0000] {taskmixin.py:211} WARNING - Dependency <Task(_PythonDecoratedOperator): prepare_email>, send_email already registered for DAG: example_dag_decorator
[2023-05-10T22:03:12.969+0000] {logging_mixin.py:149} INFO - [2023-05-10T22:03:12.969+0000] {taskmixin.py:211} WARNING - Dependency <Task(EmailOperator): send_email>, prepare_email already registered for DAG: example_dag_decorator
[2023-05-10T22:03:13.034+0000] {processor.py:809} INFO - DAG(s) dict_keys(['example_dag_decorator']) retrieved from /home/airflow/.local/lib/python3.7/site-packages/airflow/example_dags/example_dag_decorator.py
[2023-05-10T22:03:13.774+0000] {logging_mixin.py:149} INFO - [2023-05-10T22:03:13.774+0000] {dag.py:2726} INFO - Sync 1 DAGs
[2023-05-10T22:03:13.968+0000] {logging_mixin.py:149} INFO - [2023-05-10T22:03:13.967+0000] {dag.py:3490} INFO - Setting next_dagrun for example_dag_decorator to None, run_after=None
[2023-05-10T22:03:15.567+0000] {processor.py:178} INFO - Processing /home/airflow/.local/lib/python3.7/site-packages/airflow/example_dags/example_dag_decorator.py took 2.684 seconds
[2023-05-10T22:03:46.239+0000] {processor.py:156} INFO - Started process (PID=1067) to work on /home/airflow/.local/lib/python3.7/site-packages/airflow/example_dags/example_dag_decorator.py
[2023-05-10T22:03:46.243+0000] {processor.py:799} INFO - Processing file /home/airflow/.local/lib/python3.7/site-packages/airflow/example_dags/example_dag_decorator.py for tasks to queue
[2023-05-10T22:03:46.245+0000] {logging_mixin.py:149} INFO - [2023-05-10T22:03:46.245+0000] {dagbag.py:541} INFO - Filling up the DagBag from /home/airflow/.local/lib/python3.7/site-packages/airflow/example_dags/example_dag_decorator.py
[2023-05-10T22:03:46.298+0000] {logging_mixin.py:149} INFO - [2023-05-10T22:03:46.297+0000] {taskmixin.py:211} WARNING - Dependency <Task(_PythonDecoratedOperator): prepare_email>, send_email already registered for DAG: example_dag_decorator
[2023-05-10T22:03:46.310+0000] {logging_mixin.py:149} INFO - [2023-05-10T22:03:46.310+0000] {taskmixin.py:211} WARNING - Dependency <Task(EmailOperator): send_email>, prepare_email already registered for DAG: example_dag_decorator
[2023-05-10T22:03:46.449+0000] {processor.py:809} INFO - DAG(s) dict_keys(['example_dag_decorator']) retrieved from /home/airflow/.local/lib/python3.7/site-packages/airflow/example_dags/example_dag_decorator.py
[2023-05-10T22:03:47.482+0000] {logging_mixin.py:149} INFO - [2023-05-10T22:03:47.481+0000] {dag.py:2726} INFO - Sync 1 DAGs
[2023-05-10T22:03:47.771+0000] {logging_mixin.py:149} INFO - [2023-05-10T22:03:47.770+0000] {dag.py:3490} INFO - Setting next_dagrun for example_dag_decorator to None, run_after=None
[2023-05-10T22:03:48.140+0000] {processor.py:178} INFO - Processing /home/airflow/.local/lib/python3.7/site-packages/airflow/example_dags/example_dag_decorator.py took 1.923 seconds
[2023-05-10T22:04:18.436+0000] {processor.py:156} INFO - Started process (PID=1123) to work on /home/airflow/.local/lib/python3.7/site-packages/airflow/example_dags/example_dag_decorator.py
[2023-05-10T22:04:18.462+0000] {processor.py:799} INFO - Processing file /home/airflow/.local/lib/python3.7/site-packages/airflow/example_dags/example_dag_decorator.py for tasks to queue
[2023-05-10T22:04:18.478+0000] {logging_mixin.py:149} INFO - [2023-05-10T22:04:18.478+0000] {dagbag.py:541} INFO - Filling up the DagBag from /home/airflow/.local/lib/python3.7/site-packages/airflow/example_dags/example_dag_decorator.py
[2023-05-10T22:04:18.576+0000] {logging_mixin.py:149} INFO - [2023-05-10T22:04:18.576+0000] {taskmixin.py:211} WARNING - Dependency <Task(_PythonDecoratedOperator): prepare_email>, send_email already registered for DAG: example_dag_decorator
[2023-05-10T22:04:18.578+0000] {logging_mixin.py:149} INFO - [2023-05-10T22:04:18.577+0000] {taskmixin.py:211} WARNING - Dependency <Task(EmailOperator): send_email>, prepare_email already registered for DAG: example_dag_decorator
[2023-05-10T22:04:18.627+0000] {processor.py:809} INFO - DAG(s) dict_keys(['example_dag_decorator']) retrieved from /home/airflow/.local/lib/python3.7/site-packages/airflow/example_dags/example_dag_decorator.py
[2023-05-10T22:04:19.123+0000] {logging_mixin.py:149} INFO - [2023-05-10T22:04:19.122+0000] {dag.py:2726} INFO - Sync 1 DAGs
[2023-05-10T22:04:19.288+0000] {logging_mixin.py:149} INFO - [2023-05-10T22:04:19.288+0000] {dag.py:3490} INFO - Setting next_dagrun for example_dag_decorator to None, run_after=None
[2023-05-10T22:04:19.656+0000] {processor.py:178} INFO - Processing /home/airflow/.local/lib/python3.7/site-packages/airflow/example_dags/example_dag_decorator.py took 1.242 seconds
[2023-05-10T22:04:49.951+0000] {processor.py:156} INFO - Started process (PID=1174) to work on /home/airflow/.local/lib/python3.7/site-packages/airflow/example_dags/example_dag_decorator.py
[2023-05-10T22:04:49.965+0000] {processor.py:799} INFO - Processing file /home/airflow/.local/lib/python3.7/site-packages/airflow/example_dags/example_dag_decorator.py for tasks to queue
[2023-05-10T22:04:49.968+0000] {logging_mixin.py:149} INFO - [2023-05-10T22:04:49.968+0000] {dagbag.py:541} INFO - Filling up the DagBag from /home/airflow/.local/lib/python3.7/site-packages/airflow/example_dags/example_dag_decorator.py
[2023-05-10T22:04:49.999+0000] {logging_mixin.py:149} INFO - [2023-05-10T22:04:49.998+0000] {taskmixin.py:211} WARNING - Dependency <Task(_PythonDecoratedOperator): prepare_email>, send_email already registered for DAG: example_dag_decorator
[2023-05-10T22:04:50.036+0000] {logging_mixin.py:149} INFO - [2023-05-10T22:04:50.036+0000] {taskmixin.py:211} WARNING - Dependency <Task(EmailOperator): send_email>, prepare_email already registered for DAG: example_dag_decorator
[2023-05-10T22:04:50.112+0000] {processor.py:809} INFO - DAG(s) dict_keys(['example_dag_decorator']) retrieved from /home/airflow/.local/lib/python3.7/site-packages/airflow/example_dags/example_dag_decorator.py
[2023-05-10T22:04:50.328+0000] {logging_mixin.py:149} INFO - [2023-05-10T22:04:50.328+0000] {dag.py:2726} INFO - Sync 1 DAGs
[2023-05-10T22:04:50.505+0000] {logging_mixin.py:149} INFO - [2023-05-10T22:04:50.505+0000] {dag.py:3490} INFO - Setting next_dagrun for example_dag_decorator to None, run_after=None
[2023-05-10T22:04:50.760+0000] {processor.py:178} INFO - Processing /home/airflow/.local/lib/python3.7/site-packages/airflow/example_dags/example_dag_decorator.py took 0.831 seconds
[2023-05-10T22:05:20.938+0000] {processor.py:156} INFO - Started process (PID=1230) to work on /home/airflow/.local/lib/python3.7/site-packages/airflow/example_dags/example_dag_decorator.py
[2023-05-10T22:05:20.950+0000] {processor.py:799} INFO - Processing file /home/airflow/.local/lib/python3.7/site-packages/airflow/example_dags/example_dag_decorator.py for tasks to queue
[2023-05-10T22:05:20.953+0000] {logging_mixin.py:149} INFO - [2023-05-10T22:05:20.952+0000] {dagbag.py:541} INFO - Filling up the DagBag from /home/airflow/.local/lib/python3.7/site-packages/airflow/example_dags/example_dag_decorator.py
[2023-05-10T22:05:21.042+0000] {logging_mixin.py:149} INFO - [2023-05-10T22:05:21.042+0000] {taskmixin.py:211} WARNING - Dependency <Task(_PythonDecoratedOperator): prepare_email>, send_email already registered for DAG: example_dag_decorator
[2023-05-10T22:05:21.058+0000] {logging_mixin.py:149} INFO - [2023-05-10T22:05:21.057+0000] {taskmixin.py:211} WARNING - Dependency <Task(EmailOperator): send_email>, prepare_email already registered for DAG: example_dag_decorator
[2023-05-10T22:05:21.186+0000] {processor.py:809} INFO - DAG(s) dict_keys(['example_dag_decorator']) retrieved from /home/airflow/.local/lib/python3.7/site-packages/airflow/example_dags/example_dag_decorator.py
[2023-05-10T22:05:21.705+0000] {logging_mixin.py:149} INFO - [2023-05-10T22:05:21.705+0000] {dag.py:2726} INFO - Sync 1 DAGs
[2023-05-10T22:05:21.899+0000] {logging_mixin.py:149} INFO - [2023-05-10T22:05:21.898+0000] {dag.py:3490} INFO - Setting next_dagrun for example_dag_decorator to None, run_after=None
[2023-05-10T22:05:22.132+0000] {processor.py:178} INFO - Processing /home/airflow/.local/lib/python3.7/site-packages/airflow/example_dags/example_dag_decorator.py took 1.202 seconds
[2023-05-10T22:05:53.886+0000] {processor.py:156} INFO - Started process (PID=1287) to work on /home/airflow/.local/lib/python3.7/site-packages/airflow/example_dags/example_dag_decorator.py
[2023-05-10T22:05:53.890+0000] {processor.py:799} INFO - Processing file /home/airflow/.local/lib/python3.7/site-packages/airflow/example_dags/example_dag_decorator.py for tasks to queue
[2023-05-10T22:05:53.894+0000] {logging_mixin.py:149} INFO - [2023-05-10T22:05:53.893+0000] {dagbag.py:541} INFO - Filling up the DagBag from /home/airflow/.local/lib/python3.7/site-packages/airflow/example_dags/example_dag_decorator.py
[2023-05-10T22:05:53.992+0000] {logging_mixin.py:149} INFO - [2023-05-10T22:05:53.991+0000] {taskmixin.py:211} WARNING - Dependency <Task(_PythonDecoratedOperator): prepare_email>, send_email already registered for DAG: example_dag_decorator
[2023-05-10T22:05:53.993+0000] {logging_mixin.py:149} INFO - [2023-05-10T22:05:53.993+0000] {taskmixin.py:211} WARNING - Dependency <Task(EmailOperator): send_email>, prepare_email already registered for DAG: example_dag_decorator
[2023-05-10T22:05:54.047+0000] {processor.py:809} INFO - DAG(s) dict_keys(['example_dag_decorator']) retrieved from /home/airflow/.local/lib/python3.7/site-packages/airflow/example_dags/example_dag_decorator.py
[2023-05-10T22:05:54.726+0000] {logging_mixin.py:149} INFO - [2023-05-10T22:05:54.726+0000] {dag.py:2726} INFO - Sync 1 DAGs
[2023-05-10T22:05:54.956+0000] {logging_mixin.py:149} INFO - [2023-05-10T22:05:54.956+0000] {dag.py:3490} INFO - Setting next_dagrun for example_dag_decorator to None, run_after=None
[2023-05-10T22:05:55.353+0000] {processor.py:178} INFO - Processing /home/airflow/.local/lib/python3.7/site-packages/airflow/example_dags/example_dag_decorator.py took 1.496 seconds
[2023-05-10T22:06:25.843+0000] {processor.py:156} INFO - Started process (PID=1343) to work on /home/airflow/.local/lib/python3.7/site-packages/airflow/example_dags/example_dag_decorator.py
[2023-05-10T22:06:25.850+0000] {processor.py:799} INFO - Processing file /home/airflow/.local/lib/python3.7/site-packages/airflow/example_dags/example_dag_decorator.py for tasks to queue
[2023-05-10T22:06:25.853+0000] {logging_mixin.py:149} INFO - [2023-05-10T22:06:25.852+0000] {dagbag.py:541} INFO - Filling up the DagBag from /home/airflow/.local/lib/python3.7/site-packages/airflow/example_dags/example_dag_decorator.py
[2023-05-10T22:06:25.875+0000] {logging_mixin.py:149} INFO - [2023-05-10T22:06:25.874+0000] {taskmixin.py:211} WARNING - Dependency <Task(_PythonDecoratedOperator): prepare_email>, send_email already registered for DAG: example_dag_decorator
[2023-05-10T22:06:25.878+0000] {logging_mixin.py:149} INFO - [2023-05-10T22:06:25.878+0000] {taskmixin.py:211} WARNING - Dependency <Task(EmailOperator): send_email>, prepare_email already registered for DAG: example_dag_decorator
[2023-05-10T22:06:25.913+0000] {processor.py:809} INFO - DAG(s) dict_keys(['example_dag_decorator']) retrieved from /home/airflow/.local/lib/python3.7/site-packages/airflow/example_dags/example_dag_decorator.py
[2023-05-10T22:06:26.269+0000] {logging_mixin.py:149} INFO - [2023-05-10T22:06:26.268+0000] {dag.py:2726} INFO - Sync 1 DAGs
[2023-05-10T22:06:26.387+0000] {logging_mixin.py:149} INFO - [2023-05-10T22:06:26.386+0000] {dag.py:3490} INFO - Setting next_dagrun for example_dag_decorator to None, run_after=None
[2023-05-10T22:06:26.502+0000] {processor.py:178} INFO - Processing /home/airflow/.local/lib/python3.7/site-packages/airflow/example_dags/example_dag_decorator.py took 0.667 seconds
[2023-05-10T22:06:56.939+0000] {processor.py:156} INFO - Started process (PID=1401) to work on /home/airflow/.local/lib/python3.7/site-packages/airflow/example_dags/example_dag_decorator.py
[2023-05-10T22:06:56.941+0000] {processor.py:799} INFO - Processing file /home/airflow/.local/lib/python3.7/site-packages/airflow/example_dags/example_dag_decorator.py for tasks to queue
[2023-05-10T22:06:56.944+0000] {logging_mixin.py:149} INFO - [2023-05-10T22:06:56.943+0000] {dagbag.py:541} INFO - Filling up the DagBag from /home/airflow/.local/lib/python3.7/site-packages/airflow/example_dags/example_dag_decorator.py
[2023-05-10T22:06:56.977+0000] {logging_mixin.py:149} INFO - [2023-05-10T22:06:56.976+0000] {taskmixin.py:211} WARNING - Dependency <Task(_PythonDecoratedOperator): prepare_email>, send_email already registered for DAG: example_dag_decorator
[2023-05-10T22:06:56.980+0000] {logging_mixin.py:149} INFO - [2023-05-10T22:06:56.979+0000] {taskmixin.py:211} WARNING - Dependency <Task(EmailOperator): send_email>, prepare_email already registered for DAG: example_dag_decorator
[2023-05-10T22:06:57.017+0000] {processor.py:809} INFO - DAG(s) dict_keys(['example_dag_decorator']) retrieved from /home/airflow/.local/lib/python3.7/site-packages/airflow/example_dags/example_dag_decorator.py
[2023-05-10T22:06:57.399+0000] {logging_mixin.py:149} INFO - [2023-05-10T22:06:57.396+0000] {dag.py:2726} INFO - Sync 1 DAGs
[2023-05-10T22:06:57.549+0000] {logging_mixin.py:149} INFO - [2023-05-10T22:06:57.544+0000] {dag.py:3490} INFO - Setting next_dagrun for example_dag_decorator to None, run_after=None
[2023-05-10T22:06:57.831+0000] {processor.py:178} INFO - Processing /home/airflow/.local/lib/python3.7/site-packages/airflow/example_dags/example_dag_decorator.py took 0.910 seconds
[2023-05-10T22:07:31.576+0000] {processor.py:156} INFO - Started process (PID=1460) to work on /home/airflow/.local/lib/python3.7/site-packages/airflow/example_dags/example_dag_decorator.py
[2023-05-10T22:07:31.582+0000] {processor.py:799} INFO - Processing file /home/airflow/.local/lib/python3.7/site-packages/airflow/example_dags/example_dag_decorator.py for tasks to queue
[2023-05-10T22:07:31.603+0000] {logging_mixin.py:149} INFO - [2023-05-10T22:07:31.603+0000] {dagbag.py:541} INFO - Filling up the DagBag from /home/airflow/.local/lib/python3.7/site-packages/airflow/example_dags/example_dag_decorator.py
[2023-05-10T22:07:31.640+0000] {logging_mixin.py:149} INFO - [2023-05-10T22:07:31.640+0000] {taskmixin.py:211} WARNING - Dependency <Task(_PythonDecoratedOperator): prepare_email>, send_email already registered for DAG: example_dag_decorator
[2023-05-10T22:07:31.651+0000] {logging_mixin.py:149} INFO - [2023-05-10T22:07:31.650+0000] {taskmixin.py:211} WARNING - Dependency <Task(EmailOperator): send_email>, prepare_email already registered for DAG: example_dag_decorator
[2023-05-10T22:07:31.721+0000] {processor.py:809} INFO - DAG(s) dict_keys(['example_dag_decorator']) retrieved from /home/airflow/.local/lib/python3.7/site-packages/airflow/example_dags/example_dag_decorator.py
[2023-05-10T22:07:32.320+0000] {logging_mixin.py:149} INFO - [2023-05-10T22:07:32.319+0000] {dag.py:2726} INFO - Sync 1 DAGs
[2023-05-10T22:07:32.475+0000] {logging_mixin.py:149} INFO - [2023-05-10T22:07:32.474+0000] {dag.py:3490} INFO - Setting next_dagrun for example_dag_decorator to None, run_after=None
[2023-05-10T22:07:32.606+0000] {processor.py:178} INFO - Processing /home/airflow/.local/lib/python3.7/site-packages/airflow/example_dags/example_dag_decorator.py took 1.049 seconds
[2023-05-10T22:08:04.412+0000] {processor.py:156} INFO - Started process (PID=1516) to work on /home/airflow/.local/lib/python3.7/site-packages/airflow/example_dags/example_dag_decorator.py
[2023-05-10T22:08:04.414+0000] {processor.py:799} INFO - Processing file /home/airflow/.local/lib/python3.7/site-packages/airflow/example_dags/example_dag_decorator.py for tasks to queue
[2023-05-10T22:08:04.417+0000] {logging_mixin.py:149} INFO - [2023-05-10T22:08:04.417+0000] {dagbag.py:541} INFO - Filling up the DagBag from /home/airflow/.local/lib/python3.7/site-packages/airflow/example_dags/example_dag_decorator.py
[2023-05-10T22:08:04.453+0000] {logging_mixin.py:149} INFO - [2023-05-10T22:08:04.453+0000] {taskmixin.py:211} WARNING - Dependency <Task(_PythonDecoratedOperator): prepare_email>, send_email already registered for DAG: example_dag_decorator
[2023-05-10T22:08:04.461+0000] {logging_mixin.py:149} INFO - [2023-05-10T22:08:04.459+0000] {taskmixin.py:211} WARNING - Dependency <Task(EmailOperator): send_email>, prepare_email already registered for DAG: example_dag_decorator
[2023-05-10T22:08:04.505+0000] {processor.py:809} INFO - DAG(s) dict_keys(['example_dag_decorator']) retrieved from /home/airflow/.local/lib/python3.7/site-packages/airflow/example_dags/example_dag_decorator.py
[2023-05-10T22:08:04.951+0000] {logging_mixin.py:149} INFO - [2023-05-10T22:08:04.950+0000] {dag.py:2726} INFO - Sync 1 DAGs
[2023-05-10T22:08:05.120+0000] {logging_mixin.py:149} INFO - [2023-05-10T22:08:05.120+0000] {dag.py:3490} INFO - Setting next_dagrun for example_dag_decorator to None, run_after=None
[2023-05-10T22:08:05.313+0000] {processor.py:178} INFO - Processing /home/airflow/.local/lib/python3.7/site-packages/airflow/example_dags/example_dag_decorator.py took 0.917 seconds
[2023-05-10T22:08:40.164+0000] {processor.py:156} INFO - Started process (PID=1571) to work on /home/airflow/.local/lib/python3.7/site-packages/airflow/example_dags/example_dag_decorator.py
[2023-05-10T22:08:40.187+0000] {processor.py:799} INFO - Processing file /home/airflow/.local/lib/python3.7/site-packages/airflow/example_dags/example_dag_decorator.py for tasks to queue
[2023-05-10T22:08:40.198+0000] {logging_mixin.py:149} INFO - [2023-05-10T22:08:40.198+0000] {dagbag.py:541} INFO - Filling up the DagBag from /home/airflow/.local/lib/python3.7/site-packages/airflow/example_dags/example_dag_decorator.py
[2023-05-10T22:08:40.282+0000] {logging_mixin.py:149} INFO - [2023-05-10T22:08:40.282+0000] {taskmixin.py:211} WARNING - Dependency <Task(_PythonDecoratedOperator): prepare_email>, send_email already registered for DAG: example_dag_decorator
[2023-05-10T22:08:40.286+0000] {logging_mixin.py:149} INFO - [2023-05-10T22:08:40.286+0000] {taskmixin.py:211} WARNING - Dependency <Task(EmailOperator): send_email>, prepare_email already registered for DAG: example_dag_decorator
[2023-05-10T22:08:40.392+0000] {processor.py:809} INFO - DAG(s) dict_keys(['example_dag_decorator']) retrieved from /home/airflow/.local/lib/python3.7/site-packages/airflow/example_dags/example_dag_decorator.py
[2023-05-10T22:08:41.111+0000] {logging_mixin.py:149} INFO - [2023-05-10T22:08:41.083+0000] {dag.py:2726} INFO - Sync 1 DAGs
[2023-05-10T22:08:41.458+0000] {logging_mixin.py:149} INFO - [2023-05-10T22:08:41.458+0000] {dag.py:3490} INFO - Setting next_dagrun for example_dag_decorator to None, run_after=None
[2023-05-10T22:08:41.810+0000] {processor.py:178} INFO - Processing /home/airflow/.local/lib/python3.7/site-packages/airflow/example_dags/example_dag_decorator.py took 1.681 seconds
[2023-05-10T22:09:12.145+0000] {processor.py:156} INFO - Started process (PID=1626) to work on /home/airflow/.local/lib/python3.7/site-packages/airflow/example_dags/example_dag_decorator.py
[2023-05-10T22:09:12.151+0000] {processor.py:799} INFO - Processing file /home/airflow/.local/lib/python3.7/site-packages/airflow/example_dags/example_dag_decorator.py for tasks to queue
[2023-05-10T22:09:12.163+0000] {logging_mixin.py:149} INFO - [2023-05-10T22:09:12.162+0000] {dagbag.py:541} INFO - Filling up the DagBag from /home/airflow/.local/lib/python3.7/site-packages/airflow/example_dags/example_dag_decorator.py
[2023-05-10T22:09:12.213+0000] {logging_mixin.py:149} INFO - [2023-05-10T22:09:12.212+0000] {taskmixin.py:211} WARNING - Dependency <Task(_PythonDecoratedOperator): prepare_email>, send_email already registered for DAG: example_dag_decorator
[2023-05-10T22:09:12.215+0000] {logging_mixin.py:149} INFO - [2023-05-10T22:09:12.214+0000] {taskmixin.py:211} WARNING - Dependency <Task(EmailOperator): send_email>, prepare_email already registered for DAG: example_dag_decorator
[2023-05-10T22:09:12.266+0000] {processor.py:809} INFO - DAG(s) dict_keys(['example_dag_decorator']) retrieved from /home/airflow/.local/lib/python3.7/site-packages/airflow/example_dags/example_dag_decorator.py
[2023-05-10T22:09:12.983+0000] {logging_mixin.py:149} INFO - [2023-05-10T22:09:12.983+0000] {dag.py:2726} INFO - Sync 1 DAGs
[2023-05-10T22:09:13.348+0000] {logging_mixin.py:149} INFO - [2023-05-10T22:09:13.347+0000] {dag.py:3490} INFO - Setting next_dagrun for example_dag_decorator to None, run_after=None
[2023-05-10T22:09:13.691+0000] {processor.py:178} INFO - Processing /home/airflow/.local/lib/python3.7/site-packages/airflow/example_dags/example_dag_decorator.py took 1.554 seconds
[2023-05-10T22:09:44.272+0000] {processor.py:156} INFO - Started process (PID=1679) to work on /home/airflow/.local/lib/python3.7/site-packages/airflow/example_dags/example_dag_decorator.py
[2023-05-10T22:09:44.275+0000] {processor.py:799} INFO - Processing file /home/airflow/.local/lib/python3.7/site-packages/airflow/example_dags/example_dag_decorator.py for tasks to queue
[2023-05-10T22:09:44.282+0000] {logging_mixin.py:149} INFO - [2023-05-10T22:09:44.281+0000] {dagbag.py:541} INFO - Filling up the DagBag from /home/airflow/.local/lib/python3.7/site-packages/airflow/example_dags/example_dag_decorator.py
[2023-05-10T22:09:44.305+0000] {logging_mixin.py:149} INFO - [2023-05-10T22:09:44.304+0000] {taskmixin.py:211} WARNING - Dependency <Task(_PythonDecoratedOperator): prepare_email>, send_email already registered for DAG: example_dag_decorator
[2023-05-10T22:09:44.306+0000] {logging_mixin.py:149} INFO - [2023-05-10T22:09:44.306+0000] {taskmixin.py:211} WARNING - Dependency <Task(EmailOperator): send_email>, prepare_email already registered for DAG: example_dag_decorator
[2023-05-10T22:09:44.341+0000] {processor.py:809} INFO - DAG(s) dict_keys(['example_dag_decorator']) retrieved from /home/airflow/.local/lib/python3.7/site-packages/airflow/example_dags/example_dag_decorator.py
[2023-05-10T22:09:44.664+0000] {logging_mixin.py:149} INFO - [2023-05-10T22:09:44.663+0000] {dag.py:2726} INFO - Sync 1 DAGs
[2023-05-10T22:09:44.834+0000] {logging_mixin.py:149} INFO - [2023-05-10T22:09:44.834+0000] {dag.py:3490} INFO - Setting next_dagrun for example_dag_decorator to None, run_after=None
[2023-05-10T22:09:45.026+0000] {processor.py:178} INFO - Processing /home/airflow/.local/lib/python3.7/site-packages/airflow/example_dags/example_dag_decorator.py took 0.762 seconds
[2023-05-10T22:10:15.569+0000] {processor.py:156} INFO - Started process (PID=1735) to work on /home/airflow/.local/lib/python3.7/site-packages/airflow/example_dags/example_dag_decorator.py
[2023-05-10T22:10:15.579+0000] {processor.py:799} INFO - Processing file /home/airflow/.local/lib/python3.7/site-packages/airflow/example_dags/example_dag_decorator.py for tasks to queue
[2023-05-10T22:10:15.590+0000] {logging_mixin.py:149} INFO - [2023-05-10T22:10:15.589+0000] {dagbag.py:541} INFO - Filling up the DagBag from /home/airflow/.local/lib/python3.7/site-packages/airflow/example_dags/example_dag_decorator.py
[2023-05-10T22:10:15.631+0000] {logging_mixin.py:149} INFO - [2023-05-10T22:10:15.621+0000] {taskmixin.py:211} WARNING - Dependency <Task(_PythonDecoratedOperator): prepare_email>, send_email already registered for DAG: example_dag_decorator
[2023-05-10T22:10:15.633+0000] {logging_mixin.py:149} INFO - [2023-05-10T22:10:15.633+0000] {taskmixin.py:211} WARNING - Dependency <Task(EmailOperator): send_email>, prepare_email already registered for DAG: example_dag_decorator
[2023-05-10T22:10:15.662+0000] {processor.py:809} INFO - DAG(s) dict_keys(['example_dag_decorator']) retrieved from /home/airflow/.local/lib/python3.7/site-packages/airflow/example_dags/example_dag_decorator.py
[2023-05-10T22:10:16.148+0000] {logging_mixin.py:149} INFO - [2023-05-10T22:10:16.147+0000] {dag.py:2726} INFO - Sync 1 DAGs
[2023-05-10T22:10:16.361+0000] {logging_mixin.py:149} INFO - [2023-05-10T22:10:16.360+0000] {dag.py:3490} INFO - Setting next_dagrun for example_dag_decorator to None, run_after=None
[2023-05-10T22:10:16.665+0000] {processor.py:178} INFO - Processing /home/airflow/.local/lib/python3.7/site-packages/airflow/example_dags/example_dag_decorator.py took 1.107 seconds
