[2023-05-10T21:53:23.182+0000] {processor.py:156} INFO - Started process (PID=101) to work on /home/airflow/.local/lib/python3.7/site-packages/airflow/example_dags/example_latest_only.py
[2023-05-10T21:53:23.185+0000] {processor.py:799} INFO - Processing file /home/airflow/.local/lib/python3.7/site-packages/airflow/example_dags/example_latest_only.py for tasks to queue
[2023-05-10T21:53:23.187+0000] {logging_mixin.py:149} INFO - [2023-05-10T21:53:23.187+0000] {dagbag.py:541} INFO - Filling up the DagBag from /home/airflow/.local/lib/python3.7/site-packages/airflow/example_dags/example_latest_only.py
[2023-05-10T21:53:23.244+0000] {processor.py:809} INFO - DAG(s) dict_keys(['latest_only']) retrieved from /home/airflow/.local/lib/python3.7/site-packages/airflow/example_dags/example_latest_only.py
[2023-05-10T21:53:24.197+0000] {logging_mixin.py:149} INFO - [2023-05-10T21:53:24.191+0000] {manager.py:504} INFO - Created Permission View: can read on DAG:latest_only
[2023-05-10T21:53:24.303+0000] {logging_mixin.py:149} INFO - [2023-05-10T21:53:24.302+0000] {manager.py:504} INFO - Created Permission View: can delete on DAG:latest_only
[2023-05-10T21:53:24.377+0000] {logging_mixin.py:149} INFO - [2023-05-10T21:53:24.377+0000] {manager.py:504} INFO - Created Permission View: can edit on DAG:latest_only
[2023-05-10T21:53:24.379+0000] {logging_mixin.py:149} INFO - [2023-05-10T21:53:24.378+0000] {dag.py:2726} INFO - Sync 1 DAGs
[2023-05-10T21:53:24.465+0000] {logging_mixin.py:149} INFO - [2023-05-10T21:53:24.463+0000] {dag.py:2747} INFO - Creating ORM DAG for latest_only
[2023-05-10T21:53:24.526+0000] {logging_mixin.py:149} INFO - [2023-05-10T21:53:24.525+0000] {dag.py:3490} INFO - Setting next_dagrun for latest_only to 2023-05-10T17:53:24.525342+00:00, run_after=2023-05-10T21:53:24.525342+00:00
[2023-05-10T21:53:24.696+0000] {processor.py:178} INFO - Processing /home/airflow/.local/lib/python3.7/site-packages/airflow/example_dags/example_latest_only.py took 1.528 seconds
[2023-05-10T21:54:19.728+0000] {processor.py:156} INFO - Started process (PID=163) to work on /home/airflow/.local/lib/python3.7/site-packages/airflow/example_dags/example_latest_only.py
[2023-05-10T21:54:19.742+0000] {processor.py:799} INFO - Processing file /home/airflow/.local/lib/python3.7/site-packages/airflow/example_dags/example_latest_only.py for tasks to queue
[2023-05-10T21:54:19.762+0000] {logging_mixin.py:149} INFO - [2023-05-10T21:54:19.761+0000] {dagbag.py:541} INFO - Filling up the DagBag from /home/airflow/.local/lib/python3.7/site-packages/airflow/example_dags/example_latest_only.py
[2023-05-10T21:54:19.819+0000] {processor.py:809} INFO - DAG(s) dict_keys(['latest_only']) retrieved from /home/airflow/.local/lib/python3.7/site-packages/airflow/example_dags/example_latest_only.py
[2023-05-10T21:54:20.036+0000] {logging_mixin.py:149} INFO - [2023-05-10T21:54:20.036+0000] {dag.py:2726} INFO - Sync 1 DAGs
[2023-05-10T21:54:20.250+0000] {logging_mixin.py:149} INFO - [2023-05-10T21:54:20.250+0000] {dag.py:3490} INFO - Setting next_dagrun for latest_only to 2023-05-10T17:54:20.249624+00:00, run_after=2023-05-10T21:54:20.249624+00:00
[2023-05-10T21:54:20.921+0000] {processor.py:178} INFO - Processing /home/airflow/.local/lib/python3.7/site-packages/airflow/example_dags/example_latest_only.py took 1.213 seconds
[2023-05-10T21:54:56.773+0000] {processor.py:156} INFO - Started process (PID=220) to work on /home/airflow/.local/lib/python3.7/site-packages/airflow/example_dags/example_latest_only.py
[2023-05-10T21:54:56.790+0000] {processor.py:799} INFO - Processing file /home/airflow/.local/lib/python3.7/site-packages/airflow/example_dags/example_latest_only.py for tasks to queue
[2023-05-10T21:54:56.808+0000] {logging_mixin.py:149} INFO - [2023-05-10T21:54:56.808+0000] {dagbag.py:541} INFO - Filling up the DagBag from /home/airflow/.local/lib/python3.7/site-packages/airflow/example_dags/example_latest_only.py
[2023-05-10T21:54:56.949+0000] {processor.py:809} INFO - DAG(s) dict_keys(['latest_only']) retrieved from /home/airflow/.local/lib/python3.7/site-packages/airflow/example_dags/example_latest_only.py
[2023-05-10T21:54:57.194+0000] {logging_mixin.py:149} INFO - [2023-05-10T21:54:57.194+0000] {dag.py:2726} INFO - Sync 1 DAGs
[2023-05-10T21:54:57.374+0000] {logging_mixin.py:149} INFO - [2023-05-10T21:54:57.373+0000] {dag.py:3490} INFO - Setting next_dagrun for latest_only to 2023-05-10T17:54:57.373320+00:00, run_after=2023-05-10T21:54:57.373320+00:00
[2023-05-10T21:54:59.325+0000] {processor.py:178} INFO - Processing /home/airflow/.local/lib/python3.7/site-packages/airflow/example_dags/example_latest_only.py took 2.581 seconds
[2023-05-10T21:55:41.696+0000] {processor.py:156} INFO - Started process (PID=276) to work on /home/airflow/.local/lib/python3.7/site-packages/airflow/example_dags/example_latest_only.py
[2023-05-10T21:55:41.703+0000] {processor.py:799} INFO - Processing file /home/airflow/.local/lib/python3.7/site-packages/airflow/example_dags/example_latest_only.py for tasks to queue
[2023-05-10T21:55:41.706+0000] {logging_mixin.py:149} INFO - [2023-05-10T21:55:41.705+0000] {dagbag.py:541} INFO - Filling up the DagBag from /home/airflow/.local/lib/python3.7/site-packages/airflow/example_dags/example_latest_only.py
[2023-05-10T21:55:41.753+0000] {processor.py:809} INFO - DAG(s) dict_keys(['latest_only']) retrieved from /home/airflow/.local/lib/python3.7/site-packages/airflow/example_dags/example_latest_only.py
[2023-05-10T21:55:42.095+0000] {logging_mixin.py:149} INFO - [2023-05-10T21:55:42.094+0000] {dag.py:2726} INFO - Sync 1 DAGs
[2023-05-10T21:55:42.465+0000] {logging_mixin.py:149} INFO - [2023-05-10T21:55:42.465+0000] {dag.py:3490} INFO - Setting next_dagrun for latest_only to 2023-05-10T17:55:42.463114+00:00, run_after=2023-05-10T21:55:42.463114+00:00
[2023-05-10T21:55:42.869+0000] {processor.py:178} INFO - Processing /home/airflow/.local/lib/python3.7/site-packages/airflow/example_dags/example_latest_only.py took 1.184 seconds
[2023-05-10T21:56:17.743+0000] {processor.py:156} INFO - Started process (PID=333) to work on /home/airflow/.local/lib/python3.7/site-packages/airflow/example_dags/example_latest_only.py
[2023-05-10T21:56:17.760+0000] {processor.py:799} INFO - Processing file /home/airflow/.local/lib/python3.7/site-packages/airflow/example_dags/example_latest_only.py for tasks to queue
[2023-05-10T21:56:17.780+0000] {logging_mixin.py:149} INFO - [2023-05-10T21:56:17.780+0000] {dagbag.py:541} INFO - Filling up the DagBag from /home/airflow/.local/lib/python3.7/site-packages/airflow/example_dags/example_latest_only.py
[2023-05-10T21:56:17.854+0000] {processor.py:809} INFO - DAG(s) dict_keys(['latest_only']) retrieved from /home/airflow/.local/lib/python3.7/site-packages/airflow/example_dags/example_latest_only.py
[2023-05-10T21:56:18.168+0000] {logging_mixin.py:149} INFO - [2023-05-10T21:56:18.165+0000] {dag.py:2726} INFO - Sync 1 DAGs
[2023-05-10T21:56:18.397+0000] {logging_mixin.py:149} INFO - [2023-05-10T21:56:18.397+0000] {dag.py:3490} INFO - Setting next_dagrun for latest_only to 2023-05-10T17:56:18.396478+00:00, run_after=2023-05-10T21:56:18.396478+00:00
[2023-05-10T21:56:18.665+0000] {processor.py:178} INFO - Processing /home/airflow/.local/lib/python3.7/site-packages/airflow/example_dags/example_latest_only.py took 0.943 seconds
[2023-05-10T21:57:01.058+0000] {processor.py:156} INFO - Started process (PID=392) to work on /home/airflow/.local/lib/python3.7/site-packages/airflow/example_dags/example_latest_only.py
[2023-05-10T21:57:01.068+0000] {processor.py:799} INFO - Processing file /home/airflow/.local/lib/python3.7/site-packages/airflow/example_dags/example_latest_only.py for tasks to queue
[2023-05-10T21:57:01.071+0000] {logging_mixin.py:149} INFO - [2023-05-10T21:57:01.071+0000] {dagbag.py:541} INFO - Filling up the DagBag from /home/airflow/.local/lib/python3.7/site-packages/airflow/example_dags/example_latest_only.py
[2023-05-10T21:57:01.107+0000] {processor.py:809} INFO - DAG(s) dict_keys(['latest_only']) retrieved from /home/airflow/.local/lib/python3.7/site-packages/airflow/example_dags/example_latest_only.py
[2023-05-10T21:57:01.275+0000] {logging_mixin.py:149} INFO - [2023-05-10T21:57:01.273+0000] {dag.py:2726} INFO - Sync 1 DAGs
[2023-05-10T21:57:01.584+0000] {logging_mixin.py:149} INFO - [2023-05-10T21:57:01.584+0000] {dag.py:3490} INFO - Setting next_dagrun for latest_only to 2023-05-10T17:57:01.583613+00:00, run_after=2023-05-10T21:57:01.583613+00:00
[2023-05-10T21:57:01.818+0000] {processor.py:178} INFO - Processing /home/airflow/.local/lib/python3.7/site-packages/airflow/example_dags/example_latest_only.py took 0.779 seconds
[2023-05-10T21:57:32.043+0000] {processor.py:156} INFO - Started process (PID=443) to work on /home/airflow/.local/lib/python3.7/site-packages/airflow/example_dags/example_latest_only.py
[2023-05-10T21:57:32.056+0000] {processor.py:799} INFO - Processing file /home/airflow/.local/lib/python3.7/site-packages/airflow/example_dags/example_latest_only.py for tasks to queue
[2023-05-10T21:57:32.060+0000] {logging_mixin.py:149} INFO - [2023-05-10T21:57:32.059+0000] {dagbag.py:541} INFO - Filling up the DagBag from /home/airflow/.local/lib/python3.7/site-packages/airflow/example_dags/example_latest_only.py
[2023-05-10T21:57:32.112+0000] {processor.py:809} INFO - DAG(s) dict_keys(['latest_only']) retrieved from /home/airflow/.local/lib/python3.7/site-packages/airflow/example_dags/example_latest_only.py
[2023-05-10T21:57:32.300+0000] {logging_mixin.py:149} INFO - [2023-05-10T21:57:32.299+0000] {dag.py:2726} INFO - Sync 1 DAGs
[2023-05-10T21:57:32.551+0000] {logging_mixin.py:149} INFO - [2023-05-10T21:57:32.550+0000] {dag.py:3490} INFO - Setting next_dagrun for latest_only to 2023-05-10T17:57:32.549528+00:00, run_after=2023-05-10T21:57:32.549528+00:00
[2023-05-10T21:57:32.841+0000] {processor.py:178} INFO - Processing /home/airflow/.local/lib/python3.7/site-packages/airflow/example_dags/example_latest_only.py took 0.821 seconds
[2023-05-10T21:58:09.272+0000] {processor.py:156} INFO - Started process (PID=505) to work on /home/airflow/.local/lib/python3.7/site-packages/airflow/example_dags/example_latest_only.py
[2023-05-10T21:58:09.285+0000] {processor.py:799} INFO - Processing file /home/airflow/.local/lib/python3.7/site-packages/airflow/example_dags/example_latest_only.py for tasks to queue
[2023-05-10T21:58:09.288+0000] {logging_mixin.py:149} INFO - [2023-05-10T21:58:09.287+0000] {dagbag.py:541} INFO - Filling up the DagBag from /home/airflow/.local/lib/python3.7/site-packages/airflow/example_dags/example_latest_only.py
[2023-05-10T21:58:09.311+0000] {processor.py:809} INFO - DAG(s) dict_keys(['latest_only']) retrieved from /home/airflow/.local/lib/python3.7/site-packages/airflow/example_dags/example_latest_only.py
[2023-05-10T21:58:09.426+0000] {logging_mixin.py:149} INFO - [2023-05-10T21:58:09.426+0000] {dag.py:2726} INFO - Sync 1 DAGs
[2023-05-10T21:58:09.632+0000] {logging_mixin.py:149} INFO - [2023-05-10T21:58:09.632+0000] {dag.py:3490} INFO - Setting next_dagrun for latest_only to 2023-05-10T17:58:09.631398+00:00, run_after=2023-05-10T21:58:09.631398+00:00
[2023-05-10T21:58:09.880+0000] {processor.py:178} INFO - Processing /home/airflow/.local/lib/python3.7/site-packages/airflow/example_dags/example_latest_only.py took 0.616 seconds
[2023-05-10T21:58:45.495+0000] {processor.py:156} INFO - Started process (PID=563) to work on /home/airflow/.local/lib/python3.7/site-packages/airflow/example_dags/example_latest_only.py
[2023-05-10T21:58:45.498+0000] {processor.py:799} INFO - Processing file /home/airflow/.local/lib/python3.7/site-packages/airflow/example_dags/example_latest_only.py for tasks to queue
[2023-05-10T21:58:45.501+0000] {logging_mixin.py:149} INFO - [2023-05-10T21:58:45.500+0000] {dagbag.py:541} INFO - Filling up the DagBag from /home/airflow/.local/lib/python3.7/site-packages/airflow/example_dags/example_latest_only.py
[2023-05-10T21:58:45.527+0000] {processor.py:809} INFO - DAG(s) dict_keys(['latest_only']) retrieved from /home/airflow/.local/lib/python3.7/site-packages/airflow/example_dags/example_latest_only.py
[2023-05-10T21:58:45.630+0000] {logging_mixin.py:149} INFO - [2023-05-10T21:58:45.629+0000] {dag.py:2726} INFO - Sync 1 DAGs
[2023-05-10T21:58:45.841+0000] {logging_mixin.py:149} INFO - [2023-05-10T21:58:45.840+0000] {dag.py:3490} INFO - Setting next_dagrun for latest_only to 2023-05-10T17:58:45.837164+00:00, run_after=2023-05-10T21:58:45.837164+00:00
[2023-05-10T21:58:46.049+0000] {processor.py:178} INFO - Processing /home/airflow/.local/lib/python3.7/site-packages/airflow/example_dags/example_latest_only.py took 0.570 seconds
[2023-05-10T21:59:17.841+0000] {processor.py:156} INFO - Started process (PID=619) to work on /home/airflow/.local/lib/python3.7/site-packages/airflow/example_dags/example_latest_only.py
[2023-05-10T21:59:17.854+0000] {processor.py:799} INFO - Processing file /home/airflow/.local/lib/python3.7/site-packages/airflow/example_dags/example_latest_only.py for tasks to queue
[2023-05-10T21:59:17.875+0000] {logging_mixin.py:149} INFO - [2023-05-10T21:59:17.874+0000] {dagbag.py:541} INFO - Filling up the DagBag from /home/airflow/.local/lib/python3.7/site-packages/airflow/example_dags/example_latest_only.py
[2023-05-10T21:59:17.919+0000] {processor.py:809} INFO - DAG(s) dict_keys(['latest_only']) retrieved from /home/airflow/.local/lib/python3.7/site-packages/airflow/example_dags/example_latest_only.py
[2023-05-10T21:59:18.069+0000] {logging_mixin.py:149} INFO - [2023-05-10T21:59:18.069+0000] {dag.py:2726} INFO - Sync 1 DAGs
[2023-05-10T21:59:18.265+0000] {logging_mixin.py:149} INFO - [2023-05-10T21:59:18.264+0000] {dag.py:3490} INFO - Setting next_dagrun for latest_only to 2023-05-10T17:59:18.264407+00:00, run_after=2023-05-10T21:59:18.264407+00:00
[2023-05-10T21:59:18.473+0000] {processor.py:178} INFO - Processing /home/airflow/.local/lib/python3.7/site-packages/airflow/example_dags/example_latest_only.py took 0.656 seconds
[2023-05-10T21:59:55.189+0000] {processor.py:156} INFO - Started process (PID=676) to work on /home/airflow/.local/lib/python3.7/site-packages/airflow/example_dags/example_latest_only.py
[2023-05-10T21:59:55.193+0000] {processor.py:799} INFO - Processing file /home/airflow/.local/lib/python3.7/site-packages/airflow/example_dags/example_latest_only.py for tasks to queue
[2023-05-10T21:59:55.215+0000] {logging_mixin.py:149} INFO - [2023-05-10T21:59:55.215+0000] {dagbag.py:541} INFO - Filling up the DagBag from /home/airflow/.local/lib/python3.7/site-packages/airflow/example_dags/example_latest_only.py
[2023-05-10T21:59:55.300+0000] {processor.py:809} INFO - DAG(s) dict_keys(['latest_only']) retrieved from /home/airflow/.local/lib/python3.7/site-packages/airflow/example_dags/example_latest_only.py
[2023-05-10T21:59:55.489+0000] {logging_mixin.py:149} INFO - [2023-05-10T21:59:55.489+0000] {dag.py:2726} INFO - Sync 1 DAGs
[2023-05-10T21:59:55.656+0000] {logging_mixin.py:149} INFO - [2023-05-10T21:59:55.656+0000] {dag.py:3490} INFO - Setting next_dagrun for latest_only to 2023-05-10T17:59:55.655391+00:00, run_after=2023-05-10T21:59:55.655391+00:00
[2023-05-10T21:59:55.828+0000] {processor.py:178} INFO - Processing /home/airflow/.local/lib/python3.7/site-packages/airflow/example_dags/example_latest_only.py took 0.655 seconds
[2023-05-10T22:00:28.353+0000] {processor.py:156} INFO - Started process (PID=732) to work on /home/airflow/.local/lib/python3.7/site-packages/airflow/example_dags/example_latest_only.py
[2023-05-10T22:00:28.355+0000] {processor.py:799} INFO - Processing file /home/airflow/.local/lib/python3.7/site-packages/airflow/example_dags/example_latest_only.py for tasks to queue
[2023-05-10T22:00:28.372+0000] {logging_mixin.py:149} INFO - [2023-05-10T22:00:28.371+0000] {dagbag.py:541} INFO - Filling up the DagBag from /home/airflow/.local/lib/python3.7/site-packages/airflow/example_dags/example_latest_only.py
[2023-05-10T22:00:28.397+0000] {processor.py:809} INFO - DAG(s) dict_keys(['latest_only']) retrieved from /home/airflow/.local/lib/python3.7/site-packages/airflow/example_dags/example_latest_only.py
[2023-05-10T22:00:28.613+0000] {logging_mixin.py:149} INFO - [2023-05-10T22:00:28.608+0000] {dag.py:2726} INFO - Sync 1 DAGs
[2023-05-10T22:00:28.870+0000] {logging_mixin.py:149} INFO - [2023-05-10T22:00:28.870+0000] {dag.py:3490} INFO - Setting next_dagrun for latest_only to 2023-05-10T18:00:28.869913+00:00, run_after=2023-05-10T22:00:28.869913+00:00
[2023-05-10T22:00:29.393+0000] {processor.py:178} INFO - Processing /home/airflow/.local/lib/python3.7/site-packages/airflow/example_dags/example_latest_only.py took 1.100 seconds
[2023-05-10T22:01:02.707+0000] {processor.py:156} INFO - Started process (PID=790) to work on /home/airflow/.local/lib/python3.7/site-packages/airflow/example_dags/example_latest_only.py
[2023-05-10T22:01:02.723+0000] {processor.py:799} INFO - Processing file /home/airflow/.local/lib/python3.7/site-packages/airflow/example_dags/example_latest_only.py for tasks to queue
[2023-05-10T22:01:02.726+0000] {logging_mixin.py:149} INFO - [2023-05-10T22:01:02.725+0000] {dagbag.py:541} INFO - Filling up the DagBag from /home/airflow/.local/lib/python3.7/site-packages/airflow/example_dags/example_latest_only.py
[2023-05-10T22:01:02.764+0000] {processor.py:809} INFO - DAG(s) dict_keys(['latest_only']) retrieved from /home/airflow/.local/lib/python3.7/site-packages/airflow/example_dags/example_latest_only.py
[2023-05-10T22:01:02.896+0000] {logging_mixin.py:149} INFO - [2023-05-10T22:01:02.895+0000] {dag.py:2726} INFO - Sync 1 DAGs
[2023-05-10T22:01:03.111+0000] {logging_mixin.py:149} INFO - [2023-05-10T22:01:03.111+0000] {dag.py:3490} INFO - Setting next_dagrun for latest_only to 2023-05-10T18:01:03.110481+00:00, run_after=2023-05-10T22:01:03.110481+00:00
[2023-05-10T22:01:03.311+0000] {processor.py:178} INFO - Processing /home/airflow/.local/lib/python3.7/site-packages/airflow/example_dags/example_latest_only.py took 0.641 seconds
[2023-05-10T22:01:35.155+0000] {processor.py:156} INFO - Started process (PID=846) to work on /home/airflow/.local/lib/python3.7/site-packages/airflow/example_dags/example_latest_only.py
[2023-05-10T22:01:35.199+0000] {processor.py:799} INFO - Processing file /home/airflow/.local/lib/python3.7/site-packages/airflow/example_dags/example_latest_only.py for tasks to queue
[2023-05-10T22:01:35.216+0000] {logging_mixin.py:149} INFO - [2023-05-10T22:01:35.215+0000] {dagbag.py:541} INFO - Filling up the DagBag from /home/airflow/.local/lib/python3.7/site-packages/airflow/example_dags/example_latest_only.py
[2023-05-10T22:01:35.264+0000] {processor.py:809} INFO - DAG(s) dict_keys(['latest_only']) retrieved from /home/airflow/.local/lib/python3.7/site-packages/airflow/example_dags/example_latest_only.py
[2023-05-10T22:01:35.443+0000] {logging_mixin.py:149} INFO - [2023-05-10T22:01:35.442+0000] {dag.py:2726} INFO - Sync 1 DAGs
[2023-05-10T22:01:35.681+0000] {logging_mixin.py:149} INFO - [2023-05-10T22:01:35.680+0000] {dag.py:3490} INFO - Setting next_dagrun for latest_only to 2023-05-10T18:01:35.680028+00:00, run_after=2023-05-10T22:01:35.680028+00:00
[2023-05-10T22:01:35.934+0000] {processor.py:178} INFO - Processing /home/airflow/.local/lib/python3.7/site-packages/airflow/example_dags/example_latest_only.py took 0.789 seconds
[2023-05-10T22:02:08.421+0000] {processor.py:156} INFO - Started process (PID=905) to work on /home/airflow/.local/lib/python3.7/site-packages/airflow/example_dags/example_latest_only.py
[2023-05-10T22:02:08.436+0000] {processor.py:799} INFO - Processing file /home/airflow/.local/lib/python3.7/site-packages/airflow/example_dags/example_latest_only.py for tasks to queue
[2023-05-10T22:02:08.441+0000] {logging_mixin.py:149} INFO - [2023-05-10T22:02:08.440+0000] {dagbag.py:541} INFO - Filling up the DagBag from /home/airflow/.local/lib/python3.7/site-packages/airflow/example_dags/example_latest_only.py
[2023-05-10T22:02:08.469+0000] {processor.py:809} INFO - DAG(s) dict_keys(['latest_only']) retrieved from /home/airflow/.local/lib/python3.7/site-packages/airflow/example_dags/example_latest_only.py
[2023-05-10T22:02:08.645+0000] {logging_mixin.py:149} INFO - [2023-05-10T22:02:08.641+0000] {dag.py:2726} INFO - Sync 1 DAGs
[2023-05-10T22:02:08.790+0000] {logging_mixin.py:149} INFO - [2023-05-10T22:02:08.789+0000] {dag.py:3490} INFO - Setting next_dagrun for latest_only to 2023-05-10T18:02:08.789361+00:00, run_after=2023-05-10T22:02:08.789361+00:00
[2023-05-10T22:02:08.941+0000] {processor.py:178} INFO - Processing /home/airflow/.local/lib/python3.7/site-packages/airflow/example_dags/example_latest_only.py took 0.540 seconds
[2023-05-10T22:02:44.159+0000] {processor.py:156} INFO - Started process (PID=961) to work on /home/airflow/.local/lib/python3.7/site-packages/airflow/example_dags/example_latest_only.py
[2023-05-10T22:02:44.174+0000] {processor.py:799} INFO - Processing file /home/airflow/.local/lib/python3.7/site-packages/airflow/example_dags/example_latest_only.py for tasks to queue
[2023-05-10T22:02:44.183+0000] {logging_mixin.py:149} INFO - [2023-05-10T22:02:44.182+0000] {dagbag.py:541} INFO - Filling up the DagBag from /home/airflow/.local/lib/python3.7/site-packages/airflow/example_dags/example_latest_only.py
[2023-05-10T22:02:44.228+0000] {processor.py:809} INFO - DAG(s) dict_keys(['latest_only']) retrieved from /home/airflow/.local/lib/python3.7/site-packages/airflow/example_dags/example_latest_only.py
[2023-05-10T22:02:44.391+0000] {logging_mixin.py:149} INFO - [2023-05-10T22:02:44.391+0000] {dag.py:2726} INFO - Sync 1 DAGs
[2023-05-10T22:02:44.611+0000] {logging_mixin.py:149} INFO - [2023-05-10T22:02:44.611+0000] {dag.py:3490} INFO - Setting next_dagrun for latest_only to 2023-05-10T18:02:44.600419+00:00, run_after=2023-05-10T22:02:44.600419+00:00
[2023-05-10T22:02:44.862+0000] {processor.py:178} INFO - Processing /home/airflow/.local/lib/python3.7/site-packages/airflow/example_dags/example_latest_only.py took 0.731 seconds
[2023-05-10T22:03:17.022+0000] {processor.py:156} INFO - Started process (PID=1023) to work on /home/airflow/.local/lib/python3.7/site-packages/airflow/example_dags/example_latest_only.py
[2023-05-10T22:03:17.025+0000] {processor.py:799} INFO - Processing file /home/airflow/.local/lib/python3.7/site-packages/airflow/example_dags/example_latest_only.py for tasks to queue
[2023-05-10T22:03:17.027+0000] {logging_mixin.py:149} INFO - [2023-05-10T22:03:17.027+0000] {dagbag.py:541} INFO - Filling up the DagBag from /home/airflow/.local/lib/python3.7/site-packages/airflow/example_dags/example_latest_only.py
[2023-05-10T22:03:17.050+0000] {processor.py:809} INFO - DAG(s) dict_keys(['latest_only']) retrieved from /home/airflow/.local/lib/python3.7/site-packages/airflow/example_dags/example_latest_only.py
[2023-05-10T22:03:17.205+0000] {logging_mixin.py:149} INFO - [2023-05-10T22:03:17.204+0000] {dag.py:2726} INFO - Sync 1 DAGs
[2023-05-10T22:03:17.399+0000] {logging_mixin.py:149} INFO - [2023-05-10T22:03:17.397+0000] {dag.py:3490} INFO - Setting next_dagrun for latest_only to 2023-05-10T18:03:17.397029+00:00, run_after=2023-05-10T22:03:17.397029+00:00
[2023-05-10T22:03:17.564+0000] {processor.py:178} INFO - Processing /home/airflow/.local/lib/python3.7/site-packages/airflow/example_dags/example_latest_only.py took 0.565 seconds
[2023-05-10T22:03:55.522+0000] {processor.py:156} INFO - Started process (PID=1085) to work on /home/airflow/.local/lib/python3.7/site-packages/airflow/example_dags/example_latest_only.py
[2023-05-10T22:03:55.524+0000] {processor.py:799} INFO - Processing file /home/airflow/.local/lib/python3.7/site-packages/airflow/example_dags/example_latest_only.py for tasks to queue
[2023-05-10T22:03:55.539+0000] {logging_mixin.py:149} INFO - [2023-05-10T22:03:55.539+0000] {dagbag.py:541} INFO - Filling up the DagBag from /home/airflow/.local/lib/python3.7/site-packages/airflow/example_dags/example_latest_only.py
[2023-05-10T22:03:55.670+0000] {processor.py:809} INFO - DAG(s) dict_keys(['latest_only']) retrieved from /home/airflow/.local/lib/python3.7/site-packages/airflow/example_dags/example_latest_only.py
[2023-05-10T22:03:55.841+0000] {logging_mixin.py:149} INFO - [2023-05-10T22:03:55.841+0000] {dag.py:2726} INFO - Sync 1 DAGs
[2023-05-10T22:03:55.997+0000] {logging_mixin.py:149} INFO - [2023-05-10T22:03:55.997+0000] {dag.py:3490} INFO - Setting next_dagrun for latest_only to 2023-05-10T18:03:55.996494+00:00, run_after=2023-05-10T22:03:55.996494+00:00
[2023-05-10T22:03:56.423+0000] {processor.py:178} INFO - Processing /home/airflow/.local/lib/python3.7/site-packages/airflow/example_dags/example_latest_only.py took 0.922 seconds
[2023-05-10T22:04:31.355+0000] {processor.py:156} INFO - Started process (PID=1145) to work on /home/airflow/.local/lib/python3.7/site-packages/airflow/example_dags/example_latest_only.py
[2023-05-10T22:04:31.362+0000] {processor.py:799} INFO - Processing file /home/airflow/.local/lib/python3.7/site-packages/airflow/example_dags/example_latest_only.py for tasks to queue
[2023-05-10T22:04:31.365+0000] {logging_mixin.py:149} INFO - [2023-05-10T22:04:31.364+0000] {dagbag.py:541} INFO - Filling up the DagBag from /home/airflow/.local/lib/python3.7/site-packages/airflow/example_dags/example_latest_only.py
[2023-05-10T22:04:31.419+0000] {processor.py:809} INFO - DAG(s) dict_keys(['latest_only']) retrieved from /home/airflow/.local/lib/python3.7/site-packages/airflow/example_dags/example_latest_only.py
[2023-05-10T22:04:31.592+0000] {logging_mixin.py:149} INFO - [2023-05-10T22:04:31.592+0000] {dag.py:2726} INFO - Sync 1 DAGs
[2023-05-10T22:04:31.814+0000] {logging_mixin.py:149} INFO - [2023-05-10T22:04:31.814+0000] {dag.py:3490} INFO - Setting next_dagrun for latest_only to 2023-05-10T18:04:31.813540+00:00, run_after=2023-05-10T22:04:31.813540+00:00
[2023-05-10T22:04:32.110+0000] {processor.py:178} INFO - Processing /home/airflow/.local/lib/python3.7/site-packages/airflow/example_dags/example_latest_only.py took 0.775 seconds
[2023-05-10T22:05:02.806+0000] {processor.py:156} INFO - Started process (PID=1201) to work on /home/airflow/.local/lib/python3.7/site-packages/airflow/example_dags/example_latest_only.py
[2023-05-10T22:05:02.809+0000] {processor.py:799} INFO - Processing file /home/airflow/.local/lib/python3.7/site-packages/airflow/example_dags/example_latest_only.py for tasks to queue
[2023-05-10T22:05:02.811+0000] {logging_mixin.py:149} INFO - [2023-05-10T22:05:02.811+0000] {dagbag.py:541} INFO - Filling up the DagBag from /home/airflow/.local/lib/python3.7/site-packages/airflow/example_dags/example_latest_only.py
[2023-05-10T22:05:02.841+0000] {processor.py:809} INFO - DAG(s) dict_keys(['latest_only']) retrieved from /home/airflow/.local/lib/python3.7/site-packages/airflow/example_dags/example_latest_only.py
[2023-05-10T22:05:02.953+0000] {logging_mixin.py:149} INFO - [2023-05-10T22:05:02.950+0000] {dag.py:2726} INFO - Sync 1 DAGs
[2023-05-10T22:05:03.113+0000] {logging_mixin.py:149} INFO - [2023-05-10T22:05:03.113+0000] {dag.py:3490} INFO - Setting next_dagrun for latest_only to 2023-05-10T18:05:03.112482+00:00, run_after=2023-05-10T22:05:03.112482+00:00
[2023-05-10T22:05:03.216+0000] {processor.py:178} INFO - Processing /home/airflow/.local/lib/python3.7/site-packages/airflow/example_dags/example_latest_only.py took 0.427 seconds
[2023-05-10T22:05:39.187+0000] {processor.py:156} INFO - Started process (PID=1260) to work on /home/airflow/.local/lib/python3.7/site-packages/airflow/example_dags/example_latest_only.py
[2023-05-10T22:05:39.219+0000] {processor.py:799} INFO - Processing file /home/airflow/.local/lib/python3.7/site-packages/airflow/example_dags/example_latest_only.py for tasks to queue
[2023-05-10T22:05:39.232+0000] {logging_mixin.py:149} INFO - [2023-05-10T22:05:39.232+0000] {dagbag.py:541} INFO - Filling up the DagBag from /home/airflow/.local/lib/python3.7/site-packages/airflow/example_dags/example_latest_only.py
[2023-05-10T22:05:39.269+0000] {processor.py:809} INFO - DAG(s) dict_keys(['latest_only']) retrieved from /home/airflow/.local/lib/python3.7/site-packages/airflow/example_dags/example_latest_only.py
[2023-05-10T22:05:39.382+0000] {logging_mixin.py:149} INFO - [2023-05-10T22:05:39.381+0000] {dag.py:2726} INFO - Sync 1 DAGs
[2023-05-10T22:05:39.511+0000] {logging_mixin.py:149} INFO - [2023-05-10T22:05:39.511+0000] {dag.py:3490} INFO - Setting next_dagrun for latest_only to 2023-05-10T18:05:39.510552+00:00, run_after=2023-05-10T22:05:39.510552+00:00
[2023-05-10T22:05:39.739+0000] {processor.py:178} INFO - Processing /home/airflow/.local/lib/python3.7/site-packages/airflow/example_dags/example_latest_only.py took 0.568 seconds
[2023-05-10T22:06:12.654+0000] {processor.py:156} INFO - Started process (PID=1317) to work on /home/airflow/.local/lib/python3.7/site-packages/airflow/example_dags/example_latest_only.py
[2023-05-10T22:06:12.658+0000] {processor.py:799} INFO - Processing file /home/airflow/.local/lib/python3.7/site-packages/airflow/example_dags/example_latest_only.py for tasks to queue
[2023-05-10T22:06:12.663+0000] {logging_mixin.py:149} INFO - [2023-05-10T22:06:12.663+0000] {dagbag.py:541} INFO - Filling up the DagBag from /home/airflow/.local/lib/python3.7/site-packages/airflow/example_dags/example_latest_only.py
[2023-05-10T22:06:12.693+0000] {processor.py:809} INFO - DAG(s) dict_keys(['latest_only']) retrieved from /home/airflow/.local/lib/python3.7/site-packages/airflow/example_dags/example_latest_only.py
[2023-05-10T22:06:12.796+0000] {logging_mixin.py:149} INFO - [2023-05-10T22:06:12.795+0000] {dag.py:2726} INFO - Sync 1 DAGs
[2023-05-10T22:06:12.991+0000] {logging_mixin.py:149} INFO - [2023-05-10T22:06:12.991+0000] {dag.py:3490} INFO - Setting next_dagrun for latest_only to 2023-05-10T18:06:12.990365+00:00, run_after=2023-05-10T22:06:12.990365+00:00
[2023-05-10T22:06:13.168+0000] {processor.py:178} INFO - Processing /home/airflow/.local/lib/python3.7/site-packages/airflow/example_dags/example_latest_only.py took 0.533 seconds
[2023-05-10T22:06:47.077+0000] {processor.py:156} INFO - Started process (PID=1373) to work on /home/airflow/.local/lib/python3.7/site-packages/airflow/example_dags/example_latest_only.py
[2023-05-10T22:06:47.081+0000] {processor.py:799} INFO - Processing file /home/airflow/.local/lib/python3.7/site-packages/airflow/example_dags/example_latest_only.py for tasks to queue
[2023-05-10T22:06:47.083+0000] {logging_mixin.py:149} INFO - [2023-05-10T22:06:47.083+0000] {dagbag.py:541} INFO - Filling up the DagBag from /home/airflow/.local/lib/python3.7/site-packages/airflow/example_dags/example_latest_only.py
[2023-05-10T22:06:47.127+0000] {processor.py:809} INFO - DAG(s) dict_keys(['latest_only']) retrieved from /home/airflow/.local/lib/python3.7/site-packages/airflow/example_dags/example_latest_only.py
[2023-05-10T22:06:47.280+0000] {logging_mixin.py:149} INFO - [2023-05-10T22:06:47.280+0000] {dag.py:2726} INFO - Sync 1 DAGs
[2023-05-10T22:06:47.504+0000] {logging_mixin.py:149} INFO - [2023-05-10T22:06:47.503+0000] {dag.py:3490} INFO - Setting next_dagrun for latest_only to 2023-05-10T18:06:47.503249+00:00, run_after=2023-05-10T22:06:47.503249+00:00
[2023-05-10T22:06:47.665+0000] {processor.py:178} INFO - Processing /home/airflow/.local/lib/python3.7/site-packages/airflow/example_dags/example_latest_only.py took 0.607 seconds
[2023-05-10T22:07:21.460+0000] {processor.py:156} INFO - Started process (PID=1430) to work on /home/airflow/.local/lib/python3.7/site-packages/airflow/example_dags/example_latest_only.py
[2023-05-10T22:07:21.463+0000] {processor.py:799} INFO - Processing file /home/airflow/.local/lib/python3.7/site-packages/airflow/example_dags/example_latest_only.py for tasks to queue
[2023-05-10T22:07:21.469+0000] {logging_mixin.py:149} INFO - [2023-05-10T22:07:21.469+0000] {dagbag.py:541} INFO - Filling up the DagBag from /home/airflow/.local/lib/python3.7/site-packages/airflow/example_dags/example_latest_only.py
[2023-05-10T22:07:21.505+0000] {processor.py:809} INFO - DAG(s) dict_keys(['latest_only']) retrieved from /home/airflow/.local/lib/python3.7/site-packages/airflow/example_dags/example_latest_only.py
[2023-05-10T22:07:21.688+0000] {logging_mixin.py:149} INFO - [2023-05-10T22:07:21.687+0000] {dag.py:2726} INFO - Sync 1 DAGs
[2023-05-10T22:07:21.972+0000] {logging_mixin.py:149} INFO - [2023-05-10T22:07:21.971+0000] {dag.py:3490} INFO - Setting next_dagrun for latest_only to 2023-05-10T18:07:21.971235+00:00, run_after=2023-05-10T22:07:21.971235+00:00
[2023-05-10T22:07:22.197+0000] {processor.py:178} INFO - Processing /home/airflow/.local/lib/python3.7/site-packages/airflow/example_dags/example_latest_only.py took 0.754 seconds
[2023-05-10T22:07:52.564+0000] {processor.py:156} INFO - Started process (PID=1486) to work on /home/airflow/.local/lib/python3.7/site-packages/airflow/example_dags/example_latest_only.py
[2023-05-10T22:07:52.567+0000] {processor.py:799} INFO - Processing file /home/airflow/.local/lib/python3.7/site-packages/airflow/example_dags/example_latest_only.py for tasks to queue
[2023-05-10T22:07:52.570+0000] {logging_mixin.py:149} INFO - [2023-05-10T22:07:52.569+0000] {dagbag.py:541} INFO - Filling up the DagBag from /home/airflow/.local/lib/python3.7/site-packages/airflow/example_dags/example_latest_only.py
[2023-05-10T22:07:52.599+0000] {processor.py:809} INFO - DAG(s) dict_keys(['latest_only']) retrieved from /home/airflow/.local/lib/python3.7/site-packages/airflow/example_dags/example_latest_only.py
[2023-05-10T22:07:52.700+0000] {logging_mixin.py:149} INFO - [2023-05-10T22:07:52.698+0000] {dag.py:2726} INFO - Sync 1 DAGs
[2023-05-10T22:07:52.854+0000] {logging_mixin.py:149} INFO - [2023-05-10T22:07:52.853+0000] {dag.py:3490} INFO - Setting next_dagrun for latest_only to 2023-05-10T18:07:52.852988+00:00, run_after=2023-05-10T22:07:52.852988+00:00
[2023-05-10T22:07:53.369+0000] {processor.py:178} INFO - Processing /home/airflow/.local/lib/python3.7/site-packages/airflow/example_dags/example_latest_only.py took 0.817 seconds
[2023-05-10T22:08:23.532+0000] {processor.py:156} INFO - Started process (PID=1542) to work on /home/airflow/.local/lib/python3.7/site-packages/airflow/example_dags/example_latest_only.py
[2023-05-10T22:08:23.535+0000] {processor.py:799} INFO - Processing file /home/airflow/.local/lib/python3.7/site-packages/airflow/example_dags/example_latest_only.py for tasks to queue
[2023-05-10T22:08:23.544+0000] {logging_mixin.py:149} INFO - [2023-05-10T22:08:23.543+0000] {dagbag.py:541} INFO - Filling up the DagBag from /home/airflow/.local/lib/python3.7/site-packages/airflow/example_dags/example_latest_only.py
[2023-05-10T22:08:23.564+0000] {processor.py:809} INFO - DAG(s) dict_keys(['latest_only']) retrieved from /home/airflow/.local/lib/python3.7/site-packages/airflow/example_dags/example_latest_only.py
[2023-05-10T22:08:23.636+0000] {logging_mixin.py:149} INFO - [2023-05-10T22:08:23.635+0000] {dag.py:2726} INFO - Sync 1 DAGs
[2023-05-10T22:08:23.747+0000] {logging_mixin.py:149} INFO - [2023-05-10T22:08:23.746+0000] {dag.py:3490} INFO - Setting next_dagrun for latest_only to 2023-05-10T18:08:23.745795+00:00, run_after=2023-05-10T22:08:23.745795+00:00
[2023-05-10T22:08:23.922+0000] {processor.py:178} INFO - Processing /home/airflow/.local/lib/python3.7/site-packages/airflow/example_dags/example_latest_only.py took 0.413 seconds
[2023-05-10T22:08:55.453+0000] {processor.py:156} INFO - Started process (PID=1598) to work on /home/airflow/.local/lib/python3.7/site-packages/airflow/example_dags/example_latest_only.py
[2023-05-10T22:08:55.479+0000] {processor.py:799} INFO - Processing file /home/airflow/.local/lib/python3.7/site-packages/airflow/example_dags/example_latest_only.py for tasks to queue
[2023-05-10T22:08:55.485+0000] {logging_mixin.py:149} INFO - [2023-05-10T22:08:55.485+0000] {dagbag.py:541} INFO - Filling up the DagBag from /home/airflow/.local/lib/python3.7/site-packages/airflow/example_dags/example_latest_only.py
[2023-05-10T22:08:55.509+0000] {processor.py:809} INFO - DAG(s) dict_keys(['latest_only']) retrieved from /home/airflow/.local/lib/python3.7/site-packages/airflow/example_dags/example_latest_only.py
[2023-05-10T22:08:55.658+0000] {logging_mixin.py:149} INFO - [2023-05-10T22:08:55.657+0000] {dag.py:2726} INFO - Sync 1 DAGs
[2023-05-10T22:08:55.831+0000] {logging_mixin.py:149} INFO - [2023-05-10T22:08:55.831+0000] {dag.py:3490} INFO - Setting next_dagrun for latest_only to 2023-05-10T18:08:55.830616+00:00, run_after=2023-05-10T22:08:55.830616+00:00
[2023-05-10T22:08:56.232+0000] {processor.py:178} INFO - Processing /home/airflow/.local/lib/python3.7/site-packages/airflow/example_dags/example_latest_only.py took 0.786 seconds
[2023-05-10T22:09:33.219+0000] {processor.py:156} INFO - Started process (PID=1663) to work on /home/airflow/.local/lib/python3.7/site-packages/airflow/example_dags/example_latest_only.py
[2023-05-10T22:09:33.223+0000] {processor.py:799} INFO - Processing file /home/airflow/.local/lib/python3.7/site-packages/airflow/example_dags/example_latest_only.py for tasks to queue
[2023-05-10T22:09:33.226+0000] {logging_mixin.py:149} INFO - [2023-05-10T22:09:33.225+0000] {dagbag.py:541} INFO - Filling up the DagBag from /home/airflow/.local/lib/python3.7/site-packages/airflow/example_dags/example_latest_only.py
[2023-05-10T22:09:33.262+0000] {processor.py:809} INFO - DAG(s) dict_keys(['latest_only']) retrieved from /home/airflow/.local/lib/python3.7/site-packages/airflow/example_dags/example_latest_only.py
[2023-05-10T22:09:33.469+0000] {logging_mixin.py:149} INFO - [2023-05-10T22:09:33.468+0000] {dag.py:2726} INFO - Sync 1 DAGs
[2023-05-10T22:09:33.656+0000] {logging_mixin.py:149} INFO - [2023-05-10T22:09:33.656+0000] {dag.py:3490} INFO - Setting next_dagrun for latest_only to 2023-05-10T18:09:33.655751+00:00, run_after=2023-05-10T22:09:33.655751+00:00
[2023-05-10T22:09:34.022+0000] {processor.py:178} INFO - Processing /home/airflow/.local/lib/python3.7/site-packages/airflow/example_dags/example_latest_only.py took 0.819 seconds
[2023-05-10T22:10:05.454+0000] {processor.py:156} INFO - Started process (PID=1719) to work on /home/airflow/.local/lib/python3.7/site-packages/airflow/example_dags/example_latest_only.py
[2023-05-10T22:10:05.460+0000] {processor.py:799} INFO - Processing file /home/airflow/.local/lib/python3.7/site-packages/airflow/example_dags/example_latest_only.py for tasks to queue
[2023-05-10T22:10:05.463+0000] {logging_mixin.py:149} INFO - [2023-05-10T22:10:05.462+0000] {dagbag.py:541} INFO - Filling up the DagBag from /home/airflow/.local/lib/python3.7/site-packages/airflow/example_dags/example_latest_only.py
[2023-05-10T22:10:05.509+0000] {processor.py:809} INFO - DAG(s) dict_keys(['latest_only']) retrieved from /home/airflow/.local/lib/python3.7/site-packages/airflow/example_dags/example_latest_only.py
[2023-05-10T22:10:05.697+0000] {logging_mixin.py:149} INFO - [2023-05-10T22:10:05.696+0000] {dag.py:2726} INFO - Sync 1 DAGs
[2023-05-10T22:10:05.921+0000] {logging_mixin.py:149} INFO - [2023-05-10T22:10:05.921+0000] {dag.py:3490} INFO - Setting next_dagrun for latest_only to 2023-05-10T18:10:05.920437+00:00, run_after=2023-05-10T22:10:05.920437+00:00
[2023-05-10T22:10:06.146+0000] {processor.py:178} INFO - Processing /home/airflow/.local/lib/python3.7/site-packages/airflow/example_dags/example_latest_only.py took 0.711 seconds
