[2023-05-10T21:53:02.858+0000] {processor.py:156} INFO - Started process (PID=82) to work on /home/airflow/.local/lib/python3.7/site-packages/airflow/example_dags/example_skip_dag.py
[2023-05-10T21:53:02.861+0000] {processor.py:799} INFO - Processing file /home/airflow/.local/lib/python3.7/site-packages/airflow/example_dags/example_skip_dag.py for tasks to queue
[2023-05-10T21:53:02.872+0000] {logging_mixin.py:149} INFO - [2023-05-10T21:53:02.872+0000] {dagbag.py:541} INFO - Filling up the DagBag from /home/airflow/.local/lib/python3.7/site-packages/airflow/example_dags/example_skip_dag.py
[2023-05-10T21:53:03.044+0000] {processor.py:809} INFO - DAG(s) dict_keys(['example_skip_dag']) retrieved from /home/airflow/.local/lib/python3.7/site-packages/airflow/example_dags/example_skip_dag.py
[2023-05-10T21:53:04.415+0000] {logging_mixin.py:149} INFO - [2023-05-10T21:53:04.415+0000] {manager.py:504} INFO - Created Permission View: can read on DAG:example_skip_dag
[2023-05-10T21:53:04.570+0000] {logging_mixin.py:149} INFO - [2023-05-10T21:53:04.569+0000] {manager.py:504} INFO - Created Permission View: can delete on DAG:example_skip_dag
[2023-05-10T21:53:04.760+0000] {logging_mixin.py:149} INFO - [2023-05-10T21:53:04.759+0000] {manager.py:504} INFO - Created Permission View: can edit on DAG:example_skip_dag
[2023-05-10T21:53:04.761+0000] {logging_mixin.py:149} INFO - [2023-05-10T21:53:04.761+0000] {dag.py:2726} INFO - Sync 1 DAGs
[2023-05-10T21:53:04.883+0000] {logging_mixin.py:149} INFO - [2023-05-10T21:53:04.883+0000] {dag.py:2747} INFO - Creating ORM DAG for example_skip_dag
[2023-05-10T21:53:05.041+0000] {logging_mixin.py:149} INFO - [2023-05-10T21:53:05.041+0000] {dag.py:3490} INFO - Setting next_dagrun for example_skip_dag to 2023-05-09T21:53:05.040466+00:00, run_after=2023-05-10T21:53:05.040466+00:00
[2023-05-10T21:53:05.342+0000] {processor.py:178} INFO - Processing /home/airflow/.local/lib/python3.7/site-packages/airflow/example_dags/example_skip_dag.py took 2.505 seconds
[2023-05-10T21:54:03.470+0000] {processor.py:156} INFO - Started process (PID=144) to work on /home/airflow/.local/lib/python3.7/site-packages/airflow/example_dags/example_skip_dag.py
[2023-05-10T21:54:03.472+0000] {processor.py:799} INFO - Processing file /home/airflow/.local/lib/python3.7/site-packages/airflow/example_dags/example_skip_dag.py for tasks to queue
[2023-05-10T21:54:03.474+0000] {logging_mixin.py:149} INFO - [2023-05-10T21:54:03.474+0000] {dagbag.py:541} INFO - Filling up the DagBag from /home/airflow/.local/lib/python3.7/site-packages/airflow/example_dags/example_skip_dag.py
[2023-05-10T21:54:03.669+0000] {processor.py:809} INFO - DAG(s) dict_keys(['example_skip_dag']) retrieved from /home/airflow/.local/lib/python3.7/site-packages/airflow/example_dags/example_skip_dag.py
[2023-05-10T21:54:03.754+0000] {logging_mixin.py:149} INFO - [2023-05-10T21:54:03.753+0000] {dag.py:2726} INFO - Sync 1 DAGs
[2023-05-10T21:54:03.855+0000] {logging_mixin.py:149} INFO - [2023-05-10T21:54:03.854+0000] {dag.py:3490} INFO - Setting next_dagrun for example_skip_dag to 2023-05-09T21:54:03.854359+00:00, run_after=2023-05-10T21:54:03.854359+00:00
[2023-05-10T21:54:04.275+0000] {processor.py:178} INFO - Processing /home/airflow/.local/lib/python3.7/site-packages/airflow/example_dags/example_skip_dag.py took 0.840 seconds
[2023-05-10T21:54:39.769+0000] {processor.py:156} INFO - Started process (PID=196) to work on /home/airflow/.local/lib/python3.7/site-packages/airflow/example_dags/example_skip_dag.py
[2023-05-10T21:54:39.780+0000] {processor.py:799} INFO - Processing file /home/airflow/.local/lib/python3.7/site-packages/airflow/example_dags/example_skip_dag.py for tasks to queue
[2023-05-10T21:54:39.788+0000] {logging_mixin.py:149} INFO - [2023-05-10T21:54:39.787+0000] {dagbag.py:541} INFO - Filling up the DagBag from /home/airflow/.local/lib/python3.7/site-packages/airflow/example_dags/example_skip_dag.py
[2023-05-10T21:54:39.815+0000] {processor.py:809} INFO - DAG(s) dict_keys(['example_skip_dag']) retrieved from /home/airflow/.local/lib/python3.7/site-packages/airflow/example_dags/example_skip_dag.py
[2023-05-10T21:54:39.906+0000] {logging_mixin.py:149} INFO - [2023-05-10T21:54:39.906+0000] {dag.py:2726} INFO - Sync 1 DAGs
[2023-05-10T21:54:40.024+0000] {logging_mixin.py:149} INFO - [2023-05-10T21:54:40.023+0000] {dag.py:3490} INFO - Setting next_dagrun for example_skip_dag to 2023-05-09T21:54:40.013719+00:00, run_after=2023-05-10T21:54:40.013719+00:00
[2023-05-10T21:54:40.265+0000] {processor.py:178} INFO - Processing /home/airflow/.local/lib/python3.7/site-packages/airflow/example_dags/example_skip_dag.py took 0.508 seconds
[2023-05-10T21:55:30.260+0000] {processor.py:156} INFO - Started process (PID=260) to work on /home/airflow/.local/lib/python3.7/site-packages/airflow/example_dags/example_skip_dag.py
[2023-05-10T21:55:30.274+0000] {processor.py:799} INFO - Processing file /home/airflow/.local/lib/python3.7/site-packages/airflow/example_dags/example_skip_dag.py for tasks to queue
[2023-05-10T21:55:30.279+0000] {logging_mixin.py:149} INFO - [2023-05-10T21:55:30.278+0000] {dagbag.py:541} INFO - Filling up the DagBag from /home/airflow/.local/lib/python3.7/site-packages/airflow/example_dags/example_skip_dag.py
[2023-05-10T21:55:30.320+0000] {processor.py:809} INFO - DAG(s) dict_keys(['example_skip_dag']) retrieved from /home/airflow/.local/lib/python3.7/site-packages/airflow/example_dags/example_skip_dag.py
[2023-05-10T21:55:30.530+0000] {logging_mixin.py:149} INFO - [2023-05-10T21:55:30.529+0000] {dag.py:2726} INFO - Sync 1 DAGs
[2023-05-10T21:55:30.727+0000] {logging_mixin.py:149} INFO - [2023-05-10T21:55:30.726+0000] {dag.py:3490} INFO - Setting next_dagrun for example_skip_dag to 2023-05-09T21:55:30.726255+00:00, run_after=2023-05-10T21:55:30.726255+00:00
[2023-05-10T21:55:30.918+0000] {processor.py:178} INFO - Processing /home/airflow/.local/lib/python3.7/site-packages/airflow/example_dags/example_skip_dag.py took 0.685 seconds
[2023-05-10T21:56:09.166+0000] {processor.py:156} INFO - Started process (PID=318) to work on /home/airflow/.local/lib/python3.7/site-packages/airflow/example_dags/example_skip_dag.py
[2023-05-10T21:56:09.174+0000] {processor.py:799} INFO - Processing file /home/airflow/.local/lib/python3.7/site-packages/airflow/example_dags/example_skip_dag.py for tasks to queue
[2023-05-10T21:56:09.178+0000] {logging_mixin.py:149} INFO - [2023-05-10T21:56:09.177+0000] {dagbag.py:541} INFO - Filling up the DagBag from /home/airflow/.local/lib/python3.7/site-packages/airflow/example_dags/example_skip_dag.py
[2023-05-10T21:56:09.219+0000] {processor.py:809} INFO - DAG(s) dict_keys(['example_skip_dag']) retrieved from /home/airflow/.local/lib/python3.7/site-packages/airflow/example_dags/example_skip_dag.py
[2023-05-10T21:56:09.492+0000] {logging_mixin.py:149} INFO - [2023-05-10T21:56:09.491+0000] {dag.py:2726} INFO - Sync 1 DAGs
[2023-05-10T21:56:09.676+0000] {logging_mixin.py:149} INFO - [2023-05-10T21:56:09.676+0000] {dag.py:3490} INFO - Setting next_dagrun for example_skip_dag to 2023-05-09T21:56:09.675933+00:00, run_after=2023-05-10T21:56:09.675933+00:00
[2023-05-10T21:56:09.909+0000] {processor.py:178} INFO - Processing /home/airflow/.local/lib/python3.7/site-packages/airflow/example_dags/example_skip_dag.py took 0.752 seconds
[2023-05-10T21:56:40.946+0000] {processor.py:156} INFO - Started process (PID=369) to work on /home/airflow/.local/lib/python3.7/site-packages/airflow/example_dags/example_skip_dag.py
[2023-05-10T21:56:40.962+0000] {processor.py:799} INFO - Processing file /home/airflow/.local/lib/python3.7/site-packages/airflow/example_dags/example_skip_dag.py for tasks to queue
[2023-05-10T21:56:40.978+0000] {logging_mixin.py:149} INFO - [2023-05-10T21:56:40.977+0000] {dagbag.py:541} INFO - Filling up the DagBag from /home/airflow/.local/lib/python3.7/site-packages/airflow/example_dags/example_skip_dag.py
[2023-05-10T21:56:41.046+0000] {processor.py:809} INFO - DAG(s) dict_keys(['example_skip_dag']) retrieved from /home/airflow/.local/lib/python3.7/site-packages/airflow/example_dags/example_skip_dag.py
[2023-05-10T21:56:41.286+0000] {logging_mixin.py:149} INFO - [2023-05-10T21:56:41.275+0000] {dag.py:2726} INFO - Sync 1 DAGs
[2023-05-10T21:56:41.510+0000] {logging_mixin.py:149} INFO - [2023-05-10T21:56:41.509+0000] {dag.py:3490} INFO - Setting next_dagrun for example_skip_dag to 2023-05-09T21:56:41.508436+00:00, run_after=2023-05-10T21:56:41.508436+00:00
[2023-05-10T21:56:42.299+0000] {processor.py:178} INFO - Processing /home/airflow/.local/lib/python3.7/site-packages/airflow/example_dags/example_skip_dag.py took 1.380 seconds
[2023-05-10T21:57:18.871+0000] {processor.py:156} INFO - Started process (PID=420) to work on /home/airflow/.local/lib/python3.7/site-packages/airflow/example_dags/example_skip_dag.py
[2023-05-10T21:57:18.874+0000] {processor.py:799} INFO - Processing file /home/airflow/.local/lib/python3.7/site-packages/airflow/example_dags/example_skip_dag.py for tasks to queue
[2023-05-10T21:57:18.889+0000] {logging_mixin.py:149} INFO - [2023-05-10T21:57:18.888+0000] {dagbag.py:541} INFO - Filling up the DagBag from /home/airflow/.local/lib/python3.7/site-packages/airflow/example_dags/example_skip_dag.py
[2023-05-10T21:57:18.945+0000] {processor.py:809} INFO - DAG(s) dict_keys(['example_skip_dag']) retrieved from /home/airflow/.local/lib/python3.7/site-packages/airflow/example_dags/example_skip_dag.py
[2023-05-10T21:57:19.162+0000] {logging_mixin.py:149} INFO - [2023-05-10T21:57:19.161+0000] {dag.py:2726} INFO - Sync 1 DAGs
[2023-05-10T21:57:19.455+0000] {logging_mixin.py:149} INFO - [2023-05-10T21:57:19.455+0000] {dag.py:3490} INFO - Setting next_dagrun for example_skip_dag to 2023-05-09T21:57:19.454136+00:00, run_after=2023-05-10T21:57:19.454136+00:00
[2023-05-10T21:57:19.976+0000] {processor.py:178} INFO - Processing /home/airflow/.local/lib/python3.7/site-packages/airflow/example_dags/example_skip_dag.py took 1.127 seconds
[2023-05-10T21:57:56.734+0000] {processor.py:156} INFO - Started process (PID=476) to work on /home/airflow/.local/lib/python3.7/site-packages/airflow/example_dags/example_skip_dag.py
[2023-05-10T21:57:56.982+0000] {processor.py:799} INFO - Processing file /home/airflow/.local/lib/python3.7/site-packages/airflow/example_dags/example_skip_dag.py for tasks to queue
[2023-05-10T21:57:56.992+0000] {logging_mixin.py:149} INFO - [2023-05-10T21:57:56.990+0000] {dagbag.py:541} INFO - Filling up the DagBag from /home/airflow/.local/lib/python3.7/site-packages/airflow/example_dags/example_skip_dag.py
[2023-05-10T21:57:57.019+0000] {processor.py:809} INFO - DAG(s) dict_keys(['example_skip_dag']) retrieved from /home/airflow/.local/lib/python3.7/site-packages/airflow/example_dags/example_skip_dag.py
[2023-05-10T21:57:57.121+0000] {logging_mixin.py:149} INFO - [2023-05-10T21:57:57.120+0000] {dag.py:2726} INFO - Sync 1 DAGs
[2023-05-10T21:57:57.242+0000] {logging_mixin.py:149} INFO - [2023-05-10T21:57:57.241+0000] {dag.py:3490} INFO - Setting next_dagrun for example_skip_dag to 2023-05-09T21:57:57.241160+00:00, run_after=2023-05-10T21:57:57.241160+00:00
[2023-05-10T21:57:57.459+0000] {processor.py:178} INFO - Processing /home/airflow/.local/lib/python3.7/site-packages/airflow/example_dags/example_skip_dag.py took 0.737 seconds
[2023-05-10T21:58:31.772+0000] {processor.py:156} INFO - Started process (PID=532) to work on /home/airflow/.local/lib/python3.7/site-packages/airflow/example_dags/example_skip_dag.py
[2023-05-10T21:58:31.774+0000] {processor.py:799} INFO - Processing file /home/airflow/.local/lib/python3.7/site-packages/airflow/example_dags/example_skip_dag.py for tasks to queue
[2023-05-10T21:58:31.777+0000] {logging_mixin.py:149} INFO - [2023-05-10T21:58:31.777+0000] {dagbag.py:541} INFO - Filling up the DagBag from /home/airflow/.local/lib/python3.7/site-packages/airflow/example_dags/example_skip_dag.py
[2023-05-10T21:58:31.816+0000] {processor.py:809} INFO - DAG(s) dict_keys(['example_skip_dag']) retrieved from /home/airflow/.local/lib/python3.7/site-packages/airflow/example_dags/example_skip_dag.py
[2023-05-10T21:58:32.004+0000] {logging_mixin.py:149} INFO - [2023-05-10T21:58:32.004+0000] {dag.py:2726} INFO - Sync 1 DAGs
[2023-05-10T21:58:32.252+0000] {logging_mixin.py:149} INFO - [2023-05-10T21:58:32.251+0000] {dag.py:3490} INFO - Setting next_dagrun for example_skip_dag to 2023-05-09T21:58:32.239327+00:00, run_after=2023-05-10T21:58:32.239327+00:00
[2023-05-10T21:58:32.762+0000] {processor.py:178} INFO - Processing /home/airflow/.local/lib/python3.7/site-packages/airflow/example_dags/example_skip_dag.py took 1.014 seconds
[2023-05-10T21:59:04.651+0000] {processor.py:156} INFO - Started process (PID=588) to work on /home/airflow/.local/lib/python3.7/site-packages/airflow/example_dags/example_skip_dag.py
[2023-05-10T21:59:04.653+0000] {processor.py:799} INFO - Processing file /home/airflow/.local/lib/python3.7/site-packages/airflow/example_dags/example_skip_dag.py for tasks to queue
[2023-05-10T21:59:04.656+0000] {logging_mixin.py:149} INFO - [2023-05-10T21:59:04.655+0000] {dagbag.py:541} INFO - Filling up the DagBag from /home/airflow/.local/lib/python3.7/site-packages/airflow/example_dags/example_skip_dag.py
[2023-05-10T21:59:04.707+0000] {processor.py:809} INFO - DAG(s) dict_keys(['example_skip_dag']) retrieved from /home/airflow/.local/lib/python3.7/site-packages/airflow/example_dags/example_skip_dag.py
[2023-05-10T21:59:04.861+0000] {logging_mixin.py:149} INFO - [2023-05-10T21:59:04.860+0000] {dag.py:2726} INFO - Sync 1 DAGs
[2023-05-10T21:59:05.042+0000] {logging_mixin.py:149} INFO - [2023-05-10T21:59:05.041+0000] {dag.py:3490} INFO - Setting next_dagrun for example_skip_dag to 2023-05-09T21:59:05.041405+00:00, run_after=2023-05-10T21:59:05.041405+00:00
[2023-05-10T21:59:05.512+0000] {processor.py:178} INFO - Processing /home/airflow/.local/lib/python3.7/site-packages/airflow/example_dags/example_skip_dag.py took 0.880 seconds
[2023-05-10T21:59:36.041+0000] {processor.py:156} INFO - Started process (PID=644) to work on /home/airflow/.local/lib/python3.7/site-packages/airflow/example_dags/example_skip_dag.py
[2023-05-10T21:59:36.049+0000] {processor.py:799} INFO - Processing file /home/airflow/.local/lib/python3.7/site-packages/airflow/example_dags/example_skip_dag.py for tasks to queue
[2023-05-10T21:59:36.053+0000] {logging_mixin.py:149} INFO - [2023-05-10T21:59:36.052+0000] {dagbag.py:541} INFO - Filling up the DagBag from /home/airflow/.local/lib/python3.7/site-packages/airflow/example_dags/example_skip_dag.py
[2023-05-10T21:59:36.102+0000] {processor.py:809} INFO - DAG(s) dict_keys(['example_skip_dag']) retrieved from /home/airflow/.local/lib/python3.7/site-packages/airflow/example_dags/example_skip_dag.py
[2023-05-10T21:59:36.241+0000] {logging_mixin.py:149} INFO - [2023-05-10T21:59:36.240+0000] {dag.py:2726} INFO - Sync 1 DAGs
[2023-05-10T21:59:36.428+0000] {logging_mixin.py:149} INFO - [2023-05-10T21:59:36.427+0000] {dag.py:3490} INFO - Setting next_dagrun for example_skip_dag to 2023-05-09T21:59:36.427304+00:00, run_after=2023-05-10T21:59:36.427304+00:00
[2023-05-10T21:59:36.652+0000] {processor.py:178} INFO - Processing /home/airflow/.local/lib/python3.7/site-packages/airflow/example_dags/example_skip_dag.py took 0.634 seconds
[2023-05-10T22:00:06.857+0000] {processor.py:156} INFO - Started process (PID=699) to work on /home/airflow/.local/lib/python3.7/site-packages/airflow/example_dags/example_skip_dag.py
[2023-05-10T22:00:06.864+0000] {processor.py:799} INFO - Processing file /home/airflow/.local/lib/python3.7/site-packages/airflow/example_dags/example_skip_dag.py for tasks to queue
[2023-05-10T22:00:06.866+0000] {logging_mixin.py:149} INFO - [2023-05-10T22:00:06.866+0000] {dagbag.py:541} INFO - Filling up the DagBag from /home/airflow/.local/lib/python3.7/site-packages/airflow/example_dags/example_skip_dag.py
[2023-05-10T22:00:06.911+0000] {processor.py:809} INFO - DAG(s) dict_keys(['example_skip_dag']) retrieved from /home/airflow/.local/lib/python3.7/site-packages/airflow/example_dags/example_skip_dag.py
[2023-05-10T22:00:07.071+0000] {logging_mixin.py:149} INFO - [2023-05-10T22:00:07.070+0000] {dag.py:2726} INFO - Sync 1 DAGs
[2023-05-10T22:00:07.283+0000] {logging_mixin.py:149} INFO - [2023-05-10T22:00:07.282+0000] {dag.py:3490} INFO - Setting next_dagrun for example_skip_dag to 2023-05-09T22:00:07.281976+00:00, run_after=2023-05-10T22:00:07.281976+00:00
[2023-05-10T22:00:07.456+0000] {processor.py:178} INFO - Processing /home/airflow/.local/lib/python3.7/site-packages/airflow/example_dags/example_skip_dag.py took 0.618 seconds
[2023-05-10T22:00:38.623+0000] {processor.py:156} INFO - Started process (PID=750) to work on /home/airflow/.local/lib/python3.7/site-packages/airflow/example_dags/example_skip_dag.py
[2023-05-10T22:00:38.626+0000] {processor.py:799} INFO - Processing file /home/airflow/.local/lib/python3.7/site-packages/airflow/example_dags/example_skip_dag.py for tasks to queue
[2023-05-10T22:00:38.628+0000] {logging_mixin.py:149} INFO - [2023-05-10T22:00:38.628+0000] {dagbag.py:541} INFO - Filling up the DagBag from /home/airflow/.local/lib/python3.7/site-packages/airflow/example_dags/example_skip_dag.py
[2023-05-10T22:00:38.698+0000] {processor.py:809} INFO - DAG(s) dict_keys(['example_skip_dag']) retrieved from /home/airflow/.local/lib/python3.7/site-packages/airflow/example_dags/example_skip_dag.py
[2023-05-10T22:00:38.935+0000] {logging_mixin.py:149} INFO - [2023-05-10T22:00:38.935+0000] {dag.py:2726} INFO - Sync 1 DAGs
[2023-05-10T22:00:39.181+0000] {logging_mixin.py:149} INFO - [2023-05-10T22:00:39.169+0000] {dag.py:3490} INFO - Setting next_dagrun for example_skip_dag to 2023-05-09T22:00:39.168994+00:00, run_after=2023-05-10T22:00:39.168994+00:00
[2023-05-10T22:00:39.354+0000] {processor.py:178} INFO - Processing /home/airflow/.local/lib/python3.7/site-packages/airflow/example_dags/example_skip_dag.py took 0.749 seconds
[2023-05-10T22:01:13.206+0000] {processor.py:156} INFO - Started process (PID=811) to work on /home/airflow/.local/lib/python3.7/site-packages/airflow/example_dags/example_skip_dag.py
[2023-05-10T22:01:13.222+0000] {processor.py:799} INFO - Processing file /home/airflow/.local/lib/python3.7/site-packages/airflow/example_dags/example_skip_dag.py for tasks to queue
[2023-05-10T22:01:13.230+0000] {logging_mixin.py:149} INFO - [2023-05-10T22:01:13.230+0000] {dagbag.py:541} INFO - Filling up the DagBag from /home/airflow/.local/lib/python3.7/site-packages/airflow/example_dags/example_skip_dag.py
[2023-05-10T22:01:13.350+0000] {processor.py:809} INFO - DAG(s) dict_keys(['example_skip_dag']) retrieved from /home/airflow/.local/lib/python3.7/site-packages/airflow/example_dags/example_skip_dag.py
[2023-05-10T22:01:13.590+0000] {logging_mixin.py:149} INFO - [2023-05-10T22:01:13.589+0000] {dag.py:2726} INFO - Sync 1 DAGs
[2023-05-10T22:01:13.891+0000] {logging_mixin.py:149} INFO - [2023-05-10T22:01:13.891+0000] {dag.py:3490} INFO - Setting next_dagrun for example_skip_dag to 2023-05-09T22:01:13.890403+00:00, run_after=2023-05-10T22:01:13.890403+00:00
[2023-05-10T22:01:14.226+0000] {processor.py:178} INFO - Processing /home/airflow/.local/lib/python3.7/site-packages/airflow/example_dags/example_skip_dag.py took 1.044 seconds
[2023-05-10T22:01:45.165+0000] {processor.py:156} INFO - Started process (PID=869) to work on /home/airflow/.local/lib/python3.7/site-packages/airflow/example_dags/example_skip_dag.py
[2023-05-10T22:01:45.229+0000] {processor.py:799} INFO - Processing file /home/airflow/.local/lib/python3.7/site-packages/airflow/example_dags/example_skip_dag.py for tasks to queue
[2023-05-10T22:01:45.277+0000] {logging_mixin.py:149} INFO - [2023-05-10T22:01:45.274+0000] {dagbag.py:541} INFO - Filling up the DagBag from /home/airflow/.local/lib/python3.7/site-packages/airflow/example_dags/example_skip_dag.py
[2023-05-10T22:01:45.361+0000] {processor.py:809} INFO - DAG(s) dict_keys(['example_skip_dag']) retrieved from /home/airflow/.local/lib/python3.7/site-packages/airflow/example_dags/example_skip_dag.py
[2023-05-10T22:01:45.546+0000] {logging_mixin.py:149} INFO - [2023-05-10T22:01:45.546+0000] {dag.py:2726} INFO - Sync 1 DAGs
[2023-05-10T22:01:45.724+0000] {logging_mixin.py:149} INFO - [2023-05-10T22:01:45.724+0000] {dag.py:3490} INFO - Setting next_dagrun for example_skip_dag to 2023-05-09T22:01:45.723713+00:00, run_after=2023-05-10T22:01:45.723713+00:00
[2023-05-10T22:01:45.953+0000] {processor.py:178} INFO - Processing /home/airflow/.local/lib/python3.7/site-packages/airflow/example_dags/example_skip_dag.py took 0.796 seconds
[2023-05-10T22:02:16.409+0000] {processor.py:156} INFO - Started process (PID=924) to work on /home/airflow/.local/lib/python3.7/site-packages/airflow/example_dags/example_skip_dag.py
[2023-05-10T22:02:16.422+0000] {processor.py:799} INFO - Processing file /home/airflow/.local/lib/python3.7/site-packages/airflow/example_dags/example_skip_dag.py for tasks to queue
[2023-05-10T22:02:16.425+0000] {logging_mixin.py:149} INFO - [2023-05-10T22:02:16.425+0000] {dagbag.py:541} INFO - Filling up the DagBag from /home/airflow/.local/lib/python3.7/site-packages/airflow/example_dags/example_skip_dag.py
[2023-05-10T22:02:16.478+0000] {processor.py:809} INFO - DAG(s) dict_keys(['example_skip_dag']) retrieved from /home/airflow/.local/lib/python3.7/site-packages/airflow/example_dags/example_skip_dag.py
[2023-05-10T22:02:16.667+0000] {logging_mixin.py:149} INFO - [2023-05-10T22:02:16.667+0000] {dag.py:2726} INFO - Sync 1 DAGs
[2023-05-10T22:02:16.901+0000] {logging_mixin.py:149} INFO - [2023-05-10T22:02:16.900+0000] {dag.py:3490} INFO - Setting next_dagrun for example_skip_dag to 2023-05-09T22:02:16.899999+00:00, run_after=2023-05-10T22:02:16.899999+00:00
[2023-05-10T22:02:17.156+0000] {processor.py:178} INFO - Processing /home/airflow/.local/lib/python3.7/site-packages/airflow/example_dags/example_skip_dag.py took 0.760 seconds
[2023-05-10T22:02:50.652+0000] {processor.py:156} INFO - Started process (PID=981) to work on /home/airflow/.local/lib/python3.7/site-packages/airflow/example_dags/example_skip_dag.py
[2023-05-10T22:02:50.661+0000] {processor.py:799} INFO - Processing file /home/airflow/.local/lib/python3.7/site-packages/airflow/example_dags/example_skip_dag.py for tasks to queue
[2023-05-10T22:02:50.665+0000] {logging_mixin.py:149} INFO - [2023-05-10T22:02:50.664+0000] {dagbag.py:541} INFO - Filling up the DagBag from /home/airflow/.local/lib/python3.7/site-packages/airflow/example_dags/example_skip_dag.py
[2023-05-10T22:02:50.703+0000] {processor.py:809} INFO - DAG(s) dict_keys(['example_skip_dag']) retrieved from /home/airflow/.local/lib/python3.7/site-packages/airflow/example_dags/example_skip_dag.py
[2023-05-10T22:02:50.814+0000] {logging_mixin.py:149} INFO - [2023-05-10T22:02:50.814+0000] {dag.py:2726} INFO - Sync 1 DAGs
[2023-05-10T22:02:50.986+0000] {logging_mixin.py:149} INFO - [2023-05-10T22:02:50.984+0000] {dag.py:3490} INFO - Setting next_dagrun for example_skip_dag to 2023-05-09T22:02:50.983209+00:00, run_after=2023-05-10T22:02:50.983209+00:00
[2023-05-10T22:02:51.289+0000] {processor.py:178} INFO - Processing /home/airflow/.local/lib/python3.7/site-packages/airflow/example_dags/example_skip_dag.py took 0.646 seconds
[2023-05-10T22:03:22.345+0000] {processor.py:156} INFO - Started process (PID=1036) to work on /home/airflow/.local/lib/python3.7/site-packages/airflow/example_dags/example_skip_dag.py
[2023-05-10T22:03:22.354+0000] {processor.py:799} INFO - Processing file /home/airflow/.local/lib/python3.7/site-packages/airflow/example_dags/example_skip_dag.py for tasks to queue
[2023-05-10T22:03:22.356+0000] {logging_mixin.py:149} INFO - [2023-05-10T22:03:22.356+0000] {dagbag.py:541} INFO - Filling up the DagBag from /home/airflow/.local/lib/python3.7/site-packages/airflow/example_dags/example_skip_dag.py
[2023-05-10T22:03:22.443+0000] {processor.py:809} INFO - DAG(s) dict_keys(['example_skip_dag']) retrieved from /home/airflow/.local/lib/python3.7/site-packages/airflow/example_dags/example_skip_dag.py
[2023-05-10T22:03:22.626+0000] {logging_mixin.py:149} INFO - [2023-05-10T22:03:22.626+0000] {dag.py:2726} INFO - Sync 1 DAGs
[2023-05-10T22:03:22.949+0000] {logging_mixin.py:149} INFO - [2023-05-10T22:03:22.949+0000] {dag.py:3490} INFO - Setting next_dagrun for example_skip_dag to 2023-05-09T22:03:22.947538+00:00, run_after=2023-05-10T22:03:22.947538+00:00
[2023-05-10T22:03:23.279+0000] {processor.py:178} INFO - Processing /home/airflow/.local/lib/python3.7/site-packages/airflow/example_dags/example_skip_dag.py took 0.952 seconds
[2023-05-10T22:03:58.646+0000] {processor.py:156} INFO - Started process (PID=1092) to work on /home/airflow/.local/lib/python3.7/site-packages/airflow/example_dags/example_skip_dag.py
[2023-05-10T22:03:58.649+0000] {processor.py:799} INFO - Processing file /home/airflow/.local/lib/python3.7/site-packages/airflow/example_dags/example_skip_dag.py for tasks to queue
[2023-05-10T22:03:58.652+0000] {logging_mixin.py:149} INFO - [2023-05-10T22:03:58.652+0000] {dagbag.py:541} INFO - Filling up the DagBag from /home/airflow/.local/lib/python3.7/site-packages/airflow/example_dags/example_skip_dag.py
[2023-05-10T22:03:58.691+0000] {processor.py:809} INFO - DAG(s) dict_keys(['example_skip_dag']) retrieved from /home/airflow/.local/lib/python3.7/site-packages/airflow/example_dags/example_skip_dag.py
[2023-05-10T22:03:58.915+0000] {logging_mixin.py:149} INFO - [2023-05-10T22:03:58.915+0000] {dag.py:2726} INFO - Sync 1 DAGs
[2023-05-10T22:03:59.117+0000] {logging_mixin.py:149} INFO - [2023-05-10T22:03:59.116+0000] {dag.py:3490} INFO - Setting next_dagrun for example_skip_dag to 2023-05-09T22:03:59.116146+00:00, run_after=2023-05-10T22:03:59.116146+00:00
[2023-05-10T22:03:59.353+0000] {processor.py:178} INFO - Processing /home/airflow/.local/lib/python3.7/site-packages/airflow/example_dags/example_skip_dag.py took 0.725 seconds
[2023-05-10T22:04:34.918+0000] {processor.py:156} INFO - Started process (PID=1150) to work on /home/airflow/.local/lib/python3.7/site-packages/airflow/example_dags/example_skip_dag.py
[2023-05-10T22:04:34.926+0000] {processor.py:799} INFO - Processing file /home/airflow/.local/lib/python3.7/site-packages/airflow/example_dags/example_skip_dag.py for tasks to queue
[2023-05-10T22:04:34.930+0000] {logging_mixin.py:149} INFO - [2023-05-10T22:04:34.929+0000] {dagbag.py:541} INFO - Filling up the DagBag from /home/airflow/.local/lib/python3.7/site-packages/airflow/example_dags/example_skip_dag.py
[2023-05-10T22:04:34.963+0000] {processor.py:809} INFO - DAG(s) dict_keys(['example_skip_dag']) retrieved from /home/airflow/.local/lib/python3.7/site-packages/airflow/example_dags/example_skip_dag.py
[2023-05-10T22:04:35.310+0000] {logging_mixin.py:149} INFO - [2023-05-10T22:04:35.309+0000] {dag.py:2726} INFO - Sync 1 DAGs
[2023-05-10T22:04:35.513+0000] {logging_mixin.py:149} INFO - [2023-05-10T22:04:35.513+0000] {dag.py:3490} INFO - Setting next_dagrun for example_skip_dag to 2023-05-09T22:04:35.502365+00:00, run_after=2023-05-10T22:04:35.502365+00:00
[2023-05-10T22:04:36.092+0000] {processor.py:178} INFO - Processing /home/airflow/.local/lib/python3.7/site-packages/airflow/example_dags/example_skip_dag.py took 1.192 seconds
[2023-05-10T22:05:06.460+0000] {processor.py:156} INFO - Started process (PID=1206) to work on /home/airflow/.local/lib/python3.7/site-packages/airflow/example_dags/example_skip_dag.py
[2023-05-10T22:05:06.472+0000] {processor.py:799} INFO - Processing file /home/airflow/.local/lib/python3.7/site-packages/airflow/example_dags/example_skip_dag.py for tasks to queue
[2023-05-10T22:05:06.474+0000] {logging_mixin.py:149} INFO - [2023-05-10T22:05:06.474+0000] {dagbag.py:541} INFO - Filling up the DagBag from /home/airflow/.local/lib/python3.7/site-packages/airflow/example_dags/example_skip_dag.py
[2023-05-10T22:05:06.522+0000] {processor.py:809} INFO - DAG(s) dict_keys(['example_skip_dag']) retrieved from /home/airflow/.local/lib/python3.7/site-packages/airflow/example_dags/example_skip_dag.py
[2023-05-10T22:05:06.678+0000] {logging_mixin.py:149} INFO - [2023-05-10T22:05:06.677+0000] {dag.py:2726} INFO - Sync 1 DAGs
[2023-05-10T22:05:06.913+0000] {logging_mixin.py:149} INFO - [2023-05-10T22:05:06.913+0000] {dag.py:3490} INFO - Setting next_dagrun for example_skip_dag to 2023-05-09T22:05:06.912534+00:00, run_after=2023-05-10T22:05:06.912534+00:00
[2023-05-10T22:05:07.121+0000] {processor.py:178} INFO - Processing /home/airflow/.local/lib/python3.7/site-packages/airflow/example_dags/example_skip_dag.py took 0.669 seconds
[2023-05-10T22:05:39.990+0000] {processor.py:156} INFO - Started process (PID=1263) to work on /home/airflow/.local/lib/python3.7/site-packages/airflow/example_dags/example_skip_dag.py
[2023-05-10T22:05:39.993+0000] {processor.py:799} INFO - Processing file /home/airflow/.local/lib/python3.7/site-packages/airflow/example_dags/example_skip_dag.py for tasks to queue
[2023-05-10T22:05:39.996+0000] {logging_mixin.py:149} INFO - [2023-05-10T22:05:39.995+0000] {dagbag.py:541} INFO - Filling up the DagBag from /home/airflow/.local/lib/python3.7/site-packages/airflow/example_dags/example_skip_dag.py
[2023-05-10T22:05:40.027+0000] {processor.py:809} INFO - DAG(s) dict_keys(['example_skip_dag']) retrieved from /home/airflow/.local/lib/python3.7/site-packages/airflow/example_dags/example_skip_dag.py
[2023-05-10T22:05:40.131+0000] {logging_mixin.py:149} INFO - [2023-05-10T22:05:40.131+0000] {dag.py:2726} INFO - Sync 1 DAGs
[2023-05-10T22:05:40.266+0000] {logging_mixin.py:149} INFO - [2023-05-10T22:05:40.266+0000] {dag.py:3490} INFO - Setting next_dagrun for example_skip_dag to 2023-05-09T22:05:40.265551+00:00, run_after=2023-05-10T22:05:40.265551+00:00
[2023-05-10T22:05:40.395+0000] {processor.py:178} INFO - Processing /home/airflow/.local/lib/python3.7/site-packages/airflow/example_dags/example_skip_dag.py took 0.414 seconds
[2023-05-10T22:06:13.941+0000] {processor.py:156} INFO - Started process (PID=1320) to work on /home/airflow/.local/lib/python3.7/site-packages/airflow/example_dags/example_skip_dag.py
[2023-05-10T22:06:13.963+0000] {processor.py:799} INFO - Processing file /home/airflow/.local/lib/python3.7/site-packages/airflow/example_dags/example_skip_dag.py for tasks to queue
[2023-05-10T22:06:13.979+0000] {logging_mixin.py:149} INFO - [2023-05-10T22:06:13.978+0000] {dagbag.py:541} INFO - Filling up the DagBag from /home/airflow/.local/lib/python3.7/site-packages/airflow/example_dags/example_skip_dag.py
[2023-05-10T22:06:14.021+0000] {processor.py:809} INFO - DAG(s) dict_keys(['example_skip_dag']) retrieved from /home/airflow/.local/lib/python3.7/site-packages/airflow/example_dags/example_skip_dag.py
[2023-05-10T22:06:14.214+0000] {logging_mixin.py:149} INFO - [2023-05-10T22:06:14.213+0000] {dag.py:2726} INFO - Sync 1 DAGs
[2023-05-10T22:06:14.411+0000] {logging_mixin.py:149} INFO - [2023-05-10T22:06:14.410+0000] {dag.py:3490} INFO - Setting next_dagrun for example_skip_dag to 2023-05-09T22:06:14.410200+00:00, run_after=2023-05-10T22:06:14.410200+00:00
[2023-05-10T22:06:14.627+0000] {processor.py:178} INFO - Processing /home/airflow/.local/lib/python3.7/site-packages/airflow/example_dags/example_skip_dag.py took 0.707 seconds
[2023-05-10T22:06:45.818+0000] {processor.py:156} INFO - Started process (PID=1371) to work on /home/airflow/.local/lib/python3.7/site-packages/airflow/example_dags/example_skip_dag.py
[2023-05-10T22:06:45.821+0000] {processor.py:799} INFO - Processing file /home/airflow/.local/lib/python3.7/site-packages/airflow/example_dags/example_skip_dag.py for tasks to queue
[2023-05-10T22:06:45.823+0000] {logging_mixin.py:149} INFO - [2023-05-10T22:06:45.823+0000] {dagbag.py:541} INFO - Filling up the DagBag from /home/airflow/.local/lib/python3.7/site-packages/airflow/example_dags/example_skip_dag.py
[2023-05-10T22:06:45.873+0000] {processor.py:809} INFO - DAG(s) dict_keys(['example_skip_dag']) retrieved from /home/airflow/.local/lib/python3.7/site-packages/airflow/example_dags/example_skip_dag.py
[2023-05-10T22:06:46.042+0000] {logging_mixin.py:149} INFO - [2023-05-10T22:06:46.042+0000] {dag.py:2726} INFO - Sync 1 DAGs
[2023-05-10T22:06:46.272+0000] {logging_mixin.py:149} INFO - [2023-05-10T22:06:46.272+0000] {dag.py:3490} INFO - Setting next_dagrun for example_skip_dag to 2023-05-09T22:06:46.271149+00:00, run_after=2023-05-10T22:06:46.271149+00:00
[2023-05-10T22:06:46.554+0000] {processor.py:178} INFO - Processing /home/airflow/.local/lib/python3.7/site-packages/airflow/example_dags/example_skip_dag.py took 0.789 seconds
[2023-05-10T22:07:19.495+0000] {processor.py:156} INFO - Started process (PID=1427) to work on /home/airflow/.local/lib/python3.7/site-packages/airflow/example_dags/example_skip_dag.py
[2023-05-10T22:07:19.510+0000] {processor.py:799} INFO - Processing file /home/airflow/.local/lib/python3.7/site-packages/airflow/example_dags/example_skip_dag.py for tasks to queue
[2023-05-10T22:07:19.519+0000] {logging_mixin.py:149} INFO - [2023-05-10T22:07:19.519+0000] {dagbag.py:541} INFO - Filling up the DagBag from /home/airflow/.local/lib/python3.7/site-packages/airflow/example_dags/example_skip_dag.py
[2023-05-10T22:07:19.607+0000] {processor.py:809} INFO - DAG(s) dict_keys(['example_skip_dag']) retrieved from /home/airflow/.local/lib/python3.7/site-packages/airflow/example_dags/example_skip_dag.py
[2023-05-10T22:07:19.790+0000] {logging_mixin.py:149} INFO - [2023-05-10T22:07:19.787+0000] {dag.py:2726} INFO - Sync 1 DAGs
[2023-05-10T22:07:20.006+0000] {logging_mixin.py:149} INFO - [2023-05-10T22:07:20.005+0000] {dag.py:3490} INFO - Setting next_dagrun for example_skip_dag to 2023-05-09T22:07:20.005164+00:00, run_after=2023-05-10T22:07:20.005164+00:00
[2023-05-10T22:07:20.177+0000] {processor.py:178} INFO - Processing /home/airflow/.local/lib/python3.7/site-packages/airflow/example_dags/example_skip_dag.py took 0.704 seconds
[2023-05-10T22:07:50.504+0000] {processor.py:156} INFO - Started process (PID=1483) to work on /home/airflow/.local/lib/python3.7/site-packages/airflow/example_dags/example_skip_dag.py
[2023-05-10T22:07:50.507+0000] {processor.py:799} INFO - Processing file /home/airflow/.local/lib/python3.7/site-packages/airflow/example_dags/example_skip_dag.py for tasks to queue
[2023-05-10T22:07:50.509+0000] {logging_mixin.py:149} INFO - [2023-05-10T22:07:50.509+0000] {dagbag.py:541} INFO - Filling up the DagBag from /home/airflow/.local/lib/python3.7/site-packages/airflow/example_dags/example_skip_dag.py
[2023-05-10T22:07:50.547+0000] {processor.py:809} INFO - DAG(s) dict_keys(['example_skip_dag']) retrieved from /home/airflow/.local/lib/python3.7/site-packages/airflow/example_dags/example_skip_dag.py
[2023-05-10T22:07:50.687+0000] {logging_mixin.py:149} INFO - [2023-05-10T22:07:50.686+0000] {dag.py:2726} INFO - Sync 1 DAGs
[2023-05-10T22:07:50.865+0000] {logging_mixin.py:149} INFO - [2023-05-10T22:07:50.865+0000] {dag.py:3490} INFO - Setting next_dagrun for example_skip_dag to 2023-05-09T22:07:50.864855+00:00, run_after=2023-05-10T22:07:50.864855+00:00
[2023-05-10T22:07:51.093+0000] {processor.py:178} INFO - Processing /home/airflow/.local/lib/python3.7/site-packages/airflow/example_dags/example_skip_dag.py took 0.607 seconds
[2023-05-10T22:08:21.526+0000] {processor.py:156} INFO - Started process (PID=1538) to work on /home/airflow/.local/lib/python3.7/site-packages/airflow/example_dags/example_skip_dag.py
[2023-05-10T22:08:21.528+0000] {processor.py:799} INFO - Processing file /home/airflow/.local/lib/python3.7/site-packages/airflow/example_dags/example_skip_dag.py for tasks to queue
[2023-05-10T22:08:21.532+0000] {logging_mixin.py:149} INFO - [2023-05-10T22:08:21.531+0000] {dagbag.py:541} INFO - Filling up the DagBag from /home/airflow/.local/lib/python3.7/site-packages/airflow/example_dags/example_skip_dag.py
[2023-05-10T22:08:21.567+0000] {processor.py:809} INFO - DAG(s) dict_keys(['example_skip_dag']) retrieved from /home/airflow/.local/lib/python3.7/site-packages/airflow/example_dags/example_skip_dag.py
[2023-05-10T22:08:21.685+0000] {logging_mixin.py:149} INFO - [2023-05-10T22:08:21.684+0000] {dag.py:2726} INFO - Sync 1 DAGs
[2023-05-10T22:08:21.837+0000] {logging_mixin.py:149} INFO - [2023-05-10T22:08:21.837+0000] {dag.py:3490} INFO - Setting next_dagrun for example_skip_dag to 2023-05-09T22:08:21.837105+00:00, run_after=2023-05-10T22:08:21.837105+00:00
[2023-05-10T22:08:22.004+0000] {processor.py:178} INFO - Processing /home/airflow/.local/lib/python3.7/site-packages/airflow/example_dags/example_skip_dag.py took 0.489 seconds
[2023-05-10T22:08:53.303+0000] {processor.py:156} INFO - Started process (PID=1594) to work on /home/airflow/.local/lib/python3.7/site-packages/airflow/example_dags/example_skip_dag.py
[2023-05-10T22:08:53.306+0000] {processor.py:799} INFO - Processing file /home/airflow/.local/lib/python3.7/site-packages/airflow/example_dags/example_skip_dag.py for tasks to queue
[2023-05-10T22:08:53.308+0000] {logging_mixin.py:149} INFO - [2023-05-10T22:08:53.308+0000] {dagbag.py:541} INFO - Filling up the DagBag from /home/airflow/.local/lib/python3.7/site-packages/airflow/example_dags/example_skip_dag.py
[2023-05-10T22:08:53.399+0000] {processor.py:809} INFO - DAG(s) dict_keys(['example_skip_dag']) retrieved from /home/airflow/.local/lib/python3.7/site-packages/airflow/example_dags/example_skip_dag.py
[2023-05-10T22:08:53.520+0000] {logging_mixin.py:149} INFO - [2023-05-10T22:08:53.519+0000] {dag.py:2726} INFO - Sync 1 DAGs
[2023-05-10T22:08:53.677+0000] {logging_mixin.py:149} INFO - [2023-05-10T22:08:53.677+0000] {dag.py:3490} INFO - Setting next_dagrun for example_skip_dag to 2023-05-09T22:08:53.676768+00:00, run_after=2023-05-10T22:08:53.676768+00:00
[2023-05-10T22:08:53.894+0000] {processor.py:178} INFO - Processing /home/airflow/.local/lib/python3.7/site-packages/airflow/example_dags/example_skip_dag.py took 0.606 seconds
[2023-05-10T22:09:31.811+0000] {processor.py:156} INFO - Started process (PID=1653) to work on /home/airflow/.local/lib/python3.7/site-packages/airflow/example_dags/example_skip_dag.py
[2023-05-10T22:09:31.828+0000] {processor.py:799} INFO - Processing file /home/airflow/.local/lib/python3.7/site-packages/airflow/example_dags/example_skip_dag.py for tasks to queue
[2023-05-10T22:09:31.833+0000] {logging_mixin.py:149} INFO - [2023-05-10T22:09:31.833+0000] {dagbag.py:541} INFO - Filling up the DagBag from /home/airflow/.local/lib/python3.7/site-packages/airflow/example_dags/example_skip_dag.py
[2023-05-10T22:09:31.880+0000] {processor.py:809} INFO - DAG(s) dict_keys(['example_skip_dag']) retrieved from /home/airflow/.local/lib/python3.7/site-packages/airflow/example_dags/example_skip_dag.py
[2023-05-10T22:09:32.097+0000] {logging_mixin.py:149} INFO - [2023-05-10T22:09:32.097+0000] {dag.py:2726} INFO - Sync 1 DAGs
[2023-05-10T22:09:32.303+0000] {logging_mixin.py:149} INFO - [2023-05-10T22:09:32.303+0000] {dag.py:3490} INFO - Setting next_dagrun for example_skip_dag to 2023-05-09T22:09:32.302820+00:00, run_after=2023-05-10T22:09:32.302820+00:00
[2023-05-10T22:09:32.516+0000] {processor.py:178} INFO - Processing /home/airflow/.local/lib/python3.7/site-packages/airflow/example_dags/example_skip_dag.py took 0.718 seconds
[2023-05-10T22:10:04.589+0000] {processor.py:156} INFO - Started process (PID=1717) to work on /home/airflow/.local/lib/python3.7/site-packages/airflow/example_dags/example_skip_dag.py
[2023-05-10T22:10:04.592+0000] {processor.py:799} INFO - Processing file /home/airflow/.local/lib/python3.7/site-packages/airflow/example_dags/example_skip_dag.py for tasks to queue
[2023-05-10T22:10:04.603+0000] {logging_mixin.py:149} INFO - [2023-05-10T22:10:04.603+0000] {dagbag.py:541} INFO - Filling up the DagBag from /home/airflow/.local/lib/python3.7/site-packages/airflow/example_dags/example_skip_dag.py
[2023-05-10T22:10:04.644+0000] {processor.py:809} INFO - DAG(s) dict_keys(['example_skip_dag']) retrieved from /home/airflow/.local/lib/python3.7/site-packages/airflow/example_dags/example_skip_dag.py
[2023-05-10T22:10:04.817+0000] {logging_mixin.py:149} INFO - [2023-05-10T22:10:04.816+0000] {dag.py:2726} INFO - Sync 1 DAGs
[2023-05-10T22:10:05.007+0000] {logging_mixin.py:149} INFO - [2023-05-10T22:10:05.007+0000] {dag.py:3490} INFO - Setting next_dagrun for example_skip_dag to 2023-05-09T22:10:05.006978+00:00, run_after=2023-05-10T22:10:05.006978+00:00
[2023-05-10T22:10:05.238+0000] {processor.py:178} INFO - Processing /home/airflow/.local/lib/python3.7/site-packages/airflow/example_dags/example_skip_dag.py took 0.667 seconds
