[2023-05-10T21:53:18.265+0000] {processor.py:156} INFO - Started process (PID=97) to work on /home/airflow/.local/lib/python3.7/site-packages/airflow/example_dags/example_sensor_decorator.py
[2023-05-10T21:53:18.268+0000] {processor.py:799} INFO - Processing file /home/airflow/.local/lib/python3.7/site-packages/airflow/example_dags/example_sensor_decorator.py for tasks to queue
[2023-05-10T21:53:18.270+0000] {logging_mixin.py:149} INFO - [2023-05-10T21:53:18.270+0000] {dagbag.py:541} INFO - Filling up the DagBag from /home/airflow/.local/lib/python3.7/site-packages/airflow/example_dags/example_sensor_decorator.py
[2023-05-10T21:53:18.309+0000] {processor.py:809} INFO - DAG(s) dict_keys(['example_sensor_decorator']) retrieved from /home/airflow/.local/lib/python3.7/site-packages/airflow/example_dags/example_sensor_decorator.py
[2023-05-10T21:53:19.318+0000] {logging_mixin.py:149} INFO - [2023-05-10T21:53:19.312+0000] {manager.py:504} INFO - Created Permission View: can read on DAG:example_sensor_decorator
[2023-05-10T21:53:19.537+0000] {logging_mixin.py:149} INFO - [2023-05-10T21:53:19.537+0000] {manager.py:504} INFO - Created Permission View: can delete on DAG:example_sensor_decorator
[2023-05-10T21:53:19.663+0000] {logging_mixin.py:149} INFO - [2023-05-10T21:53:19.662+0000] {manager.py:504} INFO - Created Permission View: can edit on DAG:example_sensor_decorator
[2023-05-10T21:53:19.684+0000] {logging_mixin.py:149} INFO - [2023-05-10T21:53:19.684+0000] {dag.py:2726} INFO - Sync 1 DAGs
[2023-05-10T21:53:19.845+0000] {logging_mixin.py:149} INFO - [2023-05-10T21:53:19.845+0000] {dag.py:2747} INFO - Creating ORM DAG for example_sensor_decorator
[2023-05-10T21:53:19.915+0000] {logging_mixin.py:149} INFO - [2023-05-10T21:53:19.915+0000] {dag.py:3490} INFO - Setting next_dagrun for example_sensor_decorator to None, run_after=None
[2023-05-10T21:53:20.184+0000] {processor.py:178} INFO - Processing /home/airflow/.local/lib/python3.7/site-packages/airflow/example_dags/example_sensor_decorator.py took 1.929 seconds
[2023-05-10T21:54:16.332+0000] {processor.py:156} INFO - Started process (PID=153) to work on /home/airflow/.local/lib/python3.7/site-packages/airflow/example_dags/example_sensor_decorator.py
[2023-05-10T21:54:16.346+0000] {processor.py:799} INFO - Processing file /home/airflow/.local/lib/python3.7/site-packages/airflow/example_dags/example_sensor_decorator.py for tasks to queue
[2023-05-10T21:54:16.350+0000] {logging_mixin.py:149} INFO - [2023-05-10T21:54:16.350+0000] {dagbag.py:541} INFO - Filling up the DagBag from /home/airflow/.local/lib/python3.7/site-packages/airflow/example_dags/example_sensor_decorator.py
[2023-05-10T21:54:16.392+0000] {processor.py:809} INFO - DAG(s) dict_keys(['example_sensor_decorator']) retrieved from /home/airflow/.local/lib/python3.7/site-packages/airflow/example_dags/example_sensor_decorator.py
[2023-05-10T21:54:16.613+0000] {logging_mixin.py:149} INFO - [2023-05-10T21:54:16.612+0000] {dag.py:2726} INFO - Sync 1 DAGs
[2023-05-10T21:54:16.846+0000] {logging_mixin.py:149} INFO - [2023-05-10T21:54:16.846+0000] {dag.py:3490} INFO - Setting next_dagrun for example_sensor_decorator to None, run_after=None
[2023-05-10T21:54:17.207+0000] {processor.py:178} INFO - Processing /home/airflow/.local/lib/python3.7/site-packages/airflow/example_dags/example_sensor_decorator.py took 0.892 seconds
[2023-05-10T21:54:47.976+0000] {processor.py:156} INFO - Started process (PID=208) to work on /home/airflow/.local/lib/python3.7/site-packages/airflow/example_dags/example_sensor_decorator.py
[2023-05-10T21:54:47.979+0000] {processor.py:799} INFO - Processing file /home/airflow/.local/lib/python3.7/site-packages/airflow/example_dags/example_sensor_decorator.py for tasks to queue
[2023-05-10T21:54:47.981+0000] {logging_mixin.py:149} INFO - [2023-05-10T21:54:47.981+0000] {dagbag.py:541} INFO - Filling up the DagBag from /home/airflow/.local/lib/python3.7/site-packages/airflow/example_dags/example_sensor_decorator.py
[2023-05-10T21:54:47.999+0000] {processor.py:809} INFO - DAG(s) dict_keys(['example_sensor_decorator']) retrieved from /home/airflow/.local/lib/python3.7/site-packages/airflow/example_dags/example_sensor_decorator.py
[2023-05-10T21:54:48.129+0000] {logging_mixin.py:149} INFO - [2023-05-10T21:54:48.129+0000] {dag.py:2726} INFO - Sync 1 DAGs
[2023-05-10T21:54:48.282+0000] {logging_mixin.py:149} INFO - [2023-05-10T21:54:48.282+0000] {dag.py:3490} INFO - Setting next_dagrun for example_sensor_decorator to None, run_after=None
[2023-05-10T21:54:48.713+0000] {processor.py:178} INFO - Processing /home/airflow/.local/lib/python3.7/site-packages/airflow/example_dags/example_sensor_decorator.py took 0.753 seconds
[2023-05-10T21:55:34.308+0000] {processor.py:156} INFO - Started process (PID=267) to work on /home/airflow/.local/lib/python3.7/site-packages/airflow/example_dags/example_sensor_decorator.py
[2023-05-10T21:55:34.311+0000] {processor.py:799} INFO - Processing file /home/airflow/.local/lib/python3.7/site-packages/airflow/example_dags/example_sensor_decorator.py for tasks to queue
[2023-05-10T21:55:34.327+0000] {logging_mixin.py:149} INFO - [2023-05-10T21:55:34.327+0000] {dagbag.py:541} INFO - Filling up the DagBag from /home/airflow/.local/lib/python3.7/site-packages/airflow/example_dags/example_sensor_decorator.py
[2023-05-10T21:55:34.416+0000] {processor.py:809} INFO - DAG(s) dict_keys(['example_sensor_decorator']) retrieved from /home/airflow/.local/lib/python3.7/site-packages/airflow/example_dags/example_sensor_decorator.py
[2023-05-10T21:55:34.586+0000] {logging_mixin.py:149} INFO - [2023-05-10T21:55:34.585+0000] {dag.py:2726} INFO - Sync 1 DAGs
[2023-05-10T21:55:34.885+0000] {logging_mixin.py:149} INFO - [2023-05-10T21:55:34.885+0000] {dag.py:3490} INFO - Setting next_dagrun for example_sensor_decorator to None, run_after=None
[2023-05-10T21:55:35.277+0000] {processor.py:178} INFO - Processing /home/airflow/.local/lib/python3.7/site-packages/airflow/example_dags/example_sensor_decorator.py took 0.994 seconds
[2023-05-10T21:56:12.305+0000] {processor.py:156} INFO - Started process (PID=325) to work on /home/airflow/.local/lib/python3.7/site-packages/airflow/example_dags/example_sensor_decorator.py
[2023-05-10T21:56:12.310+0000] {processor.py:799} INFO - Processing file /home/airflow/.local/lib/python3.7/site-packages/airflow/example_dags/example_sensor_decorator.py for tasks to queue
[2023-05-10T21:56:12.325+0000] {logging_mixin.py:149} INFO - [2023-05-10T21:56:12.324+0000] {dagbag.py:541} INFO - Filling up the DagBag from /home/airflow/.local/lib/python3.7/site-packages/airflow/example_dags/example_sensor_decorator.py
[2023-05-10T21:56:12.378+0000] {processor.py:809} INFO - DAG(s) dict_keys(['example_sensor_decorator']) retrieved from /home/airflow/.local/lib/python3.7/site-packages/airflow/example_dags/example_sensor_decorator.py
[2023-05-10T21:56:12.806+0000] {logging_mixin.py:149} INFO - [2023-05-10T21:56:12.805+0000] {dag.py:2726} INFO - Sync 1 DAGs
[2023-05-10T21:56:13.114+0000] {logging_mixin.py:149} INFO - [2023-05-10T21:56:13.113+0000] {dag.py:3490} INFO - Setting next_dagrun for example_sensor_decorator to None, run_after=None
[2023-05-10T21:56:13.263+0000] {processor.py:178} INFO - Processing /home/airflow/.local/lib/python3.7/site-packages/airflow/example_dags/example_sensor_decorator.py took 0.976 seconds
[2023-05-10T21:56:50.420+0000] {processor.py:156} INFO - Started process (PID=381) to work on /home/airflow/.local/lib/python3.7/site-packages/airflow/example_dags/example_sensor_decorator.py
[2023-05-10T21:56:50.424+0000] {processor.py:799} INFO - Processing file /home/airflow/.local/lib/python3.7/site-packages/airflow/example_dags/example_sensor_decorator.py for tasks to queue
[2023-05-10T21:56:50.427+0000] {logging_mixin.py:149} INFO - [2023-05-10T21:56:50.426+0000] {dagbag.py:541} INFO - Filling up the DagBag from /home/airflow/.local/lib/python3.7/site-packages/airflow/example_dags/example_sensor_decorator.py
[2023-05-10T21:56:50.460+0000] {processor.py:809} INFO - DAG(s) dict_keys(['example_sensor_decorator']) retrieved from /home/airflow/.local/lib/python3.7/site-packages/airflow/example_dags/example_sensor_decorator.py
[2023-05-10T21:56:50.589+0000] {logging_mixin.py:149} INFO - [2023-05-10T21:56:50.588+0000] {dag.py:2726} INFO - Sync 1 DAGs
[2023-05-10T21:56:50.732+0000] {logging_mixin.py:149} INFO - [2023-05-10T21:56:50.732+0000] {dag.py:3490} INFO - Setting next_dagrun for example_sensor_decorator to None, run_after=None
[2023-05-10T21:56:50.995+0000] {processor.py:178} INFO - Processing /home/airflow/.local/lib/python3.7/site-packages/airflow/example_dags/example_sensor_decorator.py took 0.589 seconds
[2023-05-10T21:57:25.802+0000] {processor.py:156} INFO - Started process (PID=433) to work on /home/airflow/.local/lib/python3.7/site-packages/airflow/example_dags/example_sensor_decorator.py
[2023-05-10T21:57:25.836+0000] {processor.py:799} INFO - Processing file /home/airflow/.local/lib/python3.7/site-packages/airflow/example_dags/example_sensor_decorator.py for tasks to queue
[2023-05-10T21:57:25.840+0000] {logging_mixin.py:149} INFO - [2023-05-10T21:57:25.839+0000] {dagbag.py:541} INFO - Filling up the DagBag from /home/airflow/.local/lib/python3.7/site-packages/airflow/example_dags/example_sensor_decorator.py
[2023-05-10T21:57:25.882+0000] {processor.py:809} INFO - DAG(s) dict_keys(['example_sensor_decorator']) retrieved from /home/airflow/.local/lib/python3.7/site-packages/airflow/example_dags/example_sensor_decorator.py
[2023-05-10T21:57:26.089+0000] {logging_mixin.py:149} INFO - [2023-05-10T21:57:26.089+0000] {dag.py:2726} INFO - Sync 1 DAGs
[2023-05-10T21:57:26.321+0000] {logging_mixin.py:149} INFO - [2023-05-10T21:57:26.320+0000] {dag.py:3490} INFO - Setting next_dagrun for example_sensor_decorator to None, run_after=None
[2023-05-10T21:57:26.586+0000] {processor.py:178} INFO - Processing /home/airflow/.local/lib/python3.7/site-packages/airflow/example_dags/example_sensor_decorator.py took 0.807 seconds
[2023-05-10T21:58:05.833+0000] {processor.py:156} INFO - Started process (PID=492) to work on /home/airflow/.local/lib/python3.7/site-packages/airflow/example_dags/example_sensor_decorator.py
[2023-05-10T21:58:05.847+0000] {processor.py:799} INFO - Processing file /home/airflow/.local/lib/python3.7/site-packages/airflow/example_dags/example_sensor_decorator.py for tasks to queue
[2023-05-10T21:58:05.849+0000] {logging_mixin.py:149} INFO - [2023-05-10T21:58:05.849+0000] {dagbag.py:541} INFO - Filling up the DagBag from /home/airflow/.local/lib/python3.7/site-packages/airflow/example_dags/example_sensor_decorator.py
[2023-05-10T21:58:05.902+0000] {processor.py:809} INFO - DAG(s) dict_keys(['example_sensor_decorator']) retrieved from /home/airflow/.local/lib/python3.7/site-packages/airflow/example_dags/example_sensor_decorator.py
[2023-05-10T21:58:06.241+0000] {logging_mixin.py:149} INFO - [2023-05-10T21:58:06.241+0000] {dag.py:2726} INFO - Sync 1 DAGs
[2023-05-10T21:58:06.544+0000] {logging_mixin.py:149} INFO - [2023-05-10T21:58:06.544+0000] {dag.py:3490} INFO - Setting next_dagrun for example_sensor_decorator to None, run_after=None
[2023-05-10T21:58:06.812+0000] {processor.py:178} INFO - Processing /home/airflow/.local/lib/python3.7/site-packages/airflow/example_dags/example_sensor_decorator.py took 0.999 seconds
[2023-05-10T21:58:40.919+0000] {processor.py:156} INFO - Started process (PID=555) to work on /home/airflow/.local/lib/python3.7/site-packages/airflow/example_dags/example_sensor_decorator.py
[2023-05-10T21:58:40.924+0000] {processor.py:799} INFO - Processing file /home/airflow/.local/lib/python3.7/site-packages/airflow/example_dags/example_sensor_decorator.py for tasks to queue
[2023-05-10T21:58:40.927+0000] {logging_mixin.py:149} INFO - [2023-05-10T21:58:40.927+0000] {dagbag.py:541} INFO - Filling up the DagBag from /home/airflow/.local/lib/python3.7/site-packages/airflow/example_dags/example_sensor_decorator.py
[2023-05-10T21:58:40.965+0000] {processor.py:809} INFO - DAG(s) dict_keys(['example_sensor_decorator']) retrieved from /home/airflow/.local/lib/python3.7/site-packages/airflow/example_dags/example_sensor_decorator.py
[2023-05-10T21:58:41.140+0000] {logging_mixin.py:149} INFO - [2023-05-10T21:58:41.139+0000] {dag.py:2726} INFO - Sync 1 DAGs
[2023-05-10T21:58:41.497+0000] {logging_mixin.py:149} INFO - [2023-05-10T21:58:41.496+0000] {dag.py:3490} INFO - Setting next_dagrun for example_sensor_decorator to None, run_after=None
[2023-05-10T21:58:41.701+0000] {processor.py:178} INFO - Processing /home/airflow/.local/lib/python3.7/site-packages/airflow/example_dags/example_sensor_decorator.py took 0.806 seconds
[2023-05-10T21:59:14.011+0000] {processor.py:156} INFO - Started process (PID=611) to work on /home/airflow/.local/lib/python3.7/site-packages/airflow/example_dags/example_sensor_decorator.py
[2023-05-10T21:59:14.014+0000] {processor.py:799} INFO - Processing file /home/airflow/.local/lib/python3.7/site-packages/airflow/example_dags/example_sensor_decorator.py for tasks to queue
[2023-05-10T21:59:14.017+0000] {logging_mixin.py:149} INFO - [2023-05-10T21:59:14.017+0000] {dagbag.py:541} INFO - Filling up the DagBag from /home/airflow/.local/lib/python3.7/site-packages/airflow/example_dags/example_sensor_decorator.py
[2023-05-10T21:59:14.055+0000] {processor.py:809} INFO - DAG(s) dict_keys(['example_sensor_decorator']) retrieved from /home/airflow/.local/lib/python3.7/site-packages/airflow/example_dags/example_sensor_decorator.py
[2023-05-10T21:59:14.214+0000] {logging_mixin.py:149} INFO - [2023-05-10T21:59:14.214+0000] {dag.py:2726} INFO - Sync 1 DAGs
[2023-05-10T21:59:14.412+0000] {logging_mixin.py:149} INFO - [2023-05-10T21:59:14.412+0000] {dag.py:3490} INFO - Setting next_dagrun for example_sensor_decorator to None, run_after=None
[2023-05-10T21:59:14.858+0000] {processor.py:178} INFO - Processing /home/airflow/.local/lib/python3.7/site-packages/airflow/example_dags/example_sensor_decorator.py took 0.868 seconds
[2023-05-10T21:59:50.159+0000] {processor.py:156} INFO - Started process (PID=669) to work on /home/airflow/.local/lib/python3.7/site-packages/airflow/example_dags/example_sensor_decorator.py
[2023-05-10T21:59:50.188+0000] {processor.py:799} INFO - Processing file /home/airflow/.local/lib/python3.7/site-packages/airflow/example_dags/example_sensor_decorator.py for tasks to queue
[2023-05-10T21:59:50.190+0000] {logging_mixin.py:149} INFO - [2023-05-10T21:59:50.190+0000] {dagbag.py:541} INFO - Filling up the DagBag from /home/airflow/.local/lib/python3.7/site-packages/airflow/example_dags/example_sensor_decorator.py
[2023-05-10T21:59:50.278+0000] {processor.py:809} INFO - DAG(s) dict_keys(['example_sensor_decorator']) retrieved from /home/airflow/.local/lib/python3.7/site-packages/airflow/example_dags/example_sensor_decorator.py
[2023-05-10T21:59:50.468+0000] {logging_mixin.py:149} INFO - [2023-05-10T21:59:50.466+0000] {dag.py:2726} INFO - Sync 1 DAGs
[2023-05-10T21:59:50.861+0000] {logging_mixin.py:149} INFO - [2023-05-10T21:59:50.860+0000] {dag.py:3490} INFO - Setting next_dagrun for example_sensor_decorator to None, run_after=None
[2023-05-10T21:59:51.411+0000] {processor.py:178} INFO - Processing /home/airflow/.local/lib/python3.7/site-packages/airflow/example_dags/example_sensor_decorator.py took 1.290 seconds
[2023-05-10T22:00:22.152+0000] {processor.py:156} INFO - Started process (PID=725) to work on /home/airflow/.local/lib/python3.7/site-packages/airflow/example_dags/example_sensor_decorator.py
[2023-05-10T22:00:22.155+0000] {processor.py:799} INFO - Processing file /home/airflow/.local/lib/python3.7/site-packages/airflow/example_dags/example_sensor_decorator.py for tasks to queue
[2023-05-10T22:00:22.160+0000] {logging_mixin.py:149} INFO - [2023-05-10T22:00:22.159+0000] {dagbag.py:541} INFO - Filling up the DagBag from /home/airflow/.local/lib/python3.7/site-packages/airflow/example_dags/example_sensor_decorator.py
[2023-05-10T22:00:22.186+0000] {processor.py:809} INFO - DAG(s) dict_keys(['example_sensor_decorator']) retrieved from /home/airflow/.local/lib/python3.7/site-packages/airflow/example_dags/example_sensor_decorator.py
[2023-05-10T22:00:22.330+0000] {logging_mixin.py:149} INFO - [2023-05-10T22:00:22.329+0000] {dag.py:2726} INFO - Sync 1 DAGs
[2023-05-10T22:00:22.544+0000] {logging_mixin.py:149} INFO - [2023-05-10T22:00:22.544+0000] {dag.py:3490} INFO - Setting next_dagrun for example_sensor_decorator to None, run_after=None
[2023-05-10T22:00:22.726+0000] {processor.py:178} INFO - Processing /home/airflow/.local/lib/python3.7/site-packages/airflow/example_dags/example_sensor_decorator.py took 0.599 seconds
[2023-05-10T22:00:52.961+0000] {processor.py:156} INFO - Started process (PID=781) to work on /home/airflow/.local/lib/python3.7/site-packages/airflow/example_dags/example_sensor_decorator.py
[2023-05-10T22:00:52.978+0000] {processor.py:799} INFO - Processing file /home/airflow/.local/lib/python3.7/site-packages/airflow/example_dags/example_sensor_decorator.py for tasks to queue
[2023-05-10T22:00:52.980+0000] {logging_mixin.py:149} INFO - [2023-05-10T22:00:52.980+0000] {dagbag.py:541} INFO - Filling up the DagBag from /home/airflow/.local/lib/python3.7/site-packages/airflow/example_dags/example_sensor_decorator.py
[2023-05-10T22:00:52.998+0000] {processor.py:809} INFO - DAG(s) dict_keys(['example_sensor_decorator']) retrieved from /home/airflow/.local/lib/python3.7/site-packages/airflow/example_dags/example_sensor_decorator.py
[2023-05-10T22:00:53.106+0000] {logging_mixin.py:149} INFO - [2023-05-10T22:00:53.105+0000] {dag.py:2726} INFO - Sync 1 DAGs
[2023-05-10T22:00:53.256+0000] {logging_mixin.py:149} INFO - [2023-05-10T22:00:53.256+0000] {dag.py:3490} INFO - Setting next_dagrun for example_sensor_decorator to None, run_after=None
[2023-05-10T22:00:53.517+0000] {processor.py:178} INFO - Processing /home/airflow/.local/lib/python3.7/site-packages/airflow/example_dags/example_sensor_decorator.py took 0.564 seconds
[2023-05-10T22:01:25.395+0000] {processor.py:156} INFO - Started process (PID=837) to work on /home/airflow/.local/lib/python3.7/site-packages/airflow/example_dags/example_sensor_decorator.py
[2023-05-10T22:01:25.398+0000] {processor.py:799} INFO - Processing file /home/airflow/.local/lib/python3.7/site-packages/airflow/example_dags/example_sensor_decorator.py for tasks to queue
[2023-05-10T22:01:25.400+0000] {logging_mixin.py:149} INFO - [2023-05-10T22:01:25.400+0000] {dagbag.py:541} INFO - Filling up the DagBag from /home/airflow/.local/lib/python3.7/site-packages/airflow/example_dags/example_sensor_decorator.py
[2023-05-10T22:01:25.430+0000] {processor.py:809} INFO - DAG(s) dict_keys(['example_sensor_decorator']) retrieved from /home/airflow/.local/lib/python3.7/site-packages/airflow/example_dags/example_sensor_decorator.py
[2023-05-10T22:01:25.543+0000] {logging_mixin.py:149} INFO - [2023-05-10T22:01:25.542+0000] {dag.py:2726} INFO - Sync 1 DAGs
[2023-05-10T22:01:25.646+0000] {logging_mixin.py:149} INFO - [2023-05-10T22:01:25.646+0000] {dag.py:3490} INFO - Setting next_dagrun for example_sensor_decorator to None, run_after=None
[2023-05-10T22:01:26.069+0000] {processor.py:178} INFO - Processing /home/airflow/.local/lib/python3.7/site-packages/airflow/example_dags/example_sensor_decorator.py took 0.689 seconds
[2023-05-10T22:01:59.412+0000] {processor.py:156} INFO - Started process (PID=892) to work on /home/airflow/.local/lib/python3.7/site-packages/airflow/example_dags/example_sensor_decorator.py
[2023-05-10T22:01:59.422+0000] {processor.py:799} INFO - Processing file /home/airflow/.local/lib/python3.7/site-packages/airflow/example_dags/example_sensor_decorator.py for tasks to queue
[2023-05-10T22:01:59.425+0000] {logging_mixin.py:149} INFO - [2023-05-10T22:01:59.424+0000] {dagbag.py:541} INFO - Filling up the DagBag from /home/airflow/.local/lib/python3.7/site-packages/airflow/example_dags/example_sensor_decorator.py
[2023-05-10T22:01:59.458+0000] {processor.py:809} INFO - DAG(s) dict_keys(['example_sensor_decorator']) retrieved from /home/airflow/.local/lib/python3.7/site-packages/airflow/example_dags/example_sensor_decorator.py
[2023-05-10T22:01:59.669+0000] {logging_mixin.py:149} INFO - [2023-05-10T22:01:59.669+0000] {dag.py:2726} INFO - Sync 1 DAGs
[2023-05-10T22:01:59.893+0000] {logging_mixin.py:149} INFO - [2023-05-10T22:01:59.892+0000] {dag.py:3490} INFO - Setting next_dagrun for example_sensor_decorator to None, run_after=None
[2023-05-10T22:02:00.348+0000] {processor.py:178} INFO - Processing /home/airflow/.local/lib/python3.7/site-packages/airflow/example_dags/example_sensor_decorator.py took 0.960 seconds
[2023-05-10T22:02:35.452+0000] {processor.py:156} INFO - Started process (PID=949) to work on /home/airflow/.local/lib/python3.7/site-packages/airflow/example_dags/example_sensor_decorator.py
[2023-05-10T22:02:35.472+0000] {processor.py:799} INFO - Processing file /home/airflow/.local/lib/python3.7/site-packages/airflow/example_dags/example_sensor_decorator.py for tasks to queue
[2023-05-10T22:02:35.475+0000] {logging_mixin.py:149} INFO - [2023-05-10T22:02:35.474+0000] {dagbag.py:541} INFO - Filling up the DagBag from /home/airflow/.local/lib/python3.7/site-packages/airflow/example_dags/example_sensor_decorator.py
[2023-05-10T22:02:35.571+0000] {processor.py:809} INFO - DAG(s) dict_keys(['example_sensor_decorator']) retrieved from /home/airflow/.local/lib/python3.7/site-packages/airflow/example_dags/example_sensor_decorator.py
[2023-05-10T22:02:35.965+0000] {logging_mixin.py:149} INFO - [2023-05-10T22:02:35.965+0000] {dag.py:2726} INFO - Sync 1 DAGs
[2023-05-10T22:02:36.289+0000] {logging_mixin.py:149} INFO - [2023-05-10T22:02:36.289+0000] {dag.py:3490} INFO - Setting next_dagrun for example_sensor_decorator to None, run_after=None
[2023-05-10T22:02:36.529+0000] {processor.py:178} INFO - Processing /home/airflow/.local/lib/python3.7/site-packages/airflow/example_dags/example_sensor_decorator.py took 1.093 seconds
[2023-05-10T22:03:07.254+0000] {processor.py:156} INFO - Started process (PID=1005) to work on /home/airflow/.local/lib/python3.7/site-packages/airflow/example_dags/example_sensor_decorator.py
[2023-05-10T22:03:07.264+0000] {processor.py:799} INFO - Processing file /home/airflow/.local/lib/python3.7/site-packages/airflow/example_dags/example_sensor_decorator.py for tasks to queue
[2023-05-10T22:03:07.268+0000] {logging_mixin.py:149} INFO - [2023-05-10T22:03:07.268+0000] {dagbag.py:541} INFO - Filling up the DagBag from /home/airflow/.local/lib/python3.7/site-packages/airflow/example_dags/example_sensor_decorator.py
[2023-05-10T22:03:07.293+0000] {processor.py:809} INFO - DAG(s) dict_keys(['example_sensor_decorator']) retrieved from /home/airflow/.local/lib/python3.7/site-packages/airflow/example_dags/example_sensor_decorator.py
[2023-05-10T22:03:07.523+0000] {logging_mixin.py:149} INFO - [2023-05-10T22:03:07.523+0000] {dag.py:2726} INFO - Sync 1 DAGs
[2023-05-10T22:03:07.712+0000] {logging_mixin.py:149} INFO - [2023-05-10T22:03:07.712+0000] {dag.py:3490} INFO - Setting next_dagrun for example_sensor_decorator to None, run_after=None
[2023-05-10T22:03:08.041+0000] {processor.py:178} INFO - Processing /home/airflow/.local/lib/python3.7/site-packages/airflow/example_dags/example_sensor_decorator.py took 0.781 seconds
[2023-05-10T22:03:38.594+0000] {processor.py:156} INFO - Started process (PID=1060) to work on /home/airflow/.local/lib/python3.7/site-packages/airflow/example_dags/example_sensor_decorator.py
[2023-05-10T22:03:38.606+0000] {processor.py:799} INFO - Processing file /home/airflow/.local/lib/python3.7/site-packages/airflow/example_dags/example_sensor_decorator.py for tasks to queue
[2023-05-10T22:03:38.616+0000] {logging_mixin.py:149} INFO - [2023-05-10T22:03:38.615+0000] {dagbag.py:541} INFO - Filling up the DagBag from /home/airflow/.local/lib/python3.7/site-packages/airflow/example_dags/example_sensor_decorator.py
[2023-05-10T22:03:38.637+0000] {processor.py:809} INFO - DAG(s) dict_keys(['example_sensor_decorator']) retrieved from /home/airflow/.local/lib/python3.7/site-packages/airflow/example_dags/example_sensor_decorator.py
[2023-05-10T22:03:38.709+0000] {logging_mixin.py:149} INFO - [2023-05-10T22:03:38.709+0000] {dag.py:2726} INFO - Sync 1 DAGs
[2023-05-10T22:03:38.806+0000] {logging_mixin.py:149} INFO - [2023-05-10T22:03:38.806+0000] {dag.py:3490} INFO - Setting next_dagrun for example_sensor_decorator to None, run_after=None
[2023-05-10T22:03:38.956+0000] {processor.py:178} INFO - Processing /home/airflow/.local/lib/python3.7/site-packages/airflow/example_dags/example_sensor_decorator.py took 0.372 seconds
[2023-05-10T22:04:09.992+0000] {processor.py:156} INFO - Started process (PID=1115) to work on /home/airflow/.local/lib/python3.7/site-packages/airflow/example_dags/example_sensor_decorator.py
[2023-05-10T22:04:09.995+0000] {processor.py:799} INFO - Processing file /home/airflow/.local/lib/python3.7/site-packages/airflow/example_dags/example_sensor_decorator.py for tasks to queue
[2023-05-10T22:04:09.998+0000] {logging_mixin.py:149} INFO - [2023-05-10T22:04:09.997+0000] {dagbag.py:541} INFO - Filling up the DagBag from /home/airflow/.local/lib/python3.7/site-packages/airflow/example_dags/example_sensor_decorator.py
[2023-05-10T22:04:10.034+0000] {processor.py:809} INFO - DAG(s) dict_keys(['example_sensor_decorator']) retrieved from /home/airflow/.local/lib/python3.7/site-packages/airflow/example_dags/example_sensor_decorator.py
[2023-05-10T22:04:10.155+0000] {logging_mixin.py:149} INFO - [2023-05-10T22:04:10.155+0000] {dag.py:2726} INFO - Sync 1 DAGs
[2023-05-10T22:04:10.293+0000] {logging_mixin.py:149} INFO - [2023-05-10T22:04:10.292+0000] {dag.py:3490} INFO - Setting next_dagrun for example_sensor_decorator to None, run_after=None
[2023-05-10T22:04:11.001+0000] {processor.py:178} INFO - Processing /home/airflow/.local/lib/python3.7/site-packages/airflow/example_dags/example_sensor_decorator.py took 1.025 seconds
[2023-05-10T22:04:44.519+0000] {processor.py:156} INFO - Started process (PID=1168) to work on /home/airflow/.local/lib/python3.7/site-packages/airflow/example_dags/example_sensor_decorator.py
[2023-05-10T22:04:44.522+0000] {processor.py:799} INFO - Processing file /home/airflow/.local/lib/python3.7/site-packages/airflow/example_dags/example_sensor_decorator.py for tasks to queue
[2023-05-10T22:04:44.540+0000] {logging_mixin.py:149} INFO - [2023-05-10T22:04:44.540+0000] {dagbag.py:541} INFO - Filling up the DagBag from /home/airflow/.local/lib/python3.7/site-packages/airflow/example_dags/example_sensor_decorator.py
[2023-05-10T22:04:44.633+0000] {processor.py:809} INFO - DAG(s) dict_keys(['example_sensor_decorator']) retrieved from /home/airflow/.local/lib/python3.7/site-packages/airflow/example_dags/example_sensor_decorator.py
[2023-05-10T22:04:44.778+0000] {logging_mixin.py:149} INFO - [2023-05-10T22:04:44.778+0000] {dag.py:2726} INFO - Sync 1 DAGs
[2023-05-10T22:04:45.185+0000] {logging_mixin.py:149} INFO - [2023-05-10T22:04:45.185+0000] {dag.py:3490} INFO - Setting next_dagrun for example_sensor_decorator to None, run_after=None
[2023-05-10T22:04:45.533+0000] {processor.py:178} INFO - Processing /home/airflow/.local/lib/python3.7/site-packages/airflow/example_dags/example_sensor_decorator.py took 1.031 seconds
[2023-05-10T22:05:16.309+0000] {processor.py:156} INFO - Started process (PID=1224) to work on /home/airflow/.local/lib/python3.7/site-packages/airflow/example_dags/example_sensor_decorator.py
[2023-05-10T22:05:16.313+0000] {processor.py:799} INFO - Processing file /home/airflow/.local/lib/python3.7/site-packages/airflow/example_dags/example_sensor_decorator.py for tasks to queue
[2023-05-10T22:05:16.319+0000] {logging_mixin.py:149} INFO - [2023-05-10T22:05:16.318+0000] {dagbag.py:541} INFO - Filling up the DagBag from /home/airflow/.local/lib/python3.7/site-packages/airflow/example_dags/example_sensor_decorator.py
[2023-05-10T22:05:16.346+0000] {processor.py:809} INFO - DAG(s) dict_keys(['example_sensor_decorator']) retrieved from /home/airflow/.local/lib/python3.7/site-packages/airflow/example_dags/example_sensor_decorator.py
[2023-05-10T22:05:16.522+0000] {logging_mixin.py:149} INFO - [2023-05-10T22:05:16.522+0000] {dag.py:2726} INFO - Sync 1 DAGs
[2023-05-10T22:05:16.767+0000] {logging_mixin.py:149} INFO - [2023-05-10T22:05:16.767+0000] {dag.py:3490} INFO - Setting next_dagrun for example_sensor_decorator to None, run_after=None
[2023-05-10T22:05:16.985+0000] {processor.py:178} INFO - Processing /home/airflow/.local/lib/python3.7/site-packages/airflow/example_dags/example_sensor_decorator.py took 0.696 seconds
[2023-05-10T22:05:50.031+0000] {processor.py:156} INFO - Started process (PID=1281) to work on /home/airflow/.local/lib/python3.7/site-packages/airflow/example_dags/example_sensor_decorator.py
[2023-05-10T22:05:50.039+0000] {processor.py:799} INFO - Processing file /home/airflow/.local/lib/python3.7/site-packages/airflow/example_dags/example_sensor_decorator.py for tasks to queue
[2023-05-10T22:05:50.044+0000] {logging_mixin.py:149} INFO - [2023-05-10T22:05:50.044+0000] {dagbag.py:541} INFO - Filling up the DagBag from /home/airflow/.local/lib/python3.7/site-packages/airflow/example_dags/example_sensor_decorator.py
[2023-05-10T22:05:50.085+0000] {processor.py:809} INFO - DAG(s) dict_keys(['example_sensor_decorator']) retrieved from /home/airflow/.local/lib/python3.7/site-packages/airflow/example_dags/example_sensor_decorator.py
[2023-05-10T22:05:50.230+0000] {logging_mixin.py:149} INFO - [2023-05-10T22:05:50.229+0000] {dag.py:2726} INFO - Sync 1 DAGs
[2023-05-10T22:05:50.390+0000] {logging_mixin.py:149} INFO - [2023-05-10T22:05:50.389+0000] {dag.py:3490} INFO - Setting next_dagrun for example_sensor_decorator to None, run_after=None
[2023-05-10T22:05:51.229+0000] {processor.py:178} INFO - Processing /home/airflow/.local/lib/python3.7/site-packages/airflow/example_dags/example_sensor_decorator.py took 1.208 seconds
[2023-05-10T22:06:21.776+0000] {processor.py:156} INFO - Started process (PID=1337) to work on /home/airflow/.local/lib/python3.7/site-packages/airflow/example_dags/example_sensor_decorator.py
[2023-05-10T22:06:21.780+0000] {processor.py:799} INFO - Processing file /home/airflow/.local/lib/python3.7/site-packages/airflow/example_dags/example_sensor_decorator.py for tasks to queue
[2023-05-10T22:06:21.784+0000] {logging_mixin.py:149} INFO - [2023-05-10T22:06:21.782+0000] {dagbag.py:541} INFO - Filling up the DagBag from /home/airflow/.local/lib/python3.7/site-packages/airflow/example_dags/example_sensor_decorator.py
[2023-05-10T22:06:21.815+0000] {processor.py:809} INFO - DAG(s) dict_keys(['example_sensor_decorator']) retrieved from /home/airflow/.local/lib/python3.7/site-packages/airflow/example_dags/example_sensor_decorator.py
[2023-05-10T22:06:21.964+0000] {logging_mixin.py:149} INFO - [2023-05-10T22:06:21.964+0000] {dag.py:2726} INFO - Sync 1 DAGs
[2023-05-10T22:06:22.143+0000] {logging_mixin.py:149} INFO - [2023-05-10T22:06:22.142+0000] {dag.py:3490} INFO - Setting next_dagrun for example_sensor_decorator to None, run_after=None
[2023-05-10T22:06:22.502+0000] {processor.py:178} INFO - Processing /home/airflow/.local/lib/python3.7/site-packages/airflow/example_dags/example_sensor_decorator.py took 0.738 seconds
[2023-05-10T22:06:55.037+0000] {processor.py:156} INFO - Started process (PID=1395) to work on /home/airflow/.local/lib/python3.7/site-packages/airflow/example_dags/example_sensor_decorator.py
[2023-05-10T22:06:55.041+0000] {processor.py:799} INFO - Processing file /home/airflow/.local/lib/python3.7/site-packages/airflow/example_dags/example_sensor_decorator.py for tasks to queue
[2023-05-10T22:06:55.049+0000] {logging_mixin.py:149} INFO - [2023-05-10T22:06:55.049+0000] {dagbag.py:541} INFO - Filling up the DagBag from /home/airflow/.local/lib/python3.7/site-packages/airflow/example_dags/example_sensor_decorator.py
[2023-05-10T22:06:55.072+0000] {processor.py:809} INFO - DAG(s) dict_keys(['example_sensor_decorator']) retrieved from /home/airflow/.local/lib/python3.7/site-packages/airflow/example_dags/example_sensor_decorator.py
[2023-05-10T22:06:55.203+0000] {logging_mixin.py:149} INFO - [2023-05-10T22:06:55.199+0000] {dag.py:2726} INFO - Sync 1 DAGs
[2023-05-10T22:06:55.332+0000] {logging_mixin.py:149} INFO - [2023-05-10T22:06:55.332+0000] {dag.py:3490} INFO - Setting next_dagrun for example_sensor_decorator to None, run_after=None
[2023-05-10T22:06:55.451+0000] {processor.py:178} INFO - Processing /home/airflow/.local/lib/python3.7/site-packages/airflow/example_dags/example_sensor_decorator.py took 0.422 seconds
[2023-05-10T22:07:32.776+0000] {processor.py:156} INFO - Started process (PID=1462) to work on /home/airflow/.local/lib/python3.7/site-packages/airflow/example_dags/example_sensor_decorator.py
[2023-05-10T22:07:32.778+0000] {processor.py:799} INFO - Processing file /home/airflow/.local/lib/python3.7/site-packages/airflow/example_dags/example_sensor_decorator.py for tasks to queue
[2023-05-10T22:07:32.782+0000] {logging_mixin.py:149} INFO - [2023-05-10T22:07:32.781+0000] {dagbag.py:541} INFO - Filling up the DagBag from /home/airflow/.local/lib/python3.7/site-packages/airflow/example_dags/example_sensor_decorator.py
[2023-05-10T22:07:32.812+0000] {processor.py:809} INFO - DAG(s) dict_keys(['example_sensor_decorator']) retrieved from /home/airflow/.local/lib/python3.7/site-packages/airflow/example_dags/example_sensor_decorator.py
[2023-05-10T22:07:32.917+0000] {logging_mixin.py:149} INFO - [2023-05-10T22:07:32.916+0000] {dag.py:2726} INFO - Sync 1 DAGs
[2023-05-10T22:07:33.110+0000] {logging_mixin.py:149} INFO - [2023-05-10T22:07:33.108+0000] {dag.py:3490} INFO - Setting next_dagrun for example_sensor_decorator to None, run_after=None
[2023-05-10T22:07:33.299+0000] {processor.py:178} INFO - Processing /home/airflow/.local/lib/python3.7/site-packages/airflow/example_dags/example_sensor_decorator.py took 0.541 seconds
[2023-05-10T22:08:04.766+0000] {processor.py:156} INFO - Started process (PID=1517) to work on /home/airflow/.local/lib/python3.7/site-packages/airflow/example_dags/example_sensor_decorator.py
[2023-05-10T22:08:04.772+0000] {processor.py:799} INFO - Processing file /home/airflow/.local/lib/python3.7/site-packages/airflow/example_dags/example_sensor_decorator.py for tasks to queue
[2023-05-10T22:08:04.781+0000] {logging_mixin.py:149} INFO - [2023-05-10T22:08:04.781+0000] {dagbag.py:541} INFO - Filling up the DagBag from /home/airflow/.local/lib/python3.7/site-packages/airflow/example_dags/example_sensor_decorator.py
[2023-05-10T22:08:04.812+0000] {processor.py:809} INFO - DAG(s) dict_keys(['example_sensor_decorator']) retrieved from /home/airflow/.local/lib/python3.7/site-packages/airflow/example_dags/example_sensor_decorator.py
[2023-05-10T22:08:04.917+0000] {logging_mixin.py:149} INFO - [2023-05-10T22:08:04.916+0000] {dag.py:2726} INFO - Sync 1 DAGs
[2023-05-10T22:08:05.071+0000] {logging_mixin.py:149} INFO - [2023-05-10T22:08:05.071+0000] {dag.py:3490} INFO - Setting next_dagrun for example_sensor_decorator to None, run_after=None
[2023-05-10T22:08:05.216+0000] {processor.py:178} INFO - Processing /home/airflow/.local/lib/python3.7/site-packages/airflow/example_dags/example_sensor_decorator.py took 0.468 seconds
[2023-05-10T22:08:42.089+0000] {processor.py:156} INFO - Started process (PID=1574) to work on /home/airflow/.local/lib/python3.7/site-packages/airflow/example_dags/example_sensor_decorator.py
[2023-05-10T22:08:42.094+0000] {processor.py:799} INFO - Processing file /home/airflow/.local/lib/python3.7/site-packages/airflow/example_dags/example_sensor_decorator.py for tasks to queue
[2023-05-10T22:08:42.104+0000] {logging_mixin.py:149} INFO - [2023-05-10T22:08:42.097+0000] {dagbag.py:541} INFO - Filling up the DagBag from /home/airflow/.local/lib/python3.7/site-packages/airflow/example_dags/example_sensor_decorator.py
[2023-05-10T22:08:42.157+0000] {processor.py:809} INFO - DAG(s) dict_keys(['example_sensor_decorator']) retrieved from /home/airflow/.local/lib/python3.7/site-packages/airflow/example_dags/example_sensor_decorator.py
[2023-05-10T22:08:42.371+0000] {logging_mixin.py:149} INFO - [2023-05-10T22:08:42.370+0000] {dag.py:2726} INFO - Sync 1 DAGs
[2023-05-10T22:08:42.632+0000] {logging_mixin.py:149} INFO - [2023-05-10T22:08:42.631+0000] {dag.py:3490} INFO - Setting next_dagrun for example_sensor_decorator to None, run_after=None
[2023-05-10T22:08:42.945+0000] {processor.py:178} INFO - Processing /home/airflow/.local/lib/python3.7/site-packages/airflow/example_dags/example_sensor_decorator.py took 0.871 seconds
[2023-05-10T22:09:17.102+0000] {processor.py:156} INFO - Started process (PID=1630) to work on /home/airflow/.local/lib/python3.7/site-packages/airflow/example_dags/example_sensor_decorator.py
[2023-05-10T22:09:17.120+0000] {processor.py:799} INFO - Processing file /home/airflow/.local/lib/python3.7/site-packages/airflow/example_dags/example_sensor_decorator.py for tasks to queue
[2023-05-10T22:09:17.134+0000] {logging_mixin.py:149} INFO - [2023-05-10T22:09:17.133+0000] {dagbag.py:541} INFO - Filling up the DagBag from /home/airflow/.local/lib/python3.7/site-packages/airflow/example_dags/example_sensor_decorator.py
[2023-05-10T22:09:17.187+0000] {processor.py:809} INFO - DAG(s) dict_keys(['example_sensor_decorator']) retrieved from /home/airflow/.local/lib/python3.7/site-packages/airflow/example_dags/example_sensor_decorator.py
[2023-05-10T22:09:17.393+0000] {logging_mixin.py:149} INFO - [2023-05-10T22:09:17.392+0000] {dag.py:2726} INFO - Sync 1 DAGs
[2023-05-10T22:09:17.603+0000] {logging_mixin.py:149} INFO - [2023-05-10T22:09:17.603+0000] {dag.py:3490} INFO - Setting next_dagrun for example_sensor_decorator to None, run_after=None
[2023-05-10T22:09:17.824+0000] {processor.py:178} INFO - Processing /home/airflow/.local/lib/python3.7/site-packages/airflow/example_dags/example_sensor_decorator.py took 0.760 seconds
[2023-05-10T22:09:48.288+0000] {processor.py:156} INFO - Started process (PID=1682) to work on /home/airflow/.local/lib/python3.7/site-packages/airflow/example_dags/example_sensor_decorator.py
[2023-05-10T22:09:48.295+0000] {processor.py:799} INFO - Processing file /home/airflow/.local/lib/python3.7/site-packages/airflow/example_dags/example_sensor_decorator.py for tasks to queue
[2023-05-10T22:09:48.300+0000] {logging_mixin.py:149} INFO - [2023-05-10T22:09:48.300+0000] {dagbag.py:541} INFO - Filling up the DagBag from /home/airflow/.local/lib/python3.7/site-packages/airflow/example_dags/example_sensor_decorator.py
[2023-05-10T22:09:48.331+0000] {processor.py:809} INFO - DAG(s) dict_keys(['example_sensor_decorator']) retrieved from /home/airflow/.local/lib/python3.7/site-packages/airflow/example_dags/example_sensor_decorator.py
[2023-05-10T22:09:48.467+0000] {logging_mixin.py:149} INFO - [2023-05-10T22:09:48.465+0000] {dag.py:2726} INFO - Sync 1 DAGs
[2023-05-10T22:09:48.598+0000] {logging_mixin.py:149} INFO - [2023-05-10T22:09:48.592+0000] {dag.py:3490} INFO - Setting next_dagrun for example_sensor_decorator to None, run_after=None
[2023-05-10T22:09:48.699+0000] {processor.py:178} INFO - Processing /home/airflow/.local/lib/python3.7/site-packages/airflow/example_dags/example_sensor_decorator.py took 0.421 seconds
[2023-05-10T22:10:19.308+0000] {processor.py:156} INFO - Started process (PID=1738) to work on /home/airflow/.local/lib/python3.7/site-packages/airflow/example_dags/example_sensor_decorator.py
[2023-05-10T22:10:19.320+0000] {processor.py:799} INFO - Processing file /home/airflow/.local/lib/python3.7/site-packages/airflow/example_dags/example_sensor_decorator.py for tasks to queue
[2023-05-10T22:10:19.323+0000] {logging_mixin.py:149} INFO - [2023-05-10T22:10:19.322+0000] {dagbag.py:541} INFO - Filling up the DagBag from /home/airflow/.local/lib/python3.7/site-packages/airflow/example_dags/example_sensor_decorator.py
[2023-05-10T22:10:19.358+0000] {processor.py:809} INFO - DAG(s) dict_keys(['example_sensor_decorator']) retrieved from /home/airflow/.local/lib/python3.7/site-packages/airflow/example_dags/example_sensor_decorator.py
[2023-05-10T22:10:19.496+0000] {logging_mixin.py:149} INFO - [2023-05-10T22:10:19.495+0000] {dag.py:2726} INFO - Sync 1 DAGs
[2023-05-10T22:10:19.654+0000] {logging_mixin.py:149} INFO - [2023-05-10T22:10:19.654+0000] {dag.py:3490} INFO - Setting next_dagrun for example_sensor_decorator to None, run_after=None
[2023-05-10T22:10:19.840+0000] {processor.py:178} INFO - Processing /home/airflow/.local/lib/python3.7/site-packages/airflow/example_dags/example_sensor_decorator.py took 0.545 seconds
