[2023-05-10T21:53:18.062+0000] {processor.py:156} INFO - Started process (PID=96) to work on /home/airflow/.local/lib/python3.7/site-packages/airflow/example_dags/example_branch_labels.py
[2023-05-10T21:53:18.065+0000] {processor.py:799} INFO - Processing file /home/airflow/.local/lib/python3.7/site-packages/airflow/example_dags/example_branch_labels.py for tasks to queue
[2023-05-10T21:53:18.067+0000] {logging_mixin.py:149} INFO - [2023-05-10T21:53:18.067+0000] {dagbag.py:541} INFO - Filling up the DagBag from /home/airflow/.local/lib/python3.7/site-packages/airflow/example_dags/example_branch_labels.py
[2023-05-10T21:53:18.276+0000] {processor.py:809} INFO - DAG(s) dict_keys(['example_branch_labels']) retrieved from /home/airflow/.local/lib/python3.7/site-packages/airflow/example_dags/example_branch_labels.py
[2023-05-10T21:53:19.241+0000] {logging_mixin.py:149} INFO - [2023-05-10T21:53:19.241+0000] {manager.py:504} INFO - Created Permission View: can read on DAG:example_branch_labels
[2023-05-10T21:53:19.400+0000] {logging_mixin.py:149} INFO - [2023-05-10T21:53:19.400+0000] {manager.py:504} INFO - Created Permission View: can delete on DAG:example_branch_labels
[2023-05-10T21:53:19.632+0000] {logging_mixin.py:149} INFO - [2023-05-10T21:53:19.632+0000] {manager.py:504} INFO - Created Permission View: can edit on DAG:example_branch_labels
[2023-05-10T21:53:19.637+0000] {logging_mixin.py:149} INFO - [2023-05-10T21:53:19.636+0000] {dag.py:2726} INFO - Sync 1 DAGs
[2023-05-10T21:53:19.813+0000] {logging_mixin.py:149} INFO - [2023-05-10T21:53:19.812+0000] {dag.py:2747} INFO - Creating ORM DAG for example_branch_labels
[2023-05-10T21:53:19.880+0000] {logging_mixin.py:149} INFO - [2023-05-10T21:53:19.878+0000] {dag.py:3490} INFO - Setting next_dagrun for example_branch_labels to 2023-05-09T00:00:00+00:00, run_after=2023-05-10T00:00:00+00:00
[2023-05-10T21:53:20.106+0000] {processor.py:178} INFO - Processing /home/airflow/.local/lib/python3.7/site-packages/airflow/example_dags/example_branch_labels.py took 2.062 seconds
[2023-05-10T21:54:15.168+0000] {processor.py:156} INFO - Started process (PID=152) to work on /home/airflow/.local/lib/python3.7/site-packages/airflow/example_dags/example_branch_labels.py
[2023-05-10T21:54:15.170+0000] {processor.py:799} INFO - Processing file /home/airflow/.local/lib/python3.7/site-packages/airflow/example_dags/example_branch_labels.py for tasks to queue
[2023-05-10T21:54:15.173+0000] {logging_mixin.py:149} INFO - [2023-05-10T21:54:15.172+0000] {dagbag.py:541} INFO - Filling up the DagBag from /home/airflow/.local/lib/python3.7/site-packages/airflow/example_dags/example_branch_labels.py
[2023-05-10T21:54:15.226+0000] {processor.py:809} INFO - DAG(s) dict_keys(['example_branch_labels']) retrieved from /home/airflow/.local/lib/python3.7/site-packages/airflow/example_dags/example_branch_labels.py
[2023-05-10T21:54:15.452+0000] {logging_mixin.py:149} INFO - [2023-05-10T21:54:15.451+0000] {dag.py:2726} INFO - Sync 1 DAGs
[2023-05-10T21:54:15.698+0000] {logging_mixin.py:149} INFO - [2023-05-10T21:54:15.697+0000] {dag.py:3490} INFO - Setting next_dagrun for example_branch_labels to 2023-05-09T00:00:00+00:00, run_after=2023-05-10T00:00:00+00:00
[2023-05-10T21:54:15.992+0000] {processor.py:178} INFO - Processing /home/airflow/.local/lib/python3.7/site-packages/airflow/example_dags/example_branch_labels.py took 0.842 seconds
[2023-05-10T21:54:47.182+0000] {processor.py:156} INFO - Started process (PID=207) to work on /home/airflow/.local/lib/python3.7/site-packages/airflow/example_dags/example_branch_labels.py
[2023-05-10T21:54:47.186+0000] {processor.py:799} INFO - Processing file /home/airflow/.local/lib/python3.7/site-packages/airflow/example_dags/example_branch_labels.py for tasks to queue
[2023-05-10T21:54:47.189+0000] {logging_mixin.py:149} INFO - [2023-05-10T21:54:47.188+0000] {dagbag.py:541} INFO - Filling up the DagBag from /home/airflow/.local/lib/python3.7/site-packages/airflow/example_dags/example_branch_labels.py
[2023-05-10T21:54:47.282+0000] {processor.py:809} INFO - DAG(s) dict_keys(['example_branch_labels']) retrieved from /home/airflow/.local/lib/python3.7/site-packages/airflow/example_dags/example_branch_labels.py
[2023-05-10T21:54:47.559+0000] {logging_mixin.py:149} INFO - [2023-05-10T21:54:47.554+0000] {dag.py:2726} INFO - Sync 1 DAGs
[2023-05-10T21:54:47.716+0000] {logging_mixin.py:149} INFO - [2023-05-10T21:54:47.715+0000] {dag.py:3490} INFO - Setting next_dagrun for example_branch_labels to 2023-05-09T00:00:00+00:00, run_after=2023-05-10T00:00:00+00:00
[2023-05-10T21:54:47.873+0000] {processor.py:178} INFO - Processing /home/airflow/.local/lib/python3.7/site-packages/airflow/example_dags/example_branch_labels.py took 0.710 seconds
[2023-05-10T21:55:33.184+0000] {processor.py:156} INFO - Started process (PID=266) to work on /home/airflow/.local/lib/python3.7/site-packages/airflow/example_dags/example_branch_labels.py
[2023-05-10T21:55:33.222+0000] {processor.py:799} INFO - Processing file /home/airflow/.local/lib/python3.7/site-packages/airflow/example_dags/example_branch_labels.py for tasks to queue
[2023-05-10T21:55:33.241+0000] {logging_mixin.py:149} INFO - [2023-05-10T21:55:33.241+0000] {dagbag.py:541} INFO - Filling up the DagBag from /home/airflow/.local/lib/python3.7/site-packages/airflow/example_dags/example_branch_labels.py
[2023-05-10T21:55:33.294+0000] {processor.py:809} INFO - DAG(s) dict_keys(['example_branch_labels']) retrieved from /home/airflow/.local/lib/python3.7/site-packages/airflow/example_dags/example_branch_labels.py
[2023-05-10T21:55:33.564+0000] {logging_mixin.py:149} INFO - [2023-05-10T21:55:33.564+0000] {dag.py:2726} INFO - Sync 1 DAGs
[2023-05-10T21:55:33.870+0000] {logging_mixin.py:149} INFO - [2023-05-10T21:55:33.870+0000] {dag.py:3490} INFO - Setting next_dagrun for example_branch_labels to 2023-05-09T00:00:00+00:00, run_after=2023-05-10T00:00:00+00:00
[2023-05-10T21:55:34.265+0000] {processor.py:178} INFO - Processing /home/airflow/.local/lib/python3.7/site-packages/airflow/example_dags/example_branch_labels.py took 1.088 seconds
[2023-05-10T21:56:12.235+0000] {processor.py:156} INFO - Started process (PID=324) to work on /home/airflow/.local/lib/python3.7/site-packages/airflow/example_dags/example_branch_labels.py
[2023-05-10T21:56:12.238+0000] {processor.py:799} INFO - Processing file /home/airflow/.local/lib/python3.7/site-packages/airflow/example_dags/example_branch_labels.py for tasks to queue
[2023-05-10T21:56:12.240+0000] {logging_mixin.py:149} INFO - [2023-05-10T21:56:12.240+0000] {dagbag.py:541} INFO - Filling up the DagBag from /home/airflow/.local/lib/python3.7/site-packages/airflow/example_dags/example_branch_labels.py
[2023-05-10T21:56:12.292+0000] {processor.py:809} INFO - DAG(s) dict_keys(['example_branch_labels']) retrieved from /home/airflow/.local/lib/python3.7/site-packages/airflow/example_dags/example_branch_labels.py
[2023-05-10T21:56:12.621+0000] {logging_mixin.py:149} INFO - [2023-05-10T21:56:12.609+0000] {dag.py:2726} INFO - Sync 1 DAGs
[2023-05-10T21:56:13.120+0000] {logging_mixin.py:149} INFO - [2023-05-10T21:56:13.119+0000] {dag.py:3490} INFO - Setting next_dagrun for example_branch_labels to 2023-05-09T00:00:00+00:00, run_after=2023-05-10T00:00:00+00:00
[2023-05-10T21:56:13.355+0000] {processor.py:178} INFO - Processing /home/airflow/.local/lib/python3.7/site-packages/airflow/example_dags/example_branch_labels.py took 1.140 seconds
[2023-05-10T21:56:49.450+0000] {processor.py:156} INFO - Started process (PID=380) to work on /home/airflow/.local/lib/python3.7/site-packages/airflow/example_dags/example_branch_labels.py
[2023-05-10T21:56:49.462+0000] {processor.py:799} INFO - Processing file /home/airflow/.local/lib/python3.7/site-packages/airflow/example_dags/example_branch_labels.py for tasks to queue
[2023-05-10T21:56:49.491+0000] {logging_mixin.py:149} INFO - [2023-05-10T21:56:49.491+0000] {dagbag.py:541} INFO - Filling up the DagBag from /home/airflow/.local/lib/python3.7/site-packages/airflow/example_dags/example_branch_labels.py
[2023-05-10T21:56:49.550+0000] {processor.py:809} INFO - DAG(s) dict_keys(['example_branch_labels']) retrieved from /home/airflow/.local/lib/python3.7/site-packages/airflow/example_dags/example_branch_labels.py
[2023-05-10T21:56:49.736+0000] {logging_mixin.py:149} INFO - [2023-05-10T21:56:49.736+0000] {dag.py:2726} INFO - Sync 1 DAGs
[2023-05-10T21:56:49.963+0000] {logging_mixin.py:149} INFO - [2023-05-10T21:56:49.963+0000] {dag.py:3490} INFO - Setting next_dagrun for example_branch_labels to 2023-05-09T00:00:00+00:00, run_after=2023-05-10T00:00:00+00:00
[2023-05-10T21:56:50.203+0000] {processor.py:178} INFO - Processing /home/airflow/.local/lib/python3.7/site-packages/airflow/example_dags/example_branch_labels.py took 0.768 seconds
[2023-05-10T21:57:25.644+0000] {processor.py:156} INFO - Started process (PID=432) to work on /home/airflow/.local/lib/python3.7/site-packages/airflow/example_dags/example_branch_labels.py
[2023-05-10T21:57:25.647+0000] {processor.py:799} INFO - Processing file /home/airflow/.local/lib/python3.7/site-packages/airflow/example_dags/example_branch_labels.py for tasks to queue
[2023-05-10T21:57:25.657+0000] {logging_mixin.py:149} INFO - [2023-05-10T21:57:25.656+0000] {dagbag.py:541} INFO - Filling up the DagBag from /home/airflow/.local/lib/python3.7/site-packages/airflow/example_dags/example_branch_labels.py
[2023-05-10T21:57:25.739+0000] {processor.py:809} INFO - DAG(s) dict_keys(['example_branch_labels']) retrieved from /home/airflow/.local/lib/python3.7/site-packages/airflow/example_dags/example_branch_labels.py
[2023-05-10T21:57:25.893+0000] {logging_mixin.py:149} INFO - [2023-05-10T21:57:25.893+0000] {dag.py:2726} INFO - Sync 1 DAGs
[2023-05-10T21:57:26.111+0000] {logging_mixin.py:149} INFO - [2023-05-10T21:57:26.102+0000] {dag.py:3490} INFO - Setting next_dagrun for example_branch_labels to 2023-05-09T00:00:00+00:00, run_after=2023-05-10T00:00:00+00:00
[2023-05-10T21:57:26.292+0000] {processor.py:178} INFO - Processing /home/airflow/.local/lib/python3.7/site-packages/airflow/example_dags/example_branch_labels.py took 0.698 seconds
[2023-05-10T21:58:04.105+0000] {processor.py:156} INFO - Started process (PID=491) to work on /home/airflow/.local/lib/python3.7/site-packages/airflow/example_dags/example_branch_labels.py
[2023-05-10T21:58:04.111+0000] {processor.py:799} INFO - Processing file /home/airflow/.local/lib/python3.7/site-packages/airflow/example_dags/example_branch_labels.py for tasks to queue
[2023-05-10T21:58:04.118+0000] {logging_mixin.py:149} INFO - [2023-05-10T21:58:04.118+0000] {dagbag.py:541} INFO - Filling up the DagBag from /home/airflow/.local/lib/python3.7/site-packages/airflow/example_dags/example_branch_labels.py
[2023-05-10T21:58:04.165+0000] {processor.py:809} INFO - DAG(s) dict_keys(['example_branch_labels']) retrieved from /home/airflow/.local/lib/python3.7/site-packages/airflow/example_dags/example_branch_labels.py
[2023-05-10T21:58:04.497+0000] {logging_mixin.py:149} INFO - [2023-05-10T21:58:04.497+0000] {dag.py:2726} INFO - Sync 1 DAGs
[2023-05-10T21:58:05.017+0000] {logging_mixin.py:149} INFO - [2023-05-10T21:58:05.017+0000] {dag.py:3490} INFO - Setting next_dagrun for example_branch_labels to 2023-05-09T00:00:00+00:00, run_after=2023-05-10T00:00:00+00:00
[2023-05-10T21:58:05.519+0000] {processor.py:178} INFO - Processing /home/airflow/.local/lib/python3.7/site-packages/airflow/example_dags/example_branch_labels.py took 1.425 seconds
[2023-05-10T21:58:40.794+0000] {processor.py:156} INFO - Started process (PID=554) to work on /home/airflow/.local/lib/python3.7/site-packages/airflow/example_dags/example_branch_labels.py
[2023-05-10T21:58:40.822+0000] {processor.py:799} INFO - Processing file /home/airflow/.local/lib/python3.7/site-packages/airflow/example_dags/example_branch_labels.py for tasks to queue
[2023-05-10T21:58:40.826+0000] {logging_mixin.py:149} INFO - [2023-05-10T21:58:40.825+0000] {dagbag.py:541} INFO - Filling up the DagBag from /home/airflow/.local/lib/python3.7/site-packages/airflow/example_dags/example_branch_labels.py
[2023-05-10T21:58:40.875+0000] {processor.py:809} INFO - DAG(s) dict_keys(['example_branch_labels']) retrieved from /home/airflow/.local/lib/python3.7/site-packages/airflow/example_dags/example_branch_labels.py
[2023-05-10T21:58:41.052+0000] {logging_mixin.py:149} INFO - [2023-05-10T21:58:41.052+0000] {dag.py:2726} INFO - Sync 1 DAGs
[2023-05-10T21:58:41.367+0000] {logging_mixin.py:149} INFO - [2023-05-10T21:58:41.366+0000] {dag.py:3490} INFO - Setting next_dagrun for example_branch_labels to 2023-05-09T00:00:00+00:00, run_after=2023-05-10T00:00:00+00:00
[2023-05-10T21:58:41.602+0000] {processor.py:178} INFO - Processing /home/airflow/.local/lib/python3.7/site-packages/airflow/example_dags/example_branch_labels.py took 0.827 seconds
[2023-05-10T21:59:13.110+0000] {processor.py:156} INFO - Started process (PID=610) to work on /home/airflow/.local/lib/python3.7/site-packages/airflow/example_dags/example_branch_labels.py
[2023-05-10T21:59:13.115+0000] {processor.py:799} INFO - Processing file /home/airflow/.local/lib/python3.7/site-packages/airflow/example_dags/example_branch_labels.py for tasks to queue
[2023-05-10T21:59:13.126+0000] {logging_mixin.py:149} INFO - [2023-05-10T21:59:13.124+0000] {dagbag.py:541} INFO - Filling up the DagBag from /home/airflow/.local/lib/python3.7/site-packages/airflow/example_dags/example_branch_labels.py
[2023-05-10T21:59:13.190+0000] {processor.py:809} INFO - DAG(s) dict_keys(['example_branch_labels']) retrieved from /home/airflow/.local/lib/python3.7/site-packages/airflow/example_dags/example_branch_labels.py
[2023-05-10T21:59:13.412+0000] {logging_mixin.py:149} INFO - [2023-05-10T21:59:13.412+0000] {dag.py:2726} INFO - Sync 1 DAGs
[2023-05-10T21:59:13.624+0000] {logging_mixin.py:149} INFO - [2023-05-10T21:59:13.624+0000] {dag.py:3490} INFO - Setting next_dagrun for example_branch_labels to 2023-05-09T00:00:00+00:00, run_after=2023-05-10T00:00:00+00:00
[2023-05-10T21:59:13.785+0000] {processor.py:178} INFO - Processing /home/airflow/.local/lib/python3.7/site-packages/airflow/example_dags/example_branch_labels.py took 0.689 seconds
[2023-05-10T21:59:45.094+0000] {processor.py:156} INFO - Started process (PID=665) to work on /home/airflow/.local/lib/python3.7/site-packages/airflow/example_dags/example_branch_labels.py
[2023-05-10T21:59:45.096+0000] {processor.py:799} INFO - Processing file /home/airflow/.local/lib/python3.7/site-packages/airflow/example_dags/example_branch_labels.py for tasks to queue
[2023-05-10T21:59:45.112+0000] {logging_mixin.py:149} INFO - [2023-05-10T21:59:45.112+0000] {dagbag.py:541} INFO - Filling up the DagBag from /home/airflow/.local/lib/python3.7/site-packages/airflow/example_dags/example_branch_labels.py
[2023-05-10T21:59:45.169+0000] {processor.py:809} INFO - DAG(s) dict_keys(['example_branch_labels']) retrieved from /home/airflow/.local/lib/python3.7/site-packages/airflow/example_dags/example_branch_labels.py
[2023-05-10T21:59:45.446+0000] {logging_mixin.py:149} INFO - [2023-05-10T21:59:45.445+0000] {dag.py:2726} INFO - Sync 1 DAGs
[2023-05-10T21:59:45.735+0000] {logging_mixin.py:149} INFO - [2023-05-10T21:59:45.735+0000] {dag.py:3490} INFO - Setting next_dagrun for example_branch_labels to 2023-05-09T00:00:00+00:00, run_after=2023-05-10T00:00:00+00:00
[2023-05-10T21:59:45.921+0000] {processor.py:178} INFO - Processing /home/airflow/.local/lib/python3.7/site-packages/airflow/example_dags/example_branch_labels.py took 0.902 seconds
[2023-05-10T22:00:16.212+0000] {processor.py:156} INFO - Started process (PID=721) to work on /home/airflow/.local/lib/python3.7/site-packages/airflow/example_dags/example_branch_labels.py
[2023-05-10T22:00:16.214+0000] {processor.py:799} INFO - Processing file /home/airflow/.local/lib/python3.7/site-packages/airflow/example_dags/example_branch_labels.py for tasks to queue
[2023-05-10T22:00:16.219+0000] {logging_mixin.py:149} INFO - [2023-05-10T22:00:16.219+0000] {dagbag.py:541} INFO - Filling up the DagBag from /home/airflow/.local/lib/python3.7/site-packages/airflow/example_dags/example_branch_labels.py
[2023-05-10T22:00:16.269+0000] {processor.py:809} INFO - DAG(s) dict_keys(['example_branch_labels']) retrieved from /home/airflow/.local/lib/python3.7/site-packages/airflow/example_dags/example_branch_labels.py
[2023-05-10T22:00:16.460+0000] {logging_mixin.py:149} INFO - [2023-05-10T22:00:16.459+0000] {dag.py:2726} INFO - Sync 1 DAGs
[2023-05-10T22:00:16.709+0000] {logging_mixin.py:149} INFO - [2023-05-10T22:00:16.708+0000] {dag.py:3490} INFO - Setting next_dagrun for example_branch_labels to 2023-05-09T00:00:00+00:00, run_after=2023-05-10T00:00:00+00:00
[2023-05-10T22:00:16.912+0000] {processor.py:178} INFO - Processing /home/airflow/.local/lib/python3.7/site-packages/airflow/example_dags/example_branch_labels.py took 0.708 seconds
[2023-05-10T22:00:49.003+0000] {processor.py:156} INFO - Started process (PID=776) to work on /home/airflow/.local/lib/python3.7/site-packages/airflow/example_dags/example_branch_labels.py
[2023-05-10T22:00:49.049+0000] {processor.py:799} INFO - Processing file /home/airflow/.local/lib/python3.7/site-packages/airflow/example_dags/example_branch_labels.py for tasks to queue
[2023-05-10T22:00:49.052+0000] {logging_mixin.py:149} INFO - [2023-05-10T22:00:49.051+0000] {dagbag.py:541} INFO - Filling up the DagBag from /home/airflow/.local/lib/python3.7/site-packages/airflow/example_dags/example_branch_labels.py
[2023-05-10T22:00:49.095+0000] {processor.py:809} INFO - DAG(s) dict_keys(['example_branch_labels']) retrieved from /home/airflow/.local/lib/python3.7/site-packages/airflow/example_dags/example_branch_labels.py
[2023-05-10T22:00:49.250+0000] {logging_mixin.py:149} INFO - [2023-05-10T22:00:49.249+0000] {dag.py:2726} INFO - Sync 1 DAGs
[2023-05-10T22:00:49.414+0000] {logging_mixin.py:149} INFO - [2023-05-10T22:00:49.414+0000] {dag.py:3490} INFO - Setting next_dagrun for example_branch_labels to 2023-05-09T00:00:00+00:00, run_after=2023-05-10T00:00:00+00:00
[2023-05-10T22:00:49.561+0000] {processor.py:178} INFO - Processing /home/airflow/.local/lib/python3.7/site-packages/airflow/example_dags/example_branch_labels.py took 0.571 seconds
[2023-05-10T22:01:23.692+0000] {processor.py:156} INFO - Started process (PID=833) to work on /home/airflow/.local/lib/python3.7/site-packages/airflow/example_dags/example_branch_labels.py
[2023-05-10T22:01:23.719+0000] {processor.py:799} INFO - Processing file /home/airflow/.local/lib/python3.7/site-packages/airflow/example_dags/example_branch_labels.py for tasks to queue
[2023-05-10T22:01:23.722+0000] {logging_mixin.py:149} INFO - [2023-05-10T22:01:23.722+0000] {dagbag.py:541} INFO - Filling up the DagBag from /home/airflow/.local/lib/python3.7/site-packages/airflow/example_dags/example_branch_labels.py
[2023-05-10T22:01:23.763+0000] {processor.py:809} INFO - DAG(s) dict_keys(['example_branch_labels']) retrieved from /home/airflow/.local/lib/python3.7/site-packages/airflow/example_dags/example_branch_labels.py
[2023-05-10T22:01:23.902+0000] {logging_mixin.py:149} INFO - [2023-05-10T22:01:23.901+0000] {dag.py:2726} INFO - Sync 1 DAGs
[2023-05-10T22:01:24.064+0000] {logging_mixin.py:149} INFO - [2023-05-10T22:01:24.064+0000] {dag.py:3490} INFO - Setting next_dagrun for example_branch_labels to 2023-05-09T00:00:00+00:00, run_after=2023-05-10T00:00:00+00:00
[2023-05-10T22:01:25.321+0000] {processor.py:178} INFO - Processing /home/airflow/.local/lib/python3.7/site-packages/airflow/example_dags/example_branch_labels.py took 1.647 seconds
[2023-05-10T22:01:58.929+0000] {processor.py:156} INFO - Started process (PID=891) to work on /home/airflow/.local/lib/python3.7/site-packages/airflow/example_dags/example_branch_labels.py
[2023-05-10T22:01:58.939+0000] {processor.py:799} INFO - Processing file /home/airflow/.local/lib/python3.7/site-packages/airflow/example_dags/example_branch_labels.py for tasks to queue
[2023-05-10T22:01:58.942+0000] {logging_mixin.py:149} INFO - [2023-05-10T22:01:58.941+0000] {dagbag.py:541} INFO - Filling up the DagBag from /home/airflow/.local/lib/python3.7/site-packages/airflow/example_dags/example_branch_labels.py
[2023-05-10T22:01:59.000+0000] {processor.py:809} INFO - DAG(s) dict_keys(['example_branch_labels']) retrieved from /home/airflow/.local/lib/python3.7/site-packages/airflow/example_dags/example_branch_labels.py
[2023-05-10T22:01:59.156+0000] {logging_mixin.py:149} INFO - [2023-05-10T22:01:59.156+0000] {dag.py:2726} INFO - Sync 1 DAGs
[2023-05-10T22:01:59.408+0000] {logging_mixin.py:149} INFO - [2023-05-10T22:01:59.408+0000] {dag.py:3490} INFO - Setting next_dagrun for example_branch_labels to 2023-05-09T00:00:00+00:00, run_after=2023-05-10T00:00:00+00:00
[2023-05-10T22:01:59.623+0000] {processor.py:178} INFO - Processing /home/airflow/.local/lib/python3.7/site-packages/airflow/example_dags/example_branch_labels.py took 0.705 seconds
[2023-05-10T22:02:35.169+0000] {processor.py:156} INFO - Started process (PID=948) to work on /home/airflow/.local/lib/python3.7/site-packages/airflow/example_dags/example_branch_labels.py
[2023-05-10T22:02:35.174+0000] {processor.py:799} INFO - Processing file /home/airflow/.local/lib/python3.7/site-packages/airflow/example_dags/example_branch_labels.py for tasks to queue
[2023-05-10T22:02:35.184+0000] {logging_mixin.py:149} INFO - [2023-05-10T22:02:35.183+0000] {dagbag.py:541} INFO - Filling up the DagBag from /home/airflow/.local/lib/python3.7/site-packages/airflow/example_dags/example_branch_labels.py
[2023-05-10T22:02:35.280+0000] {processor.py:809} INFO - DAG(s) dict_keys(['example_branch_labels']) retrieved from /home/airflow/.local/lib/python3.7/site-packages/airflow/example_dags/example_branch_labels.py
[2023-05-10T22:02:35.535+0000] {logging_mixin.py:149} INFO - [2023-05-10T22:02:35.534+0000] {dag.py:2726} INFO - Sync 1 DAGs
[2023-05-10T22:02:35.948+0000] {logging_mixin.py:149} INFO - [2023-05-10T22:02:35.946+0000] {dag.py:3490} INFO - Setting next_dagrun for example_branch_labels to 2023-05-09T00:00:00+00:00, run_after=2023-05-10T00:00:00+00:00
[2023-05-10T22:02:36.552+0000] {processor.py:178} INFO - Processing /home/airflow/.local/lib/python3.7/site-packages/airflow/example_dags/example_branch_labels.py took 1.406 seconds
[2023-05-10T22:03:07.333+0000] {processor.py:156} INFO - Started process (PID=1004) to work on /home/airflow/.local/lib/python3.7/site-packages/airflow/example_dags/example_branch_labels.py
[2023-05-10T22:03:07.346+0000] {processor.py:799} INFO - Processing file /home/airflow/.local/lib/python3.7/site-packages/airflow/example_dags/example_branch_labels.py for tasks to queue
[2023-05-10T22:03:07.348+0000] {logging_mixin.py:149} INFO - [2023-05-10T22:03:07.348+0000] {dagbag.py:541} INFO - Filling up the DagBag from /home/airflow/.local/lib/python3.7/site-packages/airflow/example_dags/example_branch_labels.py
[2023-05-10T22:03:07.413+0000] {processor.py:809} INFO - DAG(s) dict_keys(['example_branch_labels']) retrieved from /home/airflow/.local/lib/python3.7/site-packages/airflow/example_dags/example_branch_labels.py
[2023-05-10T22:03:07.552+0000] {logging_mixin.py:149} INFO - [2023-05-10T22:03:07.550+0000] {dag.py:2726} INFO - Sync 1 DAGs
[2023-05-10T22:03:07.763+0000] {logging_mixin.py:149} INFO - [2023-05-10T22:03:07.763+0000] {dag.py:3490} INFO - Setting next_dagrun for example_branch_labels to 2023-05-09T00:00:00+00:00, run_after=2023-05-10T00:00:00+00:00
[2023-05-10T22:03:07.991+0000] {processor.py:178} INFO - Processing /home/airflow/.local/lib/python3.7/site-packages/airflow/example_dags/example_branch_labels.py took 0.677 seconds
[2023-05-10T22:03:38.178+0000] {processor.py:156} INFO - Started process (PID=1059) to work on /home/airflow/.local/lib/python3.7/site-packages/airflow/example_dags/example_branch_labels.py
[2023-05-10T22:03:38.186+0000] {processor.py:799} INFO - Processing file /home/airflow/.local/lib/python3.7/site-packages/airflow/example_dags/example_branch_labels.py for tasks to queue
[2023-05-10T22:03:38.189+0000] {logging_mixin.py:149} INFO - [2023-05-10T22:03:38.188+0000] {dagbag.py:541} INFO - Filling up the DagBag from /home/airflow/.local/lib/python3.7/site-packages/airflow/example_dags/example_branch_labels.py
[2023-05-10T22:03:38.243+0000] {processor.py:809} INFO - DAG(s) dict_keys(['example_branch_labels']) retrieved from /home/airflow/.local/lib/python3.7/site-packages/airflow/example_dags/example_branch_labels.py
[2023-05-10T22:03:38.378+0000] {logging_mixin.py:149} INFO - [2023-05-10T22:03:38.377+0000] {dag.py:2726} INFO - Sync 1 DAGs
[2023-05-10T22:03:38.541+0000] {logging_mixin.py:149} INFO - [2023-05-10T22:03:38.540+0000] {dag.py:3490} INFO - Setting next_dagrun for example_branch_labels to 2023-05-09T00:00:00+00:00, run_after=2023-05-10T00:00:00+00:00
[2023-05-10T22:03:38.815+0000] {processor.py:178} INFO - Processing /home/airflow/.local/lib/python3.7/site-packages/airflow/example_dags/example_branch_labels.py took 0.651 seconds
[2023-05-10T22:04:09.199+0000] {processor.py:156} INFO - Started process (PID=1111) to work on /home/airflow/.local/lib/python3.7/site-packages/airflow/example_dags/example_branch_labels.py
[2023-05-10T22:04:09.211+0000] {processor.py:799} INFO - Processing file /home/airflow/.local/lib/python3.7/site-packages/airflow/example_dags/example_branch_labels.py for tasks to queue
[2023-05-10T22:04:09.215+0000] {logging_mixin.py:149} INFO - [2023-05-10T22:04:09.214+0000] {dagbag.py:541} INFO - Filling up the DagBag from /home/airflow/.local/lib/python3.7/site-packages/airflow/example_dags/example_branch_labels.py
[2023-05-10T22:04:09.259+0000] {processor.py:809} INFO - DAG(s) dict_keys(['example_branch_labels']) retrieved from /home/airflow/.local/lib/python3.7/site-packages/airflow/example_dags/example_branch_labels.py
[2023-05-10T22:04:09.417+0000] {logging_mixin.py:149} INFO - [2023-05-10T22:04:09.417+0000] {dag.py:2726} INFO - Sync 1 DAGs
[2023-05-10T22:04:09.690+0000] {logging_mixin.py:149} INFO - [2023-05-10T22:04:09.689+0000] {dag.py:3490} INFO - Setting next_dagrun for example_branch_labels to 2023-05-09T00:00:00+00:00, run_after=2023-05-10T00:00:00+00:00
[2023-05-10T22:04:09.907+0000] {processor.py:178} INFO - Processing /home/airflow/.local/lib/python3.7/site-packages/airflow/example_dags/example_branch_labels.py took 0.716 seconds
[2023-05-10T22:04:44.415+0000] {processor.py:156} INFO - Started process (PID=1167) to work on /home/airflow/.local/lib/python3.7/site-packages/airflow/example_dags/example_branch_labels.py
[2023-05-10T22:04:44.419+0000] {processor.py:799} INFO - Processing file /home/airflow/.local/lib/python3.7/site-packages/airflow/example_dags/example_branch_labels.py for tasks to queue
[2023-05-10T22:04:44.422+0000] {logging_mixin.py:149} INFO - [2023-05-10T22:04:44.421+0000] {dagbag.py:541} INFO - Filling up the DagBag from /home/airflow/.local/lib/python3.7/site-packages/airflow/example_dags/example_branch_labels.py
[2023-05-10T22:04:44.478+0000] {processor.py:809} INFO - DAG(s) dict_keys(['example_branch_labels']) retrieved from /home/airflow/.local/lib/python3.7/site-packages/airflow/example_dags/example_branch_labels.py
[2023-05-10T22:04:44.627+0000] {logging_mixin.py:149} INFO - [2023-05-10T22:04:44.626+0000] {dag.py:2726} INFO - Sync 1 DAGs
[2023-05-10T22:04:44.915+0000] {logging_mixin.py:149} INFO - [2023-05-10T22:04:44.914+0000] {dag.py:3490} INFO - Setting next_dagrun for example_branch_labels to 2023-05-09T00:00:00+00:00, run_after=2023-05-10T00:00:00+00:00
[2023-05-10T22:04:45.191+0000] {processor.py:178} INFO - Processing /home/airflow/.local/lib/python3.7/site-packages/airflow/example_dags/example_branch_labels.py took 0.795 seconds
[2023-05-10T22:05:16.008+0000] {processor.py:156} INFO - Started process (PID=1223) to work on /home/airflow/.local/lib/python3.7/site-packages/airflow/example_dags/example_branch_labels.py
[2023-05-10T22:05:16.010+0000] {processor.py:799} INFO - Processing file /home/airflow/.local/lib/python3.7/site-packages/airflow/example_dags/example_branch_labels.py for tasks to queue
[2023-05-10T22:05:16.013+0000] {logging_mixin.py:149} INFO - [2023-05-10T22:05:16.013+0000] {dagbag.py:541} INFO - Filling up the DagBag from /home/airflow/.local/lib/python3.7/site-packages/airflow/example_dags/example_branch_labels.py
[2023-05-10T22:05:16.086+0000] {processor.py:809} INFO - DAG(s) dict_keys(['example_branch_labels']) retrieved from /home/airflow/.local/lib/python3.7/site-packages/airflow/example_dags/example_branch_labels.py
[2023-05-10T22:05:16.330+0000] {logging_mixin.py:149} INFO - [2023-05-10T22:05:16.327+0000] {dag.py:2726} INFO - Sync 1 DAGs
[2023-05-10T22:05:16.579+0000] {logging_mixin.py:149} INFO - [2023-05-10T22:05:16.578+0000] {dag.py:3490} INFO - Setting next_dagrun for example_branch_labels to 2023-05-09T00:00:00+00:00, run_after=2023-05-10T00:00:00+00:00
[2023-05-10T22:05:16.870+0000] {processor.py:178} INFO - Processing /home/airflow/.local/lib/python3.7/site-packages/airflow/example_dags/example_branch_labels.py took 0.881 seconds
[2023-05-10T22:05:48.610+0000] {processor.py:156} INFO - Started process (PID=1280) to work on /home/airflow/.local/lib/python3.7/site-packages/airflow/example_dags/example_branch_labels.py
[2023-05-10T22:05:48.619+0000] {processor.py:799} INFO - Processing file /home/airflow/.local/lib/python3.7/site-packages/airflow/example_dags/example_branch_labels.py for tasks to queue
[2023-05-10T22:05:48.623+0000] {logging_mixin.py:149} INFO - [2023-05-10T22:05:48.622+0000] {dagbag.py:541} INFO - Filling up the DagBag from /home/airflow/.local/lib/python3.7/site-packages/airflow/example_dags/example_branch_labels.py
[2023-05-10T22:05:48.682+0000] {processor.py:809} INFO - DAG(s) dict_keys(['example_branch_labels']) retrieved from /home/airflow/.local/lib/python3.7/site-packages/airflow/example_dags/example_branch_labels.py
[2023-05-10T22:05:48.854+0000] {logging_mixin.py:149} INFO - [2023-05-10T22:05:48.854+0000] {dag.py:2726} INFO - Sync 1 DAGs
[2023-05-10T22:05:48.999+0000] {logging_mixin.py:149} INFO - [2023-05-10T22:05:48.999+0000] {dag.py:3490} INFO - Setting next_dagrun for example_branch_labels to 2023-05-09T00:00:00+00:00, run_after=2023-05-10T00:00:00+00:00
[2023-05-10T22:05:49.858+0000] {processor.py:178} INFO - Processing /home/airflow/.local/lib/python3.7/site-packages/airflow/example_dags/example_branch_labels.py took 1.256 seconds
[2023-05-10T22:06:21.277+0000] {processor.py:156} INFO - Started process (PID=1336) to work on /home/airflow/.local/lib/python3.7/site-packages/airflow/example_dags/example_branch_labels.py
[2023-05-10T22:06:21.280+0000] {processor.py:799} INFO - Processing file /home/airflow/.local/lib/python3.7/site-packages/airflow/example_dags/example_branch_labels.py for tasks to queue
[2023-05-10T22:06:21.283+0000] {logging_mixin.py:149} INFO - [2023-05-10T22:06:21.282+0000] {dagbag.py:541} INFO - Filling up the DagBag from /home/airflow/.local/lib/python3.7/site-packages/airflow/example_dags/example_branch_labels.py
[2023-05-10T22:06:21.329+0000] {processor.py:809} INFO - DAG(s) dict_keys(['example_branch_labels']) retrieved from /home/airflow/.local/lib/python3.7/site-packages/airflow/example_dags/example_branch_labels.py
[2023-05-10T22:06:21.504+0000] {logging_mixin.py:149} INFO - [2023-05-10T22:06:21.503+0000] {dag.py:2726} INFO - Sync 1 DAGs
[2023-05-10T22:06:21.683+0000] {logging_mixin.py:149} INFO - [2023-05-10T22:06:21.683+0000] {dag.py:3490} INFO - Setting next_dagrun for example_branch_labels to 2023-05-09T00:00:00+00:00, run_after=2023-05-10T00:00:00+00:00
[2023-05-10T22:06:21.855+0000] {processor.py:178} INFO - Processing /home/airflow/.local/lib/python3.7/site-packages/airflow/example_dags/example_branch_labels.py took 0.594 seconds
[2023-05-10T22:06:54.330+0000] {processor.py:156} INFO - Started process (PID=1394) to work on /home/airflow/.local/lib/python3.7/site-packages/airflow/example_dags/example_branch_labels.py
[2023-05-10T22:06:54.333+0000] {processor.py:799} INFO - Processing file /home/airflow/.local/lib/python3.7/site-packages/airflow/example_dags/example_branch_labels.py for tasks to queue
[2023-05-10T22:06:54.339+0000] {logging_mixin.py:149} INFO - [2023-05-10T22:06:54.338+0000] {dagbag.py:541} INFO - Filling up the DagBag from /home/airflow/.local/lib/python3.7/site-packages/airflow/example_dags/example_branch_labels.py
[2023-05-10T22:06:54.377+0000] {processor.py:809} INFO - DAG(s) dict_keys(['example_branch_labels']) retrieved from /home/airflow/.local/lib/python3.7/site-packages/airflow/example_dags/example_branch_labels.py
[2023-05-10T22:06:54.493+0000] {logging_mixin.py:149} INFO - [2023-05-10T22:06:54.492+0000] {dag.py:2726} INFO - Sync 1 DAGs
[2023-05-10T22:06:54.643+0000] {logging_mixin.py:149} INFO - [2023-05-10T22:06:54.643+0000] {dag.py:3490} INFO - Setting next_dagrun for example_branch_labels to 2023-05-09T00:00:00+00:00, run_after=2023-05-10T00:00:00+00:00
[2023-05-10T22:06:54.944+0000] {processor.py:178} INFO - Processing /home/airflow/.local/lib/python3.7/site-packages/airflow/example_dags/example_branch_labels.py took 0.623 seconds
[2023-05-10T22:07:29.117+0000] {processor.py:156} INFO - Started process (PID=1456) to work on /home/airflow/.local/lib/python3.7/site-packages/airflow/example_dags/example_branch_labels.py
[2023-05-10T22:07:29.128+0000] {processor.py:799} INFO - Processing file /home/airflow/.local/lib/python3.7/site-packages/airflow/example_dags/example_branch_labels.py for tasks to queue
[2023-05-10T22:07:29.131+0000] {logging_mixin.py:149} INFO - [2023-05-10T22:07:29.131+0000] {dagbag.py:541} INFO - Filling up the DagBag from /home/airflow/.local/lib/python3.7/site-packages/airflow/example_dags/example_branch_labels.py
[2023-05-10T22:07:29.186+0000] {processor.py:809} INFO - DAG(s) dict_keys(['example_branch_labels']) retrieved from /home/airflow/.local/lib/python3.7/site-packages/airflow/example_dags/example_branch_labels.py
[2023-05-10T22:07:29.327+0000] {logging_mixin.py:149} INFO - [2023-05-10T22:07:29.327+0000] {dag.py:2726} INFO - Sync 1 DAGs
[2023-05-10T22:07:29.501+0000] {logging_mixin.py:149} INFO - [2023-05-10T22:07:29.499+0000] {dag.py:3490} INFO - Setting next_dagrun for example_branch_labels to 2023-05-09T00:00:00+00:00, run_after=2023-05-10T00:00:00+00:00
[2023-05-10T22:07:29.700+0000] {processor.py:178} INFO - Processing /home/airflow/.local/lib/python3.7/site-packages/airflow/example_dags/example_branch_labels.py took 0.590 seconds
[2023-05-10T22:08:03.583+0000] {processor.py:156} INFO - Started process (PID=1514) to work on /home/airflow/.local/lib/python3.7/site-packages/airflow/example_dags/example_branch_labels.py
[2023-05-10T22:08:03.588+0000] {processor.py:799} INFO - Processing file /home/airflow/.local/lib/python3.7/site-packages/airflow/example_dags/example_branch_labels.py for tasks to queue
[2023-05-10T22:08:03.591+0000] {logging_mixin.py:149} INFO - [2023-05-10T22:08:03.590+0000] {dagbag.py:541} INFO - Filling up the DagBag from /home/airflow/.local/lib/python3.7/site-packages/airflow/example_dags/example_branch_labels.py
[2023-05-10T22:08:03.637+0000] {processor.py:809} INFO - DAG(s) dict_keys(['example_branch_labels']) retrieved from /home/airflow/.local/lib/python3.7/site-packages/airflow/example_dags/example_branch_labels.py
[2023-05-10T22:08:03.826+0000] {logging_mixin.py:149} INFO - [2023-05-10T22:08:03.826+0000] {dag.py:2726} INFO - Sync 1 DAGs
[2023-05-10T22:08:04.073+0000] {logging_mixin.py:149} INFO - [2023-05-10T22:08:04.073+0000] {dag.py:3490} INFO - Setting next_dagrun for example_branch_labels to 2023-05-09T00:00:00+00:00, run_after=2023-05-10T00:00:00+00:00
[2023-05-10T22:08:04.285+0000] {processor.py:178} INFO - Processing /home/airflow/.local/lib/python3.7/site-packages/airflow/example_dags/example_branch_labels.py took 0.722 seconds
[2023-05-10T22:08:41.889+0000] {processor.py:156} INFO - Started process (PID=1573) to work on /home/airflow/.local/lib/python3.7/site-packages/airflow/example_dags/example_branch_labels.py
[2023-05-10T22:08:41.891+0000] {processor.py:799} INFO - Processing file /home/airflow/.local/lib/python3.7/site-packages/airflow/example_dags/example_branch_labels.py for tasks to queue
[2023-05-10T22:08:41.894+0000] {logging_mixin.py:149} INFO - [2023-05-10T22:08:41.893+0000] {dagbag.py:541} INFO - Filling up the DagBag from /home/airflow/.local/lib/python3.7/site-packages/airflow/example_dags/example_branch_labels.py
[2023-05-10T22:08:42.056+0000] {processor.py:809} INFO - DAG(s) dict_keys(['example_branch_labels']) retrieved from /home/airflow/.local/lib/python3.7/site-packages/airflow/example_dags/example_branch_labels.py
[2023-05-10T22:08:42.243+0000] {logging_mixin.py:149} INFO - [2023-05-10T22:08:42.242+0000] {dag.py:2726} INFO - Sync 1 DAGs
[2023-05-10T22:08:42.529+0000] {logging_mixin.py:149} INFO - [2023-05-10T22:08:42.529+0000] {dag.py:3490} INFO - Setting next_dagrun for example_branch_labels to 2023-05-09T00:00:00+00:00, run_after=2023-05-10T00:00:00+00:00
[2023-05-10T22:08:42.766+0000] {processor.py:178} INFO - Processing /home/airflow/.local/lib/python3.7/site-packages/airflow/example_dags/example_branch_labels.py took 0.891 seconds
[2023-05-10T22:09:15.723+0000] {processor.py:156} INFO - Started process (PID=1628) to work on /home/airflow/.local/lib/python3.7/site-packages/airflow/example_dags/example_branch_labels.py
[2023-05-10T22:09:15.726+0000] {processor.py:799} INFO - Processing file /home/airflow/.local/lib/python3.7/site-packages/airflow/example_dags/example_branch_labels.py for tasks to queue
[2023-05-10T22:09:15.728+0000] {logging_mixin.py:149} INFO - [2023-05-10T22:09:15.728+0000] {dagbag.py:541} INFO - Filling up the DagBag from /home/airflow/.local/lib/python3.7/site-packages/airflow/example_dags/example_branch_labels.py
[2023-05-10T22:09:15.815+0000] {processor.py:809} INFO - DAG(s) dict_keys(['example_branch_labels']) retrieved from /home/airflow/.local/lib/python3.7/site-packages/airflow/example_dags/example_branch_labels.py
[2023-05-10T22:09:16.140+0000] {logging_mixin.py:149} INFO - [2023-05-10T22:09:16.140+0000] {dag.py:2726} INFO - Sync 1 DAGs
[2023-05-10T22:09:16.499+0000] {logging_mixin.py:149} INFO - [2023-05-10T22:09:16.498+0000] {dag.py:3490} INFO - Setting next_dagrun for example_branch_labels to 2023-05-09T00:00:00+00:00, run_after=2023-05-10T00:00:00+00:00
[2023-05-10T22:09:16.905+0000] {processor.py:178} INFO - Processing /home/airflow/.local/lib/python3.7/site-packages/airflow/example_dags/example_branch_labels.py took 1.201 seconds
[2023-05-10T22:09:47.158+0000] {processor.py:156} INFO - Started process (PID=1681) to work on /home/airflow/.local/lib/python3.7/site-packages/airflow/example_dags/example_branch_labels.py
[2023-05-10T22:09:47.161+0000] {processor.py:799} INFO - Processing file /home/airflow/.local/lib/python3.7/site-packages/airflow/example_dags/example_branch_labels.py for tasks to queue
[2023-05-10T22:09:47.163+0000] {logging_mixin.py:149} INFO - [2023-05-10T22:09:47.163+0000] {dagbag.py:541} INFO - Filling up the DagBag from /home/airflow/.local/lib/python3.7/site-packages/airflow/example_dags/example_branch_labels.py
[2023-05-10T22:09:47.201+0000] {processor.py:809} INFO - DAG(s) dict_keys(['example_branch_labels']) retrieved from /home/airflow/.local/lib/python3.7/site-packages/airflow/example_dags/example_branch_labels.py
[2023-05-10T22:09:47.312+0000] {logging_mixin.py:149} INFO - [2023-05-10T22:09:47.312+0000] {dag.py:2726} INFO - Sync 1 DAGs
[2023-05-10T22:09:47.418+0000] {logging_mixin.py:149} INFO - [2023-05-10T22:09:47.417+0000] {dag.py:3490} INFO - Setting next_dagrun for example_branch_labels to 2023-05-09T00:00:00+00:00, run_after=2023-05-10T00:00:00+00:00
[2023-05-10T22:09:47.530+0000] {processor.py:178} INFO - Processing /home/airflow/.local/lib/python3.7/site-packages/airflow/example_dags/example_branch_labels.py took 0.384 seconds
[2023-05-10T22:10:17.859+0000] {processor.py:156} INFO - Started process (PID=1737) to work on /home/airflow/.local/lib/python3.7/site-packages/airflow/example_dags/example_branch_labels.py
[2023-05-10T22:10:17.862+0000] {processor.py:799} INFO - Processing file /home/airflow/.local/lib/python3.7/site-packages/airflow/example_dags/example_branch_labels.py for tasks to queue
[2023-05-10T22:10:17.864+0000] {logging_mixin.py:149} INFO - [2023-05-10T22:10:17.864+0000] {dagbag.py:541} INFO - Filling up the DagBag from /home/airflow/.local/lib/python3.7/site-packages/airflow/example_dags/example_branch_labels.py
[2023-05-10T22:10:17.899+0000] {processor.py:809} INFO - DAG(s) dict_keys(['example_branch_labels']) retrieved from /home/airflow/.local/lib/python3.7/site-packages/airflow/example_dags/example_branch_labels.py
[2023-05-10T22:10:18.039+0000] {logging_mixin.py:149} INFO - [2023-05-10T22:10:18.039+0000] {dag.py:2726} INFO - Sync 1 DAGs
[2023-05-10T22:10:18.203+0000] {logging_mixin.py:149} INFO - [2023-05-10T22:10:18.202+0000] {dag.py:3490} INFO - Setting next_dagrun for example_branch_labels to 2023-05-09T00:00:00+00:00, run_after=2023-05-10T00:00:00+00:00
[2023-05-10T22:10:18.344+0000] {processor.py:178} INFO - Processing /home/airflow/.local/lib/python3.7/site-packages/airflow/example_dags/example_branch_labels.py took 0.497 seconds
