[2023-05-10T21:52:57.868+0000] {processor.py:156} INFO - Started process (PID=81) to work on /home/airflow/.local/lib/python3.7/site-packages/airflow/example_dags/example_datasets.py
[2023-05-10T21:52:57.871+0000] {processor.py:799} INFO - Processing file /home/airflow/.local/lib/python3.7/site-packages/airflow/example_dags/example_datasets.py for tasks to queue
[2023-05-10T21:52:57.876+0000] {logging_mixin.py:149} INFO - [2023-05-10T21:52:57.875+0000] {dagbag.py:541} INFO - Filling up the DagBag from /home/airflow/.local/lib/python3.7/site-packages/airflow/example_dags/example_datasets.py
[2023-05-10T21:52:57.955+0000] {processor.py:809} INFO - DAG(s) dict_keys(['dataset_consumes_1_never_scheduled', 'dataset_consumes_unknown_never_scheduled', 'dataset_consumes_1_and_2', 'dataset_consumes_1', 'dataset_produces_2', 'dataset_produces_1']) retrieved from /home/airflow/.local/lib/python3.7/site-packages/airflow/example_dags/example_datasets.py
[2023-05-10T21:52:58.857+0000] {logging_mixin.py:149} INFO - [2023-05-10T21:52:58.857+0000] {manager.py:504} INFO - Created Permission View: can read on DAG:dataset_consumes_1_never_scheduled
[2023-05-10T21:52:58.956+0000] {logging_mixin.py:149} INFO - [2023-05-10T21:52:58.956+0000] {manager.py:504} INFO - Created Permission View: can delete on DAG:dataset_consumes_1_never_scheduled
[2023-05-10T21:52:59.035+0000] {logging_mixin.py:149} INFO - [2023-05-10T21:52:59.034+0000] {manager.py:504} INFO - Created Permission View: can edit on DAG:dataset_consumes_1_never_scheduled
[2023-05-10T21:52:59.203+0000] {logging_mixin.py:149} INFO - [2023-05-10T21:52:59.203+0000] {manager.py:504} INFO - Created Permission View: can read on DAG:dataset_consumes_unknown_never_scheduled
[2023-05-10T21:52:59.267+0000] {logging_mixin.py:149} INFO - [2023-05-10T21:52:59.267+0000] {manager.py:504} INFO - Created Permission View: can delete on DAG:dataset_consumes_unknown_never_scheduled
[2023-05-10T21:52:59.356+0000] {logging_mixin.py:149} INFO - [2023-05-10T21:52:59.356+0000] {manager.py:504} INFO - Created Permission View: can edit on DAG:dataset_consumes_unknown_never_scheduled
[2023-05-10T21:52:59.589+0000] {logging_mixin.py:149} INFO - [2023-05-10T21:52:59.589+0000] {manager.py:504} INFO - Created Permission View: can read on DAG:dataset_consumes_1_and_2
[2023-05-10T21:52:59.900+0000] {logging_mixin.py:149} INFO - [2023-05-10T21:52:59.900+0000] {manager.py:504} INFO - Created Permission View: can delete on DAG:dataset_consumes_1_and_2
[2023-05-10T21:52:59.995+0000] {logging_mixin.py:149} INFO - [2023-05-10T21:52:59.988+0000] {manager.py:504} INFO - Created Permission View: can edit on DAG:dataset_consumes_1_and_2
[2023-05-10T21:53:00.191+0000] {logging_mixin.py:149} INFO - [2023-05-10T21:53:00.188+0000] {manager.py:504} INFO - Created Permission View: can read on DAG:dataset_consumes_1
[2023-05-10T21:53:00.313+0000] {logging_mixin.py:149} INFO - [2023-05-10T21:53:00.312+0000] {manager.py:504} INFO - Created Permission View: can delete on DAG:dataset_consumes_1
[2023-05-10T21:53:00.468+0000] {logging_mixin.py:149} INFO - [2023-05-10T21:53:00.467+0000] {manager.py:504} INFO - Created Permission View: can edit on DAG:dataset_consumes_1
[2023-05-10T21:53:00.728+0000] {logging_mixin.py:149} INFO - [2023-05-10T21:53:00.727+0000] {manager.py:504} INFO - Created Permission View: can read on DAG:dataset_produces_2
[2023-05-10T21:53:00.877+0000] {logging_mixin.py:149} INFO - [2023-05-10T21:53:00.876+0000] {manager.py:504} INFO - Created Permission View: can delete on DAG:dataset_produces_2
[2023-05-10T21:53:01.305+0000] {logging_mixin.py:149} INFO - [2023-05-10T21:53:01.304+0000] {manager.py:504} INFO - Created Permission View: can edit on DAG:dataset_produces_2
[2023-05-10T21:53:01.653+0000] {logging_mixin.py:149} INFO - [2023-05-10T21:53:01.652+0000] {manager.py:504} INFO - Created Permission View: can read on DAG:dataset_produces_1
[2023-05-10T21:53:01.753+0000] {logging_mixin.py:149} INFO - [2023-05-10T21:53:01.753+0000] {manager.py:504} INFO - Created Permission View: can delete on DAG:dataset_produces_1
[2023-05-10T21:53:01.876+0000] {logging_mixin.py:149} INFO - [2023-05-10T21:53:01.875+0000] {manager.py:504} INFO - Created Permission View: can edit on DAG:dataset_produces_1
[2023-05-10T21:53:01.878+0000] {logging_mixin.py:149} INFO - [2023-05-10T21:53:01.878+0000] {dag.py:2726} INFO - Sync 6 DAGs
[2023-05-10T21:53:02.000+0000] {logging_mixin.py:149} INFO - [2023-05-10T21:53:02.000+0000] {dag.py:2747} INFO - Creating ORM DAG for dataset_consumes_1_and_2
[2023-05-10T21:53:02.014+0000] {logging_mixin.py:149} INFO - [2023-05-10T21:53:02.014+0000] {dag.py:2747} INFO - Creating ORM DAG for dataset_produces_2
[2023-05-10T21:53:02.016+0000] {logging_mixin.py:149} INFO - [2023-05-10T21:53:02.016+0000] {dag.py:2747} INFO - Creating ORM DAG for dataset_consumes_1
[2023-05-10T21:53:02.019+0000] {logging_mixin.py:149} INFO - [2023-05-10T21:53:02.018+0000] {dag.py:2747} INFO - Creating ORM DAG for dataset_consumes_unknown_never_scheduled
[2023-05-10T21:53:02.021+0000] {logging_mixin.py:149} INFO - [2023-05-10T21:53:02.021+0000] {dag.py:2747} INFO - Creating ORM DAG for dataset_consumes_1_never_scheduled
[2023-05-10T21:53:02.024+0000] {logging_mixin.py:149} INFO - [2023-05-10T21:53:02.023+0000] {dag.py:2747} INFO - Creating ORM DAG for dataset_produces_1
[2023-05-10T21:53:02.113+0000] {logging_mixin.py:149} INFO - [2023-05-10T21:53:02.113+0000] {dag.py:3490} INFO - Setting next_dagrun for dataset_consumes_1 to None, run_after=None
[2023-05-10T21:53:02.117+0000] {logging_mixin.py:149} INFO - [2023-05-10T21:53:02.116+0000] {dag.py:3490} INFO - Setting next_dagrun for dataset_consumes_1_and_2 to None, run_after=None
[2023-05-10T21:53:02.124+0000] {logging_mixin.py:149} INFO - [2023-05-10T21:53:02.122+0000] {dag.py:3490} INFO - Setting next_dagrun for dataset_consumes_1_never_scheduled to None, run_after=None
[2023-05-10T21:53:02.126+0000] {logging_mixin.py:149} INFO - [2023-05-10T21:53:02.126+0000] {dag.py:3490} INFO - Setting next_dagrun for dataset_consumes_unknown_never_scheduled to None, run_after=None
[2023-05-10T21:53:02.139+0000] {logging_mixin.py:149} INFO - [2023-05-10T21:53:02.138+0000] {dag.py:3490} INFO - Setting next_dagrun for dataset_produces_1 to 2023-05-09T00:00:00+00:00, run_after=2023-05-10T00:00:00+00:00
[2023-05-10T21:53:02.142+0000] {logging_mixin.py:149} INFO - [2023-05-10T21:53:02.142+0000] {dag.py:3490} INFO - Setting next_dagrun for dataset_produces_2 to None, run_after=None
[2023-05-10T21:53:02.689+0000] {processor.py:178} INFO - Processing /home/airflow/.local/lib/python3.7/site-packages/airflow/example_dags/example_datasets.py took 4.831 seconds
[2023-05-10T21:54:01.966+0000] {processor.py:156} INFO - Started process (PID=143) to work on /home/airflow/.local/lib/python3.7/site-packages/airflow/example_dags/example_datasets.py
[2023-05-10T21:54:01.969+0000] {processor.py:799} INFO - Processing file /home/airflow/.local/lib/python3.7/site-packages/airflow/example_dags/example_datasets.py for tasks to queue
[2023-05-10T21:54:01.973+0000] {logging_mixin.py:149} INFO - [2023-05-10T21:54:01.972+0000] {dagbag.py:541} INFO - Filling up the DagBag from /home/airflow/.local/lib/python3.7/site-packages/airflow/example_dags/example_datasets.py
[2023-05-10T21:54:02.083+0000] {processor.py:809} INFO - DAG(s) dict_keys(['dataset_consumes_1_never_scheduled', 'dataset_consumes_1_and_2', 'dataset_produces_1', 'dataset_consumes_1', 'dataset_consumes_unknown_never_scheduled', 'dataset_produces_2']) retrieved from /home/airflow/.local/lib/python3.7/site-packages/airflow/example_dags/example_datasets.py
[2023-05-10T21:54:02.389+0000] {logging_mixin.py:149} INFO - [2023-05-10T21:54:02.377+0000] {dag.py:2726} INFO - Sync 6 DAGs
[2023-05-10T21:54:02.626+0000] {logging_mixin.py:149} INFO - [2023-05-10T21:54:02.626+0000] {dag.py:3490} INFO - Setting next_dagrun for dataset_consumes_1 to None, run_after=None
[2023-05-10T21:54:02.667+0000] {logging_mixin.py:149} INFO - [2023-05-10T21:54:02.666+0000] {dag.py:3490} INFO - Setting next_dagrun for dataset_consumes_1_and_2 to None, run_after=None
[2023-05-10T21:54:02.674+0000] {logging_mixin.py:149} INFO - [2023-05-10T21:54:02.674+0000] {dag.py:3490} INFO - Setting next_dagrun for dataset_consumes_1_never_scheduled to None, run_after=None
[2023-05-10T21:54:02.678+0000] {logging_mixin.py:149} INFO - [2023-05-10T21:54:02.678+0000] {dag.py:3490} INFO - Setting next_dagrun for dataset_consumes_unknown_never_scheduled to None, run_after=None
[2023-05-10T21:54:02.698+0000] {logging_mixin.py:149} INFO - [2023-05-10T21:54:02.697+0000] {dag.py:3490} INFO - Setting next_dagrun for dataset_produces_1 to 2023-05-09T00:00:00+00:00, run_after=2023-05-10T00:00:00+00:00
[2023-05-10T21:54:02.712+0000] {logging_mixin.py:149} INFO - [2023-05-10T21:54:02.711+0000] {dag.py:3490} INFO - Setting next_dagrun for dataset_produces_2 to None, run_after=None
[2023-05-10T21:54:03.252+0000] {processor.py:178} INFO - Processing /home/airflow/.local/lib/python3.7/site-packages/airflow/example_dags/example_datasets.py took 1.294 seconds
[2023-05-10T21:54:39.000+0000] {processor.py:156} INFO - Started process (PID=195) to work on /home/airflow/.local/lib/python3.7/site-packages/airflow/example_dags/example_datasets.py
[2023-05-10T21:54:39.008+0000] {processor.py:799} INFO - Processing file /home/airflow/.local/lib/python3.7/site-packages/airflow/example_dags/example_datasets.py for tasks to queue
[2023-05-10T21:54:39.012+0000] {logging_mixin.py:149} INFO - [2023-05-10T21:54:39.011+0000] {dagbag.py:541} INFO - Filling up the DagBag from /home/airflow/.local/lib/python3.7/site-packages/airflow/example_dags/example_datasets.py
[2023-05-10T21:54:39.061+0000] {processor.py:809} INFO - DAG(s) dict_keys(['dataset_consumes_1_and_2', 'dataset_consumes_1', 'dataset_produces_1', 'dataset_consumes_1_never_scheduled', 'dataset_produces_2', 'dataset_consumes_unknown_never_scheduled']) retrieved from /home/airflow/.local/lib/python3.7/site-packages/airflow/example_dags/example_datasets.py
[2023-05-10T21:54:39.260+0000] {logging_mixin.py:149} INFO - [2023-05-10T21:54:39.260+0000] {dag.py:2726} INFO - Sync 6 DAGs
[2023-05-10T21:54:39.467+0000] {logging_mixin.py:149} INFO - [2023-05-10T21:54:39.461+0000] {dag.py:3490} INFO - Setting next_dagrun for dataset_consumes_1 to None, run_after=None
[2023-05-10T21:54:39.483+0000] {logging_mixin.py:149} INFO - [2023-05-10T21:54:39.481+0000] {dag.py:3490} INFO - Setting next_dagrun for dataset_consumes_1_and_2 to None, run_after=None
[2023-05-10T21:54:39.490+0000] {logging_mixin.py:149} INFO - [2023-05-10T21:54:39.490+0000] {dag.py:3490} INFO - Setting next_dagrun for dataset_consumes_1_never_scheduled to None, run_after=None
[2023-05-10T21:54:39.495+0000] {logging_mixin.py:149} INFO - [2023-05-10T21:54:39.495+0000] {dag.py:3490} INFO - Setting next_dagrun for dataset_consumes_unknown_never_scheduled to None, run_after=None
[2023-05-10T21:54:39.516+0000] {logging_mixin.py:149} INFO - [2023-05-10T21:54:39.516+0000] {dag.py:3490} INFO - Setting next_dagrun for dataset_produces_1 to 2023-05-09T00:00:00+00:00, run_after=2023-05-10T00:00:00+00:00
[2023-05-10T21:54:39.537+0000] {logging_mixin.py:149} INFO - [2023-05-10T21:54:39.537+0000] {dag.py:3490} INFO - Setting next_dagrun for dataset_produces_2 to None, run_after=None
[2023-05-10T21:54:40.014+0000] {processor.py:178} INFO - Processing /home/airflow/.local/lib/python3.7/site-packages/airflow/example_dags/example_datasets.py took 1.026 seconds
[2023-05-10T21:55:30.028+0000] {processor.py:156} INFO - Started process (PID=259) to work on /home/airflow/.local/lib/python3.7/site-packages/airflow/example_dags/example_datasets.py
[2023-05-10T21:55:30.031+0000] {processor.py:799} INFO - Processing file /home/airflow/.local/lib/python3.7/site-packages/airflow/example_dags/example_datasets.py for tasks to queue
[2023-05-10T21:55:30.054+0000] {logging_mixin.py:149} INFO - [2023-05-10T21:55:30.054+0000] {dagbag.py:541} INFO - Filling up the DagBag from /home/airflow/.local/lib/python3.7/site-packages/airflow/example_dags/example_datasets.py
[2023-05-10T21:55:30.158+0000] {processor.py:809} INFO - DAG(s) dict_keys(['dataset_consumes_1', 'dataset_consumes_1_and_2', 'dataset_produces_1', 'dataset_consumes_unknown_never_scheduled', 'dataset_produces_2', 'dataset_consumes_1_never_scheduled']) retrieved from /home/airflow/.local/lib/python3.7/site-packages/airflow/example_dags/example_datasets.py
[2023-05-10T21:55:30.462+0000] {logging_mixin.py:149} INFO - [2023-05-10T21:55:30.462+0000] {dag.py:2726} INFO - Sync 6 DAGs
[2023-05-10T21:55:30.711+0000] {logging_mixin.py:149} INFO - [2023-05-10T21:55:30.711+0000] {dag.py:3490} INFO - Setting next_dagrun for dataset_consumes_1 to None, run_after=None
[2023-05-10T21:55:30.756+0000] {logging_mixin.py:149} INFO - [2023-05-10T21:55:30.756+0000] {dag.py:3490} INFO - Setting next_dagrun for dataset_consumes_1_and_2 to None, run_after=None
[2023-05-10T21:55:30.761+0000] {logging_mixin.py:149} INFO - [2023-05-10T21:55:30.761+0000] {dag.py:3490} INFO - Setting next_dagrun for dataset_consumes_1_never_scheduled to None, run_after=None
[2023-05-10T21:55:30.766+0000] {logging_mixin.py:149} INFO - [2023-05-10T21:55:30.766+0000] {dag.py:3490} INFO - Setting next_dagrun for dataset_consumes_unknown_never_scheduled to None, run_after=None
[2023-05-10T21:55:30.786+0000] {logging_mixin.py:149} INFO - [2023-05-10T21:55:30.786+0000] {dag.py:3490} INFO - Setting next_dagrun for dataset_produces_1 to 2023-05-09T00:00:00+00:00, run_after=2023-05-10T00:00:00+00:00
[2023-05-10T21:55:30.819+0000] {logging_mixin.py:149} INFO - [2023-05-10T21:55:30.818+0000] {dag.py:3490} INFO - Setting next_dagrun for dataset_produces_2 to None, run_after=None
[2023-05-10T21:55:31.365+0000] {processor.py:178} INFO - Processing /home/airflow/.local/lib/python3.7/site-packages/airflow/example_dags/example_datasets.py took 1.345 seconds
[2023-05-10T21:56:08.498+0000] {processor.py:156} INFO - Started process (PID=317) to work on /home/airflow/.local/lib/python3.7/site-packages/airflow/example_dags/example_datasets.py
[2023-05-10T21:56:08.501+0000] {processor.py:799} INFO - Processing file /home/airflow/.local/lib/python3.7/site-packages/airflow/example_dags/example_datasets.py for tasks to queue
[2023-05-10T21:56:08.505+0000] {logging_mixin.py:149} INFO - [2023-05-10T21:56:08.504+0000] {dagbag.py:541} INFO - Filling up the DagBag from /home/airflow/.local/lib/python3.7/site-packages/airflow/example_dags/example_datasets.py
[2023-05-10T21:56:08.551+0000] {processor.py:809} INFO - DAG(s) dict_keys(['dataset_consumes_1_and_2', 'dataset_consumes_unknown_never_scheduled', 'dataset_produces_1', 'dataset_produces_2', 'dataset_consumes_1_never_scheduled', 'dataset_consumes_1']) retrieved from /home/airflow/.local/lib/python3.7/site-packages/airflow/example_dags/example_datasets.py
[2023-05-10T21:56:08.742+0000] {logging_mixin.py:149} INFO - [2023-05-10T21:56:08.741+0000] {dag.py:2726} INFO - Sync 6 DAGs
[2023-05-10T21:56:08.833+0000] {logging_mixin.py:149} INFO - [2023-05-10T21:56:08.833+0000] {dag.py:3490} INFO - Setting next_dagrun for dataset_consumes_1 to None, run_after=None
[2023-05-10T21:56:08.853+0000] {logging_mixin.py:149} INFO - [2023-05-10T21:56:08.853+0000] {dag.py:3490} INFO - Setting next_dagrun for dataset_consumes_1_and_2 to None, run_after=None
[2023-05-10T21:56:08.858+0000] {logging_mixin.py:149} INFO - [2023-05-10T21:56:08.857+0000] {dag.py:3490} INFO - Setting next_dagrun for dataset_consumes_1_never_scheduled to None, run_after=None
[2023-05-10T21:56:08.862+0000] {logging_mixin.py:149} INFO - [2023-05-10T21:56:08.862+0000] {dag.py:3490} INFO - Setting next_dagrun for dataset_consumes_unknown_never_scheduled to None, run_after=None
[2023-05-10T21:56:08.879+0000] {logging_mixin.py:149} INFO - [2023-05-10T21:56:08.878+0000] {dag.py:3490} INFO - Setting next_dagrun for dataset_produces_1 to 2023-05-09T00:00:00+00:00, run_after=2023-05-10T00:00:00+00:00
[2023-05-10T21:56:08.894+0000] {logging_mixin.py:149} INFO - [2023-05-10T21:56:08.889+0000] {dag.py:3490} INFO - Setting next_dagrun for dataset_produces_2 to None, run_after=None
[2023-05-10T21:56:09.227+0000] {processor.py:178} INFO - Processing /home/airflow/.local/lib/python3.7/site-packages/airflow/example_dags/example_datasets.py took 0.737 seconds
[2023-05-10T21:56:40.925+0000] {processor.py:156} INFO - Started process (PID=368) to work on /home/airflow/.local/lib/python3.7/site-packages/airflow/example_dags/example_datasets.py
[2023-05-10T21:56:40.963+0000] {processor.py:799} INFO - Processing file /home/airflow/.local/lib/python3.7/site-packages/airflow/example_dags/example_datasets.py for tasks to queue
[2023-05-10T21:56:40.978+0000] {logging_mixin.py:149} INFO - [2023-05-10T21:56:40.977+0000] {dagbag.py:541} INFO - Filling up the DagBag from /home/airflow/.local/lib/python3.7/site-packages/airflow/example_dags/example_datasets.py
[2023-05-10T21:56:41.064+0000] {processor.py:809} INFO - DAG(s) dict_keys(['dataset_consumes_1_and_2', 'dataset_produces_1', 'dataset_consumes_1', 'dataset_produces_2', 'dataset_consumes_unknown_never_scheduled', 'dataset_consumes_1_never_scheduled']) retrieved from /home/airflow/.local/lib/python3.7/site-packages/airflow/example_dags/example_datasets.py
[2023-05-10T21:56:41.403+0000] {logging_mixin.py:149} INFO - [2023-05-10T21:56:41.403+0000] {dag.py:2726} INFO - Sync 6 DAGs
[2023-05-10T21:56:41.629+0000] {logging_mixin.py:149} INFO - [2023-05-10T21:56:41.629+0000] {dag.py:3490} INFO - Setting next_dagrun for dataset_consumes_1 to None, run_after=None
[2023-05-10T21:56:41.667+0000] {logging_mixin.py:149} INFO - [2023-05-10T21:56:41.665+0000] {dag.py:3490} INFO - Setting next_dagrun for dataset_consumes_1_and_2 to None, run_after=None
[2023-05-10T21:56:41.671+0000] {logging_mixin.py:149} INFO - [2023-05-10T21:56:41.671+0000] {dag.py:3490} INFO - Setting next_dagrun for dataset_consumes_1_never_scheduled to None, run_after=None
[2023-05-10T21:56:41.676+0000] {logging_mixin.py:149} INFO - [2023-05-10T21:56:41.676+0000] {dag.py:3490} INFO - Setting next_dagrun for dataset_consumes_unknown_never_scheduled to None, run_after=None
[2023-05-10T21:56:41.693+0000] {logging_mixin.py:149} INFO - [2023-05-10T21:56:41.693+0000] {dag.py:3490} INFO - Setting next_dagrun for dataset_produces_1 to 2023-05-09T00:00:00+00:00, run_after=2023-05-10T00:00:00+00:00
[2023-05-10T21:56:41.698+0000] {logging_mixin.py:149} INFO - [2023-05-10T21:56:41.697+0000] {dag.py:3490} INFO - Setting next_dagrun for dataset_produces_2 to None, run_after=None
[2023-05-10T21:56:42.307+0000] {processor.py:178} INFO - Processing /home/airflow/.local/lib/python3.7/site-packages/airflow/example_dags/example_datasets.py took 1.410 seconds
[2023-05-10T21:57:18.144+0000] {processor.py:156} INFO - Started process (PID=419) to work on /home/airflow/.local/lib/python3.7/site-packages/airflow/example_dags/example_datasets.py
[2023-05-10T21:57:18.155+0000] {processor.py:799} INFO - Processing file /home/airflow/.local/lib/python3.7/site-packages/airflow/example_dags/example_datasets.py for tasks to queue
[2023-05-10T21:57:18.159+0000] {logging_mixin.py:149} INFO - [2023-05-10T21:57:18.159+0000] {dagbag.py:541} INFO - Filling up the DagBag from /home/airflow/.local/lib/python3.7/site-packages/airflow/example_dags/example_datasets.py
[2023-05-10T21:57:18.234+0000] {processor.py:809} INFO - DAG(s) dict_keys(['dataset_consumes_unknown_never_scheduled', 'dataset_produces_2', 'dataset_consumes_1', 'dataset_produces_1', 'dataset_consumes_1_and_2', 'dataset_consumes_1_never_scheduled']) retrieved from /home/airflow/.local/lib/python3.7/site-packages/airflow/example_dags/example_datasets.py
[2023-05-10T21:57:18.401+0000] {logging_mixin.py:149} INFO - [2023-05-10T21:57:18.400+0000] {dag.py:2726} INFO - Sync 6 DAGs
[2023-05-10T21:57:18.581+0000] {logging_mixin.py:149} INFO - [2023-05-10T21:57:18.580+0000] {dag.py:3490} INFO - Setting next_dagrun for dataset_consumes_1 to None, run_after=None
[2023-05-10T21:57:18.640+0000] {logging_mixin.py:149} INFO - [2023-05-10T21:57:18.640+0000] {dag.py:3490} INFO - Setting next_dagrun for dataset_consumes_1_and_2 to None, run_after=None
[2023-05-10T21:57:18.662+0000] {logging_mixin.py:149} INFO - [2023-05-10T21:57:18.661+0000] {dag.py:3490} INFO - Setting next_dagrun for dataset_consumes_1_never_scheduled to None, run_after=None
[2023-05-10T21:57:18.689+0000] {logging_mixin.py:149} INFO - [2023-05-10T21:57:18.689+0000] {dag.py:3490} INFO - Setting next_dagrun for dataset_consumes_unknown_never_scheduled to None, run_after=None
[2023-05-10T21:57:18.715+0000] {logging_mixin.py:149} INFO - [2023-05-10T21:57:18.714+0000] {dag.py:3490} INFO - Setting next_dagrun for dataset_produces_1 to 2023-05-09T00:00:00+00:00, run_after=2023-05-10T00:00:00+00:00
[2023-05-10T21:57:18.733+0000] {logging_mixin.py:149} INFO - [2023-05-10T21:57:18.733+0000] {dag.py:3490} INFO - Setting next_dagrun for dataset_produces_2 to None, run_after=None
[2023-05-10T21:57:19.177+0000] {processor.py:178} INFO - Processing /home/airflow/.local/lib/python3.7/site-packages/airflow/example_dags/example_datasets.py took 1.057 seconds
[2023-05-10T21:57:55.449+0000] {processor.py:156} INFO - Started process (PID=475) to work on /home/airflow/.local/lib/python3.7/site-packages/airflow/example_dags/example_datasets.py
[2023-05-10T21:57:55.494+0000] {processor.py:799} INFO - Processing file /home/airflow/.local/lib/python3.7/site-packages/airflow/example_dags/example_datasets.py for tasks to queue
[2023-05-10T21:57:55.498+0000] {logging_mixin.py:149} INFO - [2023-05-10T21:57:55.498+0000] {dagbag.py:541} INFO - Filling up the DagBag from /home/airflow/.local/lib/python3.7/site-packages/airflow/example_dags/example_datasets.py
[2023-05-10T21:57:55.578+0000] {processor.py:809} INFO - DAG(s) dict_keys(['dataset_consumes_unknown_never_scheduled', 'dataset_consumes_1', 'dataset_produces_1', 'dataset_produces_2', 'dataset_consumes_1_and_2', 'dataset_consumes_1_never_scheduled']) retrieved from /home/airflow/.local/lib/python3.7/site-packages/airflow/example_dags/example_datasets.py
[2023-05-10T21:57:55.920+0000] {logging_mixin.py:149} INFO - [2023-05-10T21:57:55.919+0000] {dag.py:2726} INFO - Sync 6 DAGs
[2023-05-10T21:57:56.144+0000] {logging_mixin.py:149} INFO - [2023-05-10T21:57:56.142+0000] {dag.py:3490} INFO - Setting next_dagrun for dataset_consumes_1 to None, run_after=None
[2023-05-10T21:57:56.155+0000] {logging_mixin.py:149} INFO - [2023-05-10T21:57:56.154+0000] {dag.py:3490} INFO - Setting next_dagrun for dataset_consumes_1_and_2 to None, run_after=None
[2023-05-10T21:57:56.166+0000] {logging_mixin.py:149} INFO - [2023-05-10T21:57:56.163+0000] {dag.py:3490} INFO - Setting next_dagrun for dataset_consumes_1_never_scheduled to None, run_after=None
[2023-05-10T21:57:56.175+0000] {logging_mixin.py:149} INFO - [2023-05-10T21:57:56.174+0000] {dag.py:3490} INFO - Setting next_dagrun for dataset_consumes_unknown_never_scheduled to None, run_after=None
[2023-05-10T21:57:56.193+0000] {logging_mixin.py:149} INFO - [2023-05-10T21:57:56.192+0000] {dag.py:3490} INFO - Setting next_dagrun for dataset_produces_1 to 2023-05-09T00:00:00+00:00, run_after=2023-05-10T00:00:00+00:00
[2023-05-10T21:57:56.209+0000] {logging_mixin.py:149} INFO - [2023-05-10T21:57:56.208+0000] {dag.py:3490} INFO - Setting next_dagrun for dataset_produces_2 to None, run_after=None
[2023-05-10T21:57:56.642+0000] {processor.py:178} INFO - Processing /home/airflow/.local/lib/python3.7/site-packages/airflow/example_dags/example_datasets.py took 1.212 seconds
[2023-05-10T21:58:30.455+0000] {processor.py:156} INFO - Started process (PID=531) to work on /home/airflow/.local/lib/python3.7/site-packages/airflow/example_dags/example_datasets.py
[2023-05-10T21:58:30.469+0000] {processor.py:799} INFO - Processing file /home/airflow/.local/lib/python3.7/site-packages/airflow/example_dags/example_datasets.py for tasks to queue
[2023-05-10T21:58:30.485+0000] {logging_mixin.py:149} INFO - [2023-05-10T21:58:30.484+0000] {dagbag.py:541} INFO - Filling up the DagBag from /home/airflow/.local/lib/python3.7/site-packages/airflow/example_dags/example_datasets.py
[2023-05-10T21:58:30.559+0000] {processor.py:809} INFO - DAG(s) dict_keys(['dataset_produces_2', 'dataset_consumes_1_and_2', 'dataset_consumes_1_never_scheduled', 'dataset_consumes_unknown_never_scheduled', 'dataset_consumes_1', 'dataset_produces_1']) retrieved from /home/airflow/.local/lib/python3.7/site-packages/airflow/example_dags/example_datasets.py
[2023-05-10T21:58:30.923+0000] {logging_mixin.py:149} INFO - [2023-05-10T21:58:30.922+0000] {dag.py:2726} INFO - Sync 6 DAGs
[2023-05-10T21:58:31.157+0000] {logging_mixin.py:149} INFO - [2023-05-10T21:58:31.157+0000] {dag.py:3490} INFO - Setting next_dagrun for dataset_consumes_1 to None, run_after=None
[2023-05-10T21:58:31.263+0000] {logging_mixin.py:149} INFO - [2023-05-10T21:58:31.253+0000] {dag.py:3490} INFO - Setting next_dagrun for dataset_consumes_1_and_2 to None, run_after=None
[2023-05-10T21:58:31.292+0000] {logging_mixin.py:149} INFO - [2023-05-10T21:58:31.291+0000] {dag.py:3490} INFO - Setting next_dagrun for dataset_consumes_1_never_scheduled to None, run_after=None
[2023-05-10T21:58:31.297+0000] {logging_mixin.py:149} INFO - [2023-05-10T21:58:31.296+0000] {dag.py:3490} INFO - Setting next_dagrun for dataset_consumes_unknown_never_scheduled to None, run_after=None
[2023-05-10T21:58:31.330+0000] {logging_mixin.py:149} INFO - [2023-05-10T21:58:31.330+0000] {dag.py:3490} INFO - Setting next_dagrun for dataset_produces_1 to 2023-05-09T00:00:00+00:00, run_after=2023-05-10T00:00:00+00:00
[2023-05-10T21:58:31.340+0000] {logging_mixin.py:149} INFO - [2023-05-10T21:58:31.340+0000] {dag.py:3490} INFO - Setting next_dagrun for dataset_produces_2 to None, run_after=None
[2023-05-10T21:58:31.799+0000] {processor.py:178} INFO - Processing /home/airflow/.local/lib/python3.7/site-packages/airflow/example_dags/example_datasets.py took 1.406 seconds
[2023-05-10T21:59:02.511+0000] {processor.py:156} INFO - Started process (PID=587) to work on /home/airflow/.local/lib/python3.7/site-packages/airflow/example_dags/example_datasets.py
[2023-05-10T21:59:02.514+0000] {processor.py:799} INFO - Processing file /home/airflow/.local/lib/python3.7/site-packages/airflow/example_dags/example_datasets.py for tasks to queue
[2023-05-10T21:59:02.517+0000] {logging_mixin.py:149} INFO - [2023-05-10T21:59:02.516+0000] {dagbag.py:541} INFO - Filling up the DagBag from /home/airflow/.local/lib/python3.7/site-packages/airflow/example_dags/example_datasets.py
[2023-05-10T21:59:02.586+0000] {processor.py:809} INFO - DAG(s) dict_keys(['dataset_produces_2', 'dataset_consumes_1', 'dataset_consumes_unknown_never_scheduled', 'dataset_consumes_1_never_scheduled', 'dataset_consumes_1_and_2', 'dataset_produces_1']) retrieved from /home/airflow/.local/lib/python3.7/site-packages/airflow/example_dags/example_datasets.py
[2023-05-10T21:59:02.945+0000] {logging_mixin.py:149} INFO - [2023-05-10T21:59:02.922+0000] {dag.py:2726} INFO - Sync 6 DAGs
[2023-05-10T21:59:03.243+0000] {logging_mixin.py:149} INFO - [2023-05-10T21:59:03.243+0000] {dag.py:3490} INFO - Setting next_dagrun for dataset_consumes_1 to None, run_after=None
[2023-05-10T21:59:03.280+0000] {logging_mixin.py:149} INFO - [2023-05-10T21:59:03.279+0000] {dag.py:3490} INFO - Setting next_dagrun for dataset_consumes_1_and_2 to None, run_after=None
[2023-05-10T21:59:03.304+0000] {logging_mixin.py:149} INFO - [2023-05-10T21:59:03.304+0000] {dag.py:3490} INFO - Setting next_dagrun for dataset_consumes_1_never_scheduled to None, run_after=None
[2023-05-10T21:59:03.342+0000] {logging_mixin.py:149} INFO - [2023-05-10T21:59:03.342+0000] {dag.py:3490} INFO - Setting next_dagrun for dataset_consumes_unknown_never_scheduled to None, run_after=None
[2023-05-10T21:59:03.366+0000] {logging_mixin.py:149} INFO - [2023-05-10T21:59:03.365+0000] {dag.py:3490} INFO - Setting next_dagrun for dataset_produces_1 to 2023-05-09T00:00:00+00:00, run_after=2023-05-10T00:00:00+00:00
[2023-05-10T21:59:03.402+0000] {logging_mixin.py:149} INFO - [2023-05-10T21:59:03.394+0000] {dag.py:3490} INFO - Setting next_dagrun for dataset_produces_2 to None, run_after=None
[2023-05-10T21:59:04.455+0000] {processor.py:178} INFO - Processing /home/airflow/.local/lib/python3.7/site-packages/airflow/example_dags/example_datasets.py took 1.985 seconds
[2023-05-10T21:59:34.640+0000] {processor.py:156} INFO - Started process (PID=642) to work on /home/airflow/.local/lib/python3.7/site-packages/airflow/example_dags/example_datasets.py
[2023-05-10T21:59:34.653+0000] {processor.py:799} INFO - Processing file /home/airflow/.local/lib/python3.7/site-packages/airflow/example_dags/example_datasets.py for tasks to queue
[2023-05-10T21:59:34.656+0000] {logging_mixin.py:149} INFO - [2023-05-10T21:59:34.656+0000] {dagbag.py:541} INFO - Filling up the DagBag from /home/airflow/.local/lib/python3.7/site-packages/airflow/example_dags/example_datasets.py
[2023-05-10T21:59:34.722+0000] {processor.py:809} INFO - DAG(s) dict_keys(['dataset_consumes_1_and_2', 'dataset_consumes_1', 'dataset_consumes_1_never_scheduled', 'dataset_consumes_unknown_never_scheduled', 'dataset_produces_2', 'dataset_produces_1']) retrieved from /home/airflow/.local/lib/python3.7/site-packages/airflow/example_dags/example_datasets.py
[2023-05-10T21:59:35.033+0000] {logging_mixin.py:149} INFO - [2023-05-10T21:59:35.032+0000] {dag.py:2726} INFO - Sync 6 DAGs
[2023-05-10T21:59:35.192+0000] {logging_mixin.py:149} INFO - [2023-05-10T21:59:35.192+0000] {dag.py:3490} INFO - Setting next_dagrun for dataset_consumes_1 to None, run_after=None
[2023-05-10T21:59:35.212+0000] {logging_mixin.py:149} INFO - [2023-05-10T21:59:35.212+0000] {dag.py:3490} INFO - Setting next_dagrun for dataset_consumes_1_and_2 to None, run_after=None
[2023-05-10T21:59:35.227+0000] {logging_mixin.py:149} INFO - [2023-05-10T21:59:35.227+0000] {dag.py:3490} INFO - Setting next_dagrun for dataset_consumes_1_never_scheduled to None, run_after=None
[2023-05-10T21:59:35.232+0000] {logging_mixin.py:149} INFO - [2023-05-10T21:59:35.231+0000] {dag.py:3490} INFO - Setting next_dagrun for dataset_consumes_unknown_never_scheduled to None, run_after=None
[2023-05-10T21:59:35.242+0000] {logging_mixin.py:149} INFO - [2023-05-10T21:59:35.241+0000] {dag.py:3490} INFO - Setting next_dagrun for dataset_produces_1 to 2023-05-09T00:00:00+00:00, run_after=2023-05-10T00:00:00+00:00
[2023-05-10T21:59:35.250+0000] {logging_mixin.py:149} INFO - [2023-05-10T21:59:35.246+0000] {dag.py:3490} INFO - Setting next_dagrun for dataset_produces_2 to None, run_after=None
[2023-05-10T21:59:35.461+0000] {processor.py:178} INFO - Processing /home/airflow/.local/lib/python3.7/site-packages/airflow/example_dags/example_datasets.py took 0.839 seconds
[2023-05-10T22:00:05.882+0000] {processor.py:156} INFO - Started process (PID=698) to work on /home/airflow/.local/lib/python3.7/site-packages/airflow/example_dags/example_datasets.py
[2023-05-10T22:00:05.885+0000] {processor.py:799} INFO - Processing file /home/airflow/.local/lib/python3.7/site-packages/airflow/example_dags/example_datasets.py for tasks to queue
[2023-05-10T22:00:05.888+0000] {logging_mixin.py:149} INFO - [2023-05-10T22:00:05.887+0000] {dagbag.py:541} INFO - Filling up the DagBag from /home/airflow/.local/lib/python3.7/site-packages/airflow/example_dags/example_datasets.py
[2023-05-10T22:00:05.950+0000] {processor.py:809} INFO - DAG(s) dict_keys(['dataset_produces_1', 'dataset_consumes_1_never_scheduled', 'dataset_consumes_1', 'dataset_consumes_1_and_2', 'dataset_consumes_unknown_never_scheduled', 'dataset_produces_2']) retrieved from /home/airflow/.local/lib/python3.7/site-packages/airflow/example_dags/example_datasets.py
[2023-05-10T22:00:06.199+0000] {logging_mixin.py:149} INFO - [2023-05-10T22:00:06.198+0000] {dag.py:2726} INFO - Sync 6 DAGs
[2023-05-10T22:00:06.405+0000] {logging_mixin.py:149} INFO - [2023-05-10T22:00:06.405+0000] {dag.py:3490} INFO - Setting next_dagrun for dataset_consumes_1 to None, run_after=None
[2023-05-10T22:00:06.425+0000] {logging_mixin.py:149} INFO - [2023-05-10T22:00:06.425+0000] {dag.py:3490} INFO - Setting next_dagrun for dataset_consumes_1_and_2 to None, run_after=None
[2023-05-10T22:00:06.438+0000] {logging_mixin.py:149} INFO - [2023-05-10T22:00:06.436+0000] {dag.py:3490} INFO - Setting next_dagrun for dataset_consumes_1_never_scheduled to None, run_after=None
[2023-05-10T22:00:06.444+0000] {logging_mixin.py:149} INFO - [2023-05-10T22:00:06.443+0000] {dag.py:3490} INFO - Setting next_dagrun for dataset_consumes_unknown_never_scheduled to None, run_after=None
[2023-05-10T22:00:06.463+0000] {logging_mixin.py:149} INFO - [2023-05-10T22:00:06.462+0000] {dag.py:3490} INFO - Setting next_dagrun for dataset_produces_1 to 2023-05-09T00:00:00+00:00, run_after=2023-05-10T00:00:00+00:00
[2023-05-10T22:00:06.478+0000] {logging_mixin.py:149} INFO - [2023-05-10T22:00:06.477+0000] {dag.py:3490} INFO - Setting next_dagrun for dataset_produces_2 to None, run_after=None
[2023-05-10T22:00:06.766+0000] {processor.py:178} INFO - Processing /home/airflow/.local/lib/python3.7/site-packages/airflow/example_dags/example_datasets.py took 0.903 seconds
[2023-05-10T22:00:38.269+0000] {processor.py:156} INFO - Started process (PID=749) to work on /home/airflow/.local/lib/python3.7/site-packages/airflow/example_dags/example_datasets.py
[2023-05-10T22:00:38.286+0000] {processor.py:799} INFO - Processing file /home/airflow/.local/lib/python3.7/site-packages/airflow/example_dags/example_datasets.py for tasks to queue
[2023-05-10T22:00:38.289+0000] {logging_mixin.py:149} INFO - [2023-05-10T22:00:38.289+0000] {dagbag.py:541} INFO - Filling up the DagBag from /home/airflow/.local/lib/python3.7/site-packages/airflow/example_dags/example_datasets.py
[2023-05-10T22:00:38.356+0000] {processor.py:809} INFO - DAG(s) dict_keys(['dataset_consumes_1_never_scheduled', 'dataset_consumes_unknown_never_scheduled', 'dataset_produces_2', 'dataset_consumes_1_and_2', 'dataset_produces_1', 'dataset_consumes_1']) retrieved from /home/airflow/.local/lib/python3.7/site-packages/airflow/example_dags/example_datasets.py
[2023-05-10T22:00:38.658+0000] {logging_mixin.py:149} INFO - [2023-05-10T22:00:38.658+0000] {dag.py:2726} INFO - Sync 6 DAGs
[2023-05-10T22:00:38.933+0000] {logging_mixin.py:149} INFO - [2023-05-10T22:00:38.933+0000] {dag.py:3490} INFO - Setting next_dagrun for dataset_consumes_1 to None, run_after=None
[2023-05-10T22:00:38.983+0000] {logging_mixin.py:149} INFO - [2023-05-10T22:00:38.983+0000] {dag.py:3490} INFO - Setting next_dagrun for dataset_consumes_1_and_2 to None, run_after=None
[2023-05-10T22:00:39.011+0000] {logging_mixin.py:149} INFO - [2023-05-10T22:00:39.011+0000] {dag.py:3490} INFO - Setting next_dagrun for dataset_consumes_1_never_scheduled to None, run_after=None
[2023-05-10T22:00:39.019+0000] {logging_mixin.py:149} INFO - [2023-05-10T22:00:39.018+0000] {dag.py:3490} INFO - Setting next_dagrun for dataset_consumes_unknown_never_scheduled to None, run_after=None
[2023-05-10T22:00:39.049+0000] {logging_mixin.py:149} INFO - [2023-05-10T22:00:39.048+0000] {dag.py:3490} INFO - Setting next_dagrun for dataset_produces_1 to 2023-05-09T00:00:00+00:00, run_after=2023-05-10T00:00:00+00:00
[2023-05-10T22:00:39.055+0000] {logging_mixin.py:149} INFO - [2023-05-10T22:00:39.054+0000] {dag.py:3490} INFO - Setting next_dagrun for dataset_produces_2 to None, run_after=None
[2023-05-10T22:00:39.401+0000] {processor.py:178} INFO - Processing /home/airflow/.local/lib/python3.7/site-packages/airflow/example_dags/example_datasets.py took 1.153 seconds
[2023-05-10T22:01:11.637+0000] {processor.py:156} INFO - Started process (PID=804) to work on /home/airflow/.local/lib/python3.7/site-packages/airflow/example_dags/example_datasets.py
[2023-05-10T22:01:11.674+0000] {processor.py:799} INFO - Processing file /home/airflow/.local/lib/python3.7/site-packages/airflow/example_dags/example_datasets.py for tasks to queue
[2023-05-10T22:01:11.692+0000] {logging_mixin.py:149} INFO - [2023-05-10T22:01:11.692+0000] {dagbag.py:541} INFO - Filling up the DagBag from /home/airflow/.local/lib/python3.7/site-packages/airflow/example_dags/example_datasets.py
[2023-05-10T22:01:11.858+0000] {processor.py:809} INFO - DAG(s) dict_keys(['dataset_produces_2', 'dataset_consumes_1_never_scheduled', 'dataset_consumes_1_and_2', 'dataset_consumes_1', 'dataset_produces_1', 'dataset_consumes_unknown_never_scheduled']) retrieved from /home/airflow/.local/lib/python3.7/site-packages/airflow/example_dags/example_datasets.py
[2023-05-10T22:01:12.625+0000] {logging_mixin.py:149} INFO - [2023-05-10T22:01:12.625+0000] {dag.py:2726} INFO - Sync 6 DAGs
[2023-05-10T22:01:13.043+0000] {logging_mixin.py:149} INFO - [2023-05-10T22:01:13.042+0000] {dag.py:3490} INFO - Setting next_dagrun for dataset_consumes_1 to None, run_after=None
[2023-05-10T22:01:13.160+0000] {logging_mixin.py:149} INFO - [2023-05-10T22:01:13.160+0000] {dag.py:3490} INFO - Setting next_dagrun for dataset_consumes_1_and_2 to None, run_after=None
[2023-05-10T22:01:13.205+0000] {logging_mixin.py:149} INFO - [2023-05-10T22:01:13.205+0000] {dag.py:3490} INFO - Setting next_dagrun for dataset_consumes_1_never_scheduled to None, run_after=None
[2023-05-10T22:01:13.215+0000] {logging_mixin.py:149} INFO - [2023-05-10T22:01:13.215+0000] {dag.py:3490} INFO - Setting next_dagrun for dataset_consumes_unknown_never_scheduled to None, run_after=None
[2023-05-10T22:01:13.376+0000] {logging_mixin.py:149} INFO - [2023-05-10T22:01:13.373+0000] {dag.py:3490} INFO - Setting next_dagrun for dataset_produces_1 to 2023-05-09T00:00:00+00:00, run_after=2023-05-10T00:00:00+00:00
[2023-05-10T22:01:13.392+0000] {logging_mixin.py:149} INFO - [2023-05-10T22:01:13.391+0000] {dag.py:3490} INFO - Setting next_dagrun for dataset_produces_2 to None, run_after=None
[2023-05-10T22:01:14.020+0000] {processor.py:178} INFO - Processing /home/airflow/.local/lib/python3.7/site-packages/airflow/example_dags/example_datasets.py took 2.449 seconds
[2023-05-10T22:01:44.808+0000] {processor.py:156} INFO - Started process (PID=868) to work on /home/airflow/.local/lib/python3.7/site-packages/airflow/example_dags/example_datasets.py
[2023-05-10T22:01:44.846+0000] {processor.py:799} INFO - Processing file /home/airflow/.local/lib/python3.7/site-packages/airflow/example_dags/example_datasets.py for tasks to queue
[2023-05-10T22:01:44.865+0000] {logging_mixin.py:149} INFO - [2023-05-10T22:01:44.864+0000] {dagbag.py:541} INFO - Filling up the DagBag from /home/airflow/.local/lib/python3.7/site-packages/airflow/example_dags/example_datasets.py
[2023-05-10T22:01:44.957+0000] {processor.py:809} INFO - DAG(s) dict_keys(['dataset_consumes_1_and_2', 'dataset_consumes_unknown_never_scheduled', 'dataset_produces_2', 'dataset_consumes_1_never_scheduled', 'dataset_produces_1', 'dataset_consumes_1']) retrieved from /home/airflow/.local/lib/python3.7/site-packages/airflow/example_dags/example_datasets.py
[2023-05-10T22:01:45.402+0000] {logging_mixin.py:149} INFO - [2023-05-10T22:01:45.402+0000] {dag.py:2726} INFO - Sync 6 DAGs
[2023-05-10T22:01:45.615+0000] {logging_mixin.py:149} INFO - [2023-05-10T22:01:45.614+0000] {dag.py:3490} INFO - Setting next_dagrun for dataset_consumes_1 to None, run_after=None
[2023-05-10T22:01:45.635+0000] {logging_mixin.py:149} INFO - [2023-05-10T22:01:45.635+0000] {dag.py:3490} INFO - Setting next_dagrun for dataset_consumes_1_and_2 to None, run_after=None
[2023-05-10T22:01:45.655+0000] {logging_mixin.py:149} INFO - [2023-05-10T22:01:45.655+0000] {dag.py:3490} INFO - Setting next_dagrun for dataset_consumes_1_never_scheduled to None, run_after=None
[2023-05-10T22:01:45.690+0000] {logging_mixin.py:149} INFO - [2023-05-10T22:01:45.690+0000] {dag.py:3490} INFO - Setting next_dagrun for dataset_consumes_unknown_never_scheduled to None, run_after=None
[2023-05-10T22:01:45.754+0000] {logging_mixin.py:149} INFO - [2023-05-10T22:01:45.754+0000] {dag.py:3490} INFO - Setting next_dagrun for dataset_produces_1 to 2023-05-09T00:00:00+00:00, run_after=2023-05-10T00:00:00+00:00
[2023-05-10T22:01:45.776+0000] {logging_mixin.py:149} INFO - [2023-05-10T22:01:45.776+0000] {dag.py:3490} INFO - Setting next_dagrun for dataset_produces_2 to None, run_after=None
[2023-05-10T22:01:46.250+0000] {processor.py:178} INFO - Processing /home/airflow/.local/lib/python3.7/site-packages/airflow/example_dags/example_datasets.py took 1.452 seconds
[2023-05-10T22:02:16.963+0000] {processor.py:156} INFO - Started process (PID=925) to work on /home/airflow/.local/lib/python3.7/site-packages/airflow/example_dags/example_datasets.py
[2023-05-10T22:02:16.985+0000] {processor.py:799} INFO - Processing file /home/airflow/.local/lib/python3.7/site-packages/airflow/example_dags/example_datasets.py for tasks to queue
[2023-05-10T22:02:16.993+0000] {logging_mixin.py:149} INFO - [2023-05-10T22:02:16.992+0000] {dagbag.py:541} INFO - Filling up the DagBag from /home/airflow/.local/lib/python3.7/site-packages/airflow/example_dags/example_datasets.py
[2023-05-10T22:02:17.057+0000] {processor.py:809} INFO - DAG(s) dict_keys(['dataset_produces_2', 'dataset_consumes_1', 'dataset_consumes_unknown_never_scheduled', 'dataset_consumes_1_and_2', 'dataset_produces_1', 'dataset_consumes_1_never_scheduled']) retrieved from /home/airflow/.local/lib/python3.7/site-packages/airflow/example_dags/example_datasets.py
[2023-05-10T22:02:17.305+0000] {logging_mixin.py:149} INFO - [2023-05-10T22:02:17.302+0000] {dag.py:2726} INFO - Sync 6 DAGs
[2023-05-10T22:02:17.443+0000] {logging_mixin.py:149} INFO - [2023-05-10T22:02:17.443+0000] {dag.py:3490} INFO - Setting next_dagrun for dataset_consumes_1 to None, run_after=None
[2023-05-10T22:02:17.455+0000] {logging_mixin.py:149} INFO - [2023-05-10T22:02:17.454+0000] {dag.py:3490} INFO - Setting next_dagrun for dataset_consumes_1_and_2 to None, run_after=None
[2023-05-10T22:02:17.470+0000] {logging_mixin.py:149} INFO - [2023-05-10T22:02:17.470+0000] {dag.py:3490} INFO - Setting next_dagrun for dataset_consumes_1_never_scheduled to None, run_after=None
[2023-05-10T22:02:17.477+0000] {logging_mixin.py:149} INFO - [2023-05-10T22:02:17.475+0000] {dag.py:3490} INFO - Setting next_dagrun for dataset_consumes_unknown_never_scheduled to None, run_after=None
[2023-05-10T22:02:17.501+0000] {logging_mixin.py:149} INFO - [2023-05-10T22:02:17.500+0000] {dag.py:3490} INFO - Setting next_dagrun for dataset_produces_1 to 2023-05-09T00:00:00+00:00, run_after=2023-05-10T00:00:00+00:00
[2023-05-10T22:02:17.514+0000] {logging_mixin.py:149} INFO - [2023-05-10T22:02:17.514+0000] {dag.py:3490} INFO - Setting next_dagrun for dataset_produces_2 to None, run_after=None
[2023-05-10T22:02:17.901+0000] {processor.py:178} INFO - Processing /home/airflow/.local/lib/python3.7/site-packages/airflow/example_dags/example_datasets.py took 0.970 seconds
[2023-05-10T22:02:49.731+0000] {processor.py:156} INFO - Started process (PID=980) to work on /home/airflow/.local/lib/python3.7/site-packages/airflow/example_dags/example_datasets.py
[2023-05-10T22:02:49.774+0000] {processor.py:799} INFO - Processing file /home/airflow/.local/lib/python3.7/site-packages/airflow/example_dags/example_datasets.py for tasks to queue
[2023-05-10T22:02:49.777+0000] {logging_mixin.py:149} INFO - [2023-05-10T22:02:49.776+0000] {dagbag.py:541} INFO - Filling up the DagBag from /home/airflow/.local/lib/python3.7/site-packages/airflow/example_dags/example_datasets.py
[2023-05-10T22:02:49.850+0000] {processor.py:809} INFO - DAG(s) dict_keys(['dataset_consumes_1_and_2', 'dataset_produces_2', 'dataset_consumes_1', 'dataset_consumes_unknown_never_scheduled', 'dataset_produces_1', 'dataset_consumes_1_never_scheduled']) retrieved from /home/airflow/.local/lib/python3.7/site-packages/airflow/example_dags/example_datasets.py
[2023-05-10T22:02:50.138+0000] {logging_mixin.py:149} INFO - [2023-05-10T22:02:50.138+0000] {dag.py:2726} INFO - Sync 6 DAGs
[2023-05-10T22:02:50.366+0000] {logging_mixin.py:149} INFO - [2023-05-10T22:02:50.366+0000] {dag.py:3490} INFO - Setting next_dagrun for dataset_consumes_1 to None, run_after=None
[2023-05-10T22:02:50.392+0000] {logging_mixin.py:149} INFO - [2023-05-10T22:02:50.391+0000] {dag.py:3490} INFO - Setting next_dagrun for dataset_consumes_1_and_2 to None, run_after=None
[2023-05-10T22:02:50.404+0000] {logging_mixin.py:149} INFO - [2023-05-10T22:02:50.402+0000] {dag.py:3490} INFO - Setting next_dagrun for dataset_consumes_1_never_scheduled to None, run_after=None
[2023-05-10T22:02:50.409+0000] {logging_mixin.py:149} INFO - [2023-05-10T22:02:50.409+0000] {dag.py:3490} INFO - Setting next_dagrun for dataset_consumes_unknown_never_scheduled to None, run_after=None
[2023-05-10T22:02:50.425+0000] {logging_mixin.py:149} INFO - [2023-05-10T22:02:50.424+0000] {dag.py:3490} INFO - Setting next_dagrun for dataset_produces_1 to 2023-05-09T00:00:00+00:00, run_after=2023-05-10T00:00:00+00:00
[2023-05-10T22:02:50.432+0000] {logging_mixin.py:149} INFO - [2023-05-10T22:02:50.432+0000] {dag.py:3490} INFO - Setting next_dagrun for dataset_produces_2 to None, run_after=None
[2023-05-10T22:02:50.963+0000] {processor.py:178} INFO - Processing /home/airflow/.local/lib/python3.7/site-packages/airflow/example_dags/example_datasets.py took 1.248 seconds
[2023-05-10T22:03:22.260+0000] {processor.py:156} INFO - Started process (PID=1035) to work on /home/airflow/.local/lib/python3.7/site-packages/airflow/example_dags/example_datasets.py
[2023-05-10T22:03:22.263+0000] {processor.py:799} INFO - Processing file /home/airflow/.local/lib/python3.7/site-packages/airflow/example_dags/example_datasets.py for tasks to queue
[2023-05-10T22:03:22.273+0000] {logging_mixin.py:149} INFO - [2023-05-10T22:03:22.273+0000] {dagbag.py:541} INFO - Filling up the DagBag from /home/airflow/.local/lib/python3.7/site-packages/airflow/example_dags/example_datasets.py
[2023-05-10T22:03:22.334+0000] {processor.py:809} INFO - DAG(s) dict_keys(['dataset_produces_1', 'dataset_produces_2', 'dataset_consumes_1', 'dataset_consumes_1_and_2', 'dataset_consumes_1_never_scheduled', 'dataset_consumes_unknown_never_scheduled']) retrieved from /home/airflow/.local/lib/python3.7/site-packages/airflow/example_dags/example_datasets.py
[2023-05-10T22:03:22.781+0000] {logging_mixin.py:149} INFO - [2023-05-10T22:03:22.780+0000] {dag.py:2726} INFO - Sync 6 DAGs
[2023-05-10T22:03:23.030+0000] {logging_mixin.py:149} INFO - [2023-05-10T22:03:23.030+0000] {dag.py:3490} INFO - Setting next_dagrun for dataset_consumes_1 to None, run_after=None
[2023-05-10T22:03:23.041+0000] {logging_mixin.py:149} INFO - [2023-05-10T22:03:23.041+0000] {dag.py:3490} INFO - Setting next_dagrun for dataset_consumes_1_and_2 to None, run_after=None
[2023-05-10T22:03:23.046+0000] {logging_mixin.py:149} INFO - [2023-05-10T22:03:23.046+0000] {dag.py:3490} INFO - Setting next_dagrun for dataset_consumes_1_never_scheduled to None, run_after=None
[2023-05-10T22:03:23.051+0000] {logging_mixin.py:149} INFO - [2023-05-10T22:03:23.051+0000] {dag.py:3490} INFO - Setting next_dagrun for dataset_consumes_unknown_never_scheduled to None, run_after=None
[2023-05-10T22:03:23.064+0000] {logging_mixin.py:149} INFO - [2023-05-10T22:03:23.063+0000] {dag.py:3490} INFO - Setting next_dagrun for dataset_produces_1 to 2023-05-09T00:00:00+00:00, run_after=2023-05-10T00:00:00+00:00
[2023-05-10T22:03:23.069+0000] {logging_mixin.py:149} INFO - [2023-05-10T22:03:23.068+0000] {dag.py:3490} INFO - Setting next_dagrun for dataset_produces_2 to None, run_after=None
[2023-05-10T22:03:23.442+0000] {processor.py:178} INFO - Processing /home/airflow/.local/lib/python3.7/site-packages/airflow/example_dags/example_datasets.py took 1.197 seconds
[2023-05-10T22:03:57.869+0000] {processor.py:156} INFO - Started process (PID=1091) to work on /home/airflow/.local/lib/python3.7/site-packages/airflow/example_dags/example_datasets.py
[2023-05-10T22:03:57.874+0000] {processor.py:799} INFO - Processing file /home/airflow/.local/lib/python3.7/site-packages/airflow/example_dags/example_datasets.py for tasks to queue
[2023-05-10T22:03:57.876+0000] {logging_mixin.py:149} INFO - [2023-05-10T22:03:57.876+0000] {dagbag.py:541} INFO - Filling up the DagBag from /home/airflow/.local/lib/python3.7/site-packages/airflow/example_dags/example_datasets.py
[2023-05-10T22:03:57.982+0000] {processor.py:809} INFO - DAG(s) dict_keys(['dataset_consumes_1', 'dataset_produces_1', 'dataset_consumes_1_and_2', 'dataset_consumes_1_never_scheduled', 'dataset_consumes_unknown_never_scheduled', 'dataset_produces_2']) retrieved from /home/airflow/.local/lib/python3.7/site-packages/airflow/example_dags/example_datasets.py
[2023-05-10T22:03:58.278+0000] {logging_mixin.py:149} INFO - [2023-05-10T22:03:58.273+0000] {dag.py:2726} INFO - Sync 6 DAGs
[2023-05-10T22:03:58.404+0000] {logging_mixin.py:149} INFO - [2023-05-10T22:03:58.403+0000] {dag.py:3490} INFO - Setting next_dagrun for dataset_consumes_1 to None, run_after=None
[2023-05-10T22:03:58.423+0000] {logging_mixin.py:149} INFO - [2023-05-10T22:03:58.421+0000] {dag.py:3490} INFO - Setting next_dagrun for dataset_consumes_1_and_2 to None, run_after=None
[2023-05-10T22:03:58.434+0000] {logging_mixin.py:149} INFO - [2023-05-10T22:03:58.434+0000] {dag.py:3490} INFO - Setting next_dagrun for dataset_consumes_1_never_scheduled to None, run_after=None
[2023-05-10T22:03:58.439+0000] {logging_mixin.py:149} INFO - [2023-05-10T22:03:58.439+0000] {dag.py:3490} INFO - Setting next_dagrun for dataset_consumes_unknown_never_scheduled to None, run_after=None
[2023-05-10T22:03:58.455+0000] {logging_mixin.py:149} INFO - [2023-05-10T22:03:58.454+0000] {dag.py:3490} INFO - Setting next_dagrun for dataset_produces_1 to 2023-05-09T00:00:00+00:00, run_after=2023-05-10T00:00:00+00:00
[2023-05-10T22:03:58.460+0000] {logging_mixin.py:149} INFO - [2023-05-10T22:03:58.459+0000] {dag.py:3490} INFO - Setting next_dagrun for dataset_produces_2 to None, run_after=None
[2023-05-10T22:03:58.886+0000] {processor.py:178} INFO - Processing /home/airflow/.local/lib/python3.7/site-packages/airflow/example_dags/example_datasets.py took 1.029 seconds
[2023-05-10T22:04:33.928+0000] {processor.py:156} INFO - Started process (PID=1149) to work on /home/airflow/.local/lib/python3.7/site-packages/airflow/example_dags/example_datasets.py
[2023-05-10T22:04:33.937+0000] {processor.py:799} INFO - Processing file /home/airflow/.local/lib/python3.7/site-packages/airflow/example_dags/example_datasets.py for tasks to queue
[2023-05-10T22:04:33.941+0000] {logging_mixin.py:149} INFO - [2023-05-10T22:04:33.940+0000] {dagbag.py:541} INFO - Filling up the DagBag from /home/airflow/.local/lib/python3.7/site-packages/airflow/example_dags/example_datasets.py
[2023-05-10T22:04:34.019+0000] {processor.py:809} INFO - DAG(s) dict_keys(['dataset_produces_1', 'dataset_consumes_1_and_2', 'dataset_produces_2', 'dataset_consumes_1_never_scheduled', 'dataset_consumes_unknown_never_scheduled', 'dataset_consumes_1']) retrieved from /home/airflow/.local/lib/python3.7/site-packages/airflow/example_dags/example_datasets.py
[2023-05-10T22:04:34.380+0000] {logging_mixin.py:149} INFO - [2023-05-10T22:04:34.380+0000] {dag.py:2726} INFO - Sync 6 DAGs
[2023-05-10T22:04:34.577+0000] {logging_mixin.py:149} INFO - [2023-05-10T22:04:34.576+0000] {dag.py:3490} INFO - Setting next_dagrun for dataset_consumes_1 to None, run_after=None
[2023-05-10T22:04:34.599+0000] {logging_mixin.py:149} INFO - [2023-05-10T22:04:34.599+0000] {dag.py:3490} INFO - Setting next_dagrun for dataset_consumes_1_and_2 to None, run_after=None
[2023-05-10T22:04:34.604+0000] {logging_mixin.py:149} INFO - [2023-05-10T22:04:34.604+0000] {dag.py:3490} INFO - Setting next_dagrun for dataset_consumes_1_never_scheduled to None, run_after=None
[2023-05-10T22:04:34.615+0000] {logging_mixin.py:149} INFO - [2023-05-10T22:04:34.615+0000] {dag.py:3490} INFO - Setting next_dagrun for dataset_consumes_unknown_never_scheduled to None, run_after=None
[2023-05-10T22:04:34.634+0000] {logging_mixin.py:149} INFO - [2023-05-10T22:04:34.633+0000] {dag.py:3490} INFO - Setting next_dagrun for dataset_produces_1 to 2023-05-09T00:00:00+00:00, run_after=2023-05-10T00:00:00+00:00
[2023-05-10T22:04:34.640+0000] {logging_mixin.py:149} INFO - [2023-05-10T22:04:34.639+0000] {dag.py:3490} INFO - Setting next_dagrun for dataset_produces_2 to None, run_after=None
[2023-05-10T22:04:35.037+0000] {processor.py:178} INFO - Processing /home/airflow/.local/lib/python3.7/site-packages/airflow/example_dags/example_datasets.py took 1.127 seconds
[2023-05-10T22:05:05.712+0000] {processor.py:156} INFO - Started process (PID=1205) to work on /home/airflow/.local/lib/python3.7/site-packages/airflow/example_dags/example_datasets.py
[2023-05-10T22:05:05.718+0000] {processor.py:799} INFO - Processing file /home/airflow/.local/lib/python3.7/site-packages/airflow/example_dags/example_datasets.py for tasks to queue
[2023-05-10T22:05:05.724+0000] {logging_mixin.py:149} INFO - [2023-05-10T22:05:05.723+0000] {dagbag.py:541} INFO - Filling up the DagBag from /home/airflow/.local/lib/python3.7/site-packages/airflow/example_dags/example_datasets.py
[2023-05-10T22:05:05.771+0000] {processor.py:809} INFO - DAG(s) dict_keys(['dataset_produces_2', 'dataset_produces_1', 'dataset_consumes_1', 'dataset_consumes_unknown_never_scheduled', 'dataset_consumes_1_and_2', 'dataset_consumes_1_never_scheduled']) retrieved from /home/airflow/.local/lib/python3.7/site-packages/airflow/example_dags/example_datasets.py
[2023-05-10T22:05:06.051+0000] {logging_mixin.py:149} INFO - [2023-05-10T22:05:06.049+0000] {dag.py:2726} INFO - Sync 6 DAGs
[2023-05-10T22:05:06.276+0000] {logging_mixin.py:149} INFO - [2023-05-10T22:05:06.276+0000] {dag.py:3490} INFO - Setting next_dagrun for dataset_consumes_1 to None, run_after=None
[2023-05-10T22:05:06.296+0000] {logging_mixin.py:149} INFO - [2023-05-10T22:05:06.296+0000] {dag.py:3490} INFO - Setting next_dagrun for dataset_consumes_1_and_2 to None, run_after=None
[2023-05-10T22:05:06.301+0000] {logging_mixin.py:149} INFO - [2023-05-10T22:05:06.300+0000] {dag.py:3490} INFO - Setting next_dagrun for dataset_consumes_1_never_scheduled to None, run_after=None
[2023-05-10T22:05:06.318+0000] {logging_mixin.py:149} INFO - [2023-05-10T22:05:06.318+0000] {dag.py:3490} INFO - Setting next_dagrun for dataset_consumes_unknown_never_scheduled to None, run_after=None
[2023-05-10T22:05:06.338+0000] {logging_mixin.py:149} INFO - [2023-05-10T22:05:06.337+0000] {dag.py:3490} INFO - Setting next_dagrun for dataset_produces_1 to 2023-05-09T00:00:00+00:00, run_after=2023-05-10T00:00:00+00:00
[2023-05-10T22:05:06.358+0000] {logging_mixin.py:149} INFO - [2023-05-10T22:05:06.358+0000] {dag.py:3490} INFO - Setting next_dagrun for dataset_produces_2 to None, run_after=None
[2023-05-10T22:05:06.829+0000] {processor.py:178} INFO - Processing /home/airflow/.local/lib/python3.7/site-packages/airflow/example_dags/example_datasets.py took 1.125 seconds
[2023-05-10T22:05:39.828+0000] {processor.py:156} INFO - Started process (PID=1262) to work on /home/airflow/.local/lib/python3.7/site-packages/airflow/example_dags/example_datasets.py
[2023-05-10T22:05:39.831+0000] {processor.py:799} INFO - Processing file /home/airflow/.local/lib/python3.7/site-packages/airflow/example_dags/example_datasets.py for tasks to queue
[2023-05-10T22:05:39.835+0000] {logging_mixin.py:149} INFO - [2023-05-10T22:05:39.834+0000] {dagbag.py:541} INFO - Filling up the DagBag from /home/airflow/.local/lib/python3.7/site-packages/airflow/example_dags/example_datasets.py
[2023-05-10T22:05:39.879+0000] {processor.py:809} INFO - DAG(s) dict_keys(['dataset_produces_1', 'dataset_consumes_unknown_never_scheduled', 'dataset_consumes_1', 'dataset_consumes_1_never_scheduled', 'dataset_produces_2', 'dataset_consumes_1_and_2']) retrieved from /home/airflow/.local/lib/python3.7/site-packages/airflow/example_dags/example_datasets.py
[2023-05-10T22:05:40.113+0000] {logging_mixin.py:149} INFO - [2023-05-10T22:05:40.105+0000] {dag.py:2726} INFO - Sync 6 DAGs
[2023-05-10T22:05:40.273+0000] {logging_mixin.py:149} INFO - [2023-05-10T22:05:40.272+0000] {dag.py:3490} INFO - Setting next_dagrun for dataset_consumes_1 to None, run_after=None
[2023-05-10T22:05:40.291+0000] {logging_mixin.py:149} INFO - [2023-05-10T22:05:40.290+0000] {dag.py:3490} INFO - Setting next_dagrun for dataset_consumes_1_and_2 to None, run_after=None
[2023-05-10T22:05:40.303+0000] {logging_mixin.py:149} INFO - [2023-05-10T22:05:40.302+0000] {dag.py:3490} INFO - Setting next_dagrun for dataset_consumes_1_never_scheduled to None, run_after=None
[2023-05-10T22:05:40.308+0000] {logging_mixin.py:149} INFO - [2023-05-10T22:05:40.307+0000] {dag.py:3490} INFO - Setting next_dagrun for dataset_consumes_unknown_never_scheduled to None, run_after=None
[2023-05-10T22:05:40.325+0000] {logging_mixin.py:149} INFO - [2023-05-10T22:05:40.324+0000] {dag.py:3490} INFO - Setting next_dagrun for dataset_produces_1 to 2023-05-09T00:00:00+00:00, run_after=2023-05-10T00:00:00+00:00
[2023-05-10T22:05:40.331+0000] {logging_mixin.py:149} INFO - [2023-05-10T22:05:40.331+0000] {dag.py:3490} INFO - Setting next_dagrun for dataset_produces_2 to None, run_after=None
[2023-05-10T22:05:40.553+0000] {processor.py:178} INFO - Processing /home/airflow/.local/lib/python3.7/site-packages/airflow/example_dags/example_datasets.py took 0.733 seconds
[2023-05-10T22:06:13.282+0000] {processor.py:156} INFO - Started process (PID=1319) to work on /home/airflow/.local/lib/python3.7/site-packages/airflow/example_dags/example_datasets.py
[2023-05-10T22:06:13.303+0000] {processor.py:799} INFO - Processing file /home/airflow/.local/lib/python3.7/site-packages/airflow/example_dags/example_datasets.py for tasks to queue
[2023-05-10T22:06:13.314+0000] {logging_mixin.py:149} INFO - [2023-05-10T22:06:13.313+0000] {dagbag.py:541} INFO - Filling up the DagBag from /home/airflow/.local/lib/python3.7/site-packages/airflow/example_dags/example_datasets.py
[2023-05-10T22:06:13.377+0000] {processor.py:809} INFO - DAG(s) dict_keys(['dataset_produces_2', 'dataset_consumes_1_never_scheduled', 'dataset_consumes_1_and_2', 'dataset_consumes_unknown_never_scheduled', 'dataset_consumes_1', 'dataset_produces_1']) retrieved from /home/airflow/.local/lib/python3.7/site-packages/airflow/example_dags/example_datasets.py
[2023-05-10T22:06:13.669+0000] {logging_mixin.py:149} INFO - [2023-05-10T22:06:13.669+0000] {dag.py:2726} INFO - Sync 6 DAGs
[2023-05-10T22:06:13.894+0000] {logging_mixin.py:149} INFO - [2023-05-10T22:06:13.893+0000] {dag.py:3490} INFO - Setting next_dagrun for dataset_consumes_1 to None, run_after=None
[2023-05-10T22:06:13.917+0000] {logging_mixin.py:149} INFO - [2023-05-10T22:06:13.916+0000] {dag.py:3490} INFO - Setting next_dagrun for dataset_consumes_1_and_2 to None, run_after=None
[2023-05-10T22:06:13.933+0000] {logging_mixin.py:149} INFO - [2023-05-10T22:06:13.922+0000] {dag.py:3490} INFO - Setting next_dagrun for dataset_consumes_1_never_scheduled to None, run_after=None
[2023-05-10T22:06:13.949+0000] {logging_mixin.py:149} INFO - [2023-05-10T22:06:13.949+0000] {dag.py:3490} INFO - Setting next_dagrun for dataset_consumes_unknown_never_scheduled to None, run_after=None
[2023-05-10T22:06:14.001+0000] {logging_mixin.py:149} INFO - [2023-05-10T22:06:14.000+0000] {dag.py:3490} INFO - Setting next_dagrun for dataset_produces_1 to 2023-05-09T00:00:00+00:00, run_after=2023-05-10T00:00:00+00:00
[2023-05-10T22:06:14.006+0000] {logging_mixin.py:149} INFO - [2023-05-10T22:06:14.005+0000] {dag.py:3490} INFO - Setting next_dagrun for dataset_produces_2 to None, run_after=None
[2023-05-10T22:06:14.377+0000] {processor.py:178} INFO - Processing /home/airflow/.local/lib/python3.7/site-packages/airflow/example_dags/example_datasets.py took 1.108 seconds
[2023-05-10T22:06:45.726+0000] {processor.py:156} INFO - Started process (PID=1370) to work on /home/airflow/.local/lib/python3.7/site-packages/airflow/example_dags/example_datasets.py
[2023-05-10T22:06:45.741+0000] {processor.py:799} INFO - Processing file /home/airflow/.local/lib/python3.7/site-packages/airflow/example_dags/example_datasets.py for tasks to queue
[2023-05-10T22:06:45.745+0000] {logging_mixin.py:149} INFO - [2023-05-10T22:06:45.744+0000] {dagbag.py:541} INFO - Filling up the DagBag from /home/airflow/.local/lib/python3.7/site-packages/airflow/example_dags/example_datasets.py
[2023-05-10T22:06:45.815+0000] {processor.py:809} INFO - DAG(s) dict_keys(['dataset_consumes_unknown_never_scheduled', 'dataset_consumes_1', 'dataset_produces_1', 'dataset_consumes_1_and_2', 'dataset_consumes_1_never_scheduled', 'dataset_produces_2']) retrieved from /home/airflow/.local/lib/python3.7/site-packages/airflow/example_dags/example_datasets.py
[2023-05-10T22:06:46.073+0000] {logging_mixin.py:149} INFO - [2023-05-10T22:06:46.073+0000] {dag.py:2726} INFO - Sync 6 DAGs
[2023-05-10T22:06:46.342+0000] {logging_mixin.py:149} INFO - [2023-05-10T22:06:46.338+0000] {dag.py:3490} INFO - Setting next_dagrun for dataset_consumes_1 to None, run_after=None
[2023-05-10T22:06:46.387+0000] {logging_mixin.py:149} INFO - [2023-05-10T22:06:46.387+0000] {dag.py:3490} INFO - Setting next_dagrun for dataset_consumes_1_and_2 to None, run_after=None
[2023-05-10T22:06:46.394+0000] {logging_mixin.py:149} INFO - [2023-05-10T22:06:46.394+0000] {dag.py:3490} INFO - Setting next_dagrun for dataset_consumes_1_never_scheduled to None, run_after=None
[2023-05-10T22:06:46.409+0000] {logging_mixin.py:149} INFO - [2023-05-10T22:06:46.409+0000] {dag.py:3490} INFO - Setting next_dagrun for dataset_consumes_unknown_never_scheduled to None, run_after=None
[2023-05-10T22:06:46.435+0000] {logging_mixin.py:149} INFO - [2023-05-10T22:06:46.434+0000] {dag.py:3490} INFO - Setting next_dagrun for dataset_produces_1 to 2023-05-09T00:00:00+00:00, run_after=2023-05-10T00:00:00+00:00
[2023-05-10T22:06:46.450+0000] {logging_mixin.py:149} INFO - [2023-05-10T22:06:46.450+0000] {dag.py:3490} INFO - Setting next_dagrun for dataset_produces_2 to None, run_after=None
[2023-05-10T22:06:46.866+0000] {processor.py:178} INFO - Processing /home/airflow/.local/lib/python3.7/site-packages/airflow/example_dags/example_datasets.py took 1.154 seconds
[2023-05-10T22:07:18.516+0000] {processor.py:156} INFO - Started process (PID=1426) to work on /home/airflow/.local/lib/python3.7/site-packages/airflow/example_dags/example_datasets.py
[2023-05-10T22:07:18.529+0000] {processor.py:799} INFO - Processing file /home/airflow/.local/lib/python3.7/site-packages/airflow/example_dags/example_datasets.py for tasks to queue
[2023-05-10T22:07:18.532+0000] {logging_mixin.py:149} INFO - [2023-05-10T22:07:18.531+0000] {dagbag.py:541} INFO - Filling up the DagBag from /home/airflow/.local/lib/python3.7/site-packages/airflow/example_dags/example_datasets.py
[2023-05-10T22:07:18.601+0000] {processor.py:809} INFO - DAG(s) dict_keys(['dataset_produces_1', 'dataset_produces_2', 'dataset_consumes_1_and_2', 'dataset_consumes_unknown_never_scheduled', 'dataset_consumes_1_never_scheduled', 'dataset_consumes_1']) retrieved from /home/airflow/.local/lib/python3.7/site-packages/airflow/example_dags/example_datasets.py
[2023-05-10T22:07:19.027+0000] {logging_mixin.py:149} INFO - [2023-05-10T22:07:19.026+0000] {dag.py:2726} INFO - Sync 6 DAGs
[2023-05-10T22:07:19.385+0000] {logging_mixin.py:149} INFO - [2023-05-10T22:07:19.384+0000] {dag.py:3490} INFO - Setting next_dagrun for dataset_consumes_1 to None, run_after=None
[2023-05-10T22:07:19.459+0000] {logging_mixin.py:149} INFO - [2023-05-10T22:07:19.458+0000] {dag.py:3490} INFO - Setting next_dagrun for dataset_consumes_1_and_2 to None, run_after=None
[2023-05-10T22:07:19.489+0000] {logging_mixin.py:149} INFO - [2023-05-10T22:07:19.488+0000] {dag.py:3490} INFO - Setting next_dagrun for dataset_consumes_1_never_scheduled to None, run_after=None
[2023-05-10T22:07:19.494+0000] {logging_mixin.py:149} INFO - [2023-05-10T22:07:19.493+0000] {dag.py:3490} INFO - Setting next_dagrun for dataset_consumes_unknown_never_scheduled to None, run_after=None
[2023-05-10T22:07:19.526+0000] {logging_mixin.py:149} INFO - [2023-05-10T22:07:19.525+0000] {dag.py:3490} INFO - Setting next_dagrun for dataset_produces_1 to 2023-05-09T00:00:00+00:00, run_after=2023-05-10T00:00:00+00:00
[2023-05-10T22:07:19.547+0000] {logging_mixin.py:149} INFO - [2023-05-10T22:07:19.547+0000] {dag.py:3490} INFO - Setting next_dagrun for dataset_produces_2 to None, run_after=None
[2023-05-10T22:07:19.916+0000] {processor.py:178} INFO - Processing /home/airflow/.local/lib/python3.7/site-packages/airflow/example_dags/example_datasets.py took 1.420 seconds
[2023-05-10T22:07:50.501+0000] {processor.py:156} INFO - Started process (PID=1482) to work on /home/airflow/.local/lib/python3.7/site-packages/airflow/example_dags/example_datasets.py
[2023-05-10T22:07:50.504+0000] {processor.py:799} INFO - Processing file /home/airflow/.local/lib/python3.7/site-packages/airflow/example_dags/example_datasets.py for tasks to queue
[2023-05-10T22:07:50.507+0000] {logging_mixin.py:149} INFO - [2023-05-10T22:07:50.506+0000] {dagbag.py:541} INFO - Filling up the DagBag from /home/airflow/.local/lib/python3.7/site-packages/airflow/example_dags/example_datasets.py
[2023-05-10T22:07:50.560+0000] {processor.py:809} INFO - DAG(s) dict_keys(['dataset_consumes_1_never_scheduled', 'dataset_consumes_1_and_2', 'dataset_produces_1', 'dataset_consumes_unknown_never_scheduled', 'dataset_produces_2', 'dataset_consumes_1']) retrieved from /home/airflow/.local/lib/python3.7/site-packages/airflow/example_dags/example_datasets.py
[2023-05-10T22:07:50.859+0000] {logging_mixin.py:149} INFO - [2023-05-10T22:07:50.859+0000] {dag.py:2726} INFO - Sync 6 DAGs
[2023-05-10T22:07:51.087+0000] {logging_mixin.py:149} INFO - [2023-05-10T22:07:51.073+0000] {dag.py:3490} INFO - Setting next_dagrun for dataset_consumes_1 to None, run_after=None
[2023-05-10T22:07:51.109+0000] {logging_mixin.py:149} INFO - [2023-05-10T22:07:51.109+0000] {dag.py:3490} INFO - Setting next_dagrun for dataset_consumes_1_and_2 to None, run_after=None
[2023-05-10T22:07:51.123+0000] {logging_mixin.py:149} INFO - [2023-05-10T22:07:51.123+0000] {dag.py:3490} INFO - Setting next_dagrun for dataset_consumes_1_never_scheduled to None, run_after=None
[2023-05-10T22:07:51.128+0000] {logging_mixin.py:149} INFO - [2023-05-10T22:07:51.127+0000] {dag.py:3490} INFO - Setting next_dagrun for dataset_consumes_unknown_never_scheduled to None, run_after=None
[2023-05-10T22:07:51.152+0000] {logging_mixin.py:149} INFO - [2023-05-10T22:07:51.152+0000] {dag.py:3490} INFO - Setting next_dagrun for dataset_produces_1 to 2023-05-09T00:00:00+00:00, run_after=2023-05-10T00:00:00+00:00
[2023-05-10T22:07:51.173+0000] {logging_mixin.py:149} INFO - [2023-05-10T22:07:51.169+0000] {dag.py:3490} INFO - Setting next_dagrun for dataset_produces_2 to None, run_after=None
[2023-05-10T22:07:51.473+0000] {processor.py:178} INFO - Processing /home/airflow/.local/lib/python3.7/site-packages/airflow/example_dags/example_datasets.py took 0.987 seconds
[2023-05-10T22:08:21.916+0000] {processor.py:156} INFO - Started process (PID=1539) to work on /home/airflow/.local/lib/python3.7/site-packages/airflow/example_dags/example_datasets.py
[2023-05-10T22:08:21.919+0000] {processor.py:799} INFO - Processing file /home/airflow/.local/lib/python3.7/site-packages/airflow/example_dags/example_datasets.py for tasks to queue
[2023-05-10T22:08:21.921+0000] {logging_mixin.py:149} INFO - [2023-05-10T22:08:21.921+0000] {dagbag.py:541} INFO - Filling up the DagBag from /home/airflow/.local/lib/python3.7/site-packages/airflow/example_dags/example_datasets.py
[2023-05-10T22:08:21.972+0000] {processor.py:809} INFO - DAG(s) dict_keys(['dataset_consumes_1', 'dataset_consumes_unknown_never_scheduled', 'dataset_produces_2', 'dataset_produces_1', 'dataset_consumes_1_and_2', 'dataset_consumes_1_never_scheduled']) retrieved from /home/airflow/.local/lib/python3.7/site-packages/airflow/example_dags/example_datasets.py
[2023-05-10T22:08:22.203+0000] {logging_mixin.py:149} INFO - [2023-05-10T22:08:22.203+0000] {dag.py:2726} INFO - Sync 6 DAGs
[2023-05-10T22:08:22.327+0000] {logging_mixin.py:149} INFO - [2023-05-10T22:08:22.326+0000] {dag.py:3490} INFO - Setting next_dagrun for dataset_consumes_1 to None, run_after=None
[2023-05-10T22:08:22.354+0000] {logging_mixin.py:149} INFO - [2023-05-10T22:08:22.352+0000] {dag.py:3490} INFO - Setting next_dagrun for dataset_consumes_1_and_2 to None, run_after=None
[2023-05-10T22:08:22.359+0000] {logging_mixin.py:149} INFO - [2023-05-10T22:08:22.358+0000] {dag.py:3490} INFO - Setting next_dagrun for dataset_consumes_1_never_scheduled to None, run_after=None
[2023-05-10T22:08:22.363+0000] {logging_mixin.py:149} INFO - [2023-05-10T22:08:22.363+0000] {dag.py:3490} INFO - Setting next_dagrun for dataset_consumes_unknown_never_scheduled to None, run_after=None
[2023-05-10T22:08:22.382+0000] {logging_mixin.py:149} INFO - [2023-05-10T22:08:22.382+0000] {dag.py:3490} INFO - Setting next_dagrun for dataset_produces_1 to 2023-05-09T00:00:00+00:00, run_after=2023-05-10T00:00:00+00:00
[2023-05-10T22:08:22.399+0000] {logging_mixin.py:149} INFO - [2023-05-10T22:08:22.398+0000] {dag.py:3490} INFO - Setting next_dagrun for dataset_produces_2 to None, run_after=None
[2023-05-10T22:08:22.592+0000] {processor.py:178} INFO - Processing /home/airflow/.local/lib/python3.7/site-packages/airflow/example_dags/example_datasets.py took 0.690 seconds
[2023-05-10T22:08:54.446+0000] {processor.py:156} INFO - Started process (PID=1596) to work on /home/airflow/.local/lib/python3.7/site-packages/airflow/example_dags/example_datasets.py
[2023-05-10T22:08:54.450+0000] {processor.py:799} INFO - Processing file /home/airflow/.local/lib/python3.7/site-packages/airflow/example_dags/example_datasets.py for tasks to queue
[2023-05-10T22:08:54.452+0000] {logging_mixin.py:149} INFO - [2023-05-10T22:08:54.452+0000] {dagbag.py:541} INFO - Filling up the DagBag from /home/airflow/.local/lib/python3.7/site-packages/airflow/example_dags/example_datasets.py
[2023-05-10T22:08:54.577+0000] {processor.py:809} INFO - DAG(s) dict_keys(['dataset_produces_2', 'dataset_produces_1', 'dataset_consumes_1_and_2', 'dataset_consumes_1_never_scheduled', 'dataset_consumes_unknown_never_scheduled', 'dataset_consumes_1']) retrieved from /home/airflow/.local/lib/python3.7/site-packages/airflow/example_dags/example_datasets.py
[2023-05-10T22:08:54.872+0000] {logging_mixin.py:149} INFO - [2023-05-10T22:08:54.871+0000] {dag.py:2726} INFO - Sync 6 DAGs
[2023-05-10T22:08:55.021+0000] {logging_mixin.py:149} INFO - [2023-05-10T22:08:55.020+0000] {dag.py:3490} INFO - Setting next_dagrun for dataset_consumes_1 to None, run_after=None
[2023-05-10T22:08:55.033+0000] {logging_mixin.py:149} INFO - [2023-05-10T22:08:55.033+0000] {dag.py:3490} INFO - Setting next_dagrun for dataset_consumes_1_and_2 to None, run_after=None
[2023-05-10T22:08:55.040+0000] {logging_mixin.py:149} INFO - [2023-05-10T22:08:55.039+0000] {dag.py:3490} INFO - Setting next_dagrun for dataset_consumes_1_never_scheduled to None, run_after=None
[2023-05-10T22:08:55.044+0000] {logging_mixin.py:149} INFO - [2023-05-10T22:08:55.044+0000] {dag.py:3490} INFO - Setting next_dagrun for dataset_consumes_unknown_never_scheduled to None, run_after=None
[2023-05-10T22:08:55.057+0000] {logging_mixin.py:149} INFO - [2023-05-10T22:08:55.056+0000] {dag.py:3490} INFO - Setting next_dagrun for dataset_produces_1 to 2023-05-09T00:00:00+00:00, run_after=2023-05-10T00:00:00+00:00
[2023-05-10T22:08:55.062+0000] {logging_mixin.py:149} INFO - [2023-05-10T22:08:55.061+0000] {dag.py:3490} INFO - Setting next_dagrun for dataset_produces_2 to None, run_after=None
[2023-05-10T22:08:55.297+0000] {processor.py:178} INFO - Processing /home/airflow/.local/lib/python3.7/site-packages/airflow/example_dags/example_datasets.py took 0.867 seconds
[2023-05-10T22:09:31.440+0000] {processor.py:156} INFO - Started process (PID=1652) to work on /home/airflow/.local/lib/python3.7/site-packages/airflow/example_dags/example_datasets.py
[2023-05-10T22:09:31.448+0000] {processor.py:799} INFO - Processing file /home/airflow/.local/lib/python3.7/site-packages/airflow/example_dags/example_datasets.py for tasks to queue
[2023-05-10T22:09:31.455+0000] {logging_mixin.py:149} INFO - [2023-05-10T22:09:31.455+0000] {dagbag.py:541} INFO - Filling up the DagBag from /home/airflow/.local/lib/python3.7/site-packages/airflow/example_dags/example_datasets.py
[2023-05-10T22:09:31.515+0000] {processor.py:809} INFO - DAG(s) dict_keys(['dataset_produces_1', 'dataset_consumes_1_and_2', 'dataset_produces_2', 'dataset_consumes_1', 'dataset_consumes_unknown_never_scheduled', 'dataset_consumes_1_never_scheduled']) retrieved from /home/airflow/.local/lib/python3.7/site-packages/airflow/example_dags/example_datasets.py
[2023-05-10T22:09:31.798+0000] {logging_mixin.py:149} INFO - [2023-05-10T22:09:31.797+0000] {dag.py:2726} INFO - Sync 6 DAGs
[2023-05-10T22:09:32.048+0000] {logging_mixin.py:149} INFO - [2023-05-10T22:09:32.034+0000] {dag.py:3490} INFO - Setting next_dagrun for dataset_consumes_1 to None, run_after=None
[2023-05-10T22:09:32.098+0000] {logging_mixin.py:149} INFO - [2023-05-10T22:09:32.098+0000] {dag.py:3490} INFO - Setting next_dagrun for dataset_consumes_1_and_2 to None, run_after=None
[2023-05-10T22:09:32.114+0000] {logging_mixin.py:149} INFO - [2023-05-10T22:09:32.114+0000] {dag.py:3490} INFO - Setting next_dagrun for dataset_consumes_1_never_scheduled to None, run_after=None
[2023-05-10T22:09:32.129+0000] {logging_mixin.py:149} INFO - [2023-05-10T22:09:32.129+0000] {dag.py:3490} INFO - Setting next_dagrun for dataset_consumes_unknown_never_scheduled to None, run_after=None
[2023-05-10T22:09:32.155+0000] {logging_mixin.py:149} INFO - [2023-05-10T22:09:32.154+0000] {dag.py:3490} INFO - Setting next_dagrun for dataset_produces_1 to 2023-05-09T00:00:00+00:00, run_after=2023-05-10T00:00:00+00:00
[2023-05-10T22:09:32.161+0000] {logging_mixin.py:149} INFO - [2023-05-10T22:09:32.161+0000] {dag.py:3490} INFO - Setting next_dagrun for dataset_produces_2 to None, run_after=None
[2023-05-10T22:09:32.509+0000] {processor.py:178} INFO - Processing /home/airflow/.local/lib/python3.7/site-packages/airflow/example_dags/example_datasets.py took 1.089 seconds
[2023-05-10T22:10:04.070+0000] {processor.py:156} INFO - Started process (PID=1716) to work on /home/airflow/.local/lib/python3.7/site-packages/airflow/example_dags/example_datasets.py
[2023-05-10T22:10:04.073+0000] {processor.py:799} INFO - Processing file /home/airflow/.local/lib/python3.7/site-packages/airflow/example_dags/example_datasets.py for tasks to queue
[2023-05-10T22:10:04.076+0000] {logging_mixin.py:149} INFO - [2023-05-10T22:10:04.076+0000] {dagbag.py:541} INFO - Filling up the DagBag from /home/airflow/.local/lib/python3.7/site-packages/airflow/example_dags/example_datasets.py
[2023-05-10T22:10:04.148+0000] {processor.py:809} INFO - DAG(s) dict_keys(['dataset_consumes_1_and_2', 'dataset_produces_2', 'dataset_consumes_unknown_never_scheduled', 'dataset_consumes_1', 'dataset_produces_1', 'dataset_consumes_1_never_scheduled']) retrieved from /home/airflow/.local/lib/python3.7/site-packages/airflow/example_dags/example_datasets.py
[2023-05-10T22:10:04.421+0000] {logging_mixin.py:149} INFO - [2023-05-10T22:10:04.420+0000] {dag.py:2726} INFO - Sync 6 DAGs
[2023-05-10T22:10:04.613+0000] {logging_mixin.py:149} INFO - [2023-05-10T22:10:04.612+0000] {dag.py:3490} INFO - Setting next_dagrun for dataset_consumes_1 to None, run_after=None
[2023-05-10T22:10:04.635+0000] {logging_mixin.py:149} INFO - [2023-05-10T22:10:04.635+0000] {dag.py:3490} INFO - Setting next_dagrun for dataset_consumes_1_and_2 to None, run_after=None
[2023-05-10T22:10:04.650+0000] {logging_mixin.py:149} INFO - [2023-05-10T22:10:04.648+0000] {dag.py:3490} INFO - Setting next_dagrun for dataset_consumes_1_never_scheduled to None, run_after=None
[2023-05-10T22:10:04.658+0000] {logging_mixin.py:149} INFO - [2023-05-10T22:10:04.657+0000] {dag.py:3490} INFO - Setting next_dagrun for dataset_consumes_unknown_never_scheduled to None, run_after=None
[2023-05-10T22:10:04.678+0000] {logging_mixin.py:149} INFO - [2023-05-10T22:10:04.678+0000] {dag.py:3490} INFO - Setting next_dagrun for dataset_produces_1 to 2023-05-09T00:00:00+00:00, run_after=2023-05-10T00:00:00+00:00
[2023-05-10T22:10:04.696+0000] {logging_mixin.py:149} INFO - [2023-05-10T22:10:04.695+0000] {dag.py:3490} INFO - Setting next_dagrun for dataset_produces_2 to None, run_after=None
[2023-05-10T22:10:05.031+0000] {processor.py:178} INFO - Processing /home/airflow/.local/lib/python3.7/site-packages/airflow/example_dags/example_datasets.py took 0.979 seconds
