[2023-05-10T21:52:55.801+0000] {processor.py:156} INFO - Started process (PID=80) to work on /home/airflow/.local/lib/python3.7/site-packages/airflow/example_dags/example_task_group_decorator.py
[2023-05-10T21:52:55.805+0000] {processor.py:799} INFO - Processing file /home/airflow/.local/lib/python3.7/site-packages/airflow/example_dags/example_task_group_decorator.py for tasks to queue
[2023-05-10T21:52:55.808+0000] {logging_mixin.py:149} INFO - [2023-05-10T21:52:55.808+0000] {dagbag.py:541} INFO - Filling up the DagBag from /home/airflow/.local/lib/python3.7/site-packages/airflow/example_dags/example_task_group_decorator.py
[2023-05-10T21:52:56.161+0000] {processor.py:809} INFO - DAG(s) dict_keys(['example_task_group_decorator']) retrieved from /home/airflow/.local/lib/python3.7/site-packages/airflow/example_dags/example_task_group_decorator.py
[2023-05-10T21:52:57.160+0000] {logging_mixin.py:149} INFO - [2023-05-10T21:52:57.160+0000] {manager.py:504} INFO - Created Permission View: can read on DAG:example_task_group_decorator
[2023-05-10T21:52:57.295+0000] {logging_mixin.py:149} INFO - [2023-05-10T21:52:57.295+0000] {manager.py:504} INFO - Created Permission View: can delete on DAG:example_task_group_decorator
[2023-05-10T21:52:57.439+0000] {logging_mixin.py:149} INFO - [2023-05-10T21:52:57.439+0000] {manager.py:504} INFO - Created Permission View: can edit on DAG:example_task_group_decorator
[2023-05-10T21:52:57.442+0000] {logging_mixin.py:149} INFO - [2023-05-10T21:52:57.441+0000] {dag.py:2726} INFO - Sync 1 DAGs
[2023-05-10T21:52:57.537+0000] {logging_mixin.py:149} INFO - [2023-05-10T21:52:57.537+0000] {dag.py:2747} INFO - Creating ORM DAG for example_task_group_decorator
[2023-05-10T21:52:57.578+0000] {logging_mixin.py:149} INFO - [2023-05-10T21:52:57.578+0000] {dag.py:3490} INFO - Setting next_dagrun for example_task_group_decorator to 2023-05-09T21:52:57.577614+00:00, run_after=2023-05-10T21:52:57.577614+00:00
[2023-05-10T21:52:57.743+0000] {processor.py:178} INFO - Processing /home/airflow/.local/lib/python3.7/site-packages/airflow/example_dags/example_task_group_decorator.py took 1.957 seconds
[2023-05-10T21:54:01.389+0000] {processor.py:156} INFO - Started process (PID=142) to work on /home/airflow/.local/lib/python3.7/site-packages/airflow/example_dags/example_task_group_decorator.py
[2023-05-10T21:54:01.391+0000] {processor.py:799} INFO - Processing file /home/airflow/.local/lib/python3.7/site-packages/airflow/example_dags/example_task_group_decorator.py for tasks to queue
[2023-05-10T21:54:01.394+0000] {logging_mixin.py:149} INFO - [2023-05-10T21:54:01.393+0000] {dagbag.py:541} INFO - Filling up the DagBag from /home/airflow/.local/lib/python3.7/site-packages/airflow/example_dags/example_task_group_decorator.py
[2023-05-10T21:54:01.519+0000] {processor.py:809} INFO - DAG(s) dict_keys(['example_task_group_decorator']) retrieved from /home/airflow/.local/lib/python3.7/site-packages/airflow/example_dags/example_task_group_decorator.py
[2023-05-10T21:54:01.636+0000] {logging_mixin.py:149} INFO - [2023-05-10T21:54:01.635+0000] {dag.py:2726} INFO - Sync 1 DAGs
[2023-05-10T21:54:01.731+0000] {logging_mixin.py:149} INFO - [2023-05-10T21:54:01.731+0000] {dag.py:3490} INFO - Setting next_dagrun for example_task_group_decorator to 2023-05-09T21:54:01.730675+00:00, run_after=2023-05-10T21:54:01.730675+00:00
[2023-05-10T21:54:01.892+0000] {processor.py:178} INFO - Processing /home/airflow/.local/lib/python3.7/site-packages/airflow/example_dags/example_task_group_decorator.py took 0.513 seconds
[2023-05-10T21:54:38.760+0000] {processor.py:156} INFO - Started process (PID=194) to work on /home/airflow/.local/lib/python3.7/site-packages/airflow/example_dags/example_task_group_decorator.py
[2023-05-10T21:54:38.762+0000] {processor.py:799} INFO - Processing file /home/airflow/.local/lib/python3.7/site-packages/airflow/example_dags/example_task_group_decorator.py for tasks to queue
[2023-05-10T21:54:38.765+0000] {logging_mixin.py:149} INFO - [2023-05-10T21:54:38.764+0000] {dagbag.py:541} INFO - Filling up the DagBag from /home/airflow/.local/lib/python3.7/site-packages/airflow/example_dags/example_task_group_decorator.py
[2023-05-10T21:54:38.896+0000] {processor.py:809} INFO - DAG(s) dict_keys(['example_task_group_decorator']) retrieved from /home/airflow/.local/lib/python3.7/site-packages/airflow/example_dags/example_task_group_decorator.py
[2023-05-10T21:54:39.140+0000] {logging_mixin.py:149} INFO - [2023-05-10T21:54:39.139+0000] {dag.py:2726} INFO - Sync 1 DAGs
[2023-05-10T21:54:39.287+0000] {logging_mixin.py:149} INFO - [2023-05-10T21:54:39.286+0000] {dag.py:3490} INFO - Setting next_dagrun for example_task_group_decorator to 2023-05-09T21:54:39.286334+00:00, run_after=2023-05-10T21:54:39.286334+00:00
[2023-05-10T21:54:39.518+0000] {processor.py:178} INFO - Processing /home/airflow/.local/lib/python3.7/site-packages/airflow/example_dags/example_task_group_decorator.py took 0.768 seconds
[2023-05-10T21:55:28.531+0000] {processor.py:156} INFO - Started process (PID=258) to work on /home/airflow/.local/lib/python3.7/site-packages/airflow/example_dags/example_task_group_decorator.py
[2023-05-10T21:55:28.534+0000] {processor.py:799} INFO - Processing file /home/airflow/.local/lib/python3.7/site-packages/airflow/example_dags/example_task_group_decorator.py for tasks to queue
[2023-05-10T21:55:28.543+0000] {logging_mixin.py:149} INFO - [2023-05-10T21:55:28.542+0000] {dagbag.py:541} INFO - Filling up the DagBag from /home/airflow/.local/lib/python3.7/site-packages/airflow/example_dags/example_task_group_decorator.py
[2023-05-10T21:55:28.633+0000] {processor.py:809} INFO - DAG(s) dict_keys(['example_task_group_decorator']) retrieved from /home/airflow/.local/lib/python3.7/site-packages/airflow/example_dags/example_task_group_decorator.py
[2023-05-10T21:55:29.018+0000] {logging_mixin.py:149} INFO - [2023-05-10T21:55:29.017+0000] {dag.py:2726} INFO - Sync 1 DAGs
[2023-05-10T21:55:29.163+0000] {logging_mixin.py:149} INFO - [2023-05-10T21:55:29.163+0000] {dag.py:3490} INFO - Setting next_dagrun for example_task_group_decorator to 2023-05-09T21:55:29.162515+00:00, run_after=2023-05-10T21:55:29.162515+00:00
[2023-05-10T21:55:29.965+0000] {processor.py:178} INFO - Processing /home/airflow/.local/lib/python3.7/site-packages/airflow/example_dags/example_task_group_decorator.py took 1.445 seconds
[2023-05-10T21:56:03.705+0000] {processor.py:156} INFO - Started process (PID=310) to work on /home/airflow/.local/lib/python3.7/site-packages/airflow/example_dags/example_task_group_decorator.py
[2023-05-10T21:56:03.716+0000] {processor.py:799} INFO - Processing file /home/airflow/.local/lib/python3.7/site-packages/airflow/example_dags/example_task_group_decorator.py for tasks to queue
[2023-05-10T21:56:03.720+0000] {logging_mixin.py:149} INFO - [2023-05-10T21:56:03.720+0000] {dagbag.py:541} INFO - Filling up the DagBag from /home/airflow/.local/lib/python3.7/site-packages/airflow/example_dags/example_task_group_decorator.py
[2023-05-10T21:56:03.808+0000] {processor.py:809} INFO - DAG(s) dict_keys(['example_task_group_decorator']) retrieved from /home/airflow/.local/lib/python3.7/site-packages/airflow/example_dags/example_task_group_decorator.py
[2023-05-10T21:56:03.918+0000] {logging_mixin.py:149} INFO - [2023-05-10T21:56:03.917+0000] {dag.py:2726} INFO - Sync 1 DAGs
[2023-05-10T21:56:04.028+0000] {logging_mixin.py:149} INFO - [2023-05-10T21:56:04.028+0000] {dag.py:3490} INFO - Setting next_dagrun for example_task_group_decorator to 2023-05-09T21:56:04.027518+00:00, run_after=2023-05-10T21:56:04.027518+00:00
[2023-05-10T21:56:04.213+0000] {processor.py:178} INFO - Processing /home/airflow/.local/lib/python3.7/site-packages/airflow/example_dags/example_task_group_decorator.py took 0.519 seconds
[2023-05-10T21:56:35.160+0000] {processor.py:156} INFO - Started process (PID=361) to work on /home/airflow/.local/lib/python3.7/site-packages/airflow/example_dags/example_task_group_decorator.py
[2023-05-10T21:56:35.164+0000] {processor.py:799} INFO - Processing file /home/airflow/.local/lib/python3.7/site-packages/airflow/example_dags/example_task_group_decorator.py for tasks to queue
[2023-05-10T21:56:35.174+0000] {logging_mixin.py:149} INFO - [2023-05-10T21:56:35.174+0000] {dagbag.py:541} INFO - Filling up the DagBag from /home/airflow/.local/lib/python3.7/site-packages/airflow/example_dags/example_task_group_decorator.py
[2023-05-10T21:56:35.297+0000] {processor.py:809} INFO - DAG(s) dict_keys(['example_task_group_decorator']) retrieved from /home/airflow/.local/lib/python3.7/site-packages/airflow/example_dags/example_task_group_decorator.py
[2023-05-10T21:56:35.469+0000] {logging_mixin.py:149} INFO - [2023-05-10T21:56:35.468+0000] {dag.py:2726} INFO - Sync 1 DAGs
[2023-05-10T21:56:35.708+0000] {logging_mixin.py:149} INFO - [2023-05-10T21:56:35.708+0000] {dag.py:3490} INFO - Setting next_dagrun for example_task_group_decorator to 2023-05-09T21:56:35.707829+00:00, run_after=2023-05-10T21:56:35.707829+00:00
[2023-05-10T21:56:36.198+0000] {processor.py:178} INFO - Processing /home/airflow/.local/lib/python3.7/site-packages/airflow/example_dags/example_task_group_decorator.py took 1.054 seconds
[2023-05-10T21:57:16.544+0000] {processor.py:156} INFO - Started process (PID=418) to work on /home/airflow/.local/lib/python3.7/site-packages/airflow/example_dags/example_task_group_decorator.py
[2023-05-10T21:57:16.580+0000] {processor.py:799} INFO - Processing file /home/airflow/.local/lib/python3.7/site-packages/airflow/example_dags/example_task_group_decorator.py for tasks to queue
[2023-05-10T21:57:16.584+0000] {logging_mixin.py:149} INFO - [2023-05-10T21:57:16.583+0000] {dagbag.py:541} INFO - Filling up the DagBag from /home/airflow/.local/lib/python3.7/site-packages/airflow/example_dags/example_task_group_decorator.py
[2023-05-10T21:57:16.807+0000] {processor.py:809} INFO - DAG(s) dict_keys(['example_task_group_decorator']) retrieved from /home/airflow/.local/lib/python3.7/site-packages/airflow/example_dags/example_task_group_decorator.py
[2023-05-10T21:57:17.148+0000] {logging_mixin.py:149} INFO - [2023-05-10T21:57:17.148+0000] {dag.py:2726} INFO - Sync 1 DAGs
[2023-05-10T21:57:17.513+0000] {logging_mixin.py:149} INFO - [2023-05-10T21:57:17.513+0000] {dag.py:3490} INFO - Setting next_dagrun for example_task_group_decorator to 2023-05-09T21:57:17.512755+00:00, run_after=2023-05-10T21:57:17.512755+00:00
[2023-05-10T21:57:17.908+0000] {processor.py:178} INFO - Processing /home/airflow/.local/lib/python3.7/site-packages/airflow/example_dags/example_task_group_decorator.py took 1.431 seconds
[2023-05-10T21:57:54.528+0000] {processor.py:156} INFO - Started process (PID=474) to work on /home/airflow/.local/lib/python3.7/site-packages/airflow/example_dags/example_task_group_decorator.py
[2023-05-10T21:57:54.538+0000] {processor.py:799} INFO - Processing file /home/airflow/.local/lib/python3.7/site-packages/airflow/example_dags/example_task_group_decorator.py for tasks to queue
[2023-05-10T21:57:54.541+0000] {logging_mixin.py:149} INFO - [2023-05-10T21:57:54.541+0000] {dagbag.py:541} INFO - Filling up the DagBag from /home/airflow/.local/lib/python3.7/site-packages/airflow/example_dags/example_task_group_decorator.py
[2023-05-10T21:57:54.621+0000] {processor.py:809} INFO - DAG(s) dict_keys(['example_task_group_decorator']) retrieved from /home/airflow/.local/lib/python3.7/site-packages/airflow/example_dags/example_task_group_decorator.py
[2023-05-10T21:57:54.846+0000] {logging_mixin.py:149} INFO - [2023-05-10T21:57:54.845+0000] {dag.py:2726} INFO - Sync 1 DAGs
[2023-05-10T21:57:55.040+0000] {logging_mixin.py:149} INFO - [2023-05-10T21:57:55.039+0000] {dag.py:3490} INFO - Setting next_dagrun for example_task_group_decorator to 2023-05-09T21:57:55.039187+00:00, run_after=2023-05-10T21:57:55.039187+00:00
[2023-05-10T21:57:55.299+0000] {processor.py:178} INFO - Processing /home/airflow/.local/lib/python3.7/site-packages/airflow/example_dags/example_task_group_decorator.py took 0.795 seconds
[2023-05-10T21:58:29.544+0000] {processor.py:156} INFO - Started process (PID=530) to work on /home/airflow/.local/lib/python3.7/site-packages/airflow/example_dags/example_task_group_decorator.py
[2023-05-10T21:58:29.547+0000] {processor.py:799} INFO - Processing file /home/airflow/.local/lib/python3.7/site-packages/airflow/example_dags/example_task_group_decorator.py for tasks to queue
[2023-05-10T21:58:29.550+0000] {logging_mixin.py:149} INFO - [2023-05-10T21:58:29.549+0000] {dagbag.py:541} INFO - Filling up the DagBag from /home/airflow/.local/lib/python3.7/site-packages/airflow/example_dags/example_task_group_decorator.py
[2023-05-10T21:58:29.654+0000] {processor.py:809} INFO - DAG(s) dict_keys(['example_task_group_decorator']) retrieved from /home/airflow/.local/lib/python3.7/site-packages/airflow/example_dags/example_task_group_decorator.py
[2023-05-10T21:58:29.837+0000] {logging_mixin.py:149} INFO - [2023-05-10T21:58:29.836+0000] {dag.py:2726} INFO - Sync 1 DAGs
[2023-05-10T21:58:30.019+0000] {logging_mixin.py:149} INFO - [2023-05-10T21:58:30.019+0000] {dag.py:3490} INFO - Setting next_dagrun for example_task_group_decorator to 2023-05-09T21:58:30.018853+00:00, run_after=2023-05-10T21:58:30.018853+00:00
[2023-05-10T21:58:30.265+0000] {processor.py:178} INFO - Processing /home/airflow/.local/lib/python3.7/site-packages/airflow/example_dags/example_task_group_decorator.py took 0.738 seconds
[2023-05-10T21:59:01.201+0000] {processor.py:156} INFO - Started process (PID=585) to work on /home/airflow/.local/lib/python3.7/site-packages/airflow/example_dags/example_task_group_decorator.py
[2023-05-10T21:59:01.204+0000] {processor.py:799} INFO - Processing file /home/airflow/.local/lib/python3.7/site-packages/airflow/example_dags/example_task_group_decorator.py for tasks to queue
[2023-05-10T21:59:01.207+0000] {logging_mixin.py:149} INFO - [2023-05-10T21:59:01.206+0000] {dagbag.py:541} INFO - Filling up the DagBag from /home/airflow/.local/lib/python3.7/site-packages/airflow/example_dags/example_task_group_decorator.py
[2023-05-10T21:59:01.308+0000] {processor.py:809} INFO - DAG(s) dict_keys(['example_task_group_decorator']) retrieved from /home/airflow/.local/lib/python3.7/site-packages/airflow/example_dags/example_task_group_decorator.py
[2023-05-10T21:59:01.667+0000] {logging_mixin.py:149} INFO - [2023-05-10T21:59:01.667+0000] {dag.py:2726} INFO - Sync 1 DAGs
[2023-05-10T21:59:01.883+0000] {logging_mixin.py:149} INFO - [2023-05-10T21:59:01.882+0000] {dag.py:3490} INFO - Setting next_dagrun for example_task_group_decorator to 2023-05-09T21:59:01.882305+00:00, run_after=2023-05-10T21:59:01.882305+00:00
[2023-05-10T21:59:02.329+0000] {processor.py:178} INFO - Processing /home/airflow/.local/lib/python3.7/site-packages/airflow/example_dags/example_task_group_decorator.py took 1.145 seconds
[2023-05-10T21:59:32.569+0000] {processor.py:156} INFO - Started process (PID=636) to work on /home/airflow/.local/lib/python3.7/site-packages/airflow/example_dags/example_task_group_decorator.py
[2023-05-10T21:59:32.572+0000] {processor.py:799} INFO - Processing file /home/airflow/.local/lib/python3.7/site-packages/airflow/example_dags/example_task_group_decorator.py for tasks to queue
[2023-05-10T21:59:32.574+0000] {logging_mixin.py:149} INFO - [2023-05-10T21:59:32.574+0000] {dagbag.py:541} INFO - Filling up the DagBag from /home/airflow/.local/lib/python3.7/site-packages/airflow/example_dags/example_task_group_decorator.py
[2023-05-10T21:59:32.663+0000] {processor.py:809} INFO - DAG(s) dict_keys(['example_task_group_decorator']) retrieved from /home/airflow/.local/lib/python3.7/site-packages/airflow/example_dags/example_task_group_decorator.py
[2023-05-10T21:59:32.869+0000] {logging_mixin.py:149} INFO - [2023-05-10T21:59:32.868+0000] {dag.py:2726} INFO - Sync 1 DAGs
[2023-05-10T21:59:33.093+0000] {logging_mixin.py:149} INFO - [2023-05-10T21:59:33.092+0000] {dag.py:3490} INFO - Setting next_dagrun for example_task_group_decorator to 2023-05-09T21:59:33.092184+00:00, run_after=2023-05-10T21:59:33.092184+00:00
[2023-05-10T21:59:33.436+0000] {processor.py:178} INFO - Processing /home/airflow/.local/lib/python3.7/site-packages/airflow/example_dags/example_task_group_decorator.py took 0.886 seconds
[2023-05-10T22:00:04.026+0000] {processor.py:156} INFO - Started process (PID=692) to work on /home/airflow/.local/lib/python3.7/site-packages/airflow/example_dags/example_task_group_decorator.py
[2023-05-10T22:00:04.029+0000] {processor.py:799} INFO - Processing file /home/airflow/.local/lib/python3.7/site-packages/airflow/example_dags/example_task_group_decorator.py for tasks to queue
[2023-05-10T22:00:04.032+0000] {logging_mixin.py:149} INFO - [2023-05-10T22:00:04.031+0000] {dagbag.py:541} INFO - Filling up the DagBag from /home/airflow/.local/lib/python3.7/site-packages/airflow/example_dags/example_task_group_decorator.py
[2023-05-10T22:00:04.124+0000] {processor.py:809} INFO - DAG(s) dict_keys(['example_task_group_decorator']) retrieved from /home/airflow/.local/lib/python3.7/site-packages/airflow/example_dags/example_task_group_decorator.py
[2023-05-10T22:00:04.273+0000] {logging_mixin.py:149} INFO - [2023-05-10T22:00:04.273+0000] {dag.py:2726} INFO - Sync 1 DAGs
[2023-05-10T22:00:04.437+0000] {logging_mixin.py:149} INFO - [2023-05-10T22:00:04.429+0000] {dag.py:3490} INFO - Setting next_dagrun for example_task_group_decorator to 2023-05-09T22:00:04.428360+00:00, run_after=2023-05-10T22:00:04.428360+00:00
[2023-05-10T22:00:04.721+0000] {processor.py:178} INFO - Processing /home/airflow/.local/lib/python3.7/site-packages/airflow/example_dags/example_task_group_decorator.py took 0.711 seconds
[2023-05-10T22:00:36.952+0000] {processor.py:156} INFO - Started process (PID=746) to work on /home/airflow/.local/lib/python3.7/site-packages/airflow/example_dags/example_task_group_decorator.py
[2023-05-10T22:00:36.973+0000] {processor.py:799} INFO - Processing file /home/airflow/.local/lib/python3.7/site-packages/airflow/example_dags/example_task_group_decorator.py for tasks to queue
[2023-05-10T22:00:36.976+0000] {logging_mixin.py:149} INFO - [2023-05-10T22:00:36.975+0000] {dagbag.py:541} INFO - Filling up the DagBag from /home/airflow/.local/lib/python3.7/site-packages/airflow/example_dags/example_task_group_decorator.py
[2023-05-10T22:00:37.031+0000] {processor.py:809} INFO - DAG(s) dict_keys(['example_task_group_decorator']) retrieved from /home/airflow/.local/lib/python3.7/site-packages/airflow/example_dags/example_task_group_decorator.py
[2023-05-10T22:00:37.265+0000] {logging_mixin.py:149} INFO - [2023-05-10T22:00:37.265+0000] {dag.py:2726} INFO - Sync 1 DAGs
[2023-05-10T22:00:37.463+0000] {logging_mixin.py:149} INFO - [2023-05-10T22:00:37.463+0000] {dag.py:3490} INFO - Setting next_dagrun for example_task_group_decorator to 2023-05-09T22:00:37.462785+00:00, run_after=2023-05-10T22:00:37.462785+00:00
[2023-05-10T22:00:37.647+0000] {processor.py:178} INFO - Processing /home/airflow/.local/lib/python3.7/site-packages/airflow/example_dags/example_task_group_decorator.py took 0.730 seconds
[2023-05-10T22:01:11.263+0000] {processor.py:156} INFO - Started process (PID=803) to work on /home/airflow/.local/lib/python3.7/site-packages/airflow/example_dags/example_task_group_decorator.py
[2023-05-10T22:01:11.294+0000] {processor.py:799} INFO - Processing file /home/airflow/.local/lib/python3.7/site-packages/airflow/example_dags/example_task_group_decorator.py for tasks to queue
[2023-05-10T22:01:11.299+0000] {logging_mixin.py:149} INFO - [2023-05-10T22:01:11.298+0000] {dagbag.py:541} INFO - Filling up the DagBag from /home/airflow/.local/lib/python3.7/site-packages/airflow/example_dags/example_task_group_decorator.py
[2023-05-10T22:01:11.430+0000] {processor.py:809} INFO - DAG(s) dict_keys(['example_task_group_decorator']) retrieved from /home/airflow/.local/lib/python3.7/site-packages/airflow/example_dags/example_task_group_decorator.py
[2023-05-10T22:01:11.778+0000] {logging_mixin.py:149} INFO - [2023-05-10T22:01:11.778+0000] {dag.py:2726} INFO - Sync 1 DAGs
[2023-05-10T22:01:12.213+0000] {logging_mixin.py:149} INFO - [2023-05-10T22:01:12.213+0000] {dag.py:3490} INFO - Setting next_dagrun for example_task_group_decorator to 2023-05-09T22:01:12.212761+00:00, run_after=2023-05-10T22:01:12.212761+00:00
[2023-05-10T22:01:12.788+0000] {processor.py:178} INFO - Processing /home/airflow/.local/lib/python3.7/site-packages/airflow/example_dags/example_task_group_decorator.py took 1.534 seconds
[2023-05-10T22:01:44.029+0000] {processor.py:156} INFO - Started process (PID=859) to work on /home/airflow/.local/lib/python3.7/site-packages/airflow/example_dags/example_task_group_decorator.py
[2023-05-10T22:01:44.032+0000] {processor.py:799} INFO - Processing file /home/airflow/.local/lib/python3.7/site-packages/airflow/example_dags/example_task_group_decorator.py for tasks to queue
[2023-05-10T22:01:44.035+0000] {logging_mixin.py:149} INFO - [2023-05-10T22:01:44.035+0000] {dagbag.py:541} INFO - Filling up the DagBag from /home/airflow/.local/lib/python3.7/site-packages/airflow/example_dags/example_task_group_decorator.py
[2023-05-10T22:01:44.261+0000] {processor.py:809} INFO - DAG(s) dict_keys(['example_task_group_decorator']) retrieved from /home/airflow/.local/lib/python3.7/site-packages/airflow/example_dags/example_task_group_decorator.py
[2023-05-10T22:01:44.457+0000] {logging_mixin.py:149} INFO - [2023-05-10T22:01:44.456+0000] {dag.py:2726} INFO - Sync 1 DAGs
[2023-05-10T22:01:44.632+0000] {logging_mixin.py:149} INFO - [2023-05-10T22:01:44.631+0000] {dag.py:3490} INFO - Setting next_dagrun for example_task_group_decorator to 2023-05-09T22:01:44.631253+00:00, run_after=2023-05-10T22:01:44.631253+00:00
[2023-05-10T22:01:44.950+0000] {processor.py:178} INFO - Processing /home/airflow/.local/lib/python3.7/site-packages/airflow/example_dags/example_task_group_decorator.py took 0.932 seconds
[2023-05-10T22:02:15.409+0000] {processor.py:156} INFO - Started process (PID=923) to work on /home/airflow/.local/lib/python3.7/site-packages/airflow/example_dags/example_task_group_decorator.py
[2023-05-10T22:02:15.411+0000] {processor.py:799} INFO - Processing file /home/airflow/.local/lib/python3.7/site-packages/airflow/example_dags/example_task_group_decorator.py for tasks to queue
[2023-05-10T22:02:15.413+0000] {logging_mixin.py:149} INFO - [2023-05-10T22:02:15.413+0000] {dagbag.py:541} INFO - Filling up the DagBag from /home/airflow/.local/lib/python3.7/site-packages/airflow/example_dags/example_task_group_decorator.py
[2023-05-10T22:02:15.515+0000] {processor.py:809} INFO - DAG(s) dict_keys(['example_task_group_decorator']) retrieved from /home/airflow/.local/lib/python3.7/site-packages/airflow/example_dags/example_task_group_decorator.py
[2023-05-10T22:02:15.660+0000] {logging_mixin.py:149} INFO - [2023-05-10T22:02:15.660+0000] {dag.py:2726} INFO - Sync 1 DAGs
[2023-05-10T22:02:15.799+0000] {logging_mixin.py:149} INFO - [2023-05-10T22:02:15.799+0000] {dag.py:3490} INFO - Setting next_dagrun for example_task_group_decorator to 2023-05-09T22:02:15.798860+00:00, run_after=2023-05-10T22:02:15.798860+00:00
[2023-05-10T22:02:16.020+0000] {processor.py:178} INFO - Processing /home/airflow/.local/lib/python3.7/site-packages/airflow/example_dags/example_task_group_decorator.py took 0.629 seconds
[2023-05-10T22:02:49.601+0000] {processor.py:156} INFO - Started process (PID=979) to work on /home/airflow/.local/lib/python3.7/site-packages/airflow/example_dags/example_task_group_decorator.py
[2023-05-10T22:02:49.615+0000] {processor.py:799} INFO - Processing file /home/airflow/.local/lib/python3.7/site-packages/airflow/example_dags/example_task_group_decorator.py for tasks to queue
[2023-05-10T22:02:49.632+0000] {logging_mixin.py:149} INFO - [2023-05-10T22:02:49.632+0000] {dagbag.py:541} INFO - Filling up the DagBag from /home/airflow/.local/lib/python3.7/site-packages/airflow/example_dags/example_task_group_decorator.py
[2023-05-10T22:02:49.802+0000] {processor.py:809} INFO - DAG(s) dict_keys(['example_task_group_decorator']) retrieved from /home/airflow/.local/lib/python3.7/site-packages/airflow/example_dags/example_task_group_decorator.py
[2023-05-10T22:02:50.026+0000] {logging_mixin.py:149} INFO - [2023-05-10T22:02:50.026+0000] {dag.py:2726} INFO - Sync 1 DAGs
[2023-05-10T22:02:50.304+0000] {logging_mixin.py:149} INFO - [2023-05-10T22:02:50.303+0000] {dag.py:3490} INFO - Setting next_dagrun for example_task_group_decorator to 2023-05-09T22:02:50.303239+00:00, run_after=2023-05-10T22:02:50.303239+00:00
[2023-05-10T22:02:50.558+0000] {processor.py:178} INFO - Processing /home/airflow/.local/lib/python3.7/site-packages/airflow/example_dags/example_task_group_decorator.py took 0.980 seconds
[2023-05-10T22:03:21.288+0000] {processor.py:156} INFO - Started process (PID=1034) to work on /home/airflow/.local/lib/python3.7/site-packages/airflow/example_dags/example_task_group_decorator.py
[2023-05-10T22:03:21.290+0000] {processor.py:799} INFO - Processing file /home/airflow/.local/lib/python3.7/site-packages/airflow/example_dags/example_task_group_decorator.py for tasks to queue
[2023-05-10T22:03:21.293+0000] {logging_mixin.py:149} INFO - [2023-05-10T22:03:21.293+0000] {dagbag.py:541} INFO - Filling up the DagBag from /home/airflow/.local/lib/python3.7/site-packages/airflow/example_dags/example_task_group_decorator.py
[2023-05-10T22:03:21.403+0000] {processor.py:809} INFO - DAG(s) dict_keys(['example_task_group_decorator']) retrieved from /home/airflow/.local/lib/python3.7/site-packages/airflow/example_dags/example_task_group_decorator.py
[2023-05-10T22:03:21.638+0000] {logging_mixin.py:149} INFO - [2023-05-10T22:03:21.638+0000] {dag.py:2726} INFO - Sync 1 DAGs
[2023-05-10T22:03:21.837+0000] {logging_mixin.py:149} INFO - [2023-05-10T22:03:21.836+0000] {dag.py:3490} INFO - Setting next_dagrun for example_task_group_decorator to 2023-05-09T22:03:21.836377+00:00, run_after=2023-05-10T22:03:21.836377+00:00
[2023-05-10T22:03:22.192+0000] {processor.py:178} INFO - Processing /home/airflow/.local/lib/python3.7/site-packages/airflow/example_dags/example_task_group_decorator.py took 0.923 seconds
[2023-05-10T22:03:57.786+0000] {processor.py:156} INFO - Started process (PID=1090) to work on /home/airflow/.local/lib/python3.7/site-packages/airflow/example_dags/example_task_group_decorator.py
[2023-05-10T22:03:57.796+0000] {processor.py:799} INFO - Processing file /home/airflow/.local/lib/python3.7/site-packages/airflow/example_dags/example_task_group_decorator.py for tasks to queue
[2023-05-10T22:03:57.803+0000] {logging_mixin.py:149} INFO - [2023-05-10T22:03:57.803+0000] {dagbag.py:541} INFO - Filling up the DagBag from /home/airflow/.local/lib/python3.7/site-packages/airflow/example_dags/example_task_group_decorator.py
[2023-05-10T22:03:57.886+0000] {processor.py:809} INFO - DAG(s) dict_keys(['example_task_group_decorator']) retrieved from /home/airflow/.local/lib/python3.7/site-packages/airflow/example_dags/example_task_group_decorator.py
[2023-05-10T22:03:58.067+0000] {logging_mixin.py:149} INFO - [2023-05-10T22:03:58.067+0000] {dag.py:2726} INFO - Sync 1 DAGs
[2023-05-10T22:03:58.232+0000] {logging_mixin.py:149} INFO - [2023-05-10T22:03:58.230+0000] {dag.py:3490} INFO - Setting next_dagrun for example_task_group_decorator to 2023-05-09T22:03:58.224507+00:00, run_after=2023-05-10T22:03:58.224507+00:00
[2023-05-10T22:03:58.529+0000] {processor.py:178} INFO - Processing /home/airflow/.local/lib/python3.7/site-packages/airflow/example_dags/example_task_group_decorator.py took 0.760 seconds
[2023-05-10T22:04:33.915+0000] {processor.py:156} INFO - Started process (PID=1148) to work on /home/airflow/.local/lib/python3.7/site-packages/airflow/example_dags/example_task_group_decorator.py
[2023-05-10T22:04:33.917+0000] {processor.py:799} INFO - Processing file /home/airflow/.local/lib/python3.7/site-packages/airflow/example_dags/example_task_group_decorator.py for tasks to queue
[2023-05-10T22:04:33.920+0000] {logging_mixin.py:149} INFO - [2023-05-10T22:04:33.919+0000] {dagbag.py:541} INFO - Filling up the DagBag from /home/airflow/.local/lib/python3.7/site-packages/airflow/example_dags/example_task_group_decorator.py
[2023-05-10T22:04:34.029+0000] {processor.py:809} INFO - DAG(s) dict_keys(['example_task_group_decorator']) retrieved from /home/airflow/.local/lib/python3.7/site-packages/airflow/example_dags/example_task_group_decorator.py
[2023-05-10T22:04:34.280+0000] {logging_mixin.py:149} INFO - [2023-05-10T22:04:34.279+0000] {dag.py:2726} INFO - Sync 1 DAGs
[2023-05-10T22:04:34.454+0000] {logging_mixin.py:149} INFO - [2023-05-10T22:04:34.451+0000] {dag.py:3490} INFO - Setting next_dagrun for example_task_group_decorator to 2023-05-09T22:04:34.450902+00:00, run_after=2023-05-10T22:04:34.450902+00:00
[2023-05-10T22:04:34.790+0000] {processor.py:178} INFO - Processing /home/airflow/.local/lib/python3.7/site-packages/airflow/example_dags/example_task_group_decorator.py took 0.889 seconds
[2023-05-10T22:05:05.717+0000] {processor.py:156} INFO - Started process (PID=1204) to work on /home/airflow/.local/lib/python3.7/site-packages/airflow/example_dags/example_task_group_decorator.py
[2023-05-10T22:05:05.720+0000] {processor.py:799} INFO - Processing file /home/airflow/.local/lib/python3.7/site-packages/airflow/example_dags/example_task_group_decorator.py for tasks to queue
[2023-05-10T22:05:05.723+0000] {logging_mixin.py:149} INFO - [2023-05-10T22:05:05.722+0000] {dagbag.py:541} INFO - Filling up the DagBag from /home/airflow/.local/lib/python3.7/site-packages/airflow/example_dags/example_task_group_decorator.py
[2023-05-10T22:05:05.805+0000] {processor.py:809} INFO - DAG(s) dict_keys(['example_task_group_decorator']) retrieved from /home/airflow/.local/lib/python3.7/site-packages/airflow/example_dags/example_task_group_decorator.py
[2023-05-10T22:05:05.989+0000] {logging_mixin.py:149} INFO - [2023-05-10T22:05:05.988+0000] {dag.py:2726} INFO - Sync 1 DAGs
[2023-05-10T22:05:06.164+0000] {logging_mixin.py:149} INFO - [2023-05-10T22:05:06.164+0000] {dag.py:3490} INFO - Setting next_dagrun for example_task_group_decorator to 2023-05-09T22:05:06.163952+00:00, run_after=2023-05-10T22:05:06.163952+00:00
[2023-05-10T22:05:06.347+0000] {processor.py:178} INFO - Processing /home/airflow/.local/lib/python3.7/site-packages/airflow/example_dags/example_task_group_decorator.py took 0.644 seconds
[2023-05-10T22:05:39.312+0000] {processor.py:156} INFO - Started process (PID=1261) to work on /home/airflow/.local/lib/python3.7/site-packages/airflow/example_dags/example_task_group_decorator.py
[2023-05-10T22:05:39.314+0000] {processor.py:799} INFO - Processing file /home/airflow/.local/lib/python3.7/site-packages/airflow/example_dags/example_task_group_decorator.py for tasks to queue
[2023-05-10T22:05:39.317+0000] {logging_mixin.py:149} INFO - [2023-05-10T22:05:39.317+0000] {dagbag.py:541} INFO - Filling up the DagBag from /home/airflow/.local/lib/python3.7/site-packages/airflow/example_dags/example_task_group_decorator.py
[2023-05-10T22:05:39.406+0000] {processor.py:809} INFO - DAG(s) dict_keys(['example_task_group_decorator']) retrieved from /home/airflow/.local/lib/python3.7/site-packages/airflow/example_dags/example_task_group_decorator.py
[2023-05-10T22:05:39.552+0000] {logging_mixin.py:149} INFO - [2023-05-10T22:05:39.550+0000] {dag.py:2726} INFO - Sync 1 DAGs
[2023-05-10T22:05:39.692+0000] {logging_mixin.py:149} INFO - [2023-05-10T22:05:39.691+0000] {dag.py:3490} INFO - Setting next_dagrun for example_task_group_decorator to 2023-05-09T22:05:39.690666+00:00, run_after=2023-05-10T22:05:39.690666+00:00
[2023-05-10T22:05:39.898+0000] {processor.py:178} INFO - Processing /home/airflow/.local/lib/python3.7/site-packages/airflow/example_dags/example_task_group_decorator.py took 0.603 seconds
[2023-05-10T22:06:11.779+0000] {processor.py:156} INFO - Started process (PID=1315) to work on /home/airflow/.local/lib/python3.7/site-packages/airflow/example_dags/example_task_group_decorator.py
[2023-05-10T22:06:11.800+0000] {processor.py:799} INFO - Processing file /home/airflow/.local/lib/python3.7/site-packages/airflow/example_dags/example_task_group_decorator.py for tasks to queue
[2023-05-10T22:06:11.805+0000] {logging_mixin.py:149} INFO - [2023-05-10T22:06:11.804+0000] {dagbag.py:541} INFO - Filling up the DagBag from /home/airflow/.local/lib/python3.7/site-packages/airflow/example_dags/example_task_group_decorator.py
[2023-05-10T22:06:11.904+0000] {processor.py:809} INFO - DAG(s) dict_keys(['example_task_group_decorator']) retrieved from /home/airflow/.local/lib/python3.7/site-packages/airflow/example_dags/example_task_group_decorator.py
[2023-05-10T22:06:12.088+0000] {logging_mixin.py:149} INFO - [2023-05-10T22:06:12.087+0000] {dag.py:2726} INFO - Sync 1 DAGs
[2023-05-10T22:06:12.261+0000] {logging_mixin.py:149} INFO - [2023-05-10T22:06:12.260+0000] {dag.py:3490} INFO - Setting next_dagrun for example_task_group_decorator to 2023-05-09T22:06:12.259096+00:00, run_after=2023-05-10T22:06:12.259096+00:00
[2023-05-10T22:06:12.534+0000] {processor.py:178} INFO - Processing /home/airflow/.local/lib/python3.7/site-packages/airflow/example_dags/example_task_group_decorator.py took 0.787 seconds
[2023-05-10T22:06:44.882+0000] {processor.py:156} INFO - Started process (PID=1369) to work on /home/airflow/.local/lib/python3.7/site-packages/airflow/example_dags/example_task_group_decorator.py
[2023-05-10T22:06:44.893+0000] {processor.py:799} INFO - Processing file /home/airflow/.local/lib/python3.7/site-packages/airflow/example_dags/example_task_group_decorator.py for tasks to queue
[2023-05-10T22:06:44.896+0000] {logging_mixin.py:149} INFO - [2023-05-10T22:06:44.896+0000] {dagbag.py:541} INFO - Filling up the DagBag from /home/airflow/.local/lib/python3.7/site-packages/airflow/example_dags/example_task_group_decorator.py
[2023-05-10T22:06:45.029+0000] {processor.py:809} INFO - DAG(s) dict_keys(['example_task_group_decorator']) retrieved from /home/airflow/.local/lib/python3.7/site-packages/airflow/example_dags/example_task_group_decorator.py
[2023-05-10T22:06:45.295+0000] {logging_mixin.py:149} INFO - [2023-05-10T22:06:45.288+0000] {dag.py:2726} INFO - Sync 1 DAGs
[2023-05-10T22:06:45.471+0000] {logging_mixin.py:149} INFO - [2023-05-10T22:06:45.471+0000] {dag.py:3490} INFO - Setting next_dagrun for example_task_group_decorator to 2023-05-09T22:06:45.470821+00:00, run_after=2023-05-10T22:06:45.470821+00:00
[2023-05-10T22:06:45.621+0000] {processor.py:178} INFO - Processing /home/airflow/.local/lib/python3.7/site-packages/airflow/example_dags/example_task_group_decorator.py took 0.747 seconds
[2023-05-10T22:07:18.213+0000] {processor.py:156} INFO - Started process (PID=1425) to work on /home/airflow/.local/lib/python3.7/site-packages/airflow/example_dags/example_task_group_decorator.py
[2023-05-10T22:07:18.218+0000] {processor.py:799} INFO - Processing file /home/airflow/.local/lib/python3.7/site-packages/airflow/example_dags/example_task_group_decorator.py for tasks to queue
[2023-05-10T22:07:18.229+0000] {logging_mixin.py:149} INFO - [2023-05-10T22:07:18.228+0000] {dagbag.py:541} INFO - Filling up the DagBag from /home/airflow/.local/lib/python3.7/site-packages/airflow/example_dags/example_task_group_decorator.py
[2023-05-10T22:07:18.333+0000] {processor.py:809} INFO - DAG(s) dict_keys(['example_task_group_decorator']) retrieved from /home/airflow/.local/lib/python3.7/site-packages/airflow/example_dags/example_task_group_decorator.py
[2023-05-10T22:07:18.531+0000] {logging_mixin.py:149} INFO - [2023-05-10T22:07:18.531+0000] {dag.py:2726} INFO - Sync 1 DAGs
[2023-05-10T22:07:18.819+0000] {logging_mixin.py:149} INFO - [2023-05-10T22:07:18.818+0000] {dag.py:3490} INFO - Setting next_dagrun for example_task_group_decorator to 2023-05-09T22:07:18.804413+00:00, run_after=2023-05-10T22:07:18.804413+00:00
[2023-05-10T22:07:19.162+0000] {processor.py:178} INFO - Processing /home/airflow/.local/lib/python3.7/site-packages/airflow/example_dags/example_task_group_decorator.py took 0.967 seconds
[2023-05-10T22:07:49.319+0000] {processor.py:156} INFO - Started process (PID=1481) to work on /home/airflow/.local/lib/python3.7/site-packages/airflow/example_dags/example_task_group_decorator.py
[2023-05-10T22:07:49.321+0000] {processor.py:799} INFO - Processing file /home/airflow/.local/lib/python3.7/site-packages/airflow/example_dags/example_task_group_decorator.py for tasks to queue
[2023-05-10T22:07:49.323+0000] {logging_mixin.py:149} INFO - [2023-05-10T22:07:49.323+0000] {dagbag.py:541} INFO - Filling up the DagBag from /home/airflow/.local/lib/python3.7/site-packages/airflow/example_dags/example_task_group_decorator.py
[2023-05-10T22:07:49.414+0000] {processor.py:809} INFO - DAG(s) dict_keys(['example_task_group_decorator']) retrieved from /home/airflow/.local/lib/python3.7/site-packages/airflow/example_dags/example_task_group_decorator.py
[2023-05-10T22:07:49.525+0000] {logging_mixin.py:149} INFO - [2023-05-10T22:07:49.525+0000] {dag.py:2726} INFO - Sync 1 DAGs
[2023-05-10T22:07:49.668+0000] {logging_mixin.py:149} INFO - [2023-05-10T22:07:49.667+0000] {dag.py:3490} INFO - Setting next_dagrun for example_task_group_decorator to 2023-05-09T22:07:49.666975+00:00, run_after=2023-05-10T22:07:49.666975+00:00
[2023-05-10T22:07:49.891+0000] {processor.py:178} INFO - Processing /home/airflow/.local/lib/python3.7/site-packages/airflow/example_dags/example_task_group_decorator.py took 0.582 seconds
[2023-05-10T22:08:20.544+0000] {processor.py:156} INFO - Started process (PID=1537) to work on /home/airflow/.local/lib/python3.7/site-packages/airflow/example_dags/example_task_group_decorator.py
[2023-05-10T22:08:20.547+0000] {processor.py:799} INFO - Processing file /home/airflow/.local/lib/python3.7/site-packages/airflow/example_dags/example_task_group_decorator.py for tasks to queue
[2023-05-10T22:08:20.549+0000] {logging_mixin.py:149} INFO - [2023-05-10T22:08:20.549+0000] {dagbag.py:541} INFO - Filling up the DagBag from /home/airflow/.local/lib/python3.7/site-packages/airflow/example_dags/example_task_group_decorator.py
[2023-05-10T22:08:20.632+0000] {processor.py:809} INFO - DAG(s) dict_keys(['example_task_group_decorator']) retrieved from /home/airflow/.local/lib/python3.7/site-packages/airflow/example_dags/example_task_group_decorator.py
[2023-05-10T22:08:20.813+0000] {logging_mixin.py:149} INFO - [2023-05-10T22:08:20.813+0000] {dag.py:2726} INFO - Sync 1 DAGs
[2023-05-10T22:08:21.017+0000] {logging_mixin.py:149} INFO - [2023-05-10T22:08:21.016+0000] {dag.py:3490} INFO - Setting next_dagrun for example_task_group_decorator to 2023-05-09T22:08:21.015947+00:00, run_after=2023-05-10T22:08:21.015947+00:00
[2023-05-10T22:08:21.354+0000] {processor.py:178} INFO - Processing /home/airflow/.local/lib/python3.7/site-packages/airflow/example_dags/example_task_group_decorator.py took 0.825 seconds
[2023-05-10T22:08:52.465+0000] {processor.py:156} INFO - Started process (PID=1593) to work on /home/airflow/.local/lib/python3.7/site-packages/airflow/example_dags/example_task_group_decorator.py
[2023-05-10T22:08:52.468+0000] {processor.py:799} INFO - Processing file /home/airflow/.local/lib/python3.7/site-packages/airflow/example_dags/example_task_group_decorator.py for tasks to queue
[2023-05-10T22:08:52.470+0000] {logging_mixin.py:149} INFO - [2023-05-10T22:08:52.470+0000] {dagbag.py:541} INFO - Filling up the DagBag from /home/airflow/.local/lib/python3.7/site-packages/airflow/example_dags/example_task_group_decorator.py
[2023-05-10T22:08:52.587+0000] {processor.py:809} INFO - DAG(s) dict_keys(['example_task_group_decorator']) retrieved from /home/airflow/.local/lib/python3.7/site-packages/airflow/example_dags/example_task_group_decorator.py
[2023-05-10T22:08:52.813+0000] {logging_mixin.py:149} INFO - [2023-05-10T22:08:52.813+0000] {dag.py:2726} INFO - Sync 1 DAGs
[2023-05-10T22:08:53.019+0000] {logging_mixin.py:149} INFO - [2023-05-10T22:08:53.019+0000] {dag.py:3490} INFO - Setting next_dagrun for example_task_group_decorator to 2023-05-09T22:08:53.018559+00:00, run_after=2023-05-10T22:08:53.018559+00:00
[2023-05-10T22:08:53.213+0000] {processor.py:178} INFO - Processing /home/airflow/.local/lib/python3.7/site-packages/airflow/example_dags/example_task_group_decorator.py took 0.761 seconds
[2023-05-10T22:09:31.113+0000] {processor.py:156} INFO - Started process (PID=1651) to work on /home/airflow/.local/lib/python3.7/site-packages/airflow/example_dags/example_task_group_decorator.py
[2023-05-10T22:09:31.121+0000] {processor.py:799} INFO - Processing file /home/airflow/.local/lib/python3.7/site-packages/airflow/example_dags/example_task_group_decorator.py for tasks to queue
[2023-05-10T22:09:31.126+0000] {logging_mixin.py:149} INFO - [2023-05-10T22:09:31.126+0000] {dagbag.py:541} INFO - Filling up the DagBag from /home/airflow/.local/lib/python3.7/site-packages/airflow/example_dags/example_task_group_decorator.py
[2023-05-10T22:09:31.199+0000] {processor.py:809} INFO - DAG(s) dict_keys(['example_task_group_decorator']) retrieved from /home/airflow/.local/lib/python3.7/site-packages/airflow/example_dags/example_task_group_decorator.py
[2023-05-10T22:09:31.344+0000] {logging_mixin.py:149} INFO - [2023-05-10T22:09:31.344+0000] {dag.py:2726} INFO - Sync 1 DAGs
[2023-05-10T22:09:31.533+0000] {logging_mixin.py:149} INFO - [2023-05-10T22:09:31.533+0000] {dag.py:3490} INFO - Setting next_dagrun for example_task_group_decorator to 2023-05-09T22:09:31.532514+00:00, run_after=2023-05-10T22:09:31.532514+00:00
[2023-05-10T22:09:31.677+0000] {processor.py:178} INFO - Processing /home/airflow/.local/lib/python3.7/site-packages/airflow/example_dags/example_task_group_decorator.py took 0.572 seconds
[2023-05-10T22:10:03.733+0000] {processor.py:156} INFO - Started process (PID=1715) to work on /home/airflow/.local/lib/python3.7/site-packages/airflow/example_dags/example_task_group_decorator.py
[2023-05-10T22:10:03.738+0000] {processor.py:799} INFO - Processing file /home/airflow/.local/lib/python3.7/site-packages/airflow/example_dags/example_task_group_decorator.py for tasks to queue
[2023-05-10T22:10:03.745+0000] {logging_mixin.py:149} INFO - [2023-05-10T22:10:03.745+0000] {dagbag.py:541} INFO - Filling up the DagBag from /home/airflow/.local/lib/python3.7/site-packages/airflow/example_dags/example_task_group_decorator.py
[2023-05-10T22:10:03.836+0000] {processor.py:809} INFO - DAG(s) dict_keys(['example_task_group_decorator']) retrieved from /home/airflow/.local/lib/python3.7/site-packages/airflow/example_dags/example_task_group_decorator.py
[2023-05-10T22:10:04.116+0000] {logging_mixin.py:149} INFO - [2023-05-10T22:10:04.116+0000] {dag.py:2726} INFO - Sync 1 DAGs
[2023-05-10T22:10:04.309+0000] {logging_mixin.py:149} INFO - [2023-05-10T22:10:04.309+0000] {dag.py:3490} INFO - Setting next_dagrun for example_task_group_decorator to 2023-05-09T22:10:04.308892+00:00, run_after=2023-05-10T22:10:04.308892+00:00
[2023-05-10T22:10:04.473+0000] {processor.py:178} INFO - Processing /home/airflow/.local/lib/python3.7/site-packages/airflow/example_dags/example_task_group_decorator.py took 0.753 seconds
