[2023-05-10T21:53:13.652+0000] {processor.py:156} INFO - Started process (PID=95) to work on /home/airflow/.local/lib/python3.7/site-packages/airflow/example_dags/example_latest_only_with_trigger.py
[2023-05-10T21:53:13.655+0000] {processor.py:799} INFO - Processing file /home/airflow/.local/lib/python3.7/site-packages/airflow/example_dags/example_latest_only_with_trigger.py for tasks to queue
[2023-05-10T21:53:13.658+0000] {logging_mixin.py:149} INFO - [2023-05-10T21:53:13.658+0000] {dagbag.py:541} INFO - Filling up the DagBag from /home/airflow/.local/lib/python3.7/site-packages/airflow/example_dags/example_latest_only_with_trigger.py
[2023-05-10T21:53:15.839+0000] {processor.py:809} INFO - DAG(s) dict_keys(['latest_only_with_trigger']) retrieved from /home/airflow/.local/lib/python3.7/site-packages/airflow/example_dags/example_latest_only_with_trigger.py
[2023-05-10T21:53:17.145+0000] {logging_mixin.py:149} INFO - [2023-05-10T21:53:17.143+0000] {manager.py:504} INFO - Created Permission View: can read on DAG:latest_only_with_trigger
[2023-05-10T21:53:17.374+0000] {logging_mixin.py:149} INFO - [2023-05-10T21:53:17.373+0000] {manager.py:504} INFO - Created Permission View: can delete on DAG:latest_only_with_trigger
[2023-05-10T21:53:17.519+0000] {logging_mixin.py:149} INFO - [2023-05-10T21:53:17.512+0000] {manager.py:504} INFO - Created Permission View: can edit on DAG:latest_only_with_trigger
[2023-05-10T21:53:17.521+0000] {logging_mixin.py:149} INFO - [2023-05-10T21:53:17.521+0000] {dag.py:2726} INFO - Sync 1 DAGs
[2023-05-10T21:53:17.605+0000] {logging_mixin.py:149} INFO - [2023-05-10T21:53:17.604+0000] {dag.py:2747} INFO - Creating ORM DAG for latest_only_with_trigger
[2023-05-10T21:53:17.663+0000] {logging_mixin.py:149} INFO - [2023-05-10T21:53:17.663+0000] {dag.py:3490} INFO - Setting next_dagrun for latest_only_with_trigger to 2023-05-10T17:53:17.662719+00:00, run_after=2023-05-10T21:53:17.662719+00:00
[2023-05-10T21:53:17.824+0000] {processor.py:178} INFO - Processing /home/airflow/.local/lib/python3.7/site-packages/airflow/example_dags/example_latest_only_with_trigger.py took 4.191 seconds
[2023-05-10T21:54:14.331+0000] {processor.py:156} INFO - Started process (PID=151) to work on /home/airflow/.local/lib/python3.7/site-packages/airflow/example_dags/example_latest_only_with_trigger.py
[2023-05-10T21:54:14.335+0000] {processor.py:799} INFO - Processing file /home/airflow/.local/lib/python3.7/site-packages/airflow/example_dags/example_latest_only_with_trigger.py for tasks to queue
[2023-05-10T21:54:14.349+0000] {logging_mixin.py:149} INFO - [2023-05-10T21:54:14.348+0000] {dagbag.py:541} INFO - Filling up the DagBag from /home/airflow/.local/lib/python3.7/site-packages/airflow/example_dags/example_latest_only_with_trigger.py
[2023-05-10T21:54:14.409+0000] {processor.py:809} INFO - DAG(s) dict_keys(['latest_only_with_trigger']) retrieved from /home/airflow/.local/lib/python3.7/site-packages/airflow/example_dags/example_latest_only_with_trigger.py
[2023-05-10T21:54:14.575+0000] {logging_mixin.py:149} INFO - [2023-05-10T21:54:14.574+0000] {dag.py:2726} INFO - Sync 1 DAGs
[2023-05-10T21:54:14.755+0000] {logging_mixin.py:149} INFO - [2023-05-10T21:54:14.755+0000] {dag.py:3490} INFO - Setting next_dagrun for latest_only_with_trigger to 2023-05-10T17:54:14.744000+00:00, run_after=2023-05-10T21:54:14.744000+00:00
[2023-05-10T21:54:15.057+0000] {processor.py:178} INFO - Processing /home/airflow/.local/lib/python3.7/site-packages/airflow/example_dags/example_latest_only_with_trigger.py took 0.762 seconds
[2023-05-10T21:54:46.259+0000] {processor.py:156} INFO - Started process (PID=205) to work on /home/airflow/.local/lib/python3.7/site-packages/airflow/example_dags/example_latest_only_with_trigger.py
[2023-05-10T21:54:46.262+0000] {processor.py:799} INFO - Processing file /home/airflow/.local/lib/python3.7/site-packages/airflow/example_dags/example_latest_only_with_trigger.py for tasks to queue
[2023-05-10T21:54:46.265+0000] {logging_mixin.py:149} INFO - [2023-05-10T21:54:46.264+0000] {dagbag.py:541} INFO - Filling up the DagBag from /home/airflow/.local/lib/python3.7/site-packages/airflow/example_dags/example_latest_only_with_trigger.py
[2023-05-10T21:54:46.401+0000] {processor.py:809} INFO - DAG(s) dict_keys(['latest_only_with_trigger']) retrieved from /home/airflow/.local/lib/python3.7/site-packages/airflow/example_dags/example_latest_only_with_trigger.py
[2023-05-10T21:54:46.485+0000] {logging_mixin.py:149} INFO - [2023-05-10T21:54:46.484+0000] {dag.py:2726} INFO - Sync 1 DAGs
[2023-05-10T21:54:46.689+0000] {logging_mixin.py:149} INFO - [2023-05-10T21:54:46.689+0000] {dag.py:3490} INFO - Setting next_dagrun for latest_only_with_trigger to 2023-05-10T17:54:46.689022+00:00, run_after=2023-05-10T21:54:46.689022+00:00
[2023-05-10T21:54:46.994+0000] {processor.py:178} INFO - Processing /home/airflow/.local/lib/python3.7/site-packages/airflow/example_dags/example_latest_only_with_trigger.py took 0.745 seconds
[2023-05-10T21:55:32.985+0000] {processor.py:156} INFO - Started process (PID=265) to work on /home/airflow/.local/lib/python3.7/site-packages/airflow/example_dags/example_latest_only_with_trigger.py
[2023-05-10T21:55:33.005+0000] {processor.py:799} INFO - Processing file /home/airflow/.local/lib/python3.7/site-packages/airflow/example_dags/example_latest_only_with_trigger.py for tasks to queue
[2023-05-10T21:55:33.013+0000] {logging_mixin.py:149} INFO - [2023-05-10T21:55:33.012+0000] {dagbag.py:541} INFO - Filling up the DagBag from /home/airflow/.local/lib/python3.7/site-packages/airflow/example_dags/example_latest_only_with_trigger.py
[2023-05-10T21:55:33.075+0000] {processor.py:809} INFO - DAG(s) dict_keys(['latest_only_with_trigger']) retrieved from /home/airflow/.local/lib/python3.7/site-packages/airflow/example_dags/example_latest_only_with_trigger.py
[2023-05-10T21:55:33.427+0000] {logging_mixin.py:149} INFO - [2023-05-10T21:55:33.427+0000] {dag.py:2726} INFO - Sync 1 DAGs
[2023-05-10T21:55:33.743+0000] {logging_mixin.py:149} INFO - [2023-05-10T21:55:33.742+0000] {dag.py:3490} INFO - Setting next_dagrun for latest_only_with_trigger to 2023-05-10T17:55:33.740806+00:00, run_after=2023-05-10T21:55:33.740806+00:00
[2023-05-10T21:55:34.098+0000] {processor.py:178} INFO - Processing /home/airflow/.local/lib/python3.7/site-packages/airflow/example_dags/example_latest_only_with_trigger.py took 1.135 seconds
[2023-05-10T21:56:11.292+0000] {processor.py:156} INFO - Started process (PID=323) to work on /home/airflow/.local/lib/python3.7/site-packages/airflow/example_dags/example_latest_only_with_trigger.py
[2023-05-10T21:56:11.311+0000] {processor.py:799} INFO - Processing file /home/airflow/.local/lib/python3.7/site-packages/airflow/example_dags/example_latest_only_with_trigger.py for tasks to queue
[2023-05-10T21:56:11.324+0000] {logging_mixin.py:149} INFO - [2023-05-10T21:56:11.324+0000] {dagbag.py:541} INFO - Filling up the DagBag from /home/airflow/.local/lib/python3.7/site-packages/airflow/example_dags/example_latest_only_with_trigger.py
[2023-05-10T21:56:11.375+0000] {processor.py:809} INFO - DAG(s) dict_keys(['latest_only_with_trigger']) retrieved from /home/airflow/.local/lib/python3.7/site-packages/airflow/example_dags/example_latest_only_with_trigger.py
[2023-05-10T21:56:11.600+0000] {logging_mixin.py:149} INFO - [2023-05-10T21:56:11.599+0000] {dag.py:2726} INFO - Sync 1 DAGs
[2023-05-10T21:56:11.790+0000] {logging_mixin.py:149} INFO - [2023-05-10T21:56:11.789+0000] {dag.py:3490} INFO - Setting next_dagrun for latest_only_with_trigger to 2023-05-10T17:56:11.788010+00:00, run_after=2023-05-10T21:56:11.788010+00:00
[2023-05-10T21:56:12.124+0000] {processor.py:178} INFO - Processing /home/airflow/.local/lib/python3.7/site-packages/airflow/example_dags/example_latest_only_with_trigger.py took 0.853 seconds
[2023-05-10T21:56:48.724+0000] {processor.py:156} INFO - Started process (PID=379) to work on /home/airflow/.local/lib/python3.7/site-packages/airflow/example_dags/example_latest_only_with_trigger.py
[2023-05-10T21:56:48.727+0000] {processor.py:799} INFO - Processing file /home/airflow/.local/lib/python3.7/site-packages/airflow/example_dags/example_latest_only_with_trigger.py for tasks to queue
[2023-05-10T21:56:48.746+0000] {logging_mixin.py:149} INFO - [2023-05-10T21:56:48.745+0000] {dagbag.py:541} INFO - Filling up the DagBag from /home/airflow/.local/lib/python3.7/site-packages/airflow/example_dags/example_latest_only_with_trigger.py
[2023-05-10T21:56:48.789+0000] {processor.py:809} INFO - DAG(s) dict_keys(['latest_only_with_trigger']) retrieved from /home/airflow/.local/lib/python3.7/site-packages/airflow/example_dags/example_latest_only_with_trigger.py
[2023-05-10T21:56:48.891+0000] {logging_mixin.py:149} INFO - [2023-05-10T21:56:48.890+0000] {dag.py:2726} INFO - Sync 1 DAGs
[2023-05-10T21:56:49.047+0000] {logging_mixin.py:149} INFO - [2023-05-10T21:56:49.046+0000] {dag.py:3490} INFO - Setting next_dagrun for latest_only_with_trigger to 2023-05-10T17:56:49.046226+00:00, run_after=2023-05-10T21:56:49.046226+00:00
[2023-05-10T21:56:49.332+0000] {processor.py:178} INFO - Processing /home/airflow/.local/lib/python3.7/site-packages/airflow/example_dags/example_latest_only_with_trigger.py took 0.636 seconds
[2023-05-10T21:57:24.697+0000] {processor.py:156} INFO - Started process (PID=431) to work on /home/airflow/.local/lib/python3.7/site-packages/airflow/example_dags/example_latest_only_with_trigger.py
[2023-05-10T21:57:24.710+0000] {processor.py:799} INFO - Processing file /home/airflow/.local/lib/python3.7/site-packages/airflow/example_dags/example_latest_only_with_trigger.py for tasks to queue
[2023-05-10T21:57:24.716+0000] {logging_mixin.py:149} INFO - [2023-05-10T21:57:24.715+0000] {dagbag.py:541} INFO - Filling up the DagBag from /home/airflow/.local/lib/python3.7/site-packages/airflow/example_dags/example_latest_only_with_trigger.py
[2023-05-10T21:57:24.763+0000] {processor.py:809} INFO - DAG(s) dict_keys(['latest_only_with_trigger']) retrieved from /home/airflow/.local/lib/python3.7/site-packages/airflow/example_dags/example_latest_only_with_trigger.py
[2023-05-10T21:57:24.994+0000] {logging_mixin.py:149} INFO - [2023-05-10T21:57:24.994+0000] {dag.py:2726} INFO - Sync 1 DAGs
[2023-05-10T21:57:25.186+0000] {logging_mixin.py:149} INFO - [2023-05-10T21:57:25.186+0000] {dag.py:3490} INFO - Setting next_dagrun for latest_only_with_trigger to 2023-05-10T17:57:25.185755+00:00, run_after=2023-05-10T21:57:25.185755+00:00
[2023-05-10T21:57:25.436+0000] {processor.py:178} INFO - Processing /home/airflow/.local/lib/python3.7/site-packages/airflow/example_dags/example_latest_only_with_trigger.py took 0.756 seconds
[2023-05-10T21:58:04.003+0000] {processor.py:156} INFO - Started process (PID=490) to work on /home/airflow/.local/lib/python3.7/site-packages/airflow/example_dags/example_latest_only_with_trigger.py
[2023-05-10T21:58:04.157+0000] {processor.py:799} INFO - Processing file /home/airflow/.local/lib/python3.7/site-packages/airflow/example_dags/example_latest_only_with_trigger.py for tasks to queue
[2023-05-10T21:58:04.160+0000] {logging_mixin.py:149} INFO - [2023-05-10T21:58:04.160+0000] {dagbag.py:541} INFO - Filling up the DagBag from /home/airflow/.local/lib/python3.7/site-packages/airflow/example_dags/example_latest_only_with_trigger.py
[2023-05-10T21:58:04.201+0000] {processor.py:809} INFO - DAG(s) dict_keys(['latest_only_with_trigger']) retrieved from /home/airflow/.local/lib/python3.7/site-packages/airflow/example_dags/example_latest_only_with_trigger.py
[2023-05-10T21:58:04.496+0000] {logging_mixin.py:149} INFO - [2023-05-10T21:58:04.495+0000] {dag.py:2726} INFO - Sync 1 DAGs
[2023-05-10T21:58:05.031+0000] {logging_mixin.py:149} INFO - [2023-05-10T21:58:05.030+0000] {dag.py:3490} INFO - Setting next_dagrun for latest_only_with_trigger to 2023-05-10T17:58:05.022421+00:00, run_after=2023-05-10T21:58:05.022421+00:00
[2023-05-10T21:58:05.566+0000] {processor.py:178} INFO - Processing /home/airflow/.local/lib/python3.7/site-packages/airflow/example_dags/example_latest_only_with_trigger.py took 1.593 seconds
[2023-05-10T21:58:40.055+0000] {processor.py:156} INFO - Started process (PID=553) to work on /home/airflow/.local/lib/python3.7/site-packages/airflow/example_dags/example_latest_only_with_trigger.py
[2023-05-10T21:58:40.057+0000] {processor.py:799} INFO - Processing file /home/airflow/.local/lib/python3.7/site-packages/airflow/example_dags/example_latest_only_with_trigger.py for tasks to queue
[2023-05-10T21:58:40.070+0000] {logging_mixin.py:149} INFO - [2023-05-10T21:58:40.060+0000] {dagbag.py:541} INFO - Filling up the DagBag from /home/airflow/.local/lib/python3.7/site-packages/airflow/example_dags/example_latest_only_with_trigger.py
[2023-05-10T21:58:40.109+0000] {processor.py:809} INFO - DAG(s) dict_keys(['latest_only_with_trigger']) retrieved from /home/airflow/.local/lib/python3.7/site-packages/airflow/example_dags/example_latest_only_with_trigger.py
[2023-05-10T21:58:40.240+0000] {logging_mixin.py:149} INFO - [2023-05-10T21:58:40.239+0000] {dag.py:2726} INFO - Sync 1 DAGs
[2023-05-10T21:58:40.423+0000] {logging_mixin.py:149} INFO - [2023-05-10T21:58:40.422+0000] {dag.py:3490} INFO - Setting next_dagrun for latest_only_with_trigger to 2023-05-10T17:58:40.422342+00:00, run_after=2023-05-10T21:58:40.422342+00:00
[2023-05-10T21:58:40.624+0000] {processor.py:178} INFO - Processing /home/airflow/.local/lib/python3.7/site-packages/airflow/example_dags/example_latest_only_with_trigger.py took 0.591 seconds
[2023-05-10T21:59:12.296+0000] {processor.py:156} INFO - Started process (PID=609) to work on /home/airflow/.local/lib/python3.7/site-packages/airflow/example_dags/example_latest_only_with_trigger.py
[2023-05-10T21:59:12.300+0000] {processor.py:799} INFO - Processing file /home/airflow/.local/lib/python3.7/site-packages/airflow/example_dags/example_latest_only_with_trigger.py for tasks to queue
[2023-05-10T21:59:12.304+0000] {logging_mixin.py:149} INFO - [2023-05-10T21:59:12.304+0000] {dagbag.py:541} INFO - Filling up the DagBag from /home/airflow/.local/lib/python3.7/site-packages/airflow/example_dags/example_latest_only_with_trigger.py
[2023-05-10T21:59:12.355+0000] {processor.py:809} INFO - DAG(s) dict_keys(['latest_only_with_trigger']) retrieved from /home/airflow/.local/lib/python3.7/site-packages/airflow/example_dags/example_latest_only_with_trigger.py
[2023-05-10T21:59:12.534+0000] {logging_mixin.py:149} INFO - [2023-05-10T21:59:12.534+0000] {dag.py:2726} INFO - Sync 1 DAGs
[2023-05-10T21:59:12.748+0000] {logging_mixin.py:149} INFO - [2023-05-10T21:59:12.747+0000] {dag.py:3490} INFO - Setting next_dagrun for latest_only_with_trigger to 2023-05-10T17:59:12.746397+00:00, run_after=2023-05-10T21:59:12.746397+00:00
[2023-05-10T21:59:12.944+0000] {processor.py:178} INFO - Processing /home/airflow/.local/lib/python3.7/site-packages/airflow/example_dags/example_latest_only_with_trigger.py took 0.668 seconds
[2023-05-10T21:59:44.686+0000] {processor.py:156} INFO - Started process (PID=664) to work on /home/airflow/.local/lib/python3.7/site-packages/airflow/example_dags/example_latest_only_with_trigger.py
[2023-05-10T21:59:44.717+0000] {processor.py:799} INFO - Processing file /home/airflow/.local/lib/python3.7/site-packages/airflow/example_dags/example_latest_only_with_trigger.py for tasks to queue
[2023-05-10T21:59:44.722+0000] {logging_mixin.py:149} INFO - [2023-05-10T21:59:44.722+0000] {dagbag.py:541} INFO - Filling up the DagBag from /home/airflow/.local/lib/python3.7/site-packages/airflow/example_dags/example_latest_only_with_trigger.py
[2023-05-10T21:59:44.817+0000] {processor.py:809} INFO - DAG(s) dict_keys(['latest_only_with_trigger']) retrieved from /home/airflow/.local/lib/python3.7/site-packages/airflow/example_dags/example_latest_only_with_trigger.py
[2023-05-10T21:59:45.236+0000] {logging_mixin.py:149} INFO - [2023-05-10T21:59:45.227+0000] {dag.py:2726} INFO - Sync 1 DAGs
[2023-05-10T21:59:45.661+0000] {logging_mixin.py:149} INFO - [2023-05-10T21:59:45.661+0000] {dag.py:3490} INFO - Setting next_dagrun for latest_only_with_trigger to 2023-05-10T17:59:45.660968+00:00, run_after=2023-05-10T21:59:45.660968+00:00
[2023-05-10T21:59:45.996+0000] {processor.py:178} INFO - Processing /home/airflow/.local/lib/python3.7/site-packages/airflow/example_dags/example_latest_only_with_trigger.py took 1.353 seconds
[2023-05-10T22:00:16.198+0000] {processor.py:156} INFO - Started process (PID=720) to work on /home/airflow/.local/lib/python3.7/site-packages/airflow/example_dags/example_latest_only_with_trigger.py
[2023-05-10T22:00:16.201+0000] {processor.py:799} INFO - Processing file /home/airflow/.local/lib/python3.7/site-packages/airflow/example_dags/example_latest_only_with_trigger.py for tasks to queue
[2023-05-10T22:00:16.211+0000] {logging_mixin.py:149} INFO - [2023-05-10T22:00:16.203+0000] {dagbag.py:541} INFO - Filling up the DagBag from /home/airflow/.local/lib/python3.7/site-packages/airflow/example_dags/example_latest_only_with_trigger.py
[2023-05-10T22:00:16.237+0000] {processor.py:809} INFO - DAG(s) dict_keys(['latest_only_with_trigger']) retrieved from /home/airflow/.local/lib/python3.7/site-packages/airflow/example_dags/example_latest_only_with_trigger.py
[2023-05-10T22:00:16.395+0000] {logging_mixin.py:149} INFO - [2023-05-10T22:00:16.395+0000] {dag.py:2726} INFO - Sync 1 DAGs
[2023-05-10T22:00:16.634+0000] {logging_mixin.py:149} INFO - [2023-05-10T22:00:16.633+0000] {dag.py:3490} INFO - Setting next_dagrun for latest_only_with_trigger to 2023-05-10T18:00:16.633007+00:00, run_after=2023-05-10T22:00:16.633007+00:00
[2023-05-10T22:00:16.825+0000] {processor.py:178} INFO - Processing /home/airflow/.local/lib/python3.7/site-packages/airflow/example_dags/example_latest_only_with_trigger.py took 0.634 seconds
[2023-05-10T22:00:48.863+0000] {processor.py:156} INFO - Started process (PID=775) to work on /home/airflow/.local/lib/python3.7/site-packages/airflow/example_dags/example_latest_only_with_trigger.py
[2023-05-10T22:00:48.953+0000] {processor.py:799} INFO - Processing file /home/airflow/.local/lib/python3.7/site-packages/airflow/example_dags/example_latest_only_with_trigger.py for tasks to queue
[2023-05-10T22:00:48.965+0000] {logging_mixin.py:149} INFO - [2023-05-10T22:00:48.965+0000] {dagbag.py:541} INFO - Filling up the DagBag from /home/airflow/.local/lib/python3.7/site-packages/airflow/example_dags/example_latest_only_with_trigger.py
[2023-05-10T22:00:49.009+0000] {processor.py:809} INFO - DAG(s) dict_keys(['latest_only_with_trigger']) retrieved from /home/airflow/.local/lib/python3.7/site-packages/airflow/example_dags/example_latest_only_with_trigger.py
[2023-05-10T22:00:49.138+0000] {logging_mixin.py:149} INFO - [2023-05-10T22:00:49.137+0000] {dag.py:2726} INFO - Sync 1 DAGs
[2023-05-10T22:00:49.310+0000] {logging_mixin.py:149} INFO - [2023-05-10T22:00:49.310+0000] {dag.py:3490} INFO - Setting next_dagrun for latest_only_with_trigger to 2023-05-10T18:00:49.309581+00:00, run_after=2023-05-10T22:00:49.309581+00:00
[2023-05-10T22:00:49.517+0000] {processor.py:178} INFO - Processing /home/airflow/.local/lib/python3.7/site-packages/airflow/example_dags/example_latest_only_with_trigger.py took 0.665 seconds
[2023-05-10T22:01:23.256+0000] {processor.py:156} INFO - Started process (PID=832) to work on /home/airflow/.local/lib/python3.7/site-packages/airflow/example_dags/example_latest_only_with_trigger.py
[2023-05-10T22:01:23.478+0000] {processor.py:799} INFO - Processing file /home/airflow/.local/lib/python3.7/site-packages/airflow/example_dags/example_latest_only_with_trigger.py for tasks to queue
[2023-05-10T22:01:23.481+0000] {logging_mixin.py:149} INFO - [2023-05-10T22:01:23.481+0000] {dagbag.py:541} INFO - Filling up the DagBag from /home/airflow/.local/lib/python3.7/site-packages/airflow/example_dags/example_latest_only_with_trigger.py
[2023-05-10T22:01:23.505+0000] {processor.py:809} INFO - DAG(s) dict_keys(['latest_only_with_trigger']) retrieved from /home/airflow/.local/lib/python3.7/site-packages/airflow/example_dags/example_latest_only_with_trigger.py
[2023-05-10T22:01:23.627+0000] {logging_mixin.py:149} INFO - [2023-05-10T22:01:23.627+0000] {dag.py:2726} INFO - Sync 1 DAGs
[2023-05-10T22:01:23.810+0000] {logging_mixin.py:149} INFO - [2023-05-10T22:01:23.810+0000] {dag.py:3490} INFO - Setting next_dagrun for latest_only_with_trigger to 2023-05-10T18:01:23.809481+00:00, run_after=2023-05-10T22:01:23.809481+00:00
[2023-05-10T22:01:23.972+0000] {processor.py:178} INFO - Processing /home/airflow/.local/lib/python3.7/site-packages/airflow/example_dags/example_latest_only_with_trigger.py took 0.728 seconds
[2023-05-10T22:01:58.084+0000] {processor.py:156} INFO - Started process (PID=889) to work on /home/airflow/.local/lib/python3.7/site-packages/airflow/example_dags/example_latest_only_with_trigger.py
[2023-05-10T22:01:58.091+0000] {processor.py:799} INFO - Processing file /home/airflow/.local/lib/python3.7/site-packages/airflow/example_dags/example_latest_only_with_trigger.py for tasks to queue
[2023-05-10T22:01:58.105+0000] {logging_mixin.py:149} INFO - [2023-05-10T22:01:58.105+0000] {dagbag.py:541} INFO - Filling up the DagBag from /home/airflow/.local/lib/python3.7/site-packages/airflow/example_dags/example_latest_only_with_trigger.py
[2023-05-10T22:01:58.143+0000] {processor.py:809} INFO - DAG(s) dict_keys(['latest_only_with_trigger']) retrieved from /home/airflow/.local/lib/python3.7/site-packages/airflow/example_dags/example_latest_only_with_trigger.py
[2023-05-10T22:01:58.291+0000] {logging_mixin.py:149} INFO - [2023-05-10T22:01:58.291+0000] {dag.py:2726} INFO - Sync 1 DAGs
[2023-05-10T22:01:58.541+0000] {logging_mixin.py:149} INFO - [2023-05-10T22:01:58.541+0000] {dag.py:3490} INFO - Setting next_dagrun for latest_only_with_trigger to 2023-05-10T18:01:58.540759+00:00, run_after=2023-05-10T22:01:58.540759+00:00
[2023-05-10T22:01:58.728+0000] {processor.py:178} INFO - Processing /home/airflow/.local/lib/python3.7/site-packages/airflow/example_dags/example_latest_only_with_trigger.py took 0.659 seconds
[2023-05-10T22:02:33.951+0000] {processor.py:156} INFO - Started process (PID=947) to work on /home/airflow/.local/lib/python3.7/site-packages/airflow/example_dags/example_latest_only_with_trigger.py
[2023-05-10T22:02:33.953+0000] {processor.py:799} INFO - Processing file /home/airflow/.local/lib/python3.7/site-packages/airflow/example_dags/example_latest_only_with_trigger.py for tasks to queue
[2023-05-10T22:02:33.955+0000] {logging_mixin.py:149} INFO - [2023-05-10T22:02:33.955+0000] {dagbag.py:541} INFO - Filling up the DagBag from /home/airflow/.local/lib/python3.7/site-packages/airflow/example_dags/example_latest_only_with_trigger.py
[2023-05-10T22:02:34.078+0000] {processor.py:809} INFO - DAG(s) dict_keys(['latest_only_with_trigger']) retrieved from /home/airflow/.local/lib/python3.7/site-packages/airflow/example_dags/example_latest_only_with_trigger.py
[2023-05-10T22:02:34.390+0000] {logging_mixin.py:149} INFO - [2023-05-10T22:02:34.389+0000] {dag.py:2726} INFO - Sync 1 DAGs
[2023-05-10T22:02:34.840+0000] {logging_mixin.py:149} INFO - [2023-05-10T22:02:34.840+0000] {dag.py:3490} INFO - Setting next_dagrun for latest_only_with_trigger to 2023-05-10T18:02:34.839968+00:00, run_after=2023-05-10T22:02:34.839968+00:00
[2023-05-10T22:02:35.104+0000] {processor.py:178} INFO - Processing /home/airflow/.local/lib/python3.7/site-packages/airflow/example_dags/example_latest_only_with_trigger.py took 1.192 seconds
[2023-05-10T22:03:06.037+0000] {processor.py:156} INFO - Started process (PID=1003) to work on /home/airflow/.local/lib/python3.7/site-packages/airflow/example_dags/example_latest_only_with_trigger.py
[2023-05-10T22:03:06.044+0000] {processor.py:799} INFO - Processing file /home/airflow/.local/lib/python3.7/site-packages/airflow/example_dags/example_latest_only_with_trigger.py for tasks to queue
[2023-05-10T22:03:06.052+0000] {logging_mixin.py:149} INFO - [2023-05-10T22:03:06.051+0000] {dagbag.py:541} INFO - Filling up the DagBag from /home/airflow/.local/lib/python3.7/site-packages/airflow/example_dags/example_latest_only_with_trigger.py
[2023-05-10T22:03:06.100+0000] {processor.py:809} INFO - DAG(s) dict_keys(['latest_only_with_trigger']) retrieved from /home/airflow/.local/lib/python3.7/site-packages/airflow/example_dags/example_latest_only_with_trigger.py
[2023-05-10T22:03:06.215+0000] {logging_mixin.py:149} INFO - [2023-05-10T22:03:06.215+0000] {dag.py:2726} INFO - Sync 1 DAGs
[2023-05-10T22:03:06.371+0000] {logging_mixin.py:149} INFO - [2023-05-10T22:03:06.370+0000] {dag.py:3490} INFO - Setting next_dagrun for latest_only_with_trigger to 2023-05-10T18:03:06.359679+00:00, run_after=2023-05-10T22:03:06.359679+00:00
[2023-05-10T22:03:06.530+0000] {processor.py:178} INFO - Processing /home/airflow/.local/lib/python3.7/site-packages/airflow/example_dags/example_latest_only_with_trigger.py took 0.507 seconds
[2023-05-10T22:03:37.151+0000] {processor.py:156} INFO - Started process (PID=1057) to work on /home/airflow/.local/lib/python3.7/site-packages/airflow/example_dags/example_latest_only_with_trigger.py
[2023-05-10T22:03:37.159+0000] {processor.py:799} INFO - Processing file /home/airflow/.local/lib/python3.7/site-packages/airflow/example_dags/example_latest_only_with_trigger.py for tasks to queue
[2023-05-10T22:03:37.161+0000] {logging_mixin.py:149} INFO - [2023-05-10T22:03:37.161+0000] {dagbag.py:541} INFO - Filling up the DagBag from /home/airflow/.local/lib/python3.7/site-packages/airflow/example_dags/example_latest_only_with_trigger.py
[2023-05-10T22:03:37.193+0000] {processor.py:809} INFO - DAG(s) dict_keys(['latest_only_with_trigger']) retrieved from /home/airflow/.local/lib/python3.7/site-packages/airflow/example_dags/example_latest_only_with_trigger.py
[2023-05-10T22:03:37.313+0000] {logging_mixin.py:149} INFO - [2023-05-10T22:03:37.312+0000] {dag.py:2726} INFO - Sync 1 DAGs
[2023-05-10T22:03:37.475+0000] {logging_mixin.py:149} INFO - [2023-05-10T22:03:37.473+0000] {dag.py:3490} INFO - Setting next_dagrun for latest_only_with_trigger to 2023-05-10T18:03:37.472330+00:00, run_after=2023-05-10T22:03:37.472330+00:00
[2023-05-10T22:03:37.639+0000] {processor.py:178} INFO - Processing /home/airflow/.local/lib/python3.7/site-packages/airflow/example_dags/example_latest_only_with_trigger.py took 0.498 seconds
[2023-05-10T22:04:07.842+0000] {processor.py:156} INFO - Started process (PID=1109) to work on /home/airflow/.local/lib/python3.7/site-packages/airflow/example_dags/example_latest_only_with_trigger.py
[2023-05-10T22:04:07.844+0000] {processor.py:799} INFO - Processing file /home/airflow/.local/lib/python3.7/site-packages/airflow/example_dags/example_latest_only_with_trigger.py for tasks to queue
[2023-05-10T22:04:07.855+0000] {logging_mixin.py:149} INFO - [2023-05-10T22:04:07.850+0000] {dagbag.py:541} INFO - Filling up the DagBag from /home/airflow/.local/lib/python3.7/site-packages/airflow/example_dags/example_latest_only_with_trigger.py
[2023-05-10T22:04:07.899+0000] {processor.py:809} INFO - DAG(s) dict_keys(['latest_only_with_trigger']) retrieved from /home/airflow/.local/lib/python3.7/site-packages/airflow/example_dags/example_latest_only_with_trigger.py
[2023-05-10T22:04:08.076+0000] {logging_mixin.py:149} INFO - [2023-05-10T22:04:08.075+0000] {dag.py:2726} INFO - Sync 1 DAGs
[2023-05-10T22:04:08.252+0000] {logging_mixin.py:149} INFO - [2023-05-10T22:04:08.252+0000] {dag.py:3490} INFO - Setting next_dagrun for latest_only_with_trigger to 2023-05-10T18:04:08.251512+00:00, run_after=2023-05-10T22:04:08.251512+00:00
[2023-05-10T22:04:08.492+0000] {processor.py:178} INFO - Processing /home/airflow/.local/lib/python3.7/site-packages/airflow/example_dags/example_latest_only_with_trigger.py took 0.666 seconds
[2023-05-10T22:04:43.500+0000] {processor.py:156} INFO - Started process (PID=1166) to work on /home/airflow/.local/lib/python3.7/site-packages/airflow/example_dags/example_latest_only_with_trigger.py
[2023-05-10T22:04:43.508+0000] {processor.py:799} INFO - Processing file /home/airflow/.local/lib/python3.7/site-packages/airflow/example_dags/example_latest_only_with_trigger.py for tasks to queue
[2023-05-10T22:04:43.525+0000] {logging_mixin.py:149} INFO - [2023-05-10T22:04:43.524+0000] {dagbag.py:541} INFO - Filling up the DagBag from /home/airflow/.local/lib/python3.7/site-packages/airflow/example_dags/example_latest_only_with_trigger.py
[2023-05-10T22:04:43.634+0000] {processor.py:809} INFO - DAG(s) dict_keys(['latest_only_with_trigger']) retrieved from /home/airflow/.local/lib/python3.7/site-packages/airflow/example_dags/example_latest_only_with_trigger.py
[2023-05-10T22:04:43.869+0000] {logging_mixin.py:149} INFO - [2023-05-10T22:04:43.869+0000] {dag.py:2726} INFO - Sync 1 DAGs
[2023-05-10T22:04:44.076+0000] {logging_mixin.py:149} INFO - [2023-05-10T22:04:44.075+0000] {dag.py:3490} INFO - Setting next_dagrun for latest_only_with_trigger to 2023-05-10T18:04:44.075478+00:00, run_after=2023-05-10T22:04:44.075478+00:00
[2023-05-10T22:04:44.246+0000] {processor.py:178} INFO - Processing /home/airflow/.local/lib/python3.7/site-packages/airflow/example_dags/example_latest_only_with_trigger.py took 0.784 seconds
[2023-05-10T22:05:14.859+0000] {processor.py:156} INFO - Started process (PID=1221) to work on /home/airflow/.local/lib/python3.7/site-packages/airflow/example_dags/example_latest_only_with_trigger.py
[2023-05-10T22:05:14.861+0000] {processor.py:799} INFO - Processing file /home/airflow/.local/lib/python3.7/site-packages/airflow/example_dags/example_latest_only_with_trigger.py for tasks to queue
[2023-05-10T22:05:14.878+0000] {logging_mixin.py:149} INFO - [2023-05-10T22:05:14.877+0000] {dagbag.py:541} INFO - Filling up the DagBag from /home/airflow/.local/lib/python3.7/site-packages/airflow/example_dags/example_latest_only_with_trigger.py
[2023-05-10T22:05:14.920+0000] {processor.py:809} INFO - DAG(s) dict_keys(['latest_only_with_trigger']) retrieved from /home/airflow/.local/lib/python3.7/site-packages/airflow/example_dags/example_latest_only_with_trigger.py
[2023-05-10T22:05:15.104+0000] {logging_mixin.py:149} INFO - [2023-05-10T22:05:15.104+0000] {dag.py:2726} INFO - Sync 1 DAGs
[2023-05-10T22:05:15.319+0000] {logging_mixin.py:149} INFO - [2023-05-10T22:05:15.319+0000] {dag.py:3490} INFO - Setting next_dagrun for latest_only_with_trigger to 2023-05-10T18:05:15.318301+00:00, run_after=2023-05-10T22:05:15.318301+00:00
[2023-05-10T22:05:15.587+0000] {processor.py:178} INFO - Processing /home/airflow/.local/lib/python3.7/site-packages/airflow/example_dags/example_latest_only_with_trigger.py took 0.744 seconds
[2023-05-10T22:05:47.737+0000] {processor.py:156} INFO - Started process (PID=1278) to work on /home/airflow/.local/lib/python3.7/site-packages/airflow/example_dags/example_latest_only_with_trigger.py
[2023-05-10T22:05:47.740+0000] {processor.py:799} INFO - Processing file /home/airflow/.local/lib/python3.7/site-packages/airflow/example_dags/example_latest_only_with_trigger.py for tasks to queue
[2023-05-10T22:05:47.743+0000] {logging_mixin.py:149} INFO - [2023-05-10T22:05:47.742+0000] {dagbag.py:541} INFO - Filling up the DagBag from /home/airflow/.local/lib/python3.7/site-packages/airflow/example_dags/example_latest_only_with_trigger.py
[2023-05-10T22:05:47.776+0000] {processor.py:809} INFO - DAG(s) dict_keys(['latest_only_with_trigger']) retrieved from /home/airflow/.local/lib/python3.7/site-packages/airflow/example_dags/example_latest_only_with_trigger.py
[2023-05-10T22:05:47.918+0000] {logging_mixin.py:149} INFO - [2023-05-10T22:05:47.918+0000] {dag.py:2726} INFO - Sync 1 DAGs
[2023-05-10T22:05:48.105+0000] {logging_mixin.py:149} INFO - [2023-05-10T22:05:48.105+0000] {dag.py:3490} INFO - Setting next_dagrun for latest_only_with_trigger to 2023-05-10T18:05:48.104633+00:00, run_after=2023-05-10T22:05:48.104633+00:00
[2023-05-10T22:05:48.486+0000] {processor.py:178} INFO - Processing /home/airflow/.local/lib/python3.7/site-packages/airflow/example_dags/example_latest_only_with_trigger.py took 0.761 seconds
[2023-05-10T22:06:20.572+0000] {processor.py:156} INFO - Started process (PID=1334) to work on /home/airflow/.local/lib/python3.7/site-packages/airflow/example_dags/example_latest_only_with_trigger.py
[2023-05-10T22:06:20.575+0000] {processor.py:799} INFO - Processing file /home/airflow/.local/lib/python3.7/site-packages/airflow/example_dags/example_latest_only_with_trigger.py for tasks to queue
[2023-05-10T22:06:20.578+0000] {logging_mixin.py:149} INFO - [2023-05-10T22:06:20.578+0000] {dagbag.py:541} INFO - Filling up the DagBag from /home/airflow/.local/lib/python3.7/site-packages/airflow/example_dags/example_latest_only_with_trigger.py
[2023-05-10T22:06:20.614+0000] {processor.py:809} INFO - DAG(s) dict_keys(['latest_only_with_trigger']) retrieved from /home/airflow/.local/lib/python3.7/site-packages/airflow/example_dags/example_latest_only_with_trigger.py
[2023-05-10T22:06:20.759+0000] {logging_mixin.py:149} INFO - [2023-05-10T22:06:20.758+0000] {dag.py:2726} INFO - Sync 1 DAGs
[2023-05-10T22:06:20.936+0000] {logging_mixin.py:149} INFO - [2023-05-10T22:06:20.935+0000] {dag.py:3490} INFO - Setting next_dagrun for latest_only_with_trigger to 2023-05-10T18:06:20.935351+00:00, run_after=2023-05-10T22:06:20.935351+00:00
[2023-05-10T22:06:21.166+0000] {processor.py:178} INFO - Processing /home/airflow/.local/lib/python3.7/site-packages/airflow/example_dags/example_latest_only_with_trigger.py took 0.612 seconds
[2023-05-10T22:06:53.775+0000] {processor.py:156} INFO - Started process (PID=1393) to work on /home/airflow/.local/lib/python3.7/site-packages/airflow/example_dags/example_latest_only_with_trigger.py
[2023-05-10T22:06:53.784+0000] {processor.py:799} INFO - Processing file /home/airflow/.local/lib/python3.7/site-packages/airflow/example_dags/example_latest_only_with_trigger.py for tasks to queue
[2023-05-10T22:06:53.786+0000] {logging_mixin.py:149} INFO - [2023-05-10T22:06:53.786+0000] {dagbag.py:541} INFO - Filling up the DagBag from /home/airflow/.local/lib/python3.7/site-packages/airflow/example_dags/example_latest_only_with_trigger.py
[2023-05-10T22:06:53.813+0000] {processor.py:809} INFO - DAG(s) dict_keys(['latest_only_with_trigger']) retrieved from /home/airflow/.local/lib/python3.7/site-packages/airflow/example_dags/example_latest_only_with_trigger.py
[2023-05-10T22:06:53.942+0000] {logging_mixin.py:149} INFO - [2023-05-10T22:06:53.941+0000] {dag.py:2726} INFO - Sync 1 DAGs
[2023-05-10T22:06:54.094+0000] {logging_mixin.py:149} INFO - [2023-05-10T22:06:54.094+0000] {dag.py:3490} INFO - Setting next_dagrun for latest_only_with_trigger to 2023-05-10T18:06:54.093706+00:00, run_after=2023-05-10T22:06:54.093706+00:00
[2023-05-10T22:06:54.240+0000] {processor.py:178} INFO - Processing /home/airflow/.local/lib/python3.7/site-packages/airflow/example_dags/example_latest_only_with_trigger.py took 0.474 seconds
[2023-05-10T22:07:28.985+0000] {processor.py:156} INFO - Started process (PID=1455) to work on /home/airflow/.local/lib/python3.7/site-packages/airflow/example_dags/example_latest_only_with_trigger.py
[2023-05-10T22:07:28.996+0000] {processor.py:799} INFO - Processing file /home/airflow/.local/lib/python3.7/site-packages/airflow/example_dags/example_latest_only_with_trigger.py for tasks to queue
[2023-05-10T22:07:28.999+0000] {logging_mixin.py:149} INFO - [2023-05-10T22:07:28.999+0000] {dagbag.py:541} INFO - Filling up the DagBag from /home/airflow/.local/lib/python3.7/site-packages/airflow/example_dags/example_latest_only_with_trigger.py
[2023-05-10T22:07:29.025+0000] {processor.py:809} INFO - DAG(s) dict_keys(['latest_only_with_trigger']) retrieved from /home/airflow/.local/lib/python3.7/site-packages/airflow/example_dags/example_latest_only_with_trigger.py
[2023-05-10T22:07:29.162+0000] {logging_mixin.py:149} INFO - [2023-05-10T22:07:29.161+0000] {dag.py:2726} INFO - Sync 1 DAGs
[2023-05-10T22:07:29.332+0000] {logging_mixin.py:149} INFO - [2023-05-10T22:07:29.328+0000] {dag.py:3490} INFO - Setting next_dagrun for latest_only_with_trigger to 2023-05-10T18:07:29.328322+00:00, run_after=2023-05-10T22:07:29.328322+00:00
[2023-05-10T22:07:29.537+0000] {processor.py:178} INFO - Processing /home/airflow/.local/lib/python3.7/site-packages/airflow/example_dags/example_latest_only_with_trigger.py took 0.560 seconds
[2023-05-10T22:08:03.142+0000] {processor.py:156} INFO - Started process (PID=1513) to work on /home/airflow/.local/lib/python3.7/site-packages/airflow/example_dags/example_latest_only_with_trigger.py
[2023-05-10T22:08:03.145+0000] {processor.py:799} INFO - Processing file /home/airflow/.local/lib/python3.7/site-packages/airflow/example_dags/example_latest_only_with_trigger.py for tasks to queue
[2023-05-10T22:08:03.147+0000] {logging_mixin.py:149} INFO - [2023-05-10T22:08:03.147+0000] {dagbag.py:541} INFO - Filling up the DagBag from /home/airflow/.local/lib/python3.7/site-packages/airflow/example_dags/example_latest_only_with_trigger.py
[2023-05-10T22:08:03.192+0000] {processor.py:809} INFO - DAG(s) dict_keys(['latest_only_with_trigger']) retrieved from /home/airflow/.local/lib/python3.7/site-packages/airflow/example_dags/example_latest_only_with_trigger.py
[2023-05-10T22:08:03.345+0000] {logging_mixin.py:149} INFO - [2023-05-10T22:08:03.345+0000] {dag.py:2726} INFO - Sync 1 DAGs
[2023-05-10T22:08:03.522+0000] {logging_mixin.py:149} INFO - [2023-05-10T22:08:03.521+0000] {dag.py:3490} INFO - Setting next_dagrun for latest_only_with_trigger to 2023-05-10T18:08:03.521182+00:00, run_after=2023-05-10T22:08:03.521182+00:00
[2023-05-10T22:08:03.778+0000] {processor.py:178} INFO - Processing /home/airflow/.local/lib/python3.7/site-packages/airflow/example_dags/example_latest_only_with_trigger.py took 0.668 seconds
[2023-05-10T22:08:40.789+0000] {processor.py:156} INFO - Started process (PID=1572) to work on /home/airflow/.local/lib/python3.7/site-packages/airflow/example_dags/example_latest_only_with_trigger.py
[2023-05-10T22:08:40.849+0000] {processor.py:799} INFO - Processing file /home/airflow/.local/lib/python3.7/site-packages/airflow/example_dags/example_latest_only_with_trigger.py for tasks to queue
[2023-05-10T22:08:40.858+0000] {logging_mixin.py:149} INFO - [2023-05-10T22:08:40.858+0000] {dagbag.py:541} INFO - Filling up the DagBag from /home/airflow/.local/lib/python3.7/site-packages/airflow/example_dags/example_latest_only_with_trigger.py
[2023-05-10T22:08:40.912+0000] {processor.py:809} INFO - DAG(s) dict_keys(['latest_only_with_trigger']) retrieved from /home/airflow/.local/lib/python3.7/site-packages/airflow/example_dags/example_latest_only_with_trigger.py
[2023-05-10T22:08:41.146+0000] {logging_mixin.py:149} INFO - [2023-05-10T22:08:41.145+0000] {dag.py:2726} INFO - Sync 1 DAGs
[2023-05-10T22:08:41.540+0000] {logging_mixin.py:149} INFO - [2023-05-10T22:08:41.515+0000] {dag.py:3490} INFO - Setting next_dagrun for latest_only_with_trigger to 2023-05-10T18:08:41.514958+00:00, run_after=2023-05-10T22:08:41.514958+00:00
[2023-05-10T22:08:41.990+0000] {processor.py:178} INFO - Processing /home/airflow/.local/lib/python3.7/site-packages/airflow/example_dags/example_latest_only_with_trigger.py took 1.228 seconds
[2023-05-10T22:09:13.817+0000] {processor.py:156} INFO - Started process (PID=1627) to work on /home/airflow/.local/lib/python3.7/site-packages/airflow/example_dags/example_latest_only_with_trigger.py
[2023-05-10T22:09:13.827+0000] {processor.py:799} INFO - Processing file /home/airflow/.local/lib/python3.7/site-packages/airflow/example_dags/example_latest_only_with_trigger.py for tasks to queue
[2023-05-10T22:09:13.835+0000] {logging_mixin.py:149} INFO - [2023-05-10T22:09:13.834+0000] {dagbag.py:541} INFO - Filling up the DagBag from /home/airflow/.local/lib/python3.7/site-packages/airflow/example_dags/example_latest_only_with_trigger.py
[2023-05-10T22:09:13.890+0000] {processor.py:809} INFO - DAG(s) dict_keys(['latest_only_with_trigger']) retrieved from /home/airflow/.local/lib/python3.7/site-packages/airflow/example_dags/example_latest_only_with_trigger.py
[2023-05-10T22:09:14.198+0000] {logging_mixin.py:149} INFO - [2023-05-10T22:09:14.198+0000] {dag.py:2726} INFO - Sync 1 DAGs
[2023-05-10T22:09:14.808+0000] {logging_mixin.py:149} INFO - [2023-05-10T22:09:14.783+0000] {dag.py:3490} INFO - Setting next_dagrun for latest_only_with_trigger to 2023-05-10T18:09:14.782400+00:00, run_after=2023-05-10T22:09:14.782400+00:00
[2023-05-10T22:09:15.364+0000] {processor.py:178} INFO - Processing /home/airflow/.local/lib/python3.7/site-packages/airflow/example_dags/example_latest_only_with_trigger.py took 1.567 seconds
[2023-05-10T22:09:45.792+0000] {processor.py:156} INFO - Started process (PID=1680) to work on /home/airflow/.local/lib/python3.7/site-packages/airflow/example_dags/example_latest_only_with_trigger.py
[2023-05-10T22:09:45.795+0000] {processor.py:799} INFO - Processing file /home/airflow/.local/lib/python3.7/site-packages/airflow/example_dags/example_latest_only_with_trigger.py for tasks to queue
[2023-05-10T22:09:45.798+0000] {logging_mixin.py:149} INFO - [2023-05-10T22:09:45.798+0000] {dagbag.py:541} INFO - Filling up the DagBag from /home/airflow/.local/lib/python3.7/site-packages/airflow/example_dags/example_latest_only_with_trigger.py
[2023-05-10T22:09:45.818+0000] {processor.py:809} INFO - DAG(s) dict_keys(['latest_only_with_trigger']) retrieved from /home/airflow/.local/lib/python3.7/site-packages/airflow/example_dags/example_latest_only_with_trigger.py
[2023-05-10T22:09:45.920+0000] {logging_mixin.py:149} INFO - [2023-05-10T22:09:45.919+0000] {dag.py:2726} INFO - Sync 1 DAGs
[2023-05-10T22:09:46.024+0000] {logging_mixin.py:149} INFO - [2023-05-10T22:09:46.023+0000] {dag.py:3490} INFO - Setting next_dagrun for latest_only_with_trigger to 2023-05-10T18:09:46.023359+00:00, run_after=2023-05-10T22:09:46.023359+00:00
[2023-05-10T22:09:46.162+0000] {processor.py:178} INFO - Processing /home/airflow/.local/lib/python3.7/site-packages/airflow/example_dags/example_latest_only_with_trigger.py took 0.382 seconds
[2023-05-10T22:10:16.483+0000] {processor.py:156} INFO - Started process (PID=1736) to work on /home/airflow/.local/lib/python3.7/site-packages/airflow/example_dags/example_latest_only_with_trigger.py
[2023-05-10T22:10:16.486+0000] {processor.py:799} INFO - Processing file /home/airflow/.local/lib/python3.7/site-packages/airflow/example_dags/example_latest_only_with_trigger.py for tasks to queue
[2023-05-10T22:10:16.490+0000] {logging_mixin.py:149} INFO - [2023-05-10T22:10:16.489+0000] {dagbag.py:541} INFO - Filling up the DagBag from /home/airflow/.local/lib/python3.7/site-packages/airflow/example_dags/example_latest_only_with_trigger.py
[2023-05-10T22:10:16.551+0000] {processor.py:809} INFO - DAG(s) dict_keys(['latest_only_with_trigger']) retrieved from /home/airflow/.local/lib/python3.7/site-packages/airflow/example_dags/example_latest_only_with_trigger.py
[2023-05-10T22:10:16.767+0000] {logging_mixin.py:149} INFO - [2023-05-10T22:10:16.764+0000] {dag.py:2726} INFO - Sync 1 DAGs
[2023-05-10T22:10:16.943+0000] {logging_mixin.py:149} INFO - [2023-05-10T22:10:16.943+0000] {dag.py:3490} INFO - Setting next_dagrun for latest_only_with_trigger to 2023-05-10T18:10:16.942508+00:00, run_after=2023-05-10T22:10:16.942508+00:00
[2023-05-10T22:10:17.076+0000] {processor.py:178} INFO - Processing /home/airflow/.local/lib/python3.7/site-packages/airflow/example_dags/example_latest_only_with_trigger.py took 0.612 seconds
