[2023-05-10T21:52:08.760+0000] {processor.py:156} INFO - Started process (PID=57) to work on /home/airflow/.local/lib/python3.7/site-packages/airflow/example_dags/example_bash_operator.py
[2023-05-10T21:52:08.768+0000] {processor.py:799} INFO - Processing file /home/airflow/.local/lib/python3.7/site-packages/airflow/example_dags/example_bash_operator.py for tasks to queue
[2023-05-10T21:52:08.777+0000] {logging_mixin.py:149} INFO - [2023-05-10T21:52:08.776+0000] {dagbag.py:541} INFO - Filling up the DagBag from /home/airflow/.local/lib/python3.7/site-packages/airflow/example_dags/example_bash_operator.py
[2023-05-10T21:52:08.973+0000] {processor.py:809} INFO - DAG(s) dict_keys(['example_bash_operator']) retrieved from /home/airflow/.local/lib/python3.7/site-packages/airflow/example_dags/example_bash_operator.py
[2023-05-10T21:52:12.598+0000] {logging_mixin.py:149} INFO - [2023-05-10T21:52:12.598+0000] {manager.py:504} INFO - Created Permission View: can read on DAG:example_bash_operator
[2023-05-10T21:52:13.307+0000] {logging_mixin.py:149} INFO - [2023-05-10T21:52:13.306+0000] {manager.py:504} INFO - Created Permission View: can delete on DAG:example_bash_operator
[2023-05-10T21:52:13.974+0000] {logging_mixin.py:149} INFO - [2023-05-10T21:52:13.973+0000] {manager.py:504} INFO - Created Permission View: can edit on DAG:example_bash_operator
[2023-05-10T21:52:13.976+0000] {logging_mixin.py:149} INFO - [2023-05-10T21:52:13.975+0000] {dag.py:2726} INFO - Sync 1 DAGs
[2023-05-10T21:52:14.138+0000] {logging_mixin.py:149} INFO - [2023-05-10T21:52:14.137+0000] {dag.py:2747} INFO - Creating ORM DAG for example_bash_operator
[2023-05-10T21:52:14.883+0000] {logging_mixin.py:149} INFO - [2023-05-10T21:52:14.882+0000] {dag.py:3490} INFO - Setting next_dagrun for example_bash_operator to 2023-05-09T00:00:00+00:00, run_after=2023-05-10T00:00:00+00:00
[2023-05-10T21:52:15.274+0000] {processor.py:178} INFO - Processing /home/airflow/.local/lib/python3.7/site-packages/airflow/example_dags/example_bash_operator.py took 6.533 seconds
[2023-05-10T21:53:48.826+0000] {processor.py:156} INFO - Started process (PID=127) to work on /home/airflow/.local/lib/python3.7/site-packages/airflow/example_dags/example_bash_operator.py
[2023-05-10T21:53:48.831+0000] {processor.py:799} INFO - Processing file /home/airflow/.local/lib/python3.7/site-packages/airflow/example_dags/example_bash_operator.py for tasks to queue
[2023-05-10T21:53:48.834+0000] {logging_mixin.py:149} INFO - [2023-05-10T21:53:48.833+0000] {dagbag.py:541} INFO - Filling up the DagBag from /home/airflow/.local/lib/python3.7/site-packages/airflow/example_dags/example_bash_operator.py
[2023-05-10T21:53:48.958+0000] {processor.py:809} INFO - DAG(s) dict_keys(['example_bash_operator']) retrieved from /home/airflow/.local/lib/python3.7/site-packages/airflow/example_dags/example_bash_operator.py
[2023-05-10T21:53:49.152+0000] {logging_mixin.py:149} INFO - [2023-05-10T21:53:49.151+0000] {dag.py:2726} INFO - Sync 1 DAGs
[2023-05-10T21:53:49.277+0000] {logging_mixin.py:149} INFO - [2023-05-10T21:53:49.276+0000] {dag.py:3490} INFO - Setting next_dagrun for example_bash_operator to 2023-05-09T00:00:00+00:00, run_after=2023-05-10T00:00:00+00:00
[2023-05-10T21:53:49.555+0000] {processor.py:178} INFO - Processing /home/airflow/.local/lib/python3.7/site-packages/airflow/example_dags/example_bash_operator.py took 0.740 seconds
[2023-05-10T21:54:25.939+0000] {processor.py:156} INFO - Started process (PID=173) to work on /home/airflow/.local/lib/python3.7/site-packages/airflow/example_dags/example_bash_operator.py
[2023-05-10T21:54:25.947+0000] {processor.py:799} INFO - Processing file /home/airflow/.local/lib/python3.7/site-packages/airflow/example_dags/example_bash_operator.py for tasks to queue
[2023-05-10T21:54:25.950+0000] {logging_mixin.py:149} INFO - [2023-05-10T21:54:25.949+0000] {dagbag.py:541} INFO - Filling up the DagBag from /home/airflow/.local/lib/python3.7/site-packages/airflow/example_dags/example_bash_operator.py
[2023-05-10T21:54:26.034+0000] {processor.py:809} INFO - DAG(s) dict_keys(['example_bash_operator']) retrieved from /home/airflow/.local/lib/python3.7/site-packages/airflow/example_dags/example_bash_operator.py
[2023-05-10T21:54:26.321+0000] {logging_mixin.py:149} INFO - [2023-05-10T21:54:26.320+0000] {dag.py:2726} INFO - Sync 1 DAGs
[2023-05-10T21:54:26.570+0000] {logging_mixin.py:149} INFO - [2023-05-10T21:54:26.570+0000] {dag.py:3490} INFO - Setting next_dagrun for example_bash_operator to 2023-05-09T00:00:00+00:00, run_after=2023-05-10T00:00:00+00:00
[2023-05-10T21:54:27.924+0000] {processor.py:178} INFO - Processing /home/airflow/.local/lib/python3.7/site-packages/airflow/example_dags/example_bash_operator.py took 2.003 seconds
[2023-05-10T21:55:09.252+0000] {processor.py:156} INFO - Started process (PID=229) to work on /home/airflow/.local/lib/python3.7/site-packages/airflow/example_dags/example_bash_operator.py
[2023-05-10T21:55:09.281+0000] {processor.py:799} INFO - Processing file /home/airflow/.local/lib/python3.7/site-packages/airflow/example_dags/example_bash_operator.py for tasks to queue
[2023-05-10T21:55:09.285+0000] {logging_mixin.py:149} INFO - [2023-05-10T21:55:09.285+0000] {dagbag.py:541} INFO - Filling up the DagBag from /home/airflow/.local/lib/python3.7/site-packages/airflow/example_dags/example_bash_operator.py
[2023-05-10T21:55:09.381+0000] {processor.py:809} INFO - DAG(s) dict_keys(['example_bash_operator']) retrieved from /home/airflow/.local/lib/python3.7/site-packages/airflow/example_dags/example_bash_operator.py
[2023-05-10T21:55:09.813+0000] {logging_mixin.py:149} INFO - [2023-05-10T21:55:09.812+0000] {dag.py:2726} INFO - Sync 1 DAGs
[2023-05-10T21:55:10.063+0000] {logging_mixin.py:149} INFO - [2023-05-10T21:55:10.062+0000] {dag.py:3490} INFO - Setting next_dagrun for example_bash_operator to 2023-05-09T00:00:00+00:00, run_after=2023-05-10T00:00:00+00:00
[2023-05-10T21:55:10.727+0000] {processor.py:178} INFO - Processing /home/airflow/.local/lib/python3.7/site-packages/airflow/example_dags/example_bash_operator.py took 1.514 seconds
[2023-05-10T21:55:43.481+0000] {processor.py:156} INFO - Started process (PID=278) to work on /home/airflow/.local/lib/python3.7/site-packages/airflow/example_dags/example_bash_operator.py
[2023-05-10T21:55:43.514+0000] {processor.py:799} INFO - Processing file /home/airflow/.local/lib/python3.7/site-packages/airflow/example_dags/example_bash_operator.py for tasks to queue
[2023-05-10T21:55:43.546+0000] {logging_mixin.py:149} INFO - [2023-05-10T21:55:43.546+0000] {dagbag.py:541} INFO - Filling up the DagBag from /home/airflow/.local/lib/python3.7/site-packages/airflow/example_dags/example_bash_operator.py
[2023-05-10T21:55:43.759+0000] {processor.py:809} INFO - DAG(s) dict_keys(['example_bash_operator']) retrieved from /home/airflow/.local/lib/python3.7/site-packages/airflow/example_dags/example_bash_operator.py
[2023-05-10T21:55:44.218+0000] {logging_mixin.py:149} INFO - [2023-05-10T21:55:44.218+0000] {dag.py:2726} INFO - Sync 1 DAGs
[2023-05-10T21:55:44.522+0000] {logging_mixin.py:149} INFO - [2023-05-10T21:55:44.521+0000] {dag.py:3490} INFO - Setting next_dagrun for example_bash_operator to 2023-05-09T00:00:00+00:00, run_after=2023-05-10T00:00:00+00:00
[2023-05-10T21:55:44.834+0000] {processor.py:178} INFO - Processing /home/airflow/.local/lib/python3.7/site-packages/airflow/example_dags/example_bash_operator.py took 1.378 seconds
[2023-05-10T21:56:18.813+0000] {processor.py:156} INFO - Started process (PID=335) to work on /home/airflow/.local/lib/python3.7/site-packages/airflow/example_dags/example_bash_operator.py
[2023-05-10T21:56:18.818+0000] {processor.py:799} INFO - Processing file /home/airflow/.local/lib/python3.7/site-packages/airflow/example_dags/example_bash_operator.py for tasks to queue
[2023-05-10T21:56:18.820+0000] {logging_mixin.py:149} INFO - [2023-05-10T21:56:18.820+0000] {dagbag.py:541} INFO - Filling up the DagBag from /home/airflow/.local/lib/python3.7/site-packages/airflow/example_dags/example_bash_operator.py
[2023-05-10T21:56:18.918+0000] {processor.py:809} INFO - DAG(s) dict_keys(['example_bash_operator']) retrieved from /home/airflow/.local/lib/python3.7/site-packages/airflow/example_dags/example_bash_operator.py
[2023-05-10T21:56:19.371+0000] {logging_mixin.py:149} INFO - [2023-05-10T21:56:19.371+0000] {dag.py:2726} INFO - Sync 1 DAGs
[2023-05-10T21:56:19.635+0000] {logging_mixin.py:149} INFO - [2023-05-10T21:56:19.635+0000] {dag.py:3490} INFO - Setting next_dagrun for example_bash_operator to 2023-05-09T00:00:00+00:00, run_after=2023-05-10T00:00:00+00:00
[2023-05-10T21:56:19.900+0000] {processor.py:178} INFO - Processing /home/airflow/.local/lib/python3.7/site-packages/airflow/example_dags/example_bash_operator.py took 1.100 seconds
[2023-05-10T21:56:57.131+0000] {processor.py:156} INFO - Started process (PID=389) to work on /home/airflow/.local/lib/python3.7/site-packages/airflow/example_dags/example_bash_operator.py
[2023-05-10T21:56:57.134+0000] {processor.py:799} INFO - Processing file /home/airflow/.local/lib/python3.7/site-packages/airflow/example_dags/example_bash_operator.py for tasks to queue
[2023-05-10T21:56:57.136+0000] {logging_mixin.py:149} INFO - [2023-05-10T21:56:57.136+0000] {dagbag.py:541} INFO - Filling up the DagBag from /home/airflow/.local/lib/python3.7/site-packages/airflow/example_dags/example_bash_operator.py
[2023-05-10T21:56:57.235+0000] {processor.py:809} INFO - DAG(s) dict_keys(['example_bash_operator']) retrieved from /home/airflow/.local/lib/python3.7/site-packages/airflow/example_dags/example_bash_operator.py
[2023-05-10T21:56:57.555+0000] {logging_mixin.py:149} INFO - [2023-05-10T21:56:57.555+0000] {dag.py:2726} INFO - Sync 1 DAGs
[2023-05-10T21:56:57.802+0000] {logging_mixin.py:149} INFO - [2023-05-10T21:56:57.792+0000] {dag.py:3490} INFO - Setting next_dagrun for example_bash_operator to 2023-05-09T00:00:00+00:00, run_after=2023-05-10T00:00:00+00:00
[2023-05-10T21:56:58.086+0000] {processor.py:178} INFO - Processing /home/airflow/.local/lib/python3.7/site-packages/airflow/example_dags/example_bash_operator.py took 0.972 seconds
[2023-05-10T21:57:29.679+0000] {processor.py:156} INFO - Started process (PID=440) to work on /home/airflow/.local/lib/python3.7/site-packages/airflow/example_dags/example_bash_operator.py
[2023-05-10T21:57:29.694+0000] {processor.py:799} INFO - Processing file /home/airflow/.local/lib/python3.7/site-packages/airflow/example_dags/example_bash_operator.py for tasks to queue
[2023-05-10T21:57:29.711+0000] {logging_mixin.py:149} INFO - [2023-05-10T21:57:29.711+0000] {dagbag.py:541} INFO - Filling up the DagBag from /home/airflow/.local/lib/python3.7/site-packages/airflow/example_dags/example_bash_operator.py
[2023-05-10T21:57:29.810+0000] {processor.py:809} INFO - DAG(s) dict_keys(['example_bash_operator']) retrieved from /home/airflow/.local/lib/python3.7/site-packages/airflow/example_dags/example_bash_operator.py
[2023-05-10T21:57:30.131+0000] {logging_mixin.py:149} INFO - [2023-05-10T21:57:30.131+0000] {dag.py:2726} INFO - Sync 1 DAGs
[2023-05-10T21:57:30.323+0000] {logging_mixin.py:149} INFO - [2023-05-10T21:57:30.312+0000] {dag.py:3490} INFO - Setting next_dagrun for example_bash_operator to 2023-05-09T00:00:00+00:00, run_after=2023-05-10T00:00:00+00:00
[2023-05-10T21:57:30.702+0000] {processor.py:178} INFO - Processing /home/airflow/.local/lib/python3.7/site-packages/airflow/example_dags/example_bash_operator.py took 1.052 seconds
[2023-05-10T21:58:07.539+0000] {processor.py:156} INFO - Started process (PID=502) to work on /home/airflow/.local/lib/python3.7/site-packages/airflow/example_dags/example_bash_operator.py
[2023-05-10T21:58:07.559+0000] {processor.py:799} INFO - Processing file /home/airflow/.local/lib/python3.7/site-packages/airflow/example_dags/example_bash_operator.py for tasks to queue
[2023-05-10T21:58:07.578+0000] {logging_mixin.py:149} INFO - [2023-05-10T21:58:07.578+0000] {dagbag.py:541} INFO - Filling up the DagBag from /home/airflow/.local/lib/python3.7/site-packages/airflow/example_dags/example_bash_operator.py
[2023-05-10T21:58:07.715+0000] {processor.py:809} INFO - DAG(s) dict_keys(['example_bash_operator']) retrieved from /home/airflow/.local/lib/python3.7/site-packages/airflow/example_dags/example_bash_operator.py
[2023-05-10T21:58:08.051+0000] {logging_mixin.py:149} INFO - [2023-05-10T21:58:08.050+0000] {dag.py:2726} INFO - Sync 1 DAGs
[2023-05-10T21:58:08.228+0000] {logging_mixin.py:149} INFO - [2023-05-10T21:58:08.227+0000] {dag.py:3490} INFO - Setting next_dagrun for example_bash_operator to 2023-05-09T00:00:00+00:00, run_after=2023-05-10T00:00:00+00:00
[2023-05-10T21:58:08.406+0000] {processor.py:178} INFO - Processing /home/airflow/.local/lib/python3.7/site-packages/airflow/example_dags/example_bash_operator.py took 0.886 seconds
[2023-05-10T21:58:41.829+0000] {processor.py:156} INFO - Started process (PID=556) to work on /home/airflow/.local/lib/python3.7/site-packages/airflow/example_dags/example_bash_operator.py
[2023-05-10T21:58:41.833+0000] {processor.py:799} INFO - Processing file /home/airflow/.local/lib/python3.7/site-packages/airflow/example_dags/example_bash_operator.py for tasks to queue
[2023-05-10T21:58:41.848+0000] {logging_mixin.py:149} INFO - [2023-05-10T21:58:41.847+0000] {dagbag.py:541} INFO - Filling up the DagBag from /home/airflow/.local/lib/python3.7/site-packages/airflow/example_dags/example_bash_operator.py
[2023-05-10T21:58:41.976+0000] {processor.py:809} INFO - DAG(s) dict_keys(['example_bash_operator']) retrieved from /home/airflow/.local/lib/python3.7/site-packages/airflow/example_dags/example_bash_operator.py
[2023-05-10T21:58:42.225+0000] {logging_mixin.py:149} INFO - [2023-05-10T21:58:42.225+0000] {dag.py:2726} INFO - Sync 1 DAGs
[2023-05-10T21:58:42.371+0000] {logging_mixin.py:149} INFO - [2023-05-10T21:58:42.371+0000] {dag.py:3490} INFO - Setting next_dagrun for example_bash_operator to 2023-05-09T00:00:00+00:00, run_after=2023-05-10T00:00:00+00:00
[2023-05-10T21:58:42.534+0000] {processor.py:178} INFO - Processing /home/airflow/.local/lib/python3.7/site-packages/airflow/example_dags/example_bash_operator.py took 0.720 seconds
[2023-05-10T21:59:14.360+0000] {processor.py:156} INFO - Started process (PID=612) to work on /home/airflow/.local/lib/python3.7/site-packages/airflow/example_dags/example_bash_operator.py
[2023-05-10T21:59:14.379+0000] {processor.py:799} INFO - Processing file /home/airflow/.local/lib/python3.7/site-packages/airflow/example_dags/example_bash_operator.py for tasks to queue
[2023-05-10T21:59:14.382+0000] {logging_mixin.py:149} INFO - [2023-05-10T21:59:14.381+0000] {dagbag.py:541} INFO - Filling up the DagBag from /home/airflow/.local/lib/python3.7/site-packages/airflow/example_dags/example_bash_operator.py
[2023-05-10T21:59:14.521+0000] {processor.py:809} INFO - DAG(s) dict_keys(['example_bash_operator']) retrieved from /home/airflow/.local/lib/python3.7/site-packages/airflow/example_dags/example_bash_operator.py
[2023-05-10T21:59:14.770+0000] {logging_mixin.py:149} INFO - [2023-05-10T21:59:14.770+0000] {dag.py:2726} INFO - Sync 1 DAGs
[2023-05-10T21:59:14.986+0000] {logging_mixin.py:149} INFO - [2023-05-10T21:59:14.985+0000] {dag.py:3490} INFO - Setting next_dagrun for example_bash_operator to 2023-05-09T00:00:00+00:00, run_after=2023-05-10T00:00:00+00:00
[2023-05-10T21:59:15.192+0000] {processor.py:178} INFO - Processing /home/airflow/.local/lib/python3.7/site-packages/airflow/example_dags/example_bash_operator.py took 0.840 seconds
[2023-05-10T21:59:46.501+0000] {processor.py:156} INFO - Started process (PID=667) to work on /home/airflow/.local/lib/python3.7/site-packages/airflow/example_dags/example_bash_operator.py
[2023-05-10T21:59:46.515+0000] {processor.py:799} INFO - Processing file /home/airflow/.local/lib/python3.7/site-packages/airflow/example_dags/example_bash_operator.py for tasks to queue
[2023-05-10T21:59:46.527+0000] {logging_mixin.py:149} INFO - [2023-05-10T21:59:46.517+0000] {dagbag.py:541} INFO - Filling up the DagBag from /home/airflow/.local/lib/python3.7/site-packages/airflow/example_dags/example_bash_operator.py
[2023-05-10T21:59:46.749+0000] {processor.py:809} INFO - DAG(s) dict_keys(['example_bash_operator']) retrieved from /home/airflow/.local/lib/python3.7/site-packages/airflow/example_dags/example_bash_operator.py
[2023-05-10T21:59:47.241+0000] {logging_mixin.py:149} INFO - [2023-05-10T21:59:47.240+0000] {dag.py:2726} INFO - Sync 1 DAGs
[2023-05-10T21:59:47.786+0000] {logging_mixin.py:149} INFO - [2023-05-10T21:59:47.773+0000] {dag.py:3490} INFO - Setting next_dagrun for example_bash_operator to 2023-05-09T00:00:00+00:00, run_after=2023-05-10T00:00:00+00:00
[2023-05-10T21:59:48.052+0000] {processor.py:178} INFO - Processing /home/airflow/.local/lib/python3.7/site-packages/airflow/example_dags/example_bash_operator.py took 1.559 seconds
[2023-05-10T22:00:18.988+0000] {processor.py:156} INFO - Started process (PID=722) to work on /home/airflow/.local/lib/python3.7/site-packages/airflow/example_dags/example_bash_operator.py
[2023-05-10T22:00:18.991+0000] {processor.py:799} INFO - Processing file /home/airflow/.local/lib/python3.7/site-packages/airflow/example_dags/example_bash_operator.py for tasks to queue
[2023-05-10T22:00:18.993+0000] {logging_mixin.py:149} INFO - [2023-05-10T22:00:18.993+0000] {dagbag.py:541} INFO - Filling up the DagBag from /home/airflow/.local/lib/python3.7/site-packages/airflow/example_dags/example_bash_operator.py
[2023-05-10T22:00:19.052+0000] {processor.py:809} INFO - DAG(s) dict_keys(['example_bash_operator']) retrieved from /home/airflow/.local/lib/python3.7/site-packages/airflow/example_dags/example_bash_operator.py
[2023-05-10T22:00:19.268+0000] {logging_mixin.py:149} INFO - [2023-05-10T22:00:19.268+0000] {dag.py:2726} INFO - Sync 1 DAGs
[2023-05-10T22:00:19.383+0000] {logging_mixin.py:149} INFO - [2023-05-10T22:00:19.383+0000] {dag.py:3490} INFO - Setting next_dagrun for example_bash_operator to 2023-05-09T00:00:00+00:00, run_after=2023-05-10T00:00:00+00:00
[2023-05-10T22:00:19.537+0000] {processor.py:178} INFO - Processing /home/airflow/.local/lib/python3.7/site-packages/airflow/example_dags/example_bash_operator.py took 0.566 seconds
[2023-05-10T22:00:49.853+0000] {processor.py:156} INFO - Started process (PID=779) to work on /home/airflow/.local/lib/python3.7/site-packages/airflow/example_dags/example_bash_operator.py
[2023-05-10T22:00:49.855+0000] {processor.py:799} INFO - Processing file /home/airflow/.local/lib/python3.7/site-packages/airflow/example_dags/example_bash_operator.py for tasks to queue
[2023-05-10T22:00:49.858+0000] {logging_mixin.py:149} INFO - [2023-05-10T22:00:49.857+0000] {dagbag.py:541} INFO - Filling up the DagBag from /home/airflow/.local/lib/python3.7/site-packages/airflow/example_dags/example_bash_operator.py
[2023-05-10T22:00:49.935+0000] {processor.py:809} INFO - DAG(s) dict_keys(['example_bash_operator']) retrieved from /home/airflow/.local/lib/python3.7/site-packages/airflow/example_dags/example_bash_operator.py
[2023-05-10T22:00:50.187+0000] {logging_mixin.py:149} INFO - [2023-05-10T22:00:50.186+0000] {dag.py:2726} INFO - Sync 1 DAGs
[2023-05-10T22:00:50.308+0000] {logging_mixin.py:149} INFO - [2023-05-10T22:00:50.307+0000] {dag.py:3490} INFO - Setting next_dagrun for example_bash_operator to 2023-05-09T00:00:00+00:00, run_after=2023-05-10T00:00:00+00:00
[2023-05-10T22:00:50.444+0000] {processor.py:178} INFO - Processing /home/airflow/.local/lib/python3.7/site-packages/airflow/example_dags/example_bash_operator.py took 0.609 seconds
[2023-05-10T22:01:21.844+0000] {processor.py:156} INFO - Started process (PID=829) to work on /home/airflow/.local/lib/python3.7/site-packages/airflow/example_dags/example_bash_operator.py
[2023-05-10T22:01:22.030+0000] {processor.py:799} INFO - Processing file /home/airflow/.local/lib/python3.7/site-packages/airflow/example_dags/example_bash_operator.py for tasks to queue
[2023-05-10T22:01:22.041+0000] {logging_mixin.py:149} INFO - [2023-05-10T22:01:22.037+0000] {dagbag.py:541} INFO - Filling up the DagBag from /home/airflow/.local/lib/python3.7/site-packages/airflow/example_dags/example_bash_operator.py
[2023-05-10T22:01:22.212+0000] {processor.py:809} INFO - DAG(s) dict_keys(['example_bash_operator']) retrieved from /home/airflow/.local/lib/python3.7/site-packages/airflow/example_dags/example_bash_operator.py
[2023-05-10T22:01:22.530+0000] {logging_mixin.py:149} INFO - [2023-05-10T22:01:22.528+0000] {dag.py:2726} INFO - Sync 1 DAGs
[2023-05-10T22:01:22.847+0000] {logging_mixin.py:149} INFO - [2023-05-10T22:01:22.846+0000] {dag.py:3490} INFO - Setting next_dagrun for example_bash_operator to 2023-05-09T00:00:00+00:00, run_after=2023-05-10T00:00:00+00:00
[2023-05-10T22:01:23.131+0000] {processor.py:178} INFO - Processing /home/airflow/.local/lib/python3.7/site-packages/airflow/example_dags/example_bash_operator.py took 1.318 seconds
[2023-05-10T22:01:55.092+0000] {processor.py:156} INFO - Started process (PID=883) to work on /home/airflow/.local/lib/python3.7/site-packages/airflow/example_dags/example_bash_operator.py
[2023-05-10T22:01:55.106+0000] {processor.py:799} INFO - Processing file /home/airflow/.local/lib/python3.7/site-packages/airflow/example_dags/example_bash_operator.py for tasks to queue
[2023-05-10T22:01:55.108+0000] {logging_mixin.py:149} INFO - [2023-05-10T22:01:55.108+0000] {dagbag.py:541} INFO - Filling up the DagBag from /home/airflow/.local/lib/python3.7/site-packages/airflow/example_dags/example_bash_operator.py
[2023-05-10T22:01:55.238+0000] {processor.py:809} INFO - DAG(s) dict_keys(['example_bash_operator']) retrieved from /home/airflow/.local/lib/python3.7/site-packages/airflow/example_dags/example_bash_operator.py
[2023-05-10T22:01:55.577+0000] {logging_mixin.py:149} INFO - [2023-05-10T22:01:55.577+0000] {dag.py:2726} INFO - Sync 1 DAGs
[2023-05-10T22:01:55.809+0000] {logging_mixin.py:149} INFO - [2023-05-10T22:01:55.809+0000] {dag.py:3490} INFO - Setting next_dagrun for example_bash_operator to 2023-05-09T00:00:00+00:00, run_after=2023-05-10T00:00:00+00:00
[2023-05-10T22:01:56.001+0000] {processor.py:178} INFO - Processing /home/airflow/.local/lib/python3.7/site-packages/airflow/example_dags/example_bash_operator.py took 0.916 seconds
[2023-05-10T22:02:26.150+0000] {processor.py:156} INFO - Started process (PID=935) to work on /home/airflow/.local/lib/python3.7/site-packages/airflow/example_dags/example_bash_operator.py
[2023-05-10T22:02:26.152+0000] {processor.py:799} INFO - Processing file /home/airflow/.local/lib/python3.7/site-packages/airflow/example_dags/example_bash_operator.py for tasks to queue
[2023-05-10T22:02:26.155+0000] {logging_mixin.py:149} INFO - [2023-05-10T22:02:26.154+0000] {dagbag.py:541} INFO - Filling up the DagBag from /home/airflow/.local/lib/python3.7/site-packages/airflow/example_dags/example_bash_operator.py
[2023-05-10T22:02:26.256+0000] {processor.py:809} INFO - DAG(s) dict_keys(['example_bash_operator']) retrieved from /home/airflow/.local/lib/python3.7/site-packages/airflow/example_dags/example_bash_operator.py
[2023-05-10T22:02:26.612+0000] {logging_mixin.py:149} INFO - [2023-05-10T22:02:26.612+0000] {dag.py:2726} INFO - Sync 1 DAGs
[2023-05-10T22:02:26.884+0000] {logging_mixin.py:149} INFO - [2023-05-10T22:02:26.880+0000] {dag.py:3490} INFO - Setting next_dagrun for example_bash_operator to 2023-05-09T00:00:00+00:00, run_after=2023-05-10T00:00:00+00:00
[2023-05-10T22:02:27.065+0000] {processor.py:178} INFO - Processing /home/airflow/.local/lib/python3.7/site-packages/airflow/example_dags/example_bash_operator.py took 0.938 seconds
[2023-05-10T22:02:58.003+0000] {processor.py:156} INFO - Started process (PID=991) to work on /home/airflow/.local/lib/python3.7/site-packages/airflow/example_dags/example_bash_operator.py
[2023-05-10T22:02:58.009+0000] {processor.py:799} INFO - Processing file /home/airflow/.local/lib/python3.7/site-packages/airflow/example_dags/example_bash_operator.py for tasks to queue
[2023-05-10T22:02:58.013+0000] {logging_mixin.py:149} INFO - [2023-05-10T22:02:58.012+0000] {dagbag.py:541} INFO - Filling up the DagBag from /home/airflow/.local/lib/python3.7/site-packages/airflow/example_dags/example_bash_operator.py
[2023-05-10T22:02:58.077+0000] {processor.py:809} INFO - DAG(s) dict_keys(['example_bash_operator']) retrieved from /home/airflow/.local/lib/python3.7/site-packages/airflow/example_dags/example_bash_operator.py
[2023-05-10T22:02:58.295+0000] {logging_mixin.py:149} INFO - [2023-05-10T22:02:58.295+0000] {dag.py:2726} INFO - Sync 1 DAGs
[2023-05-10T22:02:58.407+0000] {logging_mixin.py:149} INFO - [2023-05-10T22:02:58.406+0000] {dag.py:3490} INFO - Setting next_dagrun for example_bash_operator to 2023-05-09T00:00:00+00:00, run_after=2023-05-10T00:00:00+00:00
[2023-05-10T22:02:58.831+0000] {processor.py:178} INFO - Processing /home/airflow/.local/lib/python3.7/site-packages/airflow/example_dags/example_bash_operator.py took 0.837 seconds
[2023-05-10T22:03:29.709+0000] {processor.py:156} INFO - Started process (PID=1046) to work on /home/airflow/.local/lib/python3.7/site-packages/airflow/example_dags/example_bash_operator.py
[2023-05-10T22:03:29.712+0000] {processor.py:799} INFO - Processing file /home/airflow/.local/lib/python3.7/site-packages/airflow/example_dags/example_bash_operator.py for tasks to queue
[2023-05-10T22:03:29.714+0000] {logging_mixin.py:149} INFO - [2023-05-10T22:03:29.714+0000] {dagbag.py:541} INFO - Filling up the DagBag from /home/airflow/.local/lib/python3.7/site-packages/airflow/example_dags/example_bash_operator.py
[2023-05-10T22:03:29.859+0000] {processor.py:809} INFO - DAG(s) dict_keys(['example_bash_operator']) retrieved from /home/airflow/.local/lib/python3.7/site-packages/airflow/example_dags/example_bash_operator.py
[2023-05-10T22:03:30.152+0000] {logging_mixin.py:149} INFO - [2023-05-10T22:03:30.151+0000] {dag.py:2726} INFO - Sync 1 DAGs
[2023-05-10T22:03:30.311+0000] {logging_mixin.py:149} INFO - [2023-05-10T22:03:30.311+0000] {dag.py:3490} INFO - Setting next_dagrun for example_bash_operator to 2023-05-09T00:00:00+00:00, run_after=2023-05-10T00:00:00+00:00
[2023-05-10T22:03:30.451+0000] {processor.py:178} INFO - Processing /home/airflow/.local/lib/python3.7/site-packages/airflow/example_dags/example_bash_operator.py took 0.760 seconds
[2023-05-10T22:04:01.824+0000] {processor.py:156} INFO - Started process (PID=1101) to work on /home/airflow/.local/lib/python3.7/site-packages/airflow/example_dags/example_bash_operator.py
[2023-05-10T22:04:01.835+0000] {processor.py:799} INFO - Processing file /home/airflow/.local/lib/python3.7/site-packages/airflow/example_dags/example_bash_operator.py for tasks to queue
[2023-05-10T22:04:01.856+0000] {logging_mixin.py:149} INFO - [2023-05-10T22:04:01.851+0000] {dagbag.py:541} INFO - Filling up the DagBag from /home/airflow/.local/lib/python3.7/site-packages/airflow/example_dags/example_bash_operator.py
[2023-05-10T22:04:01.964+0000] {processor.py:809} INFO - DAG(s) dict_keys(['example_bash_operator']) retrieved from /home/airflow/.local/lib/python3.7/site-packages/airflow/example_dags/example_bash_operator.py
[2023-05-10T22:04:02.331+0000] {logging_mixin.py:149} INFO - [2023-05-10T22:04:02.330+0000] {dag.py:2726} INFO - Sync 1 DAGs
[2023-05-10T22:04:02.474+0000] {logging_mixin.py:149} INFO - [2023-05-10T22:04:02.474+0000] {dag.py:3490} INFO - Setting next_dagrun for example_bash_operator to 2023-05-09T00:00:00+00:00, run_after=2023-05-10T00:00:00+00:00
[2023-05-10T22:04:02.666+0000] {processor.py:178} INFO - Processing /home/airflow/.local/lib/python3.7/site-packages/airflow/example_dags/example_bash_operator.py took 0.859 seconds
[2023-05-10T22:04:38.207+0000] {processor.py:156} INFO - Started process (PID=1157) to work on /home/airflow/.local/lib/python3.7/site-packages/airflow/example_dags/example_bash_operator.py
[2023-05-10T22:04:38.209+0000] {processor.py:799} INFO - Processing file /home/airflow/.local/lib/python3.7/site-packages/airflow/example_dags/example_bash_operator.py for tasks to queue
[2023-05-10T22:04:38.212+0000] {logging_mixin.py:149} INFO - [2023-05-10T22:04:38.211+0000] {dagbag.py:541} INFO - Filling up the DagBag from /home/airflow/.local/lib/python3.7/site-packages/airflow/example_dags/example_bash_operator.py
[2023-05-10T22:04:38.298+0000] {processor.py:809} INFO - DAG(s) dict_keys(['example_bash_operator']) retrieved from /home/airflow/.local/lib/python3.7/site-packages/airflow/example_dags/example_bash_operator.py
[2023-05-10T22:04:38.636+0000] {logging_mixin.py:149} INFO - [2023-05-10T22:04:38.635+0000] {dag.py:2726} INFO - Sync 1 DAGs
[2023-05-10T22:04:38.898+0000] {logging_mixin.py:149} INFO - [2023-05-10T22:04:38.897+0000] {dag.py:3490} INFO - Setting next_dagrun for example_bash_operator to 2023-05-09T00:00:00+00:00, run_after=2023-05-10T00:00:00+00:00
[2023-05-10T22:04:39.068+0000] {processor.py:178} INFO - Processing /home/airflow/.local/lib/python3.7/site-packages/airflow/example_dags/example_bash_operator.py took 0.878 seconds
[2023-05-10T22:05:09.312+0000] {processor.py:156} INFO - Started process (PID=1213) to work on /home/airflow/.local/lib/python3.7/site-packages/airflow/example_dags/example_bash_operator.py
[2023-05-10T22:05:09.316+0000] {processor.py:799} INFO - Processing file /home/airflow/.local/lib/python3.7/site-packages/airflow/example_dags/example_bash_operator.py for tasks to queue
[2023-05-10T22:05:09.318+0000] {logging_mixin.py:149} INFO - [2023-05-10T22:05:09.318+0000] {dagbag.py:541} INFO - Filling up the DagBag from /home/airflow/.local/lib/python3.7/site-packages/airflow/example_dags/example_bash_operator.py
[2023-05-10T22:05:09.424+0000] {processor.py:809} INFO - DAG(s) dict_keys(['example_bash_operator']) retrieved from /home/airflow/.local/lib/python3.7/site-packages/airflow/example_dags/example_bash_operator.py
[2023-05-10T22:05:09.715+0000] {logging_mixin.py:149} INFO - [2023-05-10T22:05:09.715+0000] {dag.py:2726} INFO - Sync 1 DAGs
[2023-05-10T22:05:09.995+0000] {logging_mixin.py:149} INFO - [2023-05-10T22:05:09.995+0000] {dag.py:3490} INFO - Setting next_dagrun for example_bash_operator to 2023-05-09T00:00:00+00:00, run_after=2023-05-10T00:00:00+00:00
[2023-05-10T22:05:10.269+0000] {processor.py:178} INFO - Processing /home/airflow/.local/lib/python3.7/site-packages/airflow/example_dags/example_bash_operator.py took 0.974 seconds
[2023-05-10T22:05:42.055+0000] {processor.py:156} INFO - Started process (PID=1270) to work on /home/airflow/.local/lib/python3.7/site-packages/airflow/example_dags/example_bash_operator.py
[2023-05-10T22:05:42.057+0000] {processor.py:799} INFO - Processing file /home/airflow/.local/lib/python3.7/site-packages/airflow/example_dags/example_bash_operator.py for tasks to queue
[2023-05-10T22:05:42.070+0000] {logging_mixin.py:149} INFO - [2023-05-10T22:05:42.070+0000] {dagbag.py:541} INFO - Filling up the DagBag from /home/airflow/.local/lib/python3.7/site-packages/airflow/example_dags/example_bash_operator.py
[2023-05-10T22:05:42.153+0000] {processor.py:809} INFO - DAG(s) dict_keys(['example_bash_operator']) retrieved from /home/airflow/.local/lib/python3.7/site-packages/airflow/example_dags/example_bash_operator.py
[2023-05-10T22:05:42.445+0000] {logging_mixin.py:149} INFO - [2023-05-10T22:05:42.444+0000] {dag.py:2726} INFO - Sync 1 DAGs
[2023-05-10T22:05:42.667+0000] {logging_mixin.py:149} INFO - [2023-05-10T22:05:42.667+0000] {dag.py:3490} INFO - Setting next_dagrun for example_bash_operator to 2023-05-09T00:00:00+00:00, run_after=2023-05-10T00:00:00+00:00
[2023-05-10T22:05:42.857+0000] {processor.py:178} INFO - Processing /home/airflow/.local/lib/python3.7/site-packages/airflow/example_dags/example_bash_operator.py took 0.820 seconds
[2023-05-10T22:06:16.348+0000] {processor.py:156} INFO - Started process (PID=1326) to work on /home/airflow/.local/lib/python3.7/site-packages/airflow/example_dags/example_bash_operator.py
[2023-05-10T22:06:16.362+0000] {processor.py:799} INFO - Processing file /home/airflow/.local/lib/python3.7/site-packages/airflow/example_dags/example_bash_operator.py for tasks to queue
[2023-05-10T22:06:16.367+0000] {logging_mixin.py:149} INFO - [2023-05-10T22:06:16.366+0000] {dagbag.py:541} INFO - Filling up the DagBag from /home/airflow/.local/lib/python3.7/site-packages/airflow/example_dags/example_bash_operator.py
[2023-05-10T22:06:16.453+0000] {processor.py:809} INFO - DAG(s) dict_keys(['example_bash_operator']) retrieved from /home/airflow/.local/lib/python3.7/site-packages/airflow/example_dags/example_bash_operator.py
[2023-05-10T22:06:16.750+0000] {logging_mixin.py:149} INFO - [2023-05-10T22:06:16.750+0000] {dag.py:2726} INFO - Sync 1 DAGs
[2023-05-10T22:06:16.998+0000] {logging_mixin.py:149} INFO - [2023-05-10T22:06:16.998+0000] {dag.py:3490} INFO - Setting next_dagrun for example_bash_operator to 2023-05-09T00:00:00+00:00, run_after=2023-05-10T00:00:00+00:00
[2023-05-10T22:06:17.190+0000] {processor.py:178} INFO - Processing /home/airflow/.local/lib/python3.7/site-packages/airflow/example_dags/example_bash_operator.py took 0.855 seconds
[2023-05-10T22:06:47.940+0000] {processor.py:156} INFO - Started process (PID=1378) to work on /home/airflow/.local/lib/python3.7/site-packages/airflow/example_dags/example_bash_operator.py
[2023-05-10T22:06:47.943+0000] {processor.py:799} INFO - Processing file /home/airflow/.local/lib/python3.7/site-packages/airflow/example_dags/example_bash_operator.py for tasks to queue
[2023-05-10T22:06:47.951+0000] {logging_mixin.py:149} INFO - [2023-05-10T22:06:47.948+0000] {dagbag.py:541} INFO - Filling up the DagBag from /home/airflow/.local/lib/python3.7/site-packages/airflow/example_dags/example_bash_operator.py
[2023-05-10T22:06:48.028+0000] {processor.py:809} INFO - DAG(s) dict_keys(['example_bash_operator']) retrieved from /home/airflow/.local/lib/python3.7/site-packages/airflow/example_dags/example_bash_operator.py
[2023-05-10T22:06:48.334+0000] {logging_mixin.py:149} INFO - [2023-05-10T22:06:48.334+0000] {dag.py:2726} INFO - Sync 1 DAGs
[2023-05-10T22:06:48.526+0000] {logging_mixin.py:149} INFO - [2023-05-10T22:06:48.525+0000] {dag.py:3490} INFO - Setting next_dagrun for example_bash_operator to 2023-05-09T00:00:00+00:00, run_after=2023-05-10T00:00:00+00:00
[2023-05-10T22:06:48.674+0000] {processor.py:178} INFO - Processing /home/airflow/.local/lib/python3.7/site-packages/airflow/example_dags/example_bash_operator.py took 0.748 seconds
[2023-05-10T22:07:20.046+0000] {processor.py:156} INFO - Started process (PID=1428) to work on /home/airflow/.local/lib/python3.7/site-packages/airflow/example_dags/example_bash_operator.py
[2023-05-10T22:07:20.061+0000] {processor.py:799} INFO - Processing file /home/airflow/.local/lib/python3.7/site-packages/airflow/example_dags/example_bash_operator.py for tasks to queue
[2023-05-10T22:07:20.064+0000] {logging_mixin.py:149} INFO - [2023-05-10T22:07:20.063+0000] {dagbag.py:541} INFO - Filling up the DagBag from /home/airflow/.local/lib/python3.7/site-packages/airflow/example_dags/example_bash_operator.py
[2023-05-10T22:07:20.172+0000] {processor.py:809} INFO - DAG(s) dict_keys(['example_bash_operator']) retrieved from /home/airflow/.local/lib/python3.7/site-packages/airflow/example_dags/example_bash_operator.py
[2023-05-10T22:07:20.496+0000] {logging_mixin.py:149} INFO - [2023-05-10T22:07:20.496+0000] {dag.py:2726} INFO - Sync 1 DAGs
[2023-05-10T22:07:20.720+0000] {logging_mixin.py:149} INFO - [2023-05-10T22:07:20.719+0000] {dag.py:3490} INFO - Setting next_dagrun for example_bash_operator to 2023-05-09T00:00:00+00:00, run_after=2023-05-10T00:00:00+00:00
[2023-05-10T22:07:20.961+0000] {processor.py:178} INFO - Processing /home/airflow/.local/lib/python3.7/site-packages/airflow/example_dags/example_bash_operator.py took 0.936 seconds
[2023-05-10T22:07:51.222+0000] {processor.py:156} INFO - Started process (PID=1484) to work on /home/airflow/.local/lib/python3.7/site-packages/airflow/example_dags/example_bash_operator.py
[2023-05-10T22:07:51.234+0000] {processor.py:799} INFO - Processing file /home/airflow/.local/lib/python3.7/site-packages/airflow/example_dags/example_bash_operator.py for tasks to queue
[2023-05-10T22:07:51.237+0000] {logging_mixin.py:149} INFO - [2023-05-10T22:07:51.237+0000] {dagbag.py:541} INFO - Filling up the DagBag from /home/airflow/.local/lib/python3.7/site-packages/airflow/example_dags/example_bash_operator.py
[2023-05-10T22:07:51.338+0000] {processor.py:809} INFO - DAG(s) dict_keys(['example_bash_operator']) retrieved from /home/airflow/.local/lib/python3.7/site-packages/airflow/example_dags/example_bash_operator.py
[2023-05-10T22:07:51.681+0000] {logging_mixin.py:149} INFO - [2023-05-10T22:07:51.681+0000] {dag.py:2726} INFO - Sync 1 DAGs
[2023-05-10T22:07:51.872+0000] {logging_mixin.py:149} INFO - [2023-05-10T22:07:51.872+0000] {dag.py:3490} INFO - Setting next_dagrun for example_bash_operator to 2023-05-09T00:00:00+00:00, run_after=2023-05-10T00:00:00+00:00
[2023-05-10T22:07:52.047+0000] {processor.py:178} INFO - Processing /home/airflow/.local/lib/python3.7/site-packages/airflow/example_dags/example_bash_operator.py took 0.845 seconds
[2023-05-10T22:08:22.736+0000] {processor.py:156} INFO - Started process (PID=1540) to work on /home/airflow/.local/lib/python3.7/site-packages/airflow/example_dags/example_bash_operator.py
[2023-05-10T22:08:22.742+0000] {processor.py:799} INFO - Processing file /home/airflow/.local/lib/python3.7/site-packages/airflow/example_dags/example_bash_operator.py for tasks to queue
[2023-05-10T22:08:22.755+0000] {logging_mixin.py:149} INFO - [2023-05-10T22:08:22.755+0000] {dagbag.py:541} INFO - Filling up the DagBag from /home/airflow/.local/lib/python3.7/site-packages/airflow/example_dags/example_bash_operator.py
[2023-05-10T22:08:22.868+0000] {processor.py:809} INFO - DAG(s) dict_keys(['example_bash_operator']) retrieved from /home/airflow/.local/lib/python3.7/site-packages/airflow/example_dags/example_bash_operator.py
[2023-05-10T22:08:23.150+0000] {logging_mixin.py:149} INFO - [2023-05-10T22:08:23.150+0000] {dag.py:2726} INFO - Sync 1 DAGs
[2023-05-10T22:08:23.327+0000] {logging_mixin.py:149} INFO - [2023-05-10T22:08:23.326+0000] {dag.py:3490} INFO - Setting next_dagrun for example_bash_operator to 2023-05-09T00:00:00+00:00, run_after=2023-05-10T00:00:00+00:00
[2023-05-10T22:08:23.497+0000] {processor.py:178} INFO - Processing /home/airflow/.local/lib/python3.7/site-packages/airflow/example_dags/example_bash_operator.py took 0.779 seconds
[2023-05-10T22:08:54.277+0000] {processor.py:156} INFO - Started process (PID=1595) to work on /home/airflow/.local/lib/python3.7/site-packages/airflow/example_dags/example_bash_operator.py
[2023-05-10T22:08:54.279+0000] {processor.py:799} INFO - Processing file /home/airflow/.local/lib/python3.7/site-packages/airflow/example_dags/example_bash_operator.py for tasks to queue
[2023-05-10T22:08:54.290+0000] {logging_mixin.py:149} INFO - [2023-05-10T22:08:54.286+0000] {dagbag.py:541} INFO - Filling up the DagBag from /home/airflow/.local/lib/python3.7/site-packages/airflow/example_dags/example_bash_operator.py
[2023-05-10T22:08:54.416+0000] {processor.py:809} INFO - DAG(s) dict_keys(['example_bash_operator']) retrieved from /home/airflow/.local/lib/python3.7/site-packages/airflow/example_dags/example_bash_operator.py
[2023-05-10T22:08:54.738+0000] {logging_mixin.py:149} INFO - [2023-05-10T22:08:54.737+0000] {dag.py:2726} INFO - Sync 1 DAGs
[2023-05-10T22:08:54.938+0000] {logging_mixin.py:149} INFO - [2023-05-10T22:08:54.938+0000] {dag.py:3490} INFO - Setting next_dagrun for example_bash_operator to 2023-05-09T00:00:00+00:00, run_after=2023-05-10T00:00:00+00:00
[2023-05-10T22:08:55.139+0000] {processor.py:178} INFO - Processing /home/airflow/.local/lib/python3.7/site-packages/airflow/example_dags/example_bash_operator.py took 0.895 seconds
[2023-05-10T22:09:30.145+0000] {processor.py:156} INFO - Started process (PID=1649) to work on /home/airflow/.local/lib/python3.7/site-packages/airflow/example_dags/example_bash_operator.py
[2023-05-10T22:09:30.148+0000] {processor.py:799} INFO - Processing file /home/airflow/.local/lib/python3.7/site-packages/airflow/example_dags/example_bash_operator.py for tasks to queue
[2023-05-10T22:09:30.151+0000] {logging_mixin.py:149} INFO - [2023-05-10T22:09:30.150+0000] {dagbag.py:541} INFO - Filling up the DagBag from /home/airflow/.local/lib/python3.7/site-packages/airflow/example_dags/example_bash_operator.py
[2023-05-10T22:09:30.242+0000] {processor.py:809} INFO - DAG(s) dict_keys(['example_bash_operator']) retrieved from /home/airflow/.local/lib/python3.7/site-packages/airflow/example_dags/example_bash_operator.py
[2023-05-10T22:09:30.507+0000] {logging_mixin.py:149} INFO - [2023-05-10T22:09:30.507+0000] {dag.py:2726} INFO - Sync 1 DAGs
[2023-05-10T22:09:30.750+0000] {logging_mixin.py:149} INFO - [2023-05-10T22:09:30.750+0000] {dag.py:3490} INFO - Setting next_dagrun for example_bash_operator to 2023-05-09T00:00:00+00:00, run_after=2023-05-10T00:00:00+00:00
[2023-05-10T22:09:30.971+0000] {processor.py:178} INFO - Processing /home/airflow/.local/lib/python3.7/site-packages/airflow/example_dags/example_bash_operator.py took 0.844 seconds
[2023-05-10T22:10:02.373+0000] {processor.py:156} INFO - Started process (PID=1706) to work on /home/airflow/.local/lib/python3.7/site-packages/airflow/example_dags/example_bash_operator.py
[2023-05-10T22:10:02.387+0000] {processor.py:799} INFO - Processing file /home/airflow/.local/lib/python3.7/site-packages/airflow/example_dags/example_bash_operator.py for tasks to queue
[2023-05-10T22:10:02.391+0000] {logging_mixin.py:149} INFO - [2023-05-10T22:10:02.390+0000] {dagbag.py:541} INFO - Filling up the DagBag from /home/airflow/.local/lib/python3.7/site-packages/airflow/example_dags/example_bash_operator.py
[2023-05-10T22:10:02.520+0000] {processor.py:809} INFO - DAG(s) dict_keys(['example_bash_operator']) retrieved from /home/airflow/.local/lib/python3.7/site-packages/airflow/example_dags/example_bash_operator.py
[2023-05-10T22:10:03.023+0000] {logging_mixin.py:149} INFO - [2023-05-10T22:10:03.022+0000] {dag.py:2726} INFO - Sync 1 DAGs
[2023-05-10T22:10:03.288+0000] {logging_mixin.py:149} INFO - [2023-05-10T22:10:03.288+0000] {dag.py:3490} INFO - Setting next_dagrun for example_bash_operator to 2023-05-09T00:00:00+00:00, run_after=2023-05-10T00:00:00+00:00
[2023-05-10T22:10:03.598+0000] {processor.py:178} INFO - Processing /home/airflow/.local/lib/python3.7/site-packages/airflow/example_dags/example_bash_operator.py took 1.242 seconds
