[2023-05-10T21:52:00.969+0000] {processor.py:156} INFO - Started process (PID=56) to work on /home/airflow/.local/lib/python3.7/site-packages/airflow/example_dags/example_subdag_operator.py
[2023-05-10T21:52:00.973+0000] {processor.py:799} INFO - Processing file /home/airflow/.local/lib/python3.7/site-packages/airflow/example_dags/example_subdag_operator.py for tasks to queue
[2023-05-10T21:52:00.980+0000] {logging_mixin.py:149} INFO - [2023-05-10T21:52:00.979+0000] {dagbag.py:541} INFO - Filling up the DagBag from /home/airflow/.local/lib/python3.7/site-packages/airflow/example_dags/example_subdag_operator.py
[2023-05-10T21:52:01.114+0000] {processor.py:809} INFO - DAG(s) dict_keys(['example_subdag_operator.section-1', 'example_subdag_operator.section-2', 'example_subdag_operator']) retrieved from /home/airflow/.local/lib/python3.7/site-packages/airflow/example_dags/example_subdag_operator.py
[2023-05-10T21:52:04.403+0000] {logging_mixin.py:149} INFO - [2023-05-10T21:52:04.403+0000] {manager.py:504} INFO - Created Permission View: can read on DAG:example_subdag_operator
[2023-05-10T21:52:06.050+0000] {logging_mixin.py:149} INFO - [2023-05-10T21:52:06.050+0000] {manager.py:504} INFO - Created Permission View: can delete on DAG:example_subdag_operator
[2023-05-10T21:52:06.974+0000] {logging_mixin.py:149} INFO - [2023-05-10T21:52:06.973+0000] {manager.py:504} INFO - Created Permission View: can edit on DAG:example_subdag_operator
[2023-05-10T21:52:07.067+0000] {logging_mixin.py:149} INFO - [2023-05-10T21:52:07.067+0000] {dag.py:2726} INFO - Sync 3 DAGs
[2023-05-10T21:52:07.461+0000] {logging_mixin.py:149} INFO - [2023-05-10T21:52:07.461+0000] {dag.py:2747} INFO - Creating ORM DAG for example_subdag_operator.section-2
[2023-05-10T21:52:07.464+0000] {logging_mixin.py:149} INFO - [2023-05-10T21:52:07.464+0000] {dag.py:2747} INFO - Creating ORM DAG for example_subdag_operator
[2023-05-10T21:52:07.466+0000] {logging_mixin.py:149} INFO - [2023-05-10T21:52:07.466+0000] {dag.py:2747} INFO - Creating ORM DAG for example_subdag_operator.section-1
[2023-05-10T21:52:07.617+0000] {logging_mixin.py:149} INFO - [2023-05-10T21:52:07.617+0000] {dag.py:3490} INFO - Setting next_dagrun for example_subdag_operator to 2022-01-01T00:00:00+00:00, run_after=2022-01-01T00:00:00+00:00
[2023-05-10T21:52:07.626+0000] {logging_mixin.py:149} INFO - [2023-05-10T21:52:07.625+0000] {dag.py:3490} INFO - Setting next_dagrun for example_subdag_operator.section-1 to None, run_after=None
[2023-05-10T21:52:07.630+0000] {logging_mixin.py:149} INFO - [2023-05-10T21:52:07.630+0000] {dag.py:3490} INFO - Setting next_dagrun for example_subdag_operator.section-2 to None, run_after=None
[2023-05-10T21:52:07.795+0000] {logging_mixin.py:149} INFO - [2023-05-10T21:52:07.795+0000] {dag.py:2726} INFO - Sync 2 DAGs
[2023-05-10T21:52:07.904+0000] {logging_mixin.py:149} INFO - [2023-05-10T21:52:07.904+0000] {dag.py:3490} INFO - Setting next_dagrun for example_subdag_operator.section-1 to None, run_after=None
[2023-05-10T21:52:07.963+0000] {logging_mixin.py:149} INFO - [2023-05-10T21:52:07.963+0000] {dag.py:3490} INFO - Setting next_dagrun for example_subdag_operator.section-2 to None, run_after=None
[2023-05-10T21:52:08.229+0000] {processor.py:178} INFO - Processing /home/airflow/.local/lib/python3.7/site-packages/airflow/example_dags/example_subdag_operator.py took 7.306 seconds
[2023-05-10T21:53:47.798+0000] {processor.py:156} INFO - Started process (PID=126) to work on /home/airflow/.local/lib/python3.7/site-packages/airflow/example_dags/example_subdag_operator.py
[2023-05-10T21:53:47.804+0000] {processor.py:799} INFO - Processing file /home/airflow/.local/lib/python3.7/site-packages/airflow/example_dags/example_subdag_operator.py for tasks to queue
[2023-05-10T21:53:47.808+0000] {logging_mixin.py:149} INFO - [2023-05-10T21:53:47.807+0000] {dagbag.py:541} INFO - Filling up the DagBag from /home/airflow/.local/lib/python3.7/site-packages/airflow/example_dags/example_subdag_operator.py
[2023-05-10T21:53:47.932+0000] {processor.py:809} INFO - DAG(s) dict_keys(['example_subdag_operator.section-1', 'example_subdag_operator.section-2', 'example_subdag_operator']) retrieved from /home/airflow/.local/lib/python3.7/site-packages/airflow/example_dags/example_subdag_operator.py
[2023-05-10T21:53:48.185+0000] {logging_mixin.py:149} INFO - [2023-05-10T21:53:48.185+0000] {dag.py:2726} INFO - Sync 3 DAGs
[2023-05-10T21:53:48.303+0000] {logging_mixin.py:149} INFO - [2023-05-10T21:53:48.302+0000] {dag.py:3490} INFO - Setting next_dagrun for example_subdag_operator to 2022-01-01T00:00:00+00:00, run_after=2022-01-01T00:00:00+00:00
[2023-05-10T21:53:48.315+0000] {logging_mixin.py:149} INFO - [2023-05-10T21:53:48.314+0000] {dag.py:3490} INFO - Setting next_dagrun for example_subdag_operator.section-1 to None, run_after=None
[2023-05-10T21:53:48.319+0000] {logging_mixin.py:149} INFO - [2023-05-10T21:53:48.319+0000] {dag.py:3490} INFO - Setting next_dagrun for example_subdag_operator.section-2 to None, run_after=None
[2023-05-10T21:53:48.343+0000] {logging_mixin.py:149} INFO - [2023-05-10T21:53:48.342+0000] {dag.py:2726} INFO - Sync 2 DAGs
[2023-05-10T21:53:48.361+0000] {logging_mixin.py:149} INFO - [2023-05-10T21:53:48.361+0000] {dag.py:3490} INFO - Setting next_dagrun for example_subdag_operator.section-1 to None, run_after=None
[2023-05-10T21:53:48.363+0000] {logging_mixin.py:149} INFO - [2023-05-10T21:53:48.363+0000] {dag.py:3490} INFO - Setting next_dagrun for example_subdag_operator.section-2 to None, run_after=None
[2023-05-10T21:53:48.757+0000] {processor.py:178} INFO - Processing /home/airflow/.local/lib/python3.7/site-packages/airflow/example_dags/example_subdag_operator.py took 0.969 seconds
[2023-05-10T21:54:24.880+0000] {processor.py:156} INFO - Started process (PID=172) to work on /home/airflow/.local/lib/python3.7/site-packages/airflow/example_dags/example_subdag_operator.py
[2023-05-10T21:54:24.882+0000] {processor.py:799} INFO - Processing file /home/airflow/.local/lib/python3.7/site-packages/airflow/example_dags/example_subdag_operator.py for tasks to queue
[2023-05-10T21:54:24.886+0000] {logging_mixin.py:149} INFO - [2023-05-10T21:54:24.885+0000] {dagbag.py:541} INFO - Filling up the DagBag from /home/airflow/.local/lib/python3.7/site-packages/airflow/example_dags/example_subdag_operator.py
[2023-05-10T21:54:25.015+0000] {processor.py:809} INFO - DAG(s) dict_keys(['example_subdag_operator.section-1', 'example_subdag_operator.section-2', 'example_subdag_operator']) retrieved from /home/airflow/.local/lib/python3.7/site-packages/airflow/example_dags/example_subdag_operator.py
[2023-05-10T21:54:25.185+0000] {logging_mixin.py:149} INFO - [2023-05-10T21:54:25.184+0000] {dag.py:2726} INFO - Sync 3 DAGs
[2023-05-10T21:54:25.378+0000] {logging_mixin.py:149} INFO - [2023-05-10T21:54:25.378+0000] {dag.py:3490} INFO - Setting next_dagrun for example_subdag_operator to 2022-01-01T00:00:00+00:00, run_after=2022-01-01T00:00:00+00:00
[2023-05-10T21:54:25.398+0000] {logging_mixin.py:149} INFO - [2023-05-10T21:54:25.398+0000] {dag.py:3490} INFO - Setting next_dagrun for example_subdag_operator.section-1 to None, run_after=None
[2023-05-10T21:54:25.404+0000] {logging_mixin.py:149} INFO - [2023-05-10T21:54:25.403+0000] {dag.py:3490} INFO - Setting next_dagrun for example_subdag_operator.section-2 to None, run_after=None
[2023-05-10T21:54:25.460+0000] {logging_mixin.py:149} INFO - [2023-05-10T21:54:25.460+0000] {dag.py:2726} INFO - Sync 2 DAGs
[2023-05-10T21:54:25.498+0000] {logging_mixin.py:149} INFO - [2023-05-10T21:54:25.497+0000] {dag.py:3490} INFO - Setting next_dagrun for example_subdag_operator.section-1 to None, run_after=None
[2023-05-10T21:54:25.509+0000] {logging_mixin.py:149} INFO - [2023-05-10T21:54:25.502+0000] {dag.py:3490} INFO - Setting next_dagrun for example_subdag_operator.section-2 to None, run_after=None
[2023-05-10T21:54:25.709+0000] {processor.py:178} INFO - Processing /home/airflow/.local/lib/python3.7/site-packages/airflow/example_dags/example_subdag_operator.py took 0.825 seconds
[2023-05-10T21:55:05.635+0000] {processor.py:156} INFO - Started process (PID=226) to work on /home/airflow/.local/lib/python3.7/site-packages/airflow/example_dags/example_subdag_operator.py
[2023-05-10T21:55:05.637+0000] {processor.py:799} INFO - Processing file /home/airflow/.local/lib/python3.7/site-packages/airflow/example_dags/example_subdag_operator.py for tasks to queue
[2023-05-10T21:55:05.641+0000] {logging_mixin.py:149} INFO - [2023-05-10T21:55:05.640+0000] {dagbag.py:541} INFO - Filling up the DagBag from /home/airflow/.local/lib/python3.7/site-packages/airflow/example_dags/example_subdag_operator.py
[2023-05-10T21:55:05.761+0000] {processor.py:809} INFO - DAG(s) dict_keys(['example_subdag_operator.section-1', 'example_subdag_operator.section-2', 'example_subdag_operator']) retrieved from /home/airflow/.local/lib/python3.7/site-packages/airflow/example_dags/example_subdag_operator.py
[2023-05-10T21:55:05.861+0000] {logging_mixin.py:149} INFO - [2023-05-10T21:55:05.861+0000] {dag.py:2726} INFO - Sync 3 DAGs
[2023-05-10T21:55:05.989+0000] {logging_mixin.py:149} INFO - [2023-05-10T21:55:05.988+0000] {dag.py:3490} INFO - Setting next_dagrun for example_subdag_operator to 2022-01-01T00:00:00+00:00, run_after=2022-01-01T00:00:00+00:00
[2023-05-10T21:55:06.010+0000] {logging_mixin.py:149} INFO - [2023-05-10T21:55:06.010+0000] {dag.py:3490} INFO - Setting next_dagrun for example_subdag_operator.section-1 to None, run_after=None
[2023-05-10T21:55:06.047+0000] {logging_mixin.py:149} INFO - [2023-05-10T21:55:06.046+0000] {dag.py:3490} INFO - Setting next_dagrun for example_subdag_operator.section-2 to None, run_after=None
[2023-05-10T21:55:06.125+0000] {logging_mixin.py:149} INFO - [2023-05-10T21:55:06.125+0000] {dag.py:2726} INFO - Sync 2 DAGs
[2023-05-10T21:55:06.168+0000] {logging_mixin.py:149} INFO - [2023-05-10T21:55:06.167+0000] {dag.py:3490} INFO - Setting next_dagrun for example_subdag_operator.section-1 to None, run_after=None
[2023-05-10T21:55:06.170+0000] {logging_mixin.py:149} INFO - [2023-05-10T21:55:06.170+0000] {dag.py:3490} INFO - Setting next_dagrun for example_subdag_operator.section-2 to None, run_after=None
[2023-05-10T21:55:06.322+0000] {processor.py:178} INFO - Processing /home/airflow/.local/lib/python3.7/site-packages/airflow/example_dags/example_subdag_operator.py took 0.696 seconds
[2023-05-10T21:55:42.562+0000] {processor.py:156} INFO - Started process (PID=277) to work on /home/airflow/.local/lib/python3.7/site-packages/airflow/example_dags/example_subdag_operator.py
[2023-05-10T21:55:42.566+0000] {processor.py:799} INFO - Processing file /home/airflow/.local/lib/python3.7/site-packages/airflow/example_dags/example_subdag_operator.py for tasks to queue
[2023-05-10T21:55:42.578+0000] {logging_mixin.py:149} INFO - [2023-05-10T21:55:42.578+0000] {dagbag.py:541} INFO - Filling up the DagBag from /home/airflow/.local/lib/python3.7/site-packages/airflow/example_dags/example_subdag_operator.py
[2023-05-10T21:55:42.798+0000] {processor.py:809} INFO - DAG(s) dict_keys(['example_subdag_operator.section-1', 'example_subdag_operator.section-2', 'example_subdag_operator']) retrieved from /home/airflow/.local/lib/python3.7/site-packages/airflow/example_dags/example_subdag_operator.py
[2023-05-10T21:55:43.197+0000] {logging_mixin.py:149} INFO - [2023-05-10T21:55:43.195+0000] {dag.py:2726} INFO - Sync 3 DAGs
[2023-05-10T21:55:43.735+0000] {logging_mixin.py:149} INFO - [2023-05-10T21:55:43.702+0000] {dag.py:3490} INFO - Setting next_dagrun for example_subdag_operator to 2022-01-01T00:00:00+00:00, run_after=2022-01-01T00:00:00+00:00
[2023-05-10T21:55:43.879+0000] {logging_mixin.py:149} INFO - [2023-05-10T21:55:43.879+0000] {dag.py:3490} INFO - Setting next_dagrun for example_subdag_operator.section-1 to None, run_after=None
[2023-05-10T21:55:43.900+0000] {logging_mixin.py:149} INFO - [2023-05-10T21:55:43.900+0000] {dag.py:3490} INFO - Setting next_dagrun for example_subdag_operator.section-2 to None, run_after=None
[2023-05-10T21:55:44.007+0000] {logging_mixin.py:149} INFO - [2023-05-10T21:55:44.006+0000] {dag.py:2726} INFO - Sync 2 DAGs
[2023-05-10T21:55:44.049+0000] {logging_mixin.py:149} INFO - [2023-05-10T21:55:44.049+0000] {dag.py:3490} INFO - Setting next_dagrun for example_subdag_operator.section-1 to None, run_after=None
[2023-05-10T21:55:44.051+0000] {logging_mixin.py:149} INFO - [2023-05-10T21:55:44.050+0000] {dag.py:3490} INFO - Setting next_dagrun for example_subdag_operator.section-2 to None, run_after=None
[2023-05-10T21:55:44.473+0000] {processor.py:178} INFO - Processing /home/airflow/.local/lib/python3.7/site-packages/airflow/example_dags/example_subdag_operator.py took 1.940 seconds
[2023-05-10T21:56:18.691+0000] {processor.py:156} INFO - Started process (PID=334) to work on /home/airflow/.local/lib/python3.7/site-packages/airflow/example_dags/example_subdag_operator.py
[2023-05-10T21:56:18.704+0000] {processor.py:799} INFO - Processing file /home/airflow/.local/lib/python3.7/site-packages/airflow/example_dags/example_subdag_operator.py for tasks to queue
[2023-05-10T21:56:18.710+0000] {logging_mixin.py:149} INFO - [2023-05-10T21:56:18.709+0000] {dagbag.py:541} INFO - Filling up the DagBag from /home/airflow/.local/lib/python3.7/site-packages/airflow/example_dags/example_subdag_operator.py
[2023-05-10T21:56:18.867+0000] {processor.py:809} INFO - DAG(s) dict_keys(['example_subdag_operator.section-1', 'example_subdag_operator.section-2', 'example_subdag_operator']) retrieved from /home/airflow/.local/lib/python3.7/site-packages/airflow/example_dags/example_subdag_operator.py
[2023-05-10T21:56:19.045+0000] {logging_mixin.py:149} INFO - [2023-05-10T21:56:19.045+0000] {dag.py:2726} INFO - Sync 3 DAGs
[2023-05-10T21:56:19.283+0000] {logging_mixin.py:149} INFO - [2023-05-10T21:56:19.282+0000] {dag.py:3490} INFO - Setting next_dagrun for example_subdag_operator to 2022-01-01T00:00:00+00:00, run_after=2022-01-01T00:00:00+00:00
[2023-05-10T21:56:19.363+0000] {logging_mixin.py:149} INFO - [2023-05-10T21:56:19.363+0000] {dag.py:3490} INFO - Setting next_dagrun for example_subdag_operator.section-1 to None, run_after=None
[2023-05-10T21:56:19.371+0000] {logging_mixin.py:149} INFO - [2023-05-10T21:56:19.371+0000] {dag.py:3490} INFO - Setting next_dagrun for example_subdag_operator.section-2 to None, run_after=None
[2023-05-10T21:56:19.456+0000] {logging_mixin.py:149} INFO - [2023-05-10T21:56:19.455+0000] {dag.py:2726} INFO - Sync 2 DAGs
[2023-05-10T21:56:19.513+0000] {logging_mixin.py:149} INFO - [2023-05-10T21:56:19.512+0000] {dag.py:3490} INFO - Setting next_dagrun for example_subdag_operator.section-1 to None, run_after=None
[2023-05-10T21:56:19.515+0000] {logging_mixin.py:149} INFO - [2023-05-10T21:56:19.515+0000] {dag.py:3490} INFO - Setting next_dagrun for example_subdag_operator.section-2 to None, run_after=None
[2023-05-10T21:56:19.834+0000] {processor.py:178} INFO - Processing /home/airflow/.local/lib/python3.7/site-packages/airflow/example_dags/example_subdag_operator.py took 1.169 seconds
[2023-05-10T21:56:55.905+0000] {processor.py:156} INFO - Started process (PID=387) to work on /home/airflow/.local/lib/python3.7/site-packages/airflow/example_dags/example_subdag_operator.py
[2023-05-10T21:56:55.907+0000] {processor.py:799} INFO - Processing file /home/airflow/.local/lib/python3.7/site-packages/airflow/example_dags/example_subdag_operator.py for tasks to queue
[2023-05-10T21:56:55.910+0000] {logging_mixin.py:149} INFO - [2023-05-10T21:56:55.909+0000] {dagbag.py:541} INFO - Filling up the DagBag from /home/airflow/.local/lib/python3.7/site-packages/airflow/example_dags/example_subdag_operator.py
[2023-05-10T21:56:56.054+0000] {processor.py:809} INFO - DAG(s) dict_keys(['example_subdag_operator.section-1', 'example_subdag_operator.section-2', 'example_subdag_operator']) retrieved from /home/airflow/.local/lib/python3.7/site-packages/airflow/example_dags/example_subdag_operator.py
[2023-05-10T21:56:56.164+0000] {logging_mixin.py:149} INFO - [2023-05-10T21:56:56.164+0000] {dag.py:2726} INFO - Sync 3 DAGs
[2023-05-10T21:56:56.334+0000] {logging_mixin.py:149} INFO - [2023-05-10T21:56:56.333+0000] {dag.py:3490} INFO - Setting next_dagrun for example_subdag_operator to 2022-01-01T00:00:00+00:00, run_after=2022-01-01T00:00:00+00:00
[2023-05-10T21:56:56.369+0000] {logging_mixin.py:149} INFO - [2023-05-10T21:56:56.369+0000] {dag.py:3490} INFO - Setting next_dagrun for example_subdag_operator.section-1 to None, run_after=None
[2023-05-10T21:56:56.374+0000] {logging_mixin.py:149} INFO - [2023-05-10T21:56:56.374+0000] {dag.py:3490} INFO - Setting next_dagrun for example_subdag_operator.section-2 to None, run_after=None
[2023-05-10T21:56:56.457+0000] {logging_mixin.py:149} INFO - [2023-05-10T21:56:56.453+0000] {dag.py:2726} INFO - Sync 2 DAGs
[2023-05-10T21:56:56.506+0000] {logging_mixin.py:149} INFO - [2023-05-10T21:56:56.506+0000] {dag.py:3490} INFO - Setting next_dagrun for example_subdag_operator.section-1 to None, run_after=None
[2023-05-10T21:56:56.508+0000] {logging_mixin.py:149} INFO - [2023-05-10T21:56:56.508+0000] {dag.py:3490} INFO - Setting next_dagrun for example_subdag_operator.section-2 to None, run_after=None
[2023-05-10T21:56:57.020+0000] {processor.py:178} INFO - Processing /home/airflow/.local/lib/python3.7/site-packages/airflow/example_dags/example_subdag_operator.py took 1.132 seconds
[2023-05-10T21:57:28.918+0000] {processor.py:156} INFO - Started process (PID=439) to work on /home/airflow/.local/lib/python3.7/site-packages/airflow/example_dags/example_subdag_operator.py
[2023-05-10T21:57:28.931+0000] {processor.py:799} INFO - Processing file /home/airflow/.local/lib/python3.7/site-packages/airflow/example_dags/example_subdag_operator.py for tasks to queue
[2023-05-10T21:57:28.933+0000] {logging_mixin.py:149} INFO - [2023-05-10T21:57:28.933+0000] {dagbag.py:541} INFO - Filling up the DagBag from /home/airflow/.local/lib/python3.7/site-packages/airflow/example_dags/example_subdag_operator.py
[2023-05-10T21:57:29.052+0000] {processor.py:809} INFO - DAG(s) dict_keys(['example_subdag_operator.section-1', 'example_subdag_operator.section-2', 'example_subdag_operator']) retrieved from /home/airflow/.local/lib/python3.7/site-packages/airflow/example_dags/example_subdag_operator.py
[2023-05-10T21:57:29.191+0000] {logging_mixin.py:149} INFO - [2023-05-10T21:57:29.191+0000] {dag.py:2726} INFO - Sync 3 DAGs
[2023-05-10T21:57:29.367+0000] {logging_mixin.py:149} INFO - [2023-05-10T21:57:29.366+0000] {dag.py:3490} INFO - Setting next_dagrun for example_subdag_operator to 2022-01-01T00:00:00+00:00, run_after=2022-01-01T00:00:00+00:00
[2023-05-10T21:57:29.397+0000] {logging_mixin.py:149} INFO - [2023-05-10T21:57:29.396+0000] {dag.py:3490} INFO - Setting next_dagrun for example_subdag_operator.section-1 to None, run_after=None
[2023-05-10T21:57:29.403+0000] {logging_mixin.py:149} INFO - [2023-05-10T21:57:29.403+0000] {dag.py:3490} INFO - Setting next_dagrun for example_subdag_operator.section-2 to None, run_after=None
[2023-05-10T21:57:29.432+0000] {logging_mixin.py:149} INFO - [2023-05-10T21:57:29.431+0000] {dag.py:2726} INFO - Sync 2 DAGs
[2023-05-10T21:57:29.461+0000] {logging_mixin.py:149} INFO - [2023-05-10T21:57:29.461+0000] {dag.py:3490} INFO - Setting next_dagrun for example_subdag_operator.section-1 to None, run_after=None
[2023-05-10T21:57:29.463+0000] {logging_mixin.py:149} INFO - [2023-05-10T21:57:29.462+0000] {dag.py:3490} INFO - Setting next_dagrun for example_subdag_operator.section-2 to None, run_after=None
[2023-05-10T21:57:29.649+0000] {processor.py:178} INFO - Processing /home/airflow/.local/lib/python3.7/site-packages/airflow/example_dags/example_subdag_operator.py took 0.768 seconds
[2023-05-10T21:58:00.950+0000] {processor.py:156} INFO - Started process (PID=485) to work on /home/airflow/.local/lib/python3.7/site-packages/airflow/example_dags/example_subdag_operator.py
[2023-05-10T21:58:00.953+0000] {processor.py:799} INFO - Processing file /home/airflow/.local/lib/python3.7/site-packages/airflow/example_dags/example_subdag_operator.py for tasks to queue
[2023-05-10T21:58:00.956+0000] {logging_mixin.py:149} INFO - [2023-05-10T21:58:00.955+0000] {dagbag.py:541} INFO - Filling up the DagBag from /home/airflow/.local/lib/python3.7/site-packages/airflow/example_dags/example_subdag_operator.py
[2023-05-10T21:58:01.184+0000] {processor.py:809} INFO - DAG(s) dict_keys(['example_subdag_operator.section-1', 'example_subdag_operator.section-2', 'example_subdag_operator']) retrieved from /home/airflow/.local/lib/python3.7/site-packages/airflow/example_dags/example_subdag_operator.py
[2023-05-10T21:58:01.354+0000] {logging_mixin.py:149} INFO - [2023-05-10T21:58:01.353+0000] {dag.py:2726} INFO - Sync 3 DAGs
[2023-05-10T21:58:01.579+0000] {logging_mixin.py:149} INFO - [2023-05-10T21:58:01.579+0000] {dag.py:3490} INFO - Setting next_dagrun for example_subdag_operator to 2022-01-01T00:00:00+00:00, run_after=2022-01-01T00:00:00+00:00
[2023-05-10T21:58:01.614+0000] {logging_mixin.py:149} INFO - [2023-05-10T21:58:01.614+0000] {dag.py:3490} INFO - Setting next_dagrun for example_subdag_operator.section-1 to None, run_after=None
[2023-05-10T21:58:01.623+0000] {logging_mixin.py:149} INFO - [2023-05-10T21:58:01.622+0000] {dag.py:3490} INFO - Setting next_dagrun for example_subdag_operator.section-2 to None, run_after=None
[2023-05-10T21:58:01.718+0000] {logging_mixin.py:149} INFO - [2023-05-10T21:58:01.718+0000] {dag.py:2726} INFO - Sync 2 DAGs
[2023-05-10T21:58:01.810+0000] {logging_mixin.py:149} INFO - [2023-05-10T21:58:01.809+0000] {dag.py:3490} INFO - Setting next_dagrun for example_subdag_operator.section-1 to None, run_after=None
[2023-05-10T21:58:01.812+0000] {logging_mixin.py:149} INFO - [2023-05-10T21:58:01.811+0000] {dag.py:3490} INFO - Setting next_dagrun for example_subdag_operator.section-2 to None, run_after=None
[2023-05-10T21:58:02.056+0000] {processor.py:178} INFO - Processing /home/airflow/.local/lib/python3.7/site-packages/airflow/example_dags/example_subdag_operator.py took 1.133 seconds
[2023-05-10T21:58:34.221+0000] {processor.py:156} INFO - Started process (PID=538) to work on /home/airflow/.local/lib/python3.7/site-packages/airflow/example_dags/example_subdag_operator.py
[2023-05-10T21:58:34.230+0000] {processor.py:799} INFO - Processing file /home/airflow/.local/lib/python3.7/site-packages/airflow/example_dags/example_subdag_operator.py for tasks to queue
[2023-05-10T21:58:34.242+0000] {logging_mixin.py:149} INFO - [2023-05-10T21:58:34.240+0000] {dagbag.py:541} INFO - Filling up the DagBag from /home/airflow/.local/lib/python3.7/site-packages/airflow/example_dags/example_subdag_operator.py
[2023-05-10T21:58:34.368+0000] {processor.py:809} INFO - DAG(s) dict_keys(['example_subdag_operator.section-1', 'example_subdag_operator.section-2', 'example_subdag_operator']) retrieved from /home/airflow/.local/lib/python3.7/site-packages/airflow/example_dags/example_subdag_operator.py
[2023-05-10T21:58:34.511+0000] {logging_mixin.py:149} INFO - [2023-05-10T21:58:34.510+0000] {dag.py:2726} INFO - Sync 3 DAGs
[2023-05-10T21:58:34.747+0000] {logging_mixin.py:149} INFO - [2023-05-10T21:58:34.747+0000] {dag.py:3490} INFO - Setting next_dagrun for example_subdag_operator to 2022-01-01T00:00:00+00:00, run_after=2022-01-01T00:00:00+00:00
[2023-05-10T21:58:34.768+0000] {logging_mixin.py:149} INFO - [2023-05-10T21:58:34.767+0000] {dag.py:3490} INFO - Setting next_dagrun for example_subdag_operator.section-1 to None, run_after=None
[2023-05-10T21:58:34.788+0000] {logging_mixin.py:149} INFO - [2023-05-10T21:58:34.788+0000] {dag.py:3490} INFO - Setting next_dagrun for example_subdag_operator.section-2 to None, run_after=None
[2023-05-10T21:58:34.842+0000] {logging_mixin.py:149} INFO - [2023-05-10T21:58:34.841+0000] {dag.py:2726} INFO - Sync 2 DAGs
[2023-05-10T21:58:34.899+0000] {logging_mixin.py:149} INFO - [2023-05-10T21:58:34.899+0000] {dag.py:3490} INFO - Setting next_dagrun for example_subdag_operator.section-1 to None, run_after=None
[2023-05-10T21:58:34.901+0000] {logging_mixin.py:149} INFO - [2023-05-10T21:58:34.901+0000] {dag.py:3490} INFO - Setting next_dagrun for example_subdag_operator.section-2 to None, run_after=None
[2023-05-10T21:58:35.162+0000] {processor.py:178} INFO - Processing /home/airflow/.local/lib/python3.7/site-packages/airflow/example_dags/example_subdag_operator.py took 0.950 seconds
[2023-05-10T21:59:08.394+0000] {processor.py:156} INFO - Started process (PID=594) to work on /home/airflow/.local/lib/python3.7/site-packages/airflow/example_dags/example_subdag_operator.py
[2023-05-10T21:59:08.409+0000] {processor.py:799} INFO - Processing file /home/airflow/.local/lib/python3.7/site-packages/airflow/example_dags/example_subdag_operator.py for tasks to queue
[2023-05-10T21:59:08.428+0000] {logging_mixin.py:149} INFO - [2023-05-10T21:59:08.428+0000] {dagbag.py:541} INFO - Filling up the DagBag from /home/airflow/.local/lib/python3.7/site-packages/airflow/example_dags/example_subdag_operator.py
[2023-05-10T21:59:08.641+0000] {processor.py:809} INFO - DAG(s) dict_keys(['example_subdag_operator.section-1', 'example_subdag_operator.section-2', 'example_subdag_operator']) retrieved from /home/airflow/.local/lib/python3.7/site-packages/airflow/example_dags/example_subdag_operator.py
[2023-05-10T21:59:08.901+0000] {logging_mixin.py:149} INFO - [2023-05-10T21:59:08.901+0000] {dag.py:2726} INFO - Sync 3 DAGs
[2023-05-10T21:59:09.162+0000] {logging_mixin.py:149} INFO - [2023-05-10T21:59:09.162+0000] {dag.py:3490} INFO - Setting next_dagrun for example_subdag_operator to 2022-01-01T00:00:00+00:00, run_after=2022-01-01T00:00:00+00:00
[2023-05-10T21:59:09.232+0000] {logging_mixin.py:149} INFO - [2023-05-10T21:59:09.232+0000] {dag.py:3490} INFO - Setting next_dagrun for example_subdag_operator.section-1 to None, run_after=None
[2023-05-10T21:59:09.237+0000] {logging_mixin.py:149} INFO - [2023-05-10T21:59:09.237+0000] {dag.py:3490} INFO - Setting next_dagrun for example_subdag_operator.section-2 to None, run_after=None
[2023-05-10T21:59:09.438+0000] {logging_mixin.py:149} INFO - [2023-05-10T21:59:09.437+0000] {dag.py:2726} INFO - Sync 2 DAGs
[2023-05-10T21:59:09.656+0000] {logging_mixin.py:149} INFO - [2023-05-10T21:59:09.620+0000] {dag.py:3490} INFO - Setting next_dagrun for example_subdag_operator.section-1 to None, run_after=None
[2023-05-10T21:59:09.665+0000] {logging_mixin.py:149} INFO - [2023-05-10T21:59:09.663+0000] {dag.py:3490} INFO - Setting next_dagrun for example_subdag_operator.section-2 to None, run_after=None
[2023-05-10T21:59:09.883+0000] {processor.py:178} INFO - Processing /home/airflow/.local/lib/python3.7/site-packages/airflow/example_dags/example_subdag_operator.py took 1.497 seconds
[2023-05-10T21:59:40.719+0000] {processor.py:156} INFO - Started process (PID=657) to work on /home/airflow/.local/lib/python3.7/site-packages/airflow/example_dags/example_subdag_operator.py
[2023-05-10T21:59:40.735+0000] {processor.py:799} INFO - Processing file /home/airflow/.local/lib/python3.7/site-packages/airflow/example_dags/example_subdag_operator.py for tasks to queue
[2023-05-10T21:59:40.738+0000] {logging_mixin.py:149} INFO - [2023-05-10T21:59:40.737+0000] {dagbag.py:541} INFO - Filling up the DagBag from /home/airflow/.local/lib/python3.7/site-packages/airflow/example_dags/example_subdag_operator.py
[2023-05-10T21:59:40.945+0000] {processor.py:809} INFO - DAG(s) dict_keys(['example_subdag_operator.section-1', 'example_subdag_operator.section-2', 'example_subdag_operator']) retrieved from /home/airflow/.local/lib/python3.7/site-packages/airflow/example_dags/example_subdag_operator.py
[2023-05-10T21:59:41.354+0000] {logging_mixin.py:149} INFO - [2023-05-10T21:59:41.351+0000] {dag.py:2726} INFO - Sync 3 DAGs
[2023-05-10T21:59:41.626+0000] {logging_mixin.py:149} INFO - [2023-05-10T21:59:41.626+0000] {dag.py:3490} INFO - Setting next_dagrun for example_subdag_operator to 2022-01-01T00:00:00+00:00, run_after=2022-01-01T00:00:00+00:00
[2023-05-10T21:59:41.649+0000] {logging_mixin.py:149} INFO - [2023-05-10T21:59:41.648+0000] {dag.py:3490} INFO - Setting next_dagrun for example_subdag_operator.section-1 to None, run_after=None
[2023-05-10T21:59:41.698+0000] {logging_mixin.py:149} INFO - [2023-05-10T21:59:41.698+0000] {dag.py:3490} INFO - Setting next_dagrun for example_subdag_operator.section-2 to None, run_after=None
[2023-05-10T21:59:41.777+0000] {logging_mixin.py:149} INFO - [2023-05-10T21:59:41.776+0000] {dag.py:2726} INFO - Sync 2 DAGs
[2023-05-10T21:59:41.818+0000] {logging_mixin.py:149} INFO - [2023-05-10T21:59:41.818+0000] {dag.py:3490} INFO - Setting next_dagrun for example_subdag_operator.section-1 to None, run_after=None
[2023-05-10T21:59:41.820+0000] {logging_mixin.py:149} INFO - [2023-05-10T21:59:41.820+0000] {dag.py:3490} INFO - Setting next_dagrun for example_subdag_operator.section-2 to None, run_after=None
[2023-05-10T21:59:41.993+0000] {processor.py:178} INFO - Processing /home/airflow/.local/lib/python3.7/site-packages/airflow/example_dags/example_subdag_operator.py took 1.294 seconds
[2023-05-10T22:00:12.284+0000] {processor.py:156} INFO - Started process (PID=714) to work on /home/airflow/.local/lib/python3.7/site-packages/airflow/example_dags/example_subdag_operator.py
[2023-05-10T22:00:12.289+0000] {processor.py:799} INFO - Processing file /home/airflow/.local/lib/python3.7/site-packages/airflow/example_dags/example_subdag_operator.py for tasks to queue
[2023-05-10T22:00:12.292+0000] {logging_mixin.py:149} INFO - [2023-05-10T22:00:12.292+0000] {dagbag.py:541} INFO - Filling up the DagBag from /home/airflow/.local/lib/python3.7/site-packages/airflow/example_dags/example_subdag_operator.py
[2023-05-10T22:00:12.440+0000] {processor.py:809} INFO - DAG(s) dict_keys(['example_subdag_operator.section-1', 'example_subdag_operator.section-2', 'example_subdag_operator']) retrieved from /home/airflow/.local/lib/python3.7/site-packages/airflow/example_dags/example_subdag_operator.py
[2023-05-10T22:00:12.565+0000] {logging_mixin.py:149} INFO - [2023-05-10T22:00:12.565+0000] {dag.py:2726} INFO - Sync 3 DAGs
[2023-05-10T22:00:12.669+0000] {logging_mixin.py:149} INFO - [2023-05-10T22:00:12.668+0000] {dag.py:3490} INFO - Setting next_dagrun for example_subdag_operator to 2022-01-01T00:00:00+00:00, run_after=2022-01-01T00:00:00+00:00
[2023-05-10T22:00:12.683+0000] {logging_mixin.py:149} INFO - [2023-05-10T22:00:12.683+0000] {dag.py:3490} INFO - Setting next_dagrun for example_subdag_operator.section-1 to None, run_after=None
[2023-05-10T22:00:12.692+0000] {logging_mixin.py:149} INFO - [2023-05-10T22:00:12.692+0000] {dag.py:3490} INFO - Setting next_dagrun for example_subdag_operator.section-2 to None, run_after=None
[2023-05-10T22:00:12.718+0000] {logging_mixin.py:149} INFO - [2023-05-10T22:00:12.718+0000] {dag.py:2726} INFO - Sync 2 DAGs
[2023-05-10T22:00:12.740+0000] {logging_mixin.py:149} INFO - [2023-05-10T22:00:12.739+0000] {dag.py:3490} INFO - Setting next_dagrun for example_subdag_operator.section-1 to None, run_after=None
[2023-05-10T22:00:12.742+0000] {logging_mixin.py:149} INFO - [2023-05-10T22:00:12.741+0000] {dag.py:3490} INFO - Setting next_dagrun for example_subdag_operator.section-2 to None, run_after=None
[2023-05-10T22:00:13.117+0000] {processor.py:178} INFO - Processing /home/airflow/.local/lib/python3.7/site-packages/airflow/example_dags/example_subdag_operator.py took 0.849 seconds
[2023-05-10T22:00:45.630+0000] {processor.py:156} INFO - Started process (PID=770) to work on /home/airflow/.local/lib/python3.7/site-packages/airflow/example_dags/example_subdag_operator.py
[2023-05-10T22:00:45.734+0000] {processor.py:799} INFO - Processing file /home/airflow/.local/lib/python3.7/site-packages/airflow/example_dags/example_subdag_operator.py for tasks to queue
[2023-05-10T22:00:45.737+0000] {logging_mixin.py:149} INFO - [2023-05-10T22:00:45.736+0000] {dagbag.py:541} INFO - Filling up the DagBag from /home/airflow/.local/lib/python3.7/site-packages/airflow/example_dags/example_subdag_operator.py
[2023-05-10T22:00:45.895+0000] {processor.py:809} INFO - DAG(s) dict_keys(['example_subdag_operator.section-1', 'example_subdag_operator.section-2', 'example_subdag_operator']) retrieved from /home/airflow/.local/lib/python3.7/site-packages/airflow/example_dags/example_subdag_operator.py
[2023-05-10T22:00:46.026+0000] {logging_mixin.py:149} INFO - [2023-05-10T22:00:46.025+0000] {dag.py:2726} INFO - Sync 3 DAGs
[2023-05-10T22:00:46.184+0000] {logging_mixin.py:149} INFO - [2023-05-10T22:00:46.184+0000] {dag.py:3490} INFO - Setting next_dagrun for example_subdag_operator to 2022-01-01T00:00:00+00:00, run_after=2022-01-01T00:00:00+00:00
[2023-05-10T22:00:46.218+0000] {logging_mixin.py:149} INFO - [2023-05-10T22:00:46.217+0000] {dag.py:3490} INFO - Setting next_dagrun for example_subdag_operator.section-1 to None, run_after=None
[2023-05-10T22:00:46.234+0000] {logging_mixin.py:149} INFO - [2023-05-10T22:00:46.233+0000] {dag.py:3490} INFO - Setting next_dagrun for example_subdag_operator.section-2 to None, run_after=None
[2023-05-10T22:00:46.290+0000] {logging_mixin.py:149} INFO - [2023-05-10T22:00:46.290+0000] {dag.py:2726} INFO - Sync 2 DAGs
[2023-05-10T22:00:46.349+0000] {logging_mixin.py:149} INFO - [2023-05-10T22:00:46.348+0000] {dag.py:3490} INFO - Setting next_dagrun for example_subdag_operator.section-1 to None, run_after=None
[2023-05-10T22:00:46.362+0000] {logging_mixin.py:149} INFO - [2023-05-10T22:00:46.359+0000] {dag.py:3490} INFO - Setting next_dagrun for example_subdag_operator.section-2 to None, run_after=None
[2023-05-10T22:00:46.906+0000] {processor.py:178} INFO - Processing /home/airflow/.local/lib/python3.7/site-packages/airflow/example_dags/example_subdag_operator.py took 1.290 seconds
[2023-05-10T22:01:20.258+0000] {processor.py:156} INFO - Started process (PID=826) to work on /home/airflow/.local/lib/python3.7/site-packages/airflow/example_dags/example_subdag_operator.py
[2023-05-10T22:01:20.277+0000] {processor.py:799} INFO - Processing file /home/airflow/.local/lib/python3.7/site-packages/airflow/example_dags/example_subdag_operator.py for tasks to queue
[2023-05-10T22:01:20.280+0000] {logging_mixin.py:149} INFO - [2023-05-10T22:01:20.279+0000] {dagbag.py:541} INFO - Filling up the DagBag from /home/airflow/.local/lib/python3.7/site-packages/airflow/example_dags/example_subdag_operator.py
[2023-05-10T22:01:20.415+0000] {processor.py:809} INFO - DAG(s) dict_keys(['example_subdag_operator.section-1', 'example_subdag_operator.section-2', 'example_subdag_operator']) retrieved from /home/airflow/.local/lib/python3.7/site-packages/airflow/example_dags/example_subdag_operator.py
[2023-05-10T22:01:20.578+0000] {logging_mixin.py:149} INFO - [2023-05-10T22:01:20.578+0000] {dag.py:2726} INFO - Sync 3 DAGs
[2023-05-10T22:01:20.812+0000] {logging_mixin.py:149} INFO - [2023-05-10T22:01:20.812+0000] {dag.py:3490} INFO - Setting next_dagrun for example_subdag_operator to 2022-01-01T00:00:00+00:00, run_after=2022-01-01T00:00:00+00:00
[2023-05-10T22:01:20.834+0000] {logging_mixin.py:149} INFO - [2023-05-10T22:01:20.834+0000] {dag.py:3490} INFO - Setting next_dagrun for example_subdag_operator.section-1 to None, run_after=None
[2023-05-10T22:01:20.851+0000] {logging_mixin.py:149} INFO - [2023-05-10T22:01:20.850+0000] {dag.py:3490} INFO - Setting next_dagrun for example_subdag_operator.section-2 to None, run_after=None
[2023-05-10T22:01:20.910+0000] {logging_mixin.py:149} INFO - [2023-05-10T22:01:20.910+0000] {dag.py:2726} INFO - Sync 2 DAGs
[2023-05-10T22:01:20.983+0000] {logging_mixin.py:149} INFO - [2023-05-10T22:01:20.983+0000] {dag.py:3490} INFO - Setting next_dagrun for example_subdag_operator.section-1 to None, run_after=None
[2023-05-10T22:01:20.987+0000] {logging_mixin.py:149} INFO - [2023-05-10T22:01:20.987+0000] {dag.py:3490} INFO - Setting next_dagrun for example_subdag_operator.section-2 to None, run_after=None
[2023-05-10T22:01:21.278+0000] {processor.py:178} INFO - Processing /home/airflow/.local/lib/python3.7/site-packages/airflow/example_dags/example_subdag_operator.py took 1.039 seconds
[2023-05-10T22:01:53.095+0000] {processor.py:156} INFO - Started process (PID=878) to work on /home/airflow/.local/lib/python3.7/site-packages/airflow/example_dags/example_subdag_operator.py
[2023-05-10T22:01:53.149+0000] {processor.py:799} INFO - Processing file /home/airflow/.local/lib/python3.7/site-packages/airflow/example_dags/example_subdag_operator.py for tasks to queue
[2023-05-10T22:01:53.152+0000] {logging_mixin.py:149} INFO - [2023-05-10T22:01:53.151+0000] {dagbag.py:541} INFO - Filling up the DagBag from /home/airflow/.local/lib/python3.7/site-packages/airflow/example_dags/example_subdag_operator.py
[2023-05-10T22:01:53.504+0000] {processor.py:809} INFO - DAG(s) dict_keys(['example_subdag_operator.section-1', 'example_subdag_operator.section-2', 'example_subdag_operator']) retrieved from /home/airflow/.local/lib/python3.7/site-packages/airflow/example_dags/example_subdag_operator.py
[2023-05-10T22:01:53.795+0000] {logging_mixin.py:149} INFO - [2023-05-10T22:01:53.794+0000] {dag.py:2726} INFO - Sync 3 DAGs
[2023-05-10T22:01:54.211+0000] {logging_mixin.py:149} INFO - [2023-05-10T22:01:54.199+0000] {dag.py:3490} INFO - Setting next_dagrun for example_subdag_operator to 2022-01-01T00:00:00+00:00, run_after=2022-01-01T00:00:00+00:00
[2023-05-10T22:01:54.315+0000] {logging_mixin.py:149} INFO - [2023-05-10T22:01:54.314+0000] {dag.py:3490} INFO - Setting next_dagrun for example_subdag_operator.section-1 to None, run_after=None
[2023-05-10T22:01:54.368+0000] {logging_mixin.py:149} INFO - [2023-05-10T22:01:54.368+0000] {dag.py:3490} INFO - Setting next_dagrun for example_subdag_operator.section-2 to None, run_after=None
[2023-05-10T22:01:54.450+0000] {logging_mixin.py:149} INFO - [2023-05-10T22:01:54.450+0000] {dag.py:2726} INFO - Sync 2 DAGs
[2023-05-10T22:01:54.503+0000] {logging_mixin.py:149} INFO - [2023-05-10T22:01:54.502+0000] {dag.py:3490} INFO - Setting next_dagrun for example_subdag_operator.section-1 to None, run_after=None
[2023-05-10T22:01:54.554+0000] {logging_mixin.py:149} INFO - [2023-05-10T22:01:54.553+0000] {dag.py:3490} INFO - Setting next_dagrun for example_subdag_operator.section-2 to None, run_after=None
[2023-05-10T22:01:54.786+0000] {processor.py:178} INFO - Processing /home/airflow/.local/lib/python3.7/site-packages/airflow/example_dags/example_subdag_operator.py took 1.731 seconds
[2023-05-10T22:02:25.727+0000] {processor.py:156} INFO - Started process (PID=934) to work on /home/airflow/.local/lib/python3.7/site-packages/airflow/example_dags/example_subdag_operator.py
[2023-05-10T22:02:25.729+0000] {processor.py:799} INFO - Processing file /home/airflow/.local/lib/python3.7/site-packages/airflow/example_dags/example_subdag_operator.py for tasks to queue
[2023-05-10T22:02:25.741+0000] {logging_mixin.py:149} INFO - [2023-05-10T22:02:25.741+0000] {dagbag.py:541} INFO - Filling up the DagBag from /home/airflow/.local/lib/python3.7/site-packages/airflow/example_dags/example_subdag_operator.py
[2023-05-10T22:02:25.947+0000] {processor.py:809} INFO - DAG(s) dict_keys(['example_subdag_operator.section-1', 'example_subdag_operator.section-2', 'example_subdag_operator']) retrieved from /home/airflow/.local/lib/python3.7/site-packages/airflow/example_dags/example_subdag_operator.py
[2023-05-10T22:02:26.134+0000] {logging_mixin.py:149} INFO - [2023-05-10T22:02:26.134+0000] {dag.py:2726} INFO - Sync 3 DAGs
[2023-05-10T22:02:26.368+0000] {logging_mixin.py:149} INFO - [2023-05-10T22:02:26.367+0000] {dag.py:3490} INFO - Setting next_dagrun for example_subdag_operator to 2022-01-01T00:00:00+00:00, run_after=2022-01-01T00:00:00+00:00
[2023-05-10T22:02:26.395+0000] {logging_mixin.py:149} INFO - [2023-05-10T22:02:26.395+0000] {dag.py:3490} INFO - Setting next_dagrun for example_subdag_operator.section-1 to None, run_after=None
[2023-05-10T22:02:26.399+0000] {logging_mixin.py:149} INFO - [2023-05-10T22:02:26.399+0000] {dag.py:3490} INFO - Setting next_dagrun for example_subdag_operator.section-2 to None, run_after=None
[2023-05-10T22:02:26.457+0000] {logging_mixin.py:149} INFO - [2023-05-10T22:02:26.456+0000] {dag.py:2726} INFO - Sync 2 DAGs
[2023-05-10T22:02:26.507+0000] {logging_mixin.py:149} INFO - [2023-05-10T22:02:26.507+0000] {dag.py:3490} INFO - Setting next_dagrun for example_subdag_operator.section-1 to None, run_after=None
[2023-05-10T22:02:26.510+0000] {logging_mixin.py:149} INFO - [2023-05-10T22:02:26.509+0000] {dag.py:3490} INFO - Setting next_dagrun for example_subdag_operator.section-2 to None, run_after=None
[2023-05-10T22:02:26.686+0000] {processor.py:178} INFO - Processing /home/airflow/.local/lib/python3.7/site-packages/airflow/example_dags/example_subdag_operator.py took 0.979 seconds
[2023-05-10T22:02:57.729+0000] {processor.py:156} INFO - Started process (PID=990) to work on /home/airflow/.local/lib/python3.7/site-packages/airflow/example_dags/example_subdag_operator.py
[2023-05-10T22:02:57.734+0000] {processor.py:799} INFO - Processing file /home/airflow/.local/lib/python3.7/site-packages/airflow/example_dags/example_subdag_operator.py for tasks to queue
[2023-05-10T22:02:57.739+0000] {logging_mixin.py:149} INFO - [2023-05-10T22:02:57.739+0000] {dagbag.py:541} INFO - Filling up the DagBag from /home/airflow/.local/lib/python3.7/site-packages/airflow/example_dags/example_subdag_operator.py
[2023-05-10T22:02:57.827+0000] {processor.py:809} INFO - DAG(s) dict_keys(['example_subdag_operator.section-1', 'example_subdag_operator.section-2', 'example_subdag_operator']) retrieved from /home/airflow/.local/lib/python3.7/site-packages/airflow/example_dags/example_subdag_operator.py
[2023-05-10T22:02:57.958+0000] {logging_mixin.py:149} INFO - [2023-05-10T22:02:57.957+0000] {dag.py:2726} INFO - Sync 3 DAGs
[2023-05-10T22:02:58.094+0000] {logging_mixin.py:149} INFO - [2023-05-10T22:02:58.094+0000] {dag.py:3490} INFO - Setting next_dagrun for example_subdag_operator to 2022-01-01T00:00:00+00:00, run_after=2022-01-01T00:00:00+00:00
[2023-05-10T22:02:58.118+0000] {logging_mixin.py:149} INFO - [2023-05-10T22:02:58.117+0000] {dag.py:3490} INFO - Setting next_dagrun for example_subdag_operator.section-1 to None, run_after=None
[2023-05-10T22:02:58.123+0000] {logging_mixin.py:149} INFO - [2023-05-10T22:02:58.122+0000] {dag.py:3490} INFO - Setting next_dagrun for example_subdag_operator.section-2 to None, run_after=None
[2023-05-10T22:02:58.167+0000] {logging_mixin.py:149} INFO - [2023-05-10T22:02:58.166+0000] {dag.py:2726} INFO - Sync 2 DAGs
[2023-05-10T22:02:58.212+0000] {logging_mixin.py:149} INFO - [2023-05-10T22:02:58.212+0000] {dag.py:3490} INFO - Setting next_dagrun for example_subdag_operator.section-1 to None, run_after=None
[2023-05-10T22:02:58.223+0000] {logging_mixin.py:149} INFO - [2023-05-10T22:02:58.223+0000] {dag.py:3490} INFO - Setting next_dagrun for example_subdag_operator.section-2 to None, run_after=None
[2023-05-10T22:02:58.530+0000] {processor.py:178} INFO - Processing /home/airflow/.local/lib/python3.7/site-packages/airflow/example_dags/example_subdag_operator.py took 0.808 seconds
[2023-05-10T22:03:28.837+0000] {processor.py:156} INFO - Started process (PID=1045) to work on /home/airflow/.local/lib/python3.7/site-packages/airflow/example_dags/example_subdag_operator.py
[2023-05-10T22:03:28.846+0000] {processor.py:799} INFO - Processing file /home/airflow/.local/lib/python3.7/site-packages/airflow/example_dags/example_subdag_operator.py for tasks to queue
[2023-05-10T22:03:28.857+0000] {logging_mixin.py:149} INFO - [2023-05-10T22:03:28.857+0000] {dagbag.py:541} INFO - Filling up the DagBag from /home/airflow/.local/lib/python3.7/site-packages/airflow/example_dags/example_subdag_operator.py
[2023-05-10T22:03:28.989+0000] {processor.py:809} INFO - DAG(s) dict_keys(['example_subdag_operator.section-1', 'example_subdag_operator.section-2', 'example_subdag_operator']) retrieved from /home/airflow/.local/lib/python3.7/site-packages/airflow/example_dags/example_subdag_operator.py
[2023-05-10T22:03:29.138+0000] {logging_mixin.py:149} INFO - [2023-05-10T22:03:29.138+0000] {dag.py:2726} INFO - Sync 3 DAGs
[2023-05-10T22:03:29.296+0000] {logging_mixin.py:149} INFO - [2023-05-10T22:03:29.295+0000] {dag.py:3490} INFO - Setting next_dagrun for example_subdag_operator to 2022-01-01T00:00:00+00:00, run_after=2022-01-01T00:00:00+00:00
[2023-05-10T22:03:29.324+0000] {logging_mixin.py:149} INFO - [2023-05-10T22:03:29.323+0000] {dag.py:3490} INFO - Setting next_dagrun for example_subdag_operator.section-1 to None, run_after=None
[2023-05-10T22:03:29.340+0000] {logging_mixin.py:149} INFO - [2023-05-10T22:03:29.337+0000] {dag.py:3490} INFO - Setting next_dagrun for example_subdag_operator.section-2 to None, run_after=None
[2023-05-10T22:03:29.372+0000] {logging_mixin.py:149} INFO - [2023-05-10T22:03:29.372+0000] {dag.py:2726} INFO - Sync 2 DAGs
[2023-05-10T22:03:29.405+0000] {logging_mixin.py:149} INFO - [2023-05-10T22:03:29.405+0000] {dag.py:3490} INFO - Setting next_dagrun for example_subdag_operator.section-1 to None, run_after=None
[2023-05-10T22:03:29.407+0000] {logging_mixin.py:149} INFO - [2023-05-10T22:03:29.407+0000] {dag.py:3490} INFO - Setting next_dagrun for example_subdag_operator.section-2 to None, run_after=None
[2023-05-10T22:03:29.544+0000] {processor.py:178} INFO - Processing /home/airflow/.local/lib/python3.7/site-packages/airflow/example_dags/example_subdag_operator.py took 0.723 seconds
[2023-05-10T22:04:01.717+0000] {processor.py:156} INFO - Started process (PID=1100) to work on /home/airflow/.local/lib/python3.7/site-packages/airflow/example_dags/example_subdag_operator.py
[2023-05-10T22:04:01.724+0000] {processor.py:799} INFO - Processing file /home/airflow/.local/lib/python3.7/site-packages/airflow/example_dags/example_subdag_operator.py for tasks to queue
[2023-05-10T22:04:01.727+0000] {logging_mixin.py:149} INFO - [2023-05-10T22:04:01.726+0000] {dagbag.py:541} INFO - Filling up the DagBag from /home/airflow/.local/lib/python3.7/site-packages/airflow/example_dags/example_subdag_operator.py
[2023-05-10T22:04:01.862+0000] {processor.py:809} INFO - DAG(s) dict_keys(['example_subdag_operator.section-1', 'example_subdag_operator.section-2', 'example_subdag_operator']) retrieved from /home/airflow/.local/lib/python3.7/site-packages/airflow/example_dags/example_subdag_operator.py
[2023-05-10T22:04:02.017+0000] {logging_mixin.py:149} INFO - [2023-05-10T22:04:02.016+0000] {dag.py:2726} INFO - Sync 3 DAGs
[2023-05-10T22:04:02.240+0000] {logging_mixin.py:149} INFO - [2023-05-10T22:04:02.239+0000] {dag.py:3490} INFO - Setting next_dagrun for example_subdag_operator to 2022-01-01T00:00:00+00:00, run_after=2022-01-01T00:00:00+00:00
[2023-05-10T22:04:02.283+0000] {logging_mixin.py:149} INFO - [2023-05-10T22:04:02.283+0000] {dag.py:3490} INFO - Setting next_dagrun for example_subdag_operator.section-1 to None, run_after=None
[2023-05-10T22:04:02.289+0000] {logging_mixin.py:149} INFO - [2023-05-10T22:04:02.289+0000] {dag.py:3490} INFO - Setting next_dagrun for example_subdag_operator.section-2 to None, run_after=None
[2023-05-10T22:04:02.344+0000] {logging_mixin.py:149} INFO - [2023-05-10T22:04:02.343+0000] {dag.py:2726} INFO - Sync 2 DAGs
[2023-05-10T22:04:02.385+0000] {logging_mixin.py:149} INFO - [2023-05-10T22:04:02.384+0000] {dag.py:3490} INFO - Setting next_dagrun for example_subdag_operator.section-1 to None, run_after=None
[2023-05-10T22:04:02.387+0000] {logging_mixin.py:149} INFO - [2023-05-10T22:04:02.386+0000] {dag.py:3490} INFO - Setting next_dagrun for example_subdag_operator.section-2 to None, run_after=None
[2023-05-10T22:04:02.569+0000] {processor.py:178} INFO - Processing /home/airflow/.local/lib/python3.7/site-packages/airflow/example_dags/example_subdag_operator.py took 0.866 seconds
[2023-05-10T22:04:38.103+0000] {processor.py:156} INFO - Started process (PID=1156) to work on /home/airflow/.local/lib/python3.7/site-packages/airflow/example_dags/example_subdag_operator.py
[2023-05-10T22:04:38.123+0000] {processor.py:799} INFO - Processing file /home/airflow/.local/lib/python3.7/site-packages/airflow/example_dags/example_subdag_operator.py for tasks to queue
[2023-05-10T22:04:38.142+0000] {logging_mixin.py:149} INFO - [2023-05-10T22:04:38.141+0000] {dagbag.py:541} INFO - Filling up the DagBag from /home/airflow/.local/lib/python3.7/site-packages/airflow/example_dags/example_subdag_operator.py
[2023-05-10T22:04:38.536+0000] {processor.py:809} INFO - DAG(s) dict_keys(['example_subdag_operator.section-1', 'example_subdag_operator.section-2', 'example_subdag_operator']) retrieved from /home/airflow/.local/lib/python3.7/site-packages/airflow/example_dags/example_subdag_operator.py
[2023-05-10T22:04:38.707+0000] {logging_mixin.py:149} INFO - [2023-05-10T22:04:38.703+0000] {dag.py:2726} INFO - Sync 3 DAGs
[2023-05-10T22:04:38.916+0000] {logging_mixin.py:149} INFO - [2023-05-10T22:04:38.916+0000] {dag.py:3490} INFO - Setting next_dagrun for example_subdag_operator to 2022-01-01T00:00:00+00:00, run_after=2022-01-01T00:00:00+00:00
[2023-05-10T22:04:38.940+0000] {logging_mixin.py:149} INFO - [2023-05-10T22:04:38.939+0000] {dag.py:3490} INFO - Setting next_dagrun for example_subdag_operator.section-1 to None, run_after=None
[2023-05-10T22:04:38.955+0000] {logging_mixin.py:149} INFO - [2023-05-10T22:04:38.954+0000] {dag.py:3490} INFO - Setting next_dagrun for example_subdag_operator.section-2 to None, run_after=None
[2023-05-10T22:04:38.988+0000] {logging_mixin.py:149} INFO - [2023-05-10T22:04:38.988+0000] {dag.py:2726} INFO - Sync 2 DAGs
[2023-05-10T22:04:39.014+0000] {logging_mixin.py:149} INFO - [2023-05-10T22:04:39.013+0000] {dag.py:3490} INFO - Setting next_dagrun for example_subdag_operator.section-1 to None, run_after=None
[2023-05-10T22:04:39.015+0000] {logging_mixin.py:149} INFO - [2023-05-10T22:04:39.015+0000] {dag.py:3490} INFO - Setting next_dagrun for example_subdag_operator.section-2 to None, run_after=None
[2023-05-10T22:04:39.148+0000] {processor.py:178} INFO - Processing /home/airflow/.local/lib/python3.7/site-packages/airflow/example_dags/example_subdag_operator.py took 1.081 seconds
[2023-05-10T22:05:09.312+0000] {processor.py:156} INFO - Started process (PID=1212) to work on /home/airflow/.local/lib/python3.7/site-packages/airflow/example_dags/example_subdag_operator.py
[2023-05-10T22:05:09.316+0000] {processor.py:799} INFO - Processing file /home/airflow/.local/lib/python3.7/site-packages/airflow/example_dags/example_subdag_operator.py for tasks to queue
[2023-05-10T22:05:09.318+0000] {logging_mixin.py:149} INFO - [2023-05-10T22:05:09.318+0000] {dagbag.py:541} INFO - Filling up the DagBag from /home/airflow/.local/lib/python3.7/site-packages/airflow/example_dags/example_subdag_operator.py
[2023-05-10T22:05:09.470+0000] {processor.py:809} INFO - DAG(s) dict_keys(['example_subdag_operator.section-1', 'example_subdag_operator.section-2', 'example_subdag_operator']) retrieved from /home/airflow/.local/lib/python3.7/site-packages/airflow/example_dags/example_subdag_operator.py
[2023-05-10T22:05:09.614+0000] {logging_mixin.py:149} INFO - [2023-05-10T22:05:09.613+0000] {dag.py:2726} INFO - Sync 3 DAGs
[2023-05-10T22:05:09.849+0000] {logging_mixin.py:149} INFO - [2023-05-10T22:05:09.849+0000] {dag.py:3490} INFO - Setting next_dagrun for example_subdag_operator to 2022-01-01T00:00:00+00:00, run_after=2022-01-01T00:00:00+00:00
[2023-05-10T22:05:09.883+0000] {logging_mixin.py:149} INFO - [2023-05-10T22:05:09.882+0000] {dag.py:3490} INFO - Setting next_dagrun for example_subdag_operator.section-1 to None, run_after=None
[2023-05-10T22:05:09.901+0000] {logging_mixin.py:149} INFO - [2023-05-10T22:05:09.900+0000] {dag.py:3490} INFO - Setting next_dagrun for example_subdag_operator.section-2 to None, run_after=None
[2023-05-10T22:05:09.978+0000] {logging_mixin.py:149} INFO - [2023-05-10T22:05:09.977+0000] {dag.py:2726} INFO - Sync 2 DAGs
[2023-05-10T22:05:10.017+0000] {logging_mixin.py:149} INFO - [2023-05-10T22:05:10.017+0000] {dag.py:3490} INFO - Setting next_dagrun for example_subdag_operator.section-1 to None, run_after=None
[2023-05-10T22:05:10.020+0000] {logging_mixin.py:149} INFO - [2023-05-10T22:05:10.020+0000] {dag.py:3490} INFO - Setting next_dagrun for example_subdag_operator.section-2 to None, run_after=None
[2023-05-10T22:05:10.168+0000] {processor.py:178} INFO - Processing /home/airflow/.local/lib/python3.7/site-packages/airflow/example_dags/example_subdag_operator.py took 0.874 seconds
[2023-05-10T22:05:41.926+0000] {processor.py:156} INFO - Started process (PID=1269) to work on /home/airflow/.local/lib/python3.7/site-packages/airflow/example_dags/example_subdag_operator.py
[2023-05-10T22:05:41.931+0000] {processor.py:799} INFO - Processing file /home/airflow/.local/lib/python3.7/site-packages/airflow/example_dags/example_subdag_operator.py for tasks to queue
[2023-05-10T22:05:41.934+0000] {logging_mixin.py:149} INFO - [2023-05-10T22:05:41.934+0000] {dagbag.py:541} INFO - Filling up the DagBag from /home/airflow/.local/lib/python3.7/site-packages/airflow/example_dags/example_subdag_operator.py
[2023-05-10T22:05:42.083+0000] {processor.py:809} INFO - DAG(s) dict_keys(['example_subdag_operator.section-1', 'example_subdag_operator.section-2', 'example_subdag_operator']) retrieved from /home/airflow/.local/lib/python3.7/site-packages/airflow/example_dags/example_subdag_operator.py
[2023-05-10T22:05:42.214+0000] {logging_mixin.py:149} INFO - [2023-05-10T22:05:42.213+0000] {dag.py:2726} INFO - Sync 3 DAGs
[2023-05-10T22:05:42.396+0000] {logging_mixin.py:149} INFO - [2023-05-10T22:05:42.396+0000] {dag.py:3490} INFO - Setting next_dagrun for example_subdag_operator to 2022-01-01T00:00:00+00:00, run_after=2022-01-01T00:00:00+00:00
[2023-05-10T22:05:42.421+0000] {logging_mixin.py:149} INFO - [2023-05-10T22:05:42.420+0000] {dag.py:3490} INFO - Setting next_dagrun for example_subdag_operator.section-1 to None, run_after=None
[2023-05-10T22:05:42.445+0000] {logging_mixin.py:149} INFO - [2023-05-10T22:05:42.444+0000] {dag.py:3490} INFO - Setting next_dagrun for example_subdag_operator.section-2 to None, run_after=None
[2023-05-10T22:05:42.537+0000] {logging_mixin.py:149} INFO - [2023-05-10T22:05:42.536+0000] {dag.py:2726} INFO - Sync 2 DAGs
[2023-05-10T22:05:42.575+0000] {logging_mixin.py:149} INFO - [2023-05-10T22:05:42.575+0000] {dag.py:3490} INFO - Setting next_dagrun for example_subdag_operator.section-1 to None, run_after=None
[2023-05-10T22:05:42.591+0000] {logging_mixin.py:149} INFO - [2023-05-10T22:05:42.590+0000] {dag.py:3490} INFO - Setting next_dagrun for example_subdag_operator.section-2 to None, run_after=None
[2023-05-10T22:05:42.737+0000] {processor.py:178} INFO - Processing /home/airflow/.local/lib/python3.7/site-packages/airflow/example_dags/example_subdag_operator.py took 0.829 seconds
[2023-05-10T22:06:12.940+0000] {processor.py:156} INFO - Started process (PID=1318) to work on /home/airflow/.local/lib/python3.7/site-packages/airflow/example_dags/example_subdag_operator.py
[2023-05-10T22:06:12.944+0000] {processor.py:799} INFO - Processing file /home/airflow/.local/lib/python3.7/site-packages/airflow/example_dags/example_subdag_operator.py for tasks to queue
[2023-05-10T22:06:12.956+0000] {logging_mixin.py:149} INFO - [2023-05-10T22:06:12.956+0000] {dagbag.py:541} INFO - Filling up the DagBag from /home/airflow/.local/lib/python3.7/site-packages/airflow/example_dags/example_subdag_operator.py
[2023-05-10T22:06:13.105+0000] {processor.py:809} INFO - DAG(s) dict_keys(['example_subdag_operator.section-1', 'example_subdag_operator.section-2', 'example_subdag_operator']) retrieved from /home/airflow/.local/lib/python3.7/site-packages/airflow/example_dags/example_subdag_operator.py
[2023-05-10T22:06:13.254+0000] {logging_mixin.py:149} INFO - [2023-05-10T22:06:13.253+0000] {dag.py:2726} INFO - Sync 3 DAGs
[2023-05-10T22:06:13.463+0000] {logging_mixin.py:149} INFO - [2023-05-10T22:06:13.453+0000] {dag.py:3490} INFO - Setting next_dagrun for example_subdag_operator to 2022-01-01T00:00:00+00:00, run_after=2022-01-01T00:00:00+00:00
[2023-05-10T22:06:13.503+0000] {logging_mixin.py:149} INFO - [2023-05-10T22:06:13.503+0000] {dag.py:3490} INFO - Setting next_dagrun for example_subdag_operator.section-1 to None, run_after=None
[2023-05-10T22:06:13.536+0000] {logging_mixin.py:149} INFO - [2023-05-10T22:06:13.536+0000] {dag.py:3490} INFO - Setting next_dagrun for example_subdag_operator.section-2 to None, run_after=None
[2023-05-10T22:06:13.600+0000] {logging_mixin.py:149} INFO - [2023-05-10T22:06:13.600+0000] {dag.py:2726} INFO - Sync 2 DAGs
[2023-05-10T22:06:13.648+0000] {logging_mixin.py:149} INFO - [2023-05-10T22:06:13.648+0000] {dag.py:3490} INFO - Setting next_dagrun for example_subdag_operator.section-1 to None, run_after=None
[2023-05-10T22:06:13.651+0000] {logging_mixin.py:149} INFO - [2023-05-10T22:06:13.650+0000] {dag.py:3490} INFO - Setting next_dagrun for example_subdag_operator.section-2 to None, run_after=None
[2023-05-10T22:06:13.794+0000] {processor.py:178} INFO - Processing /home/airflow/.local/lib/python3.7/site-packages/airflow/example_dags/example_subdag_operator.py took 0.872 seconds
[2023-05-10T22:06:44.883+0000] {processor.py:156} INFO - Started process (PID=1368) to work on /home/airflow/.local/lib/python3.7/site-packages/airflow/example_dags/example_subdag_operator.py
[2023-05-10T22:06:44.885+0000] {processor.py:799} INFO - Processing file /home/airflow/.local/lib/python3.7/site-packages/airflow/example_dags/example_subdag_operator.py for tasks to queue
[2023-05-10T22:06:44.897+0000] {logging_mixin.py:149} INFO - [2023-05-10T22:06:44.896+0000] {dagbag.py:541} INFO - Filling up the DagBag from /home/airflow/.local/lib/python3.7/site-packages/airflow/example_dags/example_subdag_operator.py
[2023-05-10T22:06:45.038+0000] {processor.py:809} INFO - DAG(s) dict_keys(['example_subdag_operator.section-1', 'example_subdag_operator.section-2', 'example_subdag_operator']) retrieved from /home/airflow/.local/lib/python3.7/site-packages/airflow/example_dags/example_subdag_operator.py
[2023-05-10T22:06:45.203+0000] {logging_mixin.py:149} INFO - [2023-05-10T22:06:45.203+0000] {dag.py:2726} INFO - Sync 3 DAGs
[2023-05-10T22:06:45.396+0000] {logging_mixin.py:149} INFO - [2023-05-10T22:06:45.396+0000] {dag.py:3490} INFO - Setting next_dagrun for example_subdag_operator to 2022-01-01T00:00:00+00:00, run_after=2022-01-01T00:00:00+00:00
[2023-05-10T22:06:45.416+0000] {logging_mixin.py:149} INFO - [2023-05-10T22:06:45.416+0000] {dag.py:3490} INFO - Setting next_dagrun for example_subdag_operator.section-1 to None, run_after=None
[2023-05-10T22:06:45.429+0000] {logging_mixin.py:149} INFO - [2023-05-10T22:06:45.429+0000] {dag.py:3490} INFO - Setting next_dagrun for example_subdag_operator.section-2 to None, run_after=None
[2023-05-10T22:06:45.471+0000] {logging_mixin.py:149} INFO - [2023-05-10T22:06:45.471+0000] {dag.py:2726} INFO - Sync 2 DAGs
[2023-05-10T22:06:45.530+0000] {logging_mixin.py:149} INFO - [2023-05-10T22:06:45.529+0000] {dag.py:3490} INFO - Setting next_dagrun for example_subdag_operator.section-1 to None, run_after=None
[2023-05-10T22:06:45.531+0000] {logging_mixin.py:149} INFO - [2023-05-10T22:06:45.531+0000] {dag.py:3490} INFO - Setting next_dagrun for example_subdag_operator.section-2 to None, run_after=None
[2023-05-10T22:06:45.661+0000] {processor.py:178} INFO - Processing /home/airflow/.local/lib/python3.7/site-packages/airflow/example_dags/example_subdag_operator.py took 0.791 seconds
[2023-05-10T22:07:17.384+0000] {processor.py:156} INFO - Started process (PID=1424) to work on /home/airflow/.local/lib/python3.7/site-packages/airflow/example_dags/example_subdag_operator.py
[2023-05-10T22:07:17.395+0000] {processor.py:799} INFO - Processing file /home/airflow/.local/lib/python3.7/site-packages/airflow/example_dags/example_subdag_operator.py for tasks to queue
[2023-05-10T22:07:17.424+0000] {logging_mixin.py:149} INFO - [2023-05-10T22:07:17.424+0000] {dagbag.py:541} INFO - Filling up the DagBag from /home/airflow/.local/lib/python3.7/site-packages/airflow/example_dags/example_subdag_operator.py
[2023-05-10T22:07:17.647+0000] {processor.py:809} INFO - DAG(s) dict_keys(['example_subdag_operator.section-1', 'example_subdag_operator.section-2', 'example_subdag_operator']) retrieved from /home/airflow/.local/lib/python3.7/site-packages/airflow/example_dags/example_subdag_operator.py
[2023-05-10T22:07:17.824+0000] {logging_mixin.py:149} INFO - [2023-05-10T22:07:17.824+0000] {dag.py:2726} INFO - Sync 3 DAGs
[2023-05-10T22:07:18.010+0000] {logging_mixin.py:149} INFO - [2023-05-10T22:07:18.010+0000] {dag.py:3490} INFO - Setting next_dagrun for example_subdag_operator to 2022-01-01T00:00:00+00:00, run_after=2022-01-01T00:00:00+00:00
[2023-05-10T22:07:18.031+0000] {logging_mixin.py:149} INFO - [2023-05-10T22:07:18.031+0000] {dag.py:3490} INFO - Setting next_dagrun for example_subdag_operator.section-1 to None, run_after=None
[2023-05-10T22:07:18.036+0000] {logging_mixin.py:149} INFO - [2023-05-10T22:07:18.035+0000] {dag.py:3490} INFO - Setting next_dagrun for example_subdag_operator.section-2 to None, run_after=None
[2023-05-10T22:07:18.093+0000] {logging_mixin.py:149} INFO - [2023-05-10T22:07:18.093+0000] {dag.py:2726} INFO - Sync 2 DAGs
[2023-05-10T22:07:18.144+0000] {logging_mixin.py:149} INFO - [2023-05-10T22:07:18.143+0000] {dag.py:3490} INFO - Setting next_dagrun for example_subdag_operator.section-1 to None, run_after=None
[2023-05-10T22:07:18.161+0000] {logging_mixin.py:149} INFO - [2023-05-10T22:07:18.157+0000] {dag.py:3490} INFO - Setting next_dagrun for example_subdag_operator.section-2 to None, run_after=None
[2023-05-10T22:07:18.331+0000] {processor.py:178} INFO - Processing /home/airflow/.local/lib/python3.7/site-packages/airflow/example_dags/example_subdag_operator.py took 0.968 seconds
[2023-05-10T22:07:48.800+0000] {processor.py:156} INFO - Started process (PID=1479) to work on /home/airflow/.local/lib/python3.7/site-packages/airflow/example_dags/example_subdag_operator.py
[2023-05-10T22:07:48.805+0000] {processor.py:799} INFO - Processing file /home/airflow/.local/lib/python3.7/site-packages/airflow/example_dags/example_subdag_operator.py for tasks to queue
[2023-05-10T22:07:48.810+0000] {logging_mixin.py:149} INFO - [2023-05-10T22:07:48.810+0000] {dagbag.py:541} INFO - Filling up the DagBag from /home/airflow/.local/lib/python3.7/site-packages/airflow/example_dags/example_subdag_operator.py
[2023-05-10T22:07:48.909+0000] {processor.py:809} INFO - DAG(s) dict_keys(['example_subdag_operator.section-1', 'example_subdag_operator.section-2', 'example_subdag_operator']) retrieved from /home/airflow/.local/lib/python3.7/site-packages/airflow/example_dags/example_subdag_operator.py
[2023-05-10T22:07:49.019+0000] {logging_mixin.py:149} INFO - [2023-05-10T22:07:49.019+0000] {dag.py:2726} INFO - Sync 3 DAGs
[2023-05-10T22:07:49.153+0000] {logging_mixin.py:149} INFO - [2023-05-10T22:07:49.153+0000] {dag.py:3490} INFO - Setting next_dagrun for example_subdag_operator to 2022-01-01T00:00:00+00:00, run_after=2022-01-01T00:00:00+00:00
[2023-05-10T22:07:49.169+0000] {logging_mixin.py:149} INFO - [2023-05-10T22:07:49.168+0000] {dag.py:3490} INFO - Setting next_dagrun for example_subdag_operator.section-1 to None, run_after=None
[2023-05-10T22:07:49.177+0000] {logging_mixin.py:149} INFO - [2023-05-10T22:07:49.177+0000] {dag.py:3490} INFO - Setting next_dagrun for example_subdag_operator.section-2 to None, run_after=None
[2023-05-10T22:07:49.232+0000] {logging_mixin.py:149} INFO - [2023-05-10T22:07:49.231+0000] {dag.py:2726} INFO - Sync 2 DAGs
[2023-05-10T22:07:49.272+0000] {logging_mixin.py:149} INFO - [2023-05-10T22:07:49.272+0000] {dag.py:3490} INFO - Setting next_dagrun for example_subdag_operator.section-1 to None, run_after=None
[2023-05-10T22:07:49.274+0000] {logging_mixin.py:149} INFO - [2023-05-10T22:07:49.273+0000] {dag.py:3490} INFO - Setting next_dagrun for example_subdag_operator.section-2 to None, run_after=None
[2023-05-10T22:07:49.364+0000] {processor.py:178} INFO - Processing /home/airflow/.local/lib/python3.7/site-packages/airflow/example_dags/example_subdag_operator.py took 0.572 seconds
[2023-05-10T22:08:19.664+0000] {processor.py:156} INFO - Started process (PID=1535) to work on /home/airflow/.local/lib/python3.7/site-packages/airflow/example_dags/example_subdag_operator.py
[2023-05-10T22:08:19.666+0000] {processor.py:799} INFO - Processing file /home/airflow/.local/lib/python3.7/site-packages/airflow/example_dags/example_subdag_operator.py for tasks to queue
[2023-05-10T22:08:19.669+0000] {logging_mixin.py:149} INFO - [2023-05-10T22:08:19.668+0000] {dagbag.py:541} INFO - Filling up the DagBag from /home/airflow/.local/lib/python3.7/site-packages/airflow/example_dags/example_subdag_operator.py
[2023-05-10T22:08:19.873+0000] {processor.py:809} INFO - DAG(s) dict_keys(['example_subdag_operator.section-1', 'example_subdag_operator.section-2', 'example_subdag_operator']) retrieved from /home/airflow/.local/lib/python3.7/site-packages/airflow/example_dags/example_subdag_operator.py
[2023-05-10T22:08:19.962+0000] {logging_mixin.py:149} INFO - [2023-05-10T22:08:19.961+0000] {dag.py:2726} INFO - Sync 3 DAGs
[2023-05-10T22:08:20.116+0000] {logging_mixin.py:149} INFO - [2023-05-10T22:08:20.116+0000] {dag.py:3490} INFO - Setting next_dagrun for example_subdag_operator to 2022-01-01T00:00:00+00:00, run_after=2022-01-01T00:00:00+00:00
[2023-05-10T22:08:20.150+0000] {logging_mixin.py:149} INFO - [2023-05-10T22:08:20.149+0000] {dag.py:3490} INFO - Setting next_dagrun for example_subdag_operator.section-1 to None, run_after=None
[2023-05-10T22:08:20.171+0000] {logging_mixin.py:149} INFO - [2023-05-10T22:08:20.171+0000] {dag.py:3490} INFO - Setting next_dagrun for example_subdag_operator.section-2 to None, run_after=None
[2023-05-10T22:08:20.232+0000] {logging_mixin.py:149} INFO - [2023-05-10T22:08:20.232+0000] {dag.py:2726} INFO - Sync 2 DAGs
[2023-05-10T22:08:20.271+0000] {logging_mixin.py:149} INFO - [2023-05-10T22:08:20.271+0000] {dag.py:3490} INFO - Setting next_dagrun for example_subdag_operator.section-1 to None, run_after=None
[2023-05-10T22:08:20.281+0000] {logging_mixin.py:149} INFO - [2023-05-10T22:08:20.275+0000] {dag.py:3490} INFO - Setting next_dagrun for example_subdag_operator.section-2 to None, run_after=None
[2023-05-10T22:08:20.397+0000] {processor.py:178} INFO - Processing /home/airflow/.local/lib/python3.7/site-packages/airflow/example_dags/example_subdag_operator.py took 0.754 seconds
[2023-05-10T22:08:51.013+0000] {processor.py:156} INFO - Started process (PID=1590) to work on /home/airflow/.local/lib/python3.7/site-packages/airflow/example_dags/example_subdag_operator.py
[2023-05-10T22:08:51.029+0000] {processor.py:799} INFO - Processing file /home/airflow/.local/lib/python3.7/site-packages/airflow/example_dags/example_subdag_operator.py for tasks to queue
[2023-05-10T22:08:51.044+0000] {logging_mixin.py:149} INFO - [2023-05-10T22:08:51.043+0000] {dagbag.py:541} INFO - Filling up the DagBag from /home/airflow/.local/lib/python3.7/site-packages/airflow/example_dags/example_subdag_operator.py
[2023-05-10T22:08:51.260+0000] {processor.py:809} INFO - DAG(s) dict_keys(['example_subdag_operator.section-1', 'example_subdag_operator.section-2', 'example_subdag_operator']) retrieved from /home/airflow/.local/lib/python3.7/site-packages/airflow/example_dags/example_subdag_operator.py
[2023-05-10T22:08:51.497+0000] {logging_mixin.py:149} INFO - [2023-05-10T22:08:51.495+0000] {dag.py:2726} INFO - Sync 3 DAGs
[2023-05-10T22:08:51.705+0000] {logging_mixin.py:149} INFO - [2023-05-10T22:08:51.704+0000] {dag.py:3490} INFO - Setting next_dagrun for example_subdag_operator to 2022-01-01T00:00:00+00:00, run_after=2022-01-01T00:00:00+00:00
[2023-05-10T22:08:51.778+0000] {logging_mixin.py:149} INFO - [2023-05-10T22:08:51.778+0000] {dag.py:3490} INFO - Setting next_dagrun for example_subdag_operator.section-1 to None, run_after=None
[2023-05-10T22:08:51.798+0000] {logging_mixin.py:149} INFO - [2023-05-10T22:08:51.798+0000] {dag.py:3490} INFO - Setting next_dagrun for example_subdag_operator.section-2 to None, run_after=None
[2023-05-10T22:08:51.841+0000] {logging_mixin.py:149} INFO - [2023-05-10T22:08:51.840+0000] {dag.py:2726} INFO - Sync 2 DAGs
[2023-05-10T22:08:51.870+0000] {logging_mixin.py:149} INFO - [2023-05-10T22:08:51.869+0000] {dag.py:3490} INFO - Setting next_dagrun for example_subdag_operator.section-1 to None, run_after=None
[2023-05-10T22:08:51.878+0000] {logging_mixin.py:149} INFO - [2023-05-10T22:08:51.877+0000] {dag.py:3490} INFO - Setting next_dagrun for example_subdag_operator.section-2 to None, run_after=None
[2023-05-10T22:08:52.017+0000] {processor.py:178} INFO - Processing /home/airflow/.local/lib/python3.7/site-packages/airflow/example_dags/example_subdag_operator.py took 1.022 seconds
[2023-05-10T22:09:22.888+0000] {processor.py:156} INFO - Started process (PID=1639) to work on /home/airflow/.local/lib/python3.7/site-packages/airflow/example_dags/example_subdag_operator.py
[2023-05-10T22:09:22.917+0000] {processor.py:799} INFO - Processing file /home/airflow/.local/lib/python3.7/site-packages/airflow/example_dags/example_subdag_operator.py for tasks to queue
[2023-05-10T22:09:22.924+0000] {logging_mixin.py:149} INFO - [2023-05-10T22:09:22.924+0000] {dagbag.py:541} INFO - Filling up the DagBag from /home/airflow/.local/lib/python3.7/site-packages/airflow/example_dags/example_subdag_operator.py
[2023-05-10T22:09:23.284+0000] {processor.py:809} INFO - DAG(s) dict_keys(['example_subdag_operator.section-1', 'example_subdag_operator.section-2', 'example_subdag_operator']) retrieved from /home/airflow/.local/lib/python3.7/site-packages/airflow/example_dags/example_subdag_operator.py
[2023-05-10T22:09:23.720+0000] {logging_mixin.py:149} INFO - [2023-05-10T22:09:23.707+0000] {dag.py:2726} INFO - Sync 3 DAGs
[2023-05-10T22:09:23.990+0000] {logging_mixin.py:149} INFO - [2023-05-10T22:09:23.989+0000] {dag.py:3490} INFO - Setting next_dagrun for example_subdag_operator to 2022-01-01T00:00:00+00:00, run_after=2022-01-01T00:00:00+00:00
[2023-05-10T22:09:24.092+0000] {logging_mixin.py:149} INFO - [2023-05-10T22:09:24.063+0000] {dag.py:3490} INFO - Setting next_dagrun for example_subdag_operator.section-1 to None, run_after=None
[2023-05-10T22:09:24.112+0000] {logging_mixin.py:149} INFO - [2023-05-10T22:09:24.111+0000] {dag.py:3490} INFO - Setting next_dagrun for example_subdag_operator.section-2 to None, run_after=None
[2023-05-10T22:09:24.202+0000] {logging_mixin.py:149} INFO - [2023-05-10T22:09:24.201+0000] {dag.py:2726} INFO - Sync 2 DAGs
[2023-05-10T22:09:24.305+0000] {logging_mixin.py:149} INFO - [2023-05-10T22:09:24.305+0000] {dag.py:3490} INFO - Setting next_dagrun for example_subdag_operator.section-1 to None, run_after=None
[2023-05-10T22:09:24.328+0000] {logging_mixin.py:149} INFO - [2023-05-10T22:09:24.327+0000] {dag.py:3490} INFO - Setting next_dagrun for example_subdag_operator.section-2 to None, run_after=None
[2023-05-10T22:09:24.704+0000] {processor.py:178} INFO - Processing /home/airflow/.local/lib/python3.7/site-packages/airflow/example_dags/example_subdag_operator.py took 1.854 seconds
[2023-05-10T22:09:55.896+0000] {processor.py:156} INFO - Started process (PID=1696) to work on /home/airflow/.local/lib/python3.7/site-packages/airflow/example_dags/example_subdag_operator.py
[2023-05-10T22:09:55.902+0000] {processor.py:799} INFO - Processing file /home/airflow/.local/lib/python3.7/site-packages/airflow/example_dags/example_subdag_operator.py for tasks to queue
[2023-05-10T22:09:55.910+0000] {logging_mixin.py:149} INFO - [2023-05-10T22:09:55.910+0000] {dagbag.py:541} INFO - Filling up the DagBag from /home/airflow/.local/lib/python3.7/site-packages/airflow/example_dags/example_subdag_operator.py
[2023-05-10T22:09:56.080+0000] {processor.py:809} INFO - DAG(s) dict_keys(['example_subdag_operator.section-1', 'example_subdag_operator.section-2', 'example_subdag_operator']) retrieved from /home/airflow/.local/lib/python3.7/site-packages/airflow/example_dags/example_subdag_operator.py
[2023-05-10T22:09:56.225+0000] {logging_mixin.py:149} INFO - [2023-05-10T22:09:56.224+0000] {dag.py:2726} INFO - Sync 3 DAGs
[2023-05-10T22:09:56.385+0000] {logging_mixin.py:149} INFO - [2023-05-10T22:09:56.385+0000] {dag.py:3490} INFO - Setting next_dagrun for example_subdag_operator to 2022-01-01T00:00:00+00:00, run_after=2022-01-01T00:00:00+00:00
[2023-05-10T22:09:56.407+0000] {logging_mixin.py:149} INFO - [2023-05-10T22:09:56.406+0000] {dag.py:3490} INFO - Setting next_dagrun for example_subdag_operator.section-1 to None, run_after=None
[2023-05-10T22:09:56.422+0000] {logging_mixin.py:149} INFO - [2023-05-10T22:09:56.422+0000] {dag.py:3490} INFO - Setting next_dagrun for example_subdag_operator.section-2 to None, run_after=None
[2023-05-10T22:09:56.469+0000] {logging_mixin.py:149} INFO - [2023-05-10T22:09:56.469+0000] {dag.py:2726} INFO - Sync 2 DAGs
[2023-05-10T22:09:56.522+0000] {logging_mixin.py:149} INFO - [2023-05-10T22:09:56.520+0000] {dag.py:3490} INFO - Setting next_dagrun for example_subdag_operator.section-1 to None, run_after=None
[2023-05-10T22:09:56.528+0000] {logging_mixin.py:149} INFO - [2023-05-10T22:09:56.526+0000] {dag.py:3490} INFO - Setting next_dagrun for example_subdag_operator.section-2 to None, run_after=None
[2023-05-10T22:09:56.663+0000] {processor.py:178} INFO - Processing /home/airflow/.local/lib/python3.7/site-packages/airflow/example_dags/example_subdag_operator.py took 0.789 seconds
