[2023-05-10T21:52:29.239+0000] {processor.py:156} INFO - Started process (PID=61) to work on /home/airflow/.local/lib/python3.7/site-packages/airflow/example_dags/example_nested_branch_dag.py
[2023-05-10T21:52:29.242+0000] {processor.py:799} INFO - Processing file /home/airflow/.local/lib/python3.7/site-packages/airflow/example_dags/example_nested_branch_dag.py for tasks to queue
[2023-05-10T21:52:29.248+0000] {logging_mixin.py:149} INFO - [2023-05-10T21:52:29.247+0000] {dagbag.py:541} INFO - Filling up the DagBag from /home/airflow/.local/lib/python3.7/site-packages/airflow/example_dags/example_nested_branch_dag.py
[2023-05-10T21:52:29.587+0000] {processor.py:809} INFO - DAG(s) dict_keys(['example_nested_branch_dag']) retrieved from /home/airflow/.local/lib/python3.7/site-packages/airflow/example_dags/example_nested_branch_dag.py
[2023-05-10T21:52:32.399+0000] {logging_mixin.py:149} INFO - [2023-05-10T21:52:32.398+0000] {manager.py:504} INFO - Created Permission View: can read on DAG:example_nested_branch_dag
[2023-05-10T21:52:32.720+0000] {logging_mixin.py:149} INFO - [2023-05-10T21:52:32.720+0000] {manager.py:504} INFO - Created Permission View: can delete on DAG:example_nested_branch_dag
[2023-05-10T21:52:33.042+0000] {logging_mixin.py:149} INFO - [2023-05-10T21:52:33.042+0000] {manager.py:504} INFO - Created Permission View: can edit on DAG:example_nested_branch_dag
[2023-05-10T21:52:33.045+0000] {logging_mixin.py:149} INFO - [2023-05-10T21:52:33.045+0000] {dag.py:2726} INFO - Sync 1 DAGs
[2023-05-10T21:52:33.113+0000] {logging_mixin.py:149} INFO - [2023-05-10T21:52:33.113+0000] {dag.py:2747} INFO - Creating ORM DAG for example_nested_branch_dag
[2023-05-10T21:52:33.181+0000] {logging_mixin.py:149} INFO - [2023-05-10T21:52:33.181+0000] {dag.py:3490} INFO - Setting next_dagrun for example_nested_branch_dag to 2023-05-09T00:00:00+00:00, run_after=2023-05-10T00:00:00+00:00
[2023-05-10T21:52:33.413+0000] {processor.py:178} INFO - Processing /home/airflow/.local/lib/python3.7/site-packages/airflow/example_dags/example_nested_branch_dag.py took 4.381 seconds
[2023-05-10T21:53:52.470+0000] {processor.py:156} INFO - Started process (PID=131) to work on /home/airflow/.local/lib/python3.7/site-packages/airflow/example_dags/example_nested_branch_dag.py
[2023-05-10T21:53:52.473+0000] {processor.py:799} INFO - Processing file /home/airflow/.local/lib/python3.7/site-packages/airflow/example_dags/example_nested_branch_dag.py for tasks to queue
[2023-05-10T21:53:52.478+0000] {logging_mixin.py:149} INFO - [2023-05-10T21:53:52.477+0000] {dagbag.py:541} INFO - Filling up the DagBag from /home/airflow/.local/lib/python3.7/site-packages/airflow/example_dags/example_nested_branch_dag.py
[2023-05-10T21:53:52.654+0000] {processor.py:809} INFO - DAG(s) dict_keys(['example_nested_branch_dag']) retrieved from /home/airflow/.local/lib/python3.7/site-packages/airflow/example_dags/example_nested_branch_dag.py
[2023-05-10T21:53:52.778+0000] {logging_mixin.py:149} INFO - [2023-05-10T21:53:52.778+0000] {dag.py:2726} INFO - Sync 1 DAGs
[2023-05-10T21:53:52.943+0000] {logging_mixin.py:149} INFO - [2023-05-10T21:53:52.943+0000] {dag.py:3490} INFO - Setting next_dagrun for example_nested_branch_dag to 2023-05-09T00:00:00+00:00, run_after=2023-05-10T00:00:00+00:00
[2023-05-10T21:53:53.357+0000] {processor.py:178} INFO - Processing /home/airflow/.local/lib/python3.7/site-packages/airflow/example_dags/example_nested_branch_dag.py took 0.895 seconds
[2023-05-10T21:54:32.327+0000] {processor.py:156} INFO - Started process (PID=183) to work on /home/airflow/.local/lib/python3.7/site-packages/airflow/example_dags/example_nested_branch_dag.py
[2023-05-10T21:54:32.334+0000] {processor.py:799} INFO - Processing file /home/airflow/.local/lib/python3.7/site-packages/airflow/example_dags/example_nested_branch_dag.py for tasks to queue
[2023-05-10T21:54:32.343+0000] {logging_mixin.py:149} INFO - [2023-05-10T21:54:32.343+0000] {dagbag.py:541} INFO - Filling up the DagBag from /home/airflow/.local/lib/python3.7/site-packages/airflow/example_dags/example_nested_branch_dag.py
[2023-05-10T21:54:32.440+0000] {processor.py:809} INFO - DAG(s) dict_keys(['example_nested_branch_dag']) retrieved from /home/airflow/.local/lib/python3.7/site-packages/airflow/example_dags/example_nested_branch_dag.py
[2023-05-10T21:54:32.740+0000] {logging_mixin.py:149} INFO - [2023-05-10T21:54:32.739+0000] {dag.py:2726} INFO - Sync 1 DAGs
[2023-05-10T21:54:33.020+0000] {logging_mixin.py:149} INFO - [2023-05-10T21:54:33.019+0000] {dag.py:3490} INFO - Setting next_dagrun for example_nested_branch_dag to 2023-05-09T00:00:00+00:00, run_after=2023-05-10T00:00:00+00:00
[2023-05-10T21:54:33.304+0000] {processor.py:178} INFO - Processing /home/airflow/.local/lib/python3.7/site-packages/airflow/example_dags/example_nested_branch_dag.py took 1.001 seconds
[2023-05-10T21:55:15.145+0000] {processor.py:156} INFO - Started process (PID=233) to work on /home/airflow/.local/lib/python3.7/site-packages/airflow/example_dags/example_nested_branch_dag.py
[2023-05-10T21:55:15.149+0000] {processor.py:799} INFO - Processing file /home/airflow/.local/lib/python3.7/site-packages/airflow/example_dags/example_nested_branch_dag.py for tasks to queue
[2023-05-10T21:55:15.167+0000] {logging_mixin.py:149} INFO - [2023-05-10T21:55:15.166+0000] {dagbag.py:541} INFO - Filling up the DagBag from /home/airflow/.local/lib/python3.7/site-packages/airflow/example_dags/example_nested_branch_dag.py
[2023-05-10T21:55:15.262+0000] {processor.py:809} INFO - DAG(s) dict_keys(['example_nested_branch_dag']) retrieved from /home/airflow/.local/lib/python3.7/site-packages/airflow/example_dags/example_nested_branch_dag.py
[2023-05-10T21:55:15.573+0000] {logging_mixin.py:149} INFO - [2023-05-10T21:55:15.572+0000] {dag.py:2726} INFO - Sync 1 DAGs
[2023-05-10T21:55:15.929+0000] {logging_mixin.py:149} INFO - [2023-05-10T21:55:15.928+0000] {dag.py:3490} INFO - Setting next_dagrun for example_nested_branch_dag to 2023-05-09T00:00:00+00:00, run_after=2023-05-10T00:00:00+00:00
[2023-05-10T21:55:16.613+0000] {processor.py:178} INFO - Processing /home/airflow/.local/lib/python3.7/site-packages/airflow/example_dags/example_nested_branch_dag.py took 1.484 seconds
[2023-05-10T21:55:49.509+0000] {processor.py:156} INFO - Started process (PID=285) to work on /home/airflow/.local/lib/python3.7/site-packages/airflow/example_dags/example_nested_branch_dag.py
[2023-05-10T21:55:49.511+0000] {processor.py:799} INFO - Processing file /home/airflow/.local/lib/python3.7/site-packages/airflow/example_dags/example_nested_branch_dag.py for tasks to queue
[2023-05-10T21:55:49.514+0000] {logging_mixin.py:149} INFO - [2023-05-10T21:55:49.514+0000] {dagbag.py:541} INFO - Filling up the DagBag from /home/airflow/.local/lib/python3.7/site-packages/airflow/example_dags/example_nested_branch_dag.py
[2023-05-10T21:55:49.601+0000] {processor.py:809} INFO - DAG(s) dict_keys(['example_nested_branch_dag']) retrieved from /home/airflow/.local/lib/python3.7/site-packages/airflow/example_dags/example_nested_branch_dag.py
[2023-05-10T21:55:49.837+0000] {logging_mixin.py:149} INFO - [2023-05-10T21:55:49.837+0000] {dag.py:2726} INFO - Sync 1 DAGs
[2023-05-10T21:55:50.040+0000] {logging_mixin.py:149} INFO - [2023-05-10T21:55:50.039+0000] {dag.py:3490} INFO - Setting next_dagrun for example_nested_branch_dag to 2023-05-09T00:00:00+00:00, run_after=2023-05-10T00:00:00+00:00
[2023-05-10T21:55:50.314+0000] {processor.py:178} INFO - Processing /home/airflow/.local/lib/python3.7/site-packages/airflow/example_dags/example_nested_branch_dag.py took 0.826 seconds
[2023-05-10T21:56:22.998+0000] {processor.py:156} INFO - Started process (PID=341) to work on /home/airflow/.local/lib/python3.7/site-packages/airflow/example_dags/example_nested_branch_dag.py
[2023-05-10T21:56:23.001+0000] {processor.py:799} INFO - Processing file /home/airflow/.local/lib/python3.7/site-packages/airflow/example_dags/example_nested_branch_dag.py for tasks to queue
[2023-05-10T21:56:23.004+0000] {logging_mixin.py:149} INFO - [2023-05-10T21:56:23.003+0000] {dagbag.py:541} INFO - Filling up the DagBag from /home/airflow/.local/lib/python3.7/site-packages/airflow/example_dags/example_nested_branch_dag.py
[2023-05-10T21:56:23.045+0000] {processor.py:809} INFO - DAG(s) dict_keys(['example_nested_branch_dag']) retrieved from /home/airflow/.local/lib/python3.7/site-packages/airflow/example_dags/example_nested_branch_dag.py
[2023-05-10T21:56:23.241+0000] {logging_mixin.py:149} INFO - [2023-05-10T21:56:23.240+0000] {dag.py:2726} INFO - Sync 1 DAGs
[2023-05-10T21:56:23.527+0000] {logging_mixin.py:149} INFO - [2023-05-10T21:56:23.516+0000] {dag.py:3490} INFO - Setting next_dagrun for example_nested_branch_dag to 2023-05-09T00:00:00+00:00, run_after=2023-05-10T00:00:00+00:00
[2023-05-10T21:56:23.926+0000] {processor.py:178} INFO - Processing /home/airflow/.local/lib/python3.7/site-packages/airflow/example_dags/example_nested_branch_dag.py took 0.942 seconds
[2023-05-10T21:57:06.039+0000] {processor.py:156} INFO - Started process (PID=403) to work on /home/airflow/.local/lib/python3.7/site-packages/airflow/example_dags/example_nested_branch_dag.py
[2023-05-10T21:57:06.042+0000] {processor.py:799} INFO - Processing file /home/airflow/.local/lib/python3.7/site-packages/airflow/example_dags/example_nested_branch_dag.py for tasks to queue
[2023-05-10T21:57:06.073+0000] {logging_mixin.py:149} INFO - [2023-05-10T21:57:06.044+0000] {dagbag.py:541} INFO - Filling up the DagBag from /home/airflow/.local/lib/python3.7/site-packages/airflow/example_dags/example_nested_branch_dag.py
[2023-05-10T21:57:06.253+0000] {processor.py:809} INFO - DAG(s) dict_keys(['example_nested_branch_dag']) retrieved from /home/airflow/.local/lib/python3.7/site-packages/airflow/example_dags/example_nested_branch_dag.py
[2023-05-10T21:57:06.561+0000] {logging_mixin.py:149} INFO - [2023-05-10T21:57:06.560+0000] {dag.py:2726} INFO - Sync 1 DAGs
[2023-05-10T21:57:06.840+0000] {logging_mixin.py:149} INFO - [2023-05-10T21:57:06.840+0000] {dag.py:3490} INFO - Setting next_dagrun for example_nested_branch_dag to 2023-05-09T00:00:00+00:00, run_after=2023-05-10T00:00:00+00:00
[2023-05-10T21:57:07.173+0000] {processor.py:178} INFO - Processing /home/airflow/.local/lib/python3.7/site-packages/airflow/example_dags/example_nested_branch_dag.py took 1.208 seconds
[2023-05-10T21:57:38.504+0000] {processor.py:156} INFO - Started process (PID=457) to work on /home/airflow/.local/lib/python3.7/site-packages/airflow/example_dags/example_nested_branch_dag.py
[2023-05-10T21:57:38.507+0000] {processor.py:799} INFO - Processing file /home/airflow/.local/lib/python3.7/site-packages/airflow/example_dags/example_nested_branch_dag.py for tasks to queue
[2023-05-10T21:57:38.509+0000] {logging_mixin.py:149} INFO - [2023-05-10T21:57:38.509+0000] {dagbag.py:541} INFO - Filling up the DagBag from /home/airflow/.local/lib/python3.7/site-packages/airflow/example_dags/example_nested_branch_dag.py
[2023-05-10T21:57:38.563+0000] {processor.py:809} INFO - DAG(s) dict_keys(['example_nested_branch_dag']) retrieved from /home/airflow/.local/lib/python3.7/site-packages/airflow/example_dags/example_nested_branch_dag.py
[2023-05-10T21:57:38.767+0000] {logging_mixin.py:149} INFO - [2023-05-10T21:57:38.766+0000] {dag.py:2726} INFO - Sync 1 DAGs
[2023-05-10T21:57:38.921+0000] {logging_mixin.py:149} INFO - [2023-05-10T21:57:38.919+0000] {dag.py:3490} INFO - Setting next_dagrun for example_nested_branch_dag to 2023-05-09T00:00:00+00:00, run_after=2023-05-10T00:00:00+00:00
[2023-05-10T21:57:39.171+0000] {processor.py:178} INFO - Processing /home/airflow/.local/lib/python3.7/site-packages/airflow/example_dags/example_nested_branch_dag.py took 0.687 seconds
[2023-05-10T21:58:11.148+0000] {processor.py:156} INFO - Started process (PID=509) to work on /home/airflow/.local/lib/python3.7/site-packages/airflow/example_dags/example_nested_branch_dag.py
[2023-05-10T21:58:11.155+0000] {processor.py:799} INFO - Processing file /home/airflow/.local/lib/python3.7/site-packages/airflow/example_dags/example_nested_branch_dag.py for tasks to queue
[2023-05-10T21:58:11.158+0000] {logging_mixin.py:149} INFO - [2023-05-10T21:58:11.157+0000] {dagbag.py:541} INFO - Filling up the DagBag from /home/airflow/.local/lib/python3.7/site-packages/airflow/example_dags/example_nested_branch_dag.py
[2023-05-10T21:58:11.199+0000] {processor.py:809} INFO - DAG(s) dict_keys(['example_nested_branch_dag']) retrieved from /home/airflow/.local/lib/python3.7/site-packages/airflow/example_dags/example_nested_branch_dag.py
[2023-05-10T21:58:11.356+0000] {logging_mixin.py:149} INFO - [2023-05-10T21:58:11.356+0000] {dag.py:2726} INFO - Sync 1 DAGs
[2023-05-10T21:58:11.535+0000] {logging_mixin.py:149} INFO - [2023-05-10T21:58:11.535+0000] {dag.py:3490} INFO - Setting next_dagrun for example_nested_branch_dag to 2023-05-09T00:00:00+00:00, run_after=2023-05-10T00:00:00+00:00
[2023-05-10T21:58:11.880+0000] {processor.py:178} INFO - Processing /home/airflow/.local/lib/python3.7/site-packages/airflow/example_dags/example_nested_branch_dag.py took 0.744 seconds
[2023-05-10T21:58:46.266+0000] {processor.py:156} INFO - Started process (PID=565) to work on /home/airflow/.local/lib/python3.7/site-packages/airflow/example_dags/example_nested_branch_dag.py
[2023-05-10T21:58:46.269+0000] {processor.py:799} INFO - Processing file /home/airflow/.local/lib/python3.7/site-packages/airflow/example_dags/example_nested_branch_dag.py for tasks to queue
[2023-05-10T21:58:46.274+0000] {logging_mixin.py:149} INFO - [2023-05-10T21:58:46.274+0000] {dagbag.py:541} INFO - Filling up the DagBag from /home/airflow/.local/lib/python3.7/site-packages/airflow/example_dags/example_nested_branch_dag.py
[2023-05-10T21:58:46.402+0000] {processor.py:809} INFO - DAG(s) dict_keys(['example_nested_branch_dag']) retrieved from /home/airflow/.local/lib/python3.7/site-packages/airflow/example_dags/example_nested_branch_dag.py
[2023-05-10T21:58:46.549+0000] {logging_mixin.py:149} INFO - [2023-05-10T21:58:46.548+0000] {dag.py:2726} INFO - Sync 1 DAGs
[2023-05-10T21:58:46.701+0000] {logging_mixin.py:149} INFO - [2023-05-10T21:58:46.700+0000] {dag.py:3490} INFO - Setting next_dagrun for example_nested_branch_dag to 2023-05-09T00:00:00+00:00, run_after=2023-05-10T00:00:00+00:00
[2023-05-10T21:58:46.856+0000] {processor.py:178} INFO - Processing /home/airflow/.local/lib/python3.7/site-packages/airflow/example_dags/example_nested_branch_dag.py took 0.609 seconds
[2023-05-10T21:59:18.761+0000] {processor.py:156} INFO - Started process (PID=621) to work on /home/airflow/.local/lib/python3.7/site-packages/airflow/example_dags/example_nested_branch_dag.py
[2023-05-10T21:59:18.780+0000] {processor.py:799} INFO - Processing file /home/airflow/.local/lib/python3.7/site-packages/airflow/example_dags/example_nested_branch_dag.py for tasks to queue
[2023-05-10T21:59:18.787+0000] {logging_mixin.py:149} INFO - [2023-05-10T21:59:18.787+0000] {dagbag.py:541} INFO - Filling up the DagBag from /home/airflow/.local/lib/python3.7/site-packages/airflow/example_dags/example_nested_branch_dag.py
[2023-05-10T21:59:18.911+0000] {processor.py:809} INFO - DAG(s) dict_keys(['example_nested_branch_dag']) retrieved from /home/airflow/.local/lib/python3.7/site-packages/airflow/example_dags/example_nested_branch_dag.py
[2023-05-10T21:59:19.148+0000] {logging_mixin.py:149} INFO - [2023-05-10T21:59:19.148+0000] {dag.py:2726} INFO - Sync 1 DAGs
[2023-05-10T21:59:19.460+0000] {logging_mixin.py:149} INFO - [2023-05-10T21:59:19.460+0000] {dag.py:3490} INFO - Setting next_dagrun for example_nested_branch_dag to 2023-05-09T00:00:00+00:00, run_after=2023-05-10T00:00:00+00:00
[2023-05-10T21:59:19.647+0000] {processor.py:178} INFO - Processing /home/airflow/.local/lib/python3.7/site-packages/airflow/example_dags/example_nested_branch_dag.py took 0.931 seconds
[2023-05-10T21:59:53.197+0000] {processor.py:156} INFO - Started process (PID=672) to work on /home/airflow/.local/lib/python3.7/site-packages/airflow/example_dags/example_nested_branch_dag.py
[2023-05-10T21:59:53.211+0000] {processor.py:799} INFO - Processing file /home/airflow/.local/lib/python3.7/site-packages/airflow/example_dags/example_nested_branch_dag.py for tasks to queue
[2023-05-10T21:59:53.217+0000] {logging_mixin.py:149} INFO - [2023-05-10T21:59:53.217+0000] {dagbag.py:541} INFO - Filling up the DagBag from /home/airflow/.local/lib/python3.7/site-packages/airflow/example_dags/example_nested_branch_dag.py
[2023-05-10T21:59:53.289+0000] {processor.py:809} INFO - DAG(s) dict_keys(['example_nested_branch_dag']) retrieved from /home/airflow/.local/lib/python3.7/site-packages/airflow/example_dags/example_nested_branch_dag.py
[2023-05-10T21:59:53.481+0000] {logging_mixin.py:149} INFO - [2023-05-10T21:59:53.480+0000] {dag.py:2726} INFO - Sync 1 DAGs
[2023-05-10T21:59:53.740+0000] {logging_mixin.py:149} INFO - [2023-05-10T21:59:53.740+0000] {dag.py:3490} INFO - Setting next_dagrun for example_nested_branch_dag to 2023-05-09T00:00:00+00:00, run_after=2023-05-10T00:00:00+00:00
[2023-05-10T21:59:54.128+0000] {processor.py:178} INFO - Processing /home/airflow/.local/lib/python3.7/site-packages/airflow/example_dags/example_nested_branch_dag.py took 0.921 seconds
[2023-05-10T22:00:24.988+0000] {processor.py:156} INFO - Started process (PID=728) to work on /home/airflow/.local/lib/python3.7/site-packages/airflow/example_dags/example_nested_branch_dag.py
[2023-05-10T22:00:25.003+0000] {processor.py:799} INFO - Processing file /home/airflow/.local/lib/python3.7/site-packages/airflow/example_dags/example_nested_branch_dag.py for tasks to queue
[2023-05-10T22:00:25.005+0000] {logging_mixin.py:149} INFO - [2023-05-10T22:00:25.005+0000] {dagbag.py:541} INFO - Filling up the DagBag from /home/airflow/.local/lib/python3.7/site-packages/airflow/example_dags/example_nested_branch_dag.py
[2023-05-10T22:00:25.082+0000] {processor.py:809} INFO - DAG(s) dict_keys(['example_nested_branch_dag']) retrieved from /home/airflow/.local/lib/python3.7/site-packages/airflow/example_dags/example_nested_branch_dag.py
[2023-05-10T22:00:25.564+0000] {logging_mixin.py:149} INFO - [2023-05-10T22:00:25.552+0000] {dag.py:2726} INFO - Sync 1 DAGs
[2023-05-10T22:00:25.911+0000] {logging_mixin.py:149} INFO - [2023-05-10T22:00:25.911+0000] {dag.py:3490} INFO - Setting next_dagrun for example_nested_branch_dag to 2023-05-09T00:00:00+00:00, run_after=2023-05-10T00:00:00+00:00
[2023-05-10T22:00:26.269+0000] {processor.py:178} INFO - Processing /home/airflow/.local/lib/python3.7/site-packages/airflow/example_dags/example_nested_branch_dag.py took 1.323 seconds
[2023-05-10T22:01:00.781+0000] {processor.py:156} INFO - Started process (PID=786) to work on /home/airflow/.local/lib/python3.7/site-packages/airflow/example_dags/example_nested_branch_dag.py
[2023-05-10T22:01:00.792+0000] {processor.py:799} INFO - Processing file /home/airflow/.local/lib/python3.7/site-packages/airflow/example_dags/example_nested_branch_dag.py for tasks to queue
[2023-05-10T22:01:00.795+0000] {logging_mixin.py:149} INFO - [2023-05-10T22:01:00.794+0000] {dagbag.py:541} INFO - Filling up the DagBag from /home/airflow/.local/lib/python3.7/site-packages/airflow/example_dags/example_nested_branch_dag.py
[2023-05-10T22:01:00.867+0000] {processor.py:809} INFO - DAG(s) dict_keys(['example_nested_branch_dag']) retrieved from /home/airflow/.local/lib/python3.7/site-packages/airflow/example_dags/example_nested_branch_dag.py
[2023-05-10T22:01:00.982+0000] {logging_mixin.py:149} INFO - [2023-05-10T22:01:00.981+0000] {dag.py:2726} INFO - Sync 1 DAGs
[2023-05-10T22:01:01.218+0000] {logging_mixin.py:149} INFO - [2023-05-10T22:01:01.218+0000] {dag.py:3490} INFO - Setting next_dagrun for example_nested_branch_dag to 2023-05-09T00:00:00+00:00, run_after=2023-05-10T00:00:00+00:00
[2023-05-10T22:01:01.532+0000] {processor.py:178} INFO - Processing /home/airflow/.local/lib/python3.7/site-packages/airflow/example_dags/example_nested_branch_dag.py took 0.767 seconds
[2023-05-10T22:01:32.922+0000] {processor.py:156} INFO - Started process (PID=842) to work on /home/airflow/.local/lib/python3.7/site-packages/airflow/example_dags/example_nested_branch_dag.py
[2023-05-10T22:01:32.955+0000] {processor.py:799} INFO - Processing file /home/airflow/.local/lib/python3.7/site-packages/airflow/example_dags/example_nested_branch_dag.py for tasks to queue
[2023-05-10T22:01:32.960+0000] {logging_mixin.py:149} INFO - [2023-05-10T22:01:32.959+0000] {dagbag.py:541} INFO - Filling up the DagBag from /home/airflow/.local/lib/python3.7/site-packages/airflow/example_dags/example_nested_branch_dag.py
[2023-05-10T22:01:33.051+0000] {processor.py:809} INFO - DAG(s) dict_keys(['example_nested_branch_dag']) retrieved from /home/airflow/.local/lib/python3.7/site-packages/airflow/example_dags/example_nested_branch_dag.py
[2023-05-10T22:01:33.303+0000] {logging_mixin.py:149} INFO - [2023-05-10T22:01:33.303+0000] {dag.py:2726} INFO - Sync 1 DAGs
[2023-05-10T22:01:33.508+0000] {logging_mixin.py:149} INFO - [2023-05-10T22:01:33.508+0000] {dag.py:3490} INFO - Setting next_dagrun for example_nested_branch_dag to 2023-05-09T00:00:00+00:00, run_after=2023-05-10T00:00:00+00:00
[2023-05-10T22:01:33.782+0000] {processor.py:178} INFO - Processing /home/airflow/.local/lib/python3.7/site-packages/airflow/example_dags/example_nested_branch_dag.py took 0.880 seconds
[2023-05-10T22:02:04.114+0000] {processor.py:156} INFO - Started process (PID=898) to work on /home/airflow/.local/lib/python3.7/site-packages/airflow/example_dags/example_nested_branch_dag.py
[2023-05-10T22:02:04.216+0000] {processor.py:799} INFO - Processing file /home/airflow/.local/lib/python3.7/site-packages/airflow/example_dags/example_nested_branch_dag.py for tasks to queue
[2023-05-10T22:02:04.218+0000] {logging_mixin.py:149} INFO - [2023-05-10T22:02:04.218+0000] {dagbag.py:541} INFO - Filling up the DagBag from /home/airflow/.local/lib/python3.7/site-packages/airflow/example_dags/example_nested_branch_dag.py
[2023-05-10T22:02:04.279+0000] {processor.py:809} INFO - DAG(s) dict_keys(['example_nested_branch_dag']) retrieved from /home/airflow/.local/lib/python3.7/site-packages/airflow/example_dags/example_nested_branch_dag.py
[2023-05-10T22:02:04.465+0000] {logging_mixin.py:149} INFO - [2023-05-10T22:02:04.465+0000] {dag.py:2726} INFO - Sync 1 DAGs
[2023-05-10T22:02:04.655+0000] {logging_mixin.py:149} INFO - [2023-05-10T22:02:04.654+0000] {dag.py:3490} INFO - Setting next_dagrun for example_nested_branch_dag to 2023-05-09T00:00:00+00:00, run_after=2023-05-10T00:00:00+00:00
[2023-05-10T22:02:04.866+0000] {processor.py:178} INFO - Processing /home/airflow/.local/lib/python3.7/site-packages/airflow/example_dags/example_nested_branch_dag.py took 0.845 seconds
[2023-05-10T22:02:38.076+0000] {processor.py:156} INFO - Started process (PID=954) to work on /home/airflow/.local/lib/python3.7/site-packages/airflow/example_dags/example_nested_branch_dag.py
[2023-05-10T22:02:38.092+0000] {processor.py:799} INFO - Processing file /home/airflow/.local/lib/python3.7/site-packages/airflow/example_dags/example_nested_branch_dag.py for tasks to queue
[2023-05-10T22:02:38.103+0000] {logging_mixin.py:149} INFO - [2023-05-10T22:02:38.102+0000] {dagbag.py:541} INFO - Filling up the DagBag from /home/airflow/.local/lib/python3.7/site-packages/airflow/example_dags/example_nested_branch_dag.py
[2023-05-10T22:02:38.181+0000] {processor.py:809} INFO - DAG(s) dict_keys(['example_nested_branch_dag']) retrieved from /home/airflow/.local/lib/python3.7/site-packages/airflow/example_dags/example_nested_branch_dag.py
[2023-05-10T22:02:38.335+0000] {logging_mixin.py:149} INFO - [2023-05-10T22:02:38.335+0000] {dag.py:2726} INFO - Sync 1 DAGs
[2023-05-10T22:02:38.623+0000] {logging_mixin.py:149} INFO - [2023-05-10T22:02:38.622+0000] {dag.py:3490} INFO - Setting next_dagrun for example_nested_branch_dag to 2023-05-09T00:00:00+00:00, run_after=2023-05-10T00:00:00+00:00
[2023-05-10T22:02:39.051+0000] {processor.py:178} INFO - Processing /home/airflow/.local/lib/python3.7/site-packages/airflow/example_dags/example_nested_branch_dag.py took 0.999 seconds
[2023-05-10T22:03:09.784+0000] {processor.py:156} INFO - Started process (PID=1009) to work on /home/airflow/.local/lib/python3.7/site-packages/airflow/example_dags/example_nested_branch_dag.py
[2023-05-10T22:03:09.796+0000] {processor.py:799} INFO - Processing file /home/airflow/.local/lib/python3.7/site-packages/airflow/example_dags/example_nested_branch_dag.py for tasks to queue
[2023-05-10T22:03:09.812+0000] {logging_mixin.py:149} INFO - [2023-05-10T22:03:09.810+0000] {dagbag.py:541} INFO - Filling up the DagBag from /home/airflow/.local/lib/python3.7/site-packages/airflow/example_dags/example_nested_branch_dag.py
[2023-05-10T22:03:09.873+0000] {processor.py:809} INFO - DAG(s) dict_keys(['example_nested_branch_dag']) retrieved from /home/airflow/.local/lib/python3.7/site-packages/airflow/example_dags/example_nested_branch_dag.py
[2023-05-10T22:03:10.149+0000] {logging_mixin.py:149} INFO - [2023-05-10T22:03:10.148+0000] {dag.py:2726} INFO - Sync 1 DAGs
[2023-05-10T22:03:10.335+0000] {logging_mixin.py:149} INFO - [2023-05-10T22:03:10.334+0000] {dag.py:3490} INFO - Setting next_dagrun for example_nested_branch_dag to 2023-05-09T00:00:00+00:00, run_after=2023-05-10T00:00:00+00:00
[2023-05-10T22:03:10.633+0000] {processor.py:178} INFO - Processing /home/airflow/.local/lib/python3.7/site-packages/airflow/example_dags/example_nested_branch_dag.py took 0.865 seconds
[2023-05-10T22:03:40.989+0000] {processor.py:156} INFO - Started process (PID=1064) to work on /home/airflow/.local/lib/python3.7/site-packages/airflow/example_dags/example_nested_branch_dag.py
[2023-05-10T22:03:40.995+0000] {processor.py:799} INFO - Processing file /home/airflow/.local/lib/python3.7/site-packages/airflow/example_dags/example_nested_branch_dag.py for tasks to queue
[2023-05-10T22:03:40.999+0000] {logging_mixin.py:149} INFO - [2023-05-10T22:03:40.999+0000] {dagbag.py:541} INFO - Filling up the DagBag from /home/airflow/.local/lib/python3.7/site-packages/airflow/example_dags/example_nested_branch_dag.py
[2023-05-10T22:03:41.040+0000] {processor.py:809} INFO - DAG(s) dict_keys(['example_nested_branch_dag']) retrieved from /home/airflow/.local/lib/python3.7/site-packages/airflow/example_dags/example_nested_branch_dag.py
[2023-05-10T22:03:41.165+0000] {logging_mixin.py:149} INFO - [2023-05-10T22:03:41.164+0000] {dag.py:2726} INFO - Sync 1 DAGs
[2023-05-10T22:03:41.313+0000] {logging_mixin.py:149} INFO - [2023-05-10T22:03:41.313+0000] {dag.py:3490} INFO - Setting next_dagrun for example_nested_branch_dag to 2023-05-09T00:00:00+00:00, run_after=2023-05-10T00:00:00+00:00
[2023-05-10T22:03:41.738+0000] {processor.py:178} INFO - Processing /home/airflow/.local/lib/python3.7/site-packages/airflow/example_dags/example_nested_branch_dag.py took 0.768 seconds
[2023-05-10T22:04:12.368+0000] {processor.py:156} INFO - Started process (PID=1119) to work on /home/airflow/.local/lib/python3.7/site-packages/airflow/example_dags/example_nested_branch_dag.py
[2023-05-10T22:04:12.370+0000] {processor.py:799} INFO - Processing file /home/airflow/.local/lib/python3.7/site-packages/airflow/example_dags/example_nested_branch_dag.py for tasks to queue
[2023-05-10T22:04:12.373+0000] {logging_mixin.py:149} INFO - [2023-05-10T22:04:12.372+0000] {dagbag.py:541} INFO - Filling up the DagBag from /home/airflow/.local/lib/python3.7/site-packages/airflow/example_dags/example_nested_branch_dag.py
[2023-05-10T22:04:12.445+0000] {processor.py:809} INFO - DAG(s) dict_keys(['example_nested_branch_dag']) retrieved from /home/airflow/.local/lib/python3.7/site-packages/airflow/example_dags/example_nested_branch_dag.py
[2023-05-10T22:04:12.636+0000] {logging_mixin.py:149} INFO - [2023-05-10T22:04:12.636+0000] {dag.py:2726} INFO - Sync 1 DAGs
[2023-05-10T22:04:12.789+0000] {logging_mixin.py:149} INFO - [2023-05-10T22:04:12.789+0000] {dag.py:3490} INFO - Setting next_dagrun for example_nested_branch_dag to 2023-05-09T00:00:00+00:00, run_after=2023-05-10T00:00:00+00:00
[2023-05-10T22:04:12.943+0000] {processor.py:178} INFO - Processing /home/airflow/.local/lib/python3.7/site-packages/airflow/example_dags/example_nested_branch_dag.py took 0.588 seconds
[2023-05-10T22:04:46.691+0000] {processor.py:156} INFO - Started process (PID=1172) to work on /home/airflow/.local/lib/python3.7/site-packages/airflow/example_dags/example_nested_branch_dag.py
[2023-05-10T22:04:46.696+0000] {processor.py:799} INFO - Processing file /home/airflow/.local/lib/python3.7/site-packages/airflow/example_dags/example_nested_branch_dag.py for tasks to queue
[2023-05-10T22:04:46.701+0000] {logging_mixin.py:149} INFO - [2023-05-10T22:04:46.701+0000] {dagbag.py:541} INFO - Filling up the DagBag from /home/airflow/.local/lib/python3.7/site-packages/airflow/example_dags/example_nested_branch_dag.py
[2023-05-10T22:04:46.747+0000] {processor.py:809} INFO - DAG(s) dict_keys(['example_nested_branch_dag']) retrieved from /home/airflow/.local/lib/python3.7/site-packages/airflow/example_dags/example_nested_branch_dag.py
[2023-05-10T22:04:46.932+0000] {logging_mixin.py:149} INFO - [2023-05-10T22:04:46.931+0000] {dag.py:2726} INFO - Sync 1 DAGs
[2023-05-10T22:04:47.363+0000] {logging_mixin.py:149} INFO - [2023-05-10T22:04:47.363+0000] {dag.py:3490} INFO - Setting next_dagrun for example_nested_branch_dag to 2023-05-09T00:00:00+00:00, run_after=2023-05-10T00:00:00+00:00
[2023-05-10T22:04:47.706+0000] {processor.py:178} INFO - Processing /home/airflow/.local/lib/python3.7/site-packages/airflow/example_dags/example_nested_branch_dag.py took 1.024 seconds
[2023-05-10T22:05:18.767+0000] {processor.py:156} INFO - Started process (PID=1228) to work on /home/airflow/.local/lib/python3.7/site-packages/airflow/example_dags/example_nested_branch_dag.py
[2023-05-10T22:05:18.777+0000] {processor.py:799} INFO - Processing file /home/airflow/.local/lib/python3.7/site-packages/airflow/example_dags/example_nested_branch_dag.py for tasks to queue
[2023-05-10T22:05:18.787+0000] {logging_mixin.py:149} INFO - [2023-05-10T22:05:18.787+0000] {dagbag.py:541} INFO - Filling up the DagBag from /home/airflow/.local/lib/python3.7/site-packages/airflow/example_dags/example_nested_branch_dag.py
[2023-05-10T22:05:18.868+0000] {processor.py:809} INFO - DAG(s) dict_keys(['example_nested_branch_dag']) retrieved from /home/airflow/.local/lib/python3.7/site-packages/airflow/example_dags/example_nested_branch_dag.py
[2023-05-10T22:05:19.197+0000] {logging_mixin.py:149} INFO - [2023-05-10T22:05:19.196+0000] {dag.py:2726} INFO - Sync 1 DAGs
[2023-05-10T22:05:19.435+0000] {logging_mixin.py:149} INFO - [2023-05-10T22:05:19.435+0000] {dag.py:3490} INFO - Setting next_dagrun for example_nested_branch_dag to 2023-05-09T00:00:00+00:00, run_after=2023-05-10T00:00:00+00:00
[2023-05-10T22:05:19.647+0000] {processor.py:178} INFO - Processing /home/airflow/.local/lib/python3.7/site-packages/airflow/example_dags/example_nested_branch_dag.py took 0.900 seconds
[2023-05-10T22:05:51.754+0000] {processor.py:156} INFO - Started process (PID=1285) to work on /home/airflow/.local/lib/python3.7/site-packages/airflow/example_dags/example_nested_branch_dag.py
[2023-05-10T22:05:51.770+0000] {processor.py:799} INFO - Processing file /home/airflow/.local/lib/python3.7/site-packages/airflow/example_dags/example_nested_branch_dag.py for tasks to queue
[2023-05-10T22:05:51.773+0000] {logging_mixin.py:149} INFO - [2023-05-10T22:05:51.773+0000] {dagbag.py:541} INFO - Filling up the DagBag from /home/airflow/.local/lib/python3.7/site-packages/airflow/example_dags/example_nested_branch_dag.py
[2023-05-10T22:05:51.842+0000] {processor.py:809} INFO - DAG(s) dict_keys(['example_nested_branch_dag']) retrieved from /home/airflow/.local/lib/python3.7/site-packages/airflow/example_dags/example_nested_branch_dag.py
[2023-05-10T22:05:52.022+0000] {logging_mixin.py:149} INFO - [2023-05-10T22:05:52.021+0000] {dag.py:2726} INFO - Sync 1 DAGs
[2023-05-10T22:05:52.277+0000] {logging_mixin.py:149} INFO - [2023-05-10T22:05:52.276+0000] {dag.py:3490} INFO - Setting next_dagrun for example_nested_branch_dag to 2023-05-09T00:00:00+00:00, run_after=2023-05-10T00:00:00+00:00
[2023-05-10T22:05:53.039+0000] {processor.py:178} INFO - Processing /home/airflow/.local/lib/python3.7/site-packages/airflow/example_dags/example_nested_branch_dag.py took 1.303 seconds
[2023-05-10T22:06:23.254+0000] {processor.py:156} INFO - Started process (PID=1340) to work on /home/airflow/.local/lib/python3.7/site-packages/airflow/example_dags/example_nested_branch_dag.py
[2023-05-10T22:06:23.258+0000] {processor.py:799} INFO - Processing file /home/airflow/.local/lib/python3.7/site-packages/airflow/example_dags/example_nested_branch_dag.py for tasks to queue
[2023-05-10T22:06:23.261+0000] {logging_mixin.py:149} INFO - [2023-05-10T22:06:23.260+0000] {dagbag.py:541} INFO - Filling up the DagBag from /home/airflow/.local/lib/python3.7/site-packages/airflow/example_dags/example_nested_branch_dag.py
[2023-05-10T22:06:23.298+0000] {processor.py:809} INFO - DAG(s) dict_keys(['example_nested_branch_dag']) retrieved from /home/airflow/.local/lib/python3.7/site-packages/airflow/example_dags/example_nested_branch_dag.py
[2023-05-10T22:06:23.413+0000] {logging_mixin.py:149} INFO - [2023-05-10T22:06:23.412+0000] {dag.py:2726} INFO - Sync 1 DAGs
[2023-05-10T22:06:23.560+0000] {logging_mixin.py:149} INFO - [2023-05-10T22:06:23.559+0000] {dag.py:3490} INFO - Setting next_dagrun for example_nested_branch_dag to 2023-05-09T00:00:00+00:00, run_after=2023-05-10T00:00:00+00:00
[2023-05-10T22:06:23.700+0000] {processor.py:178} INFO - Processing /home/airflow/.local/lib/python3.7/site-packages/airflow/example_dags/example_nested_branch_dag.py took 0.458 seconds
[2023-05-10T22:06:55.833+0000] {processor.py:156} INFO - Started process (PID=1399) to work on /home/airflow/.local/lib/python3.7/site-packages/airflow/example_dags/example_nested_branch_dag.py
[2023-05-10T22:06:55.841+0000] {processor.py:799} INFO - Processing file /home/airflow/.local/lib/python3.7/site-packages/airflow/example_dags/example_nested_branch_dag.py for tasks to queue
[2023-05-10T22:06:55.844+0000] {logging_mixin.py:149} INFO - [2023-05-10T22:06:55.844+0000] {dagbag.py:541} INFO - Filling up the DagBag from /home/airflow/.local/lib/python3.7/site-packages/airflow/example_dags/example_nested_branch_dag.py
[2023-05-10T22:06:55.924+0000] {processor.py:809} INFO - DAG(s) dict_keys(['example_nested_branch_dag']) retrieved from /home/airflow/.local/lib/python3.7/site-packages/airflow/example_dags/example_nested_branch_dag.py
[2023-05-10T22:06:56.076+0000] {logging_mixin.py:149} INFO - [2023-05-10T22:06:56.076+0000] {dag.py:2726} INFO - Sync 1 DAGs
[2023-05-10T22:06:56.272+0000] {logging_mixin.py:149} INFO - [2023-05-10T22:06:56.272+0000] {dag.py:3490} INFO - Setting next_dagrun for example_nested_branch_dag to 2023-05-09T00:00:00+00:00, run_after=2023-05-10T00:00:00+00:00
[2023-05-10T22:06:56.409+0000] {processor.py:178} INFO - Processing /home/airflow/.local/lib/python3.7/site-packages/airflow/example_dags/example_nested_branch_dag.py took 0.587 seconds
[2023-05-10T22:07:29.904+0000] {processor.py:156} INFO - Started process (PID=1458) to work on /home/airflow/.local/lib/python3.7/site-packages/airflow/example_dags/example_nested_branch_dag.py
[2023-05-10T22:07:29.906+0000] {processor.py:799} INFO - Processing file /home/airflow/.local/lib/python3.7/site-packages/airflow/example_dags/example_nested_branch_dag.py for tasks to queue
[2023-05-10T22:07:29.918+0000] {logging_mixin.py:149} INFO - [2023-05-10T22:07:29.917+0000] {dagbag.py:541} INFO - Filling up the DagBag from /home/airflow/.local/lib/python3.7/site-packages/airflow/example_dags/example_nested_branch_dag.py
[2023-05-10T22:07:29.979+0000] {processor.py:809} INFO - DAG(s) dict_keys(['example_nested_branch_dag']) retrieved from /home/airflow/.local/lib/python3.7/site-packages/airflow/example_dags/example_nested_branch_dag.py
[2023-05-10T22:07:30.226+0000] {logging_mixin.py:149} INFO - [2023-05-10T22:07:30.225+0000] {dag.py:2726} INFO - Sync 1 DAGs
[2023-05-10T22:07:30.467+0000] {logging_mixin.py:149} INFO - [2023-05-10T22:07:30.467+0000] {dag.py:3490} INFO - Setting next_dagrun for example_nested_branch_dag to 2023-05-09T00:00:00+00:00, run_after=2023-05-10T00:00:00+00:00
[2023-05-10T22:07:30.892+0000] {processor.py:178} INFO - Processing /home/airflow/.local/lib/python3.7/site-packages/airflow/example_dags/example_nested_branch_dag.py took 0.995 seconds
[2023-05-10T22:08:02.362+0000] {processor.py:156} INFO - Started process (PID=1512) to work on /home/airflow/.local/lib/python3.7/site-packages/airflow/example_dags/example_nested_branch_dag.py
[2023-05-10T22:08:02.365+0000] {processor.py:799} INFO - Processing file /home/airflow/.local/lib/python3.7/site-packages/airflow/example_dags/example_nested_branch_dag.py for tasks to queue
[2023-05-10T22:08:02.368+0000] {logging_mixin.py:149} INFO - [2023-05-10T22:08:02.367+0000] {dagbag.py:541} INFO - Filling up the DagBag from /home/airflow/.local/lib/python3.7/site-packages/airflow/example_dags/example_nested_branch_dag.py
[2023-05-10T22:08:02.439+0000] {processor.py:809} INFO - DAG(s) dict_keys(['example_nested_branch_dag']) retrieved from /home/airflow/.local/lib/python3.7/site-packages/airflow/example_dags/example_nested_branch_dag.py
[2023-05-10T22:08:02.597+0000] {logging_mixin.py:149} INFO - [2023-05-10T22:08:02.595+0000] {dag.py:2726} INFO - Sync 1 DAGs
[2023-05-10T22:08:02.789+0000] {logging_mixin.py:149} INFO - [2023-05-10T22:08:02.778+0000] {dag.py:3490} INFO - Setting next_dagrun for example_nested_branch_dag to 2023-05-09T00:00:00+00:00, run_after=2023-05-10T00:00:00+00:00
[2023-05-10T22:08:02.971+0000] {processor.py:178} INFO - Processing /home/airflow/.local/lib/python3.7/site-packages/airflow/example_dags/example_nested_branch_dag.py took 0.627 seconds
[2023-05-10T22:08:36.672+0000] {processor.py:156} INFO - Started process (PID=1568) to work on /home/airflow/.local/lib/python3.7/site-packages/airflow/example_dags/example_nested_branch_dag.py
[2023-05-10T22:08:36.686+0000] {processor.py:799} INFO - Processing file /home/airflow/.local/lib/python3.7/site-packages/airflow/example_dags/example_nested_branch_dag.py for tasks to queue
[2023-05-10T22:08:36.691+0000] {logging_mixin.py:149} INFO - [2023-05-10T22:08:36.690+0000] {dagbag.py:541} INFO - Filling up the DagBag from /home/airflow/.local/lib/python3.7/site-packages/airflow/example_dags/example_nested_branch_dag.py
[2023-05-10T22:08:36.796+0000] {processor.py:809} INFO - DAG(s) dict_keys(['example_nested_branch_dag']) retrieved from /home/airflow/.local/lib/python3.7/site-packages/airflow/example_dags/example_nested_branch_dag.py
[2023-05-10T22:08:37.151+0000] {logging_mixin.py:149} INFO - [2023-05-10T22:08:37.150+0000] {dag.py:2726} INFO - Sync 1 DAGs
[2023-05-10T22:08:37.390+0000] {logging_mixin.py:149} INFO - [2023-05-10T22:08:37.385+0000] {dag.py:3490} INFO - Setting next_dagrun for example_nested_branch_dag to 2023-05-09T00:00:00+00:00, run_after=2023-05-10T00:00:00+00:00
[2023-05-10T22:08:37.555+0000] {processor.py:178} INFO - Processing /home/airflow/.local/lib/python3.7/site-packages/airflow/example_dags/example_nested_branch_dag.py took 0.892 seconds
[2023-05-10T22:09:08.171+0000] {processor.py:156} INFO - Started process (PID=1619) to work on /home/airflow/.local/lib/python3.7/site-packages/airflow/example_dags/example_nested_branch_dag.py
[2023-05-10T22:09:08.179+0000] {processor.py:799} INFO - Processing file /home/airflow/.local/lib/python3.7/site-packages/airflow/example_dags/example_nested_branch_dag.py for tasks to queue
[2023-05-10T22:09:08.181+0000] {logging_mixin.py:149} INFO - [2023-05-10T22:09:08.181+0000] {dagbag.py:541} INFO - Filling up the DagBag from /home/airflow/.local/lib/python3.7/site-packages/airflow/example_dags/example_nested_branch_dag.py
[2023-05-10T22:09:08.230+0000] {processor.py:809} INFO - DAG(s) dict_keys(['example_nested_branch_dag']) retrieved from /home/airflow/.local/lib/python3.7/site-packages/airflow/example_dags/example_nested_branch_dag.py
[2023-05-10T22:09:08.376+0000] {logging_mixin.py:149} INFO - [2023-05-10T22:09:08.376+0000] {dag.py:2726} INFO - Sync 1 DAGs
[2023-05-10T22:09:08.558+0000] {logging_mixin.py:149} INFO - [2023-05-10T22:09:08.557+0000] {dag.py:3490} INFO - Setting next_dagrun for example_nested_branch_dag to 2023-05-09T00:00:00+00:00, run_after=2023-05-10T00:00:00+00:00
[2023-05-10T22:09:08.673+0000] {processor.py:178} INFO - Processing /home/airflow/.local/lib/python3.7/site-packages/airflow/example_dags/example_nested_branch_dag.py took 0.512 seconds
[2023-05-10T22:09:39.148+0000] {processor.py:156} INFO - Started process (PID=1676) to work on /home/airflow/.local/lib/python3.7/site-packages/airflow/example_dags/example_nested_branch_dag.py
[2023-05-10T22:09:39.151+0000] {processor.py:799} INFO - Processing file /home/airflow/.local/lib/python3.7/site-packages/airflow/example_dags/example_nested_branch_dag.py for tasks to queue
[2023-05-10T22:09:39.154+0000] {logging_mixin.py:149} INFO - [2023-05-10T22:09:39.153+0000] {dagbag.py:541} INFO - Filling up the DagBag from /home/airflow/.local/lib/python3.7/site-packages/airflow/example_dags/example_nested_branch_dag.py
[2023-05-10T22:09:39.203+0000] {processor.py:809} INFO - DAG(s) dict_keys(['example_nested_branch_dag']) retrieved from /home/airflow/.local/lib/python3.7/site-packages/airflow/example_dags/example_nested_branch_dag.py
[2023-05-10T22:09:39.340+0000] {logging_mixin.py:149} INFO - [2023-05-10T22:09:39.340+0000] {dag.py:2726} INFO - Sync 1 DAGs
[2023-05-10T22:09:39.482+0000] {logging_mixin.py:149} INFO - [2023-05-10T22:09:39.482+0000] {dag.py:3490} INFO - Setting next_dagrun for example_nested_branch_dag to 2023-05-09T00:00:00+00:00, run_after=2023-05-10T00:00:00+00:00
[2023-05-10T22:09:39.639+0000] {processor.py:178} INFO - Processing /home/airflow/.local/lib/python3.7/site-packages/airflow/example_dags/example_nested_branch_dag.py took 0.504 seconds
[2023-05-10T22:10:10.983+0000] {processor.py:156} INFO - Started process (PID=1732) to work on /home/airflow/.local/lib/python3.7/site-packages/airflow/example_dags/example_nested_branch_dag.py
[2023-05-10T22:10:10.985+0000] {processor.py:799} INFO - Processing file /home/airflow/.local/lib/python3.7/site-packages/airflow/example_dags/example_nested_branch_dag.py for tasks to queue
[2023-05-10T22:10:10.988+0000] {logging_mixin.py:149} INFO - [2023-05-10T22:10:10.988+0000] {dagbag.py:541} INFO - Filling up the DagBag from /home/airflow/.local/lib/python3.7/site-packages/airflow/example_dags/example_nested_branch_dag.py
[2023-05-10T22:10:11.059+0000] {processor.py:809} INFO - DAG(s) dict_keys(['example_nested_branch_dag']) retrieved from /home/airflow/.local/lib/python3.7/site-packages/airflow/example_dags/example_nested_branch_dag.py
[2023-05-10T22:10:11.223+0000] {logging_mixin.py:149} INFO - [2023-05-10T22:10:11.223+0000] {dag.py:2726} INFO - Sync 1 DAGs
[2023-05-10T22:10:11.470+0000] {logging_mixin.py:149} INFO - [2023-05-10T22:10:11.469+0000] {dag.py:3490} INFO - Setting next_dagrun for example_nested_branch_dag to 2023-05-09T00:00:00+00:00, run_after=2023-05-10T00:00:00+00:00
[2023-05-10T22:10:11.717+0000] {processor.py:178} INFO - Processing /home/airflow/.local/lib/python3.7/site-packages/airflow/example_dags/example_nested_branch_dag.py took 0.749 seconds
