[2023-05-10T21:51:45.063+0000] {processor.py:156} INFO - Started process (PID=44) to work on /home/airflow/.local/lib/python3.7/site-packages/airflow/example_dags/example_time_delta_sensor_async.py
[2023-05-10T21:51:45.082+0000] {processor.py:799} INFO - Processing file /home/airflow/.local/lib/python3.7/site-packages/airflow/example_dags/example_time_delta_sensor_async.py for tasks to queue
[2023-05-10T21:51:45.136+0000] {logging_mixin.py:149} INFO - [2023-05-10T21:51:45.135+0000] {dagbag.py:541} INFO - Filling up the DagBag from /home/airflow/.local/lib/python3.7/site-packages/airflow/example_dags/example_time_delta_sensor_async.py
[2023-05-10T21:51:45.325+0000] {processor.py:809} INFO - DAG(s) dict_keys(['example_time_delta_sensor_async']) retrieved from /home/airflow/.local/lib/python3.7/site-packages/airflow/example_dags/example_time_delta_sensor_async.py
[2023-05-10T21:51:50.416+0000] {logging_mixin.py:149} INFO - [2023-05-10T21:51:50.416+0000] {manager.py:504} INFO - Created Permission View: can read on DAG:example_time_delta_sensor_async
[2023-05-10T21:51:50.664+0000] {logging_mixin.py:149} INFO - [2023-05-10T21:51:50.659+0000] {manager.py:504} INFO - Created Permission View: can delete on DAG:example_time_delta_sensor_async
[2023-05-10T21:51:50.760+0000] {logging_mixin.py:149} INFO - [2023-05-10T21:51:50.759+0000] {manager.py:504} INFO - Created Permission View: can edit on DAG:example_time_delta_sensor_async
[2023-05-10T21:51:50.761+0000] {logging_mixin.py:149} INFO - [2023-05-10T21:51:50.761+0000] {dag.py:2726} INFO - Sync 1 DAGs
[2023-05-10T21:51:50.865+0000] {logging_mixin.py:149} INFO - [2023-05-10T21:51:50.864+0000] {dag.py:2747} INFO - Creating ORM DAG for example_time_delta_sensor_async
[2023-05-10T21:51:50.942+0000] {logging_mixin.py:149} INFO - [2023-05-10T21:51:50.941+0000] {dag.py:3490} INFO - Setting next_dagrun for example_time_delta_sensor_async to None, run_after=None
[2023-05-10T21:51:51.292+0000] {processor.py:178} INFO - Processing /home/airflow/.local/lib/python3.7/site-packages/airflow/example_dags/example_time_delta_sensor_async.py took 6.271 seconds
[2023-05-10T21:53:41.732+0000] {processor.py:156} INFO - Started process (PID=111) to work on /home/airflow/.local/lib/python3.7/site-packages/airflow/example_dags/example_time_delta_sensor_async.py
[2023-05-10T21:53:41.746+0000] {processor.py:799} INFO - Processing file /home/airflow/.local/lib/python3.7/site-packages/airflow/example_dags/example_time_delta_sensor_async.py for tasks to queue
[2023-05-10T21:53:41.762+0000] {logging_mixin.py:149} INFO - [2023-05-10T21:53:41.761+0000] {dagbag.py:541} INFO - Filling up the DagBag from /home/airflow/.local/lib/python3.7/site-packages/airflow/example_dags/example_time_delta_sensor_async.py
[2023-05-10T21:53:41.792+0000] {processor.py:809} INFO - DAG(s) dict_keys(['example_time_delta_sensor_async']) retrieved from /home/airflow/.local/lib/python3.7/site-packages/airflow/example_dags/example_time_delta_sensor_async.py
[2023-05-10T21:53:42.192+0000] {logging_mixin.py:149} INFO - [2023-05-10T21:53:42.192+0000] {dag.py:2726} INFO - Sync 1 DAGs
[2023-05-10T21:53:42.489+0000] {logging_mixin.py:149} INFO - [2023-05-10T21:53:42.489+0000] {dag.py:3490} INFO - Setting next_dagrun for example_time_delta_sensor_async to None, run_after=None
[2023-05-10T21:53:42.782+0000] {processor.py:178} INFO - Processing /home/airflow/.local/lib/python3.7/site-packages/airflow/example_dags/example_time_delta_sensor_async.py took 1.089 seconds
[2023-05-10T21:54:22.561+0000] {processor.py:156} INFO - Started process (PID=167) to work on /home/airflow/.local/lib/python3.7/site-packages/airflow/example_dags/example_time_delta_sensor_async.py
[2023-05-10T21:54:22.568+0000] {processor.py:799} INFO - Processing file /home/airflow/.local/lib/python3.7/site-packages/airflow/example_dags/example_time_delta_sensor_async.py for tasks to queue
[2023-05-10T21:54:22.580+0000] {logging_mixin.py:149} INFO - [2023-05-10T21:54:22.578+0000] {dagbag.py:541} INFO - Filling up the DagBag from /home/airflow/.local/lib/python3.7/site-packages/airflow/example_dags/example_time_delta_sensor_async.py
[2023-05-10T21:54:22.601+0000] {processor.py:809} INFO - DAG(s) dict_keys(['example_time_delta_sensor_async']) retrieved from /home/airflow/.local/lib/python3.7/site-packages/airflow/example_dags/example_time_delta_sensor_async.py
[2023-05-10T21:54:22.739+0000] {logging_mixin.py:149} INFO - [2023-05-10T21:54:22.739+0000] {dag.py:2726} INFO - Sync 1 DAGs
[2023-05-10T21:54:22.974+0000] {logging_mixin.py:149} INFO - [2023-05-10T21:54:22.973+0000] {dag.py:3490} INFO - Setting next_dagrun for example_time_delta_sensor_async to None, run_after=None
[2023-05-10T21:54:23.544+0000] {processor.py:178} INFO - Processing /home/airflow/.local/lib/python3.7/site-packages/airflow/example_dags/example_time_delta_sensor_async.py took 0.998 seconds
[2023-05-10T21:54:59.384+0000] {processor.py:156} INFO - Started process (PID=221) to work on /home/airflow/.local/lib/python3.7/site-packages/airflow/example_dags/example_time_delta_sensor_async.py
[2023-05-10T21:54:59.389+0000] {processor.py:799} INFO - Processing file /home/airflow/.local/lib/python3.7/site-packages/airflow/example_dags/example_time_delta_sensor_async.py for tasks to queue
[2023-05-10T21:54:59.393+0000] {logging_mixin.py:149} INFO - [2023-05-10T21:54:59.393+0000] {dagbag.py:541} INFO - Filling up the DagBag from /home/airflow/.local/lib/python3.7/site-packages/airflow/example_dags/example_time_delta_sensor_async.py
[2023-05-10T21:54:59.405+0000] {processor.py:809} INFO - DAG(s) dict_keys(['example_time_delta_sensor_async']) retrieved from /home/airflow/.local/lib/python3.7/site-packages/airflow/example_dags/example_time_delta_sensor_async.py
[2023-05-10T21:54:59.476+0000] {logging_mixin.py:149} INFO - [2023-05-10T21:54:59.476+0000] {dag.py:2726} INFO - Sync 1 DAGs
[2023-05-10T21:54:59.603+0000] {logging_mixin.py:149} INFO - [2023-05-10T21:54:59.603+0000] {dag.py:3490} INFO - Setting next_dagrun for example_time_delta_sensor_async to None, run_after=None
[2023-05-10T21:55:00.111+0000] {processor.py:178} INFO - Processing /home/airflow/.local/lib/python3.7/site-packages/airflow/example_dags/example_time_delta_sensor_async.py took 0.736 seconds
[2023-05-10T21:55:36.366+0000] {processor.py:156} INFO - Started process (PID=270) to work on /home/airflow/.local/lib/python3.7/site-packages/airflow/example_dags/example_time_delta_sensor_async.py
[2023-05-10T21:55:36.399+0000] {processor.py:799} INFO - Processing file /home/airflow/.local/lib/python3.7/site-packages/airflow/example_dags/example_time_delta_sensor_async.py for tasks to queue
[2023-05-10T21:55:36.418+0000] {logging_mixin.py:149} INFO - [2023-05-10T21:55:36.418+0000] {dagbag.py:541} INFO - Filling up the DagBag from /home/airflow/.local/lib/python3.7/site-packages/airflow/example_dags/example_time_delta_sensor_async.py
[2023-05-10T21:55:36.467+0000] {processor.py:809} INFO - DAG(s) dict_keys(['example_time_delta_sensor_async']) retrieved from /home/airflow/.local/lib/python3.7/site-packages/airflow/example_dags/example_time_delta_sensor_async.py
[2023-05-10T21:55:36.616+0000] {logging_mixin.py:149} INFO - [2023-05-10T21:55:36.616+0000] {dag.py:2726} INFO - Sync 1 DAGs
[2023-05-10T21:55:36.938+0000] {logging_mixin.py:149} INFO - [2023-05-10T21:55:36.937+0000] {dag.py:3490} INFO - Setting next_dagrun for example_time_delta_sensor_async to None, run_after=None
[2023-05-10T21:55:37.698+0000] {processor.py:178} INFO - Processing /home/airflow/.local/lib/python3.7/site-packages/airflow/example_dags/example_time_delta_sensor_async.py took 1.367 seconds
[2023-05-10T21:56:07.822+0000] {processor.py:156} INFO - Started process (PID=316) to work on /home/airflow/.local/lib/python3.7/site-packages/airflow/example_dags/example_time_delta_sensor_async.py
[2023-05-10T21:56:07.830+0000] {processor.py:799} INFO - Processing file /home/airflow/.local/lib/python3.7/site-packages/airflow/example_dags/example_time_delta_sensor_async.py for tasks to queue
[2023-05-10T21:56:07.839+0000] {logging_mixin.py:149} INFO - [2023-05-10T21:56:07.837+0000] {dagbag.py:541} INFO - Filling up the DagBag from /home/airflow/.local/lib/python3.7/site-packages/airflow/example_dags/example_time_delta_sensor_async.py
[2023-05-10T21:56:07.860+0000] {processor.py:809} INFO - DAG(s) dict_keys(['example_time_delta_sensor_async']) retrieved from /home/airflow/.local/lib/python3.7/site-packages/airflow/example_dags/example_time_delta_sensor_async.py
[2023-05-10T21:56:07.957+0000] {logging_mixin.py:149} INFO - [2023-05-10T21:56:07.956+0000] {dag.py:2726} INFO - Sync 1 DAGs
[2023-05-10T21:56:08.085+0000] {logging_mixin.py:149} INFO - [2023-05-10T21:56:08.085+0000] {dag.py:3490} INFO - Setting next_dagrun for example_time_delta_sensor_async to None, run_after=None
[2023-05-10T21:56:08.344+0000] {processor.py:178} INFO - Processing /home/airflow/.local/lib/python3.7/site-packages/airflow/example_dags/example_time_delta_sensor_async.py took 0.533 seconds
[2023-05-10T21:56:38.870+0000] {processor.py:156} INFO - Started process (PID=365) to work on /home/airflow/.local/lib/python3.7/site-packages/airflow/example_dags/example_time_delta_sensor_async.py
[2023-05-10T21:56:38.872+0000] {processor.py:799} INFO - Processing file /home/airflow/.local/lib/python3.7/site-packages/airflow/example_dags/example_time_delta_sensor_async.py for tasks to queue
[2023-05-10T21:56:38.885+0000] {logging_mixin.py:149} INFO - [2023-05-10T21:56:38.884+0000] {dagbag.py:541} INFO - Filling up the DagBag from /home/airflow/.local/lib/python3.7/site-packages/airflow/example_dags/example_time_delta_sensor_async.py
[2023-05-10T21:56:38.907+0000] {processor.py:809} INFO - DAG(s) dict_keys(['example_time_delta_sensor_async']) retrieved from /home/airflow/.local/lib/python3.7/site-packages/airflow/example_dags/example_time_delta_sensor_async.py
[2023-05-10T21:56:39.168+0000] {logging_mixin.py:149} INFO - [2023-05-10T21:56:39.167+0000] {dag.py:2726} INFO - Sync 1 DAGs
[2023-05-10T21:56:39.592+0000] {logging_mixin.py:149} INFO - [2023-05-10T21:56:39.591+0000] {dag.py:3490} INFO - Setting next_dagrun for example_time_delta_sensor_async to None, run_after=None
[2023-05-10T21:56:40.030+0000] {processor.py:178} INFO - Processing /home/airflow/.local/lib/python3.7/site-packages/airflow/example_dags/example_time_delta_sensor_async.py took 1.176 seconds
[2023-05-10T21:57:13.188+0000] {processor.py:156} INFO - Started process (PID=414) to work on /home/airflow/.local/lib/python3.7/site-packages/airflow/example_dags/example_time_delta_sensor_async.py
[2023-05-10T21:57:13.200+0000] {processor.py:799} INFO - Processing file /home/airflow/.local/lib/python3.7/site-packages/airflow/example_dags/example_time_delta_sensor_async.py for tasks to queue
[2023-05-10T21:57:13.205+0000] {logging_mixin.py:149} INFO - [2023-05-10T21:57:13.205+0000] {dagbag.py:541} INFO - Filling up the DagBag from /home/airflow/.local/lib/python3.7/site-packages/airflow/example_dags/example_time_delta_sensor_async.py
[2023-05-10T21:57:13.242+0000] {processor.py:809} INFO - DAG(s) dict_keys(['example_time_delta_sensor_async']) retrieved from /home/airflow/.local/lib/python3.7/site-packages/airflow/example_dags/example_time_delta_sensor_async.py
[2023-05-10T21:57:13.515+0000] {logging_mixin.py:149} INFO - [2023-05-10T21:57:13.514+0000] {dag.py:2726} INFO - Sync 1 DAGs
[2023-05-10T21:57:13.801+0000] {logging_mixin.py:149} INFO - [2023-05-10T21:57:13.799+0000] {dag.py:3490} INFO - Setting next_dagrun for example_time_delta_sensor_async to None, run_after=None
[2023-05-10T21:57:14.233+0000] {processor.py:178} INFO - Processing /home/airflow/.local/lib/python3.7/site-packages/airflow/example_dags/example_time_delta_sensor_async.py took 1.061 seconds
[2023-05-10T21:57:47.571+0000] {processor.py:156} INFO - Started process (PID=465) to work on /home/airflow/.local/lib/python3.7/site-packages/airflow/example_dags/example_time_delta_sensor_async.py
[2023-05-10T21:57:47.618+0000] {processor.py:799} INFO - Processing file /home/airflow/.local/lib/python3.7/site-packages/airflow/example_dags/example_time_delta_sensor_async.py for tasks to queue
[2023-05-10T21:57:47.627+0000] {logging_mixin.py:149} INFO - [2023-05-10T21:57:47.627+0000] {dagbag.py:541} INFO - Filling up the DagBag from /home/airflow/.local/lib/python3.7/site-packages/airflow/example_dags/example_time_delta_sensor_async.py
[2023-05-10T21:57:47.651+0000] {processor.py:809} INFO - DAG(s) dict_keys(['example_time_delta_sensor_async']) retrieved from /home/airflow/.local/lib/python3.7/site-packages/airflow/example_dags/example_time_delta_sensor_async.py
[2023-05-10T21:57:47.998+0000] {logging_mixin.py:149} INFO - [2023-05-10T21:57:47.998+0000] {dag.py:2726} INFO - Sync 1 DAGs
[2023-05-10T21:57:48.216+0000] {logging_mixin.py:149} INFO - [2023-05-10T21:57:48.215+0000] {dag.py:3490} INFO - Setting next_dagrun for example_time_delta_sensor_async to None, run_after=None
[2023-05-10T21:57:48.402+0000] {processor.py:178} INFO - Processing /home/airflow/.local/lib/python3.7/site-packages/airflow/example_dags/example_time_delta_sensor_async.py took 0.867 seconds
[2023-05-10T21:58:18.943+0000] {processor.py:156} INFO - Started process (PID=516) to work on /home/airflow/.local/lib/python3.7/site-packages/airflow/example_dags/example_time_delta_sensor_async.py
[2023-05-10T21:58:18.958+0000] {processor.py:799} INFO - Processing file /home/airflow/.local/lib/python3.7/site-packages/airflow/example_dags/example_time_delta_sensor_async.py for tasks to queue
[2023-05-10T21:58:18.963+0000] {logging_mixin.py:149} INFO - [2023-05-10T21:58:18.963+0000] {dagbag.py:541} INFO - Filling up the DagBag from /home/airflow/.local/lib/python3.7/site-packages/airflow/example_dags/example_time_delta_sensor_async.py
[2023-05-10T21:58:18.999+0000] {processor.py:809} INFO - DAG(s) dict_keys(['example_time_delta_sensor_async']) retrieved from /home/airflow/.local/lib/python3.7/site-packages/airflow/example_dags/example_time_delta_sensor_async.py
[2023-05-10T21:58:19.185+0000] {logging_mixin.py:149} INFO - [2023-05-10T21:58:19.184+0000] {dag.py:2726} INFO - Sync 1 DAGs
[2023-05-10T21:58:19.390+0000] {logging_mixin.py:149} INFO - [2023-05-10T21:58:19.389+0000] {dag.py:3490} INFO - Setting next_dagrun for example_time_delta_sensor_async to None, run_after=None
[2023-05-10T21:58:19.549+0000] {processor.py:178} INFO - Processing /home/airflow/.local/lib/python3.7/site-packages/airflow/example_dags/example_time_delta_sensor_async.py took 0.614 seconds
[2023-05-10T21:58:50.279+0000] {processor.py:156} INFO - Started process (PID=572) to work on /home/airflow/.local/lib/python3.7/site-packages/airflow/example_dags/example_time_delta_sensor_async.py
[2023-05-10T21:58:50.285+0000] {processor.py:799} INFO - Processing file /home/airflow/.local/lib/python3.7/site-packages/airflow/example_dags/example_time_delta_sensor_async.py for tasks to queue
[2023-05-10T21:58:50.291+0000] {logging_mixin.py:149} INFO - [2023-05-10T21:58:50.290+0000] {dagbag.py:541} INFO - Filling up the DagBag from /home/airflow/.local/lib/python3.7/site-packages/airflow/example_dags/example_time_delta_sensor_async.py
[2023-05-10T21:58:50.307+0000] {processor.py:809} INFO - DAG(s) dict_keys(['example_time_delta_sensor_async']) retrieved from /home/airflow/.local/lib/python3.7/site-packages/airflow/example_dags/example_time_delta_sensor_async.py
[2023-05-10T21:58:50.422+0000] {logging_mixin.py:149} INFO - [2023-05-10T21:58:50.417+0000] {dag.py:2726} INFO - Sync 1 DAGs
[2023-05-10T21:58:50.568+0000] {logging_mixin.py:149} INFO - [2023-05-10T21:58:50.568+0000] {dag.py:3490} INFO - Setting next_dagrun for example_time_delta_sensor_async to None, run_after=None
[2023-05-10T21:58:50.737+0000] {processor.py:178} INFO - Processing /home/airflow/.local/lib/python3.7/site-packages/airflow/example_dags/example_time_delta_sensor_async.py took 0.467 seconds
[2023-05-10T21:59:22.697+0000] {processor.py:156} INFO - Started process (PID=628) to work on /home/airflow/.local/lib/python3.7/site-packages/airflow/example_dags/example_time_delta_sensor_async.py
[2023-05-10T21:59:22.699+0000] {processor.py:799} INFO - Processing file /home/airflow/.local/lib/python3.7/site-packages/airflow/example_dags/example_time_delta_sensor_async.py for tasks to queue
[2023-05-10T21:59:22.702+0000] {logging_mixin.py:149} INFO - [2023-05-10T21:59:22.702+0000] {dagbag.py:541} INFO - Filling up the DagBag from /home/airflow/.local/lib/python3.7/site-packages/airflow/example_dags/example_time_delta_sensor_async.py
[2023-05-10T21:59:22.722+0000] {processor.py:809} INFO - DAG(s) dict_keys(['example_time_delta_sensor_async']) retrieved from /home/airflow/.local/lib/python3.7/site-packages/airflow/example_dags/example_time_delta_sensor_async.py
[2023-05-10T21:59:22.941+0000] {logging_mixin.py:149} INFO - [2023-05-10T21:59:22.941+0000] {dag.py:2726} INFO - Sync 1 DAGs
[2023-05-10T21:59:23.094+0000] {logging_mixin.py:149} INFO - [2023-05-10T21:59:23.093+0000] {dag.py:3490} INFO - Setting next_dagrun for example_time_delta_sensor_async to None, run_after=None
[2023-05-10T21:59:23.251+0000] {processor.py:178} INFO - Processing /home/airflow/.local/lib/python3.7/site-packages/airflow/example_dags/example_time_delta_sensor_async.py took 0.573 seconds
[2023-05-10T21:59:56.019+0000] {processor.py:156} INFO - Started process (PID=678) to work on /home/airflow/.local/lib/python3.7/site-packages/airflow/example_dags/example_time_delta_sensor_async.py
[2023-05-10T21:59:56.022+0000] {processor.py:799} INFO - Processing file /home/airflow/.local/lib/python3.7/site-packages/airflow/example_dags/example_time_delta_sensor_async.py for tasks to queue
[2023-05-10T21:59:56.040+0000] {logging_mixin.py:149} INFO - [2023-05-10T21:59:56.040+0000] {dagbag.py:541} INFO - Filling up the DagBag from /home/airflow/.local/lib/python3.7/site-packages/airflow/example_dags/example_time_delta_sensor_async.py
[2023-05-10T21:59:56.080+0000] {processor.py:809} INFO - DAG(s) dict_keys(['example_time_delta_sensor_async']) retrieved from /home/airflow/.local/lib/python3.7/site-packages/airflow/example_dags/example_time_delta_sensor_async.py
[2023-05-10T21:59:56.276+0000] {logging_mixin.py:149} INFO - [2023-05-10T21:59:56.275+0000] {dag.py:2726} INFO - Sync 1 DAGs
[2023-05-10T21:59:56.459+0000] {logging_mixin.py:149} INFO - [2023-05-10T21:59:56.458+0000] {dag.py:3490} INFO - Setting next_dagrun for example_time_delta_sensor_async to None, run_after=None
[2023-05-10T21:59:56.629+0000] {processor.py:178} INFO - Processing /home/airflow/.local/lib/python3.7/site-packages/airflow/example_dags/example_time_delta_sensor_async.py took 0.623 seconds
[2023-05-10T22:00:29.472+0000] {processor.py:156} INFO - Started process (PID=733) to work on /home/airflow/.local/lib/python3.7/site-packages/airflow/example_dags/example_time_delta_sensor_async.py
[2023-05-10T22:00:29.492+0000] {processor.py:799} INFO - Processing file /home/airflow/.local/lib/python3.7/site-packages/airflow/example_dags/example_time_delta_sensor_async.py for tasks to queue
[2023-05-10T22:00:29.527+0000] {logging_mixin.py:149} INFO - [2023-05-10T22:00:29.527+0000] {dagbag.py:541} INFO - Filling up the DagBag from /home/airflow/.local/lib/python3.7/site-packages/airflow/example_dags/example_time_delta_sensor_async.py
[2023-05-10T22:00:29.569+0000] {processor.py:809} INFO - DAG(s) dict_keys(['example_time_delta_sensor_async']) retrieved from /home/airflow/.local/lib/python3.7/site-packages/airflow/example_dags/example_time_delta_sensor_async.py
[2023-05-10T22:00:29.737+0000] {logging_mixin.py:149} INFO - [2023-05-10T22:00:29.737+0000] {dag.py:2726} INFO - Sync 1 DAGs
[2023-05-10T22:00:30.091+0000] {logging_mixin.py:149} INFO - [2023-05-10T22:00:30.090+0000] {dag.py:3490} INFO - Setting next_dagrun for example_time_delta_sensor_async to None, run_after=None
[2023-05-10T22:00:30.282+0000] {processor.py:178} INFO - Processing /home/airflow/.local/lib/python3.7/site-packages/airflow/example_dags/example_time_delta_sensor_async.py took 0.828 seconds
[2023-05-10T22:01:00.407+0000] {processor.py:156} INFO - Started process (PID=785) to work on /home/airflow/.local/lib/python3.7/site-packages/airflow/example_dags/example_time_delta_sensor_async.py
[2023-05-10T22:01:00.476+0000] {processor.py:799} INFO - Processing file /home/airflow/.local/lib/python3.7/site-packages/airflow/example_dags/example_time_delta_sensor_async.py for tasks to queue
[2023-05-10T22:01:00.479+0000] {logging_mixin.py:149} INFO - [2023-05-10T22:01:00.479+0000] {dagbag.py:541} INFO - Filling up the DagBag from /home/airflow/.local/lib/python3.7/site-packages/airflow/example_dags/example_time_delta_sensor_async.py
[2023-05-10T22:01:00.498+0000] {processor.py:809} INFO - DAG(s) dict_keys(['example_time_delta_sensor_async']) retrieved from /home/airflow/.local/lib/python3.7/site-packages/airflow/example_dags/example_time_delta_sensor_async.py
[2023-05-10T22:01:00.621+0000] {logging_mixin.py:149} INFO - [2023-05-10T22:01:00.620+0000] {dag.py:2726} INFO - Sync 1 DAGs
[2023-05-10T22:01:00.776+0000] {logging_mixin.py:149} INFO - [2023-05-10T22:01:00.775+0000] {dag.py:3490} INFO - Setting next_dagrun for example_time_delta_sensor_async to None, run_after=None
[2023-05-10T22:01:00.941+0000] {processor.py:178} INFO - Processing /home/airflow/.local/lib/python3.7/site-packages/airflow/example_dags/example_time_delta_sensor_async.py took 0.553 seconds
[2023-05-10T22:01:31.258+0000] {processor.py:156} INFO - Started process (PID=840) to work on /home/airflow/.local/lib/python3.7/site-packages/airflow/example_dags/example_time_delta_sensor_async.py
[2023-05-10T22:01:31.278+0000] {processor.py:799} INFO - Processing file /home/airflow/.local/lib/python3.7/site-packages/airflow/example_dags/example_time_delta_sensor_async.py for tasks to queue
[2023-05-10T22:01:31.280+0000] {logging_mixin.py:149} INFO - [2023-05-10T22:01:31.280+0000] {dagbag.py:541} INFO - Filling up the DagBag from /home/airflow/.local/lib/python3.7/site-packages/airflow/example_dags/example_time_delta_sensor_async.py
[2023-05-10T22:01:31.324+0000] {processor.py:809} INFO - DAG(s) dict_keys(['example_time_delta_sensor_async']) retrieved from /home/airflow/.local/lib/python3.7/site-packages/airflow/example_dags/example_time_delta_sensor_async.py
[2023-05-10T22:01:31.612+0000] {logging_mixin.py:149} INFO - [2023-05-10T22:01:31.612+0000] {dag.py:2726} INFO - Sync 1 DAGs
[2023-05-10T22:01:31.925+0000] {logging_mixin.py:149} INFO - [2023-05-10T22:01:31.924+0000] {dag.py:3490} INFO - Setting next_dagrun for example_time_delta_sensor_async to None, run_after=None
[2023-05-10T22:01:32.462+0000] {processor.py:178} INFO - Processing /home/airflow/.local/lib/python3.7/site-packages/airflow/example_dags/example_time_delta_sensor_async.py took 1.219 seconds
[2023-05-10T22:02:02.962+0000] {processor.py:156} INFO - Started process (PID=896) to work on /home/airflow/.local/lib/python3.7/site-packages/airflow/example_dags/example_time_delta_sensor_async.py
[2023-05-10T22:02:02.978+0000] {processor.py:799} INFO - Processing file /home/airflow/.local/lib/python3.7/site-packages/airflow/example_dags/example_time_delta_sensor_async.py for tasks to queue
[2023-05-10T22:02:02.981+0000] {logging_mixin.py:149} INFO - [2023-05-10T22:02:02.980+0000] {dagbag.py:541} INFO - Filling up the DagBag from /home/airflow/.local/lib/python3.7/site-packages/airflow/example_dags/example_time_delta_sensor_async.py
[2023-05-10T22:02:03.002+0000] {processor.py:809} INFO - DAG(s) dict_keys(['example_time_delta_sensor_async']) retrieved from /home/airflow/.local/lib/python3.7/site-packages/airflow/example_dags/example_time_delta_sensor_async.py
[2023-05-10T22:02:03.152+0000] {logging_mixin.py:149} INFO - [2023-05-10T22:02:03.151+0000] {dag.py:2726} INFO - Sync 1 DAGs
[2023-05-10T22:02:03.311+0000] {logging_mixin.py:149} INFO - [2023-05-10T22:02:03.311+0000] {dag.py:3490} INFO - Setting next_dagrun for example_time_delta_sensor_async to None, run_after=None
[2023-05-10T22:02:03.677+0000] {processor.py:178} INFO - Processing /home/airflow/.local/lib/python3.7/site-packages/airflow/example_dags/example_time_delta_sensor_async.py took 0.723 seconds
[2023-05-10T22:02:37.130+0000] {processor.py:156} INFO - Started process (PID=952) to work on /home/airflow/.local/lib/python3.7/site-packages/airflow/example_dags/example_time_delta_sensor_async.py
[2023-05-10T22:02:37.133+0000] {processor.py:799} INFO - Processing file /home/airflow/.local/lib/python3.7/site-packages/airflow/example_dags/example_time_delta_sensor_async.py for tasks to queue
[2023-05-10T22:02:37.144+0000] {logging_mixin.py:149} INFO - [2023-05-10T22:02:37.143+0000] {dagbag.py:541} INFO - Filling up the DagBag from /home/airflow/.local/lib/python3.7/site-packages/airflow/example_dags/example_time_delta_sensor_async.py
[2023-05-10T22:02:37.162+0000] {processor.py:809} INFO - DAG(s) dict_keys(['example_time_delta_sensor_async']) retrieved from /home/airflow/.local/lib/python3.7/site-packages/airflow/example_dags/example_time_delta_sensor_async.py
[2023-05-10T22:02:37.318+0000] {logging_mixin.py:149} INFO - [2023-05-10T22:02:37.318+0000] {dag.py:2726} INFO - Sync 1 DAGs
[2023-05-10T22:02:37.517+0000] {logging_mixin.py:149} INFO - [2023-05-10T22:02:37.517+0000] {dag.py:3490} INFO - Setting next_dagrun for example_time_delta_sensor_async to None, run_after=None
[2023-05-10T22:02:37.905+0000] {processor.py:178} INFO - Processing /home/airflow/.local/lib/python3.7/site-packages/airflow/example_dags/example_time_delta_sensor_async.py took 0.788 seconds
[2023-05-10T22:03:09.034+0000] {processor.py:156} INFO - Started process (PID=1008) to work on /home/airflow/.local/lib/python3.7/site-packages/airflow/example_dags/example_time_delta_sensor_async.py
[2023-05-10T22:03:09.037+0000] {processor.py:799} INFO - Processing file /home/airflow/.local/lib/python3.7/site-packages/airflow/example_dags/example_time_delta_sensor_async.py for tasks to queue
[2023-05-10T22:03:09.049+0000] {logging_mixin.py:149} INFO - [2023-05-10T22:03:09.048+0000] {dagbag.py:541} INFO - Filling up the DagBag from /home/airflow/.local/lib/python3.7/site-packages/airflow/example_dags/example_time_delta_sensor_async.py
[2023-05-10T22:03:09.070+0000] {processor.py:809} INFO - DAG(s) dict_keys(['example_time_delta_sensor_async']) retrieved from /home/airflow/.local/lib/python3.7/site-packages/airflow/example_dags/example_time_delta_sensor_async.py
[2023-05-10T22:03:09.232+0000] {logging_mixin.py:149} INFO - [2023-05-10T22:03:09.232+0000] {dag.py:2726} INFO - Sync 1 DAGs
[2023-05-10T22:03:09.415+0000] {logging_mixin.py:149} INFO - [2023-05-10T22:03:09.414+0000] {dag.py:3490} INFO - Setting next_dagrun for example_time_delta_sensor_async to None, run_after=None
[2023-05-10T22:03:09.593+0000] {processor.py:178} INFO - Processing /home/airflow/.local/lib/python3.7/site-packages/airflow/example_dags/example_time_delta_sensor_async.py took 0.571 seconds
[2023-05-10T22:03:40.288+0000] {processor.py:156} INFO - Started process (PID=1063) to work on /home/airflow/.local/lib/python3.7/site-packages/airflow/example_dags/example_time_delta_sensor_async.py
[2023-05-10T22:03:40.301+0000] {processor.py:799} INFO - Processing file /home/airflow/.local/lib/python3.7/site-packages/airflow/example_dags/example_time_delta_sensor_async.py for tasks to queue
[2023-05-10T22:03:40.309+0000] {logging_mixin.py:149} INFO - [2023-05-10T22:03:40.308+0000] {dagbag.py:541} INFO - Filling up the DagBag from /home/airflow/.local/lib/python3.7/site-packages/airflow/example_dags/example_time_delta_sensor_async.py
[2023-05-10T22:03:40.342+0000] {processor.py:809} INFO - DAG(s) dict_keys(['example_time_delta_sensor_async']) retrieved from /home/airflow/.local/lib/python3.7/site-packages/airflow/example_dags/example_time_delta_sensor_async.py
[2023-05-10T22:03:40.433+0000] {logging_mixin.py:149} INFO - [2023-05-10T22:03:40.432+0000] {dag.py:2726} INFO - Sync 1 DAGs
[2023-05-10T22:03:40.524+0000] {logging_mixin.py:149} INFO - [2023-05-10T22:03:40.524+0000] {dag.py:3490} INFO - Setting next_dagrun for example_time_delta_sensor_async to None, run_after=None
[2023-05-10T22:03:40.853+0000] {processor.py:178} INFO - Processing /home/airflow/.local/lib/python3.7/site-packages/airflow/example_dags/example_time_delta_sensor_async.py took 0.574 seconds
[2023-05-10T22:04:11.580+0000] {processor.py:156} INFO - Started process (PID=1118) to work on /home/airflow/.local/lib/python3.7/site-packages/airflow/example_dags/example_time_delta_sensor_async.py
[2023-05-10T22:04:11.583+0000] {processor.py:799} INFO - Processing file /home/airflow/.local/lib/python3.7/site-packages/airflow/example_dags/example_time_delta_sensor_async.py for tasks to queue
[2023-05-10T22:04:11.585+0000] {logging_mixin.py:149} INFO - [2023-05-10T22:04:11.585+0000] {dagbag.py:541} INFO - Filling up the DagBag from /home/airflow/.local/lib/python3.7/site-packages/airflow/example_dags/example_time_delta_sensor_async.py
[2023-05-10T22:04:11.638+0000] {processor.py:809} INFO - DAG(s) dict_keys(['example_time_delta_sensor_async']) retrieved from /home/airflow/.local/lib/python3.7/site-packages/airflow/example_dags/example_time_delta_sensor_async.py
[2023-05-10T22:04:11.818+0000] {logging_mixin.py:149} INFO - [2023-05-10T22:04:11.808+0000] {dag.py:2726} INFO - Sync 1 DAGs
[2023-05-10T22:04:12.010+0000] {logging_mixin.py:149} INFO - [2023-05-10T22:04:12.009+0000] {dag.py:3490} INFO - Setting next_dagrun for example_time_delta_sensor_async to None, run_after=None
[2023-05-10T22:04:12.216+0000] {processor.py:178} INFO - Processing /home/airflow/.local/lib/python3.7/site-packages/airflow/example_dags/example_time_delta_sensor_async.py took 0.654 seconds
[2023-05-10T22:04:42.584+0000] {processor.py:156} INFO - Started process (PID=1164) to work on /home/airflow/.local/lib/python3.7/site-packages/airflow/example_dags/example_time_delta_sensor_async.py
[2023-05-10T22:04:42.586+0000] {processor.py:799} INFO - Processing file /home/airflow/.local/lib/python3.7/site-packages/airflow/example_dags/example_time_delta_sensor_async.py for tasks to queue
[2023-05-10T22:04:42.589+0000] {logging_mixin.py:149} INFO - [2023-05-10T22:04:42.589+0000] {dagbag.py:541} INFO - Filling up the DagBag from /home/airflow/.local/lib/python3.7/site-packages/airflow/example_dags/example_time_delta_sensor_async.py
[2023-05-10T22:04:42.623+0000] {processor.py:809} INFO - DAG(s) dict_keys(['example_time_delta_sensor_async']) retrieved from /home/airflow/.local/lib/python3.7/site-packages/airflow/example_dags/example_time_delta_sensor_async.py
[2023-05-10T22:04:42.831+0000] {logging_mixin.py:149} INFO - [2023-05-10T22:04:42.830+0000] {dag.py:2726} INFO - Sync 1 DAGs
[2023-05-10T22:04:43.067+0000] {logging_mixin.py:149} INFO - [2023-05-10T22:04:43.066+0000] {dag.py:3490} INFO - Setting next_dagrun for example_time_delta_sensor_async to None, run_after=None
[2023-05-10T22:04:43.269+0000] {processor.py:178} INFO - Processing /home/airflow/.local/lib/python3.7/site-packages/airflow/example_dags/example_time_delta_sensor_async.py took 0.716 seconds
[2023-05-10T22:05:14.426+0000] {processor.py:156} INFO - Started process (PID=1220) to work on /home/airflow/.local/lib/python3.7/site-packages/airflow/example_dags/example_time_delta_sensor_async.py
[2023-05-10T22:05:14.428+0000] {processor.py:799} INFO - Processing file /home/airflow/.local/lib/python3.7/site-packages/airflow/example_dags/example_time_delta_sensor_async.py for tasks to queue
[2023-05-10T22:05:14.431+0000] {logging_mixin.py:149} INFO - [2023-05-10T22:05:14.431+0000] {dagbag.py:541} INFO - Filling up the DagBag from /home/airflow/.local/lib/python3.7/site-packages/airflow/example_dags/example_time_delta_sensor_async.py
[2023-05-10T22:05:14.450+0000] {processor.py:809} INFO - DAG(s) dict_keys(['example_time_delta_sensor_async']) retrieved from /home/airflow/.local/lib/python3.7/site-packages/airflow/example_dags/example_time_delta_sensor_async.py
[2023-05-10T22:05:14.655+0000] {logging_mixin.py:149} INFO - [2023-05-10T22:05:14.655+0000] {dag.py:2726} INFO - Sync 1 DAGs
[2023-05-10T22:05:14.875+0000] {logging_mixin.py:149} INFO - [2023-05-10T22:05:14.875+0000] {dag.py:3490} INFO - Setting next_dagrun for example_time_delta_sensor_async to None, run_after=None
[2023-05-10T22:05:15.117+0000] {processor.py:178} INFO - Processing /home/airflow/.local/lib/python3.7/site-packages/airflow/example_dags/example_time_delta_sensor_async.py took 0.722 seconds
[2023-05-10T22:05:46.400+0000] {processor.py:156} INFO - Started process (PID=1277) to work on /home/airflow/.local/lib/python3.7/site-packages/airflow/example_dags/example_time_delta_sensor_async.py
[2023-05-10T22:05:46.414+0000] {processor.py:799} INFO - Processing file /home/airflow/.local/lib/python3.7/site-packages/airflow/example_dags/example_time_delta_sensor_async.py for tasks to queue
[2023-05-10T22:05:46.417+0000] {logging_mixin.py:149} INFO - [2023-05-10T22:05:46.416+0000] {dagbag.py:541} INFO - Filling up the DagBag from /home/airflow/.local/lib/python3.7/site-packages/airflow/example_dags/example_time_delta_sensor_async.py
[2023-05-10T22:05:46.448+0000] {processor.py:809} INFO - DAG(s) dict_keys(['example_time_delta_sensor_async']) retrieved from /home/airflow/.local/lib/python3.7/site-packages/airflow/example_dags/example_time_delta_sensor_async.py
[2023-05-10T22:05:46.615+0000] {logging_mixin.py:149} INFO - [2023-05-10T22:05:46.614+0000] {dag.py:2726} INFO - Sync 1 DAGs
[2023-05-10T22:05:46.845+0000] {logging_mixin.py:149} INFO - [2023-05-10T22:05:46.845+0000] {dag.py:3490} INFO - Setting next_dagrun for example_time_delta_sensor_async to None, run_after=None
[2023-05-10T22:05:47.266+0000] {processor.py:178} INFO - Processing /home/airflow/.local/lib/python3.7/site-packages/airflow/example_dags/example_time_delta_sensor_async.py took 0.894 seconds
[2023-05-10T22:06:19.224+0000] {processor.py:156} INFO - Started process (PID=1331) to work on /home/airflow/.local/lib/python3.7/site-packages/airflow/example_dags/example_time_delta_sensor_async.py
[2023-05-10T22:06:19.229+0000] {processor.py:799} INFO - Processing file /home/airflow/.local/lib/python3.7/site-packages/airflow/example_dags/example_time_delta_sensor_async.py for tasks to queue
[2023-05-10T22:06:19.240+0000] {logging_mixin.py:149} INFO - [2023-05-10T22:06:19.232+0000] {dagbag.py:541} INFO - Filling up the DagBag from /home/airflow/.local/lib/python3.7/site-packages/airflow/example_dags/example_time_delta_sensor_async.py
[2023-05-10T22:06:19.252+0000] {processor.py:809} INFO - DAG(s) dict_keys(['example_time_delta_sensor_async']) retrieved from /home/airflow/.local/lib/python3.7/site-packages/airflow/example_dags/example_time_delta_sensor_async.py
[2023-05-10T22:06:19.358+0000] {logging_mixin.py:149} INFO - [2023-05-10T22:06:19.358+0000] {dag.py:2726} INFO - Sync 1 DAGs
[2023-05-10T22:06:19.507+0000] {logging_mixin.py:149} INFO - [2023-05-10T22:06:19.504+0000] {dag.py:3490} INFO - Setting next_dagrun for example_time_delta_sensor_async to None, run_after=None
[2023-05-10T22:06:19.748+0000] {processor.py:178} INFO - Processing /home/airflow/.local/lib/python3.7/site-packages/airflow/example_dags/example_time_delta_sensor_async.py took 0.539 seconds
[2023-05-10T22:06:51.072+0000] {processor.py:156} INFO - Started process (PID=1385) to work on /home/airflow/.local/lib/python3.7/site-packages/airflow/example_dags/example_time_delta_sensor_async.py
[2023-05-10T22:06:51.081+0000] {processor.py:799} INFO - Processing file /home/airflow/.local/lib/python3.7/site-packages/airflow/example_dags/example_time_delta_sensor_async.py for tasks to queue
[2023-05-10T22:06:51.084+0000] {logging_mixin.py:149} INFO - [2023-05-10T22:06:51.083+0000] {dagbag.py:541} INFO - Filling up the DagBag from /home/airflow/.local/lib/python3.7/site-packages/airflow/example_dags/example_time_delta_sensor_async.py
[2023-05-10T22:06:51.115+0000] {processor.py:809} INFO - DAG(s) dict_keys(['example_time_delta_sensor_async']) retrieved from /home/airflow/.local/lib/python3.7/site-packages/airflow/example_dags/example_time_delta_sensor_async.py
[2023-05-10T22:06:51.293+0000] {logging_mixin.py:149} INFO - [2023-05-10T22:06:51.293+0000] {dag.py:2726} INFO - Sync 1 DAGs
[2023-05-10T22:06:51.475+0000] {logging_mixin.py:149} INFO - [2023-05-10T22:06:51.475+0000] {dag.py:3490} INFO - Setting next_dagrun for example_time_delta_sensor_async to None, run_after=None
[2023-05-10T22:06:51.611+0000] {processor.py:178} INFO - Processing /home/airflow/.local/lib/python3.7/site-packages/airflow/example_dags/example_time_delta_sensor_async.py took 0.557 seconds
[2023-05-10T22:07:22.425+0000] {processor.py:156} INFO - Started process (PID=1432) to work on /home/airflow/.local/lib/python3.7/site-packages/airflow/example_dags/example_time_delta_sensor_async.py
[2023-05-10T22:07:22.427+0000] {processor.py:799} INFO - Processing file /home/airflow/.local/lib/python3.7/site-packages/airflow/example_dags/example_time_delta_sensor_async.py for tasks to queue
[2023-05-10T22:07:22.431+0000] {logging_mixin.py:149} INFO - [2023-05-10T22:07:22.431+0000] {dagbag.py:541} INFO - Filling up the DagBag from /home/airflow/.local/lib/python3.7/site-packages/airflow/example_dags/example_time_delta_sensor_async.py
[2023-05-10T22:07:22.454+0000] {processor.py:809} INFO - DAG(s) dict_keys(['example_time_delta_sensor_async']) retrieved from /home/airflow/.local/lib/python3.7/site-packages/airflow/example_dags/example_time_delta_sensor_async.py
[2023-05-10T22:07:22.888+0000] {logging_mixin.py:149} INFO - [2023-05-10T22:07:22.885+0000] {dag.py:2726} INFO - Sync 1 DAGs
[2023-05-10T22:07:23.230+0000] {logging_mixin.py:149} INFO - [2023-05-10T22:07:23.229+0000] {dag.py:3490} INFO - Setting next_dagrun for example_time_delta_sensor_async to None, run_after=None
[2023-05-10T22:07:23.594+0000] {processor.py:178} INFO - Processing /home/airflow/.local/lib/python3.7/site-packages/airflow/example_dags/example_time_delta_sensor_async.py took 1.187 seconds
[2023-05-10T22:07:54.307+0000] {processor.py:156} INFO - Started process (PID=1488) to work on /home/airflow/.local/lib/python3.7/site-packages/airflow/example_dags/example_time_delta_sensor_async.py
[2023-05-10T22:07:54.310+0000] {processor.py:799} INFO - Processing file /home/airflow/.local/lib/python3.7/site-packages/airflow/example_dags/example_time_delta_sensor_async.py for tasks to queue
[2023-05-10T22:07:54.313+0000] {logging_mixin.py:149} INFO - [2023-05-10T22:07:54.312+0000] {dagbag.py:541} INFO - Filling up the DagBag from /home/airflow/.local/lib/python3.7/site-packages/airflow/example_dags/example_time_delta_sensor_async.py
[2023-05-10T22:07:54.331+0000] {processor.py:809} INFO - DAG(s) dict_keys(['example_time_delta_sensor_async']) retrieved from /home/airflow/.local/lib/python3.7/site-packages/airflow/example_dags/example_time_delta_sensor_async.py
[2023-05-10T22:07:54.508+0000] {logging_mixin.py:149} INFO - [2023-05-10T22:07:54.508+0000] {dag.py:2726} INFO - Sync 1 DAGs
[2023-05-10T22:07:54.736+0000] {logging_mixin.py:149} INFO - [2023-05-10T22:07:54.735+0000] {dag.py:3490} INFO - Setting next_dagrun for example_time_delta_sensor_async to None, run_after=None
[2023-05-10T22:07:55.124+0000] {processor.py:178} INFO - Processing /home/airflow/.local/lib/python3.7/site-packages/airflow/example_dags/example_time_delta_sensor_async.py took 0.836 seconds
[2023-05-10T22:08:25.527+0000] {processor.py:156} INFO - Started process (PID=1544) to work on /home/airflow/.local/lib/python3.7/site-packages/airflow/example_dags/example_time_delta_sensor_async.py
[2023-05-10T22:08:25.531+0000] {processor.py:799} INFO - Processing file /home/airflow/.local/lib/python3.7/site-packages/airflow/example_dags/example_time_delta_sensor_async.py for tasks to queue
[2023-05-10T22:08:25.534+0000] {logging_mixin.py:149} INFO - [2023-05-10T22:08:25.533+0000] {dagbag.py:541} INFO - Filling up the DagBag from /home/airflow/.local/lib/python3.7/site-packages/airflow/example_dags/example_time_delta_sensor_async.py
[2023-05-10T22:08:25.550+0000] {processor.py:809} INFO - DAG(s) dict_keys(['example_time_delta_sensor_async']) retrieved from /home/airflow/.local/lib/python3.7/site-packages/airflow/example_dags/example_time_delta_sensor_async.py
[2023-05-10T22:08:25.682+0000] {logging_mixin.py:149} INFO - [2023-05-10T22:08:25.682+0000] {dag.py:2726} INFO - Sync 1 DAGs
[2023-05-10T22:08:25.861+0000] {logging_mixin.py:149} INFO - [2023-05-10T22:08:25.859+0000] {dag.py:3490} INFO - Setting next_dagrun for example_time_delta_sensor_async to None, run_after=None
[2023-05-10T22:08:26.055+0000] {processor.py:178} INFO - Processing /home/airflow/.local/lib/python3.7/site-packages/airflow/example_dags/example_time_delta_sensor_async.py took 0.540 seconds
[2023-05-10T22:08:56.353+0000] {processor.py:156} INFO - Started process (PID=1600) to work on /home/airflow/.local/lib/python3.7/site-packages/airflow/example_dags/example_time_delta_sensor_async.py
[2023-05-10T22:08:56.359+0000] {processor.py:799} INFO - Processing file /home/airflow/.local/lib/python3.7/site-packages/airflow/example_dags/example_time_delta_sensor_async.py for tasks to queue
[2023-05-10T22:08:56.365+0000] {logging_mixin.py:149} INFO - [2023-05-10T22:08:56.365+0000] {dagbag.py:541} INFO - Filling up the DagBag from /home/airflow/.local/lib/python3.7/site-packages/airflow/example_dags/example_time_delta_sensor_async.py
[2023-05-10T22:08:56.388+0000] {processor.py:809} INFO - DAG(s) dict_keys(['example_time_delta_sensor_async']) retrieved from /home/airflow/.local/lib/python3.7/site-packages/airflow/example_dags/example_time_delta_sensor_async.py
[2023-05-10T22:08:56.533+0000] {logging_mixin.py:149} INFO - [2023-05-10T22:08:56.532+0000] {dag.py:2726} INFO - Sync 1 DAGs
[2023-05-10T22:08:56.684+0000] {logging_mixin.py:149} INFO - [2023-05-10T22:08:56.683+0000] {dag.py:3490} INFO - Setting next_dagrun for example_time_delta_sensor_async to None, run_after=None
[2023-05-10T22:08:56.870+0000] {processor.py:178} INFO - Processing /home/airflow/.local/lib/python3.7/site-packages/airflow/example_dags/example_time_delta_sensor_async.py took 0.527 seconds
[2023-05-10T22:09:29.773+0000] {processor.py:156} INFO - Started process (PID=1648) to work on /home/airflow/.local/lib/python3.7/site-packages/airflow/example_dags/example_time_delta_sensor_async.py
[2023-05-10T22:09:29.776+0000] {processor.py:799} INFO - Processing file /home/airflow/.local/lib/python3.7/site-packages/airflow/example_dags/example_time_delta_sensor_async.py for tasks to queue
[2023-05-10T22:09:29.780+0000] {logging_mixin.py:149} INFO - [2023-05-10T22:09:29.778+0000] {dagbag.py:541} INFO - Filling up the DagBag from /home/airflow/.local/lib/python3.7/site-packages/airflow/example_dags/example_time_delta_sensor_async.py
[2023-05-10T22:09:29.809+0000] {processor.py:809} INFO - DAG(s) dict_keys(['example_time_delta_sensor_async']) retrieved from /home/airflow/.local/lib/python3.7/site-packages/airflow/example_dags/example_time_delta_sensor_async.py
[2023-05-10T22:09:29.965+0000] {logging_mixin.py:149} INFO - [2023-05-10T22:09:29.964+0000] {dag.py:2726} INFO - Sync 1 DAGs
[2023-05-10T22:09:30.167+0000] {logging_mixin.py:149} INFO - [2023-05-10T22:09:30.167+0000] {dag.py:3490} INFO - Setting next_dagrun for example_time_delta_sensor_async to None, run_after=None
[2023-05-10T22:09:30.326+0000] {processor.py:178} INFO - Processing /home/airflow/.local/lib/python3.7/site-packages/airflow/example_dags/example_time_delta_sensor_async.py took 0.569 seconds
[2023-05-10T22:10:01.854+0000] {processor.py:156} INFO - Started process (PID=1705) to work on /home/airflow/.local/lib/python3.7/site-packages/airflow/example_dags/example_time_delta_sensor_async.py
[2023-05-10T22:10:01.860+0000] {processor.py:799} INFO - Processing file /home/airflow/.local/lib/python3.7/site-packages/airflow/example_dags/example_time_delta_sensor_async.py for tasks to queue
[2023-05-10T22:10:01.863+0000] {logging_mixin.py:149} INFO - [2023-05-10T22:10:01.862+0000] {dagbag.py:541} INFO - Filling up the DagBag from /home/airflow/.local/lib/python3.7/site-packages/airflow/example_dags/example_time_delta_sensor_async.py
[2023-05-10T22:10:01.901+0000] {processor.py:809} INFO - DAG(s) dict_keys(['example_time_delta_sensor_async']) retrieved from /home/airflow/.local/lib/python3.7/site-packages/airflow/example_dags/example_time_delta_sensor_async.py
[2023-05-10T22:10:02.076+0000] {logging_mixin.py:149} INFO - [2023-05-10T22:10:02.075+0000] {dag.py:2726} INFO - Sync 1 DAGs
[2023-05-10T22:10:02.271+0000] {logging_mixin.py:149} INFO - [2023-05-10T22:10:02.271+0000] {dag.py:3490} INFO - Setting next_dagrun for example_time_delta_sensor_async to None, run_after=None
[2023-05-10T22:10:02.451+0000] {processor.py:178} INFO - Processing /home/airflow/.local/lib/python3.7/site-packages/airflow/example_dags/example_time_delta_sensor_async.py took 0.610 seconds
