[2023-05-10T21:53:05.491+0000] {processor.py:156} INFO - Started process (PID=83) to work on /home/airflow/.local/lib/python3.7/site-packages/airflow/example_dags/example_external_task_marker_dag.py
[2023-05-10T21:53:05.502+0000] {processor.py:799} INFO - Processing file /home/airflow/.local/lib/python3.7/site-packages/airflow/example_dags/example_external_task_marker_dag.py for tasks to queue
[2023-05-10T21:53:05.506+0000] {logging_mixin.py:149} INFO - [2023-05-10T21:53:05.506+0000] {dagbag.py:541} INFO - Filling up the DagBag from /home/airflow/.local/lib/python3.7/site-packages/airflow/example_dags/example_external_task_marker_dag.py
[2023-05-10T21:53:05.601+0000] {processor.py:809} INFO - DAG(s) dict_keys(['example_external_task_marker_child', 'example_external_task_marker_parent']) retrieved from /home/airflow/.local/lib/python3.7/site-packages/airflow/example_dags/example_external_task_marker_dag.py
[2023-05-10T21:53:07.003+0000] {logging_mixin.py:149} INFO - [2023-05-10T21:53:07.003+0000] {manager.py:504} INFO - Created Permission View: can read on DAG:example_external_task_marker_child
[2023-05-10T21:53:07.203+0000] {logging_mixin.py:149} INFO - [2023-05-10T21:53:07.202+0000] {manager.py:504} INFO - Created Permission View: can delete on DAG:example_external_task_marker_child
[2023-05-10T21:53:07.434+0000] {logging_mixin.py:149} INFO - [2023-05-10T21:53:07.434+0000] {manager.py:504} INFO - Created Permission View: can edit on DAG:example_external_task_marker_child
[2023-05-10T21:53:07.773+0000] {logging_mixin.py:149} INFO - [2023-05-10T21:53:07.762+0000] {manager.py:504} INFO - Created Permission View: can read on DAG:example_external_task_marker_parent
[2023-05-10T21:53:08.318+0000] {logging_mixin.py:149} INFO - [2023-05-10T21:53:08.318+0000] {manager.py:504} INFO - Created Permission View: can delete on DAG:example_external_task_marker_parent
[2023-05-10T21:53:08.459+0000] {logging_mixin.py:149} INFO - [2023-05-10T21:53:08.458+0000] {manager.py:504} INFO - Created Permission View: can edit on DAG:example_external_task_marker_parent
[2023-05-10T21:53:08.461+0000] {logging_mixin.py:149} INFO - [2023-05-10T21:53:08.460+0000] {dag.py:2726} INFO - Sync 2 DAGs
[2023-05-10T21:53:08.599+0000] {logging_mixin.py:149} INFO - [2023-05-10T21:53:08.599+0000] {dag.py:2747} INFO - Creating ORM DAG for example_external_task_marker_child
[2023-05-10T21:53:08.602+0000] {logging_mixin.py:149} INFO - [2023-05-10T21:53:08.601+0000] {dag.py:2747} INFO - Creating ORM DAG for example_external_task_marker_parent
[2023-05-10T21:53:08.687+0000] {logging_mixin.py:149} INFO - [2023-05-10T21:53:08.687+0000] {dag.py:3490} INFO - Setting next_dagrun for example_external_task_marker_child to None, run_after=None
[2023-05-10T21:53:08.689+0000] {logging_mixin.py:149} INFO - [2023-05-10T21:53:08.689+0000] {dag.py:3490} INFO - Setting next_dagrun for example_external_task_marker_parent to None, run_after=None
[2023-05-10T21:53:09.058+0000] {processor.py:178} INFO - Processing /home/airflow/.local/lib/python3.7/site-packages/airflow/example_dags/example_external_task_marker_dag.py took 3.585 seconds
[2023-05-10T21:54:04.332+0000] {processor.py:156} INFO - Started process (PID=145) to work on /home/airflow/.local/lib/python3.7/site-packages/airflow/example_dags/example_external_task_marker_dag.py
[2023-05-10T21:54:04.334+0000] {processor.py:799} INFO - Processing file /home/airflow/.local/lib/python3.7/site-packages/airflow/example_dags/example_external_task_marker_dag.py for tasks to queue
[2023-05-10T21:54:04.338+0000] {logging_mixin.py:149} INFO - [2023-05-10T21:54:04.337+0000] {dagbag.py:541} INFO - Filling up the DagBag from /home/airflow/.local/lib/python3.7/site-packages/airflow/example_dags/example_external_task_marker_dag.py
[2023-05-10T21:54:04.477+0000] {processor.py:809} INFO - DAG(s) dict_keys(['example_external_task_marker_parent', 'example_external_task_marker_child']) retrieved from /home/airflow/.local/lib/python3.7/site-packages/airflow/example_dags/example_external_task_marker_dag.py
[2023-05-10T21:54:04.652+0000] {logging_mixin.py:149} INFO - [2023-05-10T21:54:04.651+0000] {dag.py:2726} INFO - Sync 2 DAGs
[2023-05-10T21:54:04.905+0000] {logging_mixin.py:149} INFO - [2023-05-10T21:54:04.905+0000] {dag.py:3490} INFO - Setting next_dagrun for example_external_task_marker_child to None, run_after=None
[2023-05-10T21:54:04.943+0000] {logging_mixin.py:149} INFO - [2023-05-10T21:54:04.943+0000] {dag.py:3490} INFO - Setting next_dagrun for example_external_task_marker_parent to None, run_after=None
[2023-05-10T21:54:05.455+0000] {processor.py:178} INFO - Processing /home/airflow/.local/lib/python3.7/site-packages/airflow/example_dags/example_external_task_marker_dag.py took 1.131 seconds
[2023-05-10T21:54:40.136+0000] {processor.py:156} INFO - Started process (PID=197) to work on /home/airflow/.local/lib/python3.7/site-packages/airflow/example_dags/example_external_task_marker_dag.py
[2023-05-10T21:54:40.141+0000] {processor.py:799} INFO - Processing file /home/airflow/.local/lib/python3.7/site-packages/airflow/example_dags/example_external_task_marker_dag.py for tasks to queue
[2023-05-10T21:54:40.151+0000] {logging_mixin.py:149} INFO - [2023-05-10T21:54:40.148+0000] {dagbag.py:541} INFO - Filling up the DagBag from /home/airflow/.local/lib/python3.7/site-packages/airflow/example_dags/example_external_task_marker_dag.py
[2023-05-10T21:54:40.189+0000] {processor.py:809} INFO - DAG(s) dict_keys(['example_external_task_marker_parent', 'example_external_task_marker_child']) retrieved from /home/airflow/.local/lib/python3.7/site-packages/airflow/example_dags/example_external_task_marker_dag.py
[2023-05-10T21:54:40.418+0000] {logging_mixin.py:149} INFO - [2023-05-10T21:54:40.417+0000] {dag.py:2726} INFO - Sync 2 DAGs
[2023-05-10T21:54:40.679+0000] {logging_mixin.py:149} INFO - [2023-05-10T21:54:40.678+0000] {dag.py:3490} INFO - Setting next_dagrun for example_external_task_marker_child to None, run_after=None
[2023-05-10T21:54:40.705+0000] {logging_mixin.py:149} INFO - [2023-05-10T21:54:40.705+0000] {dag.py:3490} INFO - Setting next_dagrun for example_external_task_marker_parent to None, run_after=None
[2023-05-10T21:54:40.923+0000] {processor.py:178} INFO - Processing /home/airflow/.local/lib/python3.7/site-packages/airflow/example_dags/example_external_task_marker_dag.py took 0.806 seconds
[2023-05-10T21:55:31.111+0000] {processor.py:156} INFO - Started process (PID=261) to work on /home/airflow/.local/lib/python3.7/site-packages/airflow/example_dags/example_external_task_marker_dag.py
[2023-05-10T21:55:31.113+0000] {processor.py:799} INFO - Processing file /home/airflow/.local/lib/python3.7/site-packages/airflow/example_dags/example_external_task_marker_dag.py for tasks to queue
[2023-05-10T21:55:31.118+0000] {logging_mixin.py:149} INFO - [2023-05-10T21:55:31.117+0000] {dagbag.py:541} INFO - Filling up the DagBag from /home/airflow/.local/lib/python3.7/site-packages/airflow/example_dags/example_external_task_marker_dag.py
[2023-05-10T21:55:31.156+0000] {processor.py:809} INFO - DAG(s) dict_keys(['example_external_task_marker_child', 'example_external_task_marker_parent']) retrieved from /home/airflow/.local/lib/python3.7/site-packages/airflow/example_dags/example_external_task_marker_dag.py
[2023-05-10T21:55:31.393+0000] {logging_mixin.py:149} INFO - [2023-05-10T21:55:31.392+0000] {dag.py:2726} INFO - Sync 2 DAGs
[2023-05-10T21:55:31.688+0000] {logging_mixin.py:149} INFO - [2023-05-10T21:55:31.688+0000] {dag.py:3490} INFO - Setting next_dagrun for example_external_task_marker_child to None, run_after=None
[2023-05-10T21:55:31.717+0000] {logging_mixin.py:149} INFO - [2023-05-10T21:55:31.716+0000] {dag.py:3490} INFO - Setting next_dagrun for example_external_task_marker_parent to None, run_after=None
[2023-05-10T21:55:32.023+0000] {processor.py:178} INFO - Processing /home/airflow/.local/lib/python3.7/site-packages/airflow/example_dags/example_external_task_marker_dag.py took 0.929 seconds
[2023-05-10T21:56:09.479+0000] {processor.py:156} INFO - Started process (PID=319) to work on /home/airflow/.local/lib/python3.7/site-packages/airflow/example_dags/example_external_task_marker_dag.py
[2023-05-10T21:56:09.481+0000] {processor.py:799} INFO - Processing file /home/airflow/.local/lib/python3.7/site-packages/airflow/example_dags/example_external_task_marker_dag.py for tasks to queue
[2023-05-10T21:56:09.488+0000] {logging_mixin.py:149} INFO - [2023-05-10T21:56:09.485+0000] {dagbag.py:541} INFO - Filling up the DagBag from /home/airflow/.local/lib/python3.7/site-packages/airflow/example_dags/example_external_task_marker_dag.py
[2023-05-10T21:56:09.516+0000] {processor.py:809} INFO - DAG(s) dict_keys(['example_external_task_marker_parent', 'example_external_task_marker_child']) retrieved from /home/airflow/.local/lib/python3.7/site-packages/airflow/example_dags/example_external_task_marker_dag.py
[2023-05-10T21:56:09.682+0000] {logging_mixin.py:149} INFO - [2023-05-10T21:56:09.682+0000] {dag.py:2726} INFO - Sync 2 DAGs
[2023-05-10T21:56:09.911+0000] {logging_mixin.py:149} INFO - [2023-05-10T21:56:09.911+0000] {dag.py:3490} INFO - Setting next_dagrun for example_external_task_marker_child to None, run_after=None
[2023-05-10T21:56:09.951+0000] {logging_mixin.py:149} INFO - [2023-05-10T21:56:09.950+0000] {dag.py:3490} INFO - Setting next_dagrun for example_external_task_marker_parent to None, run_after=None
[2023-05-10T21:56:10.224+0000] {processor.py:178} INFO - Processing /home/airflow/.local/lib/python3.7/site-packages/airflow/example_dags/example_external_task_marker_dag.py took 0.762 seconds
[2023-05-10T21:56:42.449+0000] {processor.py:156} INFO - Started process (PID=370) to work on /home/airflow/.local/lib/python3.7/site-packages/airflow/example_dags/example_external_task_marker_dag.py
[2023-05-10T21:56:42.453+0000] {processor.py:799} INFO - Processing file /home/airflow/.local/lib/python3.7/site-packages/airflow/example_dags/example_external_task_marker_dag.py for tasks to queue
[2023-05-10T21:56:42.457+0000] {logging_mixin.py:149} INFO - [2023-05-10T21:56:42.457+0000] {dagbag.py:541} INFO - Filling up the DagBag from /home/airflow/.local/lib/python3.7/site-packages/airflow/example_dags/example_external_task_marker_dag.py
[2023-05-10T21:56:42.491+0000] {processor.py:809} INFO - DAG(s) dict_keys(['example_external_task_marker_parent', 'example_external_task_marker_child']) retrieved from /home/airflow/.local/lib/python3.7/site-packages/airflow/example_dags/example_external_task_marker_dag.py
[2023-05-10T21:56:42.618+0000] {logging_mixin.py:149} INFO - [2023-05-10T21:56:42.617+0000] {dag.py:2726} INFO - Sync 2 DAGs
[2023-05-10T21:56:42.829+0000] {logging_mixin.py:149} INFO - [2023-05-10T21:56:42.829+0000] {dag.py:3490} INFO - Setting next_dagrun for example_external_task_marker_child to None, run_after=None
[2023-05-10T21:56:42.919+0000] {logging_mixin.py:149} INFO - [2023-05-10T21:56:42.919+0000] {dag.py:3490} INFO - Setting next_dagrun for example_external_task_marker_parent to None, run_after=None
[2023-05-10T21:56:43.229+0000] {processor.py:178} INFO - Processing /home/airflow/.local/lib/python3.7/site-packages/airflow/example_dags/example_external_task_marker_dag.py took 0.794 seconds
[2023-05-10T21:57:22.562+0000] {processor.py:156} INFO - Started process (PID=427) to work on /home/airflow/.local/lib/python3.7/site-packages/airflow/example_dags/example_external_task_marker_dag.py
[2023-05-10T21:57:22.565+0000] {processor.py:799} INFO - Processing file /home/airflow/.local/lib/python3.7/site-packages/airflow/example_dags/example_external_task_marker_dag.py for tasks to queue
[2023-05-10T21:57:22.581+0000] {logging_mixin.py:149} INFO - [2023-05-10T21:57:22.580+0000] {dagbag.py:541} INFO - Filling up the DagBag from /home/airflow/.local/lib/python3.7/site-packages/airflow/example_dags/example_external_task_marker_dag.py
[2023-05-10T21:57:22.627+0000] {processor.py:809} INFO - DAG(s) dict_keys(['example_external_task_marker_child', 'example_external_task_marker_parent']) retrieved from /home/airflow/.local/lib/python3.7/site-packages/airflow/example_dags/example_external_task_marker_dag.py
[2023-05-10T21:57:22.961+0000] {logging_mixin.py:149} INFO - [2023-05-10T21:57:22.960+0000] {dag.py:2726} INFO - Sync 2 DAGs
[2023-05-10T21:57:23.220+0000] {logging_mixin.py:149} INFO - [2023-05-10T21:57:23.210+0000] {dag.py:3490} INFO - Setting next_dagrun for example_external_task_marker_child to None, run_after=None
[2023-05-10T21:57:23.265+0000] {logging_mixin.py:149} INFO - [2023-05-10T21:57:23.264+0000] {dag.py:3490} INFO - Setting next_dagrun for example_external_task_marker_parent to None, run_after=None
[2023-05-10T21:57:23.578+0000] {processor.py:178} INFO - Processing /home/airflow/.local/lib/python3.7/site-packages/airflow/example_dags/example_external_task_marker_dag.py took 1.037 seconds
[2023-05-10T21:58:01.807+0000] {processor.py:156} INFO - Started process (PID=486) to work on /home/airflow/.local/lib/python3.7/site-packages/airflow/example_dags/example_external_task_marker_dag.py
[2023-05-10T21:58:01.824+0000] {processor.py:799} INFO - Processing file /home/airflow/.local/lib/python3.7/site-packages/airflow/example_dags/example_external_task_marker_dag.py for tasks to queue
[2023-05-10T21:58:01.827+0000] {logging_mixin.py:149} INFO - [2023-05-10T21:58:01.826+0000] {dagbag.py:541} INFO - Filling up the DagBag from /home/airflow/.local/lib/python3.7/site-packages/airflow/example_dags/example_external_task_marker_dag.py
[2023-05-10T21:58:01.861+0000] {processor.py:809} INFO - DAG(s) dict_keys(['example_external_task_marker_parent', 'example_external_task_marker_child']) retrieved from /home/airflow/.local/lib/python3.7/site-packages/airflow/example_dags/example_external_task_marker_dag.py
[2023-05-10T21:58:02.175+0000] {logging_mixin.py:149} INFO - [2023-05-10T21:58:02.175+0000] {dag.py:2726} INFO - Sync 2 DAGs
[2023-05-10T21:58:02.425+0000] {logging_mixin.py:149} INFO - [2023-05-10T21:58:02.424+0000] {dag.py:3490} INFO - Setting next_dagrun for example_external_task_marker_child to None, run_after=None
[2023-05-10T21:58:02.461+0000] {logging_mixin.py:149} INFO - [2023-05-10T21:58:02.461+0000] {dag.py:3490} INFO - Setting next_dagrun for example_external_task_marker_parent to None, run_after=None
[2023-05-10T21:58:02.684+0000] {processor.py:178} INFO - Processing /home/airflow/.local/lib/python3.7/site-packages/airflow/example_dags/example_external_task_marker_dag.py took 0.918 seconds
[2023-05-10T21:58:35.361+0000] {processor.py:156} INFO - Started process (PID=539) to work on /home/airflow/.local/lib/python3.7/site-packages/airflow/example_dags/example_external_task_marker_dag.py
[2023-05-10T21:58:35.363+0000] {processor.py:799} INFO - Processing file /home/airflow/.local/lib/python3.7/site-packages/airflow/example_dags/example_external_task_marker_dag.py for tasks to queue
[2023-05-10T21:58:35.366+0000] {logging_mixin.py:149} INFO - [2023-05-10T21:58:35.366+0000] {dagbag.py:541} INFO - Filling up the DagBag from /home/airflow/.local/lib/python3.7/site-packages/airflow/example_dags/example_external_task_marker_dag.py
[2023-05-10T21:58:35.414+0000] {processor.py:809} INFO - DAG(s) dict_keys(['example_external_task_marker_child', 'example_external_task_marker_parent']) retrieved from /home/airflow/.local/lib/python3.7/site-packages/airflow/example_dags/example_external_task_marker_dag.py
[2023-05-10T21:58:35.604+0000] {logging_mixin.py:149} INFO - [2023-05-10T21:58:35.604+0000] {dag.py:2726} INFO - Sync 2 DAGs
[2023-05-10T21:58:35.798+0000] {logging_mixin.py:149} INFO - [2023-05-10T21:58:35.797+0000] {dag.py:3490} INFO - Setting next_dagrun for example_external_task_marker_child to None, run_after=None
[2023-05-10T21:58:35.816+0000] {logging_mixin.py:149} INFO - [2023-05-10T21:58:35.816+0000] {dag.py:3490} INFO - Setting next_dagrun for example_external_task_marker_parent to None, run_after=None
[2023-05-10T21:58:35.968+0000] {processor.py:178} INFO - Processing /home/airflow/.local/lib/python3.7/site-packages/airflow/example_dags/example_external_task_marker_dag.py took 0.626 seconds
[2023-05-10T21:59:09.712+0000] {processor.py:156} INFO - Started process (PID=602) to work on /home/airflow/.local/lib/python3.7/site-packages/airflow/example_dags/example_external_task_marker_dag.py
[2023-05-10T21:59:09.725+0000] {processor.py:799} INFO - Processing file /home/airflow/.local/lib/python3.7/site-packages/airflow/example_dags/example_external_task_marker_dag.py for tasks to queue
[2023-05-10T21:59:09.734+0000] {logging_mixin.py:149} INFO - [2023-05-10T21:59:09.733+0000] {dagbag.py:541} INFO - Filling up the DagBag from /home/airflow/.local/lib/python3.7/site-packages/airflow/example_dags/example_external_task_marker_dag.py
[2023-05-10T21:59:09.768+0000] {processor.py:809} INFO - DAG(s) dict_keys(['example_external_task_marker_child', 'example_external_task_marker_parent']) retrieved from /home/airflow/.local/lib/python3.7/site-packages/airflow/example_dags/example_external_task_marker_dag.py
[2023-05-10T21:59:10.115+0000] {logging_mixin.py:149} INFO - [2023-05-10T21:59:10.115+0000] {dag.py:2726} INFO - Sync 2 DAGs
[2023-05-10T21:59:10.329+0000] {logging_mixin.py:149} INFO - [2023-05-10T21:59:10.329+0000] {dag.py:3490} INFO - Setting next_dagrun for example_external_task_marker_child to None, run_after=None
[2023-05-10T21:59:10.354+0000] {logging_mixin.py:149} INFO - [2023-05-10T21:59:10.351+0000] {dag.py:3490} INFO - Setting next_dagrun for example_external_task_marker_parent to None, run_after=None
[2023-05-10T21:59:10.658+0000] {processor.py:178} INFO - Processing /home/airflow/.local/lib/python3.7/site-packages/airflow/example_dags/example_external_task_marker_dag.py took 0.964 seconds
[2023-05-10T21:59:41.470+0000] {processor.py:156} INFO - Started process (PID=659) to work on /home/airflow/.local/lib/python3.7/site-packages/airflow/example_dags/example_external_task_marker_dag.py
[2023-05-10T21:59:41.476+0000] {processor.py:799} INFO - Processing file /home/airflow/.local/lib/python3.7/site-packages/airflow/example_dags/example_external_task_marker_dag.py for tasks to queue
[2023-05-10T21:59:41.487+0000] {logging_mixin.py:149} INFO - [2023-05-10T21:59:41.487+0000] {dagbag.py:541} INFO - Filling up the DagBag from /home/airflow/.local/lib/python3.7/site-packages/airflow/example_dags/example_external_task_marker_dag.py
[2023-05-10T21:59:41.529+0000] {processor.py:809} INFO - DAG(s) dict_keys(['example_external_task_marker_child', 'example_external_task_marker_parent']) retrieved from /home/airflow/.local/lib/python3.7/site-packages/airflow/example_dags/example_external_task_marker_dag.py
[2023-05-10T21:59:41.796+0000] {logging_mixin.py:149} INFO - [2023-05-10T21:59:41.796+0000] {dag.py:2726} INFO - Sync 2 DAGs
[2023-05-10T21:59:42.001+0000] {logging_mixin.py:149} INFO - [2023-05-10T21:59:42.000+0000] {dag.py:3490} INFO - Setting next_dagrun for example_external_task_marker_child to None, run_after=None
[2023-05-10T21:59:42.047+0000] {logging_mixin.py:149} INFO - [2023-05-10T21:59:42.046+0000] {dag.py:3490} INFO - Setting next_dagrun for example_external_task_marker_parent to None, run_after=None
[2023-05-10T21:59:42.221+0000] {processor.py:178} INFO - Processing /home/airflow/.local/lib/python3.7/site-packages/airflow/example_dags/example_external_task_marker_dag.py took 0.773 seconds
[2023-05-10T22:00:12.920+0000] {processor.py:156} INFO - Started process (PID=715) to work on /home/airflow/.local/lib/python3.7/site-packages/airflow/example_dags/example_external_task_marker_dag.py
[2023-05-10T22:00:12.923+0000] {processor.py:799} INFO - Processing file /home/airflow/.local/lib/python3.7/site-packages/airflow/example_dags/example_external_task_marker_dag.py for tasks to queue
[2023-05-10T22:00:12.925+0000] {logging_mixin.py:149} INFO - [2023-05-10T22:00:12.925+0000] {dagbag.py:541} INFO - Filling up the DagBag from /home/airflow/.local/lib/python3.7/site-packages/airflow/example_dags/example_external_task_marker_dag.py
[2023-05-10T22:00:12.946+0000] {processor.py:809} INFO - DAG(s) dict_keys(['example_external_task_marker_child', 'example_external_task_marker_parent']) retrieved from /home/airflow/.local/lib/python3.7/site-packages/airflow/example_dags/example_external_task_marker_dag.py
[2023-05-10T22:00:13.062+0000] {logging_mixin.py:149} INFO - [2023-05-10T22:00:13.059+0000] {dag.py:2726} INFO - Sync 2 DAGs
[2023-05-10T22:00:13.233+0000] {logging_mixin.py:149} INFO - [2023-05-10T22:00:13.233+0000] {dag.py:3490} INFO - Setting next_dagrun for example_external_task_marker_child to None, run_after=None
[2023-05-10T22:00:13.260+0000] {logging_mixin.py:149} INFO - [2023-05-10T22:00:13.260+0000] {dag.py:3490} INFO - Setting next_dagrun for example_external_task_marker_parent to None, run_after=None
[2023-05-10T22:00:13.468+0000] {processor.py:178} INFO - Processing /home/airflow/.local/lib/python3.7/site-packages/airflow/example_dags/example_external_task_marker_dag.py took 0.556 seconds
[2023-05-10T22:00:45.909+0000] {processor.py:156} INFO - Started process (PID=771) to work on /home/airflow/.local/lib/python3.7/site-packages/airflow/example_dags/example_external_task_marker_dag.py
[2023-05-10T22:00:45.915+0000] {processor.py:799} INFO - Processing file /home/airflow/.local/lib/python3.7/site-packages/airflow/example_dags/example_external_task_marker_dag.py for tasks to queue
[2023-05-10T22:00:45.926+0000] {logging_mixin.py:149} INFO - [2023-05-10T22:00:45.924+0000] {dagbag.py:541} INFO - Filling up the DagBag from /home/airflow/.local/lib/python3.7/site-packages/airflow/example_dags/example_external_task_marker_dag.py
[2023-05-10T22:00:45.950+0000] {processor.py:809} INFO - DAG(s) dict_keys(['example_external_task_marker_child', 'example_external_task_marker_parent']) retrieved from /home/airflow/.local/lib/python3.7/site-packages/airflow/example_dags/example_external_task_marker_dag.py
[2023-05-10T22:00:46.126+0000] {logging_mixin.py:149} INFO - [2023-05-10T22:00:46.125+0000] {dag.py:2726} INFO - Sync 2 DAGs
[2023-05-10T22:00:46.329+0000] {logging_mixin.py:149} INFO - [2023-05-10T22:00:46.329+0000] {dag.py:3490} INFO - Setting next_dagrun for example_external_task_marker_child to None, run_after=None
[2023-05-10T22:00:46.359+0000] {logging_mixin.py:149} INFO - [2023-05-10T22:00:46.359+0000] {dag.py:3490} INFO - Setting next_dagrun for example_external_task_marker_parent to None, run_after=None
[2023-05-10T22:00:46.873+0000] {processor.py:178} INFO - Processing /home/airflow/.local/lib/python3.7/site-packages/airflow/example_dags/example_external_task_marker_dag.py took 0.976 seconds
[2023-05-10T22:01:20.467+0000] {processor.py:156} INFO - Started process (PID=827) to work on /home/airflow/.local/lib/python3.7/site-packages/airflow/example_dags/example_external_task_marker_dag.py
[2023-05-10T22:01:20.485+0000] {processor.py:799} INFO - Processing file /home/airflow/.local/lib/python3.7/site-packages/airflow/example_dags/example_external_task_marker_dag.py for tasks to queue
[2023-05-10T22:01:20.487+0000] {logging_mixin.py:149} INFO - [2023-05-10T22:01:20.487+0000] {dagbag.py:541} INFO - Filling up the DagBag from /home/airflow/.local/lib/python3.7/site-packages/airflow/example_dags/example_external_task_marker_dag.py
[2023-05-10T22:01:20.525+0000] {processor.py:809} INFO - DAG(s) dict_keys(['example_external_task_marker_parent', 'example_external_task_marker_child']) retrieved from /home/airflow/.local/lib/python3.7/site-packages/airflow/example_dags/example_external_task_marker_dag.py
[2023-05-10T22:01:20.790+0000] {logging_mixin.py:149} INFO - [2023-05-10T22:01:20.789+0000] {dag.py:2726} INFO - Sync 2 DAGs
[2023-05-10T22:01:21.096+0000] {logging_mixin.py:149} INFO - [2023-05-10T22:01:21.096+0000] {dag.py:3490} INFO - Setting next_dagrun for example_external_task_marker_child to None, run_after=None
[2023-05-10T22:01:21.153+0000] {logging_mixin.py:149} INFO - [2023-05-10T22:01:21.153+0000] {dag.py:3490} INFO - Setting next_dagrun for example_external_task_marker_parent to None, run_after=None
[2023-05-10T22:01:21.567+0000] {processor.py:178} INFO - Processing /home/airflow/.local/lib/python3.7/site-packages/airflow/example_dags/example_external_task_marker_dag.py took 1.136 seconds
[2023-05-10T22:01:56.242+0000] {processor.py:156} INFO - Started process (PID=885) to work on /home/airflow/.local/lib/python3.7/site-packages/airflow/example_dags/example_external_task_marker_dag.py
[2023-05-10T22:01:56.253+0000] {processor.py:799} INFO - Processing file /home/airflow/.local/lib/python3.7/site-packages/airflow/example_dags/example_external_task_marker_dag.py for tasks to queue
[2023-05-10T22:01:56.256+0000] {logging_mixin.py:149} INFO - [2023-05-10T22:01:56.255+0000] {dagbag.py:541} INFO - Filling up the DagBag from /home/airflow/.local/lib/python3.7/site-packages/airflow/example_dags/example_external_task_marker_dag.py
[2023-05-10T22:01:56.292+0000] {processor.py:809} INFO - DAG(s) dict_keys(['example_external_task_marker_child', 'example_external_task_marker_parent']) retrieved from /home/airflow/.local/lib/python3.7/site-packages/airflow/example_dags/example_external_task_marker_dag.py
[2023-05-10T22:01:56.529+0000] {logging_mixin.py:149} INFO - [2023-05-10T22:01:56.529+0000] {dag.py:2726} INFO - Sync 2 DAGs
[2023-05-10T22:01:56.748+0000] {logging_mixin.py:149} INFO - [2023-05-10T22:01:56.747+0000] {dag.py:3490} INFO - Setting next_dagrun for example_external_task_marker_child to None, run_after=None
[2023-05-10T22:01:56.770+0000] {logging_mixin.py:149} INFO - [2023-05-10T22:01:56.770+0000] {dag.py:3490} INFO - Setting next_dagrun for example_external_task_marker_parent to None, run_after=None
[2023-05-10T22:01:56.961+0000] {processor.py:178} INFO - Processing /home/airflow/.local/lib/python3.7/site-packages/airflow/example_dags/example_external_task_marker_dag.py took 0.749 seconds
[2023-05-10T22:02:27.497+0000] {processor.py:156} INFO - Started process (PID=936) to work on /home/airflow/.local/lib/python3.7/site-packages/airflow/example_dags/example_external_task_marker_dag.py
[2023-05-10T22:02:27.511+0000] {processor.py:799} INFO - Processing file /home/airflow/.local/lib/python3.7/site-packages/airflow/example_dags/example_external_task_marker_dag.py for tasks to queue
[2023-05-10T22:02:27.529+0000] {logging_mixin.py:149} INFO - [2023-05-10T22:02:27.529+0000] {dagbag.py:541} INFO - Filling up the DagBag from /home/airflow/.local/lib/python3.7/site-packages/airflow/example_dags/example_external_task_marker_dag.py
[2023-05-10T22:02:27.603+0000] {processor.py:809} INFO - DAG(s) dict_keys(['example_external_task_marker_parent', 'example_external_task_marker_child']) retrieved from /home/airflow/.local/lib/python3.7/site-packages/airflow/example_dags/example_external_task_marker_dag.py
[2023-05-10T22:02:28.011+0000] {logging_mixin.py:149} INFO - [2023-05-10T22:02:28.010+0000] {dag.py:2726} INFO - Sync 2 DAGs
[2023-05-10T22:02:28.741+0000] {logging_mixin.py:149} INFO - [2023-05-10T22:02:28.740+0000] {dag.py:3490} INFO - Setting next_dagrun for example_external_task_marker_child to None, run_after=None
[2023-05-10T22:02:28.846+0000] {logging_mixin.py:149} INFO - [2023-05-10T22:02:28.845+0000] {dag.py:3490} INFO - Setting next_dagrun for example_external_task_marker_parent to None, run_after=None
[2023-05-10T22:02:29.103+0000] {processor.py:178} INFO - Processing /home/airflow/.local/lib/python3.7/site-packages/airflow/example_dags/example_external_task_marker_dag.py took 1.658 seconds
[2023-05-10T22:02:59.885+0000] {processor.py:156} INFO - Started process (PID=993) to work on /home/airflow/.local/lib/python3.7/site-packages/airflow/example_dags/example_external_task_marker_dag.py
[2023-05-10T22:02:59.889+0000] {processor.py:799} INFO - Processing file /home/airflow/.local/lib/python3.7/site-packages/airflow/example_dags/example_external_task_marker_dag.py for tasks to queue
[2023-05-10T22:02:59.893+0000] {logging_mixin.py:149} INFO - [2023-05-10T22:02:59.892+0000] {dagbag.py:541} INFO - Filling up the DagBag from /home/airflow/.local/lib/python3.7/site-packages/airflow/example_dags/example_external_task_marker_dag.py
[2023-05-10T22:02:59.908+0000] {processor.py:809} INFO - DAG(s) dict_keys(['example_external_task_marker_child', 'example_external_task_marker_parent']) retrieved from /home/airflow/.local/lib/python3.7/site-packages/airflow/example_dags/example_external_task_marker_dag.py
[2023-05-10T22:03:00.021+0000] {logging_mixin.py:149} INFO - [2023-05-10T22:03:00.020+0000] {dag.py:2726} INFO - Sync 2 DAGs
[2023-05-10T22:03:00.128+0000] {logging_mixin.py:149} INFO - [2023-05-10T22:03:00.128+0000] {dag.py:3490} INFO - Setting next_dagrun for example_external_task_marker_child to None, run_after=None
[2023-05-10T22:03:00.144+0000] {logging_mixin.py:149} INFO - [2023-05-10T22:03:00.144+0000] {dag.py:3490} INFO - Setting next_dagrun for example_external_task_marker_parent to None, run_after=None
[2023-05-10T22:03:01.068+0000] {processor.py:178} INFO - Processing /home/airflow/.local/lib/python3.7/site-packages/airflow/example_dags/example_external_task_marker_dag.py took 1.191 seconds
[2023-05-10T22:03:31.277+0000] {processor.py:156} INFO - Started process (PID=1048) to work on /home/airflow/.local/lib/python3.7/site-packages/airflow/example_dags/example_external_task_marker_dag.py
[2023-05-10T22:03:31.280+0000] {processor.py:799} INFO - Processing file /home/airflow/.local/lib/python3.7/site-packages/airflow/example_dags/example_external_task_marker_dag.py for tasks to queue
[2023-05-10T22:03:31.283+0000] {logging_mixin.py:149} INFO - [2023-05-10T22:03:31.282+0000] {dagbag.py:541} INFO - Filling up the DagBag from /home/airflow/.local/lib/python3.7/site-packages/airflow/example_dags/example_external_task_marker_dag.py
[2023-05-10T22:03:31.302+0000] {processor.py:809} INFO - DAG(s) dict_keys(['example_external_task_marker_child', 'example_external_task_marker_parent']) retrieved from /home/airflow/.local/lib/python3.7/site-packages/airflow/example_dags/example_external_task_marker_dag.py
[2023-05-10T22:03:31.385+0000] {logging_mixin.py:149} INFO - [2023-05-10T22:03:31.385+0000] {dag.py:2726} INFO - Sync 2 DAGs
[2023-05-10T22:03:31.486+0000] {logging_mixin.py:149} INFO - [2023-05-10T22:03:31.486+0000] {dag.py:3490} INFO - Setting next_dagrun for example_external_task_marker_child to None, run_after=None
[2023-05-10T22:03:31.510+0000] {logging_mixin.py:149} INFO - [2023-05-10T22:03:31.509+0000] {dag.py:3490} INFO - Setting next_dagrun for example_external_task_marker_parent to None, run_after=None
[2023-05-10T22:03:31.648+0000] {processor.py:178} INFO - Processing /home/airflow/.local/lib/python3.7/site-packages/airflow/example_dags/example_external_task_marker_dag.py took 0.380 seconds
[2023-05-10T22:04:03.077+0000] {processor.py:156} INFO - Started process (PID=1104) to work on /home/airflow/.local/lib/python3.7/site-packages/airflow/example_dags/example_external_task_marker_dag.py
[2023-05-10T22:04:03.086+0000] {processor.py:799} INFO - Processing file /home/airflow/.local/lib/python3.7/site-packages/airflow/example_dags/example_external_task_marker_dag.py for tasks to queue
[2023-05-10T22:04:03.106+0000] {logging_mixin.py:149} INFO - [2023-05-10T22:04:03.105+0000] {dagbag.py:541} INFO - Filling up the DagBag from /home/airflow/.local/lib/python3.7/site-packages/airflow/example_dags/example_external_task_marker_dag.py
[2023-05-10T22:04:03.128+0000] {processor.py:809} INFO - DAG(s) dict_keys(['example_external_task_marker_parent', 'example_external_task_marker_child']) retrieved from /home/airflow/.local/lib/python3.7/site-packages/airflow/example_dags/example_external_task_marker_dag.py
[2023-05-10T22:04:03.278+0000] {logging_mixin.py:149} INFO - [2023-05-10T22:04:03.277+0000] {dag.py:2726} INFO - Sync 2 DAGs
[2023-05-10T22:04:03.423+0000] {logging_mixin.py:149} INFO - [2023-05-10T22:04:03.422+0000] {dag.py:3490} INFO - Setting next_dagrun for example_external_task_marker_child to None, run_after=None
[2023-05-10T22:04:03.455+0000] {logging_mixin.py:149} INFO - [2023-05-10T22:04:03.453+0000] {dag.py:3490} INFO - Setting next_dagrun for example_external_task_marker_parent to None, run_after=None
[2023-05-10T22:04:03.619+0000] {processor.py:178} INFO - Processing /home/airflow/.local/lib/python3.7/site-packages/airflow/example_dags/example_external_task_marker_dag.py took 0.551 seconds
[2023-05-10T22:04:40.224+0000] {processor.py:156} INFO - Started process (PID=1160) to work on /home/airflow/.local/lib/python3.7/site-packages/airflow/example_dags/example_external_task_marker_dag.py
[2023-05-10T22:04:40.227+0000] {processor.py:799} INFO - Processing file /home/airflow/.local/lib/python3.7/site-packages/airflow/example_dags/example_external_task_marker_dag.py for tasks to queue
[2023-05-10T22:04:40.241+0000] {logging_mixin.py:149} INFO - [2023-05-10T22:04:40.240+0000] {dagbag.py:541} INFO - Filling up the DagBag from /home/airflow/.local/lib/python3.7/site-packages/airflow/example_dags/example_external_task_marker_dag.py
[2023-05-10T22:04:40.281+0000] {processor.py:809} INFO - DAG(s) dict_keys(['example_external_task_marker_parent', 'example_external_task_marker_child']) retrieved from /home/airflow/.local/lib/python3.7/site-packages/airflow/example_dags/example_external_task_marker_dag.py
[2023-05-10T22:04:40.465+0000] {logging_mixin.py:149} INFO - [2023-05-10T22:04:40.465+0000] {dag.py:2726} INFO - Sync 2 DAGs
[2023-05-10T22:04:40.660+0000] {logging_mixin.py:149} INFO - [2023-05-10T22:04:40.660+0000] {dag.py:3490} INFO - Setting next_dagrun for example_external_task_marker_child to None, run_after=None
[2023-05-10T22:04:40.679+0000] {logging_mixin.py:149} INFO - [2023-05-10T22:04:40.679+0000] {dag.py:3490} INFO - Setting next_dagrun for example_external_task_marker_parent to None, run_after=None
[2023-05-10T22:04:40.952+0000] {processor.py:178} INFO - Processing /home/airflow/.local/lib/python3.7/site-packages/airflow/example_dags/example_external_task_marker_dag.py took 0.747 seconds
[2023-05-10T22:05:11.366+0000] {processor.py:156} INFO - Started process (PID=1215) to work on /home/airflow/.local/lib/python3.7/site-packages/airflow/example_dags/example_external_task_marker_dag.py
[2023-05-10T22:05:11.368+0000] {processor.py:799} INFO - Processing file /home/airflow/.local/lib/python3.7/site-packages/airflow/example_dags/example_external_task_marker_dag.py for tasks to queue
[2023-05-10T22:05:11.371+0000] {logging_mixin.py:149} INFO - [2023-05-10T22:05:11.370+0000] {dagbag.py:541} INFO - Filling up the DagBag from /home/airflow/.local/lib/python3.7/site-packages/airflow/example_dags/example_external_task_marker_dag.py
[2023-05-10T22:05:11.413+0000] {processor.py:809} INFO - DAG(s) dict_keys(['example_external_task_marker_child', 'example_external_task_marker_parent']) retrieved from /home/airflow/.local/lib/python3.7/site-packages/airflow/example_dags/example_external_task_marker_dag.py
[2023-05-10T22:05:11.604+0000] {logging_mixin.py:149} INFO - [2023-05-10T22:05:11.603+0000] {dag.py:2726} INFO - Sync 2 DAGs
[2023-05-10T22:05:11.959+0000] {logging_mixin.py:149} INFO - [2023-05-10T22:05:11.958+0000] {dag.py:3490} INFO - Setting next_dagrun for example_external_task_marker_child to None, run_after=None
[2023-05-10T22:05:12.013+0000] {logging_mixin.py:149} INFO - [2023-05-10T22:05:12.013+0000] {dag.py:3490} INFO - Setting next_dagrun for example_external_task_marker_parent to None, run_after=None
[2023-05-10T22:05:12.282+0000] {processor.py:178} INFO - Processing /home/airflow/.local/lib/python3.7/site-packages/airflow/example_dags/example_external_task_marker_dag.py took 0.938 seconds
[2023-05-10T22:05:43.100+0000] {processor.py:156} INFO - Started process (PID=1272) to work on /home/airflow/.local/lib/python3.7/site-packages/airflow/example_dags/example_external_task_marker_dag.py
[2023-05-10T22:05:43.102+0000] {processor.py:799} INFO - Processing file /home/airflow/.local/lib/python3.7/site-packages/airflow/example_dags/example_external_task_marker_dag.py for tasks to queue
[2023-05-10T22:05:43.105+0000] {logging_mixin.py:149} INFO - [2023-05-10T22:05:43.105+0000] {dagbag.py:541} INFO - Filling up the DagBag from /home/airflow/.local/lib/python3.7/site-packages/airflow/example_dags/example_external_task_marker_dag.py
[2023-05-10T22:05:43.163+0000] {processor.py:809} INFO - DAG(s) dict_keys(['example_external_task_marker_parent', 'example_external_task_marker_child']) retrieved from /home/airflow/.local/lib/python3.7/site-packages/airflow/example_dags/example_external_task_marker_dag.py
[2023-05-10T22:05:43.395+0000] {logging_mixin.py:149} INFO - [2023-05-10T22:05:43.394+0000] {dag.py:2726} INFO - Sync 2 DAGs
[2023-05-10T22:05:43.586+0000] {logging_mixin.py:149} INFO - [2023-05-10T22:05:43.586+0000] {dag.py:3490} INFO - Setting next_dagrun for example_external_task_marker_child to None, run_after=None
[2023-05-10T22:05:43.618+0000] {logging_mixin.py:149} INFO - [2023-05-10T22:05:43.618+0000] {dag.py:3490} INFO - Setting next_dagrun for example_external_task_marker_parent to None, run_after=None
[2023-05-10T22:05:43.956+0000] {processor.py:178} INFO - Processing /home/airflow/.local/lib/python3.7/site-packages/airflow/example_dags/example_external_task_marker_dag.py took 0.874 seconds
[2023-05-10T22:06:17.296+0000] {processor.py:156} INFO - Started process (PID=1328) to work on /home/airflow/.local/lib/python3.7/site-packages/airflow/example_dags/example_external_task_marker_dag.py
[2023-05-10T22:06:17.332+0000] {processor.py:799} INFO - Processing file /home/airflow/.local/lib/python3.7/site-packages/airflow/example_dags/example_external_task_marker_dag.py for tasks to queue
[2023-05-10T22:06:17.336+0000] {logging_mixin.py:149} INFO - [2023-05-10T22:06:17.335+0000] {dagbag.py:541} INFO - Filling up the DagBag from /home/airflow/.local/lib/python3.7/site-packages/airflow/example_dags/example_external_task_marker_dag.py
[2023-05-10T22:06:17.375+0000] {processor.py:809} INFO - DAG(s) dict_keys(['example_external_task_marker_child', 'example_external_task_marker_parent']) retrieved from /home/airflow/.local/lib/python3.7/site-packages/airflow/example_dags/example_external_task_marker_dag.py
[2023-05-10T22:06:17.581+0000] {logging_mixin.py:149} INFO - [2023-05-10T22:06:17.581+0000] {dag.py:2726} INFO - Sync 2 DAGs
[2023-05-10T22:06:17.838+0000] {logging_mixin.py:149} INFO - [2023-05-10T22:06:17.837+0000] {dag.py:3490} INFO - Setting next_dagrun for example_external_task_marker_child to None, run_after=None
[2023-05-10T22:06:17.861+0000] {logging_mixin.py:149} INFO - [2023-05-10T22:06:17.860+0000] {dag.py:3490} INFO - Setting next_dagrun for example_external_task_marker_parent to None, run_after=None
[2023-05-10T22:06:18.167+0000] {processor.py:178} INFO - Processing /home/airflow/.local/lib/python3.7/site-packages/airflow/example_dags/example_external_task_marker_dag.py took 0.887 seconds
[2023-05-10T22:06:51.697+0000] {processor.py:156} INFO - Started process (PID=1387) to work on /home/airflow/.local/lib/python3.7/site-packages/airflow/example_dags/example_external_task_marker_dag.py
[2023-05-10T22:06:51.699+0000] {processor.py:799} INFO - Processing file /home/airflow/.local/lib/python3.7/site-packages/airflow/example_dags/example_external_task_marker_dag.py for tasks to queue
[2023-05-10T22:06:51.703+0000] {logging_mixin.py:149} INFO - [2023-05-10T22:06:51.703+0000] {dagbag.py:541} INFO - Filling up the DagBag from /home/airflow/.local/lib/python3.7/site-packages/airflow/example_dags/example_external_task_marker_dag.py
[2023-05-10T22:06:51.732+0000] {processor.py:809} INFO - DAG(s) dict_keys(['example_external_task_marker_parent', 'example_external_task_marker_child']) retrieved from /home/airflow/.local/lib/python3.7/site-packages/airflow/example_dags/example_external_task_marker_dag.py
[2023-05-10T22:06:51.881+0000] {logging_mixin.py:149} INFO - [2023-05-10T22:06:51.880+0000] {dag.py:2726} INFO - Sync 2 DAGs
[2023-05-10T22:06:52.015+0000] {logging_mixin.py:149} INFO - [2023-05-10T22:06:52.014+0000] {dag.py:3490} INFO - Setting next_dagrun for example_external_task_marker_child to None, run_after=None
[2023-05-10T22:06:52.049+0000] {logging_mixin.py:149} INFO - [2023-05-10T22:06:52.049+0000] {dag.py:3490} INFO - Setting next_dagrun for example_external_task_marker_parent to None, run_after=None
[2023-05-10T22:06:52.357+0000] {processor.py:178} INFO - Processing /home/airflow/.local/lib/python3.7/site-packages/airflow/example_dags/example_external_task_marker_dag.py took 0.670 seconds
[2023-05-10T22:07:26.946+0000] {processor.py:156} INFO - Started process (PID=1444) to work on /home/airflow/.local/lib/python3.7/site-packages/airflow/example_dags/example_external_task_marker_dag.py
[2023-05-10T22:07:26.949+0000] {processor.py:799} INFO - Processing file /home/airflow/.local/lib/python3.7/site-packages/airflow/example_dags/example_external_task_marker_dag.py for tasks to queue
[2023-05-10T22:07:26.961+0000] {logging_mixin.py:149} INFO - [2023-05-10T22:07:26.951+0000] {dagbag.py:541} INFO - Filling up the DagBag from /home/airflow/.local/lib/python3.7/site-packages/airflow/example_dags/example_external_task_marker_dag.py
[2023-05-10T22:07:27.011+0000] {processor.py:809} INFO - DAG(s) dict_keys(['example_external_task_marker_parent', 'example_external_task_marker_child']) retrieved from /home/airflow/.local/lib/python3.7/site-packages/airflow/example_dags/example_external_task_marker_dag.py
[2023-05-10T22:07:27.235+0000] {logging_mixin.py:149} INFO - [2023-05-10T22:07:27.234+0000] {dag.py:2726} INFO - Sync 2 DAGs
[2023-05-10T22:07:27.447+0000] {logging_mixin.py:149} INFO - [2023-05-10T22:07:27.447+0000] {dag.py:3490} INFO - Setting next_dagrun for example_external_task_marker_child to None, run_after=None
[2023-05-10T22:07:27.469+0000] {logging_mixin.py:149} INFO - [2023-05-10T22:07:27.468+0000] {dag.py:3490} INFO - Setting next_dagrun for example_external_task_marker_parent to None, run_after=None
[2023-05-10T22:07:27.797+0000] {processor.py:178} INFO - Processing /home/airflow/.local/lib/python3.7/site-packages/airflow/example_dags/example_external_task_marker_dag.py took 0.877 seconds
[2023-05-10T22:07:58.475+0000] {processor.py:156} INFO - Started process (PID=1495) to work on /home/airflow/.local/lib/python3.7/site-packages/airflow/example_dags/example_external_task_marker_dag.py
[2023-05-10T22:07:58.497+0000] {processor.py:799} INFO - Processing file /home/airflow/.local/lib/python3.7/site-packages/airflow/example_dags/example_external_task_marker_dag.py for tasks to queue
[2023-05-10T22:07:58.513+0000] {logging_mixin.py:149} INFO - [2023-05-10T22:07:58.513+0000] {dagbag.py:541} INFO - Filling up the DagBag from /home/airflow/.local/lib/python3.7/site-packages/airflow/example_dags/example_external_task_marker_dag.py
[2023-05-10T22:07:58.554+0000] {processor.py:809} INFO - DAG(s) dict_keys(['example_external_task_marker_child', 'example_external_task_marker_parent']) retrieved from /home/airflow/.local/lib/python3.7/site-packages/airflow/example_dags/example_external_task_marker_dag.py
[2023-05-10T22:07:58.809+0000] {logging_mixin.py:149} INFO - [2023-05-10T22:07:58.809+0000] {dag.py:2726} INFO - Sync 2 DAGs
[2023-05-10T22:07:59.038+0000] {logging_mixin.py:149} INFO - [2023-05-10T22:07:59.038+0000] {dag.py:3490} INFO - Setting next_dagrun for example_external_task_marker_child to None, run_after=None
[2023-05-10T22:07:59.072+0000] {logging_mixin.py:149} INFO - [2023-05-10T22:07:59.072+0000] {dag.py:3490} INFO - Setting next_dagrun for example_external_task_marker_parent to None, run_after=None
[2023-05-10T22:07:59.285+0000] {processor.py:178} INFO - Processing /home/airflow/.local/lib/python3.7/site-packages/airflow/example_dags/example_external_task_marker_dag.py took 0.880 seconds
[2023-05-10T22:08:30.292+0000] {processor.py:156} INFO - Started process (PID=1559) to work on /home/airflow/.local/lib/python3.7/site-packages/airflow/example_dags/example_external_task_marker_dag.py
[2023-05-10T22:08:30.296+0000] {processor.py:799} INFO - Processing file /home/airflow/.local/lib/python3.7/site-packages/airflow/example_dags/example_external_task_marker_dag.py for tasks to queue
[2023-05-10T22:08:30.299+0000] {logging_mixin.py:149} INFO - [2023-05-10T22:08:30.298+0000] {dagbag.py:541} INFO - Filling up the DagBag from /home/airflow/.local/lib/python3.7/site-packages/airflow/example_dags/example_external_task_marker_dag.py
[2023-05-10T22:08:30.325+0000] {processor.py:809} INFO - DAG(s) dict_keys(['example_external_task_marker_child', 'example_external_task_marker_parent']) retrieved from /home/airflow/.local/lib/python3.7/site-packages/airflow/example_dags/example_external_task_marker_dag.py
[2023-05-10T22:08:30.447+0000] {logging_mixin.py:149} INFO - [2023-05-10T22:08:30.446+0000] {dag.py:2726} INFO - Sync 2 DAGs
[2023-05-10T22:08:30.627+0000] {logging_mixin.py:149} INFO - [2023-05-10T22:08:30.626+0000] {dag.py:3490} INFO - Setting next_dagrun for example_external_task_marker_child to None, run_after=None
[2023-05-10T22:08:30.666+0000] {logging_mixin.py:149} INFO - [2023-05-10T22:08:30.665+0000] {dag.py:3490} INFO - Setting next_dagrun for example_external_task_marker_parent to None, run_after=None
[2023-05-10T22:08:30.888+0000] {processor.py:178} INFO - Processing /home/airflow/.local/lib/python3.7/site-packages/airflow/example_dags/example_external_task_marker_dag.py took 0.611 seconds
[2023-05-10T22:09:01.482+0000] {processor.py:156} INFO - Started process (PID=1615) to work on /home/airflow/.local/lib/python3.7/site-packages/airflow/example_dags/example_external_task_marker_dag.py
[2023-05-10T22:09:01.499+0000] {processor.py:799} INFO - Processing file /home/airflow/.local/lib/python3.7/site-packages/airflow/example_dags/example_external_task_marker_dag.py for tasks to queue
[2023-05-10T22:09:01.504+0000] {logging_mixin.py:149} INFO - [2023-05-10T22:09:01.503+0000] {dagbag.py:541} INFO - Filling up the DagBag from /home/airflow/.local/lib/python3.7/site-packages/airflow/example_dags/example_external_task_marker_dag.py
[2023-05-10T22:09:01.605+0000] {processor.py:809} INFO - DAG(s) dict_keys(['example_external_task_marker_child', 'example_external_task_marker_parent']) retrieved from /home/airflow/.local/lib/python3.7/site-packages/airflow/example_dags/example_external_task_marker_dag.py
[2023-05-10T22:09:01.766+0000] {logging_mixin.py:149} INFO - [2023-05-10T22:09:01.765+0000] {dag.py:2726} INFO - Sync 2 DAGs
[2023-05-10T22:09:01.996+0000] {logging_mixin.py:149} INFO - [2023-05-10T22:09:01.996+0000] {dag.py:3490} INFO - Setting next_dagrun for example_external_task_marker_child to None, run_after=None
[2023-05-10T22:09:02.023+0000] {logging_mixin.py:149} INFO - [2023-05-10T22:09:02.015+0000] {dag.py:3490} INFO - Setting next_dagrun for example_external_task_marker_parent to None, run_after=None
[2023-05-10T22:09:02.327+0000] {processor.py:178} INFO - Processing /home/airflow/.local/lib/python3.7/site-packages/airflow/example_dags/example_external_task_marker_dag.py took 0.858 seconds
[2023-05-10T22:09:36.004+0000] {processor.py:156} INFO - Started process (PID=1670) to work on /home/airflow/.local/lib/python3.7/site-packages/airflow/example_dags/example_external_task_marker_dag.py
[2023-05-10T22:09:36.007+0000] {processor.py:799} INFO - Processing file /home/airflow/.local/lib/python3.7/site-packages/airflow/example_dags/example_external_task_marker_dag.py for tasks to queue
[2023-05-10T22:09:36.009+0000] {logging_mixin.py:149} INFO - [2023-05-10T22:09:36.009+0000] {dagbag.py:541} INFO - Filling up the DagBag from /home/airflow/.local/lib/python3.7/site-packages/airflow/example_dags/example_external_task_marker_dag.py
[2023-05-10T22:09:36.035+0000] {processor.py:809} INFO - DAG(s) dict_keys(['example_external_task_marker_child', 'example_external_task_marker_parent']) retrieved from /home/airflow/.local/lib/python3.7/site-packages/airflow/example_dags/example_external_task_marker_dag.py
[2023-05-10T22:09:36.178+0000] {logging_mixin.py:149} INFO - [2023-05-10T22:09:36.178+0000] {dag.py:2726} INFO - Sync 2 DAGs
[2023-05-10T22:09:36.319+0000] {logging_mixin.py:149} INFO - [2023-05-10T22:09:36.319+0000] {dag.py:3490} INFO - Setting next_dagrun for example_external_task_marker_child to None, run_after=None
[2023-05-10T22:09:36.341+0000] {logging_mixin.py:149} INFO - [2023-05-10T22:09:36.338+0000] {dag.py:3490} INFO - Setting next_dagrun for example_external_task_marker_parent to None, run_after=None
[2023-05-10T22:09:36.475+0000] {processor.py:178} INFO - Processing /home/airflow/.local/lib/python3.7/site-packages/airflow/example_dags/example_external_task_marker_dag.py took 0.485 seconds
[2023-05-10T22:10:08.694+0000] {processor.py:156} INFO - Started process (PID=1726) to work on /home/airflow/.local/lib/python3.7/site-packages/airflow/example_dags/example_external_task_marker_dag.py
[2023-05-10T22:10:08.699+0000] {processor.py:799} INFO - Processing file /home/airflow/.local/lib/python3.7/site-packages/airflow/example_dags/example_external_task_marker_dag.py for tasks to queue
[2023-05-10T22:10:08.705+0000] {logging_mixin.py:149} INFO - [2023-05-10T22:10:08.703+0000] {dagbag.py:541} INFO - Filling up the DagBag from /home/airflow/.local/lib/python3.7/site-packages/airflow/example_dags/example_external_task_marker_dag.py
[2023-05-10T22:10:08.749+0000] {processor.py:809} INFO - DAG(s) dict_keys(['example_external_task_marker_parent', 'example_external_task_marker_child']) retrieved from /home/airflow/.local/lib/python3.7/site-packages/airflow/example_dags/example_external_task_marker_dag.py
[2023-05-10T22:10:08.987+0000] {logging_mixin.py:149} INFO - [2023-05-10T22:10:08.987+0000] {dag.py:2726} INFO - Sync 2 DAGs
[2023-05-10T22:10:09.205+0000] {logging_mixin.py:149} INFO - [2023-05-10T22:10:09.204+0000] {dag.py:3490} INFO - Setting next_dagrun for example_external_task_marker_child to None, run_after=None
[2023-05-10T22:10:09.239+0000] {logging_mixin.py:149} INFO - [2023-05-10T22:10:09.238+0000] {dag.py:3490} INFO - Setting next_dagrun for example_external_task_marker_parent to None, run_after=None
[2023-05-10T22:10:09.426+0000] {processor.py:178} INFO - Processing /home/airflow/.local/lib/python3.7/site-packages/airflow/example_dags/example_external_task_marker_dag.py took 0.750 seconds
