[2023-05-10T21:51:57.313+0000] {processor.py:156} INFO - Started process (PID=53) to work on /home/airflow/.local/lib/python3.7/site-packages/airflow/example_dags/example_xcomargs.py
[2023-05-10T21:51:57.317+0000] {processor.py:799} INFO - Processing file /home/airflow/.local/lib/python3.7/site-packages/airflow/example_dags/example_xcomargs.py for tasks to queue
[2023-05-10T21:51:57.340+0000] {logging_mixin.py:149} INFO - [2023-05-10T21:51:57.321+0000] {dagbag.py:541} INFO - Filling up the DagBag from /home/airflow/.local/lib/python3.7/site-packages/airflow/example_dags/example_xcomargs.py
[2023-05-10T21:51:57.449+0000] {processor.py:809} INFO - DAG(s) dict_keys(['example_xcom_args_with_operators', 'example_xcom_args']) retrieved from /home/airflow/.local/lib/python3.7/site-packages/airflow/example_dags/example_xcomargs.py
[2023-05-10T21:51:59.022+0000] {logging_mixin.py:149} INFO - [2023-05-10T21:51:59.020+0000] {manager.py:504} INFO - Created Permission View: can read on DAG:example_xcom_args_with_operators
[2023-05-10T21:51:59.216+0000] {logging_mixin.py:149} INFO - [2023-05-10T21:51:59.216+0000] {manager.py:504} INFO - Created Permission View: can delete on DAG:example_xcom_args_with_operators
[2023-05-10T21:51:59.446+0000] {logging_mixin.py:149} INFO - [2023-05-10T21:51:59.445+0000] {manager.py:504} INFO - Created Permission View: can edit on DAG:example_xcom_args_with_operators
[2023-05-10T21:51:59.655+0000] {logging_mixin.py:149} INFO - [2023-05-10T21:51:59.654+0000] {manager.py:504} INFO - Created Permission View: can read on DAG:example_xcom_args
[2023-05-10T21:51:59.818+0000] {logging_mixin.py:149} INFO - [2023-05-10T21:51:59.818+0000] {manager.py:504} INFO - Created Permission View: can delete on DAG:example_xcom_args
[2023-05-10T21:51:59.902+0000] {logging_mixin.py:149} INFO - [2023-05-10T21:51:59.902+0000] {manager.py:504} INFO - Created Permission View: can edit on DAG:example_xcom_args
[2023-05-10T21:51:59.911+0000] {logging_mixin.py:149} INFO - [2023-05-10T21:51:59.911+0000] {dag.py:2726} INFO - Sync 2 DAGs
[2023-05-10T21:52:00.077+0000] {logging_mixin.py:149} INFO - [2023-05-10T21:52:00.076+0000] {dag.py:2747} INFO - Creating ORM DAG for example_xcom_args_with_operators
[2023-05-10T21:52:00.104+0000] {logging_mixin.py:149} INFO - [2023-05-10T21:52:00.081+0000] {dag.py:2747} INFO - Creating ORM DAG for example_xcom_args
[2023-05-10T21:52:00.196+0000] {logging_mixin.py:149} INFO - [2023-05-10T21:52:00.196+0000] {dag.py:3490} INFO - Setting next_dagrun for example_xcom_args to None, run_after=None
[2023-05-10T21:52:00.198+0000] {logging_mixin.py:149} INFO - [2023-05-10T21:52:00.198+0000] {dag.py:3490} INFO - Setting next_dagrun for example_xcom_args_with_operators to None, run_after=None
[2023-05-10T21:52:00.534+0000] {processor.py:178} INFO - Processing /home/airflow/.local/lib/python3.7/site-packages/airflow/example_dags/example_xcomargs.py took 3.259 seconds
[2023-05-10T21:53:44.999+0000] {processor.py:156} INFO - Started process (PID=123) to work on /home/airflow/.local/lib/python3.7/site-packages/airflow/example_dags/example_xcomargs.py
[2023-05-10T21:53:45.008+0000] {processor.py:799} INFO - Processing file /home/airflow/.local/lib/python3.7/site-packages/airflow/example_dags/example_xcomargs.py for tasks to queue
[2023-05-10T21:53:45.011+0000] {logging_mixin.py:149} INFO - [2023-05-10T21:53:45.010+0000] {dagbag.py:541} INFO - Filling up the DagBag from /home/airflow/.local/lib/python3.7/site-packages/airflow/example_dags/example_xcomargs.py
[2023-05-10T21:53:45.388+0000] {processor.py:809} INFO - DAG(s) dict_keys(['example_xcom_args', 'example_xcom_args_with_operators']) retrieved from /home/airflow/.local/lib/python3.7/site-packages/airflow/example_dags/example_xcomargs.py
[2023-05-10T21:53:45.484+0000] {logging_mixin.py:149} INFO - [2023-05-10T21:53:45.482+0000] {dag.py:2726} INFO - Sync 2 DAGs
[2023-05-10T21:53:45.585+0000] {logging_mixin.py:149} INFO - [2023-05-10T21:53:45.585+0000] {dag.py:3490} INFO - Setting next_dagrun for example_xcom_args to None, run_after=None
[2023-05-10T21:53:45.596+0000] {logging_mixin.py:149} INFO - [2023-05-10T21:53:45.595+0000] {dag.py:3490} INFO - Setting next_dagrun for example_xcom_args_with_operators to None, run_after=None
[2023-05-10T21:53:46.010+0000] {processor.py:178} INFO - Processing /home/airflow/.local/lib/python3.7/site-packages/airflow/example_dags/example_xcomargs.py took 1.022 seconds
[2023-05-10T21:54:23.848+0000] {processor.py:156} INFO - Started process (PID=169) to work on /home/airflow/.local/lib/python3.7/site-packages/airflow/example_dags/example_xcomargs.py
[2023-05-10T21:54:23.850+0000] {processor.py:799} INFO - Processing file /home/airflow/.local/lib/python3.7/site-packages/airflow/example_dags/example_xcomargs.py for tasks to queue
[2023-05-10T21:54:23.852+0000] {logging_mixin.py:149} INFO - [2023-05-10T21:54:23.852+0000] {dagbag.py:541} INFO - Filling up the DagBag from /home/airflow/.local/lib/python3.7/site-packages/airflow/example_dags/example_xcomargs.py
[2023-05-10T21:54:23.951+0000] {processor.py:809} INFO - DAG(s) dict_keys(['example_xcom_args_with_operators', 'example_xcom_args']) retrieved from /home/airflow/.local/lib/python3.7/site-packages/airflow/example_dags/example_xcomargs.py
[2023-05-10T21:54:24.296+0000] {logging_mixin.py:149} INFO - [2023-05-10T21:54:24.296+0000] {dag.py:2726} INFO - Sync 2 DAGs
[2023-05-10T21:54:24.485+0000] {logging_mixin.py:149} INFO - [2023-05-10T21:54:24.484+0000] {dag.py:3490} INFO - Setting next_dagrun for example_xcom_args to None, run_after=None
[2023-05-10T21:54:24.503+0000] {logging_mixin.py:149} INFO - [2023-05-10T21:54:24.502+0000] {dag.py:3490} INFO - Setting next_dagrun for example_xcom_args_with_operators to None, run_after=None
[2023-05-10T21:54:24.668+0000] {processor.py:178} INFO - Processing /home/airflow/.local/lib/python3.7/site-packages/airflow/example_dags/example_xcomargs.py took 0.895 seconds
[2023-05-10T21:55:01.815+0000] {processor.py:156} INFO - Started process (PID=223) to work on /home/airflow/.local/lib/python3.7/site-packages/airflow/example_dags/example_xcomargs.py
[2023-05-10T21:55:01.818+0000] {processor.py:799} INFO - Processing file /home/airflow/.local/lib/python3.7/site-packages/airflow/example_dags/example_xcomargs.py for tasks to queue
[2023-05-10T21:55:01.832+0000] {logging_mixin.py:149} INFO - [2023-05-10T21:55:01.831+0000] {dagbag.py:541} INFO - Filling up the DagBag from /home/airflow/.local/lib/python3.7/site-packages/airflow/example_dags/example_xcomargs.py
[2023-05-10T21:55:01.891+0000] {processor.py:809} INFO - DAG(s) dict_keys(['example_xcom_args_with_operators', 'example_xcom_args']) retrieved from /home/airflow/.local/lib/python3.7/site-packages/airflow/example_dags/example_xcomargs.py
[2023-05-10T21:55:02.119+0000] {logging_mixin.py:149} INFO - [2023-05-10T21:55:02.119+0000] {dag.py:2726} INFO - Sync 2 DAGs
[2023-05-10T21:55:02.331+0000] {logging_mixin.py:149} INFO - [2023-05-10T21:55:02.329+0000] {dag.py:3490} INFO - Setting next_dagrun for example_xcom_args to None, run_after=None
[2023-05-10T21:55:02.353+0000] {logging_mixin.py:149} INFO - [2023-05-10T21:55:02.353+0000] {dag.py:3490} INFO - Setting next_dagrun for example_xcom_args_with_operators to None, run_after=None
[2023-05-10T21:55:02.681+0000] {processor.py:178} INFO - Processing /home/airflow/.local/lib/python3.7/site-packages/airflow/example_dags/example_xcomargs.py took 0.887 seconds
[2023-05-10T21:55:38.429+0000] {processor.py:156} INFO - Started process (PID=272) to work on /home/airflow/.local/lib/python3.7/site-packages/airflow/example_dags/example_xcomargs.py
[2023-05-10T21:55:38.432+0000] {processor.py:799} INFO - Processing file /home/airflow/.local/lib/python3.7/site-packages/airflow/example_dags/example_xcomargs.py for tasks to queue
[2023-05-10T21:55:38.442+0000] {logging_mixin.py:149} INFO - [2023-05-10T21:55:38.439+0000] {dagbag.py:541} INFO - Filling up the DagBag from /home/airflow/.local/lib/python3.7/site-packages/airflow/example_dags/example_xcomargs.py
[2023-05-10T21:55:38.484+0000] {processor.py:809} INFO - DAG(s) dict_keys(['example_xcom_args_with_operators', 'example_xcom_args']) retrieved from /home/airflow/.local/lib/python3.7/site-packages/airflow/example_dags/example_xcomargs.py
[2023-05-10T21:55:38.919+0000] {logging_mixin.py:149} INFO - [2023-05-10T21:55:38.918+0000] {dag.py:2726} INFO - Sync 2 DAGs
[2023-05-10T21:55:39.328+0000] {logging_mixin.py:149} INFO - [2023-05-10T21:55:39.327+0000] {dag.py:3490} INFO - Setting next_dagrun for example_xcom_args to None, run_after=None
[2023-05-10T21:55:39.389+0000] {logging_mixin.py:149} INFO - [2023-05-10T21:55:39.389+0000] {dag.py:3490} INFO - Setting next_dagrun for example_xcom_args_with_operators to None, run_after=None
[2023-05-10T21:55:40.239+0000] {processor.py:178} INFO - Processing /home/airflow/.local/lib/python3.7/site-packages/airflow/example_dags/example_xcomargs.py took 1.826 seconds
[2023-05-10T21:56:14.721+0000] {processor.py:156} INFO - Started process (PID=329) to work on /home/airflow/.local/lib/python3.7/site-packages/airflow/example_dags/example_xcomargs.py
[2023-05-10T21:56:14.731+0000] {processor.py:799} INFO - Processing file /home/airflow/.local/lib/python3.7/site-packages/airflow/example_dags/example_xcomargs.py for tasks to queue
[2023-05-10T21:56:14.735+0000] {logging_mixin.py:149} INFO - [2023-05-10T21:56:14.734+0000] {dagbag.py:541} INFO - Filling up the DagBag from /home/airflow/.local/lib/python3.7/site-packages/airflow/example_dags/example_xcomargs.py
[2023-05-10T21:56:14.797+0000] {processor.py:809} INFO - DAG(s) dict_keys(['example_xcom_args_with_operators', 'example_xcom_args']) retrieved from /home/airflow/.local/lib/python3.7/site-packages/airflow/example_dags/example_xcomargs.py
[2023-05-10T21:56:14.954+0000] {logging_mixin.py:149} INFO - [2023-05-10T21:56:14.954+0000] {dag.py:2726} INFO - Sync 2 DAGs
[2023-05-10T21:56:15.160+0000] {logging_mixin.py:149} INFO - [2023-05-10T21:56:15.157+0000] {dag.py:3490} INFO - Setting next_dagrun for example_xcom_args to None, run_after=None
[2023-05-10T21:56:15.195+0000] {logging_mixin.py:149} INFO - [2023-05-10T21:56:15.195+0000] {dag.py:3490} INFO - Setting next_dagrun for example_xcom_args_with_operators to None, run_after=None
[2023-05-10T21:56:15.450+0000] {processor.py:178} INFO - Processing /home/airflow/.local/lib/python3.7/site-packages/airflow/example_dags/example_xcomargs.py took 0.740 seconds
[2023-05-10T21:56:45.617+0000] {processor.py:156} INFO - Started process (PID=373) to work on /home/airflow/.local/lib/python3.7/site-packages/airflow/example_dags/example_xcomargs.py
[2023-05-10T21:56:45.630+0000] {processor.py:799} INFO - Processing file /home/airflow/.local/lib/python3.7/site-packages/airflow/example_dags/example_xcomargs.py for tasks to queue
[2023-05-10T21:56:45.633+0000] {logging_mixin.py:149} INFO - [2023-05-10T21:56:45.632+0000] {dagbag.py:541} INFO - Filling up the DagBag from /home/airflow/.local/lib/python3.7/site-packages/airflow/example_dags/example_xcomargs.py
[2023-05-10T21:56:45.679+0000] {processor.py:809} INFO - DAG(s) dict_keys(['example_xcom_args_with_operators', 'example_xcom_args']) retrieved from /home/airflow/.local/lib/python3.7/site-packages/airflow/example_dags/example_xcomargs.py
[2023-05-10T21:56:46.038+0000] {logging_mixin.py:149} INFO - [2023-05-10T21:56:46.037+0000] {dag.py:2726} INFO - Sync 2 DAGs
[2023-05-10T21:56:46.222+0000] {logging_mixin.py:149} INFO - [2023-05-10T21:56:46.221+0000] {dag.py:3490} INFO - Setting next_dagrun for example_xcom_args to None, run_after=None
[2023-05-10T21:56:46.237+0000] {logging_mixin.py:149} INFO - [2023-05-10T21:56:46.237+0000] {dag.py:3490} INFO - Setting next_dagrun for example_xcom_args_with_operators to None, run_after=None
[2023-05-10T21:56:46.627+0000] {processor.py:178} INFO - Processing /home/airflow/.local/lib/python3.7/site-packages/airflow/example_dags/example_xcomargs.py took 1.022 seconds
[2023-05-10T21:57:22.196+0000] {processor.py:156} INFO - Started process (PID=426) to work on /home/airflow/.local/lib/python3.7/site-packages/airflow/example_dags/example_xcomargs.py
[2023-05-10T21:57:22.202+0000] {processor.py:799} INFO - Processing file /home/airflow/.local/lib/python3.7/site-packages/airflow/example_dags/example_xcomargs.py for tasks to queue
[2023-05-10T21:57:22.233+0000] {logging_mixin.py:149} INFO - [2023-05-10T21:57:22.232+0000] {dagbag.py:541} INFO - Filling up the DagBag from /home/airflow/.local/lib/python3.7/site-packages/airflow/example_dags/example_xcomargs.py
[2023-05-10T21:57:22.307+0000] {processor.py:809} INFO - DAG(s) dict_keys(['example_xcom_args', 'example_xcom_args_with_operators']) retrieved from /home/airflow/.local/lib/python3.7/site-packages/airflow/example_dags/example_xcomargs.py
[2023-05-10T21:57:22.603+0000] {logging_mixin.py:149} INFO - [2023-05-10T21:57:22.602+0000] {dag.py:2726} INFO - Sync 2 DAGs
[2023-05-10T21:57:22.901+0000] {logging_mixin.py:149} INFO - [2023-05-10T21:57:22.901+0000] {dag.py:3490} INFO - Setting next_dagrun for example_xcom_args to None, run_after=None
[2023-05-10T21:57:22.958+0000] {logging_mixin.py:149} INFO - [2023-05-10T21:57:22.957+0000] {dag.py:3490} INFO - Setting next_dagrun for example_xcom_args_with_operators to None, run_after=None
[2023-05-10T21:57:23.294+0000] {processor.py:178} INFO - Processing /home/airflow/.local/lib/python3.7/site-packages/airflow/example_dags/example_xcomargs.py took 1.124 seconds
[2023-05-10T21:57:53.656+0000] {processor.py:156} INFO - Started process (PID=472) to work on /home/airflow/.local/lib/python3.7/site-packages/airflow/example_dags/example_xcomargs.py
[2023-05-10T21:57:53.682+0000] {processor.py:799} INFO - Processing file /home/airflow/.local/lib/python3.7/site-packages/airflow/example_dags/example_xcomargs.py for tasks to queue
[2023-05-10T21:57:53.686+0000] {logging_mixin.py:149} INFO - [2023-05-10T21:57:53.685+0000] {dagbag.py:541} INFO - Filling up the DagBag from /home/airflow/.local/lib/python3.7/site-packages/airflow/example_dags/example_xcomargs.py
[2023-05-10T21:57:53.741+0000] {processor.py:809} INFO - DAG(s) dict_keys(['example_xcom_args', 'example_xcom_args_with_operators']) retrieved from /home/airflow/.local/lib/python3.7/site-packages/airflow/example_dags/example_xcomargs.py
[2023-05-10T21:57:53.999+0000] {logging_mixin.py:149} INFO - [2023-05-10T21:57:53.998+0000] {dag.py:2726} INFO - Sync 2 DAGs
[2023-05-10T21:57:54.215+0000] {logging_mixin.py:149} INFO - [2023-05-10T21:57:54.214+0000] {dag.py:3490} INFO - Setting next_dagrun for example_xcom_args to None, run_after=None
[2023-05-10T21:57:54.245+0000] {logging_mixin.py:149} INFO - [2023-05-10T21:57:54.245+0000] {dag.py:3490} INFO - Setting next_dagrun for example_xcom_args_with_operators to None, run_after=None
[2023-05-10T21:57:54.409+0000] {processor.py:178} INFO - Processing /home/airflow/.local/lib/python3.7/site-packages/airflow/example_dags/example_xcomargs.py took 0.785 seconds
[2023-05-10T21:58:25.713+0000] {processor.py:156} INFO - Started process (PID=526) to work on /home/airflow/.local/lib/python3.7/site-packages/airflow/example_dags/example_xcomargs.py
[2023-05-10T21:58:25.732+0000] {processor.py:799} INFO - Processing file /home/airflow/.local/lib/python3.7/site-packages/airflow/example_dags/example_xcomargs.py for tasks to queue
[2023-05-10T21:58:25.749+0000] {logging_mixin.py:149} INFO - [2023-05-10T21:58:25.748+0000] {dagbag.py:541} INFO - Filling up the DagBag from /home/airflow/.local/lib/python3.7/site-packages/airflow/example_dags/example_xcomargs.py
[2023-05-10T21:58:25.875+0000] {processor.py:809} INFO - DAG(s) dict_keys(['example_xcom_args_with_operators', 'example_xcom_args']) retrieved from /home/airflow/.local/lib/python3.7/site-packages/airflow/example_dags/example_xcomargs.py
[2023-05-10T21:58:26.393+0000] {logging_mixin.py:149} INFO - [2023-05-10T21:58:26.393+0000] {dag.py:2726} INFO - Sync 2 DAGs
[2023-05-10T21:58:26.798+0000] {logging_mixin.py:149} INFO - [2023-05-10T21:58:26.798+0000] {dag.py:3490} INFO - Setting next_dagrun for example_xcom_args to None, run_after=None
[2023-05-10T21:58:26.834+0000] {logging_mixin.py:149} INFO - [2023-05-10T21:58:26.834+0000] {dag.py:3490} INFO - Setting next_dagrun for example_xcom_args_with_operators to None, run_after=None
[2023-05-10T21:58:28.436+0000] {processor.py:178} INFO - Processing /home/airflow/.local/lib/python3.7/site-packages/airflow/example_dags/example_xcomargs.py took 2.742 seconds
[2023-05-10T21:58:59.532+0000] {processor.py:156} INFO - Started process (PID=578) to work on /home/airflow/.local/lib/python3.7/site-packages/airflow/example_dags/example_xcomargs.py
[2023-05-10T21:58:59.545+0000] {processor.py:799} INFO - Processing file /home/airflow/.local/lib/python3.7/site-packages/airflow/example_dags/example_xcomargs.py for tasks to queue
[2023-05-10T21:58:59.548+0000] {logging_mixin.py:149} INFO - [2023-05-10T21:58:59.547+0000] {dagbag.py:541} INFO - Filling up the DagBag from /home/airflow/.local/lib/python3.7/site-packages/airflow/example_dags/example_xcomargs.py
[2023-05-10T21:58:59.598+0000] {processor.py:809} INFO - DAG(s) dict_keys(['example_xcom_args_with_operators', 'example_xcom_args']) retrieved from /home/airflow/.local/lib/python3.7/site-packages/airflow/example_dags/example_xcomargs.py
[2023-05-10T21:58:59.880+0000] {logging_mixin.py:149} INFO - [2023-05-10T21:58:59.880+0000] {dag.py:2726} INFO - Sync 2 DAGs
[2023-05-10T21:59:00.103+0000] {logging_mixin.py:149} INFO - [2023-05-10T21:59:00.102+0000] {dag.py:3490} INFO - Setting next_dagrun for example_xcom_args to None, run_after=None
[2023-05-10T21:59:00.157+0000] {logging_mixin.py:149} INFO - [2023-05-10T21:59:00.156+0000] {dag.py:3490} INFO - Setting next_dagrun for example_xcom_args_with_operators to None, run_after=None
[2023-05-10T21:59:00.334+0000] {processor.py:178} INFO - Processing /home/airflow/.local/lib/python3.7/site-packages/airflow/example_dags/example_xcomargs.py took 0.809 seconds
[2023-05-10T21:59:30.679+0000] {processor.py:156} INFO - Started process (PID=634) to work on /home/airflow/.local/lib/python3.7/site-packages/airflow/example_dags/example_xcomargs.py
[2023-05-10T21:59:30.692+0000] {processor.py:799} INFO - Processing file /home/airflow/.local/lib/python3.7/site-packages/airflow/example_dags/example_xcomargs.py for tasks to queue
[2023-05-10T21:59:30.715+0000] {logging_mixin.py:149} INFO - [2023-05-10T21:59:30.715+0000] {dagbag.py:541} INFO - Filling up the DagBag from /home/airflow/.local/lib/python3.7/site-packages/airflow/example_dags/example_xcomargs.py
[2023-05-10T21:59:30.770+0000] {processor.py:809} INFO - DAG(s) dict_keys(['example_xcom_args_with_operators', 'example_xcom_args']) retrieved from /home/airflow/.local/lib/python3.7/site-packages/airflow/example_dags/example_xcomargs.py
[2023-05-10T21:59:30.971+0000] {logging_mixin.py:149} INFO - [2023-05-10T21:59:30.971+0000] {dag.py:2726} INFO - Sync 2 DAGs
[2023-05-10T21:59:31.225+0000] {logging_mixin.py:149} INFO - [2023-05-10T21:59:31.223+0000] {dag.py:3490} INFO - Setting next_dagrun for example_xcom_args to None, run_after=None
[2023-05-10T21:59:31.253+0000] {logging_mixin.py:149} INFO - [2023-05-10T21:59:31.252+0000] {dag.py:3490} INFO - Setting next_dagrun for example_xcom_args_with_operators to None, run_after=None
[2023-05-10T21:59:31.455+0000] {processor.py:178} INFO - Processing /home/airflow/.local/lib/python3.7/site-packages/airflow/example_dags/example_xcomargs.py took 0.794 seconds
[2023-05-10T22:00:02.035+0000] {processor.py:156} INFO - Started process (PID=689) to work on /home/airflow/.local/lib/python3.7/site-packages/airflow/example_dags/example_xcomargs.py
[2023-05-10T22:00:02.038+0000] {processor.py:799} INFO - Processing file /home/airflow/.local/lib/python3.7/site-packages/airflow/example_dags/example_xcomargs.py for tasks to queue
[2023-05-10T22:00:02.040+0000] {logging_mixin.py:149} INFO - [2023-05-10T22:00:02.040+0000] {dagbag.py:541} INFO - Filling up the DagBag from /home/airflow/.local/lib/python3.7/site-packages/airflow/example_dags/example_xcomargs.py
[2023-05-10T22:00:02.081+0000] {processor.py:809} INFO - DAG(s) dict_keys(['example_xcom_args_with_operators', 'example_xcom_args']) retrieved from /home/airflow/.local/lib/python3.7/site-packages/airflow/example_dags/example_xcomargs.py
[2023-05-10T22:00:02.251+0000] {logging_mixin.py:149} INFO - [2023-05-10T22:00:02.250+0000] {dag.py:2726} INFO - Sync 2 DAGs
[2023-05-10T22:00:02.433+0000] {logging_mixin.py:149} INFO - [2023-05-10T22:00:02.432+0000] {dag.py:3490} INFO - Setting next_dagrun for example_xcom_args to None, run_after=None
[2023-05-10T22:00:02.455+0000] {logging_mixin.py:149} INFO - [2023-05-10T22:00:02.455+0000] {dag.py:3490} INFO - Setting next_dagrun for example_xcom_args_with_operators to None, run_after=None
[2023-05-10T22:00:02.694+0000] {processor.py:178} INFO - Processing /home/airflow/.local/lib/python3.7/site-packages/airflow/example_dags/example_xcomargs.py took 0.678 seconds
[2023-05-10T22:00:36.417+0000] {processor.py:156} INFO - Started process (PID=745) to work on /home/airflow/.local/lib/python3.7/site-packages/airflow/example_dags/example_xcomargs.py
[2023-05-10T22:00:36.421+0000] {processor.py:799} INFO - Processing file /home/airflow/.local/lib/python3.7/site-packages/airflow/example_dags/example_xcomargs.py for tasks to queue
[2023-05-10T22:00:36.431+0000] {logging_mixin.py:149} INFO - [2023-05-10T22:00:36.430+0000] {dagbag.py:541} INFO - Filling up the DagBag from /home/airflow/.local/lib/python3.7/site-packages/airflow/example_dags/example_xcomargs.py
[2023-05-10T22:00:36.480+0000] {processor.py:809} INFO - DAG(s) dict_keys(['example_xcom_args_with_operators', 'example_xcom_args']) retrieved from /home/airflow/.local/lib/python3.7/site-packages/airflow/example_dags/example_xcomargs.py
[2023-05-10T22:00:36.649+0000] {logging_mixin.py:149} INFO - [2023-05-10T22:00:36.649+0000] {dag.py:2726} INFO - Sync 2 DAGs
[2023-05-10T22:00:36.838+0000] {logging_mixin.py:149} INFO - [2023-05-10T22:00:36.837+0000] {dag.py:3490} INFO - Setting next_dagrun for example_xcom_args to None, run_after=None
[2023-05-10T22:00:36.859+0000] {logging_mixin.py:149} INFO - [2023-05-10T22:00:36.858+0000] {dag.py:3490} INFO - Setting next_dagrun for example_xcom_args_with_operators to None, run_after=None
[2023-05-10T22:00:37.098+0000] {processor.py:178} INFO - Processing /home/airflow/.local/lib/python3.7/site-packages/airflow/example_dags/example_xcomargs.py took 0.717 seconds
[2023-05-10T22:01:07.647+0000] {processor.py:156} INFO - Started process (PID=798) to work on /home/airflow/.local/lib/python3.7/site-packages/airflow/example_dags/example_xcomargs.py
[2023-05-10T22:01:07.649+0000] {processor.py:799} INFO - Processing file /home/airflow/.local/lib/python3.7/site-packages/airflow/example_dags/example_xcomargs.py for tasks to queue
[2023-05-10T22:01:07.652+0000] {logging_mixin.py:149} INFO - [2023-05-10T22:01:07.652+0000] {dagbag.py:541} INFO - Filling up the DagBag from /home/airflow/.local/lib/python3.7/site-packages/airflow/example_dags/example_xcomargs.py
[2023-05-10T22:01:07.702+0000] {processor.py:809} INFO - DAG(s) dict_keys(['example_xcom_args', 'example_xcom_args_with_operators']) retrieved from /home/airflow/.local/lib/python3.7/site-packages/airflow/example_dags/example_xcomargs.py
[2023-05-10T22:01:07.902+0000] {logging_mixin.py:149} INFO - [2023-05-10T22:01:07.901+0000] {dag.py:2726} INFO - Sync 2 DAGs
[2023-05-10T22:01:08.154+0000] {logging_mixin.py:149} INFO - [2023-05-10T22:01:08.154+0000] {dag.py:3490} INFO - Setting next_dagrun for example_xcom_args to None, run_after=None
[2023-05-10T22:01:08.185+0000] {logging_mixin.py:149} INFO - [2023-05-10T22:01:08.184+0000] {dag.py:3490} INFO - Setting next_dagrun for example_xcom_args_with_operators to None, run_after=None
[2023-05-10T22:01:08.872+0000] {processor.py:178} INFO - Processing /home/airflow/.local/lib/python3.7/site-packages/airflow/example_dags/example_xcomargs.py took 1.234 seconds
[2023-05-10T22:01:39.518+0000] {processor.py:156} INFO - Started process (PID=853) to work on /home/airflow/.local/lib/python3.7/site-packages/airflow/example_dags/example_xcomargs.py
[2023-05-10T22:01:39.521+0000] {processor.py:799} INFO - Processing file /home/airflow/.local/lib/python3.7/site-packages/airflow/example_dags/example_xcomargs.py for tasks to queue
[2023-05-10T22:01:39.523+0000] {logging_mixin.py:149} INFO - [2023-05-10T22:01:39.523+0000] {dagbag.py:541} INFO - Filling up the DagBag from /home/airflow/.local/lib/python3.7/site-packages/airflow/example_dags/example_xcomargs.py
[2023-05-10T22:01:39.593+0000] {processor.py:809} INFO - DAG(s) dict_keys(['example_xcom_args', 'example_xcom_args_with_operators']) retrieved from /home/airflow/.local/lib/python3.7/site-packages/airflow/example_dags/example_xcomargs.py
[2023-05-10T22:01:39.786+0000] {logging_mixin.py:149} INFO - [2023-05-10T22:01:39.785+0000] {dag.py:2726} INFO - Sync 2 DAGs
[2023-05-10T22:01:39.954+0000] {logging_mixin.py:149} INFO - [2023-05-10T22:01:39.953+0000] {dag.py:3490} INFO - Setting next_dagrun for example_xcom_args to None, run_after=None
[2023-05-10T22:01:39.974+0000] {logging_mixin.py:149} INFO - [2023-05-10T22:01:39.973+0000] {dag.py:3490} INFO - Setting next_dagrun for example_xcom_args_with_operators to None, run_after=None
[2023-05-10T22:01:40.161+0000] {processor.py:178} INFO - Processing /home/airflow/.local/lib/python3.7/site-packages/airflow/example_dags/example_xcomargs.py took 0.661 seconds
[2023-05-10T22:02:10.705+0000] {processor.py:156} INFO - Started process (PID=910) to work on /home/airflow/.local/lib/python3.7/site-packages/airflow/example_dags/example_xcomargs.py
[2023-05-10T22:02:10.708+0000] {processor.py:799} INFO - Processing file /home/airflow/.local/lib/python3.7/site-packages/airflow/example_dags/example_xcomargs.py for tasks to queue
[2023-05-10T22:02:10.711+0000] {logging_mixin.py:149} INFO - [2023-05-10T22:02:10.710+0000] {dagbag.py:541} INFO - Filling up the DagBag from /home/airflow/.local/lib/python3.7/site-packages/airflow/example_dags/example_xcomargs.py
[2023-05-10T22:02:10.755+0000] {processor.py:809} INFO - DAG(s) dict_keys(['example_xcom_args_with_operators', 'example_xcom_args']) retrieved from /home/airflow/.local/lib/python3.7/site-packages/airflow/example_dags/example_xcomargs.py
[2023-05-10T22:02:10.977+0000] {logging_mixin.py:149} INFO - [2023-05-10T22:02:10.977+0000] {dag.py:2726} INFO - Sync 2 DAGs
[2023-05-10T22:02:11.166+0000] {logging_mixin.py:149} INFO - [2023-05-10T22:02:11.166+0000] {dag.py:3490} INFO - Setting next_dagrun for example_xcom_args to None, run_after=None
[2023-05-10T22:02:11.185+0000] {logging_mixin.py:149} INFO - [2023-05-10T22:02:11.185+0000] {dag.py:3490} INFO - Setting next_dagrun for example_xcom_args_with_operators to None, run_after=None
[2023-05-10T22:02:11.305+0000] {processor.py:178} INFO - Processing /home/airflow/.local/lib/python3.7/site-packages/airflow/example_dags/example_xcomargs.py took 0.611 seconds
[2023-05-10T22:02:45.174+0000] {processor.py:156} INFO - Started process (PID=962) to work on /home/airflow/.local/lib/python3.7/site-packages/airflow/example_dags/example_xcomargs.py
[2023-05-10T22:02:45.192+0000] {processor.py:799} INFO - Processing file /home/airflow/.local/lib/python3.7/site-packages/airflow/example_dags/example_xcomargs.py for tasks to queue
[2023-05-10T22:02:45.209+0000] {logging_mixin.py:149} INFO - [2023-05-10T22:02:45.208+0000] {dagbag.py:541} INFO - Filling up the DagBag from /home/airflow/.local/lib/python3.7/site-packages/airflow/example_dags/example_xcomargs.py
[2023-05-10T22:02:45.318+0000] {processor.py:809} INFO - DAG(s) dict_keys(['example_xcom_args', 'example_xcom_args_with_operators']) retrieved from /home/airflow/.local/lib/python3.7/site-packages/airflow/example_dags/example_xcomargs.py
[2023-05-10T22:02:45.776+0000] {logging_mixin.py:149} INFO - [2023-05-10T22:02:45.775+0000] {dag.py:2726} INFO - Sync 2 DAGs
[2023-05-10T22:02:45.984+0000] {logging_mixin.py:149} INFO - [2023-05-10T22:02:45.983+0000] {dag.py:3490} INFO - Setting next_dagrun for example_xcom_args to None, run_after=None
[2023-05-10T22:02:46.038+0000] {logging_mixin.py:149} INFO - [2023-05-10T22:02:46.038+0000] {dag.py:3490} INFO - Setting next_dagrun for example_xcom_args_with_operators to None, run_after=None
[2023-05-10T22:02:46.209+0000] {processor.py:178} INFO - Processing /home/airflow/.local/lib/python3.7/site-packages/airflow/example_dags/example_xcomargs.py took 1.074 seconds
[2023-05-10T22:03:17.328+0000] {processor.py:156} INFO - Started process (PID=1024) to work on /home/airflow/.local/lib/python3.7/site-packages/airflow/example_dags/example_xcomargs.py
[2023-05-10T22:03:17.340+0000] {processor.py:799} INFO - Processing file /home/airflow/.local/lib/python3.7/site-packages/airflow/example_dags/example_xcomargs.py for tasks to queue
[2023-05-10T22:03:17.343+0000] {logging_mixin.py:149} INFO - [2023-05-10T22:03:17.342+0000] {dagbag.py:541} INFO - Filling up the DagBag from /home/airflow/.local/lib/python3.7/site-packages/airflow/example_dags/example_xcomargs.py
[2023-05-10T22:03:17.385+0000] {processor.py:809} INFO - DAG(s) dict_keys(['example_xcom_args', 'example_xcom_args_with_operators']) retrieved from /home/airflow/.local/lib/python3.7/site-packages/airflow/example_dags/example_xcomargs.py
[2023-05-10T22:03:17.537+0000] {logging_mixin.py:149} INFO - [2023-05-10T22:03:17.536+0000] {dag.py:2726} INFO - Sync 2 DAGs
[2023-05-10T22:03:17.711+0000] {logging_mixin.py:149} INFO - [2023-05-10T22:03:17.711+0000] {dag.py:3490} INFO - Setting next_dagrun for example_xcom_args to None, run_after=None
[2023-05-10T22:03:17.745+0000] {logging_mixin.py:149} INFO - [2023-05-10T22:03:17.745+0000] {dag.py:3490} INFO - Setting next_dagrun for example_xcom_args_with_operators to None, run_after=None
[2023-05-10T22:03:18.114+0000] {processor.py:178} INFO - Processing /home/airflow/.local/lib/python3.7/site-packages/airflow/example_dags/example_xcomargs.py took 0.797 seconds
[2023-05-10T22:03:50.846+0000] {processor.py:156} INFO - Started process (PID=1078) to work on /home/airflow/.local/lib/python3.7/site-packages/airflow/example_dags/example_xcomargs.py
[2023-05-10T22:03:50.874+0000] {processor.py:799} INFO - Processing file /home/airflow/.local/lib/python3.7/site-packages/airflow/example_dags/example_xcomargs.py for tasks to queue
[2023-05-10T22:03:50.894+0000] {logging_mixin.py:149} INFO - [2023-05-10T22:03:50.893+0000] {dagbag.py:541} INFO - Filling up the DagBag from /home/airflow/.local/lib/python3.7/site-packages/airflow/example_dags/example_xcomargs.py
[2023-05-10T22:03:51.088+0000] {processor.py:809} INFO - DAG(s) dict_keys(['example_xcom_args_with_operators', 'example_xcom_args']) retrieved from /home/airflow/.local/lib/python3.7/site-packages/airflow/example_dags/example_xcomargs.py
[2023-05-10T22:03:51.293+0000] {logging_mixin.py:149} INFO - [2023-05-10T22:03:51.284+0000] {dag.py:2726} INFO - Sync 2 DAGs
[2023-05-10T22:03:51.490+0000] {logging_mixin.py:149} INFO - [2023-05-10T22:03:51.490+0000] {dag.py:3490} INFO - Setting next_dagrun for example_xcom_args to None, run_after=None
[2023-05-10T22:03:51.525+0000] {logging_mixin.py:149} INFO - [2023-05-10T22:03:51.524+0000] {dag.py:3490} INFO - Setting next_dagrun for example_xcom_args_with_operators to None, run_after=None
[2023-05-10T22:03:51.967+0000] {processor.py:178} INFO - Processing /home/airflow/.local/lib/python3.7/site-packages/airflow/example_dags/example_xcomargs.py took 1.129 seconds
[2023-05-10T22:04:24.628+0000] {processor.py:156} INFO - Started process (PID=1134) to work on /home/airflow/.local/lib/python3.7/site-packages/airflow/example_dags/example_xcomargs.py
[2023-05-10T22:04:24.631+0000] {processor.py:799} INFO - Processing file /home/airflow/.local/lib/python3.7/site-packages/airflow/example_dags/example_xcomargs.py for tasks to queue
[2023-05-10T22:04:24.634+0000] {logging_mixin.py:149} INFO - [2023-05-10T22:04:24.634+0000] {dagbag.py:541} INFO - Filling up the DagBag from /home/airflow/.local/lib/python3.7/site-packages/airflow/example_dags/example_xcomargs.py
[2023-05-10T22:04:24.691+0000] {processor.py:809} INFO - DAG(s) dict_keys(['example_xcom_args_with_operators', 'example_xcom_args']) retrieved from /home/airflow/.local/lib/python3.7/site-packages/airflow/example_dags/example_xcomargs.py
[2023-05-10T22:04:24.892+0000] {logging_mixin.py:149} INFO - [2023-05-10T22:04:24.892+0000] {dag.py:2726} INFO - Sync 2 DAGs
[2023-05-10T22:04:25.144+0000] {logging_mixin.py:149} INFO - [2023-05-10T22:04:25.143+0000] {dag.py:3490} INFO - Setting next_dagrun for example_xcom_args to None, run_after=None
[2023-05-10T22:04:25.168+0000] {logging_mixin.py:149} INFO - [2023-05-10T22:04:25.168+0000] {dag.py:3490} INFO - Setting next_dagrun for example_xcom_args_with_operators to None, run_after=None
[2023-05-10T22:04:25.332+0000] {processor.py:178} INFO - Processing /home/airflow/.local/lib/python3.7/site-packages/airflow/example_dags/example_xcomargs.py took 0.735 seconds
[2023-05-10T22:04:55.773+0000] {processor.py:156} INFO - Started process (PID=1188) to work on /home/airflow/.local/lib/python3.7/site-packages/airflow/example_dags/example_xcomargs.py
[2023-05-10T22:04:55.779+0000] {processor.py:799} INFO - Processing file /home/airflow/.local/lib/python3.7/site-packages/airflow/example_dags/example_xcomargs.py for tasks to queue
[2023-05-10T22:04:55.784+0000] {logging_mixin.py:149} INFO - [2023-05-10T22:04:55.783+0000] {dagbag.py:541} INFO - Filling up the DagBag from /home/airflow/.local/lib/python3.7/site-packages/airflow/example_dags/example_xcomargs.py
[2023-05-10T22:04:55.814+0000] {processor.py:809} INFO - DAG(s) dict_keys(['example_xcom_args_with_operators', 'example_xcom_args']) retrieved from /home/airflow/.local/lib/python3.7/site-packages/airflow/example_dags/example_xcomargs.py
[2023-05-10T22:04:55.928+0000] {logging_mixin.py:149} INFO - [2023-05-10T22:04:55.928+0000] {dag.py:2726} INFO - Sync 2 DAGs
[2023-05-10T22:04:56.027+0000] {logging_mixin.py:149} INFO - [2023-05-10T22:04:56.027+0000] {dag.py:3490} INFO - Setting next_dagrun for example_xcom_args to None, run_after=None
[2023-05-10T22:04:56.043+0000] {logging_mixin.py:149} INFO - [2023-05-10T22:04:56.042+0000] {dag.py:3490} INFO - Setting next_dagrun for example_xcom_args_with_operators to None, run_after=None
[2023-05-10T22:04:56.127+0000] {processor.py:178} INFO - Processing /home/airflow/.local/lib/python3.7/site-packages/airflow/example_dags/example_xcomargs.py took 0.362 seconds
[2023-05-10T22:05:26.433+0000] {processor.py:156} INFO - Started process (PID=1241) to work on /home/airflow/.local/lib/python3.7/site-packages/airflow/example_dags/example_xcomargs.py
[2023-05-10T22:05:26.437+0000] {processor.py:799} INFO - Processing file /home/airflow/.local/lib/python3.7/site-packages/airflow/example_dags/example_xcomargs.py for tasks to queue
[2023-05-10T22:05:26.440+0000] {logging_mixin.py:149} INFO - [2023-05-10T22:05:26.439+0000] {dagbag.py:541} INFO - Filling up the DagBag from /home/airflow/.local/lib/python3.7/site-packages/airflow/example_dags/example_xcomargs.py
[2023-05-10T22:05:26.496+0000] {processor.py:809} INFO - DAG(s) dict_keys(['example_xcom_args_with_operators', 'example_xcom_args']) retrieved from /home/airflow/.local/lib/python3.7/site-packages/airflow/example_dags/example_xcomargs.py
[2023-05-10T22:05:26.673+0000] {logging_mixin.py:149} INFO - [2023-05-10T22:05:26.673+0000] {dag.py:2726} INFO - Sync 2 DAGs
[2023-05-10T22:05:26.829+0000] {logging_mixin.py:149} INFO - [2023-05-10T22:05:26.826+0000] {dag.py:3490} INFO - Setting next_dagrun for example_xcom_args to None, run_after=None
[2023-05-10T22:05:26.852+0000] {logging_mixin.py:149} INFO - [2023-05-10T22:05:26.851+0000] {dag.py:3490} INFO - Setting next_dagrun for example_xcom_args_with_operators to None, run_after=None
[2023-05-10T22:05:27.125+0000] {processor.py:178} INFO - Processing /home/airflow/.local/lib/python3.7/site-packages/airflow/example_dags/example_xcomargs.py took 0.712 seconds
[2023-05-10T22:05:57.657+0000] {processor.py:156} INFO - Started process (PID=1296) to work on /home/airflow/.local/lib/python3.7/site-packages/airflow/example_dags/example_xcomargs.py
[2023-05-10T22:05:57.669+0000] {processor.py:799} INFO - Processing file /home/airflow/.local/lib/python3.7/site-packages/airflow/example_dags/example_xcomargs.py for tasks to queue
[2023-05-10T22:05:57.686+0000] {logging_mixin.py:149} INFO - [2023-05-10T22:05:57.682+0000] {dagbag.py:541} INFO - Filling up the DagBag from /home/airflow/.local/lib/python3.7/site-packages/airflow/example_dags/example_xcomargs.py
[2023-05-10T22:05:57.744+0000] {processor.py:809} INFO - DAG(s) dict_keys(['example_xcom_args_with_operators', 'example_xcom_args']) retrieved from /home/airflow/.local/lib/python3.7/site-packages/airflow/example_dags/example_xcomargs.py
[2023-05-10T22:05:57.935+0000] {logging_mixin.py:149} INFO - [2023-05-10T22:05:57.935+0000] {dag.py:2726} INFO - Sync 2 DAGs
[2023-05-10T22:05:58.153+0000] {logging_mixin.py:149} INFO - [2023-05-10T22:05:58.152+0000] {dag.py:3490} INFO - Setting next_dagrun for example_xcom_args to None, run_after=None
[2023-05-10T22:05:58.176+0000] {logging_mixin.py:149} INFO - [2023-05-10T22:05:58.176+0000] {dag.py:3490} INFO - Setting next_dagrun for example_xcom_args_with_operators to None, run_after=None
[2023-05-10T22:05:58.420+0000] {processor.py:178} INFO - Processing /home/airflow/.local/lib/python3.7/site-packages/airflow/example_dags/example_xcomargs.py took 0.770 seconds
[2023-05-10T22:06:28.659+0000] {processor.py:156} INFO - Started process (PID=1354) to work on /home/airflow/.local/lib/python3.7/site-packages/airflow/example_dags/example_xcomargs.py
[2023-05-10T22:06:28.670+0000] {processor.py:799} INFO - Processing file /home/airflow/.local/lib/python3.7/site-packages/airflow/example_dags/example_xcomargs.py for tasks to queue
[2023-05-10T22:06:28.675+0000] {logging_mixin.py:149} INFO - [2023-05-10T22:06:28.675+0000] {dagbag.py:541} INFO - Filling up the DagBag from /home/airflow/.local/lib/python3.7/site-packages/airflow/example_dags/example_xcomargs.py
[2023-05-10T22:06:28.737+0000] {processor.py:809} INFO - DAG(s) dict_keys(['example_xcom_args_with_operators', 'example_xcom_args']) retrieved from /home/airflow/.local/lib/python3.7/site-packages/airflow/example_dags/example_xcomargs.py
[2023-05-10T22:06:28.909+0000] {logging_mixin.py:149} INFO - [2023-05-10T22:06:28.908+0000] {dag.py:2726} INFO - Sync 2 DAGs
[2023-05-10T22:06:29.071+0000] {logging_mixin.py:149} INFO - [2023-05-10T22:06:29.071+0000] {dag.py:3490} INFO - Setting next_dagrun for example_xcom_args to None, run_after=None
[2023-05-10T22:06:29.093+0000] {logging_mixin.py:149} INFO - [2023-05-10T22:06:29.092+0000] {dag.py:3490} INFO - Setting next_dagrun for example_xcom_args_with_operators to None, run_after=None
[2023-05-10T22:06:29.223+0000] {processor.py:178} INFO - Processing /home/airflow/.local/lib/python3.7/site-packages/airflow/example_dags/example_xcomargs.py took 0.582 seconds
[2023-05-10T22:06:59.582+0000] {processor.py:156} INFO - Started process (PID=1410) to work on /home/airflow/.local/lib/python3.7/site-packages/airflow/example_dags/example_xcomargs.py
[2023-05-10T22:06:59.585+0000] {processor.py:799} INFO - Processing file /home/airflow/.local/lib/python3.7/site-packages/airflow/example_dags/example_xcomargs.py for tasks to queue
[2023-05-10T22:06:59.587+0000] {logging_mixin.py:149} INFO - [2023-05-10T22:06:59.587+0000] {dagbag.py:541} INFO - Filling up the DagBag from /home/airflow/.local/lib/python3.7/site-packages/airflow/example_dags/example_xcomargs.py
[2023-05-10T22:06:59.630+0000] {processor.py:809} INFO - DAG(s) dict_keys(['example_xcom_args_with_operators', 'example_xcom_args']) retrieved from /home/airflow/.local/lib/python3.7/site-packages/airflow/example_dags/example_xcomargs.py
[2023-05-10T22:06:59.765+0000] {logging_mixin.py:149} INFO - [2023-05-10T22:06:59.765+0000] {dag.py:2726} INFO - Sync 2 DAGs
[2023-05-10T22:06:59.920+0000] {logging_mixin.py:149} INFO - [2023-05-10T22:06:59.916+0000] {dag.py:3490} INFO - Setting next_dagrun for example_xcom_args to None, run_after=None
[2023-05-10T22:06:59.950+0000] {logging_mixin.py:149} INFO - [2023-05-10T22:06:59.950+0000] {dag.py:3490} INFO - Setting next_dagrun for example_xcom_args_with_operators to None, run_after=None
[2023-05-10T22:07:00.111+0000] {processor.py:178} INFO - Processing /home/airflow/.local/lib/python3.7/site-packages/airflow/example_dags/example_xcomargs.py took 0.541 seconds
[2023-05-10T22:07:34.352+0000] {processor.py:156} INFO - Started process (PID=1466) to work on /home/airflow/.local/lib/python3.7/site-packages/airflow/example_dags/example_xcomargs.py
[2023-05-10T22:07:34.355+0000] {processor.py:799} INFO - Processing file /home/airflow/.local/lib/python3.7/site-packages/airflow/example_dags/example_xcomargs.py for tasks to queue
[2023-05-10T22:07:34.358+0000] {logging_mixin.py:149} INFO - [2023-05-10T22:07:34.357+0000] {dagbag.py:541} INFO - Filling up the DagBag from /home/airflow/.local/lib/python3.7/site-packages/airflow/example_dags/example_xcomargs.py
[2023-05-10T22:07:34.394+0000] {processor.py:809} INFO - DAG(s) dict_keys(['example_xcom_args', 'example_xcom_args_with_operators']) retrieved from /home/airflow/.local/lib/python3.7/site-packages/airflow/example_dags/example_xcomargs.py
[2023-05-10T22:07:34.493+0000] {logging_mixin.py:149} INFO - [2023-05-10T22:07:34.492+0000] {dag.py:2726} INFO - Sync 2 DAGs
[2023-05-10T22:07:34.622+0000] {logging_mixin.py:149} INFO - [2023-05-10T22:07:34.622+0000] {dag.py:3490} INFO - Setting next_dagrun for example_xcom_args to None, run_after=None
[2023-05-10T22:07:34.642+0000] {logging_mixin.py:149} INFO - [2023-05-10T22:07:34.641+0000] {dag.py:3490} INFO - Setting next_dagrun for example_xcom_args_with_operators to None, run_after=None
[2023-05-10T22:07:34.918+0000] {processor.py:178} INFO - Processing /home/airflow/.local/lib/python3.7/site-packages/airflow/example_dags/example_xcomargs.py took 0.581 seconds
[2023-05-10T22:08:05.322+0000] {processor.py:156} INFO - Started process (PID=1518) to work on /home/airflow/.local/lib/python3.7/site-packages/airflow/example_dags/example_xcomargs.py
[2023-05-10T22:08:05.328+0000] {processor.py:799} INFO - Processing file /home/airflow/.local/lib/python3.7/site-packages/airflow/example_dags/example_xcomargs.py for tasks to queue
[2023-05-10T22:08:05.335+0000] {logging_mixin.py:149} INFO - [2023-05-10T22:08:05.334+0000] {dagbag.py:541} INFO - Filling up the DagBag from /home/airflow/.local/lib/python3.7/site-packages/airflow/example_dags/example_xcomargs.py
[2023-05-10T22:08:05.425+0000] {processor.py:809} INFO - DAG(s) dict_keys(['example_xcom_args_with_operators', 'example_xcom_args']) retrieved from /home/airflow/.local/lib/python3.7/site-packages/airflow/example_dags/example_xcomargs.py
[2023-05-10T22:08:05.626+0000] {logging_mixin.py:149} INFO - [2023-05-10T22:08:05.625+0000] {dag.py:2726} INFO - Sync 2 DAGs
[2023-05-10T22:08:05.815+0000] {logging_mixin.py:149} INFO - [2023-05-10T22:08:05.815+0000] {dag.py:3490} INFO - Setting next_dagrun for example_xcom_args to None, run_after=None
[2023-05-10T22:08:05.861+0000] {logging_mixin.py:149} INFO - [2023-05-10T22:08:05.860+0000] {dag.py:3490} INFO - Setting next_dagrun for example_xcom_args_with_operators to None, run_after=None
[2023-05-10T22:08:06.019+0000] {processor.py:178} INFO - Processing /home/airflow/.local/lib/python3.7/site-packages/airflow/example_dags/example_xcomargs.py took 0.705 seconds
[2023-05-10T22:08:37.810+0000] {processor.py:156} INFO - Started process (PID=1569) to work on /home/airflow/.local/lib/python3.7/site-packages/airflow/example_dags/example_xcomargs.py
[2023-05-10T22:08:37.812+0000] {processor.py:799} INFO - Processing file /home/airflow/.local/lib/python3.7/site-packages/airflow/example_dags/example_xcomargs.py for tasks to queue
[2023-05-10T22:08:37.824+0000] {logging_mixin.py:149} INFO - [2023-05-10T22:08:37.823+0000] {dagbag.py:541} INFO - Filling up the DagBag from /home/airflow/.local/lib/python3.7/site-packages/airflow/example_dags/example_xcomargs.py
[2023-05-10T22:08:38.056+0000] {processor.py:809} INFO - DAG(s) dict_keys(['example_xcom_args_with_operators', 'example_xcom_args']) retrieved from /home/airflow/.local/lib/python3.7/site-packages/airflow/example_dags/example_xcomargs.py
[2023-05-10T22:08:38.848+0000] {logging_mixin.py:149} INFO - [2023-05-10T22:08:38.848+0000] {dag.py:2726} INFO - Sync 2 DAGs
[2023-05-10T22:08:39.149+0000] {logging_mixin.py:149} INFO - [2023-05-10T22:08:39.149+0000] {dag.py:3490} INFO - Setting next_dagrun for example_xcom_args to None, run_after=None
[2023-05-10T22:08:39.178+0000] {logging_mixin.py:149} INFO - [2023-05-10T22:08:39.178+0000] {dag.py:3490} INFO - Setting next_dagrun for example_xcom_args_with_operators to None, run_after=None
[2023-05-10T22:08:39.412+0000] {processor.py:178} INFO - Processing /home/airflow/.local/lib/python3.7/site-packages/airflow/example_dags/example_xcomargs.py took 1.621 seconds
[2023-05-10T22:09:09.608+0000] {processor.py:156} INFO - Started process (PID=1620) to work on /home/airflow/.local/lib/python3.7/site-packages/airflow/example_dags/example_xcomargs.py
[2023-05-10T22:09:09.611+0000] {processor.py:799} INFO - Processing file /home/airflow/.local/lib/python3.7/site-packages/airflow/example_dags/example_xcomargs.py for tasks to queue
[2023-05-10T22:09:09.615+0000] {logging_mixin.py:149} INFO - [2023-05-10T22:09:09.613+0000] {dagbag.py:541} INFO - Filling up the DagBag from /home/airflow/.local/lib/python3.7/site-packages/airflow/example_dags/example_xcomargs.py
[2023-05-10T22:09:09.654+0000] {processor.py:809} INFO - DAG(s) dict_keys(['example_xcom_args_with_operators', 'example_xcom_args']) retrieved from /home/airflow/.local/lib/python3.7/site-packages/airflow/example_dags/example_xcomargs.py
[2023-05-10T22:09:09.830+0000] {logging_mixin.py:149} INFO - [2023-05-10T22:09:09.829+0000] {dag.py:2726} INFO - Sync 2 DAGs
[2023-05-10T22:09:10.006+0000] {logging_mixin.py:149} INFO - [2023-05-10T22:09:09.999+0000] {dag.py:3490} INFO - Setting next_dagrun for example_xcom_args to None, run_after=None
[2023-05-10T22:09:10.033+0000] {logging_mixin.py:149} INFO - [2023-05-10T22:09:10.033+0000] {dag.py:3490} INFO - Setting next_dagrun for example_xcom_args_with_operators to None, run_after=None
[2023-05-10T22:09:10.184+0000] {processor.py:178} INFO - Processing /home/airflow/.local/lib/python3.7/site-packages/airflow/example_dags/example_xcomargs.py took 0.587 seconds
[2023-05-10T22:09:40.769+0000] {processor.py:156} INFO - Started process (PID=1677) to work on /home/airflow/.local/lib/python3.7/site-packages/airflow/example_dags/example_xcomargs.py
[2023-05-10T22:09:40.773+0000] {processor.py:799} INFO - Processing file /home/airflow/.local/lib/python3.7/site-packages/airflow/example_dags/example_xcomargs.py for tasks to queue
[2023-05-10T22:09:40.776+0000] {logging_mixin.py:149} INFO - [2023-05-10T22:09:40.775+0000] {dagbag.py:541} INFO - Filling up the DagBag from /home/airflow/.local/lib/python3.7/site-packages/airflow/example_dags/example_xcomargs.py
[2023-05-10T22:09:40.801+0000] {processor.py:809} INFO - DAG(s) dict_keys(['example_xcom_args_with_operators', 'example_xcom_args']) retrieved from /home/airflow/.local/lib/python3.7/site-packages/airflow/example_dags/example_xcomargs.py
[2023-05-10T22:09:40.906+0000] {logging_mixin.py:149} INFO - [2023-05-10T22:09:40.906+0000] {dag.py:2726} INFO - Sync 2 DAGs
[2023-05-10T22:09:41.010+0000] {logging_mixin.py:149} INFO - [2023-05-10T22:09:41.010+0000] {dag.py:3490} INFO - Setting next_dagrun for example_xcom_args to None, run_after=None
[2023-05-10T22:09:41.024+0000] {logging_mixin.py:149} INFO - [2023-05-10T22:09:41.024+0000] {dag.py:3490} INFO - Setting next_dagrun for example_xcom_args_with_operators to None, run_after=None
[2023-05-10T22:09:41.129+0000] {processor.py:178} INFO - Processing /home/airflow/.local/lib/python3.7/site-packages/airflow/example_dags/example_xcomargs.py took 0.371 seconds
[2023-05-10T22:10:11.899+0000] {processor.py:156} INFO - Started process (PID=1733) to work on /home/airflow/.local/lib/python3.7/site-packages/airflow/example_dags/example_xcomargs.py
[2023-05-10T22:10:11.902+0000] {processor.py:799} INFO - Processing file /home/airflow/.local/lib/python3.7/site-packages/airflow/example_dags/example_xcomargs.py for tasks to queue
[2023-05-10T22:10:11.905+0000] {logging_mixin.py:149} INFO - [2023-05-10T22:10:11.904+0000] {dagbag.py:541} INFO - Filling up the DagBag from /home/airflow/.local/lib/python3.7/site-packages/airflow/example_dags/example_xcomargs.py
[2023-05-10T22:10:11.958+0000] {processor.py:809} INFO - DAG(s) dict_keys(['example_xcom_args', 'example_xcom_args_with_operators']) retrieved from /home/airflow/.local/lib/python3.7/site-packages/airflow/example_dags/example_xcomargs.py
[2023-05-10T22:10:12.069+0000] {logging_mixin.py:149} INFO - [2023-05-10T22:10:12.069+0000] {dag.py:2726} INFO - Sync 2 DAGs
[2023-05-10T22:10:12.210+0000] {logging_mixin.py:149} INFO - [2023-05-10T22:10:12.206+0000] {dag.py:3490} INFO - Setting next_dagrun for example_xcom_args to None, run_after=None
[2023-05-10T22:10:12.237+0000] {logging_mixin.py:149} INFO - [2023-05-10T22:10:12.236+0000] {dag.py:3490} INFO - Setting next_dagrun for example_xcom_args_with_operators to None, run_after=None
[2023-05-10T22:10:12.510+0000] {processor.py:178} INFO - Processing /home/airflow/.local/lib/python3.7/site-packages/airflow/example_dags/example_xcomargs.py took 0.624 seconds
