[2023-05-10T21:52:40.481+0000] {processor.py:156} INFO - Started process (PID=73) to work on /home/airflow/.local/lib/python3.7/site-packages/airflow/example_dags/example_sla_dag.py
[2023-05-10T21:52:40.483+0000] {processor.py:799} INFO - Processing file /home/airflow/.local/lib/python3.7/site-packages/airflow/example_dags/example_sla_dag.py for tasks to queue
[2023-05-10T21:52:40.486+0000] {logging_mixin.py:149} INFO - [2023-05-10T21:52:40.486+0000] {dagbag.py:541} INFO - Filling up the DagBag from /home/airflow/.local/lib/python3.7/site-packages/airflow/example_dags/example_sla_dag.py
[2023-05-10T21:52:40.733+0000] {processor.py:809} INFO - DAG(s) dict_keys(['example_sla_dag']) retrieved from /home/airflow/.local/lib/python3.7/site-packages/airflow/example_dags/example_sla_dag.py
[2023-05-10T21:52:41.734+0000] {logging_mixin.py:149} INFO - [2023-05-10T21:52:41.734+0000] {manager.py:504} INFO - Created Permission View: can read on DAG:example_sla_dag
[2023-05-10T21:52:42.085+0000] {logging_mixin.py:149} INFO - [2023-05-10T21:52:42.085+0000] {manager.py:504} INFO - Created Permission View: can delete on DAG:example_sla_dag
[2023-05-10T21:52:42.352+0000] {logging_mixin.py:149} INFO - [2023-05-10T21:52:42.351+0000] {manager.py:504} INFO - Created Permission View: can edit on DAG:example_sla_dag
[2023-05-10T21:52:42.353+0000] {logging_mixin.py:149} INFO - [2023-05-10T21:52:42.353+0000] {dag.py:2726} INFO - Sync 1 DAGs
[2023-05-10T21:52:42.406+0000] {logging_mixin.py:149} INFO - [2023-05-10T21:52:42.406+0000] {dag.py:2747} INFO - Creating ORM DAG for example_sla_dag
[2023-05-10T21:52:42.514+0000] {logging_mixin.py:149} INFO - [2023-05-10T21:52:42.513+0000] {dag.py:3490} INFO - Setting next_dagrun for example_sla_dag to 2023-05-10T21:50:00+00:00, run_after=2023-05-10T21:52:00+00:00
[2023-05-10T21:52:42.885+0000] {processor.py:178} INFO - Processing /home/airflow/.local/lib/python3.7/site-packages/airflow/example_dags/example_sla_dag.py took 2.411 seconds
[2023-05-10T21:53:58.095+0000] {processor.py:156} INFO - Started process (PID=136) to work on /home/airflow/.local/lib/python3.7/site-packages/airflow/example_dags/example_sla_dag.py
[2023-05-10T21:53:58.097+0000] {processor.py:799} INFO - Processing file /home/airflow/.local/lib/python3.7/site-packages/airflow/example_dags/example_sla_dag.py for tasks to queue
[2023-05-10T21:53:58.100+0000] {logging_mixin.py:149} INFO - [2023-05-10T21:53:58.100+0000] {dagbag.py:541} INFO - Filling up the DagBag from /home/airflow/.local/lib/python3.7/site-packages/airflow/example_dags/example_sla_dag.py
[2023-05-10T21:53:58.222+0000] {processor.py:809} INFO - DAG(s) dict_keys(['example_sla_dag']) retrieved from /home/airflow/.local/lib/python3.7/site-packages/airflow/example_dags/example_sla_dag.py
[2023-05-10T21:53:58.300+0000] {logging_mixin.py:149} INFO - [2023-05-10T21:53:58.300+0000] {dag.py:2726} INFO - Sync 1 DAGs
[2023-05-10T21:53:58.449+0000] {logging_mixin.py:149} INFO - [2023-05-10T21:53:58.449+0000] {dag.py:3490} INFO - Setting next_dagrun for example_sla_dag to 2023-05-10T21:50:00+00:00, run_after=2023-05-10T21:52:00+00:00
[2023-05-10T21:53:58.616+0000] {processor.py:178} INFO - Processing /home/airflow/.local/lib/python3.7/site-packages/airflow/example_dags/example_sla_dag.py took 0.528 seconds
[2023-05-10T21:54:36.371+0000] {processor.py:156} INFO - Started process (PID=188) to work on /home/airflow/.local/lib/python3.7/site-packages/airflow/example_dags/example_sla_dag.py
[2023-05-10T21:54:36.379+0000] {processor.py:799} INFO - Processing file /home/airflow/.local/lib/python3.7/site-packages/airflow/example_dags/example_sla_dag.py for tasks to queue
[2023-05-10T21:54:36.384+0000] {logging_mixin.py:149} INFO - [2023-05-10T21:54:36.383+0000] {dagbag.py:541} INFO - Filling up the DagBag from /home/airflow/.local/lib/python3.7/site-packages/airflow/example_dags/example_sla_dag.py
[2023-05-10T21:54:36.426+0000] {processor.py:809} INFO - DAG(s) dict_keys(['example_sla_dag']) retrieved from /home/airflow/.local/lib/python3.7/site-packages/airflow/example_dags/example_sla_dag.py
[2023-05-10T21:54:36.514+0000] {logging_mixin.py:149} INFO - [2023-05-10T21:54:36.514+0000] {dag.py:2726} INFO - Sync 1 DAGs
[2023-05-10T21:54:36.792+0000] {logging_mixin.py:149} INFO - [2023-05-10T21:54:36.791+0000] {dag.py:3490} INFO - Setting next_dagrun for example_sla_dag to 2023-05-10T21:52:00+00:00, run_after=2023-05-10T21:54:00+00:00
[2023-05-10T21:54:36.982+0000] {processor.py:178} INFO - Processing /home/airflow/.local/lib/python3.7/site-packages/airflow/example_dags/example_sla_dag.py took 0.667 seconds
[2023-05-10T21:55:18.663+0000] {processor.py:156} INFO - Started process (PID=238) to work on /home/airflow/.local/lib/python3.7/site-packages/airflow/example_dags/example_sla_dag.py
[2023-05-10T21:55:18.667+0000] {processor.py:799} INFO - Processing file /home/airflow/.local/lib/python3.7/site-packages/airflow/example_dags/example_sla_dag.py for tasks to queue
[2023-05-10T21:55:18.670+0000] {logging_mixin.py:149} INFO - [2023-05-10T21:55:18.669+0000] {dagbag.py:541} INFO - Filling up the DagBag from /home/airflow/.local/lib/python3.7/site-packages/airflow/example_dags/example_sla_dag.py
[2023-05-10T21:55:18.786+0000] {processor.py:809} INFO - DAG(s) dict_keys(['example_sla_dag']) retrieved from /home/airflow/.local/lib/python3.7/site-packages/airflow/example_dags/example_sla_dag.py
[2023-05-10T21:55:19.003+0000] {logging_mixin.py:149} INFO - [2023-05-10T21:55:19.003+0000] {dag.py:2726} INFO - Sync 1 DAGs
[2023-05-10T21:55:19.352+0000] {logging_mixin.py:149} INFO - [2023-05-10T21:55:19.351+0000] {dag.py:3490} INFO - Setting next_dagrun for example_sla_dag to 2023-05-10T21:52:00+00:00, run_after=2023-05-10T21:54:00+00:00
[2023-05-10T21:55:19.750+0000] {processor.py:178} INFO - Processing /home/airflow/.local/lib/python3.7/site-packages/airflow/example_dags/example_sla_dag.py took 1.119 seconds
[2023-05-10T21:55:56.401+0000] {processor.py:156} INFO - Started process (PID=293) to work on /home/airflow/.local/lib/python3.7/site-packages/airflow/example_dags/example_sla_dag.py
[2023-05-10T21:55:56.405+0000] {processor.py:799} INFO - Processing file /home/airflow/.local/lib/python3.7/site-packages/airflow/example_dags/example_sla_dag.py for tasks to queue
[2023-05-10T21:55:56.408+0000] {logging_mixin.py:149} INFO - [2023-05-10T21:55:56.407+0000] {dagbag.py:541} INFO - Filling up the DagBag from /home/airflow/.local/lib/python3.7/site-packages/airflow/example_dags/example_sla_dag.py
[2023-05-10T21:55:56.464+0000] {processor.py:809} INFO - DAG(s) dict_keys(['example_sla_dag']) retrieved from /home/airflow/.local/lib/python3.7/site-packages/airflow/example_dags/example_sla_dag.py
[2023-05-10T21:55:56.632+0000] {logging_mixin.py:149} INFO - [2023-05-10T21:55:56.632+0000] {dag.py:2726} INFO - Sync 1 DAGs
[2023-05-10T21:55:56.880+0000] {logging_mixin.py:149} INFO - [2023-05-10T21:55:56.867+0000] {dag.py:3490} INFO - Setting next_dagrun for example_sla_dag to 2023-05-10T21:52:00+00:00, run_after=2023-05-10T21:54:00+00:00
[2023-05-10T21:55:57.172+0000] {processor.py:178} INFO - Processing /home/airflow/.local/lib/python3.7/site-packages/airflow/example_dags/example_sla_dag.py took 0.784 seconds
[2023-05-10T21:56:27.365+0000] {processor.py:156} INFO - Started process (PID=346) to work on /home/airflow/.local/lib/python3.7/site-packages/airflow/example_dags/example_sla_dag.py
[2023-05-10T21:56:27.370+0000] {processor.py:799} INFO - Processing file /home/airflow/.local/lib/python3.7/site-packages/airflow/example_dags/example_sla_dag.py for tasks to queue
[2023-05-10T21:56:27.378+0000] {logging_mixin.py:149} INFO - [2023-05-10T21:56:27.378+0000] {dagbag.py:541} INFO - Filling up the DagBag from /home/airflow/.local/lib/python3.7/site-packages/airflow/example_dags/example_sla_dag.py
[2023-05-10T21:56:27.433+0000] {processor.py:809} INFO - DAG(s) dict_keys(['example_sla_dag']) retrieved from /home/airflow/.local/lib/python3.7/site-packages/airflow/example_dags/example_sla_dag.py
[2023-05-10T21:56:27.630+0000] {logging_mixin.py:149} INFO - [2023-05-10T21:56:27.630+0000] {dag.py:2726} INFO - Sync 1 DAGs
[2023-05-10T21:56:27.807+0000] {logging_mixin.py:149} INFO - [2023-05-10T21:56:27.806+0000] {dag.py:3490} INFO - Setting next_dagrun for example_sla_dag to 2023-05-10T21:54:00+00:00, run_after=2023-05-10T21:56:00+00:00
[2023-05-10T21:56:27.962+0000] {processor.py:178} INFO - Processing /home/airflow/.local/lib/python3.7/site-packages/airflow/example_dags/example_sla_dag.py took 0.614 seconds
[2023-05-10T21:57:10.204+0000] {processor.py:156} INFO - Started process (PID=408) to work on /home/airflow/.local/lib/python3.7/site-packages/airflow/example_dags/example_sla_dag.py
[2023-05-10T21:57:10.217+0000] {processor.py:799} INFO - Processing file /home/airflow/.local/lib/python3.7/site-packages/airflow/example_dags/example_sla_dag.py for tasks to queue
[2023-05-10T21:57:10.220+0000] {logging_mixin.py:149} INFO - [2023-05-10T21:57:10.220+0000] {dagbag.py:541} INFO - Filling up the DagBag from /home/airflow/.local/lib/python3.7/site-packages/airflow/example_dags/example_sla_dag.py
[2023-05-10T21:57:10.264+0000] {processor.py:809} INFO - DAG(s) dict_keys(['example_sla_dag']) retrieved from /home/airflow/.local/lib/python3.7/site-packages/airflow/example_dags/example_sla_dag.py
[2023-05-10T21:57:10.386+0000] {logging_mixin.py:149} INFO - [2023-05-10T21:57:10.386+0000] {dag.py:2726} INFO - Sync 1 DAGs
[2023-05-10T21:57:10.573+0000] {logging_mixin.py:149} INFO - [2023-05-10T21:57:10.572+0000] {dag.py:3490} INFO - Setting next_dagrun for example_sla_dag to 2023-05-10T21:54:00+00:00, run_after=2023-05-10T21:56:00+00:00
[2023-05-10T21:57:10.861+0000] {processor.py:178} INFO - Processing /home/airflow/.local/lib/python3.7/site-packages/airflow/example_dags/example_sla_dag.py took 0.676 seconds
[2023-05-10T21:57:45.550+0000] {processor.py:156} INFO - Started process (PID=463) to work on /home/airflow/.local/lib/python3.7/site-packages/airflow/example_dags/example_sla_dag.py
[2023-05-10T21:57:45.580+0000] {processor.py:799} INFO - Processing file /home/airflow/.local/lib/python3.7/site-packages/airflow/example_dags/example_sla_dag.py for tasks to queue
[2023-05-10T21:57:45.583+0000] {logging_mixin.py:149} INFO - [2023-05-10T21:57:45.582+0000] {dagbag.py:541} INFO - Filling up the DagBag from /home/airflow/.local/lib/python3.7/site-packages/airflow/example_dags/example_sla_dag.py
[2023-05-10T21:57:45.625+0000] {processor.py:809} INFO - DAG(s) dict_keys(['example_sla_dag']) retrieved from /home/airflow/.local/lib/python3.7/site-packages/airflow/example_dags/example_sla_dag.py
[2023-05-10T21:57:46.090+0000] {logging_mixin.py:149} INFO - [2023-05-10T21:57:46.089+0000] {dag.py:2726} INFO - Sync 1 DAGs
[2023-05-10T21:57:46.311+0000] {logging_mixin.py:149} INFO - [2023-05-10T21:57:46.311+0000] {dag.py:3490} INFO - Setting next_dagrun for example_sla_dag to 2023-05-10T21:54:00+00:00, run_after=2023-05-10T21:56:00+00:00
[2023-05-10T21:57:46.793+0000] {processor.py:178} INFO - Processing /home/airflow/.local/lib/python3.7/site-packages/airflow/example_dags/example_sla_dag.py took 1.253 seconds
[2023-05-10T21:58:17.254+0000] {processor.py:156} INFO - Started process (PID=514) to work on /home/airflow/.local/lib/python3.7/site-packages/airflow/example_dags/example_sla_dag.py
[2023-05-10T21:58:17.256+0000] {processor.py:799} INFO - Processing file /home/airflow/.local/lib/python3.7/site-packages/airflow/example_dags/example_sla_dag.py for tasks to queue
[2023-05-10T21:58:17.260+0000] {logging_mixin.py:149} INFO - [2023-05-10T21:58:17.259+0000] {dagbag.py:541} INFO - Filling up the DagBag from /home/airflow/.local/lib/python3.7/site-packages/airflow/example_dags/example_sla_dag.py
[2023-05-10T21:58:17.298+0000] {processor.py:809} INFO - DAG(s) dict_keys(['example_sla_dag']) retrieved from /home/airflow/.local/lib/python3.7/site-packages/airflow/example_dags/example_sla_dag.py
[2023-05-10T21:58:17.386+0000] {logging_mixin.py:149} INFO - [2023-05-10T21:58:17.385+0000] {dag.py:2726} INFO - Sync 1 DAGs
[2023-05-10T21:58:17.538+0000] {logging_mixin.py:149} INFO - [2023-05-10T21:58:17.538+0000] {dag.py:3490} INFO - Setting next_dagrun for example_sla_dag to 2023-05-10T21:56:00+00:00, run_after=2023-05-10T21:58:00+00:00
[2023-05-10T21:58:17.701+0000] {processor.py:178} INFO - Processing /home/airflow/.local/lib/python3.7/site-packages/airflow/example_dags/example_sla_dag.py took 0.463 seconds
[2023-05-10T21:58:48.964+0000] {processor.py:156} INFO - Started process (PID=570) to work on /home/airflow/.local/lib/python3.7/site-packages/airflow/example_dags/example_sla_dag.py
[2023-05-10T21:58:48.976+0000] {processor.py:799} INFO - Processing file /home/airflow/.local/lib/python3.7/site-packages/airflow/example_dags/example_sla_dag.py for tasks to queue
[2023-05-10T21:58:48.978+0000] {logging_mixin.py:149} INFO - [2023-05-10T21:58:48.978+0000] {dagbag.py:541} INFO - Filling up the DagBag from /home/airflow/.local/lib/python3.7/site-packages/airflow/example_dags/example_sla_dag.py
[2023-05-10T21:58:49.030+0000] {processor.py:809} INFO - DAG(s) dict_keys(['example_sla_dag']) retrieved from /home/airflow/.local/lib/python3.7/site-packages/airflow/example_dags/example_sla_dag.py
[2023-05-10T21:58:49.176+0000] {logging_mixin.py:149} INFO - [2023-05-10T21:58:49.176+0000] {dag.py:2726} INFO - Sync 1 DAGs
[2023-05-10T21:58:49.286+0000] {logging_mixin.py:149} INFO - [2023-05-10T21:58:49.286+0000] {dag.py:3490} INFO - Setting next_dagrun for example_sla_dag to 2023-05-10T21:56:00+00:00, run_after=2023-05-10T21:58:00+00:00
[2023-05-10T21:58:49.445+0000] {processor.py:178} INFO - Processing /home/airflow/.local/lib/python3.7/site-packages/airflow/example_dags/example_sla_dag.py took 0.488 seconds
[2023-05-10T21:59:21.710+0000] {processor.py:156} INFO - Started process (PID=626) to work on /home/airflow/.local/lib/python3.7/site-packages/airflow/example_dags/example_sla_dag.py
[2023-05-10T21:59:21.723+0000] {processor.py:799} INFO - Processing file /home/airflow/.local/lib/python3.7/site-packages/airflow/example_dags/example_sla_dag.py for tasks to queue
[2023-05-10T21:59:21.726+0000] {logging_mixin.py:149} INFO - [2023-05-10T21:59:21.725+0000] {dagbag.py:541} INFO - Filling up the DagBag from /home/airflow/.local/lib/python3.7/site-packages/airflow/example_dags/example_sla_dag.py
[2023-05-10T21:59:21.767+0000] {processor.py:809} INFO - DAG(s) dict_keys(['example_sla_dag']) retrieved from /home/airflow/.local/lib/python3.7/site-packages/airflow/example_dags/example_sla_dag.py
[2023-05-10T21:59:21.919+0000] {logging_mixin.py:149} INFO - [2023-05-10T21:59:21.918+0000] {dag.py:2726} INFO - Sync 1 DAGs
[2023-05-10T21:59:22.173+0000] {logging_mixin.py:149} INFO - [2023-05-10T21:59:22.172+0000] {dag.py:3490} INFO - Setting next_dagrun for example_sla_dag to 2023-05-10T21:56:00+00:00, run_after=2023-05-10T21:58:00+00:00
[2023-05-10T21:59:22.295+0000] {processor.py:178} INFO - Processing /home/airflow/.local/lib/python3.7/site-packages/airflow/example_dags/example_sla_dag.py took 0.591 seconds
[2023-05-10T21:59:59.036+0000] {processor.py:156} INFO - Started process (PID=683) to work on /home/airflow/.local/lib/python3.7/site-packages/airflow/example_dags/example_sla_dag.py
[2023-05-10T21:59:59.050+0000] {processor.py:799} INFO - Processing file /home/airflow/.local/lib/python3.7/site-packages/airflow/example_dags/example_sla_dag.py for tasks to queue
[2023-05-10T21:59:59.069+0000] {logging_mixin.py:149} INFO - [2023-05-10T21:59:59.069+0000] {dagbag.py:541} INFO - Filling up the DagBag from /home/airflow/.local/lib/python3.7/site-packages/airflow/example_dags/example_sla_dag.py
[2023-05-10T21:59:59.188+0000] {processor.py:809} INFO - DAG(s) dict_keys(['example_sla_dag']) retrieved from /home/airflow/.local/lib/python3.7/site-packages/airflow/example_dags/example_sla_dag.py
[2023-05-10T21:59:59.369+0000] {logging_mixin.py:149} INFO - [2023-05-10T21:59:59.369+0000] {dag.py:2726} INFO - Sync 1 DAGs
[2023-05-10T21:59:59.607+0000] {logging_mixin.py:149} INFO - [2023-05-10T21:59:59.607+0000] {dag.py:3490} INFO - Setting next_dagrun for example_sla_dag to 2023-05-10T21:56:00+00:00, run_after=2023-05-10T21:58:00+00:00
[2023-05-10T21:59:59.791+0000] {processor.py:178} INFO - Processing /home/airflow/.local/lib/python3.7/site-packages/airflow/example_dags/example_sla_dag.py took 0.778 seconds
[2023-05-10T22:00:33.692+0000] {processor.py:156} INFO - Started process (PID=739) to work on /home/airflow/.local/lib/python3.7/site-packages/airflow/example_dags/example_sla_dag.py
[2023-05-10T22:00:33.709+0000] {processor.py:799} INFO - Processing file /home/airflow/.local/lib/python3.7/site-packages/airflow/example_dags/example_sla_dag.py for tasks to queue
[2023-05-10T22:00:33.712+0000] {logging_mixin.py:149} INFO - [2023-05-10T22:00:33.711+0000] {dagbag.py:541} INFO - Filling up the DagBag from /home/airflow/.local/lib/python3.7/site-packages/airflow/example_dags/example_sla_dag.py
[2023-05-10T22:00:33.765+0000] {processor.py:809} INFO - DAG(s) dict_keys(['example_sla_dag']) retrieved from /home/airflow/.local/lib/python3.7/site-packages/airflow/example_dags/example_sla_dag.py
[2023-05-10T22:00:33.914+0000] {logging_mixin.py:149} INFO - [2023-05-10T22:00:33.913+0000] {dag.py:2726} INFO - Sync 1 DAGs
[2023-05-10T22:00:34.160+0000] {logging_mixin.py:149} INFO - [2023-05-10T22:00:34.158+0000] {dag.py:3490} INFO - Setting next_dagrun for example_sla_dag to 2023-05-10T21:58:00+00:00, run_after=2023-05-10T22:00:00+00:00
[2023-05-10T22:00:34.320+0000] {processor.py:178} INFO - Processing /home/airflow/.local/lib/python3.7/site-packages/airflow/example_dags/example_sla_dag.py took 0.640 seconds
[2023-05-10T22:01:05.847+0000] {processor.py:156} INFO - Started process (PID=795) to work on /home/airflow/.local/lib/python3.7/site-packages/airflow/example_dags/example_sla_dag.py
[2023-05-10T22:01:05.920+0000] {processor.py:799} INFO - Processing file /home/airflow/.local/lib/python3.7/site-packages/airflow/example_dags/example_sla_dag.py for tasks to queue
[2023-05-10T22:01:05.937+0000] {logging_mixin.py:149} INFO - [2023-05-10T22:01:05.936+0000] {dagbag.py:541} INFO - Filling up the DagBag from /home/airflow/.local/lib/python3.7/site-packages/airflow/example_dags/example_sla_dag.py
[2023-05-10T22:01:06.011+0000] {processor.py:809} INFO - DAG(s) dict_keys(['example_sla_dag']) retrieved from /home/airflow/.local/lib/python3.7/site-packages/airflow/example_dags/example_sla_dag.py
[2023-05-10T22:01:06.178+0000] {logging_mixin.py:149} INFO - [2023-05-10T22:01:06.177+0000] {dag.py:2726} INFO - Sync 1 DAGs
[2023-05-10T22:01:06.466+0000] {logging_mixin.py:149} INFO - [2023-05-10T22:01:06.438+0000] {dag.py:3490} INFO - Setting next_dagrun for example_sla_dag to 2023-05-10T21:58:00+00:00, run_after=2023-05-10T22:00:00+00:00
[2023-05-10T22:01:06.660+0000] {processor.py:178} INFO - Processing /home/airflow/.local/lib/python3.7/site-packages/airflow/example_dags/example_sla_dag.py took 0.910 seconds
[2023-05-10T22:01:37.925+0000] {processor.py:156} INFO - Started process (PID=851) to work on /home/airflow/.local/lib/python3.7/site-packages/airflow/example_dags/example_sla_dag.py
[2023-05-10T22:01:37.931+0000] {processor.py:799} INFO - Processing file /home/airflow/.local/lib/python3.7/site-packages/airflow/example_dags/example_sla_dag.py for tasks to queue
[2023-05-10T22:01:37.937+0000] {logging_mixin.py:149} INFO - [2023-05-10T22:01:37.937+0000] {dagbag.py:541} INFO - Filling up the DagBag from /home/airflow/.local/lib/python3.7/site-packages/airflow/example_dags/example_sla_dag.py
[2023-05-10T22:01:37.987+0000] {processor.py:809} INFO - DAG(s) dict_keys(['example_sla_dag']) retrieved from /home/airflow/.local/lib/python3.7/site-packages/airflow/example_dags/example_sla_dag.py
[2023-05-10T22:01:38.098+0000] {logging_mixin.py:149} INFO - [2023-05-10T22:01:38.098+0000] {dag.py:2726} INFO - Sync 1 DAGs
[2023-05-10T22:01:38.304+0000] {logging_mixin.py:149} INFO - [2023-05-10T22:01:38.300+0000] {dag.py:3490} INFO - Setting next_dagrun for example_sla_dag to 2023-05-10T21:58:00+00:00, run_after=2023-05-10T22:00:00+00:00
[2023-05-10T22:01:38.519+0000] {processor.py:178} INFO - Processing /home/airflow/.local/lib/python3.7/site-packages/airflow/example_dags/example_sla_dag.py took 0.605 seconds
[2023-05-10T22:02:10.116+0000] {processor.py:156} INFO - Started process (PID=908) to work on /home/airflow/.local/lib/python3.7/site-packages/airflow/example_dags/example_sla_dag.py
[2023-05-10T22:02:10.119+0000] {processor.py:799} INFO - Processing file /home/airflow/.local/lib/python3.7/site-packages/airflow/example_dags/example_sla_dag.py for tasks to queue
[2023-05-10T22:02:10.128+0000] {logging_mixin.py:149} INFO - [2023-05-10T22:02:10.122+0000] {dagbag.py:541} INFO - Filling up the DagBag from /home/airflow/.local/lib/python3.7/site-packages/airflow/example_dags/example_sla_dag.py
[2023-05-10T22:02:10.175+0000] {processor.py:809} INFO - DAG(s) dict_keys(['example_sla_dag']) retrieved from /home/airflow/.local/lib/python3.7/site-packages/airflow/example_dags/example_sla_dag.py
[2023-05-10T22:02:10.295+0000] {logging_mixin.py:149} INFO - [2023-05-10T22:02:10.295+0000] {dag.py:2726} INFO - Sync 1 DAGs
[2023-05-10T22:02:10.520+0000] {logging_mixin.py:149} INFO - [2023-05-10T22:02:10.520+0000] {dag.py:3490} INFO - Setting next_dagrun for example_sla_dag to 2023-05-10T22:00:00+00:00, run_after=2023-05-10T22:02:00+00:00
[2023-05-10T22:02:10.883+0000] {processor.py:178} INFO - Processing /home/airflow/.local/lib/python3.7/site-packages/airflow/example_dags/example_sla_dag.py took 0.788 seconds
[2023-05-10T22:02:47.145+0000] {processor.py:156} INFO - Started process (PID=972) to work on /home/airflow/.local/lib/python3.7/site-packages/airflow/example_dags/example_sla_dag.py
[2023-05-10T22:02:47.149+0000] {processor.py:799} INFO - Processing file /home/airflow/.local/lib/python3.7/site-packages/airflow/example_dags/example_sla_dag.py for tasks to queue
[2023-05-10T22:02:47.158+0000] {logging_mixin.py:149} INFO - [2023-05-10T22:02:47.157+0000] {dagbag.py:541} INFO - Filling up the DagBag from /home/airflow/.local/lib/python3.7/site-packages/airflow/example_dags/example_sla_dag.py
[2023-05-10T22:02:47.204+0000] {processor.py:809} INFO - DAG(s) dict_keys(['example_sla_dag']) retrieved from /home/airflow/.local/lib/python3.7/site-packages/airflow/example_dags/example_sla_dag.py
[2023-05-10T22:02:47.369+0000] {logging_mixin.py:149} INFO - [2023-05-10T22:02:47.368+0000] {dag.py:2726} INFO - Sync 1 DAGs
[2023-05-10T22:02:47.622+0000] {logging_mixin.py:149} INFO - [2023-05-10T22:02:47.622+0000] {dag.py:3490} INFO - Setting next_dagrun for example_sla_dag to 2023-05-10T22:00:00+00:00, run_after=2023-05-10T22:02:00+00:00
[2023-05-10T22:02:47.848+0000] {processor.py:178} INFO - Processing /home/airflow/.local/lib/python3.7/site-packages/airflow/example_dags/example_sla_dag.py took 0.713 seconds
[2023-05-10T22:03:19.080+0000] {processor.py:156} INFO - Started process (PID=1027) to work on /home/airflow/.local/lib/python3.7/site-packages/airflow/example_dags/example_sla_dag.py
[2023-05-10T22:03:19.082+0000] {processor.py:799} INFO - Processing file /home/airflow/.local/lib/python3.7/site-packages/airflow/example_dags/example_sla_dag.py for tasks to queue
[2023-05-10T22:03:19.085+0000] {logging_mixin.py:149} INFO - [2023-05-10T22:03:19.084+0000] {dagbag.py:541} INFO - Filling up the DagBag from /home/airflow/.local/lib/python3.7/site-packages/airflow/example_dags/example_sla_dag.py
[2023-05-10T22:03:19.124+0000] {processor.py:809} INFO - DAG(s) dict_keys(['example_sla_dag']) retrieved from /home/airflow/.local/lib/python3.7/site-packages/airflow/example_dags/example_sla_dag.py
[2023-05-10T22:03:19.244+0000] {logging_mixin.py:149} INFO - [2023-05-10T22:03:19.244+0000] {dag.py:2726} INFO - Sync 1 DAGs
[2023-05-10T22:03:19.457+0000] {logging_mixin.py:149} INFO - [2023-05-10T22:03:19.456+0000] {dag.py:3490} INFO - Setting next_dagrun for example_sla_dag to 2023-05-10T22:00:00+00:00, run_after=2023-05-10T22:02:00+00:00
[2023-05-10T22:03:19.708+0000] {processor.py:178} INFO - Processing /home/airflow/.local/lib/python3.7/site-packages/airflow/example_dags/example_sla_dag.py took 0.647 seconds
[2023-05-10T22:03:53.931+0000] {processor.py:156} INFO - Started process (PID=1081) to work on /home/airflow/.local/lib/python3.7/site-packages/airflow/example_dags/example_sla_dag.py
[2023-05-10T22:03:53.937+0000] {processor.py:799} INFO - Processing file /home/airflow/.local/lib/python3.7/site-packages/airflow/example_dags/example_sla_dag.py for tasks to queue
[2023-05-10T22:03:53.944+0000] {logging_mixin.py:149} INFO - [2023-05-10T22:03:53.944+0000] {dagbag.py:541} INFO - Filling up the DagBag from /home/airflow/.local/lib/python3.7/site-packages/airflow/example_dags/example_sla_dag.py
[2023-05-10T22:03:53.995+0000] {processor.py:809} INFO - DAG(s) dict_keys(['example_sla_dag']) retrieved from /home/airflow/.local/lib/python3.7/site-packages/airflow/example_dags/example_sla_dag.py
[2023-05-10T22:03:54.123+0000] {logging_mixin.py:149} INFO - [2023-05-10T22:03:54.123+0000] {dag.py:2726} INFO - Sync 1 DAGs
[2023-05-10T22:03:54.325+0000] {logging_mixin.py:149} INFO - [2023-05-10T22:03:54.320+0000] {dag.py:3490} INFO - Setting next_dagrun for example_sla_dag to 2023-05-10T22:00:00+00:00, run_after=2023-05-10T22:02:00+00:00
[2023-05-10T22:03:54.933+0000] {processor.py:178} INFO - Processing /home/airflow/.local/lib/python3.7/site-packages/airflow/example_dags/example_sla_dag.py took 1.018 seconds
[2023-05-10T22:04:27.069+0000] {processor.py:156} INFO - Started process (PID=1137) to work on /home/airflow/.local/lib/python3.7/site-packages/airflow/example_dags/example_sla_dag.py
[2023-05-10T22:04:27.080+0000] {processor.py:799} INFO - Processing file /home/airflow/.local/lib/python3.7/site-packages/airflow/example_dags/example_sla_dag.py for tasks to queue
[2023-05-10T22:04:27.083+0000] {logging_mixin.py:149} INFO - [2023-05-10T22:04:27.083+0000] {dagbag.py:541} INFO - Filling up the DagBag from /home/airflow/.local/lib/python3.7/site-packages/airflow/example_dags/example_sla_dag.py
[2023-05-10T22:04:27.151+0000] {processor.py:809} INFO - DAG(s) dict_keys(['example_sla_dag']) retrieved from /home/airflow/.local/lib/python3.7/site-packages/airflow/example_dags/example_sla_dag.py
[2023-05-10T22:04:27.312+0000] {logging_mixin.py:149} INFO - [2023-05-10T22:04:27.301+0000] {dag.py:2726} INFO - Sync 1 DAGs
[2023-05-10T22:04:27.566+0000] {logging_mixin.py:149} INFO - [2023-05-10T22:04:27.566+0000] {dag.py:3490} INFO - Setting next_dagrun for example_sla_dag to 2023-05-10T22:02:00+00:00, run_after=2023-05-10T22:04:00+00:00
[2023-05-10T22:04:27.581+0000] {processor.py:178} INFO - Processing /home/airflow/.local/lib/python3.7/site-packages/airflow/example_dags/example_sla_dag.py took 1.536 seconds
[2023-05-10T22:05:01.041+0000] {processor.py:156} INFO - Started process (PID=1194) to work on /home/airflow/.local/lib/python3.7/site-packages/airflow/example_dags/example_sla_dag.py
[2023-05-10T22:05:01.043+0000] {processor.py:799} INFO - Processing file /home/airflow/.local/lib/python3.7/site-packages/airflow/example_dags/example_sla_dag.py for tasks to queue
[2023-05-10T22:05:01.046+0000] {logging_mixin.py:149} INFO - [2023-05-10T22:05:01.045+0000] {dagbag.py:541} INFO - Filling up the DagBag from /home/airflow/.local/lib/python3.7/site-packages/airflow/example_dags/example_sla_dag.py
[2023-05-10T22:05:01.097+0000] {processor.py:809} INFO - DAG(s) dict_keys(['example_sla_dag']) retrieved from /home/airflow/.local/lib/python3.7/site-packages/airflow/example_dags/example_sla_dag.py
[2023-05-10T22:05:01.223+0000] {logging_mixin.py:149} INFO - [2023-05-10T22:05:01.223+0000] {dag.py:2726} INFO - Sync 1 DAGs
[2023-05-10T22:05:01.431+0000] {logging_mixin.py:149} INFO - [2023-05-10T22:05:01.430+0000] {dag.py:3490} INFO - Setting next_dagrun for example_sla_dag to 2023-05-10T22:02:00+00:00, run_after=2023-05-10T22:04:00+00:00
[2023-05-10T22:05:01.586+0000] {processor.py:178} INFO - Processing /home/airflow/.local/lib/python3.7/site-packages/airflow/example_dags/example_sla_dag.py took 0.564 seconds
[2023-05-10T22:05:36.852+0000] {processor.py:156} INFO - Started process (PID=1254) to work on /home/airflow/.local/lib/python3.7/site-packages/airflow/example_dags/example_sla_dag.py
[2023-05-10T22:05:36.854+0000] {processor.py:799} INFO - Processing file /home/airflow/.local/lib/python3.7/site-packages/airflow/example_dags/example_sla_dag.py for tasks to queue
[2023-05-10T22:05:36.857+0000] {logging_mixin.py:149} INFO - [2023-05-10T22:05:36.856+0000] {dagbag.py:541} INFO - Filling up the DagBag from /home/airflow/.local/lib/python3.7/site-packages/airflow/example_dags/example_sla_dag.py
[2023-05-10T22:05:36.913+0000] {processor.py:809} INFO - DAG(s) dict_keys(['example_sla_dag']) retrieved from /home/airflow/.local/lib/python3.7/site-packages/airflow/example_dags/example_sla_dag.py
[2023-05-10T22:05:37.071+0000] {logging_mixin.py:149} INFO - [2023-05-10T22:05:37.071+0000] {dag.py:2726} INFO - Sync 1 DAGs
[2023-05-10T22:05:37.303+0000] {logging_mixin.py:149} INFO - [2023-05-10T22:05:37.303+0000] {dag.py:3490} INFO - Setting next_dagrun for example_sla_dag to 2023-05-10T22:02:00+00:00, run_after=2023-05-10T22:04:00+00:00
[2023-05-10T22:05:37.465+0000] {processor.py:178} INFO - Processing /home/airflow/.local/lib/python3.7/site-packages/airflow/example_dags/example_sla_dag.py took 0.631 seconds
[2023-05-10T22:06:08.368+0000] {processor.py:156} INFO - Started process (PID=1305) to work on /home/airflow/.local/lib/python3.7/site-packages/airflow/example_dags/example_sla_dag.py
[2023-05-10T22:06:08.379+0000] {processor.py:799} INFO - Processing file /home/airflow/.local/lib/python3.7/site-packages/airflow/example_dags/example_sla_dag.py for tasks to queue
[2023-05-10T22:06:08.398+0000] {logging_mixin.py:149} INFO - [2023-05-10T22:06:08.397+0000] {dagbag.py:541} INFO - Filling up the DagBag from /home/airflow/.local/lib/python3.7/site-packages/airflow/example_dags/example_sla_dag.py
[2023-05-10T22:06:08.453+0000] {processor.py:809} INFO - DAG(s) dict_keys(['example_sla_dag']) retrieved from /home/airflow/.local/lib/python3.7/site-packages/airflow/example_dags/example_sla_dag.py
[2023-05-10T22:06:08.573+0000] {logging_mixin.py:149} INFO - [2023-05-10T22:06:08.573+0000] {dag.py:2726} INFO - Sync 1 DAGs
[2023-05-10T22:06:08.786+0000] {logging_mixin.py:149} INFO - [2023-05-10T22:06:08.786+0000] {dag.py:3490} INFO - Setting next_dagrun for example_sla_dag to 2023-05-10T22:04:00+00:00, run_after=2023-05-10T22:06:00+00:00
[2023-05-10T22:06:08.965+0000] {processor.py:178} INFO - Processing /home/airflow/.local/lib/python3.7/site-packages/airflow/example_dags/example_sla_dag.py took 0.612 seconds
[2023-05-10T22:06:41.850+0000] {processor.py:156} INFO - Started process (PID=1363) to work on /home/airflow/.local/lib/python3.7/site-packages/airflow/example_dags/example_sla_dag.py
[2023-05-10T22:06:41.875+0000] {processor.py:799} INFO - Processing file /home/airflow/.local/lib/python3.7/site-packages/airflow/example_dags/example_sla_dag.py for tasks to queue
[2023-05-10T22:06:41.882+0000] {logging_mixin.py:149} INFO - [2023-05-10T22:06:41.881+0000] {dagbag.py:541} INFO - Filling up the DagBag from /home/airflow/.local/lib/python3.7/site-packages/airflow/example_dags/example_sla_dag.py
[2023-05-10T22:06:41.924+0000] {processor.py:809} INFO - DAG(s) dict_keys(['example_sla_dag']) retrieved from /home/airflow/.local/lib/python3.7/site-packages/airflow/example_dags/example_sla_dag.py
[2023-05-10T22:06:42.037+0000] {logging_mixin.py:149} INFO - [2023-05-10T22:06:42.036+0000] {dag.py:2726} INFO - Sync 1 DAGs
[2023-05-10T22:06:42.287+0000] {logging_mixin.py:149} INFO - [2023-05-10T22:06:42.287+0000] {dag.py:3490} INFO - Setting next_dagrun for example_sla_dag to 2023-05-10T22:04:00+00:00, run_after=2023-05-10T22:06:00+00:00
[2023-05-10T22:06:42.438+0000] {processor.py:178} INFO - Processing /home/airflow/.local/lib/python3.7/site-packages/airflow/example_dags/example_sla_dag.py took 0.595 seconds
[2023-05-10T22:07:14.114+0000] {processor.py:156} INFO - Started process (PID=1419) to work on /home/airflow/.local/lib/python3.7/site-packages/airflow/example_dags/example_sla_dag.py
[2023-05-10T22:07:14.135+0000] {processor.py:799} INFO - Processing file /home/airflow/.local/lib/python3.7/site-packages/airflow/example_dags/example_sla_dag.py for tasks to queue
[2023-05-10T22:07:14.144+0000] {logging_mixin.py:149} INFO - [2023-05-10T22:07:14.139+0000] {dagbag.py:541} INFO - Filling up the DagBag from /home/airflow/.local/lib/python3.7/site-packages/airflow/example_dags/example_sla_dag.py
[2023-05-10T22:07:14.308+0000] {processor.py:809} INFO - DAG(s) dict_keys(['example_sla_dag']) retrieved from /home/airflow/.local/lib/python3.7/site-packages/airflow/example_dags/example_sla_dag.py
[2023-05-10T22:07:14.509+0000] {logging_mixin.py:149} INFO - [2023-05-10T22:07:14.504+0000] {dag.py:2726} INFO - Sync 1 DAGs
[2023-05-10T22:07:14.772+0000] {logging_mixin.py:149} INFO - [2023-05-10T22:07:14.772+0000] {dag.py:3490} INFO - Setting next_dagrun for example_sla_dag to 2023-05-10T22:04:00+00:00, run_after=2023-05-10T22:06:00+00:00
[2023-05-10T22:07:15.436+0000] {processor.py:178} INFO - Processing /home/airflow/.local/lib/python3.7/site-packages/airflow/example_dags/example_sla_dag.py took 1.359 seconds
[2023-05-10T22:07:46.162+0000] {processor.py:156} INFO - Started process (PID=1476) to work on /home/airflow/.local/lib/python3.7/site-packages/airflow/example_dags/example_sla_dag.py
[2023-05-10T22:07:46.165+0000] {processor.py:799} INFO - Processing file /home/airflow/.local/lib/python3.7/site-packages/airflow/example_dags/example_sla_dag.py for tasks to queue
[2023-05-10T22:07:46.170+0000] {logging_mixin.py:149} INFO - [2023-05-10T22:07:46.169+0000] {dagbag.py:541} INFO - Filling up the DagBag from /home/airflow/.local/lib/python3.7/site-packages/airflow/example_dags/example_sla_dag.py
[2023-05-10T22:07:46.211+0000] {processor.py:809} INFO - DAG(s) dict_keys(['example_sla_dag']) retrieved from /home/airflow/.local/lib/python3.7/site-packages/airflow/example_dags/example_sla_dag.py
[2023-05-10T22:07:46.314+0000] {logging_mixin.py:149} INFO - [2023-05-10T22:07:46.313+0000] {dag.py:2726} INFO - Sync 1 DAGs
[2023-05-10T22:07:46.436+0000] {logging_mixin.py:149} INFO - [2023-05-10T22:07:46.435+0000] {dag.py:3490} INFO - Setting next_dagrun for example_sla_dag to 2023-05-10T22:04:00+00:00, run_after=2023-05-10T22:06:00+00:00
[2023-05-10T22:07:46.523+0000] {processor.py:178} INFO - Processing /home/airflow/.local/lib/python3.7/site-packages/airflow/example_dags/example_sla_dag.py took 0.378 seconds
[2023-05-10T22:08:16.672+0000] {processor.py:156} INFO - Started process (PID=1530) to work on /home/airflow/.local/lib/python3.7/site-packages/airflow/example_dags/example_sla_dag.py
[2023-05-10T22:08:16.684+0000] {processor.py:799} INFO - Processing file /home/airflow/.local/lib/python3.7/site-packages/airflow/example_dags/example_sla_dag.py for tasks to queue
[2023-05-10T22:08:16.689+0000] {logging_mixin.py:149} INFO - [2023-05-10T22:08:16.689+0000] {dagbag.py:541} INFO - Filling up the DagBag from /home/airflow/.local/lib/python3.7/site-packages/airflow/example_dags/example_sla_dag.py
[2023-05-10T22:08:16.759+0000] {processor.py:809} INFO - DAG(s) dict_keys(['example_sla_dag']) retrieved from /home/airflow/.local/lib/python3.7/site-packages/airflow/example_dags/example_sla_dag.py
[2023-05-10T22:08:16.911+0000] {logging_mixin.py:149} INFO - [2023-05-10T22:08:16.911+0000] {dag.py:2726} INFO - Sync 1 DAGs
[2023-05-10T22:08:17.133+0000] {logging_mixin.py:149} INFO - [2023-05-10T22:08:17.122+0000] {dag.py:3490} INFO - Setting next_dagrun for example_sla_dag to 2023-05-10T22:06:00+00:00, run_after=2023-05-10T22:08:00+00:00
[2023-05-10T22:08:17.357+0000] {processor.py:178} INFO - Processing /home/airflow/.local/lib/python3.7/site-packages/airflow/example_dags/example_sla_dag.py took 0.704 seconds
[2023-05-10T22:08:49.332+0000] {processor.py:156} INFO - Started process (PID=1585) to work on /home/airflow/.local/lib/python3.7/site-packages/airflow/example_dags/example_sla_dag.py
[2023-05-10T22:08:49.340+0000] {processor.py:799} INFO - Processing file /home/airflow/.local/lib/python3.7/site-packages/airflow/example_dags/example_sla_dag.py for tasks to queue
[2023-05-10T22:08:49.344+0000] {logging_mixin.py:149} INFO - [2023-05-10T22:08:49.343+0000] {dagbag.py:541} INFO - Filling up the DagBag from /home/airflow/.local/lib/python3.7/site-packages/airflow/example_dags/example_sla_dag.py
[2023-05-10T22:08:49.463+0000] {processor.py:809} INFO - DAG(s) dict_keys(['example_sla_dag']) retrieved from /home/airflow/.local/lib/python3.7/site-packages/airflow/example_dags/example_sla_dag.py
[2023-05-10T22:08:49.611+0000] {logging_mixin.py:149} INFO - [2023-05-10T22:08:49.611+0000] {dag.py:2726} INFO - Sync 1 DAGs
[2023-05-10T22:08:49.811+0000] {logging_mixin.py:149} INFO - [2023-05-10T22:08:49.811+0000] {dag.py:3490} INFO - Setting next_dagrun for example_sla_dag to 2023-05-10T22:06:00+00:00, run_after=2023-05-10T22:08:00+00:00
[2023-05-10T22:08:50.007+0000] {processor.py:178} INFO - Processing /home/airflow/.local/lib/python3.7/site-packages/airflow/example_dags/example_sla_dag.py took 0.684 seconds
[2023-05-10T22:09:27.095+0000] {processor.py:156} INFO - Started process (PID=1642) to work on /home/airflow/.local/lib/python3.7/site-packages/airflow/example_dags/example_sla_dag.py
[2023-05-10T22:09:27.160+0000] {processor.py:799} INFO - Processing file /home/airflow/.local/lib/python3.7/site-packages/airflow/example_dags/example_sla_dag.py for tasks to queue
[2023-05-10T22:09:27.190+0000] {logging_mixin.py:149} INFO - [2023-05-10T22:09:27.186+0000] {dagbag.py:541} INFO - Filling up the DagBag from /home/airflow/.local/lib/python3.7/site-packages/airflow/example_dags/example_sla_dag.py
[2023-05-10T22:09:27.386+0000] {processor.py:809} INFO - DAG(s) dict_keys(['example_sla_dag']) retrieved from /home/airflow/.local/lib/python3.7/site-packages/airflow/example_dags/example_sla_dag.py
[2023-05-10T22:09:27.677+0000] {logging_mixin.py:149} INFO - [2023-05-10T22:09:27.676+0000] {dag.py:2726} INFO - Sync 1 DAGs
[2023-05-10T22:09:28.065+0000] {logging_mixin.py:149} INFO - [2023-05-10T22:09:28.054+0000] {dag.py:3490} INFO - Setting next_dagrun for example_sla_dag to 2023-05-10T22:06:00+00:00, run_after=2023-05-10T22:08:00+00:00
[2023-05-10T22:09:28.508+0000] {processor.py:178} INFO - Processing /home/airflow/.local/lib/python3.7/site-packages/airflow/example_dags/example_sla_dag.py took 1.440 seconds
[2023-05-10T22:09:58.835+0000] {processor.py:156} INFO - Started process (PID=1699) to work on /home/airflow/.local/lib/python3.7/site-packages/airflow/example_dags/example_sla_dag.py
[2023-05-10T22:09:58.847+0000] {processor.py:799} INFO - Processing file /home/airflow/.local/lib/python3.7/site-packages/airflow/example_dags/example_sla_dag.py for tasks to queue
[2023-05-10T22:09:58.850+0000] {logging_mixin.py:149} INFO - [2023-05-10T22:09:58.849+0000] {dagbag.py:541} INFO - Filling up the DagBag from /home/airflow/.local/lib/python3.7/site-packages/airflow/example_dags/example_sla_dag.py
[2023-05-10T22:09:58.975+0000] {processor.py:809} INFO - DAG(s) dict_keys(['example_sla_dag']) retrieved from /home/airflow/.local/lib/python3.7/site-packages/airflow/example_dags/example_sla_dag.py
[2023-05-10T22:09:59.153+0000] {logging_mixin.py:149} INFO - [2023-05-10T22:09:59.153+0000] {dag.py:2726} INFO - Sync 1 DAGs
[2023-05-10T22:09:59.425+0000] {logging_mixin.py:149} INFO - [2023-05-10T22:09:59.419+0000] {dag.py:3490} INFO - Setting next_dagrun for example_sla_dag to 2023-05-10T22:06:00+00:00, run_after=2023-05-10T22:08:00+00:00
[2023-05-10T22:10:00.003+0000] {processor.py:178} INFO - Processing /home/airflow/.local/lib/python3.7/site-packages/airflow/example_dags/example_sla_dag.py took 1.191 seconds
