[2023-05-10T21:52:31.113+0000] {processor.py:156} INFO - Started process (PID=62) to work on /home/airflow/.local/lib/python3.7/site-packages/airflow/example_dags/example_branch_python_dop_operator_3.py
[2023-05-10T21:52:31.125+0000] {processor.py:799} INFO - Processing file /home/airflow/.local/lib/python3.7/site-packages/airflow/example_dags/example_branch_python_dop_operator_3.py for tasks to queue
[2023-05-10T21:52:31.127+0000] {logging_mixin.py:149} INFO - [2023-05-10T21:52:31.127+0000] {dagbag.py:541} INFO - Filling up the DagBag from /home/airflow/.local/lib/python3.7/site-packages/airflow/example_dags/example_branch_python_dop_operator_3.py
[2023-05-10T21:52:31.255+0000] {processor.py:809} INFO - DAG(s) dict_keys(['example_branch_dop_operator_v3']) retrieved from /home/airflow/.local/lib/python3.7/site-packages/airflow/example_dags/example_branch_python_dop_operator_3.py
[2023-05-10T21:52:32.597+0000] {logging_mixin.py:149} INFO - [2023-05-10T21:52:32.597+0000] {manager.py:504} INFO - Created Permission View: can read on DAG:example_branch_dop_operator_v3
[2023-05-10T21:52:32.933+0000] {logging_mixin.py:149} INFO - [2023-05-10T21:52:32.930+0000] {manager.py:504} INFO - Created Permission View: can delete on DAG:example_branch_dop_operator_v3
[2023-05-10T21:52:33.240+0000] {logging_mixin.py:149} INFO - [2023-05-10T21:52:33.239+0000] {manager.py:504} INFO - Created Permission View: can edit on DAG:example_branch_dop_operator_v3
[2023-05-10T21:52:33.249+0000] {logging_mixin.py:149} INFO - [2023-05-10T21:52:33.249+0000] {dag.py:2726} INFO - Sync 1 DAGs
[2023-05-10T21:52:33.356+0000] {logging_mixin.py:149} INFO - [2023-05-10T21:52:33.356+0000] {dag.py:2747} INFO - Creating ORM DAG for example_branch_dop_operator_v3
[2023-05-10T21:52:33.511+0000] {logging_mixin.py:149} INFO - [2023-05-10T21:52:33.511+0000] {dag.py:3490} INFO - Setting next_dagrun for example_branch_dop_operator_v3 to 2023-05-10T21:51:00+00:00, run_after=2023-05-10T21:52:00+00:00
[2023-05-10T21:52:34.372+0000] {processor.py:178} INFO - Processing /home/airflow/.local/lib/python3.7/site-packages/airflow/example_dags/example_branch_python_dop_operator_3.py took 3.280 seconds
[2023-05-10T21:53:53.454+0000] {processor.py:156} INFO - Started process (PID=132) to work on /home/airflow/.local/lib/python3.7/site-packages/airflow/example_dags/example_branch_python_dop_operator_3.py
[2023-05-10T21:53:53.457+0000] {processor.py:799} INFO - Processing file /home/airflow/.local/lib/python3.7/site-packages/airflow/example_dags/example_branch_python_dop_operator_3.py for tasks to queue
[2023-05-10T21:53:53.459+0000] {logging_mixin.py:149} INFO - [2023-05-10T21:53:53.459+0000] {dagbag.py:541} INFO - Filling up the DagBag from /home/airflow/.local/lib/python3.7/site-packages/airflow/example_dags/example_branch_python_dop_operator_3.py
[2023-05-10T21:53:53.531+0000] {processor.py:809} INFO - DAG(s) dict_keys(['example_branch_dop_operator_v3']) retrieved from /home/airflow/.local/lib/python3.7/site-packages/airflow/example_dags/example_branch_python_dop_operator_3.py
[2023-05-10T21:53:53.630+0000] {logging_mixin.py:149} INFO - [2023-05-10T21:53:53.629+0000] {dag.py:2726} INFO - Sync 1 DAGs
[2023-05-10T21:53:53.799+0000] {logging_mixin.py:149} INFO - [2023-05-10T21:53:53.799+0000] {dag.py:3490} INFO - Setting next_dagrun for example_branch_dop_operator_v3 to 2023-05-10T21:52:00+00:00, run_after=2023-05-10T21:53:00+00:00
[2023-05-10T21:53:54.265+0000] {processor.py:178} INFO - Processing /home/airflow/.local/lib/python3.7/site-packages/airflow/example_dags/example_branch_python_dop_operator_3.py took 0.828 seconds
[2023-05-10T21:54:33.442+0000] {processor.py:156} INFO - Started process (PID=184) to work on /home/airflow/.local/lib/python3.7/site-packages/airflow/example_dags/example_branch_python_dop_operator_3.py
[2023-05-10T21:54:33.444+0000] {processor.py:799} INFO - Processing file /home/airflow/.local/lib/python3.7/site-packages/airflow/example_dags/example_branch_python_dop_operator_3.py for tasks to queue
[2023-05-10T21:54:33.451+0000] {logging_mixin.py:149} INFO - [2023-05-10T21:54:33.449+0000] {dagbag.py:541} INFO - Filling up the DagBag from /home/airflow/.local/lib/python3.7/site-packages/airflow/example_dags/example_branch_python_dop_operator_3.py
[2023-05-10T21:54:33.478+0000] {processor.py:809} INFO - DAG(s) dict_keys(['example_branch_dop_operator_v3']) retrieved from /home/airflow/.local/lib/python3.7/site-packages/airflow/example_dags/example_branch_python_dop_operator_3.py
[2023-05-10T21:54:33.685+0000] {logging_mixin.py:149} INFO - [2023-05-10T21:54:33.685+0000] {dag.py:2726} INFO - Sync 1 DAGs
[2023-05-10T21:54:33.939+0000] {logging_mixin.py:149} INFO - [2023-05-10T21:54:33.939+0000] {dag.py:3490} INFO - Setting next_dagrun for example_branch_dop_operator_v3 to 2023-05-10T21:53:00+00:00, run_after=2023-05-10T21:54:00+00:00
[2023-05-10T21:54:34.173+0000] {processor.py:178} INFO - Processing /home/airflow/.local/lib/python3.7/site-packages/airflow/example_dags/example_branch_python_dop_operator_3.py took 0.756 seconds
[2023-05-10T21:55:15.488+0000] {processor.py:156} INFO - Started process (PID=234) to work on /home/airflow/.local/lib/python3.7/site-packages/airflow/example_dags/example_branch_python_dop_operator_3.py
[2023-05-10T21:55:15.506+0000] {processor.py:799} INFO - Processing file /home/airflow/.local/lib/python3.7/site-packages/airflow/example_dags/example_branch_python_dop_operator_3.py for tasks to queue
[2023-05-10T21:55:15.522+0000] {logging_mixin.py:149} INFO - [2023-05-10T21:55:15.522+0000] {dagbag.py:541} INFO - Filling up the DagBag from /home/airflow/.local/lib/python3.7/site-packages/airflow/example_dags/example_branch_python_dop_operator_3.py
[2023-05-10T21:55:15.582+0000] {processor.py:809} INFO - DAG(s) dict_keys(['example_branch_dop_operator_v3']) retrieved from /home/airflow/.local/lib/python3.7/site-packages/airflow/example_dags/example_branch_python_dop_operator_3.py
[2023-05-10T21:55:15.782+0000] {logging_mixin.py:149} INFO - [2023-05-10T21:55:15.781+0000] {dag.py:2726} INFO - Sync 1 DAGs
[2023-05-10T21:55:16.123+0000] {logging_mixin.py:149} INFO - [2023-05-10T21:55:16.123+0000] {dag.py:3490} INFO - Setting next_dagrun for example_branch_dop_operator_v3 to 2023-05-10T21:54:00+00:00, run_after=2023-05-10T21:55:00+00:00
[2023-05-10T21:55:16.745+0000] {processor.py:178} INFO - Processing /home/airflow/.local/lib/python3.7/site-packages/airflow/example_dags/example_branch_python_dop_operator_3.py took 1.265 seconds
[2023-05-10T21:55:50.760+0000] {processor.py:156} INFO - Started process (PID=289) to work on /home/airflow/.local/lib/python3.7/site-packages/airflow/example_dags/example_branch_python_dop_operator_3.py
[2023-05-10T21:55:50.774+0000] {processor.py:799} INFO - Processing file /home/airflow/.local/lib/python3.7/site-packages/airflow/example_dags/example_branch_python_dop_operator_3.py for tasks to queue
[2023-05-10T21:55:50.783+0000] {logging_mixin.py:149} INFO - [2023-05-10T21:55:50.783+0000] {dagbag.py:541} INFO - Filling up the DagBag from /home/airflow/.local/lib/python3.7/site-packages/airflow/example_dags/example_branch_python_dop_operator_3.py
[2023-05-10T21:55:50.855+0000] {processor.py:809} INFO - DAG(s) dict_keys(['example_branch_dop_operator_v3']) retrieved from /home/airflow/.local/lib/python3.7/site-packages/airflow/example_dags/example_branch_python_dop_operator_3.py
[2023-05-10T21:55:51.082+0000] {logging_mixin.py:149} INFO - [2023-05-10T21:55:51.081+0000] {dag.py:2726} INFO - Sync 1 DAGs
[2023-05-10T21:55:51.441+0000] {logging_mixin.py:149} INFO - [2023-05-10T21:55:51.440+0000] {dag.py:3490} INFO - Setting next_dagrun for example_branch_dop_operator_v3 to 2023-05-10T21:54:00+00:00, run_after=2023-05-10T21:55:00+00:00
[2023-05-10T21:55:51.775+0000] {processor.py:178} INFO - Processing /home/airflow/.local/lib/python3.7/site-packages/airflow/example_dags/example_branch_python_dop_operator_3.py took 1.035 seconds
[2023-05-10T21:56:23.294+0000] {processor.py:156} INFO - Started process (PID=342) to work on /home/airflow/.local/lib/python3.7/site-packages/airflow/example_dags/example_branch_python_dop_operator_3.py
[2023-05-10T21:56:23.306+0000] {processor.py:799} INFO - Processing file /home/airflow/.local/lib/python3.7/site-packages/airflow/example_dags/example_branch_python_dop_operator_3.py for tasks to queue
[2023-05-10T21:56:23.309+0000] {logging_mixin.py:149} INFO - [2023-05-10T21:56:23.308+0000] {dagbag.py:541} INFO - Filling up the DagBag from /home/airflow/.local/lib/python3.7/site-packages/airflow/example_dags/example_branch_python_dop_operator_3.py
[2023-05-10T21:56:23.363+0000] {processor.py:809} INFO - DAG(s) dict_keys(['example_branch_dop_operator_v3']) retrieved from /home/airflow/.local/lib/python3.7/site-packages/airflow/example_dags/example_branch_python_dop_operator_3.py
[2023-05-10T21:56:23.651+0000] {logging_mixin.py:149} INFO - [2023-05-10T21:56:23.650+0000] {dag.py:2726} INFO - Sync 1 DAGs
[2023-05-10T21:56:23.864+0000] {logging_mixin.py:149} INFO - [2023-05-10T21:56:23.864+0000] {dag.py:3490} INFO - Setting next_dagrun for example_branch_dop_operator_v3 to 2023-05-10T21:55:00+00:00, run_after=2023-05-10T21:56:00+00:00
[2023-05-10T21:56:24.166+0000] {processor.py:178} INFO - Processing /home/airflow/.local/lib/python3.7/site-packages/airflow/example_dags/example_branch_python_dop_operator_3.py took 0.880 seconds
[2023-05-10T21:57:07.188+0000] {processor.py:156} INFO - Started process (PID=404) to work on /home/airflow/.local/lib/python3.7/site-packages/airflow/example_dags/example_branch_python_dop_operator_3.py
[2023-05-10T21:57:07.202+0000] {processor.py:799} INFO - Processing file /home/airflow/.local/lib/python3.7/site-packages/airflow/example_dags/example_branch_python_dop_operator_3.py for tasks to queue
[2023-05-10T21:57:07.205+0000] {logging_mixin.py:149} INFO - [2023-05-10T21:57:07.204+0000] {dagbag.py:541} INFO - Filling up the DagBag from /home/airflow/.local/lib/python3.7/site-packages/airflow/example_dags/example_branch_python_dop_operator_3.py
[2023-05-10T21:57:07.246+0000] {processor.py:809} INFO - DAG(s) dict_keys(['example_branch_dop_operator_v3']) retrieved from /home/airflow/.local/lib/python3.7/site-packages/airflow/example_dags/example_branch_python_dop_operator_3.py
[2023-05-10T21:57:07.453+0000] {logging_mixin.py:149} INFO - [2023-05-10T21:57:07.453+0000] {dag.py:2726} INFO - Sync 1 DAGs
[2023-05-10T21:57:07.916+0000] {logging_mixin.py:149} INFO - [2023-05-10T21:57:07.915+0000] {dag.py:3490} INFO - Setting next_dagrun for example_branch_dop_operator_v3 to 2023-05-10T21:56:00+00:00, run_after=2023-05-10T21:57:00+00:00
[2023-05-10T21:57:08.495+0000] {processor.py:178} INFO - Processing /home/airflow/.local/lib/python3.7/site-packages/airflow/example_dags/example_branch_python_dop_operator_3.py took 1.315 seconds
[2023-05-10T21:57:39.350+0000] {processor.py:156} INFO - Started process (PID=458) to work on /home/airflow/.local/lib/python3.7/site-packages/airflow/example_dags/example_branch_python_dop_operator_3.py
[2023-05-10T21:57:39.354+0000] {processor.py:799} INFO - Processing file /home/airflow/.local/lib/python3.7/site-packages/airflow/example_dags/example_branch_python_dop_operator_3.py for tasks to queue
[2023-05-10T21:57:39.368+0000] {logging_mixin.py:149} INFO - [2023-05-10T21:57:39.368+0000] {dagbag.py:541} INFO - Filling up the DagBag from /home/airflow/.local/lib/python3.7/site-packages/airflow/example_dags/example_branch_python_dop_operator_3.py
[2023-05-10T21:57:39.461+0000] {processor.py:809} INFO - DAG(s) dict_keys(['example_branch_dop_operator_v3']) retrieved from /home/airflow/.local/lib/python3.7/site-packages/airflow/example_dags/example_branch_python_dop_operator_3.py
[2023-05-10T21:57:39.667+0000] {logging_mixin.py:149} INFO - [2023-05-10T21:57:39.666+0000] {dag.py:2726} INFO - Sync 1 DAGs
[2023-05-10T21:57:40.137+0000] {logging_mixin.py:149} INFO - [2023-05-10T21:57:40.136+0000] {dag.py:3490} INFO - Setting next_dagrun for example_branch_dop_operator_v3 to 2023-05-10T21:56:00+00:00, run_after=2023-05-10T21:57:00+00:00
[2023-05-10T21:57:40.367+0000] {processor.py:178} INFO - Processing /home/airflow/.local/lib/python3.7/site-packages/airflow/example_dags/example_branch_python_dop_operator_3.py took 1.037 seconds
[2023-05-10T21:58:11.428+0000] {processor.py:156} INFO - Started process (PID=510) to work on /home/airflow/.local/lib/python3.7/site-packages/airflow/example_dags/example_branch_python_dop_operator_3.py
[2023-05-10T21:58:11.441+0000] {processor.py:799} INFO - Processing file /home/airflow/.local/lib/python3.7/site-packages/airflow/example_dags/example_branch_python_dop_operator_3.py for tasks to queue
[2023-05-10T21:58:11.444+0000] {logging_mixin.py:149} INFO - [2023-05-10T21:58:11.444+0000] {dagbag.py:541} INFO - Filling up the DagBag from /home/airflow/.local/lib/python3.7/site-packages/airflow/example_dags/example_branch_python_dop_operator_3.py
[2023-05-10T21:58:11.506+0000] {processor.py:809} INFO - DAG(s) dict_keys(['example_branch_dop_operator_v3']) retrieved from /home/airflow/.local/lib/python3.7/site-packages/airflow/example_dags/example_branch_python_dop_operator_3.py
[2023-05-10T21:58:11.629+0000] {logging_mixin.py:149} INFO - [2023-05-10T21:58:11.628+0000] {dag.py:2726} INFO - Sync 1 DAGs
[2023-05-10T21:58:11.741+0000] {logging_mixin.py:149} INFO - [2023-05-10T21:58:11.741+0000] {dag.py:3490} INFO - Setting next_dagrun for example_branch_dop_operator_v3 to 2023-05-10T21:57:00+00:00, run_after=2023-05-10T21:58:00+00:00
[2023-05-10T21:58:11.990+0000] {processor.py:178} INFO - Processing /home/airflow/.local/lib/python3.7/site-packages/airflow/example_dags/example_branch_python_dop_operator_3.py took 0.580 seconds
[2023-05-10T21:58:46.784+0000] {processor.py:156} INFO - Started process (PID=566) to work on /home/airflow/.local/lib/python3.7/site-packages/airflow/example_dags/example_branch_python_dop_operator_3.py
[2023-05-10T21:58:46.788+0000] {processor.py:799} INFO - Processing file /home/airflow/.local/lib/python3.7/site-packages/airflow/example_dags/example_branch_python_dop_operator_3.py for tasks to queue
[2023-05-10T21:58:46.791+0000] {logging_mixin.py:149} INFO - [2023-05-10T21:58:46.791+0000] {dagbag.py:541} INFO - Filling up the DagBag from /home/airflow/.local/lib/python3.7/site-packages/airflow/example_dags/example_branch_python_dop_operator_3.py
[2023-05-10T21:58:46.833+0000] {processor.py:809} INFO - DAG(s) dict_keys(['example_branch_dop_operator_v3']) retrieved from /home/airflow/.local/lib/python3.7/site-packages/airflow/example_dags/example_branch_python_dop_operator_3.py
[2023-05-10T21:58:46.994+0000] {logging_mixin.py:149} INFO - [2023-05-10T21:58:46.994+0000] {dag.py:2726} INFO - Sync 1 DAGs
[2023-05-10T21:58:47.273+0000] {logging_mixin.py:149} INFO - [2023-05-10T21:58:47.272+0000] {dag.py:3490} INFO - Setting next_dagrun for example_branch_dop_operator_v3 to 2023-05-10T21:57:00+00:00, run_after=2023-05-10T21:58:00+00:00
[2023-05-10T21:58:47.510+0000] {processor.py:178} INFO - Processing /home/airflow/.local/lib/python3.7/site-packages/airflow/example_dags/example_branch_python_dop_operator_3.py took 0.734 seconds
[2023-05-10T21:59:19.611+0000] {processor.py:156} INFO - Started process (PID=622) to work on /home/airflow/.local/lib/python3.7/site-packages/airflow/example_dags/example_branch_python_dop_operator_3.py
[2023-05-10T21:59:19.617+0000] {processor.py:799} INFO - Processing file /home/airflow/.local/lib/python3.7/site-packages/airflow/example_dags/example_branch_python_dop_operator_3.py for tasks to queue
[2023-05-10T21:59:19.619+0000] {logging_mixin.py:149} INFO - [2023-05-10T21:59:19.619+0000] {dagbag.py:541} INFO - Filling up the DagBag from /home/airflow/.local/lib/python3.7/site-packages/airflow/example_dags/example_branch_python_dop_operator_3.py
[2023-05-10T21:59:19.677+0000] {processor.py:809} INFO - DAG(s) dict_keys(['example_branch_dop_operator_v3']) retrieved from /home/airflow/.local/lib/python3.7/site-packages/airflow/example_dags/example_branch_python_dop_operator_3.py
[2023-05-10T21:59:19.863+0000] {logging_mixin.py:149} INFO - [2023-05-10T21:59:19.862+0000] {dag.py:2726} INFO - Sync 1 DAGs
[2023-05-10T21:59:20.274+0000] {logging_mixin.py:149} INFO - [2023-05-10T21:59:20.274+0000] {dag.py:3490} INFO - Setting next_dagrun for example_branch_dop_operator_v3 to 2023-05-10T21:58:00+00:00, run_after=2023-05-10T21:59:00+00:00
[2023-05-10T21:59:20.492+0000] {processor.py:178} INFO - Processing /home/airflow/.local/lib/python3.7/site-packages/airflow/example_dags/example_branch_python_dop_operator_3.py took 0.908 seconds
[2023-05-10T21:59:56.783+0000] {processor.py:156} INFO - Started process (PID=679) to work on /home/airflow/.local/lib/python3.7/site-packages/airflow/example_dags/example_branch_python_dop_operator_3.py
[2023-05-10T21:59:56.786+0000] {processor.py:799} INFO - Processing file /home/airflow/.local/lib/python3.7/site-packages/airflow/example_dags/example_branch_python_dop_operator_3.py for tasks to queue
[2023-05-10T21:59:56.798+0000] {logging_mixin.py:149} INFO - [2023-05-10T21:59:56.797+0000] {dagbag.py:541} INFO - Filling up the DagBag from /home/airflow/.local/lib/python3.7/site-packages/airflow/example_dags/example_branch_python_dop_operator_3.py
[2023-05-10T21:59:56.842+0000] {processor.py:809} INFO - DAG(s) dict_keys(['example_branch_dop_operator_v3']) retrieved from /home/airflow/.local/lib/python3.7/site-packages/airflow/example_dags/example_branch_python_dop_operator_3.py
[2023-05-10T21:59:57.012+0000] {logging_mixin.py:149} INFO - [2023-05-10T21:59:57.010+0000] {dag.py:2726} INFO - Sync 1 DAGs
[2023-05-10T21:59:57.261+0000] {logging_mixin.py:149} INFO - [2023-05-10T21:59:57.261+0000] {dag.py:3490} INFO - Setting next_dagrun for example_branch_dop_operator_v3 to 2023-05-10T21:58:00+00:00, run_after=2023-05-10T21:59:00+00:00
[2023-05-10T21:59:57.474+0000] {processor.py:178} INFO - Processing /home/airflow/.local/lib/python3.7/site-packages/airflow/example_dags/example_branch_python_dop_operator_3.py took 0.710 seconds
[2023-05-10T22:00:29.647+0000] {processor.py:156} INFO - Started process (PID=734) to work on /home/airflow/.local/lib/python3.7/site-packages/airflow/example_dags/example_branch_python_dop_operator_3.py
[2023-05-10T22:00:29.649+0000] {processor.py:799} INFO - Processing file /home/airflow/.local/lib/python3.7/site-packages/airflow/example_dags/example_branch_python_dop_operator_3.py for tasks to queue
[2023-05-10T22:00:29.662+0000] {logging_mixin.py:149} INFO - [2023-05-10T22:00:29.661+0000] {dagbag.py:541} INFO - Filling up the DagBag from /home/airflow/.local/lib/python3.7/site-packages/airflow/example_dags/example_branch_python_dop_operator_3.py
[2023-05-10T22:00:29.720+0000] {processor.py:809} INFO - DAG(s) dict_keys(['example_branch_dop_operator_v3']) retrieved from /home/airflow/.local/lib/python3.7/site-packages/airflow/example_dags/example_branch_python_dop_operator_3.py
[2023-05-10T22:00:29.887+0000] {logging_mixin.py:149} INFO - [2023-05-10T22:00:29.887+0000] {dag.py:2726} INFO - Sync 1 DAGs
[2023-05-10T22:00:30.239+0000] {logging_mixin.py:149} INFO - [2023-05-10T22:00:30.239+0000] {dag.py:3490} INFO - Setting next_dagrun for example_branch_dop_operator_v3 to 2023-05-10T21:59:00+00:00, run_after=2023-05-10T22:00:00+00:00
[2023-05-10T22:00:30.518+0000] {processor.py:178} INFO - Processing /home/airflow/.local/lib/python3.7/site-packages/airflow/example_dags/example_branch_python_dop_operator_3.py took 0.908 seconds
[2023-05-10T22:01:03.559+0000] {processor.py:156} INFO - Started process (PID=791) to work on /home/airflow/.local/lib/python3.7/site-packages/airflow/example_dags/example_branch_python_dop_operator_3.py
[2023-05-10T22:01:03.644+0000] {processor.py:799} INFO - Processing file /home/airflow/.local/lib/python3.7/site-packages/airflow/example_dags/example_branch_python_dop_operator_3.py for tasks to queue
[2023-05-10T22:01:03.647+0000] {logging_mixin.py:149} INFO - [2023-05-10T22:01:03.646+0000] {dagbag.py:541} INFO - Filling up the DagBag from /home/airflow/.local/lib/python3.7/site-packages/airflow/example_dags/example_branch_python_dop_operator_3.py
[2023-05-10T22:01:03.698+0000] {processor.py:809} INFO - DAG(s) dict_keys(['example_branch_dop_operator_v3']) retrieved from /home/airflow/.local/lib/python3.7/site-packages/airflow/example_dags/example_branch_python_dop_operator_3.py
[2023-05-10T22:01:03.886+0000] {logging_mixin.py:149} INFO - [2023-05-10T22:01:03.883+0000] {dag.py:2726} INFO - Sync 1 DAGs
[2023-05-10T22:01:04.244+0000] {logging_mixin.py:149} INFO - [2023-05-10T22:01:04.243+0000] {dag.py:3490} INFO - Setting next_dagrun for example_branch_dop_operator_v3 to 2023-05-10T22:00:00+00:00, run_after=2023-05-10T22:01:00+00:00
[2023-05-10T22:01:04.625+0000] {processor.py:178} INFO - Processing /home/airflow/.local/lib/python3.7/site-packages/airflow/example_dags/example_branch_python_dop_operator_3.py took 1.084 seconds
[2023-05-10T22:01:35.694+0000] {processor.py:156} INFO - Started process (PID=847) to work on /home/airflow/.local/lib/python3.7/site-packages/airflow/example_dags/example_branch_python_dop_operator_3.py
[2023-05-10T22:01:35.712+0000] {processor.py:799} INFO - Processing file /home/airflow/.local/lib/python3.7/site-packages/airflow/example_dags/example_branch_python_dop_operator_3.py for tasks to queue
[2023-05-10T22:01:35.716+0000] {logging_mixin.py:149} INFO - [2023-05-10T22:01:35.715+0000] {dagbag.py:541} INFO - Filling up the DagBag from /home/airflow/.local/lib/python3.7/site-packages/airflow/example_dags/example_branch_python_dop_operator_3.py
[2023-05-10T22:01:35.769+0000] {processor.py:809} INFO - DAG(s) dict_keys(['example_branch_dop_operator_v3']) retrieved from /home/airflow/.local/lib/python3.7/site-packages/airflow/example_dags/example_branch_python_dop_operator_3.py
[2023-05-10T22:01:35.908+0000] {logging_mixin.py:149} INFO - [2023-05-10T22:01:35.908+0000] {dag.py:2726} INFO - Sync 1 DAGs
[2023-05-10T22:01:36.126+0000] {logging_mixin.py:149} INFO - [2023-05-10T22:01:36.126+0000] {dag.py:3490} INFO - Setting next_dagrun for example_branch_dop_operator_v3 to 2023-05-10T22:00:00+00:00, run_after=2023-05-10T22:01:00+00:00
[2023-05-10T22:01:36.413+0000] {processor.py:178} INFO - Processing /home/airflow/.local/lib/python3.7/site-packages/airflow/example_dags/example_branch_python_dop_operator_3.py took 0.740 seconds
[2023-05-10T22:02:07.657+0000] {processor.py:156} INFO - Started process (PID=903) to work on /home/airflow/.local/lib/python3.7/site-packages/airflow/example_dags/example_branch_python_dop_operator_3.py
[2023-05-10T22:02:07.677+0000] {processor.py:799} INFO - Processing file /home/airflow/.local/lib/python3.7/site-packages/airflow/example_dags/example_branch_python_dop_operator_3.py for tasks to queue
[2023-05-10T22:02:07.679+0000] {logging_mixin.py:149} INFO - [2023-05-10T22:02:07.679+0000] {dagbag.py:541} INFO - Filling up the DagBag from /home/airflow/.local/lib/python3.7/site-packages/airflow/example_dags/example_branch_python_dop_operator_3.py
[2023-05-10T22:02:07.737+0000] {processor.py:809} INFO - DAG(s) dict_keys(['example_branch_dop_operator_v3']) retrieved from /home/airflow/.local/lib/python3.7/site-packages/airflow/example_dags/example_branch_python_dop_operator_3.py
[2023-05-10T22:02:07.941+0000] {logging_mixin.py:149} INFO - [2023-05-10T22:02:07.941+0000] {dag.py:2726} INFO - Sync 1 DAGs
[2023-05-10T22:02:08.142+0000] {logging_mixin.py:149} INFO - [2023-05-10T22:02:08.141+0000] {dag.py:3490} INFO - Setting next_dagrun for example_branch_dop_operator_v3 to 2023-05-10T22:01:00+00:00, run_after=2023-05-10T22:02:00+00:00
[2023-05-10T22:02:08.304+0000] {processor.py:178} INFO - Processing /home/airflow/.local/lib/python3.7/site-packages/airflow/example_dags/example_branch_python_dop_operator_3.py took 0.659 seconds
[2023-05-10T22:02:39.940+0000] {processor.py:156} INFO - Started process (PID=956) to work on /home/airflow/.local/lib/python3.7/site-packages/airflow/example_dags/example_branch_python_dop_operator_3.py
[2023-05-10T22:02:39.959+0000] {processor.py:799} INFO - Processing file /home/airflow/.local/lib/python3.7/site-packages/airflow/example_dags/example_branch_python_dop_operator_3.py for tasks to queue
[2023-05-10T22:02:39.977+0000] {logging_mixin.py:149} INFO - [2023-05-10T22:02:39.976+0000] {dagbag.py:541} INFO - Filling up the DagBag from /home/airflow/.local/lib/python3.7/site-packages/airflow/example_dags/example_branch_python_dop_operator_3.py
[2023-05-10T22:02:40.034+0000] {processor.py:809} INFO - DAG(s) dict_keys(['example_branch_dop_operator_v3']) retrieved from /home/airflow/.local/lib/python3.7/site-packages/airflow/example_dags/example_branch_python_dop_operator_3.py
[2023-05-10T22:02:40.195+0000] {logging_mixin.py:149} INFO - [2023-05-10T22:02:40.194+0000] {dag.py:2726} INFO - Sync 1 DAGs
[2023-05-10T22:02:40.443+0000] {logging_mixin.py:149} INFO - [2023-05-10T22:02:40.443+0000] {dag.py:3490} INFO - Setting next_dagrun for example_branch_dop_operator_v3 to 2023-05-10T22:01:00+00:00, run_after=2023-05-10T22:02:00+00:00
[2023-05-10T22:02:40.646+0000] {processor.py:178} INFO - Processing /home/airflow/.local/lib/python3.7/site-packages/airflow/example_dags/example_branch_python_dop_operator_3.py took 0.726 seconds
[2023-05-10T22:03:10.829+0000] {processor.py:156} INFO - Started process (PID=1011) to work on /home/airflow/.local/lib/python3.7/site-packages/airflow/example_dags/example_branch_python_dop_operator_3.py
[2023-05-10T22:03:10.831+0000] {processor.py:799} INFO - Processing file /home/airflow/.local/lib/python3.7/site-packages/airflow/example_dags/example_branch_python_dop_operator_3.py for tasks to queue
[2023-05-10T22:03:10.837+0000] {logging_mixin.py:149} INFO - [2023-05-10T22:03:10.834+0000] {dagbag.py:541} INFO - Filling up the DagBag from /home/airflow/.local/lib/python3.7/site-packages/airflow/example_dags/example_branch_python_dop_operator_3.py
[2023-05-10T22:03:10.886+0000] {processor.py:809} INFO - DAG(s) dict_keys(['example_branch_dop_operator_v3']) retrieved from /home/airflow/.local/lib/python3.7/site-packages/airflow/example_dags/example_branch_python_dop_operator_3.py
[2023-05-10T22:03:11.164+0000] {logging_mixin.py:149} INFO - [2023-05-10T22:03:11.163+0000] {dag.py:2726} INFO - Sync 1 DAGs
[2023-05-10T22:03:11.430+0000] {logging_mixin.py:149} INFO - [2023-05-10T22:03:11.430+0000] {dag.py:3490} INFO - Setting next_dagrun for example_branch_dop_operator_v3 to 2023-05-10T22:02:00+00:00, run_after=2023-05-10T22:03:00+00:00
[2023-05-10T22:03:11.655+0000] {processor.py:178} INFO - Processing /home/airflow/.local/lib/python3.7/site-packages/airflow/example_dags/example_branch_python_dop_operator_3.py took 0.841 seconds
[2023-05-10T22:03:41.856+0000] {processor.py:156} INFO - Started process (PID=1065) to work on /home/airflow/.local/lib/python3.7/site-packages/airflow/example_dags/example_branch_python_dop_operator_3.py
[2023-05-10T22:03:41.859+0000] {processor.py:799} INFO - Processing file /home/airflow/.local/lib/python3.7/site-packages/airflow/example_dags/example_branch_python_dop_operator_3.py for tasks to queue
[2023-05-10T22:03:41.863+0000] {logging_mixin.py:149} INFO - [2023-05-10T22:03:41.862+0000] {dagbag.py:541} INFO - Filling up the DagBag from /home/airflow/.local/lib/python3.7/site-packages/airflow/example_dags/example_branch_python_dop_operator_3.py
[2023-05-10T22:03:41.904+0000] {processor.py:809} INFO - DAG(s) dict_keys(['example_branch_dop_operator_v3']) retrieved from /home/airflow/.local/lib/python3.7/site-packages/airflow/example_dags/example_branch_python_dop_operator_3.py
[2023-05-10T22:03:41.999+0000] {logging_mixin.py:149} INFO - [2023-05-10T22:03:41.999+0000] {dag.py:2726} INFO - Sync 1 DAGs
[2023-05-10T22:03:42.141+0000] {logging_mixin.py:149} INFO - [2023-05-10T22:03:42.141+0000] {dag.py:3490} INFO - Setting next_dagrun for example_branch_dop_operator_v3 to 2023-05-10T22:02:00+00:00, run_after=2023-05-10T22:03:00+00:00
[2023-05-10T22:03:42.958+0000] {processor.py:178} INFO - Processing /home/airflow/.local/lib/python3.7/site-packages/airflow/example_dags/example_branch_python_dop_operator_3.py took 1.116 seconds
[2023-05-10T22:04:15.323+0000] {processor.py:156} INFO - Started process (PID=1122) to work on /home/airflow/.local/lib/python3.7/site-packages/airflow/example_dags/example_branch_python_dop_operator_3.py
[2023-05-10T22:04:15.326+0000] {processor.py:799} INFO - Processing file /home/airflow/.local/lib/python3.7/site-packages/airflow/example_dags/example_branch_python_dop_operator_3.py for tasks to queue
[2023-05-10T22:04:15.329+0000] {logging_mixin.py:149} INFO - [2023-05-10T22:04:15.328+0000] {dagbag.py:541} INFO - Filling up the DagBag from /home/airflow/.local/lib/python3.7/site-packages/airflow/example_dags/example_branch_python_dop_operator_3.py
[2023-05-10T22:04:15.444+0000] {processor.py:809} INFO - DAG(s) dict_keys(['example_branch_dop_operator_v3']) retrieved from /home/airflow/.local/lib/python3.7/site-packages/airflow/example_dags/example_branch_python_dop_operator_3.py
[2023-05-10T22:04:15.785+0000] {logging_mixin.py:149} INFO - [2023-05-10T22:04:15.784+0000] {dag.py:2726} INFO - Sync 1 DAGs
[2023-05-10T22:04:15.983+0000] {logging_mixin.py:149} INFO - [2023-05-10T22:04:15.983+0000] {dag.py:3490} INFO - Setting next_dagrun for example_branch_dop_operator_v3 to 2023-05-10T22:03:00+00:00, run_after=2023-05-10T22:04:00+00:00
[2023-05-10T22:04:16.320+0000] {processor.py:178} INFO - Processing /home/airflow/.local/lib/python3.7/site-packages/airflow/example_dags/example_branch_python_dop_operator_3.py took 1.016 seconds
[2023-05-10T22:04:47.821+0000] {processor.py:156} INFO - Started process (PID=1173) to work on /home/airflow/.local/lib/python3.7/site-packages/airflow/example_dags/example_branch_python_dop_operator_3.py
[2023-05-10T22:04:47.830+0000] {processor.py:799} INFO - Processing file /home/airflow/.local/lib/python3.7/site-packages/airflow/example_dags/example_branch_python_dop_operator_3.py for tasks to queue
[2023-05-10T22:04:47.838+0000] {logging_mixin.py:149} INFO - [2023-05-10T22:04:47.836+0000] {dagbag.py:541} INFO - Filling up the DagBag from /home/airflow/.local/lib/python3.7/site-packages/airflow/example_dags/example_branch_python_dop_operator_3.py
[2023-05-10T22:04:47.921+0000] {processor.py:809} INFO - DAG(s) dict_keys(['example_branch_dop_operator_v3']) retrieved from /home/airflow/.local/lib/python3.7/site-packages/airflow/example_dags/example_branch_python_dop_operator_3.py
[2023-05-10T22:04:48.090+0000] {logging_mixin.py:149} INFO - [2023-05-10T22:04:48.090+0000] {dag.py:2726} INFO - Sync 1 DAGs
[2023-05-10T22:04:48.308+0000] {logging_mixin.py:149} INFO - [2023-05-10T22:04:48.307+0000] {dag.py:3490} INFO - Setting next_dagrun for example_branch_dop_operator_v3 to 2023-05-10T22:03:00+00:00, run_after=2023-05-10T22:04:00+00:00
[2023-05-10T22:04:48.676+0000] {processor.py:178} INFO - Processing /home/airflow/.local/lib/python3.7/site-packages/airflow/example_dags/example_branch_python_dop_operator_3.py took 0.873 seconds
[2023-05-10T22:05:19.825+0000] {processor.py:156} INFO - Started process (PID=1229) to work on /home/airflow/.local/lib/python3.7/site-packages/airflow/example_dags/example_branch_python_dop_operator_3.py
[2023-05-10T22:05:19.847+0000] {processor.py:799} INFO - Processing file /home/airflow/.local/lib/python3.7/site-packages/airflow/example_dags/example_branch_python_dop_operator_3.py for tasks to queue
[2023-05-10T22:05:19.887+0000] {logging_mixin.py:149} INFO - [2023-05-10T22:05:19.873+0000] {dagbag.py:541} INFO - Filling up the DagBag from /home/airflow/.local/lib/python3.7/site-packages/airflow/example_dags/example_branch_python_dop_operator_3.py
[2023-05-10T22:05:19.974+0000] {processor.py:809} INFO - DAG(s) dict_keys(['example_branch_dop_operator_v3']) retrieved from /home/airflow/.local/lib/python3.7/site-packages/airflow/example_dags/example_branch_python_dop_operator_3.py
[2023-05-10T22:05:20.168+0000] {logging_mixin.py:149} INFO - [2023-05-10T22:05:20.167+0000] {dag.py:2726} INFO - Sync 1 DAGs
[2023-05-10T22:05:20.608+0000] {logging_mixin.py:149} INFO - [2023-05-10T22:05:20.608+0000] {dag.py:3490} INFO - Setting next_dagrun for example_branch_dop_operator_v3 to 2023-05-10T22:04:00+00:00, run_after=2023-05-10T22:05:00+00:00
[2023-05-10T22:05:20.931+0000] {processor.py:178} INFO - Processing /home/airflow/.local/lib/python3.7/site-packages/airflow/example_dags/example_branch_python_dop_operator_3.py took 1.123 seconds
[2023-05-10T22:05:53.253+0000] {processor.py:156} INFO - Started process (PID=1286) to work on /home/airflow/.local/lib/python3.7/site-packages/airflow/example_dags/example_branch_python_dop_operator_3.py
[2023-05-10T22:05:53.256+0000] {processor.py:799} INFO - Processing file /home/airflow/.local/lib/python3.7/site-packages/airflow/example_dags/example_branch_python_dop_operator_3.py for tasks to queue
[2023-05-10T22:05:53.268+0000] {logging_mixin.py:149} INFO - [2023-05-10T22:05:53.267+0000] {dagbag.py:541} INFO - Filling up the DagBag from /home/airflow/.local/lib/python3.7/site-packages/airflow/example_dags/example_branch_python_dop_operator_3.py
[2023-05-10T22:05:53.309+0000] {processor.py:809} INFO - DAG(s) dict_keys(['example_branch_dop_operator_v3']) retrieved from /home/airflow/.local/lib/python3.7/site-packages/airflow/example_dags/example_branch_python_dop_operator_3.py
[2023-05-10T22:05:53.482+0000] {logging_mixin.py:149} INFO - [2023-05-10T22:05:53.478+0000] {dag.py:2726} INFO - Sync 1 DAGs
[2023-05-10T22:05:53.989+0000] {logging_mixin.py:149} INFO - [2023-05-10T22:05:53.989+0000] {dag.py:3490} INFO - Setting next_dagrun for example_branch_dop_operator_v3 to 2023-05-10T22:04:00+00:00, run_after=2023-05-10T22:05:00+00:00
[2023-05-10T22:05:54.523+0000] {processor.py:178} INFO - Processing /home/airflow/.local/lib/python3.7/site-packages/airflow/example_dags/example_branch_python_dop_operator_3.py took 1.291 seconds
[2023-05-10T22:06:24.693+0000] {processor.py:156} INFO - Started process (PID=1342) to work on /home/airflow/.local/lib/python3.7/site-packages/airflow/example_dags/example_branch_python_dop_operator_3.py
[2023-05-10T22:06:24.696+0000] {processor.py:799} INFO - Processing file /home/airflow/.local/lib/python3.7/site-packages/airflow/example_dags/example_branch_python_dop_operator_3.py for tasks to queue
[2023-05-10T22:06:24.699+0000] {logging_mixin.py:149} INFO - [2023-05-10T22:06:24.698+0000] {dagbag.py:541} INFO - Filling up the DagBag from /home/airflow/.local/lib/python3.7/site-packages/airflow/example_dags/example_branch_python_dop_operator_3.py
[2023-05-10T22:06:24.738+0000] {processor.py:809} INFO - DAG(s) dict_keys(['example_branch_dop_operator_v3']) retrieved from /home/airflow/.local/lib/python3.7/site-packages/airflow/example_dags/example_branch_python_dop_operator_3.py
[2023-05-10T22:06:24.822+0000] {logging_mixin.py:149} INFO - [2023-05-10T22:06:24.822+0000] {dag.py:2726} INFO - Sync 1 DAGs
[2023-05-10T22:06:25.015+0000] {logging_mixin.py:149} INFO - [2023-05-10T22:06:25.015+0000] {dag.py:3490} INFO - Setting next_dagrun for example_branch_dop_operator_v3 to 2023-05-10T22:05:00+00:00, run_after=2023-05-10T22:06:00+00:00
[2023-05-10T22:06:25.211+0000] {processor.py:178} INFO - Processing /home/airflow/.local/lib/python3.7/site-packages/airflow/example_dags/example_branch_python_dop_operator_3.py took 0.535 seconds
[2023-05-10T22:06:56.533+0000] {processor.py:156} INFO - Started process (PID=1400) to work on /home/airflow/.local/lib/python3.7/site-packages/airflow/example_dags/example_branch_python_dop_operator_3.py
[2023-05-10T22:06:56.539+0000] {processor.py:799} INFO - Processing file /home/airflow/.local/lib/python3.7/site-packages/airflow/example_dags/example_branch_python_dop_operator_3.py for tasks to queue
[2023-05-10T22:06:56.542+0000] {logging_mixin.py:149} INFO - [2023-05-10T22:06:56.541+0000] {dagbag.py:541} INFO - Filling up the DagBag from /home/airflow/.local/lib/python3.7/site-packages/airflow/example_dags/example_branch_python_dop_operator_3.py
[2023-05-10T22:06:56.581+0000] {processor.py:809} INFO - DAG(s) dict_keys(['example_branch_dop_operator_v3']) retrieved from /home/airflow/.local/lib/python3.7/site-packages/airflow/example_dags/example_branch_python_dop_operator_3.py
[2023-05-10T22:06:56.710+0000] {logging_mixin.py:149} INFO - [2023-05-10T22:06:56.710+0000] {dag.py:2726} INFO - Sync 1 DAGs
[2023-05-10T22:06:56.891+0000] {logging_mixin.py:149} INFO - [2023-05-10T22:06:56.890+0000] {dag.py:3490} INFO - Setting next_dagrun for example_branch_dop_operator_v3 to 2023-05-10T22:05:00+00:00, run_after=2023-05-10T22:06:00+00:00
[2023-05-10T22:06:57.017+0000] {processor.py:178} INFO - Processing /home/airflow/.local/lib/python3.7/site-packages/airflow/example_dags/example_branch_python_dop_operator_3.py took 0.498 seconds
[2023-05-10T22:07:31.022+0000] {processor.py:156} INFO - Started process (PID=1459) to work on /home/airflow/.local/lib/python3.7/site-packages/airflow/example_dags/example_branch_python_dop_operator_3.py
[2023-05-10T22:07:31.030+0000] {processor.py:799} INFO - Processing file /home/airflow/.local/lib/python3.7/site-packages/airflow/example_dags/example_branch_python_dop_operator_3.py for tasks to queue
[2023-05-10T22:07:31.036+0000] {logging_mixin.py:149} INFO - [2023-05-10T22:07:31.035+0000] {dagbag.py:541} INFO - Filling up the DagBag from /home/airflow/.local/lib/python3.7/site-packages/airflow/example_dags/example_branch_python_dop_operator_3.py
[2023-05-10T22:07:31.076+0000] {processor.py:809} INFO - DAG(s) dict_keys(['example_branch_dop_operator_v3']) retrieved from /home/airflow/.local/lib/python3.7/site-packages/airflow/example_dags/example_branch_python_dop_operator_3.py
[2023-05-10T22:07:31.209+0000] {logging_mixin.py:149} INFO - [2023-05-10T22:07:31.209+0000] {dag.py:2726} INFO - Sync 1 DAGs
[2023-05-10T22:07:31.470+0000] {logging_mixin.py:149} INFO - [2023-05-10T22:07:31.469+0000] {dag.py:3490} INFO - Setting next_dagrun for example_branch_dop_operator_v3 to 2023-05-10T22:06:00+00:00, run_after=2023-05-10T22:07:00+00:00
[2023-05-10T22:07:31.652+0000] {processor.py:178} INFO - Processing /home/airflow/.local/lib/python3.7/site-packages/airflow/example_dags/example_branch_python_dop_operator_3.py took 0.641 seconds
[2023-05-10T22:08:03.984+0000] {processor.py:156} INFO - Started process (PID=1515) to work on /home/airflow/.local/lib/python3.7/site-packages/airflow/example_dags/example_branch_python_dop_operator_3.py
[2023-05-10T22:08:03.988+0000] {processor.py:799} INFO - Processing file /home/airflow/.local/lib/python3.7/site-packages/airflow/example_dags/example_branch_python_dop_operator_3.py for tasks to queue
[2023-05-10T22:08:03.991+0000] {logging_mixin.py:149} INFO - [2023-05-10T22:08:03.991+0000] {dagbag.py:541} INFO - Filling up the DagBag from /home/airflow/.local/lib/python3.7/site-packages/airflow/example_dags/example_branch_python_dop_operator_3.py
[2023-05-10T22:08:04.048+0000] {processor.py:809} INFO - DAG(s) dict_keys(['example_branch_dop_operator_v3']) retrieved from /home/airflow/.local/lib/python3.7/site-packages/airflow/example_dags/example_branch_python_dop_operator_3.py
[2023-05-10T22:08:04.225+0000] {logging_mixin.py:149} INFO - [2023-05-10T22:08:04.225+0000] {dag.py:2726} INFO - Sync 1 DAGs
[2023-05-10T22:08:04.449+0000] {logging_mixin.py:149} INFO - [2023-05-10T22:08:04.449+0000] {dag.py:3490} INFO - Setting next_dagrun for example_branch_dop_operator_v3 to 2023-05-10T22:07:00+00:00, run_after=2023-05-10T22:08:00+00:00
[2023-05-10T22:08:04.622+0000] {processor.py:178} INFO - Processing /home/airflow/.local/lib/python3.7/site-packages/airflow/example_dags/example_branch_python_dop_operator_3.py took 0.656 seconds
[2023-05-10T22:08:39.496+0000] {processor.py:156} INFO - Started process (PID=1570) to work on /home/airflow/.local/lib/python3.7/site-packages/airflow/example_dags/example_branch_python_dop_operator_3.py
[2023-05-10T22:08:39.500+0000] {processor.py:799} INFO - Processing file /home/airflow/.local/lib/python3.7/site-packages/airflow/example_dags/example_branch_python_dop_operator_3.py for tasks to queue
[2023-05-10T22:08:39.508+0000] {logging_mixin.py:149} INFO - [2023-05-10T22:08:39.508+0000] {dagbag.py:541} INFO - Filling up the DagBag from /home/airflow/.local/lib/python3.7/site-packages/airflow/example_dags/example_branch_python_dop_operator_3.py
[2023-05-10T22:08:39.693+0000] {processor.py:809} INFO - DAG(s) dict_keys(['example_branch_dop_operator_v3']) retrieved from /home/airflow/.local/lib/python3.7/site-packages/airflow/example_dags/example_branch_python_dop_operator_3.py
[2023-05-10T22:08:39.958+0000] {logging_mixin.py:149} INFO - [2023-05-10T22:08:39.958+0000] {dag.py:2726} INFO - Sync 1 DAGs
[2023-05-10T22:08:40.263+0000] {logging_mixin.py:149} INFO - [2023-05-10T22:08:40.263+0000] {dag.py:3490} INFO - Setting next_dagrun for example_branch_dop_operator_v3 to 2023-05-10T22:07:00+00:00, run_after=2023-05-10T22:08:00+00:00
[2023-05-10T22:08:40.566+0000] {processor.py:178} INFO - Processing /home/airflow/.local/lib/python3.7/site-packages/airflow/example_dags/example_branch_python_dop_operator_3.py took 1.078 seconds
[2023-05-10T22:09:11.049+0000] {processor.py:156} INFO - Started process (PID=1625) to work on /home/airflow/.local/lib/python3.7/site-packages/airflow/example_dags/example_branch_python_dop_operator_3.py
[2023-05-10T22:09:11.083+0000] {processor.py:799} INFO - Processing file /home/airflow/.local/lib/python3.7/site-packages/airflow/example_dags/example_branch_python_dop_operator_3.py for tasks to queue
[2023-05-10T22:09:11.085+0000] {logging_mixin.py:149} INFO - [2023-05-10T22:09:11.085+0000] {dagbag.py:541} INFO - Filling up the DagBag from /home/airflow/.local/lib/python3.7/site-packages/airflow/example_dags/example_branch_python_dop_operator_3.py
[2023-05-10T22:09:11.167+0000] {processor.py:809} INFO - DAG(s) dict_keys(['example_branch_dop_operator_v3']) retrieved from /home/airflow/.local/lib/python3.7/site-packages/airflow/example_dags/example_branch_python_dop_operator_3.py
[2023-05-10T22:09:11.368+0000] {logging_mixin.py:149} INFO - [2023-05-10T22:09:11.367+0000] {dag.py:2726} INFO - Sync 1 DAGs
[2023-05-10T22:09:11.498+0000] {logging_mixin.py:149} INFO - [2023-05-10T22:09:11.497+0000] {dag.py:3490} INFO - Setting next_dagrun for example_branch_dop_operator_v3 to 2023-05-10T22:08:00+00:00, run_after=2023-05-10T22:09:00+00:00
[2023-05-10T22:09:12.025+0000] {processor.py:178} INFO - Processing /home/airflow/.local/lib/python3.7/site-packages/airflow/example_dags/example_branch_python_dop_operator_3.py took 1.016 seconds
[2023-05-10T22:09:42.240+0000] {processor.py:156} INFO - Started process (PID=1678) to work on /home/airflow/.local/lib/python3.7/site-packages/airflow/example_dags/example_branch_python_dop_operator_3.py
[2023-05-10T22:09:42.242+0000] {processor.py:799} INFO - Processing file /home/airflow/.local/lib/python3.7/site-packages/airflow/example_dags/example_branch_python_dop_operator_3.py for tasks to queue
[2023-05-10T22:09:42.245+0000] {logging_mixin.py:149} INFO - [2023-05-10T22:09:42.245+0000] {dagbag.py:541} INFO - Filling up the DagBag from /home/airflow/.local/lib/python3.7/site-packages/airflow/example_dags/example_branch_python_dop_operator_3.py
[2023-05-10T22:09:42.271+0000] {processor.py:809} INFO - DAG(s) dict_keys(['example_branch_dop_operator_v3']) retrieved from /home/airflow/.local/lib/python3.7/site-packages/airflow/example_dags/example_branch_python_dop_operator_3.py
[2023-05-10T22:09:42.345+0000] {logging_mixin.py:149} INFO - [2023-05-10T22:09:42.345+0000] {dag.py:2726} INFO - Sync 1 DAGs
[2023-05-10T22:09:42.489+0000] {logging_mixin.py:149} INFO - [2023-05-10T22:09:42.488+0000] {dag.py:3490} INFO - Setting next_dagrun for example_branch_dop_operator_v3 to 2023-05-10T22:08:00+00:00, run_after=2023-05-10T22:09:00+00:00
[2023-05-10T22:09:42.631+0000] {processor.py:178} INFO - Processing /home/airflow/.local/lib/python3.7/site-packages/airflow/example_dags/example_branch_python_dop_operator_3.py took 0.400 seconds
[2023-05-10T22:10:12.899+0000] {processor.py:156} INFO - Started process (PID=1734) to work on /home/airflow/.local/lib/python3.7/site-packages/airflow/example_dags/example_branch_python_dop_operator_3.py
[2023-05-10T22:10:12.905+0000] {processor.py:799} INFO - Processing file /home/airflow/.local/lib/python3.7/site-packages/airflow/example_dags/example_branch_python_dop_operator_3.py for tasks to queue
[2023-05-10T22:10:12.908+0000] {logging_mixin.py:149} INFO - [2023-05-10T22:10:12.908+0000] {dagbag.py:541} INFO - Filling up the DagBag from /home/airflow/.local/lib/python3.7/site-packages/airflow/example_dags/example_branch_python_dop_operator_3.py
[2023-05-10T22:10:12.933+0000] {processor.py:809} INFO - DAG(s) dict_keys(['example_branch_dop_operator_v3']) retrieved from /home/airflow/.local/lib/python3.7/site-packages/airflow/example_dags/example_branch_python_dop_operator_3.py
[2023-05-10T22:10:13.020+0000] {logging_mixin.py:149} INFO - [2023-05-10T22:10:13.019+0000] {dag.py:2726} INFO - Sync 1 DAGs
[2023-05-10T22:10:13.192+0000] {logging_mixin.py:149} INFO - [2023-05-10T22:10:13.187+0000] {dag.py:3490} INFO - Setting next_dagrun for example_branch_dop_operator_v3 to 2023-05-10T22:09:00+00:00, run_after=2023-05-10T22:10:00+00:00
[2023-05-10T22:10:13.332+0000] {processor.py:178} INFO - Processing /home/airflow/.local/lib/python3.7/site-packages/airflow/example_dags/example_branch_python_dop_operator_3.py took 0.443 seconds
