[2023-05-10T21:52:00.139+0000] {processor.py:156} INFO - Started process (PID=55) to work on /home/airflow/.local/lib/python3.7/site-packages/airflow/example_dags/example_branch_operator.py
[2023-05-10T21:52:00.151+0000] {processor.py:799} INFO - Processing file /home/airflow/.local/lib/python3.7/site-packages/airflow/example_dags/example_branch_operator.py for tasks to queue
[2023-05-10T21:52:00.167+0000] {logging_mixin.py:149} INFO - [2023-05-10T21:52:00.166+0000] {dagbag.py:541} INFO - Filling up the DagBag from /home/airflow/.local/lib/python3.7/site-packages/airflow/example_dags/example_branch_operator.py
[2023-05-10T21:52:00.342+0000] {processor.py:809} INFO - DAG(s) dict_keys(['example_branch_operator']) retrieved from /home/airflow/.local/lib/python3.7/site-packages/airflow/example_dags/example_branch_operator.py
[2023-05-10T21:52:03.849+0000] {logging_mixin.py:149} INFO - [2023-05-10T21:52:03.846+0000] {manager.py:504} INFO - Created Permission View: can read on DAG:example_branch_operator
[2023-05-10T21:52:05.576+0000] {logging_mixin.py:149} INFO - [2023-05-10T21:52:05.575+0000] {manager.py:504} INFO - Created Permission View: can delete on DAG:example_branch_operator
[2023-05-10T21:52:06.540+0000] {logging_mixin.py:149} INFO - [2023-05-10T21:52:06.540+0000] {manager.py:504} INFO - Created Permission View: can edit on DAG:example_branch_operator
[2023-05-10T21:52:06.546+0000] {logging_mixin.py:149} INFO - [2023-05-10T21:52:06.546+0000] {dag.py:2726} INFO - Sync 1 DAGs
[2023-05-10T21:52:06.663+0000] {logging_mixin.py:149} INFO - [2023-05-10T21:52:06.663+0000] {dag.py:2747} INFO - Creating ORM DAG for example_branch_operator
[2023-05-10T21:52:07.413+0000] {logging_mixin.py:149} INFO - [2023-05-10T21:52:07.412+0000] {dag.py:3490} INFO - Setting next_dagrun for example_branch_operator to 2023-05-09T00:00:00+00:00, run_after=2023-05-10T00:00:00+00:00
[2023-05-10T21:52:07.999+0000] {processor.py:178} INFO - Processing /home/airflow/.local/lib/python3.7/site-packages/airflow/example_dags/example_branch_operator.py took 7.880 seconds
[2023-05-10T21:53:47.112+0000] {processor.py:156} INFO - Started process (PID=125) to work on /home/airflow/.local/lib/python3.7/site-packages/airflow/example_dags/example_branch_operator.py
[2023-05-10T21:53:47.119+0000] {processor.py:799} INFO - Processing file /home/airflow/.local/lib/python3.7/site-packages/airflow/example_dags/example_branch_operator.py for tasks to queue
[2023-05-10T21:53:47.132+0000] {logging_mixin.py:149} INFO - [2023-05-10T21:53:47.132+0000] {dagbag.py:541} INFO - Filling up the DagBag from /home/airflow/.local/lib/python3.7/site-packages/airflow/example_dags/example_branch_operator.py
[2023-05-10T21:53:47.298+0000] {processor.py:809} INFO - DAG(s) dict_keys(['example_branch_operator']) retrieved from /home/airflow/.local/lib/python3.7/site-packages/airflow/example_dags/example_branch_operator.py
[2023-05-10T21:53:47.395+0000] {logging_mixin.py:149} INFO - [2023-05-10T21:53:47.387+0000] {dag.py:2726} INFO - Sync 1 DAGs
[2023-05-10T21:53:47.554+0000] {logging_mixin.py:149} INFO - [2023-05-10T21:53:47.554+0000] {dag.py:3490} INFO - Setting next_dagrun for example_branch_operator to 2023-05-09T00:00:00+00:00, run_after=2023-05-10T00:00:00+00:00
[2023-05-10T21:53:47.721+0000] {processor.py:178} INFO - Processing /home/airflow/.local/lib/python3.7/site-packages/airflow/example_dags/example_branch_operator.py took 0.625 seconds
[2023-05-10T21:54:24.766+0000] {processor.py:156} INFO - Started process (PID=171) to work on /home/airflow/.local/lib/python3.7/site-packages/airflow/example_dags/example_branch_operator.py
[2023-05-10T21:54:24.768+0000] {processor.py:799} INFO - Processing file /home/airflow/.local/lib/python3.7/site-packages/airflow/example_dags/example_branch_operator.py for tasks to queue
[2023-05-10T21:54:24.771+0000] {logging_mixin.py:149} INFO - [2023-05-10T21:54:24.771+0000] {dagbag.py:541} INFO - Filling up the DagBag from /home/airflow/.local/lib/python3.7/site-packages/airflow/example_dags/example_branch_operator.py
[2023-05-10T21:54:24.839+0000] {processor.py:809} INFO - DAG(s) dict_keys(['example_branch_operator']) retrieved from /home/airflow/.local/lib/python3.7/site-packages/airflow/example_dags/example_branch_operator.py
[2023-05-10T21:54:25.116+0000] {logging_mixin.py:149} INFO - [2023-05-10T21:54:25.113+0000] {dag.py:2726} INFO - Sync 1 DAGs
[2023-05-10T21:54:25.294+0000] {logging_mixin.py:149} INFO - [2023-05-10T21:54:25.293+0000] {dag.py:3490} INFO - Setting next_dagrun for example_branch_operator to 2023-05-09T00:00:00+00:00, run_after=2023-05-10T00:00:00+00:00
[2023-05-10T21:54:25.642+0000] {processor.py:178} INFO - Processing /home/airflow/.local/lib/python3.7/site-packages/airflow/example_dags/example_branch_operator.py took 0.881 seconds
[2023-05-10T21:55:04.005+0000] {processor.py:156} INFO - Started process (PID=225) to work on /home/airflow/.local/lib/python3.7/site-packages/airflow/example_dags/example_branch_operator.py
[2023-05-10T21:55:04.017+0000] {processor.py:799} INFO - Processing file /home/airflow/.local/lib/python3.7/site-packages/airflow/example_dags/example_branch_operator.py for tasks to queue
[2023-05-10T21:55:04.024+0000] {logging_mixin.py:149} INFO - [2023-05-10T21:55:04.023+0000] {dagbag.py:541} INFO - Filling up the DagBag from /home/airflow/.local/lib/python3.7/site-packages/airflow/example_dags/example_branch_operator.py
[2023-05-10T21:55:04.066+0000] {processor.py:809} INFO - DAG(s) dict_keys(['example_branch_operator']) retrieved from /home/airflow/.local/lib/python3.7/site-packages/airflow/example_dags/example_branch_operator.py
[2023-05-10T21:55:04.202+0000] {logging_mixin.py:149} INFO - [2023-05-10T21:55:04.202+0000] {dag.py:2726} INFO - Sync 1 DAGs
[2023-05-10T21:55:04.365+0000] {logging_mixin.py:149} INFO - [2023-05-10T21:55:04.364+0000] {dag.py:3490} INFO - Setting next_dagrun for example_branch_operator to 2023-05-09T00:00:00+00:00, run_after=2023-05-10T00:00:00+00:00
[2023-05-10T21:55:05.572+0000] {processor.py:178} INFO - Processing /home/airflow/.local/lib/python3.7/site-packages/airflow/example_dags/example_branch_operator.py took 1.577 seconds
[2023-05-10T21:55:40.469+0000] {processor.py:156} INFO - Started process (PID=274) to work on /home/airflow/.local/lib/python3.7/site-packages/airflow/example_dags/example_branch_operator.py
[2023-05-10T21:55:40.471+0000] {processor.py:799} INFO - Processing file /home/airflow/.local/lib/python3.7/site-packages/airflow/example_dags/example_branch_operator.py for tasks to queue
[2023-05-10T21:55:40.474+0000] {logging_mixin.py:149} INFO - [2023-05-10T21:55:40.474+0000] {dagbag.py:541} INFO - Filling up the DagBag from /home/airflow/.local/lib/python3.7/site-packages/airflow/example_dags/example_branch_operator.py
[2023-05-10T21:55:40.536+0000] {processor.py:809} INFO - DAG(s) dict_keys(['example_branch_operator']) retrieved from /home/airflow/.local/lib/python3.7/site-packages/airflow/example_dags/example_branch_operator.py
[2023-05-10T21:55:40.935+0000] {logging_mixin.py:149} INFO - [2023-05-10T21:55:40.934+0000] {dag.py:2726} INFO - Sync 1 DAGs
[2023-05-10T21:55:41.306+0000] {logging_mixin.py:149} INFO - [2023-05-10T21:55:41.305+0000] {dag.py:3490} INFO - Setting next_dagrun for example_branch_operator to 2023-05-09T00:00:00+00:00, run_after=2023-05-10T00:00:00+00:00
[2023-05-10T21:55:41.583+0000] {processor.py:178} INFO - Processing /home/airflow/.local/lib/python3.7/site-packages/airflow/example_dags/example_branch_operator.py took 1.134 seconds
[2023-05-10T21:56:15.798+0000] {processor.py:156} INFO - Started process (PID=331) to work on /home/airflow/.local/lib/python3.7/site-packages/airflow/example_dags/example_branch_operator.py
[2023-05-10T21:56:15.801+0000] {processor.py:799} INFO - Processing file /home/airflow/.local/lib/python3.7/site-packages/airflow/example_dags/example_branch_operator.py for tasks to queue
[2023-05-10T21:56:15.815+0000] {logging_mixin.py:149} INFO - [2023-05-10T21:56:15.814+0000] {dagbag.py:541} INFO - Filling up the DagBag from /home/airflow/.local/lib/python3.7/site-packages/airflow/example_dags/example_branch_operator.py
[2023-05-10T21:56:15.943+0000] {processor.py:809} INFO - DAG(s) dict_keys(['example_branch_operator']) retrieved from /home/airflow/.local/lib/python3.7/site-packages/airflow/example_dags/example_branch_operator.py
[2023-05-10T21:56:16.344+0000] {logging_mixin.py:149} INFO - [2023-05-10T21:56:16.343+0000] {dag.py:2726} INFO - Sync 1 DAGs
[2023-05-10T21:56:16.903+0000] {logging_mixin.py:149} INFO - [2023-05-10T21:56:16.903+0000] {dag.py:3490} INFO - Setting next_dagrun for example_branch_operator to 2023-05-09T00:00:00+00:00, run_after=2023-05-10T00:00:00+00:00
[2023-05-10T21:56:17.323+0000] {processor.py:178} INFO - Processing /home/airflow/.local/lib/python3.7/site-packages/airflow/example_dags/example_branch_operator.py took 1.546 seconds
[2023-05-10T21:56:54.796+0000] {processor.py:156} INFO - Started process (PID=386) to work on /home/airflow/.local/lib/python3.7/site-packages/airflow/example_dags/example_branch_operator.py
[2023-05-10T21:56:54.798+0000] {processor.py:799} INFO - Processing file /home/airflow/.local/lib/python3.7/site-packages/airflow/example_dags/example_branch_operator.py for tasks to queue
[2023-05-10T21:56:54.801+0000] {logging_mixin.py:149} INFO - [2023-05-10T21:56:54.801+0000] {dagbag.py:541} INFO - Filling up the DagBag from /home/airflow/.local/lib/python3.7/site-packages/airflow/example_dags/example_branch_operator.py
[2023-05-10T21:56:54.893+0000] {processor.py:809} INFO - DAG(s) dict_keys(['example_branch_operator']) retrieved from /home/airflow/.local/lib/python3.7/site-packages/airflow/example_dags/example_branch_operator.py
[2023-05-10T21:56:55.181+0000] {logging_mixin.py:149} INFO - [2023-05-10T21:56:55.181+0000] {dag.py:2726} INFO - Sync 1 DAGs
[2023-05-10T21:56:55.427+0000] {logging_mixin.py:149} INFO - [2023-05-10T21:56:55.426+0000] {dag.py:3490} INFO - Setting next_dagrun for example_branch_operator to 2023-05-09T00:00:00+00:00, run_after=2023-05-10T00:00:00+00:00
[2023-05-10T21:56:55.786+0000] {processor.py:178} INFO - Processing /home/airflow/.local/lib/python3.7/site-packages/airflow/example_dags/example_branch_operator.py took 1.033 seconds
[2023-05-10T21:57:27.816+0000] {processor.py:156} INFO - Started process (PID=437) to work on /home/airflow/.local/lib/python3.7/site-packages/airflow/example_dags/example_branch_operator.py
[2023-05-10T21:57:27.818+0000] {processor.py:799} INFO - Processing file /home/airflow/.local/lib/python3.7/site-packages/airflow/example_dags/example_branch_operator.py for tasks to queue
[2023-05-10T21:57:27.823+0000] {logging_mixin.py:149} INFO - [2023-05-10T21:57:27.822+0000] {dagbag.py:541} INFO - Filling up the DagBag from /home/airflow/.local/lib/python3.7/site-packages/airflow/example_dags/example_branch_operator.py
[2023-05-10T21:57:27.894+0000] {processor.py:809} INFO - DAG(s) dict_keys(['example_branch_operator']) retrieved from /home/airflow/.local/lib/python3.7/site-packages/airflow/example_dags/example_branch_operator.py
[2023-05-10T21:57:28.080+0000] {logging_mixin.py:149} INFO - [2023-05-10T21:57:28.080+0000] {dag.py:2726} INFO - Sync 1 DAGs
[2023-05-10T21:57:28.370+0000] {logging_mixin.py:149} INFO - [2023-05-10T21:57:28.369+0000] {dag.py:3490} INFO - Setting next_dagrun for example_branch_operator to 2023-05-09T00:00:00+00:00, run_after=2023-05-10T00:00:00+00:00
[2023-05-10T21:57:28.597+0000] {processor.py:178} INFO - Processing /home/airflow/.local/lib/python3.7/site-packages/airflow/example_dags/example_branch_operator.py took 0.828 seconds
[2023-05-10T21:58:00.670+0000] {processor.py:156} INFO - Started process (PID=484) to work on /home/airflow/.local/lib/python3.7/site-packages/airflow/example_dags/example_branch_operator.py
[2023-05-10T21:58:00.702+0000] {processor.py:799} INFO - Processing file /home/airflow/.local/lib/python3.7/site-packages/airflow/example_dags/example_branch_operator.py for tasks to queue
[2023-05-10T21:58:00.705+0000] {logging_mixin.py:149} INFO - [2023-05-10T21:58:00.704+0000] {dagbag.py:541} INFO - Filling up the DagBag from /home/airflow/.local/lib/python3.7/site-packages/airflow/example_dags/example_branch_operator.py
[2023-05-10T21:58:00.815+0000] {processor.py:809} INFO - DAG(s) dict_keys(['example_branch_operator']) retrieved from /home/airflow/.local/lib/python3.7/site-packages/airflow/example_dags/example_branch_operator.py
[2023-05-10T21:58:00.977+0000] {logging_mixin.py:149} INFO - [2023-05-10T21:58:00.977+0000] {dag.py:2726} INFO - Sync 1 DAGs
[2023-05-10T21:58:01.194+0000] {logging_mixin.py:149} INFO - [2023-05-10T21:58:01.194+0000] {dag.py:3490} INFO - Setting next_dagrun for example_branch_operator to 2023-05-09T00:00:00+00:00, run_after=2023-05-10T00:00:00+00:00
[2023-05-10T21:58:01.518+0000] {processor.py:178} INFO - Processing /home/airflow/.local/lib/python3.7/site-packages/airflow/example_dags/example_branch_operator.py took 0.886 seconds
[2023-05-10T21:58:34.256+0000] {processor.py:156} INFO - Started process (PID=537) to work on /home/airflow/.local/lib/python3.7/site-packages/airflow/example_dags/example_branch_operator.py
[2023-05-10T21:58:34.258+0000] {processor.py:799} INFO - Processing file /home/airflow/.local/lib/python3.7/site-packages/airflow/example_dags/example_branch_operator.py for tasks to queue
[2023-05-10T21:58:34.270+0000] {logging_mixin.py:149} INFO - [2023-05-10T21:58:34.269+0000] {dagbag.py:541} INFO - Filling up the DagBag from /home/airflow/.local/lib/python3.7/site-packages/airflow/example_dags/example_branch_operator.py
[2023-05-10T21:58:34.324+0000] {processor.py:809} INFO - DAG(s) dict_keys(['example_branch_operator']) retrieved from /home/airflow/.local/lib/python3.7/site-packages/airflow/example_dags/example_branch_operator.py
[2023-05-10T21:58:34.461+0000] {logging_mixin.py:149} INFO - [2023-05-10T21:58:34.461+0000] {dag.py:2726} INFO - Sync 1 DAGs
[2023-05-10T21:58:34.690+0000] {logging_mixin.py:149} INFO - [2023-05-10T21:58:34.689+0000] {dag.py:3490} INFO - Setting next_dagrun for example_branch_operator to 2023-05-09T00:00:00+00:00, run_after=2023-05-10T00:00:00+00:00
[2023-05-10T21:58:35.052+0000] {processor.py:178} INFO - Processing /home/airflow/.local/lib/python3.7/site-packages/airflow/example_dags/example_branch_operator.py took 0.811 seconds
[2023-05-10T21:59:08.073+0000] {processor.py:156} INFO - Started process (PID=593) to work on /home/airflow/.local/lib/python3.7/site-packages/airflow/example_dags/example_branch_operator.py
[2023-05-10T21:59:08.076+0000] {processor.py:799} INFO - Processing file /home/airflow/.local/lib/python3.7/site-packages/airflow/example_dags/example_branch_operator.py for tasks to queue
[2023-05-10T21:59:08.080+0000] {logging_mixin.py:149} INFO - [2023-05-10T21:59:08.079+0000] {dagbag.py:541} INFO - Filling up the DagBag from /home/airflow/.local/lib/python3.7/site-packages/airflow/example_dags/example_branch_operator.py
[2023-05-10T21:59:08.134+0000] {processor.py:809} INFO - DAG(s) dict_keys(['example_branch_operator']) retrieved from /home/airflow/.local/lib/python3.7/site-packages/airflow/example_dags/example_branch_operator.py
[2023-05-10T21:59:08.414+0000] {logging_mixin.py:149} INFO - [2023-05-10T21:59:08.414+0000] {dag.py:2726} INFO - Sync 1 DAGs
[2023-05-10T21:59:08.637+0000] {logging_mixin.py:149} INFO - [2023-05-10T21:59:08.636+0000] {dag.py:3490} INFO - Setting next_dagrun for example_branch_operator to 2023-05-09T00:00:00+00:00, run_after=2023-05-10T00:00:00+00:00
[2023-05-10T21:59:09.437+0000] {processor.py:178} INFO - Processing /home/airflow/.local/lib/python3.7/site-packages/airflow/example_dags/example_branch_operator.py took 1.383 seconds
[2023-05-10T21:59:39.660+0000] {processor.py:156} INFO - Started process (PID=649) to work on /home/airflow/.local/lib/python3.7/site-packages/airflow/example_dags/example_branch_operator.py
[2023-05-10T21:59:39.668+0000] {processor.py:799} INFO - Processing file /home/airflow/.local/lib/python3.7/site-packages/airflow/example_dags/example_branch_operator.py for tasks to queue
[2023-05-10T21:59:39.680+0000] {logging_mixin.py:149} INFO - [2023-05-10T21:59:39.679+0000] {dagbag.py:541} INFO - Filling up the DagBag from /home/airflow/.local/lib/python3.7/site-packages/airflow/example_dags/example_branch_operator.py
[2023-05-10T21:59:39.793+0000] {processor.py:809} INFO - DAG(s) dict_keys(['example_branch_operator']) retrieved from /home/airflow/.local/lib/python3.7/site-packages/airflow/example_dags/example_branch_operator.py
[2023-05-10T21:59:40.138+0000] {logging_mixin.py:149} INFO - [2023-05-10T21:59:40.137+0000] {dag.py:2726} INFO - Sync 1 DAGs
[2023-05-10T21:59:40.503+0000] {logging_mixin.py:149} INFO - [2023-05-10T21:59:40.503+0000] {dag.py:3490} INFO - Setting next_dagrun for example_branch_operator to 2023-05-09T00:00:00+00:00, run_after=2023-05-10T00:00:00+00:00
[2023-05-10T21:59:40.767+0000] {processor.py:178} INFO - Processing /home/airflow/.local/lib/python3.7/site-packages/airflow/example_dags/example_branch_operator.py took 1.125 seconds
[2023-05-10T22:00:11.152+0000] {processor.py:156} INFO - Started process (PID=712) to work on /home/airflow/.local/lib/python3.7/site-packages/airflow/example_dags/example_branch_operator.py
[2023-05-10T22:00:11.154+0000] {processor.py:799} INFO - Processing file /home/airflow/.local/lib/python3.7/site-packages/airflow/example_dags/example_branch_operator.py for tasks to queue
[2023-05-10T22:00:11.174+0000] {logging_mixin.py:149} INFO - [2023-05-10T22:00:11.160+0000] {dagbag.py:541} INFO - Filling up the DagBag from /home/airflow/.local/lib/python3.7/site-packages/airflow/example_dags/example_branch_operator.py
[2023-05-10T22:00:11.263+0000] {processor.py:809} INFO - DAG(s) dict_keys(['example_branch_operator']) retrieved from /home/airflow/.local/lib/python3.7/site-packages/airflow/example_dags/example_branch_operator.py
[2023-05-10T22:00:11.376+0000] {logging_mixin.py:149} INFO - [2023-05-10T22:00:11.376+0000] {dag.py:2726} INFO - Sync 1 DAGs
[2023-05-10T22:00:11.545+0000] {logging_mixin.py:149} INFO - [2023-05-10T22:00:11.545+0000] {dag.py:3490} INFO - Setting next_dagrun for example_branch_operator to 2023-05-09T00:00:00+00:00, run_after=2023-05-10T00:00:00+00:00
[2023-05-10T22:00:11.797+0000] {processor.py:178} INFO - Processing /home/airflow/.local/lib/python3.7/site-packages/airflow/example_dags/example_branch_operator.py took 0.662 seconds
[2023-05-10T22:00:45.071+0000] {processor.py:156} INFO - Started process (PID=769) to work on /home/airflow/.local/lib/python3.7/site-packages/airflow/example_dags/example_branch_operator.py
[2023-05-10T22:00:45.116+0000] {processor.py:799} INFO - Processing file /home/airflow/.local/lib/python3.7/site-packages/airflow/example_dags/example_branch_operator.py for tasks to queue
[2023-05-10T22:00:45.119+0000] {logging_mixin.py:149} INFO - [2023-05-10T22:00:45.118+0000] {dagbag.py:541} INFO - Filling up the DagBag from /home/airflow/.local/lib/python3.7/site-packages/airflow/example_dags/example_branch_operator.py
[2023-05-10T22:00:45.178+0000] {processor.py:809} INFO - DAG(s) dict_keys(['example_branch_operator']) retrieved from /home/airflow/.local/lib/python3.7/site-packages/airflow/example_dags/example_branch_operator.py
[2023-05-10T22:00:45.354+0000] {logging_mixin.py:149} INFO - [2023-05-10T22:00:45.353+0000] {dag.py:2726} INFO - Sync 1 DAGs
[2023-05-10T22:00:45.515+0000] {logging_mixin.py:149} INFO - [2023-05-10T22:00:45.514+0000] {dag.py:3490} INFO - Setting next_dagrun for example_branch_operator to 2023-05-09T00:00:00+00:00, run_after=2023-05-10T00:00:00+00:00
[2023-05-10T22:00:45.777+0000] {processor.py:178} INFO - Processing /home/airflow/.local/lib/python3.7/site-packages/airflow/example_dags/example_branch_operator.py took 0.714 seconds
[2023-05-10T22:01:19.419+0000] {processor.py:156} INFO - Started process (PID=825) to work on /home/airflow/.local/lib/python3.7/site-packages/airflow/example_dags/example_branch_operator.py
[2023-05-10T22:01:19.433+0000] {processor.py:799} INFO - Processing file /home/airflow/.local/lib/python3.7/site-packages/airflow/example_dags/example_branch_operator.py for tasks to queue
[2023-05-10T22:01:19.435+0000] {logging_mixin.py:149} INFO - [2023-05-10T22:01:19.435+0000] {dagbag.py:541} INFO - Filling up the DagBag from /home/airflow/.local/lib/python3.7/site-packages/airflow/example_dags/example_branch_operator.py
[2023-05-10T22:01:19.501+0000] {processor.py:809} INFO - DAG(s) dict_keys(['example_branch_operator']) retrieved from /home/airflow/.local/lib/python3.7/site-packages/airflow/example_dags/example_branch_operator.py
[2023-05-10T22:01:19.681+0000] {logging_mixin.py:149} INFO - [2023-05-10T22:01:19.680+0000] {dag.py:2726} INFO - Sync 1 DAGs
[2023-05-10T22:01:19.907+0000] {logging_mixin.py:149} INFO - [2023-05-10T22:01:19.906+0000] {dag.py:3490} INFO - Setting next_dagrun for example_branch_operator to 2023-05-09T00:00:00+00:00, run_after=2023-05-10T00:00:00+00:00
[2023-05-10T22:01:20.109+0000] {processor.py:178} INFO - Processing /home/airflow/.local/lib/python3.7/site-packages/airflow/example_dags/example_branch_operator.py took 0.709 seconds
[2023-05-10T22:01:51.979+0000] {processor.py:156} INFO - Started process (PID=877) to work on /home/airflow/.local/lib/python3.7/site-packages/airflow/example_dags/example_branch_operator.py
[2023-05-10T22:01:51.994+0000] {processor.py:799} INFO - Processing file /home/airflow/.local/lib/python3.7/site-packages/airflow/example_dags/example_branch_operator.py for tasks to queue
[2023-05-10T22:01:51.997+0000] {logging_mixin.py:149} INFO - [2023-05-10T22:01:51.997+0000] {dagbag.py:541} INFO - Filling up the DagBag from /home/airflow/.local/lib/python3.7/site-packages/airflow/example_dags/example_branch_operator.py
[2023-05-10T22:01:52.163+0000] {processor.py:809} INFO - DAG(s) dict_keys(['example_branch_operator']) retrieved from /home/airflow/.local/lib/python3.7/site-packages/airflow/example_dags/example_branch_operator.py
[2023-05-10T22:01:52.549+0000] {logging_mixin.py:149} INFO - [2023-05-10T22:01:52.548+0000] {dag.py:2726} INFO - Sync 1 DAGs
[2023-05-10T22:01:52.856+0000] {logging_mixin.py:149} INFO - [2023-05-10T22:01:52.855+0000] {dag.py:3490} INFO - Setting next_dagrun for example_branch_operator to 2023-05-09T00:00:00+00:00, run_after=2023-05-10T00:00:00+00:00
[2023-05-10T22:01:53.039+0000] {processor.py:178} INFO - Processing /home/airflow/.local/lib/python3.7/site-packages/airflow/example_dags/example_branch_operator.py took 1.091 seconds
[2023-05-10T22:02:25.120+0000] {processor.py:156} INFO - Started process (PID=933) to work on /home/airflow/.local/lib/python3.7/site-packages/airflow/example_dags/example_branch_operator.py
[2023-05-10T22:02:25.134+0000] {processor.py:799} INFO - Processing file /home/airflow/.local/lib/python3.7/site-packages/airflow/example_dags/example_branch_operator.py for tasks to queue
[2023-05-10T22:02:25.137+0000] {logging_mixin.py:149} INFO - [2023-05-10T22:02:25.136+0000] {dagbag.py:541} INFO - Filling up the DagBag from /home/airflow/.local/lib/python3.7/site-packages/airflow/example_dags/example_branch_operator.py
[2023-05-10T22:02:25.234+0000] {processor.py:809} INFO - DAG(s) dict_keys(['example_branch_operator']) retrieved from /home/airflow/.local/lib/python3.7/site-packages/airflow/example_dags/example_branch_operator.py
[2023-05-10T22:02:25.527+0000] {logging_mixin.py:149} INFO - [2023-05-10T22:02:25.526+0000] {dag.py:2726} INFO - Sync 1 DAGs
[2023-05-10T22:02:25.772+0000] {logging_mixin.py:149} INFO - [2023-05-10T22:02:25.772+0000] {dag.py:3490} INFO - Setting next_dagrun for example_branch_operator to 2023-05-09T00:00:00+00:00, run_after=2023-05-10T00:00:00+00:00
[2023-05-10T22:02:25.998+0000] {processor.py:178} INFO - Processing /home/airflow/.local/lib/python3.7/site-packages/airflow/example_dags/example_branch_operator.py took 0.911 seconds
[2023-05-10T22:02:56.343+0000] {processor.py:156} INFO - Started process (PID=989) to work on /home/airflow/.local/lib/python3.7/site-packages/airflow/example_dags/example_branch_operator.py
[2023-05-10T22:02:56.348+0000] {processor.py:799} INFO - Processing file /home/airflow/.local/lib/python3.7/site-packages/airflow/example_dags/example_branch_operator.py for tasks to queue
[2023-05-10T22:02:56.359+0000] {logging_mixin.py:149} INFO - [2023-05-10T22:02:56.356+0000] {dagbag.py:541} INFO - Filling up the DagBag from /home/airflow/.local/lib/python3.7/site-packages/airflow/example_dags/example_branch_operator.py
[2023-05-10T22:02:56.411+0000] {processor.py:809} INFO - DAG(s) dict_keys(['example_branch_operator']) retrieved from /home/airflow/.local/lib/python3.7/site-packages/airflow/example_dags/example_branch_operator.py
[2023-05-10T22:02:56.533+0000] {logging_mixin.py:149} INFO - [2023-05-10T22:02:56.533+0000] {dag.py:2726} INFO - Sync 1 DAGs
[2023-05-10T22:02:56.713+0000] {logging_mixin.py:149} INFO - [2023-05-10T22:02:56.713+0000] {dag.py:3490} INFO - Setting next_dagrun for example_branch_operator to 2023-05-09T00:00:00+00:00, run_after=2023-05-10T00:00:00+00:00
[2023-05-10T22:02:57.653+0000] {processor.py:178} INFO - Processing /home/airflow/.local/lib/python3.7/site-packages/airflow/example_dags/example_branch_operator.py took 1.331 seconds
[2023-05-10T22:03:28.122+0000] {processor.py:156} INFO - Started process (PID=1043) to work on /home/airflow/.local/lib/python3.7/site-packages/airflow/example_dags/example_branch_operator.py
[2023-05-10T22:03:28.132+0000] {processor.py:799} INFO - Processing file /home/airflow/.local/lib/python3.7/site-packages/airflow/example_dags/example_branch_operator.py for tasks to queue
[2023-05-10T22:03:28.135+0000] {logging_mixin.py:149} INFO - [2023-05-10T22:03:28.134+0000] {dagbag.py:541} INFO - Filling up the DagBag from /home/airflow/.local/lib/python3.7/site-packages/airflow/example_dags/example_branch_operator.py
[2023-05-10T22:03:28.184+0000] {processor.py:809} INFO - DAG(s) dict_keys(['example_branch_operator']) retrieved from /home/airflow/.local/lib/python3.7/site-packages/airflow/example_dags/example_branch_operator.py
[2023-05-10T22:03:28.315+0000] {logging_mixin.py:149} INFO - [2023-05-10T22:03:28.314+0000] {dag.py:2726} INFO - Sync 1 DAGs
[2023-05-10T22:03:28.487+0000] {logging_mixin.py:149} INFO - [2023-05-10T22:03:28.487+0000] {dag.py:3490} INFO - Setting next_dagrun for example_branch_operator to 2023-05-09T00:00:00+00:00, run_after=2023-05-10T00:00:00+00:00
[2023-05-10T22:03:28.735+0000] {processor.py:178} INFO - Processing /home/airflow/.local/lib/python3.7/site-packages/airflow/example_dags/example_branch_operator.py took 0.621 seconds
[2023-05-10T22:04:01.059+0000] {processor.py:156} INFO - Started process (PID=1099) to work on /home/airflow/.local/lib/python3.7/site-packages/airflow/example_dags/example_branch_operator.py
[2023-05-10T22:04:01.062+0000] {processor.py:799} INFO - Processing file /home/airflow/.local/lib/python3.7/site-packages/airflow/example_dags/example_branch_operator.py for tasks to queue
[2023-05-10T22:04:01.075+0000] {logging_mixin.py:149} INFO - [2023-05-10T22:04:01.074+0000] {dagbag.py:541} INFO - Filling up the DagBag from /home/airflow/.local/lib/python3.7/site-packages/airflow/example_dags/example_branch_operator.py
[2023-05-10T22:04:01.168+0000] {processor.py:809} INFO - DAG(s) dict_keys(['example_branch_operator']) retrieved from /home/airflow/.local/lib/python3.7/site-packages/airflow/example_dags/example_branch_operator.py
[2023-05-10T22:04:01.376+0000] {logging_mixin.py:149} INFO - [2023-05-10T22:04:01.370+0000] {dag.py:2726} INFO - Sync 1 DAGs
[2023-05-10T22:04:01.509+0000] {logging_mixin.py:149} INFO - [2023-05-10T22:04:01.508+0000] {dag.py:3490} INFO - Setting next_dagrun for example_branch_operator to 2023-05-09T00:00:00+00:00, run_after=2023-05-10T00:00:00+00:00
[2023-05-10T22:04:01.711+0000] {processor.py:178} INFO - Processing /home/airflow/.local/lib/python3.7/site-packages/airflow/example_dags/example_branch_operator.py took 0.672 seconds
[2023-05-10T22:04:32.348+0000] {processor.py:156} INFO - Started process (PID=1147) to work on /home/airflow/.local/lib/python3.7/site-packages/airflow/example_dags/example_branch_operator.py
[2023-05-10T22:04:32.392+0000] {processor.py:799} INFO - Processing file /home/airflow/.local/lib/python3.7/site-packages/airflow/example_dags/example_branch_operator.py for tasks to queue
[2023-05-10T22:04:32.404+0000] {logging_mixin.py:149} INFO - [2023-05-10T22:04:32.403+0000] {dagbag.py:541} INFO - Filling up the DagBag from /home/airflow/.local/lib/python3.7/site-packages/airflow/example_dags/example_branch_operator.py
[2023-05-10T22:04:32.495+0000] {processor.py:809} INFO - DAG(s) dict_keys(['example_branch_operator']) retrieved from /home/airflow/.local/lib/python3.7/site-packages/airflow/example_dags/example_branch_operator.py
[2023-05-10T22:04:32.799+0000] {logging_mixin.py:149} INFO - [2023-05-10T22:04:32.799+0000] {dag.py:2726} INFO - Sync 1 DAGs
[2023-05-10T22:04:33.070+0000] {logging_mixin.py:149} INFO - [2023-05-10T22:04:33.069+0000] {dag.py:3490} INFO - Setting next_dagrun for example_branch_operator to 2023-05-09T00:00:00+00:00, run_after=2023-05-10T00:00:00+00:00
[2023-05-10T22:04:33.738+0000] {processor.py:178} INFO - Processing /home/airflow/.local/lib/python3.7/site-packages/airflow/example_dags/example_branch_operator.py took 1.424 seconds
[2023-05-10T22:05:04.123+0000] {processor.py:156} INFO - Started process (PID=1203) to work on /home/airflow/.local/lib/python3.7/site-packages/airflow/example_dags/example_branch_operator.py
[2023-05-10T22:05:04.126+0000] {processor.py:799} INFO - Processing file /home/airflow/.local/lib/python3.7/site-packages/airflow/example_dags/example_branch_operator.py for tasks to queue
[2023-05-10T22:05:04.136+0000] {logging_mixin.py:149} INFO - [2023-05-10T22:05:04.136+0000] {dagbag.py:541} INFO - Filling up the DagBag from /home/airflow/.local/lib/python3.7/site-packages/airflow/example_dags/example_branch_operator.py
[2023-05-10T22:05:04.207+0000] {processor.py:809} INFO - DAG(s) dict_keys(['example_branch_operator']) retrieved from /home/airflow/.local/lib/python3.7/site-packages/airflow/example_dags/example_branch_operator.py
[2023-05-10T22:05:04.334+0000] {logging_mixin.py:149} INFO - [2023-05-10T22:05:04.333+0000] {dag.py:2726} INFO - Sync 1 DAGs
[2023-05-10T22:05:04.482+0000] {logging_mixin.py:149} INFO - [2023-05-10T22:05:04.476+0000] {dag.py:3490} INFO - Setting next_dagrun for example_branch_operator to 2023-05-09T00:00:00+00:00, run_after=2023-05-10T00:00:00+00:00
[2023-05-10T22:05:04.593+0000] {processor.py:178} INFO - Processing /home/airflow/.local/lib/python3.7/site-packages/airflow/example_dags/example_branch_operator.py took 0.477 seconds
[2023-05-10T22:05:35.993+0000] {processor.py:156} INFO - Started process (PID=1253) to work on /home/airflow/.local/lib/python3.7/site-packages/airflow/example_dags/example_branch_operator.py
[2023-05-10T22:05:36.018+0000] {processor.py:799} INFO - Processing file /home/airflow/.local/lib/python3.7/site-packages/airflow/example_dags/example_branch_operator.py for tasks to queue
[2023-05-10T22:05:36.048+0000] {logging_mixin.py:149} INFO - [2023-05-10T22:05:36.047+0000] {dagbag.py:541} INFO - Filling up the DagBag from /home/airflow/.local/lib/python3.7/site-packages/airflow/example_dags/example_branch_operator.py
[2023-05-10T22:05:36.116+0000] {processor.py:809} INFO - DAG(s) dict_keys(['example_branch_operator']) retrieved from /home/airflow/.local/lib/python3.7/site-packages/airflow/example_dags/example_branch_operator.py
[2023-05-10T22:05:36.370+0000] {logging_mixin.py:149} INFO - [2023-05-10T22:05:36.370+0000] {dag.py:2726} INFO - Sync 1 DAGs
[2023-05-10T22:05:36.617+0000] {logging_mixin.py:149} INFO - [2023-05-10T22:05:36.617+0000] {dag.py:3490} INFO - Setting next_dagrun for example_branch_operator to 2023-05-09T00:00:00+00:00, run_after=2023-05-10T00:00:00+00:00
[2023-05-10T22:05:36.761+0000] {processor.py:178} INFO - Processing /home/airflow/.local/lib/python3.7/site-packages/airflow/example_dags/example_branch_operator.py took 0.787 seconds
[2023-05-10T22:06:07.806+0000] {processor.py:156} INFO - Started process (PID=1304) to work on /home/airflow/.local/lib/python3.7/site-packages/airflow/example_dags/example_branch_operator.py
[2023-05-10T22:06:07.810+0000] {processor.py:799} INFO - Processing file /home/airflow/.local/lib/python3.7/site-packages/airflow/example_dags/example_branch_operator.py for tasks to queue
[2023-05-10T22:06:07.825+0000] {logging_mixin.py:149} INFO - [2023-05-10T22:06:07.824+0000] {dagbag.py:541} INFO - Filling up the DagBag from /home/airflow/.local/lib/python3.7/site-packages/airflow/example_dags/example_branch_operator.py
[2023-05-10T22:06:07.890+0000] {processor.py:809} INFO - DAG(s) dict_keys(['example_branch_operator']) retrieved from /home/airflow/.local/lib/python3.7/site-packages/airflow/example_dags/example_branch_operator.py
[2023-05-10T22:06:08.022+0000] {logging_mixin.py:149} INFO - [2023-05-10T22:06:08.022+0000] {dag.py:2726} INFO - Sync 1 DAGs
[2023-05-10T22:06:08.193+0000] {logging_mixin.py:149} INFO - [2023-05-10T22:06:08.193+0000] {dag.py:3490} INFO - Setting next_dagrun for example_branch_operator to 2023-05-09T00:00:00+00:00, run_after=2023-05-10T00:00:00+00:00
[2023-05-10T22:06:08.358+0000] {processor.py:178} INFO - Processing /home/airflow/.local/lib/python3.7/site-packages/airflow/example_dags/example_branch_operator.py took 0.571 seconds
[2023-05-10T22:06:40.486+0000] {processor.py:156} INFO - Started process (PID=1360) to work on /home/airflow/.local/lib/python3.7/site-packages/airflow/example_dags/example_branch_operator.py
[2023-05-10T22:06:40.501+0000] {processor.py:799} INFO - Processing file /home/airflow/.local/lib/python3.7/site-packages/airflow/example_dags/example_branch_operator.py for tasks to queue
[2023-05-10T22:06:40.505+0000] {logging_mixin.py:149} INFO - [2023-05-10T22:06:40.505+0000] {dagbag.py:541} INFO - Filling up the DagBag from /home/airflow/.local/lib/python3.7/site-packages/airflow/example_dags/example_branch_operator.py
[2023-05-10T22:06:40.576+0000] {processor.py:809} INFO - DAG(s) dict_keys(['example_branch_operator']) retrieved from /home/airflow/.local/lib/python3.7/site-packages/airflow/example_dags/example_branch_operator.py
[2023-05-10T22:06:40.918+0000] {logging_mixin.py:149} INFO - [2023-05-10T22:06:40.917+0000] {dag.py:2726} INFO - Sync 1 DAGs
[2023-05-10T22:06:41.174+0000] {logging_mixin.py:149} INFO - [2023-05-10T22:06:41.174+0000] {dag.py:3490} INFO - Setting next_dagrun for example_branch_operator to 2023-05-09T00:00:00+00:00, run_after=2023-05-10T00:00:00+00:00
[2023-05-10T22:06:41.366+0000] {processor.py:178} INFO - Processing /home/airflow/.local/lib/python3.7/site-packages/airflow/example_dags/example_branch_operator.py took 0.888 seconds
[2023-05-10T22:07:11.724+0000] {processor.py:156} INFO - Started process (PID=1416) to work on /home/airflow/.local/lib/python3.7/site-packages/airflow/example_dags/example_branch_operator.py
[2023-05-10T22:07:11.737+0000] {processor.py:799} INFO - Processing file /home/airflow/.local/lib/python3.7/site-packages/airflow/example_dags/example_branch_operator.py for tasks to queue
[2023-05-10T22:07:11.741+0000] {logging_mixin.py:149} INFO - [2023-05-10T22:07:11.741+0000] {dagbag.py:541} INFO - Filling up the DagBag from /home/airflow/.local/lib/python3.7/site-packages/airflow/example_dags/example_branch_operator.py
[2023-05-10T22:07:11.808+0000] {processor.py:809} INFO - DAG(s) dict_keys(['example_branch_operator']) retrieved from /home/airflow/.local/lib/python3.7/site-packages/airflow/example_dags/example_branch_operator.py
[2023-05-10T22:07:12.169+0000] {logging_mixin.py:149} INFO - [2023-05-10T22:07:12.169+0000] {dag.py:2726} INFO - Sync 1 DAGs
[2023-05-10T22:07:12.681+0000] {logging_mixin.py:149} INFO - [2023-05-10T22:07:12.680+0000] {dag.py:3490} INFO - Setting next_dagrun for example_branch_operator to 2023-05-09T00:00:00+00:00, run_after=2023-05-10T00:00:00+00:00
[2023-05-10T22:07:12.970+0000] {processor.py:178} INFO - Processing /home/airflow/.local/lib/python3.7/site-packages/airflow/example_dags/example_branch_operator.py took 1.264 seconds
[2023-05-10T22:07:43.872+0000] {processor.py:156} INFO - Started process (PID=1471) to work on /home/airflow/.local/lib/python3.7/site-packages/airflow/example_dags/example_branch_operator.py
[2023-05-10T22:07:43.882+0000] {processor.py:799} INFO - Processing file /home/airflow/.local/lib/python3.7/site-packages/airflow/example_dags/example_branch_operator.py for tasks to queue
[2023-05-10T22:07:43.887+0000] {logging_mixin.py:149} INFO - [2023-05-10T22:07:43.886+0000] {dagbag.py:541} INFO - Filling up the DagBag from /home/airflow/.local/lib/python3.7/site-packages/airflow/example_dags/example_branch_operator.py
[2023-05-10T22:07:43.986+0000] {processor.py:809} INFO - DAG(s) dict_keys(['example_branch_operator']) retrieved from /home/airflow/.local/lib/python3.7/site-packages/airflow/example_dags/example_branch_operator.py
[2023-05-10T22:07:44.265+0000] {logging_mixin.py:149} INFO - [2023-05-10T22:07:44.265+0000] {dag.py:2726} INFO - Sync 1 DAGs
[2023-05-10T22:07:44.482+0000] {logging_mixin.py:149} INFO - [2023-05-10T22:07:44.481+0000] {dag.py:3490} INFO - Setting next_dagrun for example_branch_operator to 2023-05-09T00:00:00+00:00, run_after=2023-05-10T00:00:00+00:00
[2023-05-10T22:07:44.698+0000] {processor.py:178} INFO - Processing /home/airflow/.local/lib/python3.7/site-packages/airflow/example_dags/example_branch_operator.py took 0.855 seconds
[2023-05-10T22:08:15.478+0000] {processor.py:156} INFO - Started process (PID=1527) to work on /home/airflow/.local/lib/python3.7/site-packages/airflow/example_dags/example_branch_operator.py
[2023-05-10T22:08:15.485+0000] {processor.py:799} INFO - Processing file /home/airflow/.local/lib/python3.7/site-packages/airflow/example_dags/example_branch_operator.py for tasks to queue
[2023-05-10T22:08:15.488+0000] {logging_mixin.py:149} INFO - [2023-05-10T22:08:15.487+0000] {dagbag.py:541} INFO - Filling up the DagBag from /home/airflow/.local/lib/python3.7/site-packages/airflow/example_dags/example_branch_operator.py
[2023-05-10T22:08:15.543+0000] {processor.py:809} INFO - DAG(s) dict_keys(['example_branch_operator']) retrieved from /home/airflow/.local/lib/python3.7/site-packages/airflow/example_dags/example_branch_operator.py
[2023-05-10T22:08:15.709+0000] {logging_mixin.py:149} INFO - [2023-05-10T22:08:15.709+0000] {dag.py:2726} INFO - Sync 1 DAGs
[2023-05-10T22:08:16.050+0000] {logging_mixin.py:149} INFO - [2023-05-10T22:08:16.049+0000] {dag.py:3490} INFO - Setting next_dagrun for example_branch_operator to 2023-05-09T00:00:00+00:00, run_after=2023-05-10T00:00:00+00:00
[2023-05-10T22:08:16.361+0000] {processor.py:178} INFO - Processing /home/airflow/.local/lib/python3.7/site-packages/airflow/example_dags/example_branch_operator.py took 0.895 seconds
[2023-05-10T22:08:48.100+0000] {processor.py:156} INFO - Started process (PID=1583) to work on /home/airflow/.local/lib/python3.7/site-packages/airflow/example_dags/example_branch_operator.py
[2023-05-10T22:08:48.107+0000] {processor.py:799} INFO - Processing file /home/airflow/.local/lib/python3.7/site-packages/airflow/example_dags/example_branch_operator.py for tasks to queue
[2023-05-10T22:08:48.129+0000] {logging_mixin.py:149} INFO - [2023-05-10T22:08:48.128+0000] {dagbag.py:541} INFO - Filling up the DagBag from /home/airflow/.local/lib/python3.7/site-packages/airflow/example_dags/example_branch_operator.py
[2023-05-10T22:08:48.204+0000] {processor.py:809} INFO - DAG(s) dict_keys(['example_branch_operator']) retrieved from /home/airflow/.local/lib/python3.7/site-packages/airflow/example_dags/example_branch_operator.py
[2023-05-10T22:08:48.370+0000] {logging_mixin.py:149} INFO - [2023-05-10T22:08:48.370+0000] {dag.py:2726} INFO - Sync 1 DAGs
[2023-05-10T22:08:48.514+0000] {logging_mixin.py:149} INFO - [2023-05-10T22:08:48.514+0000] {dag.py:3490} INFO - Setting next_dagrun for example_branch_operator to 2023-05-09T00:00:00+00:00, run_after=2023-05-10T00:00:00+00:00
[2023-05-10T22:08:48.684+0000] {processor.py:178} INFO - Processing /home/airflow/.local/lib/python3.7/site-packages/airflow/example_dags/example_branch_operator.py took 0.602 seconds
[2023-05-10T22:09:22.684+0000] {processor.py:156} INFO - Started process (PID=1638) to work on /home/airflow/.local/lib/python3.7/site-packages/airflow/example_dags/example_branch_operator.py
[2023-05-10T22:09:22.690+0000] {processor.py:799} INFO - Processing file /home/airflow/.local/lib/python3.7/site-packages/airflow/example_dags/example_branch_operator.py for tasks to queue
[2023-05-10T22:09:22.706+0000] {logging_mixin.py:149} INFO - [2023-05-10T22:09:22.705+0000] {dagbag.py:541} INFO - Filling up the DagBag from /home/airflow/.local/lib/python3.7/site-packages/airflow/example_dags/example_branch_operator.py
[2023-05-10T22:09:22.758+0000] {processor.py:809} INFO - DAG(s) dict_keys(['example_branch_operator']) retrieved from /home/airflow/.local/lib/python3.7/site-packages/airflow/example_dags/example_branch_operator.py
[2023-05-10T22:09:23.028+0000] {logging_mixin.py:149} INFO - [2023-05-10T22:09:23.028+0000] {dag.py:2726} INFO - Sync 1 DAGs
[2023-05-10T22:09:23.501+0000] {logging_mixin.py:149} INFO - [2023-05-10T22:09:23.501+0000] {dag.py:3490} INFO - Setting next_dagrun for example_branch_operator to 2023-05-09T00:00:00+00:00, run_after=2023-05-10T00:00:00+00:00
[2023-05-10T22:09:24.005+0000] {processor.py:178} INFO - Processing /home/airflow/.local/lib/python3.7/site-packages/airflow/example_dags/example_branch_operator.py took 1.335 seconds
[2023-05-10T22:09:54.183+0000] {processor.py:156} INFO - Started process (PID=1695) to work on /home/airflow/.local/lib/python3.7/site-packages/airflow/example_dags/example_branch_operator.py
[2023-05-10T22:09:54.185+0000] {processor.py:799} INFO - Processing file /home/airflow/.local/lib/python3.7/site-packages/airflow/example_dags/example_branch_operator.py for tasks to queue
[2023-05-10T22:09:54.187+0000] {logging_mixin.py:149} INFO - [2023-05-10T22:09:54.187+0000] {dagbag.py:541} INFO - Filling up the DagBag from /home/airflow/.local/lib/python3.7/site-packages/airflow/example_dags/example_branch_operator.py
[2023-05-10T22:09:54.258+0000] {processor.py:809} INFO - DAG(s) dict_keys(['example_branch_operator']) retrieved from /home/airflow/.local/lib/python3.7/site-packages/airflow/example_dags/example_branch_operator.py
[2023-05-10T22:09:54.397+0000] {logging_mixin.py:149} INFO - [2023-05-10T22:09:54.397+0000] {dag.py:2726} INFO - Sync 1 DAGs
[2023-05-10T22:09:54.591+0000] {logging_mixin.py:149} INFO - [2023-05-10T22:09:54.591+0000] {dag.py:3490} INFO - Setting next_dagrun for example_branch_operator to 2023-05-09T00:00:00+00:00, run_after=2023-05-10T00:00:00+00:00
[2023-05-10T22:09:54.723+0000] {processor.py:178} INFO - Processing /home/airflow/.local/lib/python3.7/site-packages/airflow/example_dags/example_branch_operator.py took 0.555 seconds
