[2023-05-10T21:53:24.947+0000] {processor.py:156} INFO - Started process (PID=103) to work on /home/airflow/.local/lib/python3.7/site-packages/airflow/example_dags/example_complex.py
[2023-05-10T21:53:24.949+0000] {processor.py:799} INFO - Processing file /home/airflow/.local/lib/python3.7/site-packages/airflow/example_dags/example_complex.py for tasks to queue
[2023-05-10T21:53:24.952+0000] {logging_mixin.py:149} INFO - [2023-05-10T21:53:24.952+0000] {dagbag.py:541} INFO - Filling up the DagBag from /home/airflow/.local/lib/python3.7/site-packages/airflow/example_dags/example_complex.py
[2023-05-10T21:53:25.625+0000] {logging_mixin.py:149} INFO - [2023-05-10T21:53:25.625+0000] {taskmixin.py:211} WARNING - Dependency <Task(BashOperator): create_entry_group>, delete_entry_group already registered for DAG: example_complex
[2023-05-10T21:53:25.627+0000] {logging_mixin.py:149} INFO - [2023-05-10T21:53:25.626+0000] {taskmixin.py:211} WARNING - Dependency <Task(BashOperator): delete_entry_group>, create_entry_group already registered for DAG: example_complex
[2023-05-10T21:53:25.628+0000] {logging_mixin.py:149} INFO - [2023-05-10T21:53:25.628+0000] {taskmixin.py:211} WARNING - Dependency <Task(BashOperator): create_entry_gcs>, delete_entry already registered for DAG: example_complex
[2023-05-10T21:53:25.629+0000] {logging_mixin.py:149} INFO - [2023-05-10T21:53:25.629+0000] {taskmixin.py:211} WARNING - Dependency <Task(BashOperator): delete_entry>, create_entry_gcs already registered for DAG: example_complex
[2023-05-10T21:53:25.638+0000] {logging_mixin.py:149} INFO - [2023-05-10T21:53:25.635+0000] {taskmixin.py:211} WARNING - Dependency <Task(BashOperator): create_tag>, delete_tag already registered for DAG: example_complex
[2023-05-10T21:53:25.641+0000] {logging_mixin.py:149} INFO - [2023-05-10T21:53:25.641+0000] {taskmixin.py:211} WARNING - Dependency <Task(BashOperator): delete_tag>, create_tag already registered for DAG: example_complex
[2023-05-10T21:53:25.655+0000] {processor.py:809} INFO - DAG(s) dict_keys(['example_complex']) retrieved from /home/airflow/.local/lib/python3.7/site-packages/airflow/example_dags/example_complex.py
[2023-05-10T21:53:26.646+0000] {logging_mixin.py:149} INFO - [2023-05-10T21:53:26.645+0000] {manager.py:504} INFO - Created Permission View: can read on DAG:example_complex
[2023-05-10T21:53:27.931+0000] {logging_mixin.py:149} INFO - [2023-05-10T21:53:27.931+0000] {manager.py:504} INFO - Created Permission View: can delete on DAG:example_complex
[2023-05-10T21:53:28.099+0000] {logging_mixin.py:149} INFO - [2023-05-10T21:53:28.098+0000] {manager.py:504} INFO - Created Permission View: can edit on DAG:example_complex
[2023-05-10T21:53:28.100+0000] {logging_mixin.py:149} INFO - [2023-05-10T21:53:28.100+0000] {dag.py:2726} INFO - Sync 1 DAGs
[2023-05-10T21:53:28.180+0000] {logging_mixin.py:149} INFO - [2023-05-10T21:53:28.179+0000] {dag.py:2747} INFO - Creating ORM DAG for example_complex
[2023-05-10T21:53:28.268+0000] {logging_mixin.py:149} INFO - [2023-05-10T21:53:28.268+0000] {dag.py:3490} INFO - Setting next_dagrun for example_complex to None, run_after=None
[2023-05-10T21:53:28.574+0000] {processor.py:178} INFO - Processing /home/airflow/.local/lib/python3.7/site-packages/airflow/example_dags/example_complex.py took 3.647 seconds
[2023-05-10T21:54:20.653+0000] {processor.py:156} INFO - Started process (PID=165) to work on /home/airflow/.local/lib/python3.7/site-packages/airflow/example_dags/example_complex.py
[2023-05-10T21:54:20.663+0000] {processor.py:799} INFO - Processing file /home/airflow/.local/lib/python3.7/site-packages/airflow/example_dags/example_complex.py for tasks to queue
[2023-05-10T21:54:20.666+0000] {logging_mixin.py:149} INFO - [2023-05-10T21:54:20.665+0000] {dagbag.py:541} INFO - Filling up the DagBag from /home/airflow/.local/lib/python3.7/site-packages/airflow/example_dags/example_complex.py
[2023-05-10T21:54:20.787+0000] {logging_mixin.py:149} INFO - [2023-05-10T21:54:20.786+0000] {taskmixin.py:211} WARNING - Dependency <Task(BashOperator): create_entry_group>, delete_entry_group already registered for DAG: example_complex
[2023-05-10T21:54:20.791+0000] {logging_mixin.py:149} INFO - [2023-05-10T21:54:20.788+0000] {taskmixin.py:211} WARNING - Dependency <Task(BashOperator): delete_entry_group>, create_entry_group already registered for DAG: example_complex
[2023-05-10T21:54:20.803+0000] {logging_mixin.py:149} INFO - [2023-05-10T21:54:20.803+0000] {taskmixin.py:211} WARNING - Dependency <Task(BashOperator): create_entry_gcs>, delete_entry already registered for DAG: example_complex
[2023-05-10T21:54:20.805+0000] {logging_mixin.py:149} INFO - [2023-05-10T21:54:20.805+0000] {taskmixin.py:211} WARNING - Dependency <Task(BashOperator): delete_entry>, create_entry_gcs already registered for DAG: example_complex
[2023-05-10T21:54:20.817+0000] {logging_mixin.py:149} INFO - [2023-05-10T21:54:20.817+0000] {taskmixin.py:211} WARNING - Dependency <Task(BashOperator): create_tag>, delete_tag already registered for DAG: example_complex
[2023-05-10T21:54:20.821+0000] {logging_mixin.py:149} INFO - [2023-05-10T21:54:20.820+0000] {taskmixin.py:211} WARNING - Dependency <Task(BashOperator): delete_tag>, create_tag already registered for DAG: example_complex
[2023-05-10T21:54:20.846+0000] {processor.py:809} INFO - DAG(s) dict_keys(['example_complex']) retrieved from /home/airflow/.local/lib/python3.7/site-packages/airflow/example_dags/example_complex.py
[2023-05-10T21:54:21.231+0000] {logging_mixin.py:149} INFO - [2023-05-10T21:54:21.231+0000] {dag.py:2726} INFO - Sync 1 DAGs
[2023-05-10T21:54:21.526+0000] {logging_mixin.py:149} INFO - [2023-05-10T21:54:21.526+0000] {dag.py:3490} INFO - Setting next_dagrun for example_complex to None, run_after=None
[2023-05-10T21:54:22.435+0000] {processor.py:178} INFO - Processing /home/airflow/.local/lib/python3.7/site-packages/airflow/example_dags/example_complex.py took 1.823 seconds
[2023-05-10T21:55:06.466+0000] {processor.py:156} INFO - Started process (PID=227) to work on /home/airflow/.local/lib/python3.7/site-packages/airflow/example_dags/example_complex.py
[2023-05-10T21:55:06.484+0000] {processor.py:799} INFO - Processing file /home/airflow/.local/lib/python3.7/site-packages/airflow/example_dags/example_complex.py for tasks to queue
[2023-05-10T21:55:06.486+0000] {logging_mixin.py:149} INFO - [2023-05-10T21:55:06.486+0000] {dagbag.py:541} INFO - Filling up the DagBag from /home/airflow/.local/lib/python3.7/site-packages/airflow/example_dags/example_complex.py
[2023-05-10T21:55:06.634+0000] {logging_mixin.py:149} INFO - [2023-05-10T21:55:06.633+0000] {taskmixin.py:211} WARNING - Dependency <Task(BashOperator): create_entry_group>, delete_entry_group already registered for DAG: example_complex
[2023-05-10T21:55:06.635+0000] {logging_mixin.py:149} INFO - [2023-05-10T21:55:06.635+0000] {taskmixin.py:211} WARNING - Dependency <Task(BashOperator): delete_entry_group>, create_entry_group already registered for DAG: example_complex
[2023-05-10T21:55:06.637+0000] {logging_mixin.py:149} INFO - [2023-05-10T21:55:06.637+0000] {taskmixin.py:211} WARNING - Dependency <Task(BashOperator): create_entry_gcs>, delete_entry already registered for DAG: example_complex
[2023-05-10T21:55:06.638+0000] {logging_mixin.py:149} INFO - [2023-05-10T21:55:06.638+0000] {taskmixin.py:211} WARNING - Dependency <Task(BashOperator): delete_entry>, create_entry_gcs already registered for DAG: example_complex
[2023-05-10T21:55:06.640+0000] {logging_mixin.py:149} INFO - [2023-05-10T21:55:06.640+0000] {taskmixin.py:211} WARNING - Dependency <Task(BashOperator): create_tag>, delete_tag already registered for DAG: example_complex
[2023-05-10T21:55:06.642+0000] {logging_mixin.py:149} INFO - [2023-05-10T21:55:06.641+0000] {taskmixin.py:211} WARNING - Dependency <Task(BashOperator): delete_tag>, create_tag already registered for DAG: example_complex
[2023-05-10T21:55:06.648+0000] {processor.py:809} INFO - DAG(s) dict_keys(['example_complex']) retrieved from /home/airflow/.local/lib/python3.7/site-packages/airflow/example_dags/example_complex.py
[2023-05-10T21:55:06.765+0000] {logging_mixin.py:149} INFO - [2023-05-10T21:55:06.765+0000] {dag.py:2726} INFO - Sync 1 DAGs
[2023-05-10T21:55:06.992+0000] {logging_mixin.py:149} INFO - [2023-05-10T21:55:06.980+0000] {dag.py:3490} INFO - Setting next_dagrun for example_complex to None, run_after=None
[2023-05-10T21:55:07.358+0000] {processor.py:178} INFO - Processing /home/airflow/.local/lib/python3.7/site-packages/airflow/example_dags/example_complex.py took 0.916 seconds
[2023-05-10T21:55:44.933+0000] {processor.py:156} INFO - Started process (PID=279) to work on /home/airflow/.local/lib/python3.7/site-packages/airflow/example_dags/example_complex.py
[2023-05-10T21:55:44.948+0000] {processor.py:799} INFO - Processing file /home/airflow/.local/lib/python3.7/site-packages/airflow/example_dags/example_complex.py for tasks to queue
[2023-05-10T21:55:44.951+0000] {logging_mixin.py:149} INFO - [2023-05-10T21:55:44.950+0000] {dagbag.py:541} INFO - Filling up the DagBag from /home/airflow/.local/lib/python3.7/site-packages/airflow/example_dags/example_complex.py
[2023-05-10T21:55:45.040+0000] {logging_mixin.py:149} INFO - [2023-05-10T21:55:45.040+0000] {taskmixin.py:211} WARNING - Dependency <Task(BashOperator): create_entry_group>, delete_entry_group already registered for DAG: example_complex
[2023-05-10T21:55:45.061+0000] {logging_mixin.py:149} INFO - [2023-05-10T21:55:45.060+0000] {taskmixin.py:211} WARNING - Dependency <Task(BashOperator): delete_entry_group>, create_entry_group already registered for DAG: example_complex
[2023-05-10T21:55:45.081+0000] {logging_mixin.py:149} INFO - [2023-05-10T21:55:45.080+0000] {taskmixin.py:211} WARNING - Dependency <Task(BashOperator): create_entry_gcs>, delete_entry already registered for DAG: example_complex
[2023-05-10T21:55:45.093+0000] {logging_mixin.py:149} INFO - [2023-05-10T21:55:45.092+0000] {taskmixin.py:211} WARNING - Dependency <Task(BashOperator): delete_entry>, create_entry_gcs already registered for DAG: example_complex
[2023-05-10T21:55:45.098+0000] {logging_mixin.py:149} INFO - [2023-05-10T21:55:45.097+0000] {taskmixin.py:211} WARNING - Dependency <Task(BashOperator): create_tag>, delete_tag already registered for DAG: example_complex
[2023-05-10T21:55:45.100+0000] {logging_mixin.py:149} INFO - [2023-05-10T21:55:45.099+0000] {taskmixin.py:211} WARNING - Dependency <Task(BashOperator): delete_tag>, create_tag already registered for DAG: example_complex
[2023-05-10T21:55:45.107+0000] {processor.py:809} INFO - DAG(s) dict_keys(['example_complex']) retrieved from /home/airflow/.local/lib/python3.7/site-packages/airflow/example_dags/example_complex.py
[2023-05-10T21:55:45.621+0000] {logging_mixin.py:149} INFO - [2023-05-10T21:55:45.621+0000] {dag.py:2726} INFO - Sync 1 DAGs
[2023-05-10T21:55:45.827+0000] {logging_mixin.py:149} INFO - [2023-05-10T21:55:45.826+0000] {dag.py:3490} INFO - Setting next_dagrun for example_complex to None, run_after=None
[2023-05-10T21:55:46.125+0000] {processor.py:178} INFO - Processing /home/airflow/.local/lib/python3.7/site-packages/airflow/example_dags/example_complex.py took 1.231 seconds
[2023-05-10T21:56:20.062+0000] {processor.py:156} INFO - Started process (PID=337) to work on /home/airflow/.local/lib/python3.7/site-packages/airflow/example_dags/example_complex.py
[2023-05-10T21:56:20.073+0000] {processor.py:799} INFO - Processing file /home/airflow/.local/lib/python3.7/site-packages/airflow/example_dags/example_complex.py for tasks to queue
[2023-05-10T21:56:20.077+0000] {logging_mixin.py:149} INFO - [2023-05-10T21:56:20.076+0000] {dagbag.py:541} INFO - Filling up the DagBag from /home/airflow/.local/lib/python3.7/site-packages/airflow/example_dags/example_complex.py
[2023-05-10T21:56:20.160+0000] {logging_mixin.py:149} INFO - [2023-05-10T21:56:20.160+0000] {taskmixin.py:211} WARNING - Dependency <Task(BashOperator): create_entry_group>, delete_entry_group already registered for DAG: example_complex
[2023-05-10T21:56:20.164+0000] {logging_mixin.py:149} INFO - [2023-05-10T21:56:20.162+0000] {taskmixin.py:211} WARNING - Dependency <Task(BashOperator): delete_entry_group>, create_entry_group already registered for DAG: example_complex
[2023-05-10T21:56:20.167+0000] {logging_mixin.py:149} INFO - [2023-05-10T21:56:20.167+0000] {taskmixin.py:211} WARNING - Dependency <Task(BashOperator): create_entry_gcs>, delete_entry already registered for DAG: example_complex
[2023-05-10T21:56:20.171+0000] {logging_mixin.py:149} INFO - [2023-05-10T21:56:20.170+0000] {taskmixin.py:211} WARNING - Dependency <Task(BashOperator): delete_entry>, create_entry_gcs already registered for DAG: example_complex
[2023-05-10T21:56:20.173+0000] {logging_mixin.py:149} INFO - [2023-05-10T21:56:20.173+0000] {taskmixin.py:211} WARNING - Dependency <Task(BashOperator): create_tag>, delete_tag already registered for DAG: example_complex
[2023-05-10T21:56:20.175+0000] {logging_mixin.py:149} INFO - [2023-05-10T21:56:20.174+0000] {taskmixin.py:211} WARNING - Dependency <Task(BashOperator): delete_tag>, create_tag already registered for DAG: example_complex
[2023-05-10T21:56:20.187+0000] {processor.py:809} INFO - DAG(s) dict_keys(['example_complex']) retrieved from /home/airflow/.local/lib/python3.7/site-packages/airflow/example_dags/example_complex.py
[2023-05-10T21:56:20.444+0000] {logging_mixin.py:149} INFO - [2023-05-10T21:56:20.441+0000] {dag.py:2726} INFO - Sync 1 DAGs
[2023-05-10T21:56:20.813+0000] {logging_mixin.py:149} INFO - [2023-05-10T21:56:20.812+0000] {dag.py:3490} INFO - Setting next_dagrun for example_complex to None, run_after=None
[2023-05-10T21:56:21.133+0000] {processor.py:178} INFO - Processing /home/airflow/.local/lib/python3.7/site-packages/airflow/example_dags/example_complex.py took 1.095 seconds
[2023-05-10T21:57:02.070+0000] {processor.py:156} INFO - Started process (PID=399) to work on /home/airflow/.local/lib/python3.7/site-packages/airflow/example_dags/example_complex.py
[2023-05-10T21:57:02.073+0000] {processor.py:799} INFO - Processing file /home/airflow/.local/lib/python3.7/site-packages/airflow/example_dags/example_complex.py for tasks to queue
[2023-05-10T21:57:02.076+0000] {logging_mixin.py:149} INFO - [2023-05-10T21:57:02.075+0000] {dagbag.py:541} INFO - Filling up the DagBag from /home/airflow/.local/lib/python3.7/site-packages/airflow/example_dags/example_complex.py
[2023-05-10T21:57:02.183+0000] {logging_mixin.py:149} INFO - [2023-05-10T21:57:02.182+0000] {taskmixin.py:211} WARNING - Dependency <Task(BashOperator): create_entry_group>, delete_entry_group already registered for DAG: example_complex
[2023-05-10T21:57:02.184+0000] {logging_mixin.py:149} INFO - [2023-05-10T21:57:02.184+0000] {taskmixin.py:211} WARNING - Dependency <Task(BashOperator): delete_entry_group>, create_entry_group already registered for DAG: example_complex
[2023-05-10T21:57:02.197+0000] {logging_mixin.py:149} INFO - [2023-05-10T21:57:02.196+0000] {taskmixin.py:211} WARNING - Dependency <Task(BashOperator): create_entry_gcs>, delete_entry already registered for DAG: example_complex
[2023-05-10T21:57:02.198+0000] {logging_mixin.py:149} INFO - [2023-05-10T21:57:02.198+0000] {taskmixin.py:211} WARNING - Dependency <Task(BashOperator): delete_entry>, create_entry_gcs already registered for DAG: example_complex
[2023-05-10T21:57:02.203+0000] {logging_mixin.py:149} INFO - [2023-05-10T21:57:02.202+0000] {taskmixin.py:211} WARNING - Dependency <Task(BashOperator): create_tag>, delete_tag already registered for DAG: example_complex
[2023-05-10T21:57:02.205+0000] {logging_mixin.py:149} INFO - [2023-05-10T21:57:02.204+0000] {taskmixin.py:211} WARNING - Dependency <Task(BashOperator): delete_tag>, create_tag already registered for DAG: example_complex
[2023-05-10T21:57:02.226+0000] {processor.py:809} INFO - DAG(s) dict_keys(['example_complex']) retrieved from /home/airflow/.local/lib/python3.7/site-packages/airflow/example_dags/example_complex.py
[2023-05-10T21:57:02.524+0000] {logging_mixin.py:149} INFO - [2023-05-10T21:57:02.523+0000] {dag.py:2726} INFO - Sync 1 DAGs
[2023-05-10T21:57:02.836+0000] {logging_mixin.py:149} INFO - [2023-05-10T21:57:02.835+0000] {dag.py:3490} INFO - Setting next_dagrun for example_complex to None, run_after=None
[2023-05-10T21:57:03.329+0000] {processor.py:178} INFO - Processing /home/airflow/.local/lib/python3.7/site-packages/airflow/example_dags/example_complex.py took 1.285 seconds
[2023-05-10T21:57:34.218+0000] {processor.py:156} INFO - Started process (PID=449) to work on /home/airflow/.local/lib/python3.7/site-packages/airflow/example_dags/example_complex.py
[2023-05-10T21:57:34.225+0000] {processor.py:799} INFO - Processing file /home/airflow/.local/lib/python3.7/site-packages/airflow/example_dags/example_complex.py for tasks to queue
[2023-05-10T21:57:34.232+0000] {logging_mixin.py:149} INFO - [2023-05-10T21:57:34.228+0000] {dagbag.py:541} INFO - Filling up the DagBag from /home/airflow/.local/lib/python3.7/site-packages/airflow/example_dags/example_complex.py
[2023-05-10T21:57:34.305+0000] {logging_mixin.py:149} INFO - [2023-05-10T21:57:34.305+0000] {taskmixin.py:211} WARNING - Dependency <Task(BashOperator): create_entry_group>, delete_entry_group already registered for DAG: example_complex
[2023-05-10T21:57:34.310+0000] {logging_mixin.py:149} INFO - [2023-05-10T21:57:34.310+0000] {taskmixin.py:211} WARNING - Dependency <Task(BashOperator): delete_entry_group>, create_entry_group already registered for DAG: example_complex
[2023-05-10T21:57:34.327+0000] {logging_mixin.py:149} INFO - [2023-05-10T21:57:34.326+0000] {taskmixin.py:211} WARNING - Dependency <Task(BashOperator): create_entry_gcs>, delete_entry already registered for DAG: example_complex
[2023-05-10T21:57:34.328+0000] {logging_mixin.py:149} INFO - [2023-05-10T21:57:34.328+0000] {taskmixin.py:211} WARNING - Dependency <Task(BashOperator): delete_entry>, create_entry_gcs already registered for DAG: example_complex
[2023-05-10T21:57:34.331+0000] {logging_mixin.py:149} INFO - [2023-05-10T21:57:34.331+0000] {taskmixin.py:211} WARNING - Dependency <Task(BashOperator): create_tag>, delete_tag already registered for DAG: example_complex
[2023-05-10T21:57:34.333+0000] {logging_mixin.py:149} INFO - [2023-05-10T21:57:34.332+0000] {taskmixin.py:211} WARNING - Dependency <Task(BashOperator): delete_tag>, create_tag already registered for DAG: example_complex
[2023-05-10T21:57:34.369+0000] {processor.py:809} INFO - DAG(s) dict_keys(['example_complex']) retrieved from /home/airflow/.local/lib/python3.7/site-packages/airflow/example_dags/example_complex.py
[2023-05-10T21:57:34.667+0000] {logging_mixin.py:149} INFO - [2023-05-10T21:57:34.666+0000] {dag.py:2726} INFO - Sync 1 DAGs
[2023-05-10T21:57:34.830+0000] {logging_mixin.py:149} INFO - [2023-05-10T21:57:34.830+0000] {dag.py:3490} INFO - Setting next_dagrun for example_complex to None, run_after=None
[2023-05-10T21:57:35.126+0000] {processor.py:178} INFO - Processing /home/airflow/.local/lib/python3.7/site-packages/airflow/example_dags/example_complex.py took 0.923 seconds
[2023-05-10T21:58:09.645+0000] {processor.py:156} INFO - Started process (PID=506) to work on /home/airflow/.local/lib/python3.7/site-packages/airflow/example_dags/example_complex.py
[2023-05-10T21:58:09.656+0000] {processor.py:799} INFO - Processing file /home/airflow/.local/lib/python3.7/site-packages/airflow/example_dags/example_complex.py for tasks to queue
[2023-05-10T21:58:09.674+0000] {logging_mixin.py:149} INFO - [2023-05-10T21:58:09.673+0000] {dagbag.py:541} INFO - Filling up the DagBag from /home/airflow/.local/lib/python3.7/site-packages/airflow/example_dags/example_complex.py
[2023-05-10T21:58:09.754+0000] {logging_mixin.py:149} INFO - [2023-05-10T21:58:09.753+0000] {taskmixin.py:211} WARNING - Dependency <Task(BashOperator): create_entry_group>, delete_entry_group already registered for DAG: example_complex
[2023-05-10T21:58:09.767+0000] {logging_mixin.py:149} INFO - [2023-05-10T21:58:09.766+0000] {taskmixin.py:211} WARNING - Dependency <Task(BashOperator): delete_entry_group>, create_entry_group already registered for DAG: example_complex
[2023-05-10T21:58:09.771+0000] {logging_mixin.py:149} INFO - [2023-05-10T21:58:09.770+0000] {taskmixin.py:211} WARNING - Dependency <Task(BashOperator): create_entry_gcs>, delete_entry already registered for DAG: example_complex
[2023-05-10T21:58:09.772+0000] {logging_mixin.py:149} INFO - [2023-05-10T21:58:09.772+0000] {taskmixin.py:211} WARNING - Dependency <Task(BashOperator): delete_entry>, create_entry_gcs already registered for DAG: example_complex
[2023-05-10T21:58:09.775+0000] {logging_mixin.py:149} INFO - [2023-05-10T21:58:09.774+0000] {taskmixin.py:211} WARNING - Dependency <Task(BashOperator): create_tag>, delete_tag already registered for DAG: example_complex
[2023-05-10T21:58:09.776+0000] {logging_mixin.py:149} INFO - [2023-05-10T21:58:09.776+0000] {taskmixin.py:211} WARNING - Dependency <Task(BashOperator): delete_tag>, create_tag already registered for DAG: example_complex
[2023-05-10T21:58:09.789+0000] {processor.py:809} INFO - DAG(s) dict_keys(['example_complex']) retrieved from /home/airflow/.local/lib/python3.7/site-packages/airflow/example_dags/example_complex.py
[2023-05-10T21:58:10.106+0000] {logging_mixin.py:149} INFO - [2023-05-10T21:58:10.105+0000] {dag.py:2726} INFO - Sync 1 DAGs
[2023-05-10T21:58:10.297+0000] {logging_mixin.py:149} INFO - [2023-05-10T21:58:10.297+0000] {dag.py:3490} INFO - Setting next_dagrun for example_complex to None, run_after=None
[2023-05-10T21:58:10.453+0000] {processor.py:178} INFO - Processing /home/airflow/.local/lib/python3.7/site-packages/airflow/example_dags/example_complex.py took 0.817 seconds
[2023-05-10T21:58:45.852+0000] {processor.py:156} INFO - Started process (PID=564) to work on /home/airflow/.local/lib/python3.7/site-packages/airflow/example_dags/example_complex.py
[2023-05-10T21:58:45.856+0000] {processor.py:799} INFO - Processing file /home/airflow/.local/lib/python3.7/site-packages/airflow/example_dags/example_complex.py for tasks to queue
[2023-05-10T21:58:45.859+0000] {logging_mixin.py:149} INFO - [2023-05-10T21:58:45.859+0000] {dagbag.py:541} INFO - Filling up the DagBag from /home/airflow/.local/lib/python3.7/site-packages/airflow/example_dags/example_complex.py
[2023-05-10T21:58:45.943+0000] {logging_mixin.py:149} INFO - [2023-05-10T21:58:45.943+0000] {taskmixin.py:211} WARNING - Dependency <Task(BashOperator): create_entry_group>, delete_entry_group already registered for DAG: example_complex
[2023-05-10T21:58:45.957+0000] {logging_mixin.py:149} INFO - [2023-05-10T21:58:45.956+0000] {taskmixin.py:211} WARNING - Dependency <Task(BashOperator): delete_entry_group>, create_entry_group already registered for DAG: example_complex
[2023-05-10T21:58:45.959+0000] {logging_mixin.py:149} INFO - [2023-05-10T21:58:45.958+0000] {taskmixin.py:211} WARNING - Dependency <Task(BashOperator): create_entry_gcs>, delete_entry already registered for DAG: example_complex
[2023-05-10T21:58:45.963+0000] {logging_mixin.py:149} INFO - [2023-05-10T21:58:45.963+0000] {taskmixin.py:211} WARNING - Dependency <Task(BashOperator): delete_entry>, create_entry_gcs already registered for DAG: example_complex
[2023-05-10T21:58:45.965+0000] {logging_mixin.py:149} INFO - [2023-05-10T21:58:45.965+0000] {taskmixin.py:211} WARNING - Dependency <Task(BashOperator): create_tag>, delete_tag already registered for DAG: example_complex
[2023-05-10T21:58:45.968+0000] {logging_mixin.py:149} INFO - [2023-05-10T21:58:45.967+0000] {taskmixin.py:211} WARNING - Dependency <Task(BashOperator): delete_tag>, create_tag already registered for DAG: example_complex
[2023-05-10T21:58:46.003+0000] {processor.py:809} INFO - DAG(s) dict_keys(['example_complex']) retrieved from /home/airflow/.local/lib/python3.7/site-packages/airflow/example_dags/example_complex.py
[2023-05-10T21:58:46.362+0000] {logging_mixin.py:149} INFO - [2023-05-10T21:58:46.362+0000] {dag.py:2726} INFO - Sync 1 DAGs
[2023-05-10T21:58:46.543+0000] {logging_mixin.py:149} INFO - [2023-05-10T21:58:46.542+0000] {dag.py:3490} INFO - Setting next_dagrun for example_complex to None, run_after=None
[2023-05-10T21:58:46.703+0000] {processor.py:178} INFO - Processing /home/airflow/.local/lib/python3.7/site-packages/airflow/example_dags/example_complex.py took 0.871 seconds
[2023-05-10T21:59:18.386+0000] {processor.py:156} INFO - Started process (PID=620) to work on /home/airflow/.local/lib/python3.7/site-packages/airflow/example_dags/example_complex.py
[2023-05-10T21:59:18.391+0000] {processor.py:799} INFO - Processing file /home/airflow/.local/lib/python3.7/site-packages/airflow/example_dags/example_complex.py for tasks to queue
[2023-05-10T21:59:18.394+0000] {logging_mixin.py:149} INFO - [2023-05-10T21:59:18.393+0000] {dagbag.py:541} INFO - Filling up the DagBag from /home/airflow/.local/lib/python3.7/site-packages/airflow/example_dags/example_complex.py
[2023-05-10T21:59:18.491+0000] {logging_mixin.py:149} INFO - [2023-05-10T21:59:18.490+0000] {taskmixin.py:211} WARNING - Dependency <Task(BashOperator): create_entry_group>, delete_entry_group already registered for DAG: example_complex
[2023-05-10T21:59:18.510+0000] {logging_mixin.py:149} INFO - [2023-05-10T21:59:18.509+0000] {taskmixin.py:211} WARNING - Dependency <Task(BashOperator): delete_entry_group>, create_entry_group already registered for DAG: example_complex
[2023-05-10T21:59:18.517+0000] {logging_mixin.py:149} INFO - [2023-05-10T21:59:18.516+0000] {taskmixin.py:211} WARNING - Dependency <Task(BashOperator): create_entry_gcs>, delete_entry already registered for DAG: example_complex
[2023-05-10T21:59:18.526+0000] {logging_mixin.py:149} INFO - [2023-05-10T21:59:18.526+0000] {taskmixin.py:211} WARNING - Dependency <Task(BashOperator): delete_entry>, create_entry_gcs already registered for DAG: example_complex
[2023-05-10T21:59:18.532+0000] {logging_mixin.py:149} INFO - [2023-05-10T21:59:18.532+0000] {taskmixin.py:211} WARNING - Dependency <Task(BashOperator): create_tag>, delete_tag already registered for DAG: example_complex
[2023-05-10T21:59:18.534+0000] {logging_mixin.py:149} INFO - [2023-05-10T21:59:18.534+0000] {taskmixin.py:211} WARNING - Dependency <Task(BashOperator): delete_tag>, create_tag already registered for DAG: example_complex
[2023-05-10T21:59:18.560+0000] {processor.py:809} INFO - DAG(s) dict_keys(['example_complex']) retrieved from /home/airflow/.local/lib/python3.7/site-packages/airflow/example_dags/example_complex.py
[2023-05-10T21:59:18.979+0000] {logging_mixin.py:149} INFO - [2023-05-10T21:59:18.978+0000] {dag.py:2726} INFO - Sync 1 DAGs
[2023-05-10T21:59:19.205+0000] {logging_mixin.py:149} INFO - [2023-05-10T21:59:19.205+0000] {dag.py:3490} INFO - Setting next_dagrun for example_complex to None, run_after=None
[2023-05-10T21:59:19.453+0000] {processor.py:178} INFO - Processing /home/airflow/.local/lib/python3.7/site-packages/airflow/example_dags/example_complex.py took 1.083 seconds
[2023-05-10T21:59:55.482+0000] {processor.py:156} INFO - Started process (PID=677) to work on /home/airflow/.local/lib/python3.7/site-packages/airflow/example_dags/example_complex.py
[2023-05-10T21:59:55.487+0000] {processor.py:799} INFO - Processing file /home/airflow/.local/lib/python3.7/site-packages/airflow/example_dags/example_complex.py for tasks to queue
[2023-05-10T21:59:55.498+0000] {logging_mixin.py:149} INFO - [2023-05-10T21:59:55.489+0000] {dagbag.py:541} INFO - Filling up the DagBag from /home/airflow/.local/lib/python3.7/site-packages/airflow/example_dags/example_complex.py
[2023-05-10T21:59:55.600+0000] {logging_mixin.py:149} INFO - [2023-05-10T21:59:55.600+0000] {taskmixin.py:211} WARNING - Dependency <Task(BashOperator): create_entry_group>, delete_entry_group already registered for DAG: example_complex
[2023-05-10T21:59:55.602+0000] {logging_mixin.py:149} INFO - [2023-05-10T21:59:55.601+0000] {taskmixin.py:211} WARNING - Dependency <Task(BashOperator): delete_entry_group>, create_entry_group already registered for DAG: example_complex
[2023-05-10T21:59:55.617+0000] {logging_mixin.py:149} INFO - [2023-05-10T21:59:55.616+0000] {taskmixin.py:211} WARNING - Dependency <Task(BashOperator): create_entry_gcs>, delete_entry already registered for DAG: example_complex
[2023-05-10T21:59:55.618+0000] {logging_mixin.py:149} INFO - [2023-05-10T21:59:55.618+0000] {taskmixin.py:211} WARNING - Dependency <Task(BashOperator): delete_entry>, create_entry_gcs already registered for DAG: example_complex
[2023-05-10T21:59:55.620+0000] {logging_mixin.py:149} INFO - [2023-05-10T21:59:55.620+0000] {taskmixin.py:211} WARNING - Dependency <Task(BashOperator): create_tag>, delete_tag already registered for DAG: example_complex
[2023-05-10T21:59:55.622+0000] {logging_mixin.py:149} INFO - [2023-05-10T21:59:55.621+0000] {taskmixin.py:211} WARNING - Dependency <Task(BashOperator): delete_tag>, create_tag already registered for DAG: example_complex
[2023-05-10T21:59:55.644+0000] {processor.py:809} INFO - DAG(s) dict_keys(['example_complex']) retrieved from /home/airflow/.local/lib/python3.7/site-packages/airflow/example_dags/example_complex.py
[2023-05-10T21:59:55.905+0000] {logging_mixin.py:149} INFO - [2023-05-10T21:59:55.903+0000] {dag.py:2726} INFO - Sync 1 DAGs
[2023-05-10T21:59:56.179+0000] {logging_mixin.py:149} INFO - [2023-05-10T21:59:56.179+0000] {dag.py:3490} INFO - Setting next_dagrun for example_complex to None, run_after=None
[2023-05-10T21:59:56.546+0000] {processor.py:178} INFO - Processing /home/airflow/.local/lib/python3.7/site-packages/airflow/example_dags/example_complex.py took 1.077 seconds
[2023-05-10T22:00:32.257+0000] {processor.py:156} INFO - Started process (PID=737) to work on /home/airflow/.local/lib/python3.7/site-packages/airflow/example_dags/example_complex.py
[2023-05-10T22:00:32.272+0000] {processor.py:799} INFO - Processing file /home/airflow/.local/lib/python3.7/site-packages/airflow/example_dags/example_complex.py for tasks to queue
[2023-05-10T22:00:32.291+0000] {logging_mixin.py:149} INFO - [2023-05-10T22:00:32.285+0000] {dagbag.py:541} INFO - Filling up the DagBag from /home/airflow/.local/lib/python3.7/site-packages/airflow/example_dags/example_complex.py
[2023-05-10T22:00:32.445+0000] {logging_mixin.py:149} INFO - [2023-05-10T22:00:32.444+0000] {taskmixin.py:211} WARNING - Dependency <Task(BashOperator): create_entry_group>, delete_entry_group already registered for DAG: example_complex
[2023-05-10T22:00:32.451+0000] {logging_mixin.py:149} INFO - [2023-05-10T22:00:32.450+0000] {taskmixin.py:211} WARNING - Dependency <Task(BashOperator): delete_entry_group>, create_entry_group already registered for DAG: example_complex
[2023-05-10T22:00:32.453+0000] {logging_mixin.py:149} INFO - [2023-05-10T22:00:32.452+0000] {taskmixin.py:211} WARNING - Dependency <Task(BashOperator): create_entry_gcs>, delete_entry already registered for DAG: example_complex
[2023-05-10T22:00:32.461+0000] {logging_mixin.py:149} INFO - [2023-05-10T22:00:32.460+0000] {taskmixin.py:211} WARNING - Dependency <Task(BashOperator): delete_entry>, create_entry_gcs already registered for DAG: example_complex
[2023-05-10T22:00:32.465+0000] {logging_mixin.py:149} INFO - [2023-05-10T22:00:32.464+0000] {taskmixin.py:211} WARNING - Dependency <Task(BashOperator): create_tag>, delete_tag already registered for DAG: example_complex
[2023-05-10T22:00:32.489+0000] {logging_mixin.py:149} INFO - [2023-05-10T22:00:32.488+0000] {taskmixin.py:211} WARNING - Dependency <Task(BashOperator): delete_tag>, create_tag already registered for DAG: example_complex
[2023-05-10T22:00:32.518+0000] {processor.py:809} INFO - DAG(s) dict_keys(['example_complex']) retrieved from /home/airflow/.local/lib/python3.7/site-packages/airflow/example_dags/example_complex.py
[2023-05-10T22:00:32.854+0000] {logging_mixin.py:149} INFO - [2023-05-10T22:00:32.854+0000] {dag.py:2726} INFO - Sync 1 DAGs
[2023-05-10T22:00:33.151+0000] {logging_mixin.py:149} INFO - [2023-05-10T22:00:33.150+0000] {dag.py:3490} INFO - Setting next_dagrun for example_complex to None, run_after=None
[2023-05-10T22:00:33.545+0000] {processor.py:178} INFO - Processing /home/airflow/.local/lib/python3.7/site-packages/airflow/example_dags/example_complex.py took 1.305 seconds
[2023-05-10T22:01:07.111+0000] {processor.py:156} INFO - Started process (PID=797) to work on /home/airflow/.local/lib/python3.7/site-packages/airflow/example_dags/example_complex.py
[2023-05-10T22:01:07.169+0000] {processor.py:799} INFO - Processing file /home/airflow/.local/lib/python3.7/site-packages/airflow/example_dags/example_complex.py for tasks to queue
[2023-05-10T22:01:07.180+0000] {logging_mixin.py:149} INFO - [2023-05-10T22:01:07.179+0000] {dagbag.py:541} INFO - Filling up the DagBag from /home/airflow/.local/lib/python3.7/site-packages/airflow/example_dags/example_complex.py
[2023-05-10T22:01:07.262+0000] {logging_mixin.py:149} INFO - [2023-05-10T22:01:07.262+0000] {taskmixin.py:211} WARNING - Dependency <Task(BashOperator): create_entry_group>, delete_entry_group already registered for DAG: example_complex
[2023-05-10T22:01:07.264+0000] {logging_mixin.py:149} INFO - [2023-05-10T22:01:07.264+0000] {taskmixin.py:211} WARNING - Dependency <Task(BashOperator): delete_entry_group>, create_entry_group already registered for DAG: example_complex
[2023-05-10T22:01:07.266+0000] {logging_mixin.py:149} INFO - [2023-05-10T22:01:07.265+0000] {taskmixin.py:211} WARNING - Dependency <Task(BashOperator): create_entry_gcs>, delete_entry already registered for DAG: example_complex
[2023-05-10T22:01:07.282+0000] {logging_mixin.py:149} INFO - [2023-05-10T22:01:07.281+0000] {taskmixin.py:211} WARNING - Dependency <Task(BashOperator): delete_entry>, create_entry_gcs already registered for DAG: example_complex
[2023-05-10T22:01:07.284+0000] {logging_mixin.py:149} INFO - [2023-05-10T22:01:07.284+0000] {taskmixin.py:211} WARNING - Dependency <Task(BashOperator): create_tag>, delete_tag already registered for DAG: example_complex
[2023-05-10T22:01:07.285+0000] {logging_mixin.py:149} INFO - [2023-05-10T22:01:07.285+0000] {taskmixin.py:211} WARNING - Dependency <Task(BashOperator): delete_tag>, create_tag already registered for DAG: example_complex
[2023-05-10T22:01:07.305+0000] {processor.py:809} INFO - DAG(s) dict_keys(['example_complex']) retrieved from /home/airflow/.local/lib/python3.7/site-packages/airflow/example_dags/example_complex.py
[2023-05-10T22:01:07.654+0000] {logging_mixin.py:149} INFO - [2023-05-10T22:01:07.654+0000] {dag.py:2726} INFO - Sync 1 DAGs
[2023-05-10T22:01:07.962+0000] {logging_mixin.py:149} INFO - [2023-05-10T22:01:07.962+0000] {dag.py:3490} INFO - Setting next_dagrun for example_complex to None, run_after=None
[2023-05-10T22:01:08.694+0000] {processor.py:178} INFO - Processing /home/airflow/.local/lib/python3.7/site-packages/airflow/example_dags/example_complex.py took 1.612 seconds
[2023-05-10T22:01:39.511+0000] {processor.py:156} INFO - Started process (PID=854) to work on /home/airflow/.local/lib/python3.7/site-packages/airflow/example_dags/example_complex.py
[2023-05-10T22:01:39.541+0000] {processor.py:799} INFO - Processing file /home/airflow/.local/lib/python3.7/site-packages/airflow/example_dags/example_complex.py for tasks to queue
[2023-05-10T22:01:39.549+0000] {logging_mixin.py:149} INFO - [2023-05-10T22:01:39.549+0000] {dagbag.py:541} INFO - Filling up the DagBag from /home/airflow/.local/lib/python3.7/site-packages/airflow/example_dags/example_complex.py
[2023-05-10T22:01:39.650+0000] {logging_mixin.py:149} INFO - [2023-05-10T22:01:39.649+0000] {taskmixin.py:211} WARNING - Dependency <Task(BashOperator): create_entry_group>, delete_entry_group already registered for DAG: example_complex
[2023-05-10T22:01:39.662+0000] {logging_mixin.py:149} INFO - [2023-05-10T22:01:39.657+0000] {taskmixin.py:211} WARNING - Dependency <Task(BashOperator): delete_entry_group>, create_entry_group already registered for DAG: example_complex
[2023-05-10T22:01:39.664+0000] {logging_mixin.py:149} INFO - [2023-05-10T22:01:39.664+0000] {taskmixin.py:211} WARNING - Dependency <Task(BashOperator): create_entry_gcs>, delete_entry already registered for DAG: example_complex
[2023-05-10T22:01:39.667+0000] {logging_mixin.py:149} INFO - [2023-05-10T22:01:39.667+0000] {taskmixin.py:211} WARNING - Dependency <Task(BashOperator): delete_entry>, create_entry_gcs already registered for DAG: example_complex
[2023-05-10T22:01:39.681+0000] {logging_mixin.py:149} INFO - [2023-05-10T22:01:39.681+0000] {taskmixin.py:211} WARNING - Dependency <Task(BashOperator): create_tag>, delete_tag already registered for DAG: example_complex
[2023-05-10T22:01:39.687+0000] {logging_mixin.py:149} INFO - [2023-05-10T22:01:39.687+0000] {taskmixin.py:211} WARNING - Dependency <Task(BashOperator): delete_tag>, create_tag already registered for DAG: example_complex
[2023-05-10T22:01:39.703+0000] {processor.py:809} INFO - DAG(s) dict_keys(['example_complex']) retrieved from /home/airflow/.local/lib/python3.7/site-packages/airflow/example_dags/example_complex.py
[2023-05-10T22:01:39.978+0000] {logging_mixin.py:149} INFO - [2023-05-10T22:01:39.977+0000] {dag.py:2726} INFO - Sync 1 DAGs
[2023-05-10T22:01:40.127+0000] {logging_mixin.py:149} INFO - [2023-05-10T22:01:40.126+0000] {dag.py:3490} INFO - Setting next_dagrun for example_complex to None, run_after=None
[2023-05-10T22:01:40.442+0000] {processor.py:178} INFO - Processing /home/airflow/.local/lib/python3.7/site-packages/airflow/example_dags/example_complex.py took 0.946 seconds
[2023-05-10T22:02:11.057+0000] {processor.py:156} INFO - Started process (PID=911) to work on /home/airflow/.local/lib/python3.7/site-packages/airflow/example_dags/example_complex.py
[2023-05-10T22:02:11.069+0000] {processor.py:799} INFO - Processing file /home/airflow/.local/lib/python3.7/site-packages/airflow/example_dags/example_complex.py for tasks to queue
[2023-05-10T22:02:11.074+0000] {logging_mixin.py:149} INFO - [2023-05-10T22:02:11.073+0000] {dagbag.py:541} INFO - Filling up the DagBag from /home/airflow/.local/lib/python3.7/site-packages/airflow/example_dags/example_complex.py
[2023-05-10T22:02:11.151+0000] {logging_mixin.py:149} INFO - [2023-05-10T22:02:11.150+0000] {taskmixin.py:211} WARNING - Dependency <Task(BashOperator): create_entry_group>, delete_entry_group already registered for DAG: example_complex
[2023-05-10T22:02:11.152+0000] {logging_mixin.py:149} INFO - [2023-05-10T22:02:11.152+0000] {taskmixin.py:211} WARNING - Dependency <Task(BashOperator): delete_entry_group>, create_entry_group already registered for DAG: example_complex
[2023-05-10T22:02:11.155+0000] {logging_mixin.py:149} INFO - [2023-05-10T22:02:11.154+0000] {taskmixin.py:211} WARNING - Dependency <Task(BashOperator): create_entry_gcs>, delete_entry already registered for DAG: example_complex
[2023-05-10T22:02:11.157+0000] {logging_mixin.py:149} INFO - [2023-05-10T22:02:11.156+0000] {taskmixin.py:211} WARNING - Dependency <Task(BashOperator): delete_entry>, create_entry_gcs already registered for DAG: example_complex
[2023-05-10T22:02:11.167+0000] {logging_mixin.py:149} INFO - [2023-05-10T22:02:11.166+0000] {taskmixin.py:211} WARNING - Dependency <Task(BashOperator): create_tag>, delete_tag already registered for DAG: example_complex
[2023-05-10T22:02:11.170+0000] {logging_mixin.py:149} INFO - [2023-05-10T22:02:11.170+0000] {taskmixin.py:211} WARNING - Dependency <Task(BashOperator): delete_tag>, create_tag already registered for DAG: example_complex
[2023-05-10T22:02:11.188+0000] {processor.py:809} INFO - DAG(s) dict_keys(['example_complex']) retrieved from /home/airflow/.local/lib/python3.7/site-packages/airflow/example_dags/example_complex.py
[2023-05-10T22:02:11.434+0000] {logging_mixin.py:149} INFO - [2023-05-10T22:02:11.433+0000] {dag.py:2726} INFO - Sync 1 DAGs
[2023-05-10T22:02:11.592+0000] {logging_mixin.py:149} INFO - [2023-05-10T22:02:11.589+0000] {dag.py:3490} INFO - Setting next_dagrun for example_complex to None, run_after=None
[2023-05-10T22:02:11.809+0000] {processor.py:178} INFO - Processing /home/airflow/.local/lib/python3.7/site-packages/airflow/example_dags/example_complex.py took 0.769 seconds
[2023-05-10T22:02:48.701+0000] {processor.py:156} INFO - Started process (PID=977) to work on /home/airflow/.local/lib/python3.7/site-packages/airflow/example_dags/example_complex.py
[2023-05-10T22:02:48.719+0000] {processor.py:799} INFO - Processing file /home/airflow/.local/lib/python3.7/site-packages/airflow/example_dags/example_complex.py for tasks to queue
[2023-05-10T22:02:48.735+0000] {logging_mixin.py:149} INFO - [2023-05-10T22:02:48.733+0000] {dagbag.py:541} INFO - Filling up the DagBag from /home/airflow/.local/lib/python3.7/site-packages/airflow/example_dags/example_complex.py
[2023-05-10T22:02:48.788+0000] {logging_mixin.py:149} INFO - [2023-05-10T22:02:48.787+0000] {taskmixin.py:211} WARNING - Dependency <Task(BashOperator): create_entry_group>, delete_entry_group already registered for DAG: example_complex
[2023-05-10T22:02:48.789+0000] {logging_mixin.py:149} INFO - [2023-05-10T22:02:48.789+0000] {taskmixin.py:211} WARNING - Dependency <Task(BashOperator): delete_entry_group>, create_entry_group already registered for DAG: example_complex
[2023-05-10T22:02:48.792+0000] {logging_mixin.py:149} INFO - [2023-05-10T22:02:48.791+0000] {taskmixin.py:211} WARNING - Dependency <Task(BashOperator): create_entry_gcs>, delete_entry already registered for DAG: example_complex
[2023-05-10T22:02:48.793+0000] {logging_mixin.py:149} INFO - [2023-05-10T22:02:48.793+0000] {taskmixin.py:211} WARNING - Dependency <Task(BashOperator): delete_entry>, create_entry_gcs already registered for DAG: example_complex
[2023-05-10T22:02:48.796+0000] {logging_mixin.py:149} INFO - [2023-05-10T22:02:48.795+0000] {taskmixin.py:211} WARNING - Dependency <Task(BashOperator): create_tag>, delete_tag already registered for DAG: example_complex
[2023-05-10T22:02:48.798+0000] {logging_mixin.py:149} INFO - [2023-05-10T22:02:48.798+0000] {taskmixin.py:211} WARNING - Dependency <Task(BashOperator): delete_tag>, create_tag already registered for DAG: example_complex
[2023-05-10T22:02:48.807+0000] {processor.py:809} INFO - DAG(s) dict_keys(['example_complex']) retrieved from /home/airflow/.local/lib/python3.7/site-packages/airflow/example_dags/example_complex.py
[2023-05-10T22:02:49.016+0000] {logging_mixin.py:149} INFO - [2023-05-10T22:02:49.016+0000] {dag.py:2726} INFO - Sync 1 DAGs
[2023-05-10T22:02:49.175+0000] {logging_mixin.py:149} INFO - [2023-05-10T22:02:49.175+0000] {dag.py:3490} INFO - Setting next_dagrun for example_complex to None, run_after=None
[2023-05-10T22:02:49.447+0000] {processor.py:178} INFO - Processing /home/airflow/.local/lib/python3.7/site-packages/airflow/example_dags/example_complex.py took 0.755 seconds
[2023-05-10T22:03:21.198+0000] {processor.py:156} INFO - Started process (PID=1033) to work on /home/airflow/.local/lib/python3.7/site-packages/airflow/example_dags/example_complex.py
[2023-05-10T22:03:21.204+0000] {processor.py:799} INFO - Processing file /home/airflow/.local/lib/python3.7/site-packages/airflow/example_dags/example_complex.py for tasks to queue
[2023-05-10T22:03:21.207+0000] {logging_mixin.py:149} INFO - [2023-05-10T22:03:21.206+0000] {dagbag.py:541} INFO - Filling up the DagBag from /home/airflow/.local/lib/python3.7/site-packages/airflow/example_dags/example_complex.py
[2023-05-10T22:03:21.290+0000] {logging_mixin.py:149} INFO - [2023-05-10T22:03:21.290+0000] {taskmixin.py:211} WARNING - Dependency <Task(BashOperator): create_entry_group>, delete_entry_group already registered for DAG: example_complex
[2023-05-10T22:03:21.292+0000] {logging_mixin.py:149} INFO - [2023-05-10T22:03:21.291+0000] {taskmixin.py:211} WARNING - Dependency <Task(BashOperator): delete_entry_group>, create_entry_group already registered for DAG: example_complex
[2023-05-10T22:03:21.296+0000] {logging_mixin.py:149} INFO - [2023-05-10T22:03:21.295+0000] {taskmixin.py:211} WARNING - Dependency <Task(BashOperator): create_entry_gcs>, delete_entry already registered for DAG: example_complex
[2023-05-10T22:03:21.297+0000] {logging_mixin.py:149} INFO - [2023-05-10T22:03:21.297+0000] {taskmixin.py:211} WARNING - Dependency <Task(BashOperator): delete_entry>, create_entry_gcs already registered for DAG: example_complex
[2023-05-10T22:03:21.299+0000] {logging_mixin.py:149} INFO - [2023-05-10T22:03:21.299+0000] {taskmixin.py:211} WARNING - Dependency <Task(BashOperator): create_tag>, delete_tag already registered for DAG: example_complex
[2023-05-10T22:03:21.302+0000] {logging_mixin.py:149} INFO - [2023-05-10T22:03:21.301+0000] {taskmixin.py:211} WARNING - Dependency <Task(BashOperator): delete_tag>, create_tag already registered for DAG: example_complex
[2023-05-10T22:03:21.313+0000] {processor.py:809} INFO - DAG(s) dict_keys(['example_complex']) retrieved from /home/airflow/.local/lib/python3.7/site-packages/airflow/example_dags/example_complex.py
[2023-05-10T22:03:21.564+0000] {logging_mixin.py:149} INFO - [2023-05-10T22:03:21.564+0000] {dag.py:2726} INFO - Sync 1 DAGs
[2023-05-10T22:03:21.747+0000] {logging_mixin.py:149} INFO - [2023-05-10T22:03:21.747+0000] {dag.py:3490} INFO - Setting next_dagrun for example_complex to None, run_after=None
[2023-05-10T22:03:22.075+0000] {processor.py:178} INFO - Processing /home/airflow/.local/lib/python3.7/site-packages/airflow/example_dags/example_complex.py took 0.895 seconds
[2023-05-10T22:03:58.972+0000] {processor.py:156} INFO - Started process (PID=1093) to work on /home/airflow/.local/lib/python3.7/site-packages/airflow/example_dags/example_complex.py
[2023-05-10T22:03:58.978+0000] {processor.py:799} INFO - Processing file /home/airflow/.local/lib/python3.7/site-packages/airflow/example_dags/example_complex.py for tasks to queue
[2023-05-10T22:03:58.980+0000] {logging_mixin.py:149} INFO - [2023-05-10T22:03:58.980+0000] {dagbag.py:541} INFO - Filling up the DagBag from /home/airflow/.local/lib/python3.7/site-packages/airflow/example_dags/example_complex.py
[2023-05-10T22:03:59.086+0000] {logging_mixin.py:149} INFO - [2023-05-10T22:03:59.085+0000] {taskmixin.py:211} WARNING - Dependency <Task(BashOperator): create_entry_group>, delete_entry_group already registered for DAG: example_complex
[2023-05-10T22:03:59.087+0000] {logging_mixin.py:149} INFO - [2023-05-10T22:03:59.087+0000] {taskmixin.py:211} WARNING - Dependency <Task(BashOperator): delete_entry_group>, create_entry_group already registered for DAG: example_complex
[2023-05-10T22:03:59.089+0000] {logging_mixin.py:149} INFO - [2023-05-10T22:03:59.089+0000] {taskmixin.py:211} WARNING - Dependency <Task(BashOperator): create_entry_gcs>, delete_entry already registered for DAG: example_complex
[2023-05-10T22:03:59.092+0000] {logging_mixin.py:149} INFO - [2023-05-10T22:03:59.092+0000] {taskmixin.py:211} WARNING - Dependency <Task(BashOperator): delete_entry>, create_entry_gcs already registered for DAG: example_complex
[2023-05-10T22:03:59.110+0000] {logging_mixin.py:149} INFO - [2023-05-10T22:03:59.109+0000] {taskmixin.py:211} WARNING - Dependency <Task(BashOperator): create_tag>, delete_tag already registered for DAG: example_complex
[2023-05-10T22:03:59.115+0000] {logging_mixin.py:149} INFO - [2023-05-10T22:03:59.114+0000] {taskmixin.py:211} WARNING - Dependency <Task(BashOperator): delete_tag>, create_tag already registered for DAG: example_complex
[2023-05-10T22:03:59.129+0000] {processor.py:809} INFO - DAG(s) dict_keys(['example_complex']) retrieved from /home/airflow/.local/lib/python3.7/site-packages/airflow/example_dags/example_complex.py
[2023-05-10T22:03:59.391+0000] {logging_mixin.py:149} INFO - [2023-05-10T22:03:59.390+0000] {dag.py:2726} INFO - Sync 1 DAGs
[2023-05-10T22:03:59.598+0000] {logging_mixin.py:149} INFO - [2023-05-10T22:03:59.597+0000] {dag.py:3490} INFO - Setting next_dagrun for example_complex to None, run_after=None
[2023-05-10T22:03:59.812+0000] {processor.py:178} INFO - Processing /home/airflow/.local/lib/python3.7/site-packages/airflow/example_dags/example_complex.py took 0.852 seconds
[2023-05-10T22:04:35.216+0000] {processor.py:156} INFO - Started process (PID=1151) to work on /home/airflow/.local/lib/python3.7/site-packages/airflow/example_dags/example_complex.py
[2023-05-10T22:04:35.229+0000] {processor.py:799} INFO - Processing file /home/airflow/.local/lib/python3.7/site-packages/airflow/example_dags/example_complex.py for tasks to queue
[2023-05-10T22:04:35.232+0000] {logging_mixin.py:149} INFO - [2023-05-10T22:04:35.231+0000] {dagbag.py:541} INFO - Filling up the DagBag from /home/airflow/.local/lib/python3.7/site-packages/airflow/example_dags/example_complex.py
[2023-05-10T22:04:35.312+0000] {logging_mixin.py:149} INFO - [2023-05-10T22:04:35.310+0000] {taskmixin.py:211} WARNING - Dependency <Task(BashOperator): create_entry_group>, delete_entry_group already registered for DAG: example_complex
[2023-05-10T22:04:35.320+0000] {logging_mixin.py:149} INFO - [2023-05-10T22:04:35.320+0000] {taskmixin.py:211} WARNING - Dependency <Task(BashOperator): delete_entry_group>, create_entry_group already registered for DAG: example_complex
[2023-05-10T22:04:35.322+0000] {logging_mixin.py:149} INFO - [2023-05-10T22:04:35.322+0000] {taskmixin.py:211} WARNING - Dependency <Task(BashOperator): create_entry_gcs>, delete_entry already registered for DAG: example_complex
[2023-05-10T22:04:35.342+0000] {logging_mixin.py:149} INFO - [2023-05-10T22:04:35.341+0000] {taskmixin.py:211} WARNING - Dependency <Task(BashOperator): delete_entry>, create_entry_gcs already registered for DAG: example_complex
[2023-05-10T22:04:35.360+0000] {logging_mixin.py:149} INFO - [2023-05-10T22:04:35.360+0000] {taskmixin.py:211} WARNING - Dependency <Task(BashOperator): create_tag>, delete_tag already registered for DAG: example_complex
[2023-05-10T22:04:35.363+0000] {logging_mixin.py:149} INFO - [2023-05-10T22:04:35.363+0000] {taskmixin.py:211} WARNING - Dependency <Task(BashOperator): delete_tag>, create_tag already registered for DAG: example_complex
[2023-05-10T22:04:35.384+0000] {processor.py:809} INFO - DAG(s) dict_keys(['example_complex']) retrieved from /home/airflow/.local/lib/python3.7/site-packages/airflow/example_dags/example_complex.py
[2023-05-10T22:04:35.717+0000] {logging_mixin.py:149} INFO - [2023-05-10T22:04:35.717+0000] {dag.py:2726} INFO - Sync 1 DAGs
[2023-05-10T22:04:35.860+0000] {logging_mixin.py:149} INFO - [2023-05-10T22:04:35.859+0000] {dag.py:3490} INFO - Setting next_dagrun for example_complex to None, run_after=None
[2023-05-10T22:04:36.086+0000] {processor.py:178} INFO - Processing /home/airflow/.local/lib/python3.7/site-packages/airflow/example_dags/example_complex.py took 0.892 seconds
[2023-05-10T22:05:07.062+0000] {processor.py:156} INFO - Started process (PID=1207) to work on /home/airflow/.local/lib/python3.7/site-packages/airflow/example_dags/example_complex.py
[2023-05-10T22:05:07.065+0000] {processor.py:799} INFO - Processing file /home/airflow/.local/lib/python3.7/site-packages/airflow/example_dags/example_complex.py for tasks to queue
[2023-05-10T22:05:07.067+0000] {logging_mixin.py:149} INFO - [2023-05-10T22:05:07.067+0000] {dagbag.py:541} INFO - Filling up the DagBag from /home/airflow/.local/lib/python3.7/site-packages/airflow/example_dags/example_complex.py
[2023-05-10T22:05:07.152+0000] {logging_mixin.py:149} INFO - [2023-05-10T22:05:07.152+0000] {taskmixin.py:211} WARNING - Dependency <Task(BashOperator): create_entry_group>, delete_entry_group already registered for DAG: example_complex
[2023-05-10T22:05:07.164+0000] {logging_mixin.py:149} INFO - [2023-05-10T22:05:07.163+0000] {taskmixin.py:211} WARNING - Dependency <Task(BashOperator): delete_entry_group>, create_entry_group already registered for DAG: example_complex
[2023-05-10T22:05:07.166+0000] {logging_mixin.py:149} INFO - [2023-05-10T22:05:07.165+0000] {taskmixin.py:211} WARNING - Dependency <Task(BashOperator): create_entry_gcs>, delete_entry already registered for DAG: example_complex
[2023-05-10T22:05:07.167+0000] {logging_mixin.py:149} INFO - [2023-05-10T22:05:07.167+0000] {taskmixin.py:211} WARNING - Dependency <Task(BashOperator): delete_entry>, create_entry_gcs already registered for DAG: example_complex
[2023-05-10T22:05:07.179+0000] {logging_mixin.py:149} INFO - [2023-05-10T22:05:07.169+0000] {taskmixin.py:211} WARNING - Dependency <Task(BashOperator): create_tag>, delete_tag already registered for DAG: example_complex
[2023-05-10T22:05:07.181+0000] {logging_mixin.py:149} INFO - [2023-05-10T22:05:07.180+0000] {taskmixin.py:211} WARNING - Dependency <Task(BashOperator): delete_tag>, create_tag already registered for DAG: example_complex
[2023-05-10T22:05:07.197+0000] {processor.py:809} INFO - DAG(s) dict_keys(['example_complex']) retrieved from /home/airflow/.local/lib/python3.7/site-packages/airflow/example_dags/example_complex.py
[2023-05-10T22:05:07.346+0000] {logging_mixin.py:149} INFO - [2023-05-10T22:05:07.346+0000] {dag.py:2726} INFO - Sync 1 DAGs
[2023-05-10T22:05:07.456+0000] {logging_mixin.py:149} INFO - [2023-05-10T22:05:07.455+0000] {dag.py:3490} INFO - Setting next_dagrun for example_complex to None, run_after=None
[2023-05-10T22:05:07.573+0000] {processor.py:178} INFO - Processing /home/airflow/.local/lib/python3.7/site-packages/airflow/example_dags/example_complex.py took 0.531 seconds
[2023-05-10T22:05:40.521+0000] {processor.py:156} INFO - Started process (PID=1264) to work on /home/airflow/.local/lib/python3.7/site-packages/airflow/example_dags/example_complex.py
[2023-05-10T22:05:40.523+0000] {processor.py:799} INFO - Processing file /home/airflow/.local/lib/python3.7/site-packages/airflow/example_dags/example_complex.py for tasks to queue
[2023-05-10T22:05:40.527+0000] {logging_mixin.py:149} INFO - [2023-05-10T22:05:40.526+0000] {dagbag.py:541} INFO - Filling up the DagBag from /home/airflow/.local/lib/python3.7/site-packages/airflow/example_dags/example_complex.py
[2023-05-10T22:05:40.613+0000] {logging_mixin.py:149} INFO - [2023-05-10T22:05:40.613+0000] {taskmixin.py:211} WARNING - Dependency <Task(BashOperator): create_entry_group>, delete_entry_group already registered for DAG: example_complex
[2023-05-10T22:05:40.616+0000] {logging_mixin.py:149} INFO - [2023-05-10T22:05:40.615+0000] {taskmixin.py:211} WARNING - Dependency <Task(BashOperator): delete_entry_group>, create_entry_group already registered for DAG: example_complex
[2023-05-10T22:05:40.633+0000] {logging_mixin.py:149} INFO - [2023-05-10T22:05:40.633+0000] {taskmixin.py:211} WARNING - Dependency <Task(BashOperator): create_entry_gcs>, delete_entry already registered for DAG: example_complex
[2023-05-10T22:05:40.635+0000] {logging_mixin.py:149} INFO - [2023-05-10T22:05:40.634+0000] {taskmixin.py:211} WARNING - Dependency <Task(BashOperator): delete_entry>, create_entry_gcs already registered for DAG: example_complex
[2023-05-10T22:05:40.638+0000] {logging_mixin.py:149} INFO - [2023-05-10T22:05:40.637+0000] {taskmixin.py:211} WARNING - Dependency <Task(BashOperator): create_tag>, delete_tag already registered for DAG: example_complex
[2023-05-10T22:05:40.648+0000] {logging_mixin.py:149} INFO - [2023-05-10T22:05:40.639+0000] {taskmixin.py:211} WARNING - Dependency <Task(BashOperator): delete_tag>, create_tag already registered for DAG: example_complex
[2023-05-10T22:05:40.655+0000] {processor.py:809} INFO - DAG(s) dict_keys(['example_complex']) retrieved from /home/airflow/.local/lib/python3.7/site-packages/airflow/example_dags/example_complex.py
[2023-05-10T22:05:40.893+0000] {logging_mixin.py:149} INFO - [2023-05-10T22:05:40.892+0000] {dag.py:2726} INFO - Sync 1 DAGs
[2023-05-10T22:05:41.031+0000] {logging_mixin.py:149} INFO - [2023-05-10T22:05:41.031+0000] {dag.py:3490} INFO - Setting next_dagrun for example_complex to None, run_after=None
[2023-05-10T22:05:41.195+0000] {processor.py:178} INFO - Processing /home/airflow/.local/lib/python3.7/site-packages/airflow/example_dags/example_complex.py took 0.693 seconds
[2023-05-10T22:06:14.499+0000] {processor.py:156} INFO - Started process (PID=1321) to work on /home/airflow/.local/lib/python3.7/site-packages/airflow/example_dags/example_complex.py
[2023-05-10T22:06:14.510+0000] {processor.py:799} INFO - Processing file /home/airflow/.local/lib/python3.7/site-packages/airflow/example_dags/example_complex.py for tasks to queue
[2023-05-10T22:06:14.513+0000] {logging_mixin.py:149} INFO - [2023-05-10T22:06:14.513+0000] {dagbag.py:541} INFO - Filling up the DagBag from /home/airflow/.local/lib/python3.7/site-packages/airflow/example_dags/example_complex.py
[2023-05-10T22:06:14.592+0000] {logging_mixin.py:149} INFO - [2023-05-10T22:06:14.591+0000] {taskmixin.py:211} WARNING - Dependency <Task(BashOperator): create_entry_group>, delete_entry_group already registered for DAG: example_complex
[2023-05-10T22:06:14.597+0000] {logging_mixin.py:149} INFO - [2023-05-10T22:06:14.597+0000] {taskmixin.py:211} WARNING - Dependency <Task(BashOperator): delete_entry_group>, create_entry_group already registered for DAG: example_complex
[2023-05-10T22:06:14.599+0000] {logging_mixin.py:149} INFO - [2023-05-10T22:06:14.599+0000] {taskmixin.py:211} WARNING - Dependency <Task(BashOperator): create_entry_gcs>, delete_entry already registered for DAG: example_complex
[2023-05-10T22:06:14.601+0000] {logging_mixin.py:149} INFO - [2023-05-10T22:06:14.601+0000] {taskmixin.py:211} WARNING - Dependency <Task(BashOperator): delete_entry>, create_entry_gcs already registered for DAG: example_complex
[2023-05-10T22:06:14.604+0000] {logging_mixin.py:149} INFO - [2023-05-10T22:06:14.603+0000] {taskmixin.py:211} WARNING - Dependency <Task(BashOperator): create_tag>, delete_tag already registered for DAG: example_complex
[2023-05-10T22:06:14.605+0000] {logging_mixin.py:149} INFO - [2023-05-10T22:06:14.605+0000] {taskmixin.py:211} WARNING - Dependency <Task(BashOperator): delete_tag>, create_tag already registered for DAG: example_complex
[2023-05-10T22:06:14.619+0000] {processor.py:809} INFO - DAG(s) dict_keys(['example_complex']) retrieved from /home/airflow/.local/lib/python3.7/site-packages/airflow/example_dags/example_complex.py
[2023-05-10T22:06:14.896+0000] {logging_mixin.py:149} INFO - [2023-05-10T22:06:14.895+0000] {dag.py:2726} INFO - Sync 1 DAGs
[2023-05-10T22:06:15.065+0000] {logging_mixin.py:149} INFO - [2023-05-10T22:06:15.065+0000] {dag.py:3490} INFO - Setting next_dagrun for example_complex to None, run_after=None
[2023-05-10T22:06:15.236+0000] {processor.py:178} INFO - Processing /home/airflow/.local/lib/python3.7/site-packages/airflow/example_dags/example_complex.py took 0.751 seconds
[2023-05-10T22:06:48.762+0000] {processor.py:156} INFO - Started process (PID=1379) to work on /home/airflow/.local/lib/python3.7/site-packages/airflow/example_dags/example_complex.py
[2023-05-10T22:06:48.764+0000] {processor.py:799} INFO - Processing file /home/airflow/.local/lib/python3.7/site-packages/airflow/example_dags/example_complex.py for tasks to queue
[2023-05-10T22:06:48.767+0000] {logging_mixin.py:149} INFO - [2023-05-10T22:06:48.767+0000] {dagbag.py:541} INFO - Filling up the DagBag from /home/airflow/.local/lib/python3.7/site-packages/airflow/example_dags/example_complex.py
[2023-05-10T22:06:48.858+0000] {logging_mixin.py:149} INFO - [2023-05-10T22:06:48.858+0000] {taskmixin.py:211} WARNING - Dependency <Task(BashOperator): create_entry_group>, delete_entry_group already registered for DAG: example_complex
[2023-05-10T22:06:48.860+0000] {logging_mixin.py:149} INFO - [2023-05-10T22:06:48.860+0000] {taskmixin.py:211} WARNING - Dependency <Task(BashOperator): delete_entry_group>, create_entry_group already registered for DAG: example_complex
[2023-05-10T22:06:48.862+0000] {logging_mixin.py:149} INFO - [2023-05-10T22:06:48.861+0000] {taskmixin.py:211} WARNING - Dependency <Task(BashOperator): create_entry_gcs>, delete_entry already registered for DAG: example_complex
[2023-05-10T22:06:48.863+0000] {logging_mixin.py:149} INFO - [2023-05-10T22:06:48.863+0000] {taskmixin.py:211} WARNING - Dependency <Task(BashOperator): delete_entry>, create_entry_gcs already registered for DAG: example_complex
[2023-05-10T22:06:48.874+0000] {logging_mixin.py:149} INFO - [2023-05-10T22:06:48.874+0000] {taskmixin.py:211} WARNING - Dependency <Task(BashOperator): create_tag>, delete_tag already registered for DAG: example_complex
[2023-05-10T22:06:48.876+0000] {logging_mixin.py:149} INFO - [2023-05-10T22:06:48.876+0000] {taskmixin.py:211} WARNING - Dependency <Task(BashOperator): delete_tag>, create_tag already registered for DAG: example_complex
[2023-05-10T22:06:48.883+0000] {processor.py:809} INFO - DAG(s) dict_keys(['example_complex']) retrieved from /home/airflow/.local/lib/python3.7/site-packages/airflow/example_dags/example_complex.py
[2023-05-10T22:06:49.056+0000] {logging_mixin.py:149} INFO - [2023-05-10T22:06:49.055+0000] {dag.py:2726} INFO - Sync 1 DAGs
[2023-05-10T22:06:49.272+0000] {logging_mixin.py:149} INFO - [2023-05-10T22:06:49.272+0000] {dag.py:3490} INFO - Setting next_dagrun for example_complex to None, run_after=None
[2023-05-10T22:06:49.431+0000] {processor.py:178} INFO - Processing /home/airflow/.local/lib/python3.7/site-packages/airflow/example_dags/example_complex.py took 0.685 seconds
[2023-05-10T22:07:21.512+0000] {processor.py:156} INFO - Started process (PID=1431) to work on /home/airflow/.local/lib/python3.7/site-packages/airflow/example_dags/example_complex.py
[2023-05-10T22:07:21.524+0000] {processor.py:799} INFO - Processing file /home/airflow/.local/lib/python3.7/site-packages/airflow/example_dags/example_complex.py for tasks to queue
[2023-05-10T22:07:21.527+0000] {logging_mixin.py:149} INFO - [2023-05-10T22:07:21.527+0000] {dagbag.py:541} INFO - Filling up the DagBag from /home/airflow/.local/lib/python3.7/site-packages/airflow/example_dags/example_complex.py
[2023-05-10T22:07:21.620+0000] {logging_mixin.py:149} INFO - [2023-05-10T22:07:21.620+0000] {taskmixin.py:211} WARNING - Dependency <Task(BashOperator): create_entry_group>, delete_entry_group already registered for DAG: example_complex
[2023-05-10T22:07:21.647+0000] {logging_mixin.py:149} INFO - [2023-05-10T22:07:21.629+0000] {taskmixin.py:211} WARNING - Dependency <Task(BashOperator): delete_entry_group>, create_entry_group already registered for DAG: example_complex
[2023-05-10T22:07:21.652+0000] {logging_mixin.py:149} INFO - [2023-05-10T22:07:21.651+0000] {taskmixin.py:211} WARNING - Dependency <Task(BashOperator): create_entry_gcs>, delete_entry already registered for DAG: example_complex
[2023-05-10T22:07:21.672+0000] {logging_mixin.py:149} INFO - [2023-05-10T22:07:21.672+0000] {taskmixin.py:211} WARNING - Dependency <Task(BashOperator): delete_entry>, create_entry_gcs already registered for DAG: example_complex
[2023-05-10T22:07:21.675+0000] {logging_mixin.py:149} INFO - [2023-05-10T22:07:21.674+0000] {taskmixin.py:211} WARNING - Dependency <Task(BashOperator): create_tag>, delete_tag already registered for DAG: example_complex
[2023-05-10T22:07:21.685+0000] {logging_mixin.py:149} INFO - [2023-05-10T22:07:21.678+0000] {taskmixin.py:211} WARNING - Dependency <Task(BashOperator): delete_tag>, create_tag already registered for DAG: example_complex
[2023-05-10T22:07:21.726+0000] {processor.py:809} INFO - DAG(s) dict_keys(['example_complex']) retrieved from /home/airflow/.local/lib/python3.7/site-packages/airflow/example_dags/example_complex.py
[2023-05-10T22:07:22.177+0000] {logging_mixin.py:149} INFO - [2023-05-10T22:07:22.177+0000] {dag.py:2726} INFO - Sync 1 DAGs
[2023-05-10T22:07:22.488+0000] {logging_mixin.py:149} INFO - [2023-05-10T22:07:22.488+0000] {dag.py:3490} INFO - Setting next_dagrun for example_complex to None, run_after=None
[2023-05-10T22:07:22.904+0000] {processor.py:178} INFO - Processing /home/airflow/.local/lib/python3.7/site-packages/airflow/example_dags/example_complex.py took 1.401 seconds
[2023-05-10T22:07:53.243+0000] {processor.py:156} INFO - Started process (PID=1487) to work on /home/airflow/.local/lib/python3.7/site-packages/airflow/example_dags/example_complex.py
[2023-05-10T22:07:53.246+0000] {processor.py:799} INFO - Processing file /home/airflow/.local/lib/python3.7/site-packages/airflow/example_dags/example_complex.py for tasks to queue
[2023-05-10T22:07:53.248+0000] {logging_mixin.py:149} INFO - [2023-05-10T22:07:53.248+0000] {dagbag.py:541} INFO - Filling up the DagBag from /home/airflow/.local/lib/python3.7/site-packages/airflow/example_dags/example_complex.py
[2023-05-10T22:07:53.318+0000] {logging_mixin.py:149} INFO - [2023-05-10T22:07:53.317+0000] {taskmixin.py:211} WARNING - Dependency <Task(BashOperator): create_entry_group>, delete_entry_group already registered for DAG: example_complex
[2023-05-10T22:07:53.321+0000] {logging_mixin.py:149} INFO - [2023-05-10T22:07:53.321+0000] {taskmixin.py:211} WARNING - Dependency <Task(BashOperator): delete_entry_group>, create_entry_group already registered for DAG: example_complex
[2023-05-10T22:07:53.324+0000] {logging_mixin.py:149} INFO - [2023-05-10T22:07:53.323+0000] {taskmixin.py:211} WARNING - Dependency <Task(BashOperator): create_entry_gcs>, delete_entry already registered for DAG: example_complex
[2023-05-10T22:07:53.333+0000] {logging_mixin.py:149} INFO - [2023-05-10T22:07:53.330+0000] {taskmixin.py:211} WARNING - Dependency <Task(BashOperator): delete_entry>, create_entry_gcs already registered for DAG: example_complex
[2023-05-10T22:07:53.336+0000] {logging_mixin.py:149} INFO - [2023-05-10T22:07:53.336+0000] {taskmixin.py:211} WARNING - Dependency <Task(BashOperator): create_tag>, delete_tag already registered for DAG: example_complex
[2023-05-10T22:07:53.338+0000] {logging_mixin.py:149} INFO - [2023-05-10T22:07:53.337+0000] {taskmixin.py:211} WARNING - Dependency <Task(BashOperator): delete_tag>, create_tag already registered for DAG: example_complex
[2023-05-10T22:07:53.355+0000] {processor.py:809} INFO - DAG(s) dict_keys(['example_complex']) retrieved from /home/airflow/.local/lib/python3.7/site-packages/airflow/example_dags/example_complex.py
[2023-05-10T22:07:53.725+0000] {logging_mixin.py:149} INFO - [2023-05-10T22:07:53.725+0000] {dag.py:2726} INFO - Sync 1 DAGs
[2023-05-10T22:07:53.900+0000] {logging_mixin.py:149} INFO - [2023-05-10T22:07:53.900+0000] {dag.py:3490} INFO - Setting next_dagrun for example_complex to None, run_after=None
[2023-05-10T22:07:54.337+0000] {processor.py:178} INFO - Processing /home/airflow/.local/lib/python3.7/site-packages/airflow/example_dags/example_complex.py took 1.111 seconds
[2023-05-10T22:08:24.650+0000] {processor.py:156} INFO - Started process (PID=1543) to work on /home/airflow/.local/lib/python3.7/site-packages/airflow/example_dags/example_complex.py
[2023-05-10T22:08:24.656+0000] {processor.py:799} INFO - Processing file /home/airflow/.local/lib/python3.7/site-packages/airflow/example_dags/example_complex.py for tasks to queue
[2023-05-10T22:08:24.659+0000] {logging_mixin.py:149} INFO - [2023-05-10T22:08:24.659+0000] {dagbag.py:541} INFO - Filling up the DagBag from /home/airflow/.local/lib/python3.7/site-packages/airflow/example_dags/example_complex.py
[2023-05-10T22:08:24.758+0000] {logging_mixin.py:149} INFO - [2023-05-10T22:08:24.757+0000] {taskmixin.py:211} WARNING - Dependency <Task(BashOperator): create_entry_group>, delete_entry_group already registered for DAG: example_complex
[2023-05-10T22:08:24.759+0000] {logging_mixin.py:149} INFO - [2023-05-10T22:08:24.759+0000] {taskmixin.py:211} WARNING - Dependency <Task(BashOperator): delete_entry_group>, create_entry_group already registered for DAG: example_complex
[2023-05-10T22:08:24.761+0000] {logging_mixin.py:149} INFO - [2023-05-10T22:08:24.761+0000] {taskmixin.py:211} WARNING - Dependency <Task(BashOperator): create_entry_gcs>, delete_entry already registered for DAG: example_complex
[2023-05-10T22:08:24.762+0000] {logging_mixin.py:149} INFO - [2023-05-10T22:08:24.762+0000] {taskmixin.py:211} WARNING - Dependency <Task(BashOperator): delete_entry>, create_entry_gcs already registered for DAG: example_complex
[2023-05-10T22:08:24.765+0000] {logging_mixin.py:149} INFO - [2023-05-10T22:08:24.764+0000] {taskmixin.py:211} WARNING - Dependency <Task(BashOperator): create_tag>, delete_tag already registered for DAG: example_complex
[2023-05-10T22:08:24.766+0000] {logging_mixin.py:149} INFO - [2023-05-10T22:08:24.766+0000] {taskmixin.py:211} WARNING - Dependency <Task(BashOperator): delete_tag>, create_tag already registered for DAG: example_complex
[2023-05-10T22:08:24.776+0000] {processor.py:809} INFO - DAG(s) dict_keys(['example_complex']) retrieved from /home/airflow/.local/lib/python3.7/site-packages/airflow/example_dags/example_complex.py
[2023-05-10T22:08:24.942+0000] {logging_mixin.py:149} INFO - [2023-05-10T22:08:24.941+0000] {dag.py:2726} INFO - Sync 1 DAGs
[2023-05-10T22:08:25.097+0000] {logging_mixin.py:149} INFO - [2023-05-10T22:08:25.097+0000] {dag.py:3490} INFO - Setting next_dagrun for example_complex to None, run_after=None
[2023-05-10T22:08:25.406+0000] {processor.py:178} INFO - Processing /home/airflow/.local/lib/python3.7/site-packages/airflow/example_dags/example_complex.py took 0.771 seconds
[2023-05-10T22:08:55.899+0000] {processor.py:156} INFO - Started process (PID=1599) to work on /home/airflow/.local/lib/python3.7/site-packages/airflow/example_dags/example_complex.py
[2023-05-10T22:08:55.902+0000] {processor.py:799} INFO - Processing file /home/airflow/.local/lib/python3.7/site-packages/airflow/example_dags/example_complex.py for tasks to queue
[2023-05-10T22:08:55.909+0000] {logging_mixin.py:149} INFO - [2023-05-10T22:08:55.905+0000] {dagbag.py:541} INFO - Filling up the DagBag from /home/airflow/.local/lib/python3.7/site-packages/airflow/example_dags/example_complex.py
[2023-05-10T22:08:55.982+0000] {logging_mixin.py:149} INFO - [2023-05-10T22:08:55.982+0000] {taskmixin.py:211} WARNING - Dependency <Task(BashOperator): create_entry_group>, delete_entry_group already registered for DAG: example_complex
[2023-05-10T22:08:55.994+0000] {logging_mixin.py:149} INFO - [2023-05-10T22:08:55.991+0000] {taskmixin.py:211} WARNING - Dependency <Task(BashOperator): delete_entry_group>, create_entry_group already registered for DAG: example_complex
[2023-05-10T22:08:55.996+0000] {logging_mixin.py:149} INFO - [2023-05-10T22:08:55.995+0000] {taskmixin.py:211} WARNING - Dependency <Task(BashOperator): create_entry_gcs>, delete_entry already registered for DAG: example_complex
[2023-05-10T22:08:55.998+0000] {logging_mixin.py:149} INFO - [2023-05-10T22:08:55.997+0000] {taskmixin.py:211} WARNING - Dependency <Task(BashOperator): delete_entry>, create_entry_gcs already registered for DAG: example_complex
[2023-05-10T22:08:56.010+0000] {logging_mixin.py:149} INFO - [2023-05-10T22:08:56.010+0000] {taskmixin.py:211} WARNING - Dependency <Task(BashOperator): create_tag>, delete_tag already registered for DAG: example_complex
[2023-05-10T22:08:56.015+0000] {logging_mixin.py:149} INFO - [2023-05-10T22:08:56.014+0000] {taskmixin.py:211} WARNING - Dependency <Task(BashOperator): delete_tag>, create_tag already registered for DAG: example_complex
[2023-05-10T22:08:56.036+0000] {processor.py:809} INFO - DAG(s) dict_keys(['example_complex']) retrieved from /home/airflow/.local/lib/python3.7/site-packages/airflow/example_dags/example_complex.py
[2023-05-10T22:08:56.270+0000] {logging_mixin.py:149} INFO - [2023-05-10T22:08:56.270+0000] {dag.py:2726} INFO - Sync 1 DAGs
[2023-05-10T22:08:56.467+0000] {logging_mixin.py:149} INFO - [2023-05-10T22:08:56.465+0000] {dag.py:3490} INFO - Setting next_dagrun for example_complex to None, run_after=None
[2023-05-10T22:08:56.697+0000] {processor.py:178} INFO - Processing /home/airflow/.local/lib/python3.7/site-packages/airflow/example_dags/example_complex.py took 0.814 seconds
[2023-05-10T22:09:34.294+0000] {processor.py:156} INFO - Started process (PID=1665) to work on /home/airflow/.local/lib/python3.7/site-packages/airflow/example_dags/example_complex.py
[2023-05-10T22:09:34.298+0000] {processor.py:799} INFO - Processing file /home/airflow/.local/lib/python3.7/site-packages/airflow/example_dags/example_complex.py for tasks to queue
[2023-05-10T22:09:34.307+0000] {logging_mixin.py:149} INFO - [2023-05-10T22:09:34.307+0000] {dagbag.py:541} INFO - Filling up the DagBag from /home/airflow/.local/lib/python3.7/site-packages/airflow/example_dags/example_complex.py
[2023-05-10T22:09:34.369+0000] {logging_mixin.py:149} INFO - [2023-05-10T22:09:34.369+0000] {taskmixin.py:211} WARNING - Dependency <Task(BashOperator): create_entry_group>, delete_entry_group already registered for DAG: example_complex
[2023-05-10T22:09:34.371+0000] {logging_mixin.py:149} INFO - [2023-05-10T22:09:34.370+0000] {taskmixin.py:211} WARNING - Dependency <Task(BashOperator): delete_entry_group>, create_entry_group already registered for DAG: example_complex
[2023-05-10T22:09:34.373+0000] {logging_mixin.py:149} INFO - [2023-05-10T22:09:34.372+0000] {taskmixin.py:211} WARNING - Dependency <Task(BashOperator): create_entry_gcs>, delete_entry already registered for DAG: example_complex
[2023-05-10T22:09:34.374+0000] {logging_mixin.py:149} INFO - [2023-05-10T22:09:34.374+0000] {taskmixin.py:211} WARNING - Dependency <Task(BashOperator): delete_entry>, create_entry_gcs already registered for DAG: example_complex
[2023-05-10T22:09:34.376+0000] {logging_mixin.py:149} INFO - [2023-05-10T22:09:34.376+0000] {taskmixin.py:211} WARNING - Dependency <Task(BashOperator): create_tag>, delete_tag already registered for DAG: example_complex
[2023-05-10T22:09:34.385+0000] {logging_mixin.py:149} INFO - [2023-05-10T22:09:34.378+0000] {taskmixin.py:211} WARNING - Dependency <Task(BashOperator): delete_tag>, create_tag already registered for DAG: example_complex
[2023-05-10T22:09:34.392+0000] {processor.py:809} INFO - DAG(s) dict_keys(['example_complex']) retrieved from /home/airflow/.local/lib/python3.7/site-packages/airflow/example_dags/example_complex.py
[2023-05-10T22:09:34.640+0000] {logging_mixin.py:149} INFO - [2023-05-10T22:09:34.639+0000] {dag.py:2726} INFO - Sync 1 DAGs
[2023-05-10T22:09:34.824+0000] {logging_mixin.py:149} INFO - [2023-05-10T22:09:34.824+0000] {dag.py:3490} INFO - Setting next_dagrun for example_complex to None, run_after=None
[2023-05-10T22:09:34.952+0000] {processor.py:178} INFO - Processing /home/airflow/.local/lib/python3.7/site-packages/airflow/example_dags/example_complex.py took 0.674 seconds
[2023-05-10T22:10:06.051+0000] {processor.py:156} INFO - Started process (PID=1720) to work on /home/airflow/.local/lib/python3.7/site-packages/airflow/example_dags/example_complex.py
[2023-05-10T22:10:06.054+0000] {processor.py:799} INFO - Processing file /home/airflow/.local/lib/python3.7/site-packages/airflow/example_dags/example_complex.py for tasks to queue
[2023-05-10T22:10:06.056+0000] {logging_mixin.py:149} INFO - [2023-05-10T22:10:06.056+0000] {dagbag.py:541} INFO - Filling up the DagBag from /home/airflow/.local/lib/python3.7/site-packages/airflow/example_dags/example_complex.py
[2023-05-10T22:10:06.138+0000] {logging_mixin.py:149} INFO - [2023-05-10T22:10:06.137+0000] {taskmixin.py:211} WARNING - Dependency <Task(BashOperator): create_entry_group>, delete_entry_group already registered for DAG: example_complex
[2023-05-10T22:10:06.139+0000] {logging_mixin.py:149} INFO - [2023-05-10T22:10:06.139+0000] {taskmixin.py:211} WARNING - Dependency <Task(BashOperator): delete_entry_group>, create_entry_group already registered for DAG: example_complex
[2023-05-10T22:10:06.147+0000] {logging_mixin.py:149} INFO - [2023-05-10T22:10:06.143+0000] {taskmixin.py:211} WARNING - Dependency <Task(BashOperator): create_entry_gcs>, delete_entry already registered for DAG: example_complex
[2023-05-10T22:10:06.152+0000] {logging_mixin.py:149} INFO - [2023-05-10T22:10:06.151+0000] {taskmixin.py:211} WARNING - Dependency <Task(BashOperator): delete_entry>, create_entry_gcs already registered for DAG: example_complex
[2023-05-10T22:10:06.156+0000] {logging_mixin.py:149} INFO - [2023-05-10T22:10:06.156+0000] {taskmixin.py:211} WARNING - Dependency <Task(BashOperator): create_tag>, delete_tag already registered for DAG: example_complex
[2023-05-10T22:10:06.158+0000] {logging_mixin.py:149} INFO - [2023-05-10T22:10:06.157+0000] {taskmixin.py:211} WARNING - Dependency <Task(BashOperator): delete_tag>, create_tag already registered for DAG: example_complex
[2023-05-10T22:10:06.174+0000] {processor.py:809} INFO - DAG(s) dict_keys(['example_complex']) retrieved from /home/airflow/.local/lib/python3.7/site-packages/airflow/example_dags/example_complex.py
[2023-05-10T22:10:06.467+0000] {logging_mixin.py:149} INFO - [2023-05-10T22:10:06.467+0000] {dag.py:2726} INFO - Sync 1 DAGs
[2023-05-10T22:10:06.672+0000] {logging_mixin.py:149} INFO - [2023-05-10T22:10:06.672+0000] {dag.py:3490} INFO - Setting next_dagrun for example_complex to None, run_after=None
[2023-05-10T22:10:06.978+0000] {processor.py:178} INFO - Processing /home/airflow/.local/lib/python3.7/site-packages/airflow/example_dags/example_complex.py took 0.944 seconds
