[2023-05-10T21:53:13.195+0000] {processor.py:156} INFO - Started process (PID=94) to work on /home/airflow/.local/lib/python3.7/site-packages/airflow/example_dags/example_xcom.py
[2023-05-10T21:53:13.198+0000] {processor.py:799} INFO - Processing file /home/airflow/.local/lib/python3.7/site-packages/airflow/example_dags/example_xcom.py for tasks to queue
[2023-05-10T21:53:13.201+0000] {logging_mixin.py:149} INFO - [2023-05-10T21:53:13.200+0000] {dagbag.py:541} INFO - Filling up the DagBag from /home/airflow/.local/lib/python3.7/site-packages/airflow/example_dags/example_xcom.py
[2023-05-10T21:53:15.847+0000] {processor.py:809} INFO - DAG(s) dict_keys(['example_xcom']) retrieved from /home/airflow/.local/lib/python3.7/site-packages/airflow/example_dags/example_xcom.py
[2023-05-10T21:53:16.827+0000] {logging_mixin.py:149} INFO - [2023-05-10T21:53:16.825+0000] {manager.py:504} INFO - Created Permission View: can read on DAG:example_xcom
[2023-05-10T21:53:16.954+0000] {logging_mixin.py:149} INFO - [2023-05-10T21:53:16.952+0000] {manager.py:504} INFO - Created Permission View: can delete on DAG:example_xcom
[2023-05-10T21:53:17.079+0000] {logging_mixin.py:149} INFO - [2023-05-10T21:53:17.078+0000] {manager.py:504} INFO - Created Permission View: can edit on DAG:example_xcom
[2023-05-10T21:53:17.081+0000] {logging_mixin.py:149} INFO - [2023-05-10T21:53:17.080+0000] {dag.py:2726} INFO - Sync 1 DAGs
[2023-05-10T21:53:17.146+0000] {logging_mixin.py:149} INFO - [2023-05-10T21:53:17.146+0000] {dag.py:2747} INFO - Creating ORM DAG for example_xcom
[2023-05-10T21:53:17.270+0000] {logging_mixin.py:149} INFO - [2023-05-10T21:53:17.269+0000] {dag.py:3490} INFO - Setting next_dagrun for example_xcom to 2021-01-01T00:00:00+00:00, run_after=2021-01-01T00:00:00+00:00
[2023-05-10T21:53:17.498+0000] {processor.py:178} INFO - Processing /home/airflow/.local/lib/python3.7/site-packages/airflow/example_dags/example_xcom.py took 4.319 seconds
[2023-05-10T21:54:13.309+0000] {processor.py:156} INFO - Started process (PID=150) to work on /home/airflow/.local/lib/python3.7/site-packages/airflow/example_dags/example_xcom.py
[2023-05-10T21:54:13.311+0000] {processor.py:799} INFO - Processing file /home/airflow/.local/lib/python3.7/site-packages/airflow/example_dags/example_xcom.py for tasks to queue
[2023-05-10T21:54:13.315+0000] {logging_mixin.py:149} INFO - [2023-05-10T21:54:13.314+0000] {dagbag.py:541} INFO - Filling up the DagBag from /home/airflow/.local/lib/python3.7/site-packages/airflow/example_dags/example_xcom.py
[2023-05-10T21:54:13.366+0000] {processor.py:809} INFO - DAG(s) dict_keys(['example_xcom']) retrieved from /home/airflow/.local/lib/python3.7/site-packages/airflow/example_dags/example_xcom.py
[2023-05-10T21:54:13.596+0000] {logging_mixin.py:149} INFO - [2023-05-10T21:54:13.595+0000] {dag.py:2726} INFO - Sync 1 DAGs
[2023-05-10T21:54:13.872+0000] {logging_mixin.py:149} INFO - [2023-05-10T21:54:13.872+0000] {dag.py:3490} INFO - Setting next_dagrun for example_xcom to 2021-01-01T00:00:00+00:00, run_after=2021-01-01T00:00:00+00:00
[2023-05-10T21:54:14.158+0000] {processor.py:178} INFO - Processing /home/airflow/.local/lib/python3.7/site-packages/airflow/example_dags/example_xcom.py took 0.868 seconds
[2023-05-10T21:54:45.471+0000] {processor.py:156} INFO - Started process (PID=204) to work on /home/airflow/.local/lib/python3.7/site-packages/airflow/example_dags/example_xcom.py
[2023-05-10T21:54:45.475+0000] {processor.py:799} INFO - Processing file /home/airflow/.local/lib/python3.7/site-packages/airflow/example_dags/example_xcom.py for tasks to queue
[2023-05-10T21:54:45.478+0000] {logging_mixin.py:149} INFO - [2023-05-10T21:54:45.478+0000] {dagbag.py:541} INFO - Filling up the DagBag from /home/airflow/.local/lib/python3.7/site-packages/airflow/example_dags/example_xcom.py
[2023-05-10T21:54:45.595+0000] {processor.py:809} INFO - DAG(s) dict_keys(['example_xcom']) retrieved from /home/airflow/.local/lib/python3.7/site-packages/airflow/example_dags/example_xcom.py
[2023-05-10T21:54:45.727+0000] {logging_mixin.py:149} INFO - [2023-05-10T21:54:45.727+0000] {dag.py:2726} INFO - Sync 1 DAGs
[2023-05-10T21:54:45.907+0000] {logging_mixin.py:149} INFO - [2023-05-10T21:54:45.906+0000] {dag.py:3490} INFO - Setting next_dagrun for example_xcom to 2021-01-01T00:00:00+00:00, run_after=2021-01-01T00:00:00+00:00
[2023-05-10T21:54:46.159+0000] {processor.py:178} INFO - Processing /home/airflow/.local/lib/python3.7/site-packages/airflow/example_dags/example_xcom.py took 0.698 seconds
[2023-05-10T21:55:32.220+0000] {processor.py:156} INFO - Started process (PID=264) to work on /home/airflow/.local/lib/python3.7/site-packages/airflow/example_dags/example_xcom.py
[2023-05-10T21:55:32.232+0000] {processor.py:799} INFO - Processing file /home/airflow/.local/lib/python3.7/site-packages/airflow/example_dags/example_xcom.py for tasks to queue
[2023-05-10T21:55:32.243+0000] {logging_mixin.py:149} INFO - [2023-05-10T21:55:32.235+0000] {dagbag.py:541} INFO - Filling up the DagBag from /home/airflow/.local/lib/python3.7/site-packages/airflow/example_dags/example_xcom.py
[2023-05-10T21:55:32.284+0000] {processor.py:809} INFO - DAG(s) dict_keys(['example_xcom']) retrieved from /home/airflow/.local/lib/python3.7/site-packages/airflow/example_dags/example_xcom.py
[2023-05-10T21:55:32.533+0000] {logging_mixin.py:149} INFO - [2023-05-10T21:55:32.526+0000] {dag.py:2726} INFO - Sync 1 DAGs
[2023-05-10T21:55:32.726+0000] {logging_mixin.py:149} INFO - [2023-05-10T21:55:32.726+0000] {dag.py:3490} INFO - Setting next_dagrun for example_xcom to 2021-01-01T00:00:00+00:00, run_after=2021-01-01T00:00:00+00:00
[2023-05-10T21:55:32.997+0000] {processor.py:178} INFO - Processing /home/airflow/.local/lib/python3.7/site-packages/airflow/example_dags/example_xcom.py took 0.786 seconds
[2023-05-10T21:56:11.093+0000] {processor.py:156} INFO - Started process (PID=322) to work on /home/airflow/.local/lib/python3.7/site-packages/airflow/example_dags/example_xcom.py
[2023-05-10T21:56:11.096+0000] {processor.py:799} INFO - Processing file /home/airflow/.local/lib/python3.7/site-packages/airflow/example_dags/example_xcom.py for tasks to queue
[2023-05-10T21:56:11.099+0000] {logging_mixin.py:149} INFO - [2023-05-10T21:56:11.099+0000] {dagbag.py:541} INFO - Filling up the DagBag from /home/airflow/.local/lib/python3.7/site-packages/airflow/example_dags/example_xcom.py
[2023-05-10T21:56:11.147+0000] {processor.py:809} INFO - DAG(s) dict_keys(['example_xcom']) retrieved from /home/airflow/.local/lib/python3.7/site-packages/airflow/example_dags/example_xcom.py
[2023-05-10T21:56:11.322+0000] {logging_mixin.py:149} INFO - [2023-05-10T21:56:11.317+0000] {dag.py:2726} INFO - Sync 1 DAGs
[2023-05-10T21:56:11.583+0000] {logging_mixin.py:149} INFO - [2023-05-10T21:56:11.583+0000] {dag.py:3490} INFO - Setting next_dagrun for example_xcom to 2021-01-01T00:00:00+00:00, run_after=2021-01-01T00:00:00+00:00
[2023-05-10T21:56:12.015+0000] {processor.py:178} INFO - Processing /home/airflow/.local/lib/python3.7/site-packages/airflow/example_dags/example_xcom.py took 0.937 seconds
[2023-05-10T21:56:47.766+0000] {processor.py:156} INFO - Started process (PID=378) to work on /home/airflow/.local/lib/python3.7/site-packages/airflow/example_dags/example_xcom.py
[2023-05-10T21:56:47.768+0000] {processor.py:799} INFO - Processing file /home/airflow/.local/lib/python3.7/site-packages/airflow/example_dags/example_xcom.py for tasks to queue
[2023-05-10T21:56:47.771+0000] {logging_mixin.py:149} INFO - [2023-05-10T21:56:47.771+0000] {dagbag.py:541} INFO - Filling up the DagBag from /home/airflow/.local/lib/python3.7/site-packages/airflow/example_dags/example_xcom.py
[2023-05-10T21:56:47.805+0000] {processor.py:809} INFO - DAG(s) dict_keys(['example_xcom']) retrieved from /home/airflow/.local/lib/python3.7/site-packages/airflow/example_dags/example_xcom.py
[2023-05-10T21:56:47.955+0000] {logging_mixin.py:149} INFO - [2023-05-10T21:56:47.954+0000] {dag.py:2726} INFO - Sync 1 DAGs
[2023-05-10T21:56:48.205+0000] {logging_mixin.py:149} INFO - [2023-05-10T21:56:48.205+0000] {dag.py:3490} INFO - Setting next_dagrun for example_xcom to 2021-01-01T00:00:00+00:00, run_after=2021-01-01T00:00:00+00:00
[2023-05-10T21:56:48.518+0000] {processor.py:178} INFO - Processing /home/airflow/.local/lib/python3.7/site-packages/airflow/example_dags/example_xcom.py took 0.767 seconds
[2023-05-10T21:57:24.695+0000] {processor.py:156} INFO - Started process (PID=430) to work on /home/airflow/.local/lib/python3.7/site-packages/airflow/example_dags/example_xcom.py
[2023-05-10T21:57:24.703+0000] {processor.py:799} INFO - Processing file /home/airflow/.local/lib/python3.7/site-packages/airflow/example_dags/example_xcom.py for tasks to queue
[2023-05-10T21:57:24.711+0000] {logging_mixin.py:149} INFO - [2023-05-10T21:57:24.711+0000] {dagbag.py:541} INFO - Filling up the DagBag from /home/airflow/.local/lib/python3.7/site-packages/airflow/example_dags/example_xcom.py
[2023-05-10T21:57:24.777+0000] {processor.py:809} INFO - DAG(s) dict_keys(['example_xcom']) retrieved from /home/airflow/.local/lib/python3.7/site-packages/airflow/example_dags/example_xcom.py
[2023-05-10T21:57:25.005+0000] {logging_mixin.py:149} INFO - [2023-05-10T21:57:25.004+0000] {dag.py:2726} INFO - Sync 1 DAGs
[2023-05-10T21:57:25.256+0000] {logging_mixin.py:149} INFO - [2023-05-10T21:57:25.256+0000] {dag.py:3490} INFO - Setting next_dagrun for example_xcom to 2021-01-01T00:00:00+00:00, run_after=2021-01-01T00:00:00+00:00
[2023-05-10T21:57:25.653+0000] {processor.py:178} INFO - Processing /home/airflow/.local/lib/python3.7/site-packages/airflow/example_dags/example_xcom.py took 0.977 seconds
[2023-05-10T21:58:02.840+0000] {processor.py:156} INFO - Started process (PID=489) to work on /home/airflow/.local/lib/python3.7/site-packages/airflow/example_dags/example_xcom.py
[2023-05-10T21:58:02.857+0000] {processor.py:799} INFO - Processing file /home/airflow/.local/lib/python3.7/site-packages/airflow/example_dags/example_xcom.py for tasks to queue
[2023-05-10T21:58:02.880+0000] {logging_mixin.py:149} INFO - [2023-05-10T21:58:02.880+0000] {dagbag.py:541} INFO - Filling up the DagBag from /home/airflow/.local/lib/python3.7/site-packages/airflow/example_dags/example_xcom.py
[2023-05-10T21:58:02.957+0000] {processor.py:809} INFO - DAG(s) dict_keys(['example_xcom']) retrieved from /home/airflow/.local/lib/python3.7/site-packages/airflow/example_dags/example_xcom.py
[2023-05-10T21:58:03.204+0000] {logging_mixin.py:149} INFO - [2023-05-10T21:58:03.203+0000] {dag.py:2726} INFO - Sync 1 DAGs
[2023-05-10T21:58:03.585+0000] {logging_mixin.py:149} INFO - [2023-05-10T21:58:03.584+0000] {dag.py:3490} INFO - Setting next_dagrun for example_xcom to 2021-01-01T00:00:00+00:00, run_after=2021-01-01T00:00:00+00:00
[2023-05-10T21:58:03.915+0000] {processor.py:178} INFO - Processing /home/airflow/.local/lib/python3.7/site-packages/airflow/example_dags/example_xcom.py took 1.101 seconds
[2023-05-10T21:58:38.670+0000] {processor.py:156} INFO - Started process (PID=552) to work on /home/airflow/.local/lib/python3.7/site-packages/airflow/example_dags/example_xcom.py
[2023-05-10T21:58:38.702+0000] {processor.py:799} INFO - Processing file /home/airflow/.local/lib/python3.7/site-packages/airflow/example_dags/example_xcom.py for tasks to queue
[2023-05-10T21:58:38.705+0000] {logging_mixin.py:149} INFO - [2023-05-10T21:58:38.704+0000] {dagbag.py:541} INFO - Filling up the DagBag from /home/airflow/.local/lib/python3.7/site-packages/airflow/example_dags/example_xcom.py
[2023-05-10T21:58:38.801+0000] {processor.py:809} INFO - DAG(s) dict_keys(['example_xcom']) retrieved from /home/airflow/.local/lib/python3.7/site-packages/airflow/example_dags/example_xcom.py
[2023-05-10T21:58:39.048+0000] {logging_mixin.py:149} INFO - [2023-05-10T21:58:39.047+0000] {dag.py:2726} INFO - Sync 1 DAGs
[2023-05-10T21:58:39.535+0000] {logging_mixin.py:149} INFO - [2023-05-10T21:58:39.534+0000] {dag.py:3490} INFO - Setting next_dagrun for example_xcom to 2021-01-01T00:00:00+00:00, run_after=2021-01-01T00:00:00+00:00
[2023-05-10T21:58:39.817+0000] {processor.py:178} INFO - Processing /home/airflow/.local/lib/python3.7/site-packages/airflow/example_dags/example_xcom.py took 1.191 seconds
[2023-05-10T21:59:10.843+0000] {processor.py:156} INFO - Started process (PID=605) to work on /home/airflow/.local/lib/python3.7/site-packages/airflow/example_dags/example_xcom.py
[2023-05-10T21:59:10.845+0000] {processor.py:799} INFO - Processing file /home/airflow/.local/lib/python3.7/site-packages/airflow/example_dags/example_xcom.py for tasks to queue
[2023-05-10T21:59:10.861+0000] {logging_mixin.py:149} INFO - [2023-05-10T21:59:10.860+0000] {dagbag.py:541} INFO - Filling up the DagBag from /home/airflow/.local/lib/python3.7/site-packages/airflow/example_dags/example_xcom.py
[2023-05-10T21:59:10.904+0000] {processor.py:809} INFO - DAG(s) dict_keys(['example_xcom']) retrieved from /home/airflow/.local/lib/python3.7/site-packages/airflow/example_dags/example_xcom.py
[2023-05-10T21:59:11.084+0000] {logging_mixin.py:149} INFO - [2023-05-10T21:59:11.083+0000] {dag.py:2726} INFO - Sync 1 DAGs
[2023-05-10T21:59:11.271+0000] {logging_mixin.py:149} INFO - [2023-05-10T21:59:11.270+0000] {dag.py:3490} INFO - Setting next_dagrun for example_xcom to 2021-01-01T00:00:00+00:00, run_after=2021-01-01T00:00:00+00:00
[2023-05-10T21:59:11.452+0000] {processor.py:178} INFO - Processing /home/airflow/.local/lib/python3.7/site-packages/airflow/example_dags/example_xcom.py took 0.628 seconds
[2023-05-10T21:59:42.501+0000] {processor.py:156} INFO - Started process (PID=661) to work on /home/airflow/.local/lib/python3.7/site-packages/airflow/example_dags/example_xcom.py
[2023-05-10T21:59:42.524+0000] {processor.py:799} INFO - Processing file /home/airflow/.local/lib/python3.7/site-packages/airflow/example_dags/example_xcom.py for tasks to queue
[2023-05-10T21:59:42.527+0000] {logging_mixin.py:149} INFO - [2023-05-10T21:59:42.526+0000] {dagbag.py:541} INFO - Filling up the DagBag from /home/airflow/.local/lib/python3.7/site-packages/airflow/example_dags/example_xcom.py
[2023-05-10T21:59:42.582+0000] {processor.py:809} INFO - DAG(s) dict_keys(['example_xcom']) retrieved from /home/airflow/.local/lib/python3.7/site-packages/airflow/example_dags/example_xcom.py
[2023-05-10T21:59:43.047+0000] {logging_mixin.py:149} INFO - [2023-05-10T21:59:43.046+0000] {dag.py:2726} INFO - Sync 1 DAGs
[2023-05-10T21:59:43.436+0000] {logging_mixin.py:149} INFO - [2023-05-10T21:59:43.435+0000] {dag.py:3490} INFO - Setting next_dagrun for example_xcom to 2021-01-01T00:00:00+00:00, run_after=2021-01-01T00:00:00+00:00
[2023-05-10T21:59:43.779+0000] {processor.py:178} INFO - Processing /home/airflow/.local/lib/python3.7/site-packages/airflow/example_dags/example_xcom.py took 1.298 seconds
[2023-05-10T22:00:14.228+0000] {processor.py:156} INFO - Started process (PID=717) to work on /home/airflow/.local/lib/python3.7/site-packages/airflow/example_dags/example_xcom.py
[2023-05-10T22:00:14.230+0000] {processor.py:799} INFO - Processing file /home/airflow/.local/lib/python3.7/site-packages/airflow/example_dags/example_xcom.py for tasks to queue
[2023-05-10T22:00:14.233+0000] {logging_mixin.py:149} INFO - [2023-05-10T22:00:14.232+0000] {dagbag.py:541} INFO - Filling up the DagBag from /home/airflow/.local/lib/python3.7/site-packages/airflow/example_dags/example_xcom.py
[2023-05-10T22:00:14.287+0000] {processor.py:809} INFO - DAG(s) dict_keys(['example_xcom']) retrieved from /home/airflow/.local/lib/python3.7/site-packages/airflow/example_dags/example_xcom.py
[2023-05-10T22:00:14.480+0000] {logging_mixin.py:149} INFO - [2023-05-10T22:00:14.480+0000] {dag.py:2726} INFO - Sync 1 DAGs
[2023-05-10T22:00:14.654+0000] {logging_mixin.py:149} INFO - [2023-05-10T22:00:14.649+0000] {dag.py:3490} INFO - Setting next_dagrun for example_xcom to 2021-01-01T00:00:00+00:00, run_after=2021-01-01T00:00:00+00:00
[2023-05-10T22:00:14.794+0000] {processor.py:178} INFO - Processing /home/airflow/.local/lib/python3.7/site-packages/airflow/example_dags/example_xcom.py took 0.584 seconds
[2023-05-10T22:00:47.482+0000] {processor.py:156} INFO - Started process (PID=774) to work on /home/airflow/.local/lib/python3.7/site-packages/airflow/example_dags/example_xcom.py
[2023-05-10T22:00:47.512+0000] {processor.py:799} INFO - Processing file /home/airflow/.local/lib/python3.7/site-packages/airflow/example_dags/example_xcom.py for tasks to queue
[2023-05-10T22:00:47.514+0000] {logging_mixin.py:149} INFO - [2023-05-10T22:00:47.514+0000] {dagbag.py:541} INFO - Filling up the DagBag from /home/airflow/.local/lib/python3.7/site-packages/airflow/example_dags/example_xcom.py
[2023-05-10T22:00:47.554+0000] {processor.py:809} INFO - DAG(s) dict_keys(['example_xcom']) retrieved from /home/airflow/.local/lib/python3.7/site-packages/airflow/example_dags/example_xcom.py
[2023-05-10T22:00:47.744+0000] {logging_mixin.py:149} INFO - [2023-05-10T22:00:47.744+0000] {dag.py:2726} INFO - Sync 1 DAGs
[2023-05-10T22:00:48.018+0000] {logging_mixin.py:149} INFO - [2023-05-10T22:00:48.018+0000] {dag.py:3490} INFO - Setting next_dagrun for example_xcom to 2021-01-01T00:00:00+00:00, run_after=2021-01-01T00:00:00+00:00
[2023-05-10T22:00:48.805+0000] {processor.py:178} INFO - Processing /home/airflow/.local/lib/python3.7/site-packages/airflow/example_dags/example_xcom.py took 1.338 seconds
[2023-05-10T22:01:22.884+0000] {processor.py:156} INFO - Started process (PID=831) to work on /home/airflow/.local/lib/python3.7/site-packages/airflow/example_dags/example_xcom.py
[2023-05-10T22:01:22.887+0000] {processor.py:799} INFO - Processing file /home/airflow/.local/lib/python3.7/site-packages/airflow/example_dags/example_xcom.py for tasks to queue
[2023-05-10T22:01:22.889+0000] {logging_mixin.py:149} INFO - [2023-05-10T22:01:22.889+0000] {dagbag.py:541} INFO - Filling up the DagBag from /home/airflow/.local/lib/python3.7/site-packages/airflow/example_dags/example_xcom.py
[2023-05-10T22:01:22.940+0000] {processor.py:809} INFO - DAG(s) dict_keys(['example_xcom']) retrieved from /home/airflow/.local/lib/python3.7/site-packages/airflow/example_dags/example_xcom.py
[2023-05-10T22:01:23.108+0000] {logging_mixin.py:149} INFO - [2023-05-10T22:01:23.098+0000] {dag.py:2726} INFO - Sync 1 DAGs
[2023-05-10T22:01:23.300+0000] {logging_mixin.py:149} INFO - [2023-05-10T22:01:23.299+0000] {dag.py:3490} INFO - Setting next_dagrun for example_xcom to 2021-01-01T00:00:00+00:00, run_after=2021-01-01T00:00:00+00:00
[2023-05-10T22:01:23.582+0000] {processor.py:178} INFO - Processing /home/airflow/.local/lib/python3.7/site-packages/airflow/example_dags/example_xcom.py took 0.714 seconds
[2023-05-10T22:01:57.295+0000] {processor.py:156} INFO - Started process (PID=888) to work on /home/airflow/.local/lib/python3.7/site-packages/airflow/example_dags/example_xcom.py
[2023-05-10T22:01:57.323+0000] {processor.py:799} INFO - Processing file /home/airflow/.local/lib/python3.7/site-packages/airflow/example_dags/example_xcom.py for tasks to queue
[2023-05-10T22:01:57.326+0000] {logging_mixin.py:149} INFO - [2023-05-10T22:01:57.325+0000] {dagbag.py:541} INFO - Filling up the DagBag from /home/airflow/.local/lib/python3.7/site-packages/airflow/example_dags/example_xcom.py
[2023-05-10T22:01:57.375+0000] {processor.py:809} INFO - DAG(s) dict_keys(['example_xcom']) retrieved from /home/airflow/.local/lib/python3.7/site-packages/airflow/example_dags/example_xcom.py
[2023-05-10T22:01:57.639+0000] {logging_mixin.py:149} INFO - [2023-05-10T22:01:57.639+0000] {dag.py:2726} INFO - Sync 1 DAGs
[2023-05-10T22:01:57.809+0000] {logging_mixin.py:149} INFO - [2023-05-10T22:01:57.809+0000] {dag.py:3490} INFO - Setting next_dagrun for example_xcom to 2021-01-01T00:00:00+00:00, run_after=2021-01-01T00:00:00+00:00
[2023-05-10T22:01:57.984+0000] {processor.py:178} INFO - Processing /home/airflow/.local/lib/python3.7/site-packages/airflow/example_dags/example_xcom.py took 0.720 seconds
[2023-05-10T22:02:31.177+0000] {processor.py:156} INFO - Started process (PID=944) to work on /home/airflow/.local/lib/python3.7/site-packages/airflow/example_dags/example_xcom.py
[2023-05-10T22:02:31.196+0000] {processor.py:799} INFO - Processing file /home/airflow/.local/lib/python3.7/site-packages/airflow/example_dags/example_xcom.py for tasks to queue
[2023-05-10T22:02:31.236+0000] {logging_mixin.py:149} INFO - [2023-05-10T22:02:31.236+0000] {dagbag.py:541} INFO - Filling up the DagBag from /home/airflow/.local/lib/python3.7/site-packages/airflow/example_dags/example_xcom.py
[2023-05-10T22:02:31.354+0000] {processor.py:809} INFO - DAG(s) dict_keys(['example_xcom']) retrieved from /home/airflow/.local/lib/python3.7/site-packages/airflow/example_dags/example_xcom.py
[2023-05-10T22:02:31.655+0000] {logging_mixin.py:149} INFO - [2023-05-10T22:02:31.655+0000] {dag.py:2726} INFO - Sync 1 DAGs
[2023-05-10T22:02:31.958+0000] {logging_mixin.py:149} INFO - [2023-05-10T22:02:31.957+0000] {dag.py:3490} INFO - Setting next_dagrun for example_xcom to 2021-01-01T00:00:00+00:00, run_after=2021-01-01T00:00:00+00:00
[2023-05-10T22:02:32.512+0000] {processor.py:178} INFO - Processing /home/airflow/.local/lib/python3.7/site-packages/airflow/example_dags/example_xcom.py took 1.408 seconds
[2023-05-10T22:03:03.021+0000] {processor.py:156} INFO - Started process (PID=995) to work on /home/airflow/.local/lib/python3.7/site-packages/airflow/example_dags/example_xcom.py
[2023-05-10T22:03:03.029+0000] {processor.py:799} INFO - Processing file /home/airflow/.local/lib/python3.7/site-packages/airflow/example_dags/example_xcom.py for tasks to queue
[2023-05-10T22:03:03.051+0000] {logging_mixin.py:149} INFO - [2023-05-10T22:03:03.050+0000] {dagbag.py:541} INFO - Filling up the DagBag from /home/airflow/.local/lib/python3.7/site-packages/airflow/example_dags/example_xcom.py
[2023-05-10T22:03:03.152+0000] {processor.py:809} INFO - DAG(s) dict_keys(['example_xcom']) retrieved from /home/airflow/.local/lib/python3.7/site-packages/airflow/example_dags/example_xcom.py
[2023-05-10T22:03:03.416+0000] {logging_mixin.py:149} INFO - [2023-05-10T22:03:03.410+0000] {dag.py:2726} INFO - Sync 1 DAGs
[2023-05-10T22:03:03.691+0000] {logging_mixin.py:149} INFO - [2023-05-10T22:03:03.690+0000] {dag.py:3490} INFO - Setting next_dagrun for example_xcom to 2021-01-01T00:00:00+00:00, run_after=2021-01-01T00:00:00+00:00
[2023-05-10T22:03:04.075+0000] {processor.py:178} INFO - Processing /home/airflow/.local/lib/python3.7/site-packages/airflow/example_dags/example_xcom.py took 1.074 seconds
[2023-05-10T22:03:34.334+0000] {processor.py:156} INFO - Started process (PID=1050) to work on /home/airflow/.local/lib/python3.7/site-packages/airflow/example_dags/example_xcom.py
[2023-05-10T22:03:34.337+0000] {processor.py:799} INFO - Processing file /home/airflow/.local/lib/python3.7/site-packages/airflow/example_dags/example_xcom.py for tasks to queue
[2023-05-10T22:03:34.339+0000] {logging_mixin.py:149} INFO - [2023-05-10T22:03:34.339+0000] {dagbag.py:541} INFO - Filling up the DagBag from /home/airflow/.local/lib/python3.7/site-packages/airflow/example_dags/example_xcom.py
[2023-05-10T22:03:34.384+0000] {processor.py:809} INFO - DAG(s) dict_keys(['example_xcom']) retrieved from /home/airflow/.local/lib/python3.7/site-packages/airflow/example_dags/example_xcom.py
[2023-05-10T22:03:34.492+0000] {logging_mixin.py:149} INFO - [2023-05-10T22:03:34.492+0000] {dag.py:2726} INFO - Sync 1 DAGs
[2023-05-10T22:03:34.694+0000] {logging_mixin.py:149} INFO - [2023-05-10T22:03:34.693+0000] {dag.py:3490} INFO - Setting next_dagrun for example_xcom to 2021-01-01T00:00:00+00:00, run_after=2021-01-01T00:00:00+00:00
[2023-05-10T22:03:34.901+0000] {processor.py:178} INFO - Processing /home/airflow/.local/lib/python3.7/site-packages/airflow/example_dags/example_xcom.py took 0.583 seconds
[2023-05-10T22:04:05.134+0000] {processor.py:156} INFO - Started process (PID=1106) to work on /home/airflow/.local/lib/python3.7/site-packages/airflow/example_dags/example_xcom.py
[2023-05-10T22:04:05.137+0000] {processor.py:799} INFO - Processing file /home/airflow/.local/lib/python3.7/site-packages/airflow/example_dags/example_xcom.py for tasks to queue
[2023-05-10T22:04:05.151+0000] {logging_mixin.py:149} INFO - [2023-05-10T22:04:05.150+0000] {dagbag.py:541} INFO - Filling up the DagBag from /home/airflow/.local/lib/python3.7/site-packages/airflow/example_dags/example_xcom.py
[2023-05-10T22:04:05.215+0000] {processor.py:809} INFO - DAG(s) dict_keys(['example_xcom']) retrieved from /home/airflow/.local/lib/python3.7/site-packages/airflow/example_dags/example_xcom.py
[2023-05-10T22:04:05.314+0000] {logging_mixin.py:149} INFO - [2023-05-10T22:04:05.313+0000] {dag.py:2726} INFO - Sync 1 DAGs
[2023-05-10T22:04:05.458+0000] {logging_mixin.py:149} INFO - [2023-05-10T22:04:05.457+0000] {dag.py:3490} INFO - Setting next_dagrun for example_xcom to 2021-01-01T00:00:00+00:00, run_after=2021-01-01T00:00:00+00:00
[2023-05-10T22:04:05.837+0000] {processor.py:178} INFO - Processing /home/airflow/.local/lib/python3.7/site-packages/airflow/example_dags/example_xcom.py took 0.722 seconds
[2023-05-10T22:04:41.514+0000] {processor.py:156} INFO - Started process (PID=1163) to work on /home/airflow/.local/lib/python3.7/site-packages/airflow/example_dags/example_xcom.py
[2023-05-10T22:04:41.517+0000] {processor.py:799} INFO - Processing file /home/airflow/.local/lib/python3.7/site-packages/airflow/example_dags/example_xcom.py for tasks to queue
[2023-05-10T22:04:41.527+0000] {logging_mixin.py:149} INFO - [2023-05-10T22:04:41.527+0000] {dagbag.py:541} INFO - Filling up the DagBag from /home/airflow/.local/lib/python3.7/site-packages/airflow/example_dags/example_xcom.py
[2023-05-10T22:04:41.612+0000] {processor.py:809} INFO - DAG(s) dict_keys(['example_xcom']) retrieved from /home/airflow/.local/lib/python3.7/site-packages/airflow/example_dags/example_xcom.py
[2023-05-10T22:04:41.744+0000] {logging_mixin.py:149} INFO - [2023-05-10T22:04:41.743+0000] {dag.py:2726} INFO - Sync 1 DAGs
[2023-05-10T22:04:41.972+0000] {logging_mixin.py:149} INFO - [2023-05-10T22:04:41.972+0000] {dag.py:3490} INFO - Setting next_dagrun for example_xcom to 2021-01-01T00:00:00+00:00, run_after=2021-01-01T00:00:00+00:00
[2023-05-10T22:04:42.259+0000] {processor.py:178} INFO - Processing /home/airflow/.local/lib/python3.7/site-packages/airflow/example_dags/example_xcom.py took 0.764 seconds
[2023-05-10T22:05:13.976+0000] {processor.py:156} INFO - Started process (PID=1219) to work on /home/airflow/.local/lib/python3.7/site-packages/airflow/example_dags/example_xcom.py
[2023-05-10T22:05:13.978+0000] {processor.py:799} INFO - Processing file /home/airflow/.local/lib/python3.7/site-packages/airflow/example_dags/example_xcom.py for tasks to queue
[2023-05-10T22:05:13.981+0000] {logging_mixin.py:149} INFO - [2023-05-10T22:05:13.980+0000] {dagbag.py:541} INFO - Filling up the DagBag from /home/airflow/.local/lib/python3.7/site-packages/airflow/example_dags/example_xcom.py
[2023-05-10T22:05:14.037+0000] {processor.py:809} INFO - DAG(s) dict_keys(['example_xcom']) retrieved from /home/airflow/.local/lib/python3.7/site-packages/airflow/example_dags/example_xcom.py
[2023-05-10T22:05:14.261+0000] {logging_mixin.py:149} INFO - [2023-05-10T22:05:14.260+0000] {dag.py:2726} INFO - Sync 1 DAGs
[2023-05-10T22:05:14.489+0000] {logging_mixin.py:149} INFO - [2023-05-10T22:05:14.489+0000] {dag.py:3490} INFO - Setting next_dagrun for example_xcom to 2021-01-01T00:00:00+00:00, run_after=2021-01-01T00:00:00+00:00
[2023-05-10T22:05:14.714+0000] {processor.py:178} INFO - Processing /home/airflow/.local/lib/python3.7/site-packages/airflow/example_dags/example_xcom.py took 0.760 seconds
[2023-05-10T22:05:45.286+0000] {processor.py:156} INFO - Started process (PID=1276) to work on /home/airflow/.local/lib/python3.7/site-packages/airflow/example_dags/example_xcom.py
[2023-05-10T22:05:45.299+0000] {processor.py:799} INFO - Processing file /home/airflow/.local/lib/python3.7/site-packages/airflow/example_dags/example_xcom.py for tasks to queue
[2023-05-10T22:05:45.310+0000] {logging_mixin.py:149} INFO - [2023-05-10T22:05:45.309+0000] {dagbag.py:541} INFO - Filling up the DagBag from /home/airflow/.local/lib/python3.7/site-packages/airflow/example_dags/example_xcom.py
[2023-05-10T22:05:45.358+0000] {processor.py:809} INFO - DAG(s) dict_keys(['example_xcom']) retrieved from /home/airflow/.local/lib/python3.7/site-packages/airflow/example_dags/example_xcom.py
[2023-05-10T22:05:45.637+0000] {logging_mixin.py:149} INFO - [2023-05-10T22:05:45.635+0000] {dag.py:2726} INFO - Sync 1 DAGs
[2023-05-10T22:05:45.844+0000] {logging_mixin.py:149} INFO - [2023-05-10T22:05:45.844+0000] {dag.py:3490} INFO - Setting next_dagrun for example_xcom to 2021-01-01T00:00:00+00:00, run_after=2021-01-01T00:00:00+00:00
[2023-05-10T22:05:46.239+0000] {processor.py:178} INFO - Processing /home/airflow/.local/lib/python3.7/site-packages/airflow/example_dags/example_xcom.py took 0.972 seconds
[2023-05-10T22:06:19.824+0000] {processor.py:156} INFO - Started process (PID=1333) to work on /home/airflow/.local/lib/python3.7/site-packages/airflow/example_dags/example_xcom.py
[2023-05-10T22:06:19.827+0000] {processor.py:799} INFO - Processing file /home/airflow/.local/lib/python3.7/site-packages/airflow/example_dags/example_xcom.py for tasks to queue
[2023-05-10T22:06:19.830+0000] {logging_mixin.py:149} INFO - [2023-05-10T22:06:19.829+0000] {dagbag.py:541} INFO - Filling up the DagBag from /home/airflow/.local/lib/python3.7/site-packages/airflow/example_dags/example_xcom.py
[2023-05-10T22:06:19.867+0000] {processor.py:809} INFO - DAG(s) dict_keys(['example_xcom']) retrieved from /home/airflow/.local/lib/python3.7/site-packages/airflow/example_dags/example_xcom.py
[2023-05-10T22:06:20.045+0000] {logging_mixin.py:149} INFO - [2023-05-10T22:06:20.044+0000] {dag.py:2726} INFO - Sync 1 DAGs
[2023-05-10T22:06:20.242+0000] {logging_mixin.py:149} INFO - [2023-05-10T22:06:20.241+0000] {dag.py:3490} INFO - Setting next_dagrun for example_xcom to 2021-01-01T00:00:00+00:00, run_after=2021-01-01T00:00:00+00:00
[2023-05-10T22:06:20.473+0000] {processor.py:178} INFO - Processing /home/airflow/.local/lib/python3.7/site-packages/airflow/example_dags/example_xcom.py took 0.664 seconds
[2023-05-10T22:06:52.546+0000] {processor.py:156} INFO - Started process (PID=1390) to work on /home/airflow/.local/lib/python3.7/site-packages/airflow/example_dags/example_xcom.py
[2023-05-10T22:06:52.571+0000] {processor.py:799} INFO - Processing file /home/airflow/.local/lib/python3.7/site-packages/airflow/example_dags/example_xcom.py for tasks to queue
[2023-05-10T22:06:52.574+0000] {logging_mixin.py:149} INFO - [2023-05-10T22:06:52.573+0000] {dagbag.py:541} INFO - Filling up the DagBag from /home/airflow/.local/lib/python3.7/site-packages/airflow/example_dags/example_xcom.py
[2023-05-10T22:06:52.619+0000] {processor.py:809} INFO - DAG(s) dict_keys(['example_xcom']) retrieved from /home/airflow/.local/lib/python3.7/site-packages/airflow/example_dags/example_xcom.py
[2023-05-10T22:06:52.761+0000] {logging_mixin.py:149} INFO - [2023-05-10T22:06:52.760+0000] {dag.py:2726} INFO - Sync 1 DAGs
[2023-05-10T22:06:52.921+0000] {logging_mixin.py:149} INFO - [2023-05-10T22:06:52.920+0000] {dag.py:3490} INFO - Setting next_dagrun for example_xcom to 2021-01-01T00:00:00+00:00, run_after=2021-01-01T00:00:00+00:00
[2023-05-10T22:06:53.098+0000] {processor.py:178} INFO - Processing /home/airflow/.local/lib/python3.7/site-packages/airflow/example_dags/example_xcom.py took 0.571 seconds
[2023-05-10T22:07:28.282+0000] {processor.py:156} INFO - Started process (PID=1447) to work on /home/airflow/.local/lib/python3.7/site-packages/airflow/example_dags/example_xcom.py
[2023-05-10T22:07:28.290+0000] {processor.py:799} INFO - Processing file /home/airflow/.local/lib/python3.7/site-packages/airflow/example_dags/example_xcom.py for tasks to queue
[2023-05-10T22:07:28.292+0000] {logging_mixin.py:149} INFO - [2023-05-10T22:07:28.292+0000] {dagbag.py:541} INFO - Filling up the DagBag from /home/airflow/.local/lib/python3.7/site-packages/airflow/example_dags/example_xcom.py
[2023-05-10T22:07:28.330+0000] {processor.py:809} INFO - DAG(s) dict_keys(['example_xcom']) retrieved from /home/airflow/.local/lib/python3.7/site-packages/airflow/example_dags/example_xcom.py
[2023-05-10T22:07:28.568+0000] {logging_mixin.py:149} INFO - [2023-05-10T22:07:28.568+0000] {dag.py:2726} INFO - Sync 1 DAGs
[2023-05-10T22:07:28.748+0000] {logging_mixin.py:149} INFO - [2023-05-10T22:07:28.747+0000] {dag.py:3490} INFO - Setting next_dagrun for example_xcom to 2021-01-01T00:00:00+00:00, run_after=2021-01-01T00:00:00+00:00
[2023-05-10T22:07:28.969+0000] {processor.py:178} INFO - Processing /home/airflow/.local/lib/python3.7/site-packages/airflow/example_dags/example_xcom.py took 0.706 seconds
[2023-05-10T22:08:00.570+0000] {processor.py:156} INFO - Started process (PID=1510) to work on /home/airflow/.local/lib/python3.7/site-packages/airflow/example_dags/example_xcom.py
[2023-05-10T22:08:00.579+0000] {processor.py:799} INFO - Processing file /home/airflow/.local/lib/python3.7/site-packages/airflow/example_dags/example_xcom.py for tasks to queue
[2023-05-10T22:08:00.623+0000] {logging_mixin.py:149} INFO - [2023-05-10T22:08:00.622+0000] {dagbag.py:541} INFO - Filling up the DagBag from /home/airflow/.local/lib/python3.7/site-packages/airflow/example_dags/example_xcom.py
[2023-05-10T22:08:01.005+0000] {processor.py:809} INFO - DAG(s) dict_keys(['example_xcom']) retrieved from /home/airflow/.local/lib/python3.7/site-packages/airflow/example_dags/example_xcom.py
[2023-05-10T22:08:01.297+0000] {logging_mixin.py:149} INFO - [2023-05-10T22:08:01.296+0000] {dag.py:2726} INFO - Sync 1 DAGs
[2023-05-10T22:08:01.616+0000] {logging_mixin.py:149} INFO - [2023-05-10T22:08:01.615+0000] {dag.py:3490} INFO - Setting next_dagrun for example_xcom to 2021-01-01T00:00:00+00:00, run_after=2021-01-01T00:00:00+00:00
[2023-05-10T22:08:01.781+0000] {processor.py:178} INFO - Processing /home/airflow/.local/lib/python3.7/site-packages/airflow/example_dags/example_xcom.py took 1.249 seconds
[2023-05-10T22:08:32.090+0000] {processor.py:156} INFO - Started process (PID=1561) to work on /home/airflow/.local/lib/python3.7/site-packages/airflow/example_dags/example_xcom.py
[2023-05-10T22:08:32.095+0000] {processor.py:799} INFO - Processing file /home/airflow/.local/lib/python3.7/site-packages/airflow/example_dags/example_xcom.py for tasks to queue
[2023-05-10T22:08:32.110+0000] {logging_mixin.py:149} INFO - [2023-05-10T22:08:32.109+0000] {dagbag.py:541} INFO - Filling up the DagBag from /home/airflow/.local/lib/python3.7/site-packages/airflow/example_dags/example_xcom.py
[2023-05-10T22:08:32.162+0000] {processor.py:809} INFO - DAG(s) dict_keys(['example_xcom']) retrieved from /home/airflow/.local/lib/python3.7/site-packages/airflow/example_dags/example_xcom.py
[2023-05-10T22:08:32.288+0000] {logging_mixin.py:149} INFO - [2023-05-10T22:08:32.288+0000] {dag.py:2726} INFO - Sync 1 DAGs
[2023-05-10T22:08:32.501+0000] {logging_mixin.py:149} INFO - [2023-05-10T22:08:32.500+0000] {dag.py:3490} INFO - Setting next_dagrun for example_xcom to 2021-01-01T00:00:00+00:00, run_after=2021-01-01T00:00:00+00:00
[2023-05-10T22:08:32.726+0000] {processor.py:178} INFO - Processing /home/airflow/.local/lib/python3.7/site-packages/airflow/example_dags/example_xcom.py took 0.656 seconds
[2023-05-10T22:09:03.434+0000] {processor.py:156} INFO - Started process (PID=1617) to work on /home/airflow/.local/lib/python3.7/site-packages/airflow/example_dags/example_xcom.py
[2023-05-10T22:09:03.438+0000] {processor.py:799} INFO - Processing file /home/airflow/.local/lib/python3.7/site-packages/airflow/example_dags/example_xcom.py for tasks to queue
[2023-05-10T22:09:03.440+0000] {logging_mixin.py:149} INFO - [2023-05-10T22:09:03.440+0000] {dagbag.py:541} INFO - Filling up the DagBag from /home/airflow/.local/lib/python3.7/site-packages/airflow/example_dags/example_xcom.py
[2023-05-10T22:09:03.477+0000] {processor.py:809} INFO - DAG(s) dict_keys(['example_xcom']) retrieved from /home/airflow/.local/lib/python3.7/site-packages/airflow/example_dags/example_xcom.py
[2023-05-10T22:09:03.639+0000] {logging_mixin.py:149} INFO - [2023-05-10T22:09:03.639+0000] {dag.py:2726} INFO - Sync 1 DAGs
[2023-05-10T22:09:03.783+0000] {logging_mixin.py:149} INFO - [2023-05-10T22:09:03.782+0000] {dag.py:3490} INFO - Setting next_dagrun for example_xcom to 2021-01-01T00:00:00+00:00, run_after=2021-01-01T00:00:00+00:00
[2023-05-10T22:09:03.907+0000] {processor.py:178} INFO - Processing /home/airflow/.local/lib/python3.7/site-packages/airflow/example_dags/example_xcom.py took 0.485 seconds
[2023-05-10T22:09:36.580+0000] {processor.py:156} INFO - Started process (PID=1673) to work on /home/airflow/.local/lib/python3.7/site-packages/airflow/example_dags/example_xcom.py
[2023-05-10T22:09:36.583+0000] {processor.py:799} INFO - Processing file /home/airflow/.local/lib/python3.7/site-packages/airflow/example_dags/example_xcom.py for tasks to queue
[2023-05-10T22:09:36.591+0000] {logging_mixin.py:149} INFO - [2023-05-10T22:09:36.587+0000] {dagbag.py:541} INFO - Filling up the DagBag from /home/airflow/.local/lib/python3.7/site-packages/airflow/example_dags/example_xcom.py
[2023-05-10T22:09:36.622+0000] {processor.py:809} INFO - DAG(s) dict_keys(['example_xcom']) retrieved from /home/airflow/.local/lib/python3.7/site-packages/airflow/example_dags/example_xcom.py
[2023-05-10T22:09:36.733+0000] {logging_mixin.py:149} INFO - [2023-05-10T22:09:36.732+0000] {dag.py:2726} INFO - Sync 1 DAGs
[2023-05-10T22:09:36.866+0000] {logging_mixin.py:149} INFO - [2023-05-10T22:09:36.865+0000] {dag.py:3490} INFO - Setting next_dagrun for example_xcom to 2021-01-01T00:00:00+00:00, run_after=2021-01-01T00:00:00+00:00
[2023-05-10T22:09:36.985+0000] {processor.py:178} INFO - Processing /home/airflow/.local/lib/python3.7/site-packages/airflow/example_dags/example_xcom.py took 0.414 seconds
[2023-05-10T22:10:09.638+0000] {processor.py:156} INFO - Started process (PID=1729) to work on /home/airflow/.local/lib/python3.7/site-packages/airflow/example_dags/example_xcom.py
[2023-05-10T22:10:09.640+0000] {processor.py:799} INFO - Processing file /home/airflow/.local/lib/python3.7/site-packages/airflow/example_dags/example_xcom.py for tasks to queue
[2023-05-10T22:10:09.643+0000] {logging_mixin.py:149} INFO - [2023-05-10T22:10:09.642+0000] {dagbag.py:541} INFO - Filling up the DagBag from /home/airflow/.local/lib/python3.7/site-packages/airflow/example_dags/example_xcom.py
[2023-05-10T22:10:09.690+0000] {processor.py:809} INFO - DAG(s) dict_keys(['example_xcom']) retrieved from /home/airflow/.local/lib/python3.7/site-packages/airflow/example_dags/example_xcom.py
[2023-05-10T22:10:09.833+0000] {logging_mixin.py:149} INFO - [2023-05-10T22:10:09.833+0000] {dag.py:2726} INFO - Sync 1 DAGs
[2023-05-10T22:10:10.009+0000] {logging_mixin.py:149} INFO - [2023-05-10T22:10:10.008+0000] {dag.py:3490} INFO - Setting next_dagrun for example_xcom to 2021-01-01T00:00:00+00:00, run_after=2021-01-01T00:00:00+00:00
[2023-05-10T22:10:10.141+0000] {processor.py:178} INFO - Processing /home/airflow/.local/lib/python3.7/site-packages/airflow/example_dags/example_xcom.py took 0.519 seconds
