[2023-05-10T21:52:43.076+0000] {processor.py:156} INFO - Started process (PID=76) to work on /home/airflow/.local/lib/python3.7/site-packages/airflow/example_dags/example_trigger_target_dag.py
[2023-05-10T21:52:43.101+0000] {processor.py:799} INFO - Processing file /home/airflow/.local/lib/python3.7/site-packages/airflow/example_dags/example_trigger_target_dag.py for tasks to queue
[2023-05-10T21:52:43.121+0000] {logging_mixin.py:149} INFO - [2023-05-10T21:52:43.121+0000] {dagbag.py:541} INFO - Filling up the DagBag from /home/airflow/.local/lib/python3.7/site-packages/airflow/example_dags/example_trigger_target_dag.py
[2023-05-10T21:52:43.184+0000] {processor.py:809} INFO - DAG(s) dict_keys(['example_trigger_target_dag']) retrieved from /home/airflow/.local/lib/python3.7/site-packages/airflow/example_dags/example_trigger_target_dag.py
[2023-05-10T21:52:44.426+0000] {logging_mixin.py:149} INFO - [2023-05-10T21:52:44.426+0000] {manager.py:504} INFO - Created Permission View: can read on DAG:example_trigger_target_dag
[2023-05-10T21:52:44.704+0000] {logging_mixin.py:149} INFO - [2023-05-10T21:52:44.704+0000] {manager.py:504} INFO - Created Permission View: can delete on DAG:example_trigger_target_dag
[2023-05-10T21:52:45.051+0000] {logging_mixin.py:149} INFO - [2023-05-10T21:52:45.050+0000] {manager.py:504} INFO - Created Permission View: can edit on DAG:example_trigger_target_dag
[2023-05-10T21:52:45.052+0000] {logging_mixin.py:149} INFO - [2023-05-10T21:52:45.052+0000] {dag.py:2726} INFO - Sync 1 DAGs
[2023-05-10T21:52:45.144+0000] {logging_mixin.py:149} INFO - [2023-05-10T21:52:45.143+0000] {dag.py:2747} INFO - Creating ORM DAG for example_trigger_target_dag
[2023-05-10T21:52:45.207+0000] {logging_mixin.py:149} INFO - [2023-05-10T21:52:45.207+0000] {dag.py:3490} INFO - Setting next_dagrun for example_trigger_target_dag to None, run_after=None
[2023-05-10T21:52:45.551+0000] {processor.py:178} INFO - Processing /home/airflow/.local/lib/python3.7/site-packages/airflow/example_dags/example_trigger_target_dag.py took 2.494 seconds
[2023-05-10T21:53:58.982+0000] {processor.py:156} INFO - Started process (PID=138) to work on /home/airflow/.local/lib/python3.7/site-packages/airflow/example_dags/example_trigger_target_dag.py
[2023-05-10T21:53:58.984+0000] {processor.py:799} INFO - Processing file /home/airflow/.local/lib/python3.7/site-packages/airflow/example_dags/example_trigger_target_dag.py for tasks to queue
[2023-05-10T21:53:58.987+0000] {logging_mixin.py:149} INFO - [2023-05-10T21:53:58.987+0000] {dagbag.py:541} INFO - Filling up the DagBag from /home/airflow/.local/lib/python3.7/site-packages/airflow/example_dags/example_trigger_target_dag.py
[2023-05-10T21:53:59.068+0000] {processor.py:809} INFO - DAG(s) dict_keys(['example_trigger_target_dag']) retrieved from /home/airflow/.local/lib/python3.7/site-packages/airflow/example_dags/example_trigger_target_dag.py
[2023-05-10T21:53:59.139+0000] {logging_mixin.py:149} INFO - [2023-05-10T21:53:59.138+0000] {dag.py:2726} INFO - Sync 1 DAGs
[2023-05-10T21:53:59.272+0000] {logging_mixin.py:149} INFO - [2023-05-10T21:53:59.271+0000] {dag.py:3490} INFO - Setting next_dagrun for example_trigger_target_dag to None, run_after=None
[2023-05-10T21:53:59.515+0000] {processor.py:178} INFO - Processing /home/airflow/.local/lib/python3.7/site-packages/airflow/example_dags/example_trigger_target_dag.py took 0.542 seconds
[2023-05-10T21:54:37.162+0000] {processor.py:156} INFO - Started process (PID=190) to work on /home/airflow/.local/lib/python3.7/site-packages/airflow/example_dags/example_trigger_target_dag.py
[2023-05-10T21:54:37.171+0000] {processor.py:799} INFO - Processing file /home/airflow/.local/lib/python3.7/site-packages/airflow/example_dags/example_trigger_target_dag.py for tasks to queue
[2023-05-10T21:54:37.184+0000] {logging_mixin.py:149} INFO - [2023-05-10T21:54:37.182+0000] {dagbag.py:541} INFO - Filling up the DagBag from /home/airflow/.local/lib/python3.7/site-packages/airflow/example_dags/example_trigger_target_dag.py
[2023-05-10T21:54:37.212+0000] {processor.py:809} INFO - DAG(s) dict_keys(['example_trigger_target_dag']) retrieved from /home/airflow/.local/lib/python3.7/site-packages/airflow/example_dags/example_trigger_target_dag.py
[2023-05-10T21:54:37.381+0000] {logging_mixin.py:149} INFO - [2023-05-10T21:54:37.379+0000] {dag.py:2726} INFO - Sync 1 DAGs
[2023-05-10T21:54:37.538+0000] {logging_mixin.py:149} INFO - [2023-05-10T21:54:37.538+0000] {dag.py:3490} INFO - Setting next_dagrun for example_trigger_target_dag to None, run_after=None
[2023-05-10T21:54:37.794+0000] {processor.py:178} INFO - Processing /home/airflow/.local/lib/python3.7/site-packages/airflow/example_dags/example_trigger_target_dag.py took 0.641 seconds
[2023-05-10T21:55:19.989+0000] {processor.py:156} INFO - Started process (PID=240) to work on /home/airflow/.local/lib/python3.7/site-packages/airflow/example_dags/example_trigger_target_dag.py
[2023-05-10T21:55:19.993+0000] {processor.py:799} INFO - Processing file /home/airflow/.local/lib/python3.7/site-packages/airflow/example_dags/example_trigger_target_dag.py for tasks to queue
[2023-05-10T21:55:20.006+0000] {logging_mixin.py:149} INFO - [2023-05-10T21:55:20.006+0000] {dagbag.py:541} INFO - Filling up the DagBag from /home/airflow/.local/lib/python3.7/site-packages/airflow/example_dags/example_trigger_target_dag.py
[2023-05-10T21:55:20.085+0000] {processor.py:809} INFO - DAG(s) dict_keys(['example_trigger_target_dag']) retrieved from /home/airflow/.local/lib/python3.7/site-packages/airflow/example_dags/example_trigger_target_dag.py
[2023-05-10T21:55:20.304+0000] {logging_mixin.py:149} INFO - [2023-05-10T21:55:20.303+0000] {dag.py:2726} INFO - Sync 1 DAGs
[2023-05-10T21:55:20.498+0000] {logging_mixin.py:149} INFO - [2023-05-10T21:55:20.498+0000] {dag.py:3490} INFO - Setting next_dagrun for example_trigger_target_dag to None, run_after=None
[2023-05-10T21:55:21.173+0000] {processor.py:178} INFO - Processing /home/airflow/.local/lib/python3.7/site-packages/airflow/example_dags/example_trigger_target_dag.py took 1.202 seconds
[2023-05-10T21:55:57.674+0000] {processor.py:156} INFO - Started process (PID=296) to work on /home/airflow/.local/lib/python3.7/site-packages/airflow/example_dags/example_trigger_target_dag.py
[2023-05-10T21:55:57.677+0000] {processor.py:799} INFO - Processing file /home/airflow/.local/lib/python3.7/site-packages/airflow/example_dags/example_trigger_target_dag.py for tasks to queue
[2023-05-10T21:55:57.682+0000] {logging_mixin.py:149} INFO - [2023-05-10T21:55:57.680+0000] {dagbag.py:541} INFO - Filling up the DagBag from /home/airflow/.local/lib/python3.7/site-packages/airflow/example_dags/example_trigger_target_dag.py
[2023-05-10T21:55:57.702+0000] {processor.py:809} INFO - DAG(s) dict_keys(['example_trigger_target_dag']) retrieved from /home/airflow/.local/lib/python3.7/site-packages/airflow/example_dags/example_trigger_target_dag.py
[2023-05-10T21:55:57.862+0000] {logging_mixin.py:149} INFO - [2023-05-10T21:55:57.862+0000] {dag.py:2726} INFO - Sync 1 DAGs
[2023-05-10T21:55:58.160+0000] {logging_mixin.py:149} INFO - [2023-05-10T21:55:58.159+0000] {dag.py:3490} INFO - Setting next_dagrun for example_trigger_target_dag to None, run_after=None
[2023-05-10T21:55:58.662+0000] {processor.py:178} INFO - Processing /home/airflow/.local/lib/python3.7/site-packages/airflow/example_dags/example_trigger_target_dag.py took 0.999 seconds
[2023-05-10T21:56:28.949+0000] {processor.py:156} INFO - Started process (PID=348) to work on /home/airflow/.local/lib/python3.7/site-packages/airflow/example_dags/example_trigger_target_dag.py
[2023-05-10T21:56:28.983+0000] {processor.py:799} INFO - Processing file /home/airflow/.local/lib/python3.7/site-packages/airflow/example_dags/example_trigger_target_dag.py for tasks to queue
[2023-05-10T21:56:28.985+0000] {logging_mixin.py:149} INFO - [2023-05-10T21:56:28.985+0000] {dagbag.py:541} INFO - Filling up the DagBag from /home/airflow/.local/lib/python3.7/site-packages/airflow/example_dags/example_trigger_target_dag.py
[2023-05-10T21:56:29.071+0000] {processor.py:809} INFO - DAG(s) dict_keys(['example_trigger_target_dag']) retrieved from /home/airflow/.local/lib/python3.7/site-packages/airflow/example_dags/example_trigger_target_dag.py
[2023-05-10T21:56:29.245+0000] {logging_mixin.py:149} INFO - [2023-05-10T21:56:29.244+0000] {dag.py:2726} INFO - Sync 1 DAGs
[2023-05-10T21:56:29.410+0000] {logging_mixin.py:149} INFO - [2023-05-10T21:56:29.409+0000] {dag.py:3490} INFO - Setting next_dagrun for example_trigger_target_dag to None, run_after=None
[2023-05-10T21:56:29.873+0000] {processor.py:178} INFO - Processing /home/airflow/.local/lib/python3.7/site-packages/airflow/example_dags/example_trigger_target_dag.py took 0.943 seconds
[2023-05-10T21:57:11.357+0000] {processor.py:156} INFO - Started process (PID=410) to work on /home/airflow/.local/lib/python3.7/site-packages/airflow/example_dags/example_trigger_target_dag.py
[2023-05-10T21:57:11.361+0000] {processor.py:799} INFO - Processing file /home/airflow/.local/lib/python3.7/site-packages/airflow/example_dags/example_trigger_target_dag.py for tasks to queue
[2023-05-10T21:57:11.365+0000] {logging_mixin.py:149} INFO - [2023-05-10T21:57:11.365+0000] {dagbag.py:541} INFO - Filling up the DagBag from /home/airflow/.local/lib/python3.7/site-packages/airflow/example_dags/example_trigger_target_dag.py
[2023-05-10T21:57:11.407+0000] {processor.py:809} INFO - DAG(s) dict_keys(['example_trigger_target_dag']) retrieved from /home/airflow/.local/lib/python3.7/site-packages/airflow/example_dags/example_trigger_target_dag.py
[2023-05-10T21:57:11.572+0000] {logging_mixin.py:149} INFO - [2023-05-10T21:57:11.572+0000] {dag.py:2726} INFO - Sync 1 DAGs
[2023-05-10T21:57:11.791+0000] {logging_mixin.py:149} INFO - [2023-05-10T21:57:11.791+0000] {dag.py:3490} INFO - Setting next_dagrun for example_trigger_target_dag to None, run_after=None
[2023-05-10T21:57:12.092+0000] {processor.py:178} INFO - Processing /home/airflow/.local/lib/python3.7/site-packages/airflow/example_dags/example_trigger_target_dag.py took 0.746 seconds
[2023-05-10T21:57:48.590+0000] {processor.py:156} INFO - Started process (PID=466) to work on /home/airflow/.local/lib/python3.7/site-packages/airflow/example_dags/example_trigger_target_dag.py
[2023-05-10T21:57:48.682+0000] {processor.py:799} INFO - Processing file /home/airflow/.local/lib/python3.7/site-packages/airflow/example_dags/example_trigger_target_dag.py for tasks to queue
[2023-05-10T21:57:48.684+0000] {logging_mixin.py:149} INFO - [2023-05-10T21:57:48.684+0000] {dagbag.py:541} INFO - Filling up the DagBag from /home/airflow/.local/lib/python3.7/site-packages/airflow/example_dags/example_trigger_target_dag.py
[2023-05-10T21:57:48.700+0000] {processor.py:809} INFO - DAG(s) dict_keys(['example_trigger_target_dag']) retrieved from /home/airflow/.local/lib/python3.7/site-packages/airflow/example_dags/example_trigger_target_dag.py
[2023-05-10T21:57:48.793+0000] {logging_mixin.py:149} INFO - [2023-05-10T21:57:48.793+0000] {dag.py:2726} INFO - Sync 1 DAGs
[2023-05-10T21:57:49.031+0000] {logging_mixin.py:149} INFO - [2023-05-10T21:57:49.031+0000] {dag.py:3490} INFO - Setting next_dagrun for example_trigger_target_dag to None, run_after=None
[2023-05-10T21:57:49.395+0000] {processor.py:178} INFO - Processing /home/airflow/.local/lib/python3.7/site-packages/airflow/example_dags/example_trigger_target_dag.py took 0.826 seconds
[2023-05-10T21:58:19.783+0000] {processor.py:156} INFO - Started process (PID=517) to work on /home/airflow/.local/lib/python3.7/site-packages/airflow/example_dags/example_trigger_target_dag.py
[2023-05-10T21:58:19.795+0000] {processor.py:799} INFO - Processing file /home/airflow/.local/lib/python3.7/site-packages/airflow/example_dags/example_trigger_target_dag.py for tasks to queue
[2023-05-10T21:58:19.798+0000] {logging_mixin.py:149} INFO - [2023-05-10T21:58:19.797+0000] {dagbag.py:541} INFO - Filling up the DagBag from /home/airflow/.local/lib/python3.7/site-packages/airflow/example_dags/example_trigger_target_dag.py
[2023-05-10T21:58:19.822+0000] {processor.py:809} INFO - DAG(s) dict_keys(['example_trigger_target_dag']) retrieved from /home/airflow/.local/lib/python3.7/site-packages/airflow/example_dags/example_trigger_target_dag.py
[2023-05-10T21:58:19.939+0000] {logging_mixin.py:149} INFO - [2023-05-10T21:58:19.938+0000] {dag.py:2726} INFO - Sync 1 DAGs
[2023-05-10T21:58:20.064+0000] {logging_mixin.py:149} INFO - [2023-05-10T21:58:20.063+0000] {dag.py:3490} INFO - Setting next_dagrun for example_trigger_target_dag to None, run_after=None
[2023-05-10T21:58:21.449+0000] {processor.py:178} INFO - Processing /home/airflow/.local/lib/python3.7/site-packages/airflow/example_dags/example_trigger_target_dag.py took 1.674 seconds
[2023-05-10T21:58:51.634+0000] {processor.py:156} INFO - Started process (PID=573) to work on /home/airflow/.local/lib/python3.7/site-packages/airflow/example_dags/example_trigger_target_dag.py
[2023-05-10T21:58:51.636+0000] {processor.py:799} INFO - Processing file /home/airflow/.local/lib/python3.7/site-packages/airflow/example_dags/example_trigger_target_dag.py for tasks to queue
[2023-05-10T21:58:51.639+0000] {logging_mixin.py:149} INFO - [2023-05-10T21:58:51.639+0000] {dagbag.py:541} INFO - Filling up the DagBag from /home/airflow/.local/lib/python3.7/site-packages/airflow/example_dags/example_trigger_target_dag.py
[2023-05-10T21:58:51.672+0000] {processor.py:809} INFO - DAG(s) dict_keys(['example_trigger_target_dag']) retrieved from /home/airflow/.local/lib/python3.7/site-packages/airflow/example_dags/example_trigger_target_dag.py
[2023-05-10T21:58:51.796+0000] {logging_mixin.py:149} INFO - [2023-05-10T21:58:51.796+0000] {dag.py:2726} INFO - Sync 1 DAGs
[2023-05-10T21:58:51.990+0000] {logging_mixin.py:149} INFO - [2023-05-10T21:58:51.990+0000] {dag.py:3490} INFO - Setting next_dagrun for example_trigger_target_dag to None, run_after=None
[2023-05-10T21:58:52.320+0000] {processor.py:178} INFO - Processing /home/airflow/.local/lib/python3.7/site-packages/airflow/example_dags/example_trigger_target_dag.py took 0.704 seconds
[2023-05-10T21:59:22.699+0000] {processor.py:156} INFO - Started process (PID=629) to work on /home/airflow/.local/lib/python3.7/site-packages/airflow/example_dags/example_trigger_target_dag.py
[2023-05-10T21:59:22.702+0000] {processor.py:799} INFO - Processing file /home/airflow/.local/lib/python3.7/site-packages/airflow/example_dags/example_trigger_target_dag.py for tasks to queue
[2023-05-10T21:59:22.705+0000] {logging_mixin.py:149} INFO - [2023-05-10T21:59:22.705+0000] {dagbag.py:541} INFO - Filling up the DagBag from /home/airflow/.local/lib/python3.7/site-packages/airflow/example_dags/example_trigger_target_dag.py
[2023-05-10T21:59:22.757+0000] {processor.py:809} INFO - DAG(s) dict_keys(['example_trigger_target_dag']) retrieved from /home/airflow/.local/lib/python3.7/site-packages/airflow/example_dags/example_trigger_target_dag.py
[2023-05-10T21:59:22.924+0000] {logging_mixin.py:149} INFO - [2023-05-10T21:59:22.923+0000] {dag.py:2726} INFO - Sync 1 DAGs
[2023-05-10T21:59:23.128+0000] {logging_mixin.py:149} INFO - [2023-05-10T21:59:23.128+0000] {dag.py:3490} INFO - Setting next_dagrun for example_trigger_target_dag to None, run_after=None
[2023-05-10T21:59:23.310+0000] {processor.py:178} INFO - Processing /home/airflow/.local/lib/python3.7/site-packages/airflow/example_dags/example_trigger_target_dag.py took 0.632 seconds
[2023-05-10T21:59:59.695+0000] {processor.py:156} INFO - Started process (PID=685) to work on /home/airflow/.local/lib/python3.7/site-packages/airflow/example_dags/example_trigger_target_dag.py
[2023-05-10T21:59:59.699+0000] {processor.py:799} INFO - Processing file /home/airflow/.local/lib/python3.7/site-packages/airflow/example_dags/example_trigger_target_dag.py for tasks to queue
[2023-05-10T21:59:59.702+0000] {logging_mixin.py:149} INFO - [2023-05-10T21:59:59.701+0000] {dagbag.py:541} INFO - Filling up the DagBag from /home/airflow/.local/lib/python3.7/site-packages/airflow/example_dags/example_trigger_target_dag.py
[2023-05-10T21:59:59.725+0000] {processor.py:809} INFO - DAG(s) dict_keys(['example_trigger_target_dag']) retrieved from /home/airflow/.local/lib/python3.7/site-packages/airflow/example_dags/example_trigger_target_dag.py
[2023-05-10T21:59:59.941+0000] {logging_mixin.py:149} INFO - [2023-05-10T21:59:59.940+0000] {dag.py:2726} INFO - Sync 1 DAGs
[2023-05-10T22:00:00.221+0000] {logging_mixin.py:149} INFO - [2023-05-10T22:00:00.221+0000] {dag.py:3490} INFO - Setting next_dagrun for example_trigger_target_dag to None, run_after=None
[2023-05-10T22:00:00.549+0000] {processor.py:178} INFO - Processing /home/airflow/.local/lib/python3.7/site-packages/airflow/example_dags/example_trigger_target_dag.py took 0.873 seconds
[2023-05-10T22:00:34.524+0000] {processor.py:156} INFO - Started process (PID=741) to work on /home/airflow/.local/lib/python3.7/site-packages/airflow/example_dags/example_trigger_target_dag.py
[2023-05-10T22:00:34.535+0000] {processor.py:799} INFO - Processing file /home/airflow/.local/lib/python3.7/site-packages/airflow/example_dags/example_trigger_target_dag.py for tasks to queue
[2023-05-10T22:00:34.544+0000] {logging_mixin.py:149} INFO - [2023-05-10T22:00:34.544+0000] {dagbag.py:541} INFO - Filling up the DagBag from /home/airflow/.local/lib/python3.7/site-packages/airflow/example_dags/example_trigger_target_dag.py
[2023-05-10T22:00:34.584+0000] {processor.py:809} INFO - DAG(s) dict_keys(['example_trigger_target_dag']) retrieved from /home/airflow/.local/lib/python3.7/site-packages/airflow/example_dags/example_trigger_target_dag.py
[2023-05-10T22:00:34.722+0000] {logging_mixin.py:149} INFO - [2023-05-10T22:00:34.721+0000] {dag.py:2726} INFO - Sync 1 DAGs
[2023-05-10T22:00:34.884+0000] {logging_mixin.py:149} INFO - [2023-05-10T22:00:34.884+0000] {dag.py:3490} INFO - Setting next_dagrun for example_trigger_target_dag to None, run_after=None
[2023-05-10T22:00:35.042+0000] {processor.py:178} INFO - Processing /home/airflow/.local/lib/python3.7/site-packages/airflow/example_dags/example_trigger_target_dag.py took 0.535 seconds
[2023-05-10T22:01:08.953+0000] {processor.py:156} INFO - Started process (PID=799) to work on /home/airflow/.local/lib/python3.7/site-packages/airflow/example_dags/example_trigger_target_dag.py
[2023-05-10T22:01:08.987+0000] {processor.py:799} INFO - Processing file /home/airflow/.local/lib/python3.7/site-packages/airflow/example_dags/example_trigger_target_dag.py for tasks to queue
[2023-05-10T22:01:09.000+0000] {logging_mixin.py:149} INFO - [2023-05-10T22:01:08.999+0000] {dagbag.py:541} INFO - Filling up the DagBag from /home/airflow/.local/lib/python3.7/site-packages/airflow/example_dags/example_trigger_target_dag.py
[2023-05-10T22:01:09.081+0000] {processor.py:809} INFO - DAG(s) dict_keys(['example_trigger_target_dag']) retrieved from /home/airflow/.local/lib/python3.7/site-packages/airflow/example_dags/example_trigger_target_dag.py
[2023-05-10T22:01:09.204+0000] {logging_mixin.py:149} INFO - [2023-05-10T22:01:09.203+0000] {dag.py:2726} INFO - Sync 1 DAGs
[2023-05-10T22:01:09.537+0000] {logging_mixin.py:149} INFO - [2023-05-10T22:01:09.537+0000] {dag.py:3490} INFO - Setting next_dagrun for example_trigger_target_dag to None, run_after=None
[2023-05-10T22:01:09.841+0000] {processor.py:178} INFO - Processing /home/airflow/.local/lib/python3.7/site-packages/airflow/example_dags/example_trigger_target_dag.py took 0.922 seconds
[2023-05-10T22:01:40.322+0000] {processor.py:156} INFO - Started process (PID=855) to work on /home/airflow/.local/lib/python3.7/site-packages/airflow/example_dags/example_trigger_target_dag.py
[2023-05-10T22:01:40.421+0000] {processor.py:799} INFO - Processing file /home/airflow/.local/lib/python3.7/site-packages/airflow/example_dags/example_trigger_target_dag.py for tasks to queue
[2023-05-10T22:01:40.424+0000] {logging_mixin.py:149} INFO - [2023-05-10T22:01:40.423+0000] {dagbag.py:541} INFO - Filling up the DagBag from /home/airflow/.local/lib/python3.7/site-packages/airflow/example_dags/example_trigger_target_dag.py
[2023-05-10T22:01:40.448+0000] {processor.py:809} INFO - DAG(s) dict_keys(['example_trigger_target_dag']) retrieved from /home/airflow/.local/lib/python3.7/site-packages/airflow/example_dags/example_trigger_target_dag.py
[2023-05-10T22:01:40.601+0000] {logging_mixin.py:149} INFO - [2023-05-10T22:01:40.601+0000] {dag.py:2726} INFO - Sync 1 DAGs
[2023-05-10T22:01:40.779+0000] {logging_mixin.py:149} INFO - [2023-05-10T22:01:40.779+0000] {dag.py:3490} INFO - Setting next_dagrun for example_trigger_target_dag to None, run_after=None
[2023-05-10T22:01:40.955+0000] {processor.py:178} INFO - Processing /home/airflow/.local/lib/python3.7/site-packages/airflow/example_dags/example_trigger_target_dag.py took 0.651 seconds
[2023-05-10T22:02:11.427+0000] {processor.py:156} INFO - Started process (PID=912) to work on /home/airflow/.local/lib/python3.7/site-packages/airflow/example_dags/example_trigger_target_dag.py
[2023-05-10T22:02:11.478+0000] {processor.py:799} INFO - Processing file /home/airflow/.local/lib/python3.7/site-packages/airflow/example_dags/example_trigger_target_dag.py for tasks to queue
[2023-05-10T22:02:11.481+0000] {logging_mixin.py:149} INFO - [2023-05-10T22:02:11.480+0000] {dagbag.py:541} INFO - Filling up the DagBag from /home/airflow/.local/lib/python3.7/site-packages/airflow/example_dags/example_trigger_target_dag.py
[2023-05-10T22:02:11.503+0000] {processor.py:809} INFO - DAG(s) dict_keys(['example_trigger_target_dag']) retrieved from /home/airflow/.local/lib/python3.7/site-packages/airflow/example_dags/example_trigger_target_dag.py
[2023-05-10T22:02:11.640+0000] {logging_mixin.py:149} INFO - [2023-05-10T22:02:11.640+0000] {dag.py:2726} INFO - Sync 1 DAGs
[2023-05-10T22:02:11.794+0000] {logging_mixin.py:149} INFO - [2023-05-10T22:02:11.785+0000] {dag.py:3490} INFO - Setting next_dagrun for example_trigger_target_dag to None, run_after=None
[2023-05-10T22:02:11.973+0000] {processor.py:178} INFO - Processing /home/airflow/.local/lib/python3.7/site-packages/airflow/example_dags/example_trigger_target_dag.py took 0.563 seconds
[2023-05-10T22:02:47.568+0000] {processor.py:156} INFO - Started process (PID=974) to work on /home/airflow/.local/lib/python3.7/site-packages/airflow/example_dags/example_trigger_target_dag.py
[2023-05-10T22:02:47.570+0000] {processor.py:799} INFO - Processing file /home/airflow/.local/lib/python3.7/site-packages/airflow/example_dags/example_trigger_target_dag.py for tasks to queue
[2023-05-10T22:02:47.573+0000] {logging_mixin.py:149} INFO - [2023-05-10T22:02:47.573+0000] {dagbag.py:541} INFO - Filling up the DagBag from /home/airflow/.local/lib/python3.7/site-packages/airflow/example_dags/example_trigger_target_dag.py
[2023-05-10T22:02:47.605+0000] {processor.py:809} INFO - DAG(s) dict_keys(['example_trigger_target_dag']) retrieved from /home/airflow/.local/lib/python3.7/site-packages/airflow/example_dags/example_trigger_target_dag.py
[2023-05-10T22:02:47.755+0000] {logging_mixin.py:149} INFO - [2023-05-10T22:02:47.755+0000] {dag.py:2726} INFO - Sync 1 DAGs
[2023-05-10T22:02:47.955+0000] {logging_mixin.py:149} INFO - [2023-05-10T22:02:47.955+0000] {dag.py:3490} INFO - Setting next_dagrun for example_trigger_target_dag to None, run_after=None
[2023-05-10T22:02:48.159+0000] {processor.py:178} INFO - Processing /home/airflow/.local/lib/python3.7/site-packages/airflow/example_dags/example_trigger_target_dag.py took 0.614 seconds
[2023-05-10T22:03:19.447+0000] {processor.py:156} INFO - Started process (PID=1029) to work on /home/airflow/.local/lib/python3.7/site-packages/airflow/example_dags/example_trigger_target_dag.py
[2023-05-10T22:03:19.449+0000] {processor.py:799} INFO - Processing file /home/airflow/.local/lib/python3.7/site-packages/airflow/example_dags/example_trigger_target_dag.py for tasks to queue
[2023-05-10T22:03:19.453+0000] {logging_mixin.py:149} INFO - [2023-05-10T22:03:19.452+0000] {dagbag.py:541} INFO - Filling up the DagBag from /home/airflow/.local/lib/python3.7/site-packages/airflow/example_dags/example_trigger_target_dag.py
[2023-05-10T22:03:19.485+0000] {processor.py:809} INFO - DAG(s) dict_keys(['example_trigger_target_dag']) retrieved from /home/airflow/.local/lib/python3.7/site-packages/airflow/example_dags/example_trigger_target_dag.py
[2023-05-10T22:03:19.636+0000] {logging_mixin.py:149} INFO - [2023-05-10T22:03:19.635+0000] {dag.py:2726} INFO - Sync 1 DAGs
[2023-05-10T22:03:19.812+0000] {logging_mixin.py:149} INFO - [2023-05-10T22:03:19.812+0000] {dag.py:3490} INFO - Setting next_dagrun for example_trigger_target_dag to None, run_after=None
[2023-05-10T22:03:20.093+0000] {processor.py:178} INFO - Processing /home/airflow/.local/lib/python3.7/site-packages/airflow/example_dags/example_trigger_target_dag.py took 0.665 seconds
[2023-05-10T22:03:54.584+0000] {processor.py:156} INFO - Started process (PID=1083) to work on /home/airflow/.local/lib/python3.7/site-packages/airflow/example_dags/example_trigger_target_dag.py
[2023-05-10T22:03:54.589+0000] {processor.py:799} INFO - Processing file /home/airflow/.local/lib/python3.7/site-packages/airflow/example_dags/example_trigger_target_dag.py for tasks to queue
[2023-05-10T22:03:54.601+0000] {logging_mixin.py:149} INFO - [2023-05-10T22:03:54.600+0000] {dagbag.py:541} INFO - Filling up the DagBag from /home/airflow/.local/lib/python3.7/site-packages/airflow/example_dags/example_trigger_target_dag.py
[2023-05-10T22:03:54.637+0000] {processor.py:809} INFO - DAG(s) dict_keys(['example_trigger_target_dag']) retrieved from /home/airflow/.local/lib/python3.7/site-packages/airflow/example_dags/example_trigger_target_dag.py
[2023-05-10T22:03:54.769+0000] {logging_mixin.py:149} INFO - [2023-05-10T22:03:54.767+0000] {dag.py:2726} INFO - Sync 1 DAGs
[2023-05-10T22:03:54.927+0000] {logging_mixin.py:149} INFO - [2023-05-10T22:03:54.926+0000] {dag.py:3490} INFO - Setting next_dagrun for example_trigger_target_dag to None, run_after=None
[2023-05-10T22:03:55.254+0000] {processor.py:178} INFO - Processing /home/airflow/.local/lib/python3.7/site-packages/airflow/example_dags/example_trigger_target_dag.py took 0.679 seconds
[2023-05-10T22:04:27.625+0000] {processor.py:156} INFO - Started process (PID=1139) to work on /home/airflow/.local/lib/python3.7/site-packages/airflow/example_dags/example_trigger_target_dag.py
[2023-05-10T22:04:27.638+0000] {processor.py:799} INFO - Processing file /home/airflow/.local/lib/python3.7/site-packages/airflow/example_dags/example_trigger_target_dag.py for tasks to queue
[2023-05-10T22:04:27.641+0000] {logging_mixin.py:149} INFO - [2023-05-10T22:04:27.640+0000] {dagbag.py:541} INFO - Filling up the DagBag from /home/airflow/.local/lib/python3.7/site-packages/airflow/example_dags/example_trigger_target_dag.py
[2023-05-10T22:04:27.666+0000] {processor.py:809} INFO - DAG(s) dict_keys(['example_trigger_target_dag']) retrieved from /home/airflow/.local/lib/python3.7/site-packages/airflow/example_dags/example_trigger_target_dag.py
[2023-05-10T22:04:27.783+0000] {logging_mixin.py:149} INFO - [2023-05-10T22:04:27.783+0000] {dag.py:2726} INFO - Sync 1 DAGs
[2023-05-10T22:04:27.957+0000] {logging_mixin.py:149} INFO - [2023-05-10T22:04:27.957+0000] {dag.py:3490} INFO - Setting next_dagrun for example_trigger_target_dag to None, run_after=None
[2023-05-10T22:04:27.562+0000] {processor.py:178} INFO - Processing /home/airflow/.local/lib/python3.7/site-packages/airflow/example_dags/example_trigger_target_dag.py took 0.953 seconds
[2023-05-10T22:05:01.387+0000] {processor.py:156} INFO - Started process (PID=1196) to work on /home/airflow/.local/lib/python3.7/site-packages/airflow/example_dags/example_trigger_target_dag.py
[2023-05-10T22:05:01.389+0000] {processor.py:799} INFO - Processing file /home/airflow/.local/lib/python3.7/site-packages/airflow/example_dags/example_trigger_target_dag.py for tasks to queue
[2023-05-10T22:05:01.399+0000] {logging_mixin.py:149} INFO - [2023-05-10T22:05:01.399+0000] {dagbag.py:541} INFO - Filling up the DagBag from /home/airflow/.local/lib/python3.7/site-packages/airflow/example_dags/example_trigger_target_dag.py
[2023-05-10T22:05:01.424+0000] {processor.py:809} INFO - DAG(s) dict_keys(['example_trigger_target_dag']) retrieved from /home/airflow/.local/lib/python3.7/site-packages/airflow/example_dags/example_trigger_target_dag.py
[2023-05-10T22:05:01.522+0000] {logging_mixin.py:149} INFO - [2023-05-10T22:05:01.521+0000] {dag.py:2726} INFO - Sync 1 DAGs
[2023-05-10T22:05:01.678+0000] {logging_mixin.py:149} INFO - [2023-05-10T22:05:01.677+0000] {dag.py:3490} INFO - Setting next_dagrun for example_trigger_target_dag to None, run_after=None
[2023-05-10T22:05:01.839+0000] {processor.py:178} INFO - Processing /home/airflow/.local/lib/python3.7/site-packages/airflow/example_dags/example_trigger_target_dag.py took 0.461 seconds
[2023-05-10T22:05:37.018+0000] {processor.py:156} INFO - Started process (PID=1255) to work on /home/airflow/.local/lib/python3.7/site-packages/airflow/example_dags/example_trigger_target_dag.py
[2023-05-10T22:05:37.020+0000] {processor.py:799} INFO - Processing file /home/airflow/.local/lib/python3.7/site-packages/airflow/example_dags/example_trigger_target_dag.py for tasks to queue
[2023-05-10T22:05:37.023+0000] {logging_mixin.py:149} INFO - [2023-05-10T22:05:37.022+0000] {dagbag.py:541} INFO - Filling up the DagBag from /home/airflow/.local/lib/python3.7/site-packages/airflow/example_dags/example_trigger_target_dag.py
[2023-05-10T22:05:37.047+0000] {processor.py:809} INFO - DAG(s) dict_keys(['example_trigger_target_dag']) retrieved from /home/airflow/.local/lib/python3.7/site-packages/airflow/example_dags/example_trigger_target_dag.py
[2023-05-10T22:05:37.185+0000] {logging_mixin.py:149} INFO - [2023-05-10T22:05:37.185+0000] {dag.py:2726} INFO - Sync 1 DAGs
[2023-05-10T22:05:37.368+0000] {logging_mixin.py:149} INFO - [2023-05-10T22:05:37.368+0000] {dag.py:3490} INFO - Setting next_dagrun for example_trigger_target_dag to None, run_after=None
[2023-05-10T22:05:37.539+0000] {processor.py:178} INFO - Processing /home/airflow/.local/lib/python3.7/site-packages/airflow/example_dags/example_trigger_target_dag.py took 0.540 seconds
[2023-05-10T22:06:08.519+0000] {processor.py:156} INFO - Started process (PID=1306) to work on /home/airflow/.local/lib/python3.7/site-packages/airflow/example_dags/example_trigger_target_dag.py
[2023-05-10T22:06:08.554+0000] {processor.py:799} INFO - Processing file /home/airflow/.local/lib/python3.7/site-packages/airflow/example_dags/example_trigger_target_dag.py for tasks to queue
[2023-05-10T22:06:08.559+0000] {logging_mixin.py:149} INFO - [2023-05-10T22:06:08.559+0000] {dagbag.py:541} INFO - Filling up the DagBag from /home/airflow/.local/lib/python3.7/site-packages/airflow/example_dags/example_trigger_target_dag.py
[2023-05-10T22:06:08.586+0000] {processor.py:809} INFO - DAG(s) dict_keys(['example_trigger_target_dag']) retrieved from /home/airflow/.local/lib/python3.7/site-packages/airflow/example_dags/example_trigger_target_dag.py
[2023-05-10T22:06:08.724+0000] {logging_mixin.py:149} INFO - [2023-05-10T22:06:08.723+0000] {dag.py:2726} INFO - Sync 1 DAGs
[2023-05-10T22:06:08.860+0000] {logging_mixin.py:149} INFO - [2023-05-10T22:06:08.860+0000] {dag.py:3490} INFO - Setting next_dagrun for example_trigger_target_dag to None, run_after=None
[2023-05-10T22:06:09.035+0000] {processor.py:178} INFO - Processing /home/airflow/.local/lib/python3.7/site-packages/airflow/example_dags/example_trigger_target_dag.py took 0.535 seconds
[2023-05-10T22:06:42.632+0000] {processor.py:156} INFO - Started process (PID=1364) to work on /home/airflow/.local/lib/python3.7/site-packages/airflow/example_dags/example_trigger_target_dag.py
[2023-05-10T22:06:42.635+0000] {processor.py:799} INFO - Processing file /home/airflow/.local/lib/python3.7/site-packages/airflow/example_dags/example_trigger_target_dag.py for tasks to queue
[2023-05-10T22:06:42.647+0000] {logging_mixin.py:149} INFO - [2023-05-10T22:06:42.638+0000] {dagbag.py:541} INFO - Filling up the DagBag from /home/airflow/.local/lib/python3.7/site-packages/airflow/example_dags/example_trigger_target_dag.py
[2023-05-10T22:06:42.671+0000] {processor.py:809} INFO - DAG(s) dict_keys(['example_trigger_target_dag']) retrieved from /home/airflow/.local/lib/python3.7/site-packages/airflow/example_dags/example_trigger_target_dag.py
[2023-05-10T22:06:42.827+0000] {logging_mixin.py:149} INFO - [2023-05-10T22:06:42.827+0000] {dag.py:2726} INFO - Sync 1 DAGs
[2023-05-10T22:06:43.079+0000] {logging_mixin.py:149} INFO - [2023-05-10T22:06:43.078+0000] {dag.py:3490} INFO - Setting next_dagrun for example_trigger_target_dag to None, run_after=None
[2023-05-10T22:06:43.327+0000] {processor.py:178} INFO - Processing /home/airflow/.local/lib/python3.7/site-packages/airflow/example_dags/example_trigger_target_dag.py took 0.722 seconds
[2023-05-10T22:07:14.456+0000] {processor.py:156} INFO - Started process (PID=1420) to work on /home/airflow/.local/lib/python3.7/site-packages/airflow/example_dags/example_trigger_target_dag.py
[2023-05-10T22:07:14.477+0000] {processor.py:799} INFO - Processing file /home/airflow/.local/lib/python3.7/site-packages/airflow/example_dags/example_trigger_target_dag.py for tasks to queue
[2023-05-10T22:07:14.481+0000] {logging_mixin.py:149} INFO - [2023-05-10T22:07:14.481+0000] {dagbag.py:541} INFO - Filling up the DagBag from /home/airflow/.local/lib/python3.7/site-packages/airflow/example_dags/example_trigger_target_dag.py
[2023-05-10T22:07:14.518+0000] {processor.py:809} INFO - DAG(s) dict_keys(['example_trigger_target_dag']) retrieved from /home/airflow/.local/lib/python3.7/site-packages/airflow/example_dags/example_trigger_target_dag.py
[2023-05-10T22:07:14.718+0000] {logging_mixin.py:149} INFO - [2023-05-10T22:07:14.717+0000] {dag.py:2726} INFO - Sync 1 DAGs
[2023-05-10T22:07:14.901+0000] {logging_mixin.py:149} INFO - [2023-05-10T22:07:14.900+0000] {dag.py:3490} INFO - Setting next_dagrun for example_trigger_target_dag to None, run_after=None
[2023-05-10T22:07:15.435+0000] {processor.py:178} INFO - Processing /home/airflow/.local/lib/python3.7/site-packages/airflow/example_dags/example_trigger_target_dag.py took 1.000 seconds
[2023-05-10T22:07:45.578+0000] {processor.py:156} INFO - Started process (PID=1475) to work on /home/airflow/.local/lib/python3.7/site-packages/airflow/example_dags/example_trigger_target_dag.py
[2023-05-10T22:07:45.580+0000] {processor.py:799} INFO - Processing file /home/airflow/.local/lib/python3.7/site-packages/airflow/example_dags/example_trigger_target_dag.py for tasks to queue
[2023-05-10T22:07:45.582+0000] {logging_mixin.py:149} INFO - [2023-05-10T22:07:45.582+0000] {dagbag.py:541} INFO - Filling up the DagBag from /home/airflow/.local/lib/python3.7/site-packages/airflow/example_dags/example_trigger_target_dag.py
[2023-05-10T22:07:45.616+0000] {processor.py:809} INFO - DAG(s) dict_keys(['example_trigger_target_dag']) retrieved from /home/airflow/.local/lib/python3.7/site-packages/airflow/example_dags/example_trigger_target_dag.py
[2023-05-10T22:07:45.757+0000] {logging_mixin.py:149} INFO - [2023-05-10T22:07:45.757+0000] {dag.py:2726} INFO - Sync 1 DAGs
[2023-05-10T22:07:45.937+0000] {logging_mixin.py:149} INFO - [2023-05-10T22:07:45.936+0000] {dag.py:3490} INFO - Setting next_dagrun for example_trigger_target_dag to None, run_after=None
[2023-05-10T22:07:46.076+0000] {processor.py:178} INFO - Processing /home/airflow/.local/lib/python3.7/site-packages/airflow/example_dags/example_trigger_target_dag.py took 0.517 seconds
[2023-05-10T22:08:16.849+0000] {processor.py:156} INFO - Started process (PID=1531) to work on /home/airflow/.local/lib/python3.7/site-packages/airflow/example_dags/example_trigger_target_dag.py
[2023-05-10T22:08:16.852+0000] {processor.py:799} INFO - Processing file /home/airflow/.local/lib/python3.7/site-packages/airflow/example_dags/example_trigger_target_dag.py for tasks to queue
[2023-05-10T22:08:16.859+0000] {logging_mixin.py:149} INFO - [2023-05-10T22:08:16.857+0000] {dagbag.py:541} INFO - Filling up the DagBag from /home/airflow/.local/lib/python3.7/site-packages/airflow/example_dags/example_trigger_target_dag.py
[2023-05-10T22:08:16.898+0000] {processor.py:809} INFO - DAG(s) dict_keys(['example_trigger_target_dag']) retrieved from /home/airflow/.local/lib/python3.7/site-packages/airflow/example_dags/example_trigger_target_dag.py
[2023-05-10T22:08:17.060+0000] {logging_mixin.py:149} INFO - [2023-05-10T22:08:17.059+0000] {dag.py:2726} INFO - Sync 1 DAGs
[2023-05-10T22:08:17.236+0000] {logging_mixin.py:149} INFO - [2023-05-10T22:08:17.236+0000] {dag.py:3490} INFO - Setting next_dagrun for example_trigger_target_dag to None, run_after=None
[2023-05-10T22:08:17.442+0000] {processor.py:178} INFO - Processing /home/airflow/.local/lib/python3.7/site-packages/airflow/example_dags/example_trigger_target_dag.py took 0.606 seconds
[2023-05-10T22:08:49.838+0000] {processor.py:156} INFO - Started process (PID=1587) to work on /home/airflow/.local/lib/python3.7/site-packages/airflow/example_dags/example_trigger_target_dag.py
[2023-05-10T22:08:49.847+0000] {processor.py:799} INFO - Processing file /home/airflow/.local/lib/python3.7/site-packages/airflow/example_dags/example_trigger_target_dag.py for tasks to queue
[2023-05-10T22:08:49.854+0000] {logging_mixin.py:149} INFO - [2023-05-10T22:08:49.854+0000] {dagbag.py:541} INFO - Filling up the DagBag from /home/airflow/.local/lib/python3.7/site-packages/airflow/example_dags/example_trigger_target_dag.py
[2023-05-10T22:08:49.952+0000] {processor.py:809} INFO - DAG(s) dict_keys(['example_trigger_target_dag']) retrieved from /home/airflow/.local/lib/python3.7/site-packages/airflow/example_dags/example_trigger_target_dag.py
[2023-05-10T22:08:50.065+0000] {logging_mixin.py:149} INFO - [2023-05-10T22:08:50.065+0000] {dag.py:2726} INFO - Sync 1 DAGs
[2023-05-10T22:08:50.233+0000] {logging_mixin.py:149} INFO - [2023-05-10T22:08:50.232+0000] {dag.py:3490} INFO - Setting next_dagrun for example_trigger_target_dag to None, run_after=None
[2023-05-10T22:08:50.474+0000] {processor.py:178} INFO - Processing /home/airflow/.local/lib/python3.7/site-packages/airflow/example_dags/example_trigger_target_dag.py took 0.654 seconds
[2023-05-10T22:09:28.022+0000] {processor.py:156} INFO - Started process (PID=1644) to work on /home/airflow/.local/lib/python3.7/site-packages/airflow/example_dags/example_trigger_target_dag.py
[2023-05-10T22:09:28.028+0000] {processor.py:799} INFO - Processing file /home/airflow/.local/lib/python3.7/site-packages/airflow/example_dags/example_trigger_target_dag.py for tasks to queue
[2023-05-10T22:09:28.038+0000] {logging_mixin.py:149} INFO - [2023-05-10T22:09:28.037+0000] {dagbag.py:541} INFO - Filling up the DagBag from /home/airflow/.local/lib/python3.7/site-packages/airflow/example_dags/example_trigger_target_dag.py
[2023-05-10T22:09:28.088+0000] {processor.py:809} INFO - DAG(s) dict_keys(['example_trigger_target_dag']) retrieved from /home/airflow/.local/lib/python3.7/site-packages/airflow/example_dags/example_trigger_target_dag.py
[2023-05-10T22:09:28.227+0000] {logging_mixin.py:149} INFO - [2023-05-10T22:09:28.227+0000] {dag.py:2726} INFO - Sync 1 DAGs
[2023-05-10T22:09:28.362+0000] {logging_mixin.py:149} INFO - [2023-05-10T22:09:28.362+0000] {dag.py:3490} INFO - Setting next_dagrun for example_trigger_target_dag to None, run_after=None
[2023-05-10T22:09:28.602+0000] {processor.py:178} INFO - Processing /home/airflow/.local/lib/python3.7/site-packages/airflow/example_dags/example_trigger_target_dag.py took 0.601 seconds
[2023-05-10T22:10:00.238+0000] {processor.py:156} INFO - Started process (PID=1701) to work on /home/airflow/.local/lib/python3.7/site-packages/airflow/example_dags/example_trigger_target_dag.py
[2023-05-10T22:10:00.251+0000] {processor.py:799} INFO - Processing file /home/airflow/.local/lib/python3.7/site-packages/airflow/example_dags/example_trigger_target_dag.py for tasks to queue
[2023-05-10T22:10:00.254+0000] {logging_mixin.py:149} INFO - [2023-05-10T22:10:00.254+0000] {dagbag.py:541} INFO - Filling up the DagBag from /home/airflow/.local/lib/python3.7/site-packages/airflow/example_dags/example_trigger_target_dag.py
[2023-05-10T22:10:00.298+0000] {processor.py:809} INFO - DAG(s) dict_keys(['example_trigger_target_dag']) retrieved from /home/airflow/.local/lib/python3.7/site-packages/airflow/example_dags/example_trigger_target_dag.py
[2023-05-10T22:10:00.430+0000] {logging_mixin.py:149} INFO - [2023-05-10T22:10:00.430+0000] {dag.py:2726} INFO - Sync 1 DAGs
[2023-05-10T22:10:00.611+0000] {logging_mixin.py:149} INFO - [2023-05-10T22:10:00.611+0000] {dag.py:3490} INFO - Setting next_dagrun for example_trigger_target_dag to None, run_after=None
[2023-05-10T22:10:00.906+0000] {processor.py:178} INFO - Processing /home/airflow/.local/lib/python3.7/site-packages/airflow/example_dags/example_trigger_target_dag.py took 0.675 seconds
