[2023-05-10T21:52:34.517+0000] {processor.py:156} INFO - Started process (PID=71) to work on /home/airflow/.local/lib/python3.7/site-packages/airflow/example_dags/example_params_ui_tutorial.py
[2023-05-10T21:52:34.521+0000] {processor.py:799} INFO - Processing file /home/airflow/.local/lib/python3.7/site-packages/airflow/example_dags/example_params_ui_tutorial.py for tasks to queue
[2023-05-10T21:52:34.523+0000] {logging_mixin.py:149} INFO - [2023-05-10T21:52:34.523+0000] {dagbag.py:541} INFO - Filling up the DagBag from /home/airflow/.local/lib/python3.7/site-packages/airflow/example_dags/example_params_ui_tutorial.py
[2023-05-10T21:52:35.607+0000] {processor.py:809} INFO - DAG(s) dict_keys(['example_params_ui_tutorial']) retrieved from /home/airflow/.local/lib/python3.7/site-packages/airflow/example_dags/example_params_ui_tutorial.py
[2023-05-10T21:52:38.145+0000] {logging_mixin.py:149} INFO - [2023-05-10T21:52:38.144+0000] {manager.py:504} INFO - Created Permission View: can read on DAG:example_params_ui_tutorial
[2023-05-10T21:52:38.926+0000] {logging_mixin.py:149} INFO - [2023-05-10T21:52:38.926+0000] {manager.py:504} INFO - Created Permission View: can delete on DAG:example_params_ui_tutorial
[2023-05-10T21:52:39.311+0000] {logging_mixin.py:149} INFO - [2023-05-10T21:52:39.311+0000] {manager.py:504} INFO - Created Permission View: can edit on DAG:example_params_ui_tutorial
[2023-05-10T21:52:39.315+0000] {logging_mixin.py:149} INFO - [2023-05-10T21:52:39.313+0000] {dag.py:2726} INFO - Sync 1 DAGs
[2023-05-10T21:52:39.392+0000] {logging_mixin.py:149} INFO - [2023-05-10T21:52:39.392+0000] {dag.py:2747} INFO - Creating ORM DAG for example_params_ui_tutorial
[2023-05-10T21:52:39.448+0000] {logging_mixin.py:149} INFO - [2023-05-10T21:52:39.448+0000] {dag.py:3490} INFO - Setting next_dagrun for example_params_ui_tutorial to None, run_after=None
[2023-05-10T21:52:39.998+0000] {processor.py:178} INFO - Processing /home/airflow/.local/lib/python3.7/site-packages/airflow/example_dags/example_params_ui_tutorial.py took 5.493 seconds
[2023-05-10T21:53:55.273+0000] {processor.py:156} INFO - Started process (PID=134) to work on /home/airflow/.local/lib/python3.7/site-packages/airflow/example_dags/example_params_ui_tutorial.py
[2023-05-10T21:53:55.276+0000] {processor.py:799} INFO - Processing file /home/airflow/.local/lib/python3.7/site-packages/airflow/example_dags/example_params_ui_tutorial.py for tasks to queue
[2023-05-10T21:53:55.279+0000] {logging_mixin.py:149} INFO - [2023-05-10T21:53:55.278+0000] {dagbag.py:541} INFO - Filling up the DagBag from /home/airflow/.local/lib/python3.7/site-packages/airflow/example_dags/example_params_ui_tutorial.py
[2023-05-10T21:53:55.660+0000] {processor.py:809} INFO - DAG(s) dict_keys(['example_params_ui_tutorial']) retrieved from /home/airflow/.local/lib/python3.7/site-packages/airflow/example_dags/example_params_ui_tutorial.py
[2023-05-10T21:53:56.050+0000] {logging_mixin.py:149} INFO - [2023-05-10T21:53:56.050+0000] {dag.py:2726} INFO - Sync 1 DAGs
[2023-05-10T21:53:56.189+0000] {logging_mixin.py:149} INFO - [2023-05-10T21:53:56.188+0000] {dag.py:3490} INFO - Setting next_dagrun for example_params_ui_tutorial to None, run_after=None
[2023-05-10T21:53:57.344+0000] {processor.py:178} INFO - Processing /home/airflow/.local/lib/python3.7/site-packages/airflow/example_dags/example_params_ui_tutorial.py took 2.088 seconds
[2023-05-10T21:54:34.474+0000] {processor.py:156} INFO - Started process (PID=186) to work on /home/airflow/.local/lib/python3.7/site-packages/airflow/example_dags/example_params_ui_tutorial.py
[2023-05-10T21:54:34.477+0000] {processor.py:799} INFO - Processing file /home/airflow/.local/lib/python3.7/site-packages/airflow/example_dags/example_params_ui_tutorial.py for tasks to queue
[2023-05-10T21:54:34.487+0000] {logging_mixin.py:149} INFO - [2023-05-10T21:54:34.486+0000] {dagbag.py:541} INFO - Filling up the DagBag from /home/airflow/.local/lib/python3.7/site-packages/airflow/example_dags/example_params_ui_tutorial.py
[2023-05-10T21:54:34.875+0000] {processor.py:809} INFO - DAG(s) dict_keys(['example_params_ui_tutorial']) retrieved from /home/airflow/.local/lib/python3.7/site-packages/airflow/example_dags/example_params_ui_tutorial.py
[2023-05-10T21:54:35.604+0000] {logging_mixin.py:149} INFO - [2023-05-10T21:54:35.604+0000] {dag.py:2726} INFO - Sync 1 DAGs
[2023-05-10T21:54:35.844+0000] {logging_mixin.py:149} INFO - [2023-05-10T21:54:35.844+0000] {dag.py:3490} INFO - Setting next_dagrun for example_params_ui_tutorial to None, run_after=None
[2023-05-10T21:54:36.145+0000] {processor.py:178} INFO - Processing /home/airflow/.local/lib/python3.7/site-packages/airflow/example_dags/example_params_ui_tutorial.py took 1.678 seconds
[2023-05-10T21:55:16.963+0000] {processor.py:156} INFO - Started process (PID=236) to work on /home/airflow/.local/lib/python3.7/site-packages/airflow/example_dags/example_params_ui_tutorial.py
[2023-05-10T21:55:16.965+0000] {processor.py:799} INFO - Processing file /home/airflow/.local/lib/python3.7/site-packages/airflow/example_dags/example_params_ui_tutorial.py for tasks to queue
[2023-05-10T21:55:16.978+0000] {logging_mixin.py:149} INFO - [2023-05-10T21:55:16.968+0000] {dagbag.py:541} INFO - Filling up the DagBag from /home/airflow/.local/lib/python3.7/site-packages/airflow/example_dags/example_params_ui_tutorial.py
[2023-05-10T21:55:17.302+0000] {processor.py:809} INFO - DAG(s) dict_keys(['example_params_ui_tutorial']) retrieved from /home/airflow/.local/lib/python3.7/site-packages/airflow/example_dags/example_params_ui_tutorial.py
[2023-05-10T21:55:17.952+0000] {logging_mixin.py:149} INFO - [2023-05-10T21:55:17.951+0000] {dag.py:2726} INFO - Sync 1 DAGs
[2023-05-10T21:55:18.233+0000] {logging_mixin.py:149} INFO - [2023-05-10T21:55:18.233+0000] {dag.py:3490} INFO - Setting next_dagrun for example_params_ui_tutorial to None, run_after=None
[2023-05-10T21:55:18.462+0000] {processor.py:178} INFO - Processing /home/airflow/.local/lib/python3.7/site-packages/airflow/example_dags/example_params_ui_tutorial.py took 1.513 seconds
[2023-05-10T21:55:53.226+0000] {processor.py:156} INFO - Started process (PID=291) to work on /home/airflow/.local/lib/python3.7/site-packages/airflow/example_dags/example_params_ui_tutorial.py
[2023-05-10T21:55:53.228+0000] {processor.py:799} INFO - Processing file /home/airflow/.local/lib/python3.7/site-packages/airflow/example_dags/example_params_ui_tutorial.py for tasks to queue
[2023-05-10T21:55:53.242+0000] {logging_mixin.py:149} INFO - [2023-05-10T21:55:53.241+0000] {dagbag.py:541} INFO - Filling up the DagBag from /home/airflow/.local/lib/python3.7/site-packages/airflow/example_dags/example_params_ui_tutorial.py
[2023-05-10T21:55:53.704+0000] {processor.py:809} INFO - DAG(s) dict_keys(['example_params_ui_tutorial']) retrieved from /home/airflow/.local/lib/python3.7/site-packages/airflow/example_dags/example_params_ui_tutorial.py
[2023-05-10T21:55:54.509+0000] {logging_mixin.py:149} INFO - [2023-05-10T21:55:54.508+0000] {dag.py:2726} INFO - Sync 1 DAGs
[2023-05-10T21:55:54.858+0000] {logging_mixin.py:149} INFO - [2023-05-10T21:55:54.858+0000] {dag.py:3490} INFO - Setting next_dagrun for example_params_ui_tutorial to None, run_after=None
[2023-05-10T21:55:55.123+0000] {processor.py:178} INFO - Processing /home/airflow/.local/lib/python3.7/site-packages/airflow/example_dags/example_params_ui_tutorial.py took 1.914 seconds
[2023-05-10T21:56:25.362+0000] {processor.py:156} INFO - Started process (PID=344) to work on /home/airflow/.local/lib/python3.7/site-packages/airflow/example_dags/example_params_ui_tutorial.py
[2023-05-10T21:56:25.366+0000] {processor.py:799} INFO - Processing file /home/airflow/.local/lib/python3.7/site-packages/airflow/example_dags/example_params_ui_tutorial.py for tasks to queue
[2023-05-10T21:56:25.380+0000] {logging_mixin.py:149} INFO - [2023-05-10T21:56:25.380+0000] {dagbag.py:541} INFO - Filling up the DagBag from /home/airflow/.local/lib/python3.7/site-packages/airflow/example_dags/example_params_ui_tutorial.py
[2023-05-10T21:56:25.941+0000] {processor.py:809} INFO - DAG(s) dict_keys(['example_params_ui_tutorial']) retrieved from /home/airflow/.local/lib/python3.7/site-packages/airflow/example_dags/example_params_ui_tutorial.py
[2023-05-10T21:56:26.580+0000] {logging_mixin.py:149} INFO - [2023-05-10T21:56:26.578+0000] {dag.py:2726} INFO - Sync 1 DAGs
[2023-05-10T21:56:26.915+0000] {logging_mixin.py:149} INFO - [2023-05-10T21:56:26.915+0000] {dag.py:3490} INFO - Setting next_dagrun for example_params_ui_tutorial to None, run_after=None
[2023-05-10T21:56:27.205+0000] {processor.py:178} INFO - Processing /home/airflow/.local/lib/python3.7/site-packages/airflow/example_dags/example_params_ui_tutorial.py took 1.896 seconds
[2023-05-10T21:57:08.642+0000] {processor.py:156} INFO - Started process (PID=406) to work on /home/airflow/.local/lib/python3.7/site-packages/airflow/example_dags/example_params_ui_tutorial.py
[2023-05-10T21:57:08.645+0000] {processor.py:799} INFO - Processing file /home/airflow/.local/lib/python3.7/site-packages/airflow/example_dags/example_params_ui_tutorial.py for tasks to queue
[2023-05-10T21:57:08.652+0000] {logging_mixin.py:149} INFO - [2023-05-10T21:57:08.652+0000] {dagbag.py:541} INFO - Filling up the DagBag from /home/airflow/.local/lib/python3.7/site-packages/airflow/example_dags/example_params_ui_tutorial.py
[2023-05-10T21:57:09.148+0000] {processor.py:809} INFO - DAG(s) dict_keys(['example_params_ui_tutorial']) retrieved from /home/airflow/.local/lib/python3.7/site-packages/airflow/example_dags/example_params_ui_tutorial.py
[2023-05-10T21:57:09.979+0000] {logging_mixin.py:149} INFO - [2023-05-10T21:57:09.978+0000] {dag.py:2726} INFO - Sync 1 DAGs
[2023-05-10T21:57:10.184+0000] {logging_mixin.py:149} INFO - [2023-05-10T21:57:10.184+0000] {dag.py:3490} INFO - Setting next_dagrun for example_params_ui_tutorial to None, run_after=None
[2023-05-10T21:57:10.703+0000] {processor.py:178} INFO - Processing /home/airflow/.local/lib/python3.7/site-packages/airflow/example_dags/example_params_ui_tutorial.py took 2.070 seconds
[2023-05-10T21:57:41.678+0000] {processor.py:156} INFO - Started process (PID=460) to work on /home/airflow/.local/lib/python3.7/site-packages/airflow/example_dags/example_params_ui_tutorial.py
[2023-05-10T21:57:41.681+0000] {processor.py:799} INFO - Processing file /home/airflow/.local/lib/python3.7/site-packages/airflow/example_dags/example_params_ui_tutorial.py for tasks to queue
[2023-05-10T21:57:41.695+0000] {logging_mixin.py:149} INFO - [2023-05-10T21:57:41.695+0000] {dagbag.py:541} INFO - Filling up the DagBag from /home/airflow/.local/lib/python3.7/site-packages/airflow/example_dags/example_params_ui_tutorial.py
[2023-05-10T21:57:42.072+0000] {processor.py:809} INFO - DAG(s) dict_keys(['example_params_ui_tutorial']) retrieved from /home/airflow/.local/lib/python3.7/site-packages/airflow/example_dags/example_params_ui_tutorial.py
[2023-05-10T21:57:42.895+0000] {logging_mixin.py:149} INFO - [2023-05-10T21:57:42.894+0000] {dag.py:2726} INFO - Sync 1 DAGs
[2023-05-10T21:57:43.300+0000] {logging_mixin.py:149} INFO - [2023-05-10T21:57:43.300+0000] {dag.py:3490} INFO - Setting next_dagrun for example_params_ui_tutorial to None, run_after=None
[2023-05-10T21:57:43.776+0000] {processor.py:178} INFO - Processing /home/airflow/.local/lib/python3.7/site-packages/airflow/example_dags/example_params_ui_tutorial.py took 2.117 seconds
[2023-05-10T21:58:14.017+0000] {processor.py:156} INFO - Started process (PID=512) to work on /home/airflow/.local/lib/python3.7/site-packages/airflow/example_dags/example_params_ui_tutorial.py
[2023-05-10T21:58:14.020+0000] {processor.py:799} INFO - Processing file /home/airflow/.local/lib/python3.7/site-packages/airflow/example_dags/example_params_ui_tutorial.py for tasks to queue
[2023-05-10T21:58:14.023+0000] {logging_mixin.py:149} INFO - [2023-05-10T21:58:14.022+0000] {dagbag.py:541} INFO - Filling up the DagBag from /home/airflow/.local/lib/python3.7/site-packages/airflow/example_dags/example_params_ui_tutorial.py
[2023-05-10T21:58:14.217+0000] {processor.py:809} INFO - DAG(s) dict_keys(['example_params_ui_tutorial']) retrieved from /home/airflow/.local/lib/python3.7/site-packages/airflow/example_dags/example_params_ui_tutorial.py
[2023-05-10T21:58:14.640+0000] {logging_mixin.py:149} INFO - [2023-05-10T21:58:14.639+0000] {dag.py:2726} INFO - Sync 1 DAGs
[2023-05-10T21:58:14.808+0000] {logging_mixin.py:149} INFO - [2023-05-10T21:58:14.807+0000] {dag.py:3490} INFO - Setting next_dagrun for example_params_ui_tutorial to None, run_after=None
[2023-05-10T21:58:15.132+0000] {processor.py:178} INFO - Processing /home/airflow/.local/lib/python3.7/site-packages/airflow/example_dags/example_params_ui_tutorial.py took 1.125 seconds
[2023-05-10T21:58:47.635+0000] {processor.py:156} INFO - Started process (PID=568) to work on /home/airflow/.local/lib/python3.7/site-packages/airflow/example_dags/example_params_ui_tutorial.py
[2023-05-10T21:58:47.638+0000] {processor.py:799} INFO - Processing file /home/airflow/.local/lib/python3.7/site-packages/airflow/example_dags/example_params_ui_tutorial.py for tasks to queue
[2023-05-10T21:58:47.641+0000] {logging_mixin.py:149} INFO - [2023-05-10T21:58:47.640+0000] {dagbag.py:541} INFO - Filling up the DagBag from /home/airflow/.local/lib/python3.7/site-packages/airflow/example_dags/example_params_ui_tutorial.py
[2023-05-10T21:58:47.998+0000] {processor.py:809} INFO - DAG(s) dict_keys(['example_params_ui_tutorial']) retrieved from /home/airflow/.local/lib/python3.7/site-packages/airflow/example_dags/example_params_ui_tutorial.py
[2023-05-10T21:58:48.522+0000] {logging_mixin.py:149} INFO - [2023-05-10T21:58:48.514+0000] {dag.py:2726} INFO - Sync 1 DAGs
[2023-05-10T21:58:48.683+0000] {logging_mixin.py:149} INFO - [2023-05-10T21:58:48.682+0000] {dag.py:3490} INFO - Setting next_dagrun for example_params_ui_tutorial to None, run_after=None
[2023-05-10T21:58:48.892+0000] {processor.py:178} INFO - Processing /home/airflow/.local/lib/python3.7/site-packages/airflow/example_dags/example_params_ui_tutorial.py took 1.273 seconds
[2023-05-10T21:59:20.908+0000] {processor.py:156} INFO - Started process (PID=624) to work on /home/airflow/.local/lib/python3.7/site-packages/airflow/example_dags/example_params_ui_tutorial.py
[2023-05-10T21:59:20.913+0000] {processor.py:799} INFO - Processing file /home/airflow/.local/lib/python3.7/site-packages/airflow/example_dags/example_params_ui_tutorial.py for tasks to queue
[2023-05-10T21:59:20.924+0000] {logging_mixin.py:149} INFO - [2023-05-10T21:59:20.923+0000] {dagbag.py:541} INFO - Filling up the DagBag from /home/airflow/.local/lib/python3.7/site-packages/airflow/example_dags/example_params_ui_tutorial.py
[2023-05-10T21:59:21.212+0000] {processor.py:809} INFO - DAG(s) dict_keys(['example_params_ui_tutorial']) retrieved from /home/airflow/.local/lib/python3.7/site-packages/airflow/example_dags/example_params_ui_tutorial.py
[2023-05-10T21:59:21.691+0000] {logging_mixin.py:149} INFO - [2023-05-10T21:59:21.684+0000] {dag.py:2726} INFO - Sync 1 DAGs
[2023-05-10T21:59:21.868+0000] {logging_mixin.py:149} INFO - [2023-05-10T21:59:21.868+0000] {dag.py:3490} INFO - Setting next_dagrun for example_params_ui_tutorial to None, run_after=None
[2023-05-10T21:59:22.041+0000] {processor.py:178} INFO - Processing /home/airflow/.local/lib/python3.7/site-packages/airflow/example_dags/example_params_ui_tutorial.py took 1.151 seconds
[2023-05-10T21:59:57.657+0000] {processor.py:156} INFO - Started process (PID=681) to work on /home/airflow/.local/lib/python3.7/site-packages/airflow/example_dags/example_params_ui_tutorial.py
[2023-05-10T21:59:57.664+0000] {processor.py:799} INFO - Processing file /home/airflow/.local/lib/python3.7/site-packages/airflow/example_dags/example_params_ui_tutorial.py for tasks to queue
[2023-05-10T21:59:57.673+0000] {logging_mixin.py:149} INFO - [2023-05-10T21:59:57.673+0000] {dagbag.py:541} INFO - Filling up the DagBag from /home/airflow/.local/lib/python3.7/site-packages/airflow/example_dags/example_params_ui_tutorial.py
[2023-05-10T21:59:57.961+0000] {processor.py:809} INFO - DAG(s) dict_keys(['example_params_ui_tutorial']) retrieved from /home/airflow/.local/lib/python3.7/site-packages/airflow/example_dags/example_params_ui_tutorial.py
[2023-05-10T21:59:58.514+0000] {logging_mixin.py:149} INFO - [2023-05-10T21:59:58.513+0000] {dag.py:2726} INFO - Sync 1 DAGs
[2023-05-10T21:59:58.776+0000] {logging_mixin.py:149} INFO - [2023-05-10T21:59:58.776+0000] {dag.py:3490} INFO - Setting next_dagrun for example_params_ui_tutorial to None, run_after=None
[2023-05-10T21:59:59.006+0000] {processor.py:178} INFO - Processing /home/airflow/.local/lib/python3.7/site-packages/airflow/example_dags/example_params_ui_tutorial.py took 1.367 seconds
[2023-05-10T22:00:32.372+0000] {processor.py:156} INFO - Started process (PID=738) to work on /home/airflow/.local/lib/python3.7/site-packages/airflow/example_dags/example_params_ui_tutorial.py
[2023-05-10T22:00:32.421+0000] {processor.py:799} INFO - Processing file /home/airflow/.local/lib/python3.7/site-packages/airflow/example_dags/example_params_ui_tutorial.py for tasks to queue
[2023-05-10T22:00:32.441+0000] {logging_mixin.py:149} INFO - [2023-05-10T22:00:32.440+0000] {dagbag.py:541} INFO - Filling up the DagBag from /home/airflow/.local/lib/python3.7/site-packages/airflow/example_dags/example_params_ui_tutorial.py
[2023-05-10T22:00:33.064+0000] {processor.py:809} INFO - DAG(s) dict_keys(['example_params_ui_tutorial']) retrieved from /home/airflow/.local/lib/python3.7/site-packages/airflow/example_dags/example_params_ui_tutorial.py
[2023-05-10T22:00:33.744+0000] {logging_mixin.py:149} INFO - [2023-05-10T22:00:33.744+0000] {dag.py:2726} INFO - Sync 1 DAGs
[2023-05-10T22:00:33.933+0000] {logging_mixin.py:149} INFO - [2023-05-10T22:00:33.933+0000] {dag.py:3490} INFO - Setting next_dagrun for example_params_ui_tutorial to None, run_after=None
[2023-05-10T22:00:34.100+0000] {processor.py:178} INFO - Processing /home/airflow/.local/lib/python3.7/site-packages/airflow/example_dags/example_params_ui_tutorial.py took 1.753 seconds
[2023-05-10T22:01:05.004+0000] {processor.py:156} INFO - Started process (PID=794) to work on /home/airflow/.local/lib/python3.7/site-packages/airflow/example_dags/example_params_ui_tutorial.py
[2023-05-10T22:01:05.081+0000] {processor.py:799} INFO - Processing file /home/airflow/.local/lib/python3.7/site-packages/airflow/example_dags/example_params_ui_tutorial.py for tasks to queue
[2023-05-10T22:01:05.104+0000] {logging_mixin.py:149} INFO - [2023-05-10T22:01:05.103+0000] {dagbag.py:541} INFO - Filling up the DagBag from /home/airflow/.local/lib/python3.7/site-packages/airflow/example_dags/example_params_ui_tutorial.py
[2023-05-10T22:01:05.441+0000] {processor.py:809} INFO - DAG(s) dict_keys(['example_params_ui_tutorial']) retrieved from /home/airflow/.local/lib/python3.7/site-packages/airflow/example_dags/example_params_ui_tutorial.py
[2023-05-10T22:01:05.998+0000] {logging_mixin.py:149} INFO - [2023-05-10T22:01:05.998+0000] {dag.py:2726} INFO - Sync 1 DAGs
[2023-05-10T22:01:06.198+0000] {logging_mixin.py:149} INFO - [2023-05-10T22:01:06.198+0000] {dag.py:3490} INFO - Setting next_dagrun for example_params_ui_tutorial to None, run_after=None
[2023-05-10T22:01:06.392+0000] {processor.py:178} INFO - Processing /home/airflow/.local/lib/python3.7/site-packages/airflow/example_dags/example_params_ui_tutorial.py took 1.403 seconds
[2023-05-10T22:01:36.536+0000] {processor.py:156} INFO - Started process (PID=849) to work on /home/airflow/.local/lib/python3.7/site-packages/airflow/example_dags/example_params_ui_tutorial.py
[2023-05-10T22:01:36.547+0000] {processor.py:799} INFO - Processing file /home/airflow/.local/lib/python3.7/site-packages/airflow/example_dags/example_params_ui_tutorial.py for tasks to queue
[2023-05-10T22:01:36.550+0000] {logging_mixin.py:149} INFO - [2023-05-10T22:01:36.549+0000] {dagbag.py:541} INFO - Filling up the DagBag from /home/airflow/.local/lib/python3.7/site-packages/airflow/example_dags/example_params_ui_tutorial.py
[2023-05-10T22:01:36.852+0000] {processor.py:809} INFO - DAG(s) dict_keys(['example_params_ui_tutorial']) retrieved from /home/airflow/.local/lib/python3.7/site-packages/airflow/example_dags/example_params_ui_tutorial.py
[2023-05-10T22:01:37.375+0000] {logging_mixin.py:149} INFO - [2023-05-10T22:01:37.375+0000] {dag.py:2726} INFO - Sync 1 DAGs
[2023-05-10T22:01:37.607+0000] {logging_mixin.py:149} INFO - [2023-05-10T22:01:37.607+0000] {dag.py:3490} INFO - Setting next_dagrun for example_params_ui_tutorial to None, run_after=None
[2023-05-10T22:01:37.786+0000] {processor.py:178} INFO - Processing /home/airflow/.local/lib/python3.7/site-packages/airflow/example_dags/example_params_ui_tutorial.py took 1.261 seconds
[2023-05-10T22:02:09.131+0000] {processor.py:156} INFO - Started process (PID=906) to work on /home/airflow/.local/lib/python3.7/site-packages/airflow/example_dags/example_params_ui_tutorial.py
[2023-05-10T22:02:09.150+0000] {processor.py:799} INFO - Processing file /home/airflow/.local/lib/python3.7/site-packages/airflow/example_dags/example_params_ui_tutorial.py for tasks to queue
[2023-05-10T22:02:09.153+0000] {logging_mixin.py:149} INFO - [2023-05-10T22:02:09.153+0000] {dagbag.py:541} INFO - Filling up the DagBag from /home/airflow/.local/lib/python3.7/site-packages/airflow/example_dags/example_params_ui_tutorial.py
[2023-05-10T22:02:09.454+0000] {processor.py:809} INFO - DAG(s) dict_keys(['example_params_ui_tutorial']) retrieved from /home/airflow/.local/lib/python3.7/site-packages/airflow/example_dags/example_params_ui_tutorial.py
[2023-05-10T22:02:09.953+0000] {logging_mixin.py:149} INFO - [2023-05-10T22:02:09.952+0000] {dag.py:2726} INFO - Sync 1 DAGs
[2023-05-10T22:02:10.156+0000] {logging_mixin.py:149} INFO - [2023-05-10T22:02:10.155+0000] {dag.py:3490} INFO - Setting next_dagrun for example_params_ui_tutorial to None, run_after=None
[2023-05-10T22:02:10.411+0000] {processor.py:178} INFO - Processing /home/airflow/.local/lib/python3.7/site-packages/airflow/example_dags/example_params_ui_tutorial.py took 1.300 seconds
[2023-05-10T22:02:45.152+0000] {processor.py:156} INFO - Started process (PID=963) to work on /home/airflow/.local/lib/python3.7/site-packages/airflow/example_dags/example_params_ui_tutorial.py
[2023-05-10T22:02:45.159+0000] {processor.py:799} INFO - Processing file /home/airflow/.local/lib/python3.7/site-packages/airflow/example_dags/example_params_ui_tutorial.py for tasks to queue
[2023-05-10T22:02:45.187+0000] {logging_mixin.py:149} INFO - [2023-05-10T22:02:45.172+0000] {dagbag.py:541} INFO - Filling up the DagBag from /home/airflow/.local/lib/python3.7/site-packages/airflow/example_dags/example_params_ui_tutorial.py
[2023-05-10T22:02:45.807+0000] {processor.py:809} INFO - DAG(s) dict_keys(['example_params_ui_tutorial']) retrieved from /home/airflow/.local/lib/python3.7/site-packages/airflow/example_dags/example_params_ui_tutorial.py
[2023-05-10T22:02:46.610+0000] {logging_mixin.py:149} INFO - [2023-05-10T22:02:46.608+0000] {dag.py:2726} INFO - Sync 1 DAGs
[2023-05-10T22:02:46.775+0000] {logging_mixin.py:149} INFO - [2023-05-10T22:02:46.775+0000] {dag.py:3490} INFO - Setting next_dagrun for example_params_ui_tutorial to None, run_after=None
[2023-05-10T22:02:47.029+0000] {processor.py:178} INFO - Processing /home/airflow/.local/lib/python3.7/site-packages/airflow/example_dags/example_params_ui_tutorial.py took 1.898 seconds
[2023-05-10T22:03:17.667+0000] {processor.py:156} INFO - Started process (PID=1025) to work on /home/airflow/.local/lib/python3.7/site-packages/airflow/example_dags/example_params_ui_tutorial.py
[2023-05-10T22:03:17.694+0000] {processor.py:799} INFO - Processing file /home/airflow/.local/lib/python3.7/site-packages/airflow/example_dags/example_params_ui_tutorial.py for tasks to queue
[2023-05-10T22:03:17.698+0000] {logging_mixin.py:149} INFO - [2023-05-10T22:03:17.698+0000] {dagbag.py:541} INFO - Filling up the DagBag from /home/airflow/.local/lib/python3.7/site-packages/airflow/example_dags/example_params_ui_tutorial.py
[2023-05-10T22:03:17.943+0000] {processor.py:809} INFO - DAG(s) dict_keys(['example_params_ui_tutorial']) retrieved from /home/airflow/.local/lib/python3.7/site-packages/airflow/example_dags/example_params_ui_tutorial.py
[2023-05-10T22:03:18.471+0000] {logging_mixin.py:149} INFO - [2023-05-10T22:03:18.470+0000] {dag.py:2726} INFO - Sync 1 DAGs
[2023-05-10T22:03:18.659+0000] {logging_mixin.py:149} INFO - [2023-05-10T22:03:18.659+0000] {dag.py:3490} INFO - Setting next_dagrun for example_params_ui_tutorial to None, run_after=None
[2023-05-10T22:03:18.875+0000] {processor.py:178} INFO - Processing /home/airflow/.local/lib/python3.7/site-packages/airflow/example_dags/example_params_ui_tutorial.py took 1.217 seconds
[2023-05-10T22:03:51.417+0000] {processor.py:156} INFO - Started process (PID=1079) to work on /home/airflow/.local/lib/python3.7/site-packages/airflow/example_dags/example_params_ui_tutorial.py
[2023-05-10T22:03:51.420+0000] {processor.py:799} INFO - Processing file /home/airflow/.local/lib/python3.7/site-packages/airflow/example_dags/example_params_ui_tutorial.py for tasks to queue
[2023-05-10T22:03:51.433+0000] {logging_mixin.py:149} INFO - [2023-05-10T22:03:51.433+0000] {dagbag.py:541} INFO - Filling up the DagBag from /home/airflow/.local/lib/python3.7/site-packages/airflow/example_dags/example_params_ui_tutorial.py
[2023-05-10T22:03:51.832+0000] {processor.py:809} INFO - DAG(s) dict_keys(['example_params_ui_tutorial']) retrieved from /home/airflow/.local/lib/python3.7/site-packages/airflow/example_dags/example_params_ui_tutorial.py
[2023-05-10T22:03:52.457+0000] {logging_mixin.py:149} INFO - [2023-05-10T22:03:52.457+0000] {dag.py:2726} INFO - Sync 1 DAGs
[2023-05-10T22:03:52.627+0000] {logging_mixin.py:149} INFO - [2023-05-10T22:03:52.626+0000] {dag.py:3490} INFO - Setting next_dagrun for example_params_ui_tutorial to None, run_after=None
[2023-05-10T22:03:53.234+0000] {processor.py:178} INFO - Processing /home/airflow/.local/lib/python3.7/site-packages/airflow/example_dags/example_params_ui_tutorial.py took 1.832 seconds
[2023-05-10T22:04:25.488+0000] {processor.py:156} INFO - Started process (PID=1135) to work on /home/airflow/.local/lib/python3.7/site-packages/airflow/example_dags/example_params_ui_tutorial.py
[2023-05-10T22:04:25.501+0000] {processor.py:799} INFO - Processing file /home/airflow/.local/lib/python3.7/site-packages/airflow/example_dags/example_params_ui_tutorial.py for tasks to queue
[2023-05-10T22:04:25.504+0000] {logging_mixin.py:149} INFO - [2023-05-10T22:04:25.504+0000] {dagbag.py:541} INFO - Filling up the DagBag from /home/airflow/.local/lib/python3.7/site-packages/airflow/example_dags/example_params_ui_tutorial.py
[2023-05-10T22:04:25.837+0000] {processor.py:809} INFO - DAG(s) dict_keys(['example_params_ui_tutorial']) retrieved from /home/airflow/.local/lib/python3.7/site-packages/airflow/example_dags/example_params_ui_tutorial.py
[2023-05-10T22:04:26.396+0000] {logging_mixin.py:149} INFO - [2023-05-10T22:04:26.395+0000] {dag.py:2726} INFO - Sync 1 DAGs
[2023-05-10T22:04:26.646+0000] {logging_mixin.py:149} INFO - [2023-05-10T22:04:26.644+0000] {dag.py:3490} INFO - Setting next_dagrun for example_params_ui_tutorial to None, run_after=None
[2023-05-10T22:04:26.930+0000] {processor.py:178} INFO - Processing /home/airflow/.local/lib/python3.7/site-packages/airflow/example_dags/example_params_ui_tutorial.py took 1.461 seconds
[2023-05-10T22:04:59.377+0000] {processor.py:156} INFO - Started process (PID=1191) to work on /home/airflow/.local/lib/python3.7/site-packages/airflow/example_dags/example_params_ui_tutorial.py
[2023-05-10T22:04:59.380+0000] {processor.py:799} INFO - Processing file /home/airflow/.local/lib/python3.7/site-packages/airflow/example_dags/example_params_ui_tutorial.py for tasks to queue
[2023-05-10T22:04:59.382+0000] {logging_mixin.py:149} INFO - [2023-05-10T22:04:59.382+0000] {dagbag.py:541} INFO - Filling up the DagBag from /home/airflow/.local/lib/python3.7/site-packages/airflow/example_dags/example_params_ui_tutorial.py
[2023-05-10T22:04:59.675+0000] {processor.py:809} INFO - DAG(s) dict_keys(['example_params_ui_tutorial']) retrieved from /home/airflow/.local/lib/python3.7/site-packages/airflow/example_dags/example_params_ui_tutorial.py
[2023-05-10T22:05:00.037+0000] {logging_mixin.py:149} INFO - [2023-05-10T22:05:00.036+0000] {dag.py:2726} INFO - Sync 1 DAGs
[2023-05-10T22:05:00.209+0000] {logging_mixin.py:149} INFO - [2023-05-10T22:05:00.208+0000] {dag.py:3490} INFO - Setting next_dagrun for example_params_ui_tutorial to None, run_after=None
[2023-05-10T22:05:00.334+0000] {processor.py:178} INFO - Processing /home/airflow/.local/lib/python3.7/site-packages/airflow/example_dags/example_params_ui_tutorial.py took 0.973 seconds
[2023-05-10T22:05:32.653+0000] {processor.py:156} INFO - Started process (PID=1244) to work on /home/airflow/.local/lib/python3.7/site-packages/airflow/example_dags/example_params_ui_tutorial.py
[2023-05-10T22:05:32.660+0000] {processor.py:799} INFO - Processing file /home/airflow/.local/lib/python3.7/site-packages/airflow/example_dags/example_params_ui_tutorial.py for tasks to queue
[2023-05-10T22:05:32.675+0000] {logging_mixin.py:149} INFO - [2023-05-10T22:05:32.674+0000] {dagbag.py:541} INFO - Filling up the DagBag from /home/airflow/.local/lib/python3.7/site-packages/airflow/example_dags/example_params_ui_tutorial.py
[2023-05-10T22:05:33.090+0000] {processor.py:809} INFO - DAG(s) dict_keys(['example_params_ui_tutorial']) retrieved from /home/airflow/.local/lib/python3.7/site-packages/airflow/example_dags/example_params_ui_tutorial.py
[2023-05-10T22:05:33.594+0000] {logging_mixin.py:149} INFO - [2023-05-10T22:05:33.593+0000] {dag.py:2726} INFO - Sync 1 DAGs
[2023-05-10T22:05:33.781+0000] {logging_mixin.py:149} INFO - [2023-05-10T22:05:33.781+0000] {dag.py:3490} INFO - Setting next_dagrun for example_params_ui_tutorial to None, run_after=None
[2023-05-10T22:05:33.942+0000] {processor.py:178} INFO - Processing /home/airflow/.local/lib/python3.7/site-packages/airflow/example_dags/example_params_ui_tutorial.py took 1.313 seconds
[2023-05-10T22:06:04.480+0000] {processor.py:156} INFO - Started process (PID=1300) to work on /home/airflow/.local/lib/python3.7/site-packages/airflow/example_dags/example_params_ui_tutorial.py
[2023-05-10T22:06:04.483+0000] {processor.py:799} INFO - Processing file /home/airflow/.local/lib/python3.7/site-packages/airflow/example_dags/example_params_ui_tutorial.py for tasks to queue
[2023-05-10T22:06:04.485+0000] {logging_mixin.py:149} INFO - [2023-05-10T22:06:04.485+0000] {dagbag.py:541} INFO - Filling up the DagBag from /home/airflow/.local/lib/python3.7/site-packages/airflow/example_dags/example_params_ui_tutorial.py
[2023-05-10T22:06:04.781+0000] {processor.py:809} INFO - DAG(s) dict_keys(['example_params_ui_tutorial']) retrieved from /home/airflow/.local/lib/python3.7/site-packages/airflow/example_dags/example_params_ui_tutorial.py
[2023-05-10T22:06:05.369+0000] {logging_mixin.py:149} INFO - [2023-05-10T22:06:05.369+0000] {dag.py:2726} INFO - Sync 1 DAGs
[2023-05-10T22:06:05.654+0000] {logging_mixin.py:149} INFO - [2023-05-10T22:06:05.653+0000] {dag.py:3490} INFO - Setting next_dagrun for example_params_ui_tutorial to None, run_after=None
[2023-05-10T22:06:07.112+0000] {processor.py:178} INFO - Processing /home/airflow/.local/lib/python3.7/site-packages/airflow/example_dags/example_params_ui_tutorial.py took 2.643 seconds
[2023-05-10T22:06:37.441+0000] {processor.py:156} INFO - Started process (PID=1357) to work on /home/airflow/.local/lib/python3.7/site-packages/airflow/example_dags/example_params_ui_tutorial.py
[2023-05-10T22:06:37.444+0000] {processor.py:799} INFO - Processing file /home/airflow/.local/lib/python3.7/site-packages/airflow/example_dags/example_params_ui_tutorial.py for tasks to queue
[2023-05-10T22:06:37.455+0000] {logging_mixin.py:149} INFO - [2023-05-10T22:06:37.453+0000] {dagbag.py:541} INFO - Filling up the DagBag from /home/airflow/.local/lib/python3.7/site-packages/airflow/example_dags/example_params_ui_tutorial.py
[2023-05-10T22:06:37.835+0000] {processor.py:809} INFO - DAG(s) dict_keys(['example_params_ui_tutorial']) retrieved from /home/airflow/.local/lib/python3.7/site-packages/airflow/example_dags/example_params_ui_tutorial.py
[2023-05-10T22:06:38.553+0000] {logging_mixin.py:149} INFO - [2023-05-10T22:06:38.553+0000] {dag.py:2726} INFO - Sync 1 DAGs
[2023-05-10T22:06:38.830+0000] {logging_mixin.py:149} INFO - [2023-05-10T22:06:38.830+0000] {dag.py:3490} INFO - Setting next_dagrun for example_params_ui_tutorial to None, run_after=None
[2023-05-10T22:06:39.286+0000] {processor.py:178} INFO - Processing /home/airflow/.local/lib/python3.7/site-packages/airflow/example_dags/example_params_ui_tutorial.py took 1.863 seconds
[2023-05-10T22:07:09.709+0000] {processor.py:156} INFO - Started process (PID=1413) to work on /home/airflow/.local/lib/python3.7/site-packages/airflow/example_dags/example_params_ui_tutorial.py
[2023-05-10T22:07:09.718+0000] {processor.py:799} INFO - Processing file /home/airflow/.local/lib/python3.7/site-packages/airflow/example_dags/example_params_ui_tutorial.py for tasks to queue
[2023-05-10T22:07:09.724+0000] {logging_mixin.py:149} INFO - [2023-05-10T22:07:09.723+0000] {dagbag.py:541} INFO - Filling up the DagBag from /home/airflow/.local/lib/python3.7/site-packages/airflow/example_dags/example_params_ui_tutorial.py
[2023-05-10T22:07:09.923+0000] {processor.py:809} INFO - DAG(s) dict_keys(['example_params_ui_tutorial']) retrieved from /home/airflow/.local/lib/python3.7/site-packages/airflow/example_dags/example_params_ui_tutorial.py
[2023-05-10T22:07:10.266+0000] {logging_mixin.py:149} INFO - [2023-05-10T22:07:10.266+0000] {dag.py:2726} INFO - Sync 1 DAGs
[2023-05-10T22:07:10.398+0000] {logging_mixin.py:149} INFO - [2023-05-10T22:07:10.397+0000] {dag.py:3490} INFO - Setting next_dagrun for example_params_ui_tutorial to None, run_after=None
[2023-05-10T22:07:10.572+0000] {processor.py:178} INFO - Processing /home/airflow/.local/lib/python3.7/site-packages/airflow/example_dags/example_params_ui_tutorial.py took 0.873 seconds
[2023-05-10T22:07:41.161+0000] {processor.py:156} INFO - Started process (PID=1469) to work on /home/airflow/.local/lib/python3.7/site-packages/airflow/example_dags/example_params_ui_tutorial.py
[2023-05-10T22:07:41.168+0000] {processor.py:799} INFO - Processing file /home/airflow/.local/lib/python3.7/site-packages/airflow/example_dags/example_params_ui_tutorial.py for tasks to queue
[2023-05-10T22:07:41.196+0000] {logging_mixin.py:149} INFO - [2023-05-10T22:07:41.195+0000] {dagbag.py:541} INFO - Filling up the DagBag from /home/airflow/.local/lib/python3.7/site-packages/airflow/example_dags/example_params_ui_tutorial.py
[2023-05-10T22:07:41.642+0000] {processor.py:809} INFO - DAG(s) dict_keys(['example_params_ui_tutorial']) retrieved from /home/airflow/.local/lib/python3.7/site-packages/airflow/example_dags/example_params_ui_tutorial.py
[2023-05-10T22:07:42.126+0000] {logging_mixin.py:149} INFO - [2023-05-10T22:07:42.125+0000] {dag.py:2726} INFO - Sync 1 DAGs
[2023-05-10T22:07:42.308+0000] {logging_mixin.py:149} INFO - [2023-05-10T22:07:42.307+0000] {dag.py:3490} INFO - Setting next_dagrun for example_params_ui_tutorial to None, run_after=None
[2023-05-10T22:07:42.467+0000] {processor.py:178} INFO - Processing /home/airflow/.local/lib/python3.7/site-packages/airflow/example_dags/example_params_ui_tutorial.py took 1.325 seconds
[2023-05-10T22:08:13.354+0000] {processor.py:156} INFO - Started process (PID=1526) to work on /home/airflow/.local/lib/python3.7/site-packages/airflow/example_dags/example_params_ui_tutorial.py
[2023-05-10T22:08:13.358+0000] {processor.py:799} INFO - Processing file /home/airflow/.local/lib/python3.7/site-packages/airflow/example_dags/example_params_ui_tutorial.py for tasks to queue
[2023-05-10T22:08:13.362+0000] {logging_mixin.py:149} INFO - [2023-05-10T22:08:13.361+0000] {dagbag.py:541} INFO - Filling up the DagBag from /home/airflow/.local/lib/python3.7/site-packages/airflow/example_dags/example_params_ui_tutorial.py
[2023-05-10T22:08:13.829+0000] {processor.py:809} INFO - DAG(s) dict_keys(['example_params_ui_tutorial']) retrieved from /home/airflow/.local/lib/python3.7/site-packages/airflow/example_dags/example_params_ui_tutorial.py
[2023-05-10T22:08:14.477+0000] {logging_mixin.py:149} INFO - [2023-05-10T22:08:14.476+0000] {dag.py:2726} INFO - Sync 1 DAGs
[2023-05-10T22:08:14.820+0000] {logging_mixin.py:149} INFO - [2023-05-10T22:08:14.795+0000] {dag.py:3490} INFO - Setting next_dagrun for example_params_ui_tutorial to None, run_after=None
[2023-05-10T22:08:15.174+0000] {processor.py:178} INFO - Processing /home/airflow/.local/lib/python3.7/site-packages/airflow/example_dags/example_params_ui_tutorial.py took 1.837 seconds
[2023-05-10T22:08:48.049+0000] {processor.py:156} INFO - Started process (PID=1582) to work on /home/airflow/.local/lib/python3.7/site-packages/airflow/example_dags/example_params_ui_tutorial.py
[2023-05-10T22:08:48.052+0000] {processor.py:799} INFO - Processing file /home/airflow/.local/lib/python3.7/site-packages/airflow/example_dags/example_params_ui_tutorial.py for tasks to queue
[2023-05-10T22:08:48.054+0000] {logging_mixin.py:149} INFO - [2023-05-10T22:08:48.054+0000] {dagbag.py:541} INFO - Filling up the DagBag from /home/airflow/.local/lib/python3.7/site-packages/airflow/example_dags/example_params_ui_tutorial.py
[2023-05-10T22:08:48.352+0000] {processor.py:809} INFO - DAG(s) dict_keys(['example_params_ui_tutorial']) retrieved from /home/airflow/.local/lib/python3.7/site-packages/airflow/example_dags/example_params_ui_tutorial.py
[2023-05-10T22:08:48.771+0000] {logging_mixin.py:149} INFO - [2023-05-10T22:08:48.770+0000] {dag.py:2726} INFO - Sync 1 DAGs
[2023-05-10T22:08:48.969+0000] {logging_mixin.py:149} INFO - [2023-05-10T22:08:48.965+0000] {dag.py:3490} INFO - Setting next_dagrun for example_params_ui_tutorial to None, run_after=None
[2023-05-10T22:08:49.209+0000] {processor.py:178} INFO - Processing /home/airflow/.local/lib/python3.7/site-packages/airflow/example_dags/example_params_ui_tutorial.py took 1.180 seconds
[2023-05-10T22:09:24.287+0000] {processor.py:156} INFO - Started process (PID=1640) to work on /home/airflow/.local/lib/python3.7/site-packages/airflow/example_dags/example_params_ui_tutorial.py
[2023-05-10T22:09:24.303+0000] {processor.py:799} INFO - Processing file /home/airflow/.local/lib/python3.7/site-packages/airflow/example_dags/example_params_ui_tutorial.py for tasks to queue
[2023-05-10T22:09:24.318+0000] {logging_mixin.py:149} INFO - [2023-05-10T22:09:24.318+0000] {dagbag.py:541} INFO - Filling up the DagBag from /home/airflow/.local/lib/python3.7/site-packages/airflow/example_dags/example_params_ui_tutorial.py
[2023-05-10T22:09:25.017+0000] {processor.py:809} INFO - DAG(s) dict_keys(['example_params_ui_tutorial']) retrieved from /home/airflow/.local/lib/python3.7/site-packages/airflow/example_dags/example_params_ui_tutorial.py
[2023-05-10T22:09:26.293+0000] {logging_mixin.py:149} INFO - [2023-05-10T22:09:26.292+0000] {dag.py:2726} INFO - Sync 1 DAGs
[2023-05-10T22:09:26.746+0000] {logging_mixin.py:149} INFO - [2023-05-10T22:09:26.746+0000] {dag.py:3490} INFO - Setting next_dagrun for example_params_ui_tutorial to None, run_after=None
[2023-05-10T22:09:27.273+0000] {processor.py:178} INFO - Processing /home/airflow/.local/lib/python3.7/site-packages/airflow/example_dags/example_params_ui_tutorial.py took 3.003 seconds
[2023-05-10T22:09:57.804+0000] {processor.py:156} INFO - Started process (PID=1697) to work on /home/airflow/.local/lib/python3.7/site-packages/airflow/example_dags/example_params_ui_tutorial.py
[2023-05-10T22:09:57.808+0000] {processor.py:799} INFO - Processing file /home/airflow/.local/lib/python3.7/site-packages/airflow/example_dags/example_params_ui_tutorial.py for tasks to queue
[2023-05-10T22:09:57.811+0000] {logging_mixin.py:149} INFO - [2023-05-10T22:09:57.810+0000] {dagbag.py:541} INFO - Filling up the DagBag from /home/airflow/.local/lib/python3.7/site-packages/airflow/example_dags/example_params_ui_tutorial.py
[2023-05-10T22:09:58.128+0000] {processor.py:809} INFO - DAG(s) dict_keys(['example_params_ui_tutorial']) retrieved from /home/airflow/.local/lib/python3.7/site-packages/airflow/example_dags/example_params_ui_tutorial.py
[2023-05-10T22:09:58.833+0000] {logging_mixin.py:149} INFO - [2023-05-10T22:09:58.833+0000] {dag.py:2726} INFO - Sync 1 DAGs
[2023-05-10T22:09:59.112+0000] {logging_mixin.py:149} INFO - [2023-05-10T22:09:59.112+0000] {dag.py:3490} INFO - Setting next_dagrun for example_params_ui_tutorial to None, run_after=None
[2023-05-10T22:09:59.816+0000] {processor.py:178} INFO - Processing /home/airflow/.local/lib/python3.7/site-packages/airflow/example_dags/example_params_ui_tutorial.py took 2.040 seconds
