[2023-05-10T21:51:45.206+0000] {processor.py:156} INFO - Started process (PID=45) to work on /home/airflow/.local/lib/python3.7/site-packages/airflow/example_dags/example_short_circuit_operator.py
[2023-05-10T21:51:45.242+0000] {processor.py:799} INFO - Processing file /home/airflow/.local/lib/python3.7/site-packages/airflow/example_dags/example_short_circuit_operator.py for tasks to queue
[2023-05-10T21:51:45.246+0000] {logging_mixin.py:149} INFO - [2023-05-10T21:51:45.246+0000] {dagbag.py:541} INFO - Filling up the DagBag from /home/airflow/.local/lib/python3.7/site-packages/airflow/example_dags/example_short_circuit_operator.py
[2023-05-10T21:51:45.469+0000] {processor.py:809} INFO - DAG(s) dict_keys(['example_short_circuit_operator']) retrieved from /home/airflow/.local/lib/python3.7/site-packages/airflow/example_dags/example_short_circuit_operator.py
[2023-05-10T21:51:50.368+0000] {logging_mixin.py:149} INFO - [2023-05-10T21:51:50.368+0000] {manager.py:504} INFO - Created Permission View: can read on DAG:example_short_circuit_operator
[2023-05-10T21:51:50.584+0000] {logging_mixin.py:149} INFO - [2023-05-10T21:51:50.583+0000] {manager.py:504} INFO - Created Permission View: can delete on DAG:example_short_circuit_operator
[2023-05-10T21:51:50.704+0000] {logging_mixin.py:149} INFO - [2023-05-10T21:51:50.704+0000] {manager.py:504} INFO - Created Permission View: can edit on DAG:example_short_circuit_operator
[2023-05-10T21:51:50.716+0000] {logging_mixin.py:149} INFO - [2023-05-10T21:51:50.715+0000] {dag.py:2726} INFO - Sync 1 DAGs
[2023-05-10T21:51:50.818+0000] {logging_mixin.py:149} INFO - [2023-05-10T21:51:50.818+0000] {dag.py:2747} INFO - Creating ORM DAG for example_short_circuit_operator
[2023-05-10T21:51:50.882+0000] {logging_mixin.py:149} INFO - [2023-05-10T21:51:50.881+0000] {dag.py:3490} INFO - Setting next_dagrun for example_short_circuit_operator to 2023-05-09T21:51:50.875694+00:00, run_after=2023-05-10T21:51:50.875694+00:00
[2023-05-10T21:51:51.212+0000] {processor.py:178} INFO - Processing /home/airflow/.local/lib/python3.7/site-packages/airflow/example_dags/example_short_circuit_operator.py took 6.048 seconds
[2023-05-10T21:53:43.159+0000] {processor.py:156} INFO - Started process (PID=118) to work on /home/airflow/.local/lib/python3.7/site-packages/airflow/example_dags/example_short_circuit_operator.py
[2023-05-10T21:53:43.178+0000] {processor.py:799} INFO - Processing file /home/airflow/.local/lib/python3.7/site-packages/airflow/example_dags/example_short_circuit_operator.py for tasks to queue
[2023-05-10T21:53:43.182+0000] {logging_mixin.py:149} INFO - [2023-05-10T21:53:43.182+0000] {dagbag.py:541} INFO - Filling up the DagBag from /home/airflow/.local/lib/python3.7/site-packages/airflow/example_dags/example_short_circuit_operator.py
[2023-05-10T21:53:43.450+0000] {processor.py:809} INFO - DAG(s) dict_keys(['example_short_circuit_operator']) retrieved from /home/airflow/.local/lib/python3.7/site-packages/airflow/example_dags/example_short_circuit_operator.py
[2023-05-10T21:53:43.652+0000] {logging_mixin.py:149} INFO - [2023-05-10T21:53:43.651+0000] {dag.py:2726} INFO - Sync 1 DAGs
[2023-05-10T21:53:43.897+0000] {logging_mixin.py:149} INFO - [2023-05-10T21:53:43.896+0000] {dag.py:3490} INFO - Setting next_dagrun for example_short_circuit_operator to 2023-05-09T21:53:43.896044+00:00, run_after=2023-05-10T21:53:43.896044+00:00
[2023-05-10T21:53:44.623+0000] {processor.py:178} INFO - Processing /home/airflow/.local/lib/python3.7/site-packages/airflow/example_dags/example_short_circuit_operator.py took 1.492 seconds
[2023-05-10T21:54:22.895+0000] {processor.py:156} INFO - Started process (PID=168) to work on /home/airflow/.local/lib/python3.7/site-packages/airflow/example_dags/example_short_circuit_operator.py
[2023-05-10T21:54:22.898+0000] {processor.py:799} INFO - Processing file /home/airflow/.local/lib/python3.7/site-packages/airflow/example_dags/example_short_circuit_operator.py for tasks to queue
[2023-05-10T21:54:22.909+0000] {logging_mixin.py:149} INFO - [2023-05-10T21:54:22.900+0000] {dagbag.py:541} INFO - Filling up the DagBag from /home/airflow/.local/lib/python3.7/site-packages/airflow/example_dags/example_short_circuit_operator.py
[2023-05-10T21:54:22.986+0000] {processor.py:809} INFO - DAG(s) dict_keys(['example_short_circuit_operator']) retrieved from /home/airflow/.local/lib/python3.7/site-packages/airflow/example_dags/example_short_circuit_operator.py
[2023-05-10T21:54:23.193+0000] {logging_mixin.py:149} INFO - [2023-05-10T21:54:23.193+0000] {dag.py:2726} INFO - Sync 1 DAGs
[2023-05-10T21:54:23.387+0000] {logging_mixin.py:149} INFO - [2023-05-10T21:54:23.387+0000] {dag.py:3490} INFO - Setting next_dagrun for example_short_circuit_operator to 2023-05-09T21:54:23.386957+00:00, run_after=2023-05-10T21:54:23.386957+00:00
[2023-05-10T21:54:23.598+0000] {processor.py:178} INFO - Processing /home/airflow/.local/lib/python3.7/site-packages/airflow/example_dags/example_short_circuit_operator.py took 0.725 seconds
[2023-05-10T21:55:00.200+0000] {processor.py:156} INFO - Started process (PID=222) to work on /home/airflow/.local/lib/python3.7/site-packages/airflow/example_dags/example_short_circuit_operator.py
[2023-05-10T21:55:00.203+0000] {processor.py:799} INFO - Processing file /home/airflow/.local/lib/python3.7/site-packages/airflow/example_dags/example_short_circuit_operator.py for tasks to queue
[2023-05-10T21:55:00.205+0000] {logging_mixin.py:149} INFO - [2023-05-10T21:55:00.205+0000] {dagbag.py:541} INFO - Filling up the DagBag from /home/airflow/.local/lib/python3.7/site-packages/airflow/example_dags/example_short_circuit_operator.py
[2023-05-10T21:55:00.254+0000] {processor.py:809} INFO - DAG(s) dict_keys(['example_short_circuit_operator']) retrieved from /home/airflow/.local/lib/python3.7/site-packages/airflow/example_dags/example_short_circuit_operator.py
[2023-05-10T21:55:00.471+0000] {logging_mixin.py:149} INFO - [2023-05-10T21:55:00.471+0000] {dag.py:2726} INFO - Sync 1 DAGs
[2023-05-10T21:55:00.977+0000] {logging_mixin.py:149} INFO - [2023-05-10T21:55:00.977+0000] {dag.py:3490} INFO - Setting next_dagrun for example_short_circuit_operator to 2023-05-09T21:55:00.976663+00:00, run_after=2023-05-10T21:55:00.976663+00:00
[2023-05-10T21:55:01.637+0000] {processor.py:178} INFO - Processing /home/airflow/.local/lib/python3.7/site-packages/airflow/example_dags/example_short_circuit_operator.py took 1.457 seconds
[2023-05-10T21:55:36.813+0000] {processor.py:156} INFO - Started process (PID=271) to work on /home/airflow/.local/lib/python3.7/site-packages/airflow/example_dags/example_short_circuit_operator.py
[2023-05-10T21:55:36.816+0000] {processor.py:799} INFO - Processing file /home/airflow/.local/lib/python3.7/site-packages/airflow/example_dags/example_short_circuit_operator.py for tasks to queue
[2023-05-10T21:55:36.875+0000] {logging_mixin.py:149} INFO - [2023-05-10T21:55:36.864+0000] {dagbag.py:541} INFO - Filling up the DagBag from /home/airflow/.local/lib/python3.7/site-packages/airflow/example_dags/example_short_circuit_operator.py
[2023-05-10T21:55:37.135+0000] {processor.py:809} INFO - DAG(s) dict_keys(['example_short_circuit_operator']) retrieved from /home/airflow/.local/lib/python3.7/site-packages/airflow/example_dags/example_short_circuit_operator.py
[2023-05-10T21:55:37.309+0000] {logging_mixin.py:149} INFO - [2023-05-10T21:55:37.307+0000] {dag.py:2726} INFO - Sync 1 DAGs
[2023-05-10T21:55:37.818+0000] {logging_mixin.py:149} INFO - [2023-05-10T21:55:37.818+0000] {dag.py:3490} INFO - Setting next_dagrun for example_short_circuit_operator to 2023-05-09T21:55:37.816837+00:00, run_after=2023-05-10T21:55:37.816837+00:00
[2023-05-10T21:55:38.221+0000] {processor.py:178} INFO - Processing /home/airflow/.local/lib/python3.7/site-packages/airflow/example_dags/example_short_circuit_operator.py took 1.423 seconds
[2023-05-10T21:56:14.713+0000] {processor.py:156} INFO - Started process (PID=328) to work on /home/airflow/.local/lib/python3.7/site-packages/airflow/example_dags/example_short_circuit_operator.py
[2023-05-10T21:56:14.721+0000] {processor.py:799} INFO - Processing file /home/airflow/.local/lib/python3.7/site-packages/airflow/example_dags/example_short_circuit_operator.py for tasks to queue
[2023-05-10T21:56:14.729+0000] {logging_mixin.py:149} INFO - [2023-05-10T21:56:14.728+0000] {dagbag.py:541} INFO - Filling up the DagBag from /home/airflow/.local/lib/python3.7/site-packages/airflow/example_dags/example_short_circuit_operator.py
[2023-05-10T21:56:14.813+0000] {processor.py:809} INFO - DAG(s) dict_keys(['example_short_circuit_operator']) retrieved from /home/airflow/.local/lib/python3.7/site-packages/airflow/example_dags/example_short_circuit_operator.py
[2023-05-10T21:56:14.980+0000] {logging_mixin.py:149} INFO - [2023-05-10T21:56:14.979+0000] {dag.py:2726} INFO - Sync 1 DAGs
[2023-05-10T21:56:15.209+0000] {logging_mixin.py:149} INFO - [2023-05-10T21:56:15.208+0000] {dag.py:3490} INFO - Setting next_dagrun for example_short_circuit_operator to 2023-05-09T21:56:15.204484+00:00, run_after=2023-05-10T21:56:15.204484+00:00
[2023-05-10T21:56:15.585+0000] {processor.py:178} INFO - Processing /home/airflow/.local/lib/python3.7/site-packages/airflow/example_dags/example_short_circuit_operator.py took 0.892 seconds
[2023-05-10T21:56:52.309+0000] {processor.py:156} INFO - Started process (PID=384) to work on /home/airflow/.local/lib/python3.7/site-packages/airflow/example_dags/example_short_circuit_operator.py
[2023-05-10T21:56:52.312+0000] {processor.py:799} INFO - Processing file /home/airflow/.local/lib/python3.7/site-packages/airflow/example_dags/example_short_circuit_operator.py for tasks to queue
[2023-05-10T21:56:52.321+0000] {logging_mixin.py:149} INFO - [2023-05-10T21:56:52.318+0000] {dagbag.py:541} INFO - Filling up the DagBag from /home/airflow/.local/lib/python3.7/site-packages/airflow/example_dags/example_short_circuit_operator.py
[2023-05-10T21:56:52.379+0000] {processor.py:809} INFO - DAG(s) dict_keys(['example_short_circuit_operator']) retrieved from /home/airflow/.local/lib/python3.7/site-packages/airflow/example_dags/example_short_circuit_operator.py
[2023-05-10T21:56:52.639+0000] {logging_mixin.py:149} INFO - [2023-05-10T21:56:52.638+0000] {dag.py:2726} INFO - Sync 1 DAGs
[2023-05-10T21:56:52.868+0000] {logging_mixin.py:149} INFO - [2023-05-10T21:56:52.866+0000] {dag.py:3490} INFO - Setting next_dagrun for example_short_circuit_operator to 2023-05-09T21:56:52.865552+00:00, run_after=2023-05-10T21:56:52.865552+00:00
[2023-05-10T21:56:53.259+0000] {processor.py:178} INFO - Processing /home/airflow/.local/lib/python3.7/site-packages/airflow/example_dags/example_short_circuit_operator.py took 0.969 seconds
[2023-05-10T21:57:26.842+0000] {processor.py:156} INFO - Started process (PID=435) to work on /home/airflow/.local/lib/python3.7/site-packages/airflow/example_dags/example_short_circuit_operator.py
[2023-05-10T21:57:26.844+0000] {processor.py:799} INFO - Processing file /home/airflow/.local/lib/python3.7/site-packages/airflow/example_dags/example_short_circuit_operator.py for tasks to queue
[2023-05-10T21:57:26.847+0000] {logging_mixin.py:149} INFO - [2023-05-10T21:57:26.847+0000] {dagbag.py:541} INFO - Filling up the DagBag from /home/airflow/.local/lib/python3.7/site-packages/airflow/example_dags/example_short_circuit_operator.py
[2023-05-10T21:57:26.903+0000] {processor.py:809} INFO - DAG(s) dict_keys(['example_short_circuit_operator']) retrieved from /home/airflow/.local/lib/python3.7/site-packages/airflow/example_dags/example_short_circuit_operator.py
[2023-05-10T21:57:27.151+0000] {logging_mixin.py:149} INFO - [2023-05-10T21:57:27.151+0000] {dag.py:2726} INFO - Sync 1 DAGs
[2023-05-10T21:57:27.370+0000] {logging_mixin.py:149} INFO - [2023-05-10T21:57:27.370+0000] {dag.py:3490} INFO - Setting next_dagrun for example_short_circuit_operator to 2023-05-09T21:57:27.369611+00:00, run_after=2023-05-10T21:57:27.369611+00:00
[2023-05-10T21:57:27.627+0000] {processor.py:178} INFO - Processing /home/airflow/.local/lib/python3.7/site-packages/airflow/example_dags/example_short_circuit_operator.py took 0.805 seconds
[2023-05-10T21:57:59.881+0000] {processor.py:156} INFO - Started process (PID=482) to work on /home/airflow/.local/lib/python3.7/site-packages/airflow/example_dags/example_short_circuit_operator.py
[2023-05-10T21:57:59.896+0000] {processor.py:799} INFO - Processing file /home/airflow/.local/lib/python3.7/site-packages/airflow/example_dags/example_short_circuit_operator.py for tasks to queue
[2023-05-10T21:57:59.901+0000] {logging_mixin.py:149} INFO - [2023-05-10T21:57:59.899+0000] {dagbag.py:541} INFO - Filling up the DagBag from /home/airflow/.local/lib/python3.7/site-packages/airflow/example_dags/example_short_circuit_operator.py
[2023-05-10T21:57:59.946+0000] {processor.py:809} INFO - DAG(s) dict_keys(['example_short_circuit_operator']) retrieved from /home/airflow/.local/lib/python3.7/site-packages/airflow/example_dags/example_short_circuit_operator.py
[2023-05-10T21:58:00.124+0000] {logging_mixin.py:149} INFO - [2023-05-10T21:58:00.123+0000] {dag.py:2726} INFO - Sync 1 DAGs
[2023-05-10T21:58:00.289+0000] {logging_mixin.py:149} INFO - [2023-05-10T21:58:00.288+0000] {dag.py:3490} INFO - Setting next_dagrun for example_short_circuit_operator to 2023-05-09T21:58:00.287991+00:00, run_after=2023-05-10T21:58:00.287991+00:00
[2023-05-10T21:58:00.501+0000] {processor.py:178} INFO - Processing /home/airflow/.local/lib/python3.7/site-packages/airflow/example_dags/example_short_circuit_operator.py took 0.635 seconds
[2023-05-10T21:58:33.218+0000] {processor.py:156} INFO - Started process (PID=535) to work on /home/airflow/.local/lib/python3.7/site-packages/airflow/example_dags/example_short_circuit_operator.py
[2023-05-10T21:58:33.221+0000] {processor.py:799} INFO - Processing file /home/airflow/.local/lib/python3.7/site-packages/airflow/example_dags/example_short_circuit_operator.py for tasks to queue
[2023-05-10T21:58:33.233+0000] {logging_mixin.py:149} INFO - [2023-05-10T21:58:33.233+0000] {dagbag.py:541} INFO - Filling up the DagBag from /home/airflow/.local/lib/python3.7/site-packages/airflow/example_dags/example_short_circuit_operator.py
[2023-05-10T21:58:33.274+0000] {processor.py:809} INFO - DAG(s) dict_keys(['example_short_circuit_operator']) retrieved from /home/airflow/.local/lib/python3.7/site-packages/airflow/example_dags/example_short_circuit_operator.py
[2023-05-10T21:58:33.438+0000] {logging_mixin.py:149} INFO - [2023-05-10T21:58:33.438+0000] {dag.py:2726} INFO - Sync 1 DAGs
[2023-05-10T21:58:33.665+0000] {logging_mixin.py:149} INFO - [2023-05-10T21:58:33.665+0000] {dag.py:3490} INFO - Setting next_dagrun for example_short_circuit_operator to 2023-05-09T21:58:33.664664+00:00, run_after=2023-05-10T21:58:33.664664+00:00
[2023-05-10T21:58:33.903+0000] {processor.py:178} INFO - Processing /home/airflow/.local/lib/python3.7/site-packages/airflow/example_dags/example_short_circuit_operator.py took 0.704 seconds
[2023-05-10T21:59:06.376+0000] {processor.py:156} INFO - Started process (PID=591) to work on /home/airflow/.local/lib/python3.7/site-packages/airflow/example_dags/example_short_circuit_operator.py
[2023-05-10T21:59:06.392+0000] {processor.py:799} INFO - Processing file /home/airflow/.local/lib/python3.7/site-packages/airflow/example_dags/example_short_circuit_operator.py for tasks to queue
[2023-05-10T21:59:06.397+0000] {logging_mixin.py:149} INFO - [2023-05-10T21:59:06.397+0000] {dagbag.py:541} INFO - Filling up the DagBag from /home/airflow/.local/lib/python3.7/site-packages/airflow/example_dags/example_short_circuit_operator.py
[2023-05-10T21:59:06.512+0000] {processor.py:809} INFO - DAG(s) dict_keys(['example_short_circuit_operator']) retrieved from /home/airflow/.local/lib/python3.7/site-packages/airflow/example_dags/example_short_circuit_operator.py
[2023-05-10T21:59:06.729+0000] {logging_mixin.py:149} INFO - [2023-05-10T21:59:06.729+0000] {dag.py:2726} INFO - Sync 1 DAGs
[2023-05-10T21:59:06.985+0000] {logging_mixin.py:149} INFO - [2023-05-10T21:59:06.985+0000] {dag.py:3490} INFO - Setting next_dagrun for example_short_circuit_operator to 2023-05-09T21:59:06.984622+00:00, run_after=2023-05-10T21:59:06.984622+00:00
[2023-05-10T21:59:07.969+0000] {processor.py:178} INFO - Processing /home/airflow/.local/lib/python3.7/site-packages/airflow/example_dags/example_short_circuit_operator.py took 1.612 seconds
[2023-05-10T21:59:38.830+0000] {processor.py:156} INFO - Started process (PID=647) to work on /home/airflow/.local/lib/python3.7/site-packages/airflow/example_dags/example_short_circuit_operator.py
[2023-05-10T21:59:38.838+0000] {processor.py:799} INFO - Processing file /home/airflow/.local/lib/python3.7/site-packages/airflow/example_dags/example_short_circuit_operator.py for tasks to queue
[2023-05-10T21:59:38.854+0000] {logging_mixin.py:149} INFO - [2023-05-10T21:59:38.852+0000] {dagbag.py:541} INFO - Filling up the DagBag from /home/airflow/.local/lib/python3.7/site-packages/airflow/example_dags/example_short_circuit_operator.py
[2023-05-10T21:59:38.903+0000] {processor.py:809} INFO - DAG(s) dict_keys(['example_short_circuit_operator']) retrieved from /home/airflow/.local/lib/python3.7/site-packages/airflow/example_dags/example_short_circuit_operator.py
[2023-05-10T21:59:39.034+0000] {logging_mixin.py:149} INFO - [2023-05-10T21:59:39.034+0000] {dag.py:2726} INFO - Sync 1 DAGs
[2023-05-10T21:59:39.213+0000] {logging_mixin.py:149} INFO - [2023-05-10T21:59:39.210+0000] {dag.py:3490} INFO - Setting next_dagrun for example_short_circuit_operator to 2023-05-09T21:59:39.208447+00:00, run_after=2023-05-10T21:59:39.208447+00:00
[2023-05-10T21:59:39.408+0000] {processor.py:178} INFO - Processing /home/airflow/.local/lib/python3.7/site-packages/airflow/example_dags/example_short_circuit_operator.py took 0.592 seconds
[2023-05-10T22:00:09.625+0000] {processor.py:156} INFO - Started process (PID=703) to work on /home/airflow/.local/lib/python3.7/site-packages/airflow/example_dags/example_short_circuit_operator.py
[2023-05-10T22:00:09.637+0000] {processor.py:799} INFO - Processing file /home/airflow/.local/lib/python3.7/site-packages/airflow/example_dags/example_short_circuit_operator.py for tasks to queue
[2023-05-10T22:00:09.641+0000] {logging_mixin.py:149} INFO - [2023-05-10T22:00:09.640+0000] {dagbag.py:541} INFO - Filling up the DagBag from /home/airflow/.local/lib/python3.7/site-packages/airflow/example_dags/example_short_circuit_operator.py
[2023-05-10T22:00:09.733+0000] {processor.py:809} INFO - DAG(s) dict_keys(['example_short_circuit_operator']) retrieved from /home/airflow/.local/lib/python3.7/site-packages/airflow/example_dags/example_short_circuit_operator.py
[2023-05-10T22:00:09.901+0000] {logging_mixin.py:149} INFO - [2023-05-10T22:00:09.901+0000] {dag.py:2726} INFO - Sync 1 DAGs
[2023-05-10T22:00:10.084+0000] {logging_mixin.py:149} INFO - [2023-05-10T22:00:10.083+0000] {dag.py:3490} INFO - Setting next_dagrun for example_short_circuit_operator to 2023-05-09T22:00:10.082834+00:00, run_after=2023-05-10T22:00:10.082834+00:00
[2023-05-10T22:00:10.221+0000] {processor.py:178} INFO - Processing /home/airflow/.local/lib/python3.7/site-packages/airflow/example_dags/example_short_circuit_operator.py took 0.604 seconds
[2023-05-10T22:00:40.637+0000] {processor.py:156} INFO - Started process (PID=756) to work on /home/airflow/.local/lib/python3.7/site-packages/airflow/example_dags/example_short_circuit_operator.py
[2023-05-10T22:00:40.640+0000] {processor.py:799} INFO - Processing file /home/airflow/.local/lib/python3.7/site-packages/airflow/example_dags/example_short_circuit_operator.py for tasks to queue
[2023-05-10T22:00:40.642+0000] {logging_mixin.py:149} INFO - [2023-05-10T22:00:40.642+0000] {dagbag.py:541} INFO - Filling up the DagBag from /home/airflow/.local/lib/python3.7/site-packages/airflow/example_dags/example_short_circuit_operator.py
[2023-05-10T22:00:40.700+0000] {processor.py:809} INFO - DAG(s) dict_keys(['example_short_circuit_operator']) retrieved from /home/airflow/.local/lib/python3.7/site-packages/airflow/example_dags/example_short_circuit_operator.py
[2023-05-10T22:00:40.904+0000] {logging_mixin.py:149} INFO - [2023-05-10T22:00:40.903+0000] {dag.py:2726} INFO - Sync 1 DAGs
[2023-05-10T22:00:41.138+0000] {logging_mixin.py:149} INFO - [2023-05-10T22:00:41.137+0000] {dag.py:3490} INFO - Setting next_dagrun for example_short_circuit_operator to 2023-05-09T22:00:41.128015+00:00, run_after=2023-05-10T22:00:41.128015+00:00
[2023-05-10T22:00:41.350+0000] {processor.py:178} INFO - Processing /home/airflow/.local/lib/python3.7/site-packages/airflow/example_dags/example_short_circuit_operator.py took 0.760 seconds
[2023-05-10T22:01:15.539+0000] {processor.py:156} INFO - Started process (PID=816) to work on /home/airflow/.local/lib/python3.7/site-packages/airflow/example_dags/example_short_circuit_operator.py
[2023-05-10T22:01:15.619+0000] {processor.py:799} INFO - Processing file /home/airflow/.local/lib/python3.7/site-packages/airflow/example_dags/example_short_circuit_operator.py for tasks to queue
[2023-05-10T22:01:15.625+0000] {logging_mixin.py:149} INFO - [2023-05-10T22:01:15.624+0000] {dagbag.py:541} INFO - Filling up the DagBag from /home/airflow/.local/lib/python3.7/site-packages/airflow/example_dags/example_short_circuit_operator.py
[2023-05-10T22:01:15.665+0000] {processor.py:809} INFO - DAG(s) dict_keys(['example_short_circuit_operator']) retrieved from /home/airflow/.local/lib/python3.7/site-packages/airflow/example_dags/example_short_circuit_operator.py
[2023-05-10T22:01:15.829+0000] {logging_mixin.py:149} INFO - [2023-05-10T22:01:15.829+0000] {dag.py:2726} INFO - Sync 1 DAGs
[2023-05-10T22:01:15.989+0000] {logging_mixin.py:149} INFO - [2023-05-10T22:01:15.988+0000] {dag.py:3490} INFO - Setting next_dagrun for example_short_circuit_operator to 2023-05-09T22:01:15.988006+00:00, run_after=2023-05-10T22:01:15.988006+00:00
[2023-05-10T22:01:16.296+0000] {processor.py:178} INFO - Processing /home/airflow/.local/lib/python3.7/site-packages/airflow/example_dags/example_short_circuit_operator.py took 0.772 seconds
[2023-05-10T22:01:48.480+0000] {processor.py:156} INFO - Started process (PID=873) to work on /home/airflow/.local/lib/python3.7/site-packages/airflow/example_dags/example_short_circuit_operator.py
[2023-05-10T22:01:48.652+0000] {processor.py:799} INFO - Processing file /home/airflow/.local/lib/python3.7/site-packages/airflow/example_dags/example_short_circuit_operator.py for tasks to queue
[2023-05-10T22:01:48.689+0000] {logging_mixin.py:149} INFO - [2023-05-10T22:01:48.689+0000] {dagbag.py:541} INFO - Filling up the DagBag from /home/airflow/.local/lib/python3.7/site-packages/airflow/example_dags/example_short_circuit_operator.py
[2023-05-10T22:01:48.853+0000] {processor.py:809} INFO - DAG(s) dict_keys(['example_short_circuit_operator']) retrieved from /home/airflow/.local/lib/python3.7/site-packages/airflow/example_dags/example_short_circuit_operator.py
[2023-05-10T22:01:49.412+0000] {logging_mixin.py:149} INFO - [2023-05-10T22:01:49.412+0000] {dag.py:2726} INFO - Sync 1 DAGs
[2023-05-10T22:01:49.931+0000] {logging_mixin.py:149} INFO - [2023-05-10T22:01:49.930+0000] {dag.py:3490} INFO - Setting next_dagrun for example_short_circuit_operator to 2023-05-09T22:01:49.930185+00:00, run_after=2023-05-10T22:01:49.930185+00:00
[2023-05-10T22:01:50.418+0000] {processor.py:178} INFO - Processing /home/airflow/.local/lib/python3.7/site-packages/airflow/example_dags/example_short_circuit_operator.py took 1.974 seconds
[2023-05-10T22:02:21.063+0000] {processor.py:156} INFO - Started process (PID=929) to work on /home/airflow/.local/lib/python3.7/site-packages/airflow/example_dags/example_short_circuit_operator.py
[2023-05-10T22:02:21.065+0000] {processor.py:799} INFO - Processing file /home/airflow/.local/lib/python3.7/site-packages/airflow/example_dags/example_short_circuit_operator.py for tasks to queue
[2023-05-10T22:02:21.067+0000] {logging_mixin.py:149} INFO - [2023-05-10T22:02:21.067+0000] {dagbag.py:541} INFO - Filling up the DagBag from /home/airflow/.local/lib/python3.7/site-packages/airflow/example_dags/example_short_circuit_operator.py
[2023-05-10T22:02:21.106+0000] {processor.py:809} INFO - DAG(s) dict_keys(['example_short_circuit_operator']) retrieved from /home/airflow/.local/lib/python3.7/site-packages/airflow/example_dags/example_short_circuit_operator.py
[2023-05-10T22:02:21.241+0000] {logging_mixin.py:149} INFO - [2023-05-10T22:02:21.239+0000] {dag.py:2726} INFO - Sync 1 DAGs
[2023-05-10T22:02:21.383+0000] {logging_mixin.py:149} INFO - [2023-05-10T22:02:21.383+0000] {dag.py:3490} INFO - Setting next_dagrun for example_short_circuit_operator to 2023-05-09T22:02:21.374339+00:00, run_after=2023-05-10T22:02:21.374339+00:00
[2023-05-10T22:02:21.597+0000] {processor.py:178} INFO - Processing /home/airflow/.local/lib/python3.7/site-packages/airflow/example_dags/example_short_circuit_operator.py took 0.558 seconds
[2023-05-10T22:02:51.761+0000] {processor.py:156} INFO - Started process (PID=984) to work on /home/airflow/.local/lib/python3.7/site-packages/airflow/example_dags/example_short_circuit_operator.py
[2023-05-10T22:02:51.763+0000] {processor.py:799} INFO - Processing file /home/airflow/.local/lib/python3.7/site-packages/airflow/example_dags/example_short_circuit_operator.py for tasks to queue
[2023-05-10T22:02:51.766+0000] {logging_mixin.py:149} INFO - [2023-05-10T22:02:51.765+0000] {dagbag.py:541} INFO - Filling up the DagBag from /home/airflow/.local/lib/python3.7/site-packages/airflow/example_dags/example_short_circuit_operator.py
[2023-05-10T22:02:51.818+0000] {processor.py:809} INFO - DAG(s) dict_keys(['example_short_circuit_operator']) retrieved from /home/airflow/.local/lib/python3.7/site-packages/airflow/example_dags/example_short_circuit_operator.py
[2023-05-10T22:02:51.918+0000] {logging_mixin.py:149} INFO - [2023-05-10T22:02:51.917+0000] {dag.py:2726} INFO - Sync 1 DAGs
[2023-05-10T22:02:52.017+0000] {logging_mixin.py:149} INFO - [2023-05-10T22:02:52.016+0000] {dag.py:3490} INFO - Setting next_dagrun for example_short_circuit_operator to 2023-05-09T22:02:52.016144+00:00, run_after=2023-05-10T22:02:52.016144+00:00
[2023-05-10T22:02:52.380+0000] {processor.py:178} INFO - Processing /home/airflow/.local/lib/python3.7/site-packages/airflow/example_dags/example_short_circuit_operator.py took 0.633 seconds
[2023-05-10T22:03:24.117+0000] {processor.py:156} INFO - Started process (PID=1039) to work on /home/airflow/.local/lib/python3.7/site-packages/airflow/example_dags/example_short_circuit_operator.py
[2023-05-10T22:03:24.125+0000] {processor.py:799} INFO - Processing file /home/airflow/.local/lib/python3.7/site-packages/airflow/example_dags/example_short_circuit_operator.py for tasks to queue
[2023-05-10T22:03:24.128+0000] {logging_mixin.py:149} INFO - [2023-05-10T22:03:24.128+0000] {dagbag.py:541} INFO - Filling up the DagBag from /home/airflow/.local/lib/python3.7/site-packages/airflow/example_dags/example_short_circuit_operator.py
[2023-05-10T22:03:24.181+0000] {processor.py:809} INFO - DAG(s) dict_keys(['example_short_circuit_operator']) retrieved from /home/airflow/.local/lib/python3.7/site-packages/airflow/example_dags/example_short_circuit_operator.py
[2023-05-10T22:03:24.357+0000] {logging_mixin.py:149} INFO - [2023-05-10T22:03:24.356+0000] {dag.py:2726} INFO - Sync 1 DAGs
[2023-05-10T22:03:24.522+0000] {logging_mixin.py:149} INFO - [2023-05-10T22:03:24.522+0000] {dag.py:3490} INFO - Setting next_dagrun for example_short_circuit_operator to 2023-05-09T22:03:24.521475+00:00, run_after=2023-05-10T22:03:24.521475+00:00
[2023-05-10T22:03:24.704+0000] {processor.py:178} INFO - Processing /home/airflow/.local/lib/python3.7/site-packages/airflow/example_dags/example_short_circuit_operator.py took 0.598 seconds
[2023-05-10T22:03:56.043+0000] {processor.py:156} INFO - Started process (PID=1086) to work on /home/airflow/.local/lib/python3.7/site-packages/airflow/example_dags/example_short_circuit_operator.py
[2023-05-10T22:03:56.048+0000] {processor.py:799} INFO - Processing file /home/airflow/.local/lib/python3.7/site-packages/airflow/example_dags/example_short_circuit_operator.py for tasks to queue
[2023-05-10T22:03:56.051+0000] {logging_mixin.py:149} INFO - [2023-05-10T22:03:56.051+0000] {dagbag.py:541} INFO - Filling up the DagBag from /home/airflow/.local/lib/python3.7/site-packages/airflow/example_dags/example_short_circuit_operator.py
[2023-05-10T22:03:56.082+0000] {processor.py:809} INFO - DAG(s) dict_keys(['example_short_circuit_operator']) retrieved from /home/airflow/.local/lib/python3.7/site-packages/airflow/example_dags/example_short_circuit_operator.py
[2023-05-10T22:03:56.192+0000] {logging_mixin.py:149} INFO - [2023-05-10T22:03:56.192+0000] {dag.py:2726} INFO - Sync 1 DAGs
[2023-05-10T22:03:56.351+0000] {logging_mixin.py:149} INFO - [2023-05-10T22:03:56.351+0000] {dag.py:3490} INFO - Setting next_dagrun for example_short_circuit_operator to 2023-05-09T22:03:56.350397+00:00, run_after=2023-05-10T22:03:56.350397+00:00
[2023-05-10T22:03:56.776+0000] {processor.py:178} INFO - Processing /home/airflow/.local/lib/python3.7/site-packages/airflow/example_dags/example_short_circuit_operator.py took 0.746 seconds
[2023-05-10T22:04:28.636+0000] {processor.py:156} INFO - Started process (PID=1141) to work on /home/airflow/.local/lib/python3.7/site-packages/airflow/example_dags/example_short_circuit_operator.py
[2023-05-10T22:04:28.684+0000] {processor.py:799} INFO - Processing file /home/airflow/.local/lib/python3.7/site-packages/airflow/example_dags/example_short_circuit_operator.py for tasks to queue
[2023-05-10T22:04:28.700+0000] {logging_mixin.py:149} INFO - [2023-05-10T22:04:28.699+0000] {dagbag.py:541} INFO - Filling up the DagBag from /home/airflow/.local/lib/python3.7/site-packages/airflow/example_dags/example_short_circuit_operator.py
[2023-05-10T22:04:28.822+0000] {processor.py:809} INFO - DAG(s) dict_keys(['example_short_circuit_operator']) retrieved from /home/airflow/.local/lib/python3.7/site-packages/airflow/example_dags/example_short_circuit_operator.py
[2023-05-10T22:04:28.996+0000] {logging_mixin.py:149} INFO - [2023-05-10T22:04:28.995+0000] {dag.py:2726} INFO - Sync 1 DAGs
[2023-05-10T22:04:29.214+0000] {logging_mixin.py:149} INFO - [2023-05-10T22:04:29.210+0000] {dag.py:3490} INFO - Setting next_dagrun for example_short_circuit_operator to 2023-05-09T22:04:29.202976+00:00, run_after=2023-05-10T22:04:29.202976+00:00
[2023-05-10T22:04:29.493+0000] {processor.py:178} INFO - Processing /home/airflow/.local/lib/python3.7/site-packages/airflow/example_dags/example_short_circuit_operator.py took 0.877 seconds
[2023-05-10T22:05:00.422+0000] {processor.py:156} INFO - Started process (PID=1192) to work on /home/airflow/.local/lib/python3.7/site-packages/airflow/example_dags/example_short_circuit_operator.py
[2023-05-10T22:05:00.425+0000] {processor.py:799} INFO - Processing file /home/airflow/.local/lib/python3.7/site-packages/airflow/example_dags/example_short_circuit_operator.py for tasks to queue
[2023-05-10T22:05:00.427+0000] {logging_mixin.py:149} INFO - [2023-05-10T22:05:00.427+0000] {dagbag.py:541} INFO - Filling up the DagBag from /home/airflow/.local/lib/python3.7/site-packages/airflow/example_dags/example_short_circuit_operator.py
[2023-05-10T22:05:00.471+0000] {processor.py:809} INFO - DAG(s) dict_keys(['example_short_circuit_operator']) retrieved from /home/airflow/.local/lib/python3.7/site-packages/airflow/example_dags/example_short_circuit_operator.py
[2023-05-10T22:05:00.671+0000] {logging_mixin.py:149} INFO - [2023-05-10T22:05:00.670+0000] {dag.py:2726} INFO - Sync 1 DAGs
[2023-05-10T22:05:00.813+0000] {logging_mixin.py:149} INFO - [2023-05-10T22:05:00.812+0000] {dag.py:3490} INFO - Setting next_dagrun for example_short_circuit_operator to 2023-05-09T22:05:00.812146+00:00, run_after=2023-05-10T22:05:00.812146+00:00
[2023-05-10T22:05:00.952+0000] {processor.py:178} INFO - Processing /home/airflow/.local/lib/python3.7/site-packages/airflow/example_dags/example_short_circuit_operator.py took 0.545 seconds
[2023-05-10T22:05:31.641+0000] {processor.py:156} INFO - Started process (PID=1243) to work on /home/airflow/.local/lib/python3.7/site-packages/airflow/example_dags/example_short_circuit_operator.py
[2023-05-10T22:05:31.669+0000] {processor.py:799} INFO - Processing file /home/airflow/.local/lib/python3.7/site-packages/airflow/example_dags/example_short_circuit_operator.py for tasks to queue
[2023-05-10T22:05:31.680+0000] {logging_mixin.py:149} INFO - [2023-05-10T22:05:31.680+0000] {dagbag.py:541} INFO - Filling up the DagBag from /home/airflow/.local/lib/python3.7/site-packages/airflow/example_dags/example_short_circuit_operator.py
[2023-05-10T22:05:31.766+0000] {processor.py:809} INFO - DAG(s) dict_keys(['example_short_circuit_operator']) retrieved from /home/airflow/.local/lib/python3.7/site-packages/airflow/example_dags/example_short_circuit_operator.py
[2023-05-10T22:05:32.041+0000] {logging_mixin.py:149} INFO - [2023-05-10T22:05:32.040+0000] {dag.py:2726} INFO - Sync 1 DAGs
[2023-05-10T22:05:32.296+0000] {logging_mixin.py:149} INFO - [2023-05-10T22:05:32.295+0000] {dag.py:3490} INFO - Setting next_dagrun for example_short_circuit_operator to 2023-05-09T22:05:32.285712+00:00, run_after=2023-05-10T22:05:32.285712+00:00
[2023-05-10T22:05:32.471+0000] {processor.py:178} INFO - Processing /home/airflow/.local/lib/python3.7/site-packages/airflow/example_dags/example_short_circuit_operator.py took 0.837 seconds
[2023-05-10T22:06:02.664+0000] {processor.py:156} INFO - Started process (PID=1298) to work on /home/airflow/.local/lib/python3.7/site-packages/airflow/example_dags/example_short_circuit_operator.py
[2023-05-10T22:06:02.666+0000] {processor.py:799} INFO - Processing file /home/airflow/.local/lib/python3.7/site-packages/airflow/example_dags/example_short_circuit_operator.py for tasks to queue
[2023-05-10T22:06:02.669+0000] {logging_mixin.py:149} INFO - [2023-05-10T22:06:02.668+0000] {dagbag.py:541} INFO - Filling up the DagBag from /home/airflow/.local/lib/python3.7/site-packages/airflow/example_dags/example_short_circuit_operator.py
[2023-05-10T22:06:02.724+0000] {processor.py:809} INFO - DAG(s) dict_keys(['example_short_circuit_operator']) retrieved from /home/airflow/.local/lib/python3.7/site-packages/airflow/example_dags/example_short_circuit_operator.py
[2023-05-10T22:06:02.901+0000] {logging_mixin.py:149} INFO - [2023-05-10T22:06:02.901+0000] {dag.py:2726} INFO - Sync 1 DAGs
[2023-05-10T22:06:03.113+0000] {logging_mixin.py:149} INFO - [2023-05-10T22:06:03.112+0000] {dag.py:3490} INFO - Setting next_dagrun for example_short_circuit_operator to 2023-05-09T22:06:03.112190+00:00, run_after=2023-05-10T22:06:03.112190+00:00
[2023-05-10T22:06:03.336+0000] {processor.py:178} INFO - Processing /home/airflow/.local/lib/python3.7/site-packages/airflow/example_dags/example_short_circuit_operator.py took 0.689 seconds
[2023-05-10T22:06:33.754+0000] {processor.py:156} INFO - Started process (PID=1356) to work on /home/airflow/.local/lib/python3.7/site-packages/airflow/example_dags/example_short_circuit_operator.py
[2023-05-10T22:06:33.767+0000] {processor.py:799} INFO - Processing file /home/airflow/.local/lib/python3.7/site-packages/airflow/example_dags/example_short_circuit_operator.py for tasks to queue
[2023-05-10T22:06:33.770+0000] {logging_mixin.py:149} INFO - [2023-05-10T22:06:33.769+0000] {dagbag.py:541} INFO - Filling up the DagBag from /home/airflow/.local/lib/python3.7/site-packages/airflow/example_dags/example_short_circuit_operator.py
[2023-05-10T22:06:33.831+0000] {processor.py:809} INFO - DAG(s) dict_keys(['example_short_circuit_operator']) retrieved from /home/airflow/.local/lib/python3.7/site-packages/airflow/example_dags/example_short_circuit_operator.py
[2023-05-10T22:06:33.988+0000] {logging_mixin.py:149} INFO - [2023-05-10T22:06:33.988+0000] {dag.py:2726} INFO - Sync 1 DAGs
[2023-05-10T22:06:34.195+0000] {logging_mixin.py:149} INFO - [2023-05-10T22:06:34.195+0000] {dag.py:3490} INFO - Setting next_dagrun for example_short_circuit_operator to 2023-05-09T22:06:34.194520+00:00, run_after=2023-05-10T22:06:34.194520+00:00
[2023-05-10T22:06:34.422+0000] {processor.py:178} INFO - Processing /home/airflow/.local/lib/python3.7/site-packages/airflow/example_dags/example_short_circuit_operator.py took 0.678 seconds
[2023-05-10T22:07:05.198+0000] {processor.py:156} INFO - Started process (PID=1412) to work on /home/airflow/.local/lib/python3.7/site-packages/airflow/example_dags/example_short_circuit_operator.py
[2023-05-10T22:07:05.200+0000] {processor.py:799} INFO - Processing file /home/airflow/.local/lib/python3.7/site-packages/airflow/example_dags/example_short_circuit_operator.py for tasks to queue
[2023-05-10T22:07:05.204+0000] {logging_mixin.py:149} INFO - [2023-05-10T22:07:05.203+0000] {dagbag.py:541} INFO - Filling up the DagBag from /home/airflow/.local/lib/python3.7/site-packages/airflow/example_dags/example_short_circuit_operator.py
[2023-05-10T22:07:05.238+0000] {processor.py:809} INFO - DAG(s) dict_keys(['example_short_circuit_operator']) retrieved from /home/airflow/.local/lib/python3.7/site-packages/airflow/example_dags/example_short_circuit_operator.py
[2023-05-10T22:07:05.333+0000] {logging_mixin.py:149} INFO - [2023-05-10T22:07:05.332+0000] {dag.py:2726} INFO - Sync 1 DAGs
[2023-05-10T22:07:05.459+0000] {logging_mixin.py:149} INFO - [2023-05-10T22:07:05.458+0000] {dag.py:3490} INFO - Setting next_dagrun for example_short_circuit_operator to 2023-05-09T22:07:05.456860+00:00, run_after=2023-05-10T22:07:05.456860+00:00
[2023-05-10T22:07:05.555+0000] {processor.py:178} INFO - Processing /home/airflow/.local/lib/python3.7/site-packages/airflow/example_dags/example_short_circuit_operator.py took 0.365 seconds
[2023-05-10T22:07:36.376+0000] {processor.py:156} INFO - Started process (PID=1468) to work on /home/airflow/.local/lib/python3.7/site-packages/airflow/example_dags/example_short_circuit_operator.py
[2023-05-10T22:07:36.388+0000] {processor.py:799} INFO - Processing file /home/airflow/.local/lib/python3.7/site-packages/airflow/example_dags/example_short_circuit_operator.py for tasks to queue
[2023-05-10T22:07:36.403+0000] {logging_mixin.py:149} INFO - [2023-05-10T22:07:36.402+0000] {dagbag.py:541} INFO - Filling up the DagBag from /home/airflow/.local/lib/python3.7/site-packages/airflow/example_dags/example_short_circuit_operator.py
[2023-05-10T22:07:36.489+0000] {processor.py:809} INFO - DAG(s) dict_keys(['example_short_circuit_operator']) retrieved from /home/airflow/.local/lib/python3.7/site-packages/airflow/example_dags/example_short_circuit_operator.py
[2023-05-10T22:07:36.607+0000] {logging_mixin.py:149} INFO - [2023-05-10T22:07:36.607+0000] {dag.py:2726} INFO - Sync 1 DAGs
[2023-05-10T22:07:36.728+0000] {logging_mixin.py:149} INFO - [2023-05-10T22:07:36.727+0000] {dag.py:3490} INFO - Setting next_dagrun for example_short_circuit_operator to 2023-05-09T22:07:36.726921+00:00, run_after=2023-05-10T22:07:36.726921+00:00
[2023-05-10T22:07:36.866+0000] {processor.py:178} INFO - Processing /home/airflow/.local/lib/python3.7/site-packages/airflow/example_dags/example_short_circuit_operator.py took 0.500 seconds
[2023-05-10T22:08:07.256+0000] {processor.py:156} INFO - Started process (PID=1523) to work on /home/airflow/.local/lib/python3.7/site-packages/airflow/example_dags/example_short_circuit_operator.py
[2023-05-10T22:08:07.259+0000] {processor.py:799} INFO - Processing file /home/airflow/.local/lib/python3.7/site-packages/airflow/example_dags/example_short_circuit_operator.py for tasks to queue
[2023-05-10T22:08:07.265+0000] {logging_mixin.py:149} INFO - [2023-05-10T22:08:07.265+0000] {dagbag.py:541} INFO - Filling up the DagBag from /home/airflow/.local/lib/python3.7/site-packages/airflow/example_dags/example_short_circuit_operator.py
[2023-05-10T22:08:07.292+0000] {processor.py:809} INFO - DAG(s) dict_keys(['example_short_circuit_operator']) retrieved from /home/airflow/.local/lib/python3.7/site-packages/airflow/example_dags/example_short_circuit_operator.py
[2023-05-10T22:08:07.422+0000] {logging_mixin.py:149} INFO - [2023-05-10T22:08:07.421+0000] {dag.py:2726} INFO - Sync 1 DAGs
[2023-05-10T22:08:07.590+0000] {logging_mixin.py:149} INFO - [2023-05-10T22:08:07.590+0000] {dag.py:3490} INFO - Setting next_dagrun for example_short_circuit_operator to 2023-05-09T22:08:07.589979+00:00, run_after=2023-05-10T22:08:07.589979+00:00
[2023-05-10T22:08:07.730+0000] {processor.py:178} INFO - Processing /home/airflow/.local/lib/python3.7/site-packages/airflow/example_dags/example_short_circuit_operator.py took 0.482 seconds
[2023-05-10T22:08:44.200+0000] {processor.py:156} INFO - Started process (PID=1578) to work on /home/airflow/.local/lib/python3.7/site-packages/airflow/example_dags/example_short_circuit_operator.py
[2023-05-10T22:08:44.203+0000] {processor.py:799} INFO - Processing file /home/airflow/.local/lib/python3.7/site-packages/airflow/example_dags/example_short_circuit_operator.py for tasks to queue
[2023-05-10T22:08:44.218+0000] {logging_mixin.py:149} INFO - [2023-05-10T22:08:44.217+0000] {dagbag.py:541} INFO - Filling up the DagBag from /home/airflow/.local/lib/python3.7/site-packages/airflow/example_dags/example_short_circuit_operator.py
[2023-05-10T22:08:44.293+0000] {processor.py:809} INFO - DAG(s) dict_keys(['example_short_circuit_operator']) retrieved from /home/airflow/.local/lib/python3.7/site-packages/airflow/example_dags/example_short_circuit_operator.py
[2023-05-10T22:08:44.473+0000] {logging_mixin.py:149} INFO - [2023-05-10T22:08:44.473+0000] {dag.py:2726} INFO - Sync 1 DAGs
[2023-05-10T22:08:44.765+0000] {logging_mixin.py:149} INFO - [2023-05-10T22:08:44.764+0000] {dag.py:3490} INFO - Setting next_dagrun for example_short_circuit_operator to 2023-05-09T22:08:44.759328+00:00, run_after=2023-05-10T22:08:44.759328+00:00
[2023-05-10T22:08:45.065+0000] {processor.py:178} INFO - Processing /home/airflow/.local/lib/python3.7/site-packages/airflow/example_dags/example_short_circuit_operator.py took 0.883 seconds
[2023-05-10T22:09:18.773+0000] {processor.py:156} INFO - Started process (PID=1633) to work on /home/airflow/.local/lib/python3.7/site-packages/airflow/example_dags/example_short_circuit_operator.py
[2023-05-10T22:09:18.775+0000] {processor.py:799} INFO - Processing file /home/airflow/.local/lib/python3.7/site-packages/airflow/example_dags/example_short_circuit_operator.py for tasks to queue
[2023-05-10T22:09:18.778+0000] {logging_mixin.py:149} INFO - [2023-05-10T22:09:18.777+0000] {dagbag.py:541} INFO - Filling up the DagBag from /home/airflow/.local/lib/python3.7/site-packages/airflow/example_dags/example_short_circuit_operator.py
[2023-05-10T22:09:18.832+0000] {processor.py:809} INFO - DAG(s) dict_keys(['example_short_circuit_operator']) retrieved from /home/airflow/.local/lib/python3.7/site-packages/airflow/example_dags/example_short_circuit_operator.py
[2023-05-10T22:09:19.034+0000] {logging_mixin.py:149} INFO - [2023-05-10T22:09:19.033+0000] {dag.py:2726} INFO - Sync 1 DAGs
[2023-05-10T22:09:19.270+0000] {logging_mixin.py:149} INFO - [2023-05-10T22:09:19.270+0000] {dag.py:3490} INFO - Setting next_dagrun for example_short_circuit_operator to 2023-05-09T22:09:19.269860+00:00, run_after=2023-05-10T22:09:19.269860+00:00
[2023-05-10T22:09:19.438+0000] {processor.py:178} INFO - Processing /home/airflow/.local/lib/python3.7/site-packages/airflow/example_dags/example_short_circuit_operator.py took 0.684 seconds
[2023-05-10T22:09:49.850+0000] {processor.py:156} INFO - Started process (PID=1685) to work on /home/airflow/.local/lib/python3.7/site-packages/airflow/example_dags/example_short_circuit_operator.py
[2023-05-10T22:09:49.853+0000] {processor.py:799} INFO - Processing file /home/airflow/.local/lib/python3.7/site-packages/airflow/example_dags/example_short_circuit_operator.py for tasks to queue
[2023-05-10T22:09:49.857+0000] {logging_mixin.py:149} INFO - [2023-05-10T22:09:49.856+0000] {dagbag.py:541} INFO - Filling up the DagBag from /home/airflow/.local/lib/python3.7/site-packages/airflow/example_dags/example_short_circuit_operator.py
[2023-05-10T22:09:49.908+0000] {processor.py:809} INFO - DAG(s) dict_keys(['example_short_circuit_operator']) retrieved from /home/airflow/.local/lib/python3.7/site-packages/airflow/example_dags/example_short_circuit_operator.py
[2023-05-10T22:09:50.112+0000] {logging_mixin.py:149} INFO - [2023-05-10T22:09:50.112+0000] {dag.py:2726} INFO - Sync 1 DAGs
[2023-05-10T22:09:50.255+0000] {logging_mixin.py:149} INFO - [2023-05-10T22:09:50.254+0000] {dag.py:3490} INFO - Setting next_dagrun for example_short_circuit_operator to 2023-05-09T22:09:50.253563+00:00, run_after=2023-05-10T22:09:50.253563+00:00
[2023-05-10T22:09:50.380+0000] {processor.py:178} INFO - Processing /home/airflow/.local/lib/python3.7/site-packages/airflow/example_dags/example_short_circuit_operator.py took 0.547 seconds
[2023-05-10T22:10:20.876+0000] {processor.py:156} INFO - Started process (PID=1741) to work on /home/airflow/.local/lib/python3.7/site-packages/airflow/example_dags/example_short_circuit_operator.py
[2023-05-10T22:10:20.878+0000] {processor.py:799} INFO - Processing file /home/airflow/.local/lib/python3.7/site-packages/airflow/example_dags/example_short_circuit_operator.py for tasks to queue
[2023-05-10T22:10:20.889+0000] {logging_mixin.py:149} INFO - [2023-05-10T22:10:20.889+0000] {dagbag.py:541} INFO - Filling up the DagBag from /home/airflow/.local/lib/python3.7/site-packages/airflow/example_dags/example_short_circuit_operator.py
[2023-05-10T22:10:20.925+0000] {processor.py:809} INFO - DAG(s) dict_keys(['example_short_circuit_operator']) retrieved from /home/airflow/.local/lib/python3.7/site-packages/airflow/example_dags/example_short_circuit_operator.py
[2023-05-10T22:10:21.058+0000] {logging_mixin.py:149} INFO - [2023-05-10T22:10:21.057+0000] {dag.py:2726} INFO - Sync 1 DAGs
[2023-05-10T22:10:21.283+0000] {logging_mixin.py:149} INFO - [2023-05-10T22:10:21.282+0000] {dag.py:3490} INFO - Setting next_dagrun for example_short_circuit_operator to 2023-05-09T22:10:21.282299+00:00, run_after=2023-05-10T22:10:21.282299+00:00
[2023-05-10T22:10:21.601+0000] {processor.py:178} INFO - Processing /home/airflow/.local/lib/python3.7/site-packages/airflow/example_dags/example_short_circuit_operator.py took 0.734 seconds
