[2023-05-10T21:52:16.472+0000] {processor.py:156} INFO - Started process (PID=60) to work on /home/airflow/.local/lib/python3.7/site-packages/airflow/example_dags/example_short_circuit_decorator.py
[2023-05-10T21:52:16.474+0000] {processor.py:799} INFO - Processing file /home/airflow/.local/lib/python3.7/site-packages/airflow/example_dags/example_short_circuit_decorator.py for tasks to queue
[2023-05-10T21:52:16.476+0000] {logging_mixin.py:149} INFO - [2023-05-10T21:52:16.476+0000] {dagbag.py:541} INFO - Filling up the DagBag from /home/airflow/.local/lib/python3.7/site-packages/airflow/example_dags/example_short_circuit_decorator.py
[2023-05-10T21:52:16.637+0000] {processor.py:809} INFO - DAG(s) dict_keys(['example_short_circuit_decorator']) retrieved from /home/airflow/.local/lib/python3.7/site-packages/airflow/example_dags/example_short_circuit_decorator.py
[2023-05-10T21:52:25.828+0000] {logging_mixin.py:149} INFO - [2023-05-10T21:52:25.828+0000] {manager.py:504} INFO - Created Permission View: can read on DAG:example_short_circuit_decorator
[2023-05-10T21:52:26.175+0000] {logging_mixin.py:149} INFO - [2023-05-10T21:52:26.174+0000] {manager.py:504} INFO - Created Permission View: can delete on DAG:example_short_circuit_decorator
[2023-05-10T21:52:26.464+0000] {logging_mixin.py:149} INFO - [2023-05-10T21:52:26.464+0000] {manager.py:504} INFO - Created Permission View: can edit on DAG:example_short_circuit_decorator
[2023-05-10T21:52:26.474+0000] {logging_mixin.py:149} INFO - [2023-05-10T21:52:26.474+0000] {dag.py:2726} INFO - Sync 1 DAGs
[2023-05-10T21:52:26.597+0000] {logging_mixin.py:149} INFO - [2023-05-10T21:52:26.596+0000] {dag.py:2747} INFO - Creating ORM DAG for example_short_circuit_decorator
[2023-05-10T21:52:26.655+0000] {logging_mixin.py:149} INFO - [2023-05-10T21:52:26.655+0000] {dag.py:3490} INFO - Setting next_dagrun for example_short_circuit_decorator to 2023-05-09T21:52:26.652907+00:00, run_after=2023-05-10T21:52:26.652907+00:00
[2023-05-10T21:52:28.704+0000] {processor.py:178} INFO - Processing /home/airflow/.local/lib/python3.7/site-packages/airflow/example_dags/example_short_circuit_decorator.py took 12.244 seconds
[2023-05-10T21:53:51.797+0000] {processor.py:156} INFO - Started process (PID=130) to work on /home/airflow/.local/lib/python3.7/site-packages/airflow/example_dags/example_short_circuit_decorator.py
[2023-05-10T21:53:51.800+0000] {processor.py:799} INFO - Processing file /home/airflow/.local/lib/python3.7/site-packages/airflow/example_dags/example_short_circuit_decorator.py for tasks to queue
[2023-05-10T21:53:51.811+0000] {logging_mixin.py:149} INFO - [2023-05-10T21:53:51.811+0000] {dagbag.py:541} INFO - Filling up the DagBag from /home/airflow/.local/lib/python3.7/site-packages/airflow/example_dags/example_short_circuit_decorator.py
[2023-05-10T21:53:51.904+0000] {processor.py:809} INFO - DAG(s) dict_keys(['example_short_circuit_decorator']) retrieved from /home/airflow/.local/lib/python3.7/site-packages/airflow/example_dags/example_short_circuit_decorator.py
[2023-05-10T21:53:52.075+0000] {logging_mixin.py:149} INFO - [2023-05-10T21:53:52.074+0000] {dag.py:2726} INFO - Sync 1 DAGs
[2023-05-10T21:53:52.205+0000] {logging_mixin.py:149} INFO - [2023-05-10T21:53:52.205+0000] {dag.py:3490} INFO - Setting next_dagrun for example_short_circuit_decorator to 2023-05-09T21:53:52.204965+00:00, run_after=2023-05-10T21:53:52.204965+00:00
[2023-05-10T21:53:52.395+0000] {processor.py:178} INFO - Processing /home/airflow/.local/lib/python3.7/site-packages/airflow/example_dags/example_short_circuit_decorator.py took 0.609 seconds
[2023-05-10T21:54:32.167+0000] {processor.py:156} INFO - Started process (PID=182) to work on /home/airflow/.local/lib/python3.7/site-packages/airflow/example_dags/example_short_circuit_decorator.py
[2023-05-10T21:54:32.171+0000] {processor.py:799} INFO - Processing file /home/airflow/.local/lib/python3.7/site-packages/airflow/example_dags/example_short_circuit_decorator.py for tasks to queue
[2023-05-10T21:54:32.173+0000] {logging_mixin.py:149} INFO - [2023-05-10T21:54:32.173+0000] {dagbag.py:541} INFO - Filling up the DagBag from /home/airflow/.local/lib/python3.7/site-packages/airflow/example_dags/example_short_circuit_decorator.py
[2023-05-10T21:54:32.281+0000] {processor.py:809} INFO - DAG(s) dict_keys(['example_short_circuit_decorator']) retrieved from /home/airflow/.local/lib/python3.7/site-packages/airflow/example_dags/example_short_circuit_decorator.py
[2023-05-10T21:54:32.780+0000] {logging_mixin.py:149} INFO - [2023-05-10T21:54:32.779+0000] {dag.py:2726} INFO - Sync 1 DAGs
[2023-05-10T21:54:32.991+0000] {logging_mixin.py:149} INFO - [2023-05-10T21:54:32.990+0000] {dag.py:3490} INFO - Setting next_dagrun for example_short_circuit_decorator to 2023-05-09T21:54:32.990191+00:00, run_after=2023-05-10T21:54:32.990191+00:00
[2023-05-10T21:54:33.233+0000] {processor.py:178} INFO - Processing /home/airflow/.local/lib/python3.7/site-packages/airflow/example_dags/example_short_circuit_decorator.py took 1.119 seconds
[2023-05-10T21:55:14.136+0000] {processor.py:156} INFO - Started process (PID=232) to work on /home/airflow/.local/lib/python3.7/site-packages/airflow/example_dags/example_short_circuit_decorator.py
[2023-05-10T21:55:14.141+0000] {processor.py:799} INFO - Processing file /home/airflow/.local/lib/python3.7/site-packages/airflow/example_dags/example_short_circuit_decorator.py for tasks to queue
[2023-05-10T21:55:14.144+0000] {logging_mixin.py:149} INFO - [2023-05-10T21:55:14.144+0000] {dagbag.py:541} INFO - Filling up the DagBag from /home/airflow/.local/lib/python3.7/site-packages/airflow/example_dags/example_short_circuit_decorator.py
[2023-05-10T21:55:14.211+0000] {processor.py:809} INFO - DAG(s) dict_keys(['example_short_circuit_decorator']) retrieved from /home/airflow/.local/lib/python3.7/site-packages/airflow/example_dags/example_short_circuit_decorator.py
[2023-05-10T21:55:14.718+0000] {logging_mixin.py:149} INFO - [2023-05-10T21:55:14.718+0000] {dag.py:2726} INFO - Sync 1 DAGs
[2023-05-10T21:55:14.900+0000] {logging_mixin.py:149} INFO - [2023-05-10T21:55:14.900+0000] {dag.py:3490} INFO - Setting next_dagrun for example_short_circuit_decorator to 2023-05-09T21:55:14.899553+00:00, run_after=2023-05-10T21:55:14.899553+00:00
[2023-05-10T21:55:15.215+0000] {processor.py:178} INFO - Processing /home/airflow/.local/lib/python3.7/site-packages/airflow/example_dags/example_short_circuit_decorator.py took 1.095 seconds
[2023-05-10T21:55:48.126+0000] {processor.py:156} INFO - Started process (PID=283) to work on /home/airflow/.local/lib/python3.7/site-packages/airflow/example_dags/example_short_circuit_decorator.py
[2023-05-10T21:55:48.147+0000] {processor.py:799} INFO - Processing file /home/airflow/.local/lib/python3.7/site-packages/airflow/example_dags/example_short_circuit_decorator.py for tasks to queue
[2023-05-10T21:55:48.186+0000] {logging_mixin.py:149} INFO - [2023-05-10T21:55:48.166+0000] {dagbag.py:541} INFO - Filling up the DagBag from /home/airflow/.local/lib/python3.7/site-packages/airflow/example_dags/example_short_circuit_decorator.py
[2023-05-10T21:55:48.454+0000] {processor.py:809} INFO - DAG(s) dict_keys(['example_short_circuit_decorator']) retrieved from /home/airflow/.local/lib/python3.7/site-packages/airflow/example_dags/example_short_circuit_decorator.py
[2023-05-10T21:55:48.741+0000] {logging_mixin.py:149} INFO - [2023-05-10T21:55:48.739+0000] {dag.py:2726} INFO - Sync 1 DAGs
[2023-05-10T21:55:48.958+0000] {logging_mixin.py:149} INFO - [2023-05-10T21:55:48.958+0000] {dag.py:3490} INFO - Setting next_dagrun for example_short_circuit_decorator to 2023-05-09T21:55:48.957692+00:00, run_after=2023-05-10T21:55:48.957692+00:00
[2023-05-10T21:55:49.304+0000] {processor.py:178} INFO - Processing /home/airflow/.local/lib/python3.7/site-packages/airflow/example_dags/example_short_circuit_decorator.py took 1.257 seconds
[2023-05-10T21:56:22.314+0000] {processor.py:156} INFO - Started process (PID=340) to work on /home/airflow/.local/lib/python3.7/site-packages/airflow/example_dags/example_short_circuit_decorator.py
[2023-05-10T21:56:22.328+0000] {processor.py:799} INFO - Processing file /home/airflow/.local/lib/python3.7/site-packages/airflow/example_dags/example_short_circuit_decorator.py for tasks to queue
[2023-05-10T21:56:22.331+0000] {logging_mixin.py:149} INFO - [2023-05-10T21:56:22.330+0000] {dagbag.py:541} INFO - Filling up the DagBag from /home/airflow/.local/lib/python3.7/site-packages/airflow/example_dags/example_short_circuit_decorator.py
[2023-05-10T21:56:22.389+0000] {processor.py:809} INFO - DAG(s) dict_keys(['example_short_circuit_decorator']) retrieved from /home/airflow/.local/lib/python3.7/site-packages/airflow/example_dags/example_short_circuit_decorator.py
[2023-05-10T21:56:22.583+0000] {logging_mixin.py:149} INFO - [2023-05-10T21:56:22.578+0000] {dag.py:2726} INFO - Sync 1 DAGs
[2023-05-10T21:56:22.769+0000] {logging_mixin.py:149} INFO - [2023-05-10T21:56:22.768+0000] {dag.py:3490} INFO - Setting next_dagrun for example_short_circuit_decorator to 2023-05-09T21:56:22.768180+00:00, run_after=2023-05-10T21:56:22.768180+00:00
[2023-05-10T21:56:23.114+0000] {processor.py:178} INFO - Processing /home/airflow/.local/lib/python3.7/site-packages/airflow/example_dags/example_short_circuit_decorator.py took 0.815 seconds
[2023-05-10T21:57:05.134+0000] {processor.py:156} INFO - Started process (PID=402) to work on /home/airflow/.local/lib/python3.7/site-packages/airflow/example_dags/example_short_circuit_decorator.py
[2023-05-10T21:57:05.212+0000] {processor.py:799} INFO - Processing file /home/airflow/.local/lib/python3.7/site-packages/airflow/example_dags/example_short_circuit_decorator.py for tasks to queue
[2023-05-10T21:57:05.221+0000] {logging_mixin.py:149} INFO - [2023-05-10T21:57:05.221+0000] {dagbag.py:541} INFO - Filling up the DagBag from /home/airflow/.local/lib/python3.7/site-packages/airflow/example_dags/example_short_circuit_decorator.py
[2023-05-10T21:57:05.381+0000] {processor.py:809} INFO - DAG(s) dict_keys(['example_short_circuit_decorator']) retrieved from /home/airflow/.local/lib/python3.7/site-packages/airflow/example_dags/example_short_circuit_decorator.py
[2023-05-10T21:57:05.765+0000] {logging_mixin.py:149} INFO - [2023-05-10T21:57:05.765+0000] {dag.py:2726} INFO - Sync 1 DAGs
[2023-05-10T21:57:06.209+0000] {logging_mixin.py:149} INFO - [2023-05-10T21:57:06.209+0000] {dag.py:3490} INFO - Setting next_dagrun for example_short_circuit_decorator to 2023-05-09T21:57:06.178292+00:00, run_after=2023-05-10T21:57:06.178292+00:00
[2023-05-10T21:57:06.980+0000] {processor.py:178} INFO - Processing /home/airflow/.local/lib/python3.7/site-packages/airflow/example_dags/example_short_circuit_decorator.py took 1.879 seconds
[2023-05-10T21:57:37.729+0000] {processor.py:156} INFO - Started process (PID=456) to work on /home/airflow/.local/lib/python3.7/site-packages/airflow/example_dags/example_short_circuit_decorator.py
[2023-05-10T21:57:37.732+0000] {processor.py:799} INFO - Processing file /home/airflow/.local/lib/python3.7/site-packages/airflow/example_dags/example_short_circuit_decorator.py for tasks to queue
[2023-05-10T21:57:37.742+0000] {logging_mixin.py:149} INFO - [2023-05-10T21:57:37.739+0000] {dagbag.py:541} INFO - Filling up the DagBag from /home/airflow/.local/lib/python3.7/site-packages/airflow/example_dags/example_short_circuit_decorator.py
[2023-05-10T21:57:37.786+0000] {processor.py:809} INFO - DAG(s) dict_keys(['example_short_circuit_decorator']) retrieved from /home/airflow/.local/lib/python3.7/site-packages/airflow/example_dags/example_short_circuit_decorator.py
[2023-05-10T21:57:37.920+0000] {logging_mixin.py:149} INFO - [2023-05-10T21:57:37.919+0000] {dag.py:2726} INFO - Sync 1 DAGs
[2023-05-10T21:57:38.094+0000] {logging_mixin.py:149} INFO - [2023-05-10T21:57:38.094+0000] {dag.py:3490} INFO - Setting next_dagrun for example_short_circuit_decorator to 2023-05-09T21:57:38.094056+00:00, run_after=2023-05-10T21:57:38.094056+00:00
[2023-05-10T21:57:38.332+0000] {processor.py:178} INFO - Processing /home/airflow/.local/lib/python3.7/site-packages/airflow/example_dags/example_short_circuit_decorator.py took 0.611 seconds
[2023-05-10T21:58:10.568+0000] {processor.py:156} INFO - Started process (PID=508) to work on /home/airflow/.local/lib/python3.7/site-packages/airflow/example_dags/example_short_circuit_decorator.py
[2023-05-10T21:58:10.572+0000] {processor.py:799} INFO - Processing file /home/airflow/.local/lib/python3.7/site-packages/airflow/example_dags/example_short_circuit_decorator.py for tasks to queue
[2023-05-10T21:58:10.574+0000] {logging_mixin.py:149} INFO - [2023-05-10T21:58:10.574+0000] {dagbag.py:541} INFO - Filling up the DagBag from /home/airflow/.local/lib/python3.7/site-packages/airflow/example_dags/example_short_circuit_decorator.py
[2023-05-10T21:58:10.618+0000] {processor.py:809} INFO - DAG(s) dict_keys(['example_short_circuit_decorator']) retrieved from /home/airflow/.local/lib/python3.7/site-packages/airflow/example_dags/example_short_circuit_decorator.py
[2023-05-10T21:58:10.733+0000] {logging_mixin.py:149} INFO - [2023-05-10T21:58:10.733+0000] {dag.py:2726} INFO - Sync 1 DAGs
[2023-05-10T21:58:10.879+0000] {logging_mixin.py:149} INFO - [2023-05-10T21:58:10.878+0000] {dag.py:3490} INFO - Setting next_dagrun for example_short_circuit_decorator to 2023-05-09T21:58:10.878094+00:00, run_after=2023-05-10T21:58:10.878094+00:00
[2023-05-10T21:58:11.063+0000] {processor.py:178} INFO - Processing /home/airflow/.local/lib/python3.7/site-packages/airflow/example_dags/example_short_circuit_decorator.py took 0.507 seconds
[2023-05-10T21:58:43.832+0000] {processor.py:156} INFO - Started process (PID=559) to work on /home/airflow/.local/lib/python3.7/site-packages/airflow/example_dags/example_short_circuit_decorator.py
[2023-05-10T21:58:43.835+0000] {processor.py:799} INFO - Processing file /home/airflow/.local/lib/python3.7/site-packages/airflow/example_dags/example_short_circuit_decorator.py for tasks to queue
[2023-05-10T21:58:43.847+0000] {logging_mixin.py:149} INFO - [2023-05-10T21:58:43.847+0000] {dagbag.py:541} INFO - Filling up the DagBag from /home/airflow/.local/lib/python3.7/site-packages/airflow/example_dags/example_short_circuit_decorator.py
[2023-05-10T21:58:43.958+0000] {processor.py:809} INFO - DAG(s) dict_keys(['example_short_circuit_decorator']) retrieved from /home/airflow/.local/lib/python3.7/site-packages/airflow/example_dags/example_short_circuit_decorator.py
[2023-05-10T21:58:44.219+0000] {logging_mixin.py:149} INFO - [2023-05-10T21:58:44.218+0000] {dag.py:2726} INFO - Sync 1 DAGs
[2023-05-10T21:58:44.479+0000] {logging_mixin.py:149} INFO - [2023-05-10T21:58:44.478+0000] {dag.py:3490} INFO - Setting next_dagrun for example_short_circuit_decorator to 2023-05-09T21:58:44.478016+00:00, run_after=2023-05-10T21:58:44.478016+00:00
[2023-05-10T21:58:44.714+0000] {processor.py:178} INFO - Processing /home/airflow/.local/lib/python3.7/site-packages/airflow/example_dags/example_short_circuit_decorator.py took 0.899 seconds
[2023-05-10T21:59:16.175+0000] {processor.py:156} INFO - Started process (PID=615) to work on /home/airflow/.local/lib/python3.7/site-packages/airflow/example_dags/example_short_circuit_decorator.py
[2023-05-10T21:59:16.185+0000] {processor.py:799} INFO - Processing file /home/airflow/.local/lib/python3.7/site-packages/airflow/example_dags/example_short_circuit_decorator.py for tasks to queue
[2023-05-10T21:59:16.188+0000] {logging_mixin.py:149} INFO - [2023-05-10T21:59:16.187+0000] {dagbag.py:541} INFO - Filling up the DagBag from /home/airflow/.local/lib/python3.7/site-packages/airflow/example_dags/example_short_circuit_decorator.py
[2023-05-10T21:59:16.246+0000] {processor.py:809} INFO - DAG(s) dict_keys(['example_short_circuit_decorator']) retrieved from /home/airflow/.local/lib/python3.7/site-packages/airflow/example_dags/example_short_circuit_decorator.py
[2023-05-10T21:59:16.436+0000] {logging_mixin.py:149} INFO - [2023-05-10T21:59:16.436+0000] {dag.py:2726} INFO - Sync 1 DAGs
[2023-05-10T21:59:16.603+0000] {logging_mixin.py:149} INFO - [2023-05-10T21:59:16.602+0000] {dag.py:3490} INFO - Setting next_dagrun for example_short_circuit_decorator to 2023-05-09T21:59:16.602343+00:00, run_after=2023-05-10T21:59:16.602343+00:00
[2023-05-10T21:59:16.743+0000] {processor.py:178} INFO - Processing /home/airflow/.local/lib/python3.7/site-packages/airflow/example_dags/example_short_circuit_decorator.py took 0.580 seconds
[2023-05-10T21:59:51.844+0000] {processor.py:156} INFO - Started process (PID=671) to work on /home/airflow/.local/lib/python3.7/site-packages/airflow/example_dags/example_short_circuit_decorator.py
[2023-05-10T21:59:51.871+0000] {processor.py:799} INFO - Processing file /home/airflow/.local/lib/python3.7/site-packages/airflow/example_dags/example_short_circuit_decorator.py for tasks to queue
[2023-05-10T21:59:51.878+0000] {logging_mixin.py:149} INFO - [2023-05-10T21:59:51.877+0000] {dagbag.py:541} INFO - Filling up the DagBag from /home/airflow/.local/lib/python3.7/site-packages/airflow/example_dags/example_short_circuit_decorator.py
[2023-05-10T21:59:51.991+0000] {processor.py:809} INFO - DAG(s) dict_keys(['example_short_circuit_decorator']) retrieved from /home/airflow/.local/lib/python3.7/site-packages/airflow/example_dags/example_short_circuit_decorator.py
[2023-05-10T21:59:52.367+0000] {logging_mixin.py:149} INFO - [2023-05-10T21:59:52.366+0000] {dag.py:2726} INFO - Sync 1 DAGs
[2023-05-10T21:59:52.719+0000] {logging_mixin.py:149} INFO - [2023-05-10T21:59:52.718+0000] {dag.py:3490} INFO - Setting next_dagrun for example_short_circuit_decorator to 2023-05-09T21:59:52.718249+00:00, run_after=2023-05-10T21:59:52.718249+00:00
[2023-05-10T21:59:52.942+0000] {processor.py:178} INFO - Processing /home/airflow/.local/lib/python3.7/site-packages/airflow/example_dags/example_short_circuit_decorator.py took 1.119 seconds
[2023-05-10T22:00:23.180+0000] {processor.py:156} INFO - Started process (PID=726) to work on /home/airflow/.local/lib/python3.7/site-packages/airflow/example_dags/example_short_circuit_decorator.py
[2023-05-10T22:00:23.192+0000] {processor.py:799} INFO - Processing file /home/airflow/.local/lib/python3.7/site-packages/airflow/example_dags/example_short_circuit_decorator.py for tasks to queue
[2023-05-10T22:00:23.195+0000] {logging_mixin.py:149} INFO - [2023-05-10T22:00:23.194+0000] {dagbag.py:541} INFO - Filling up the DagBag from /home/airflow/.local/lib/python3.7/site-packages/airflow/example_dags/example_short_circuit_decorator.py
[2023-05-10T22:00:23.250+0000] {processor.py:809} INFO - DAG(s) dict_keys(['example_short_circuit_decorator']) retrieved from /home/airflow/.local/lib/python3.7/site-packages/airflow/example_dags/example_short_circuit_decorator.py
[2023-05-10T22:00:23.404+0000] {logging_mixin.py:149} INFO - [2023-05-10T22:00:23.403+0000] {dag.py:2726} INFO - Sync 1 DAGs
[2023-05-10T22:00:23.558+0000] {logging_mixin.py:149} INFO - [2023-05-10T22:00:23.558+0000] {dag.py:3490} INFO - Setting next_dagrun for example_short_circuit_decorator to 2023-05-09T22:00:23.557604+00:00, run_after=2023-05-10T22:00:23.557604+00:00
[2023-05-10T22:00:23.697+0000] {processor.py:178} INFO - Processing /home/airflow/.local/lib/python3.7/site-packages/airflow/example_dags/example_short_circuit_decorator.py took 0.525 seconds
[2023-05-10T22:00:54.403+0000] {processor.py:156} INFO - Started process (PID=783) to work on /home/airflow/.local/lib/python3.7/site-packages/airflow/example_dags/example_short_circuit_decorator.py
[2023-05-10T22:00:54.458+0000] {processor.py:799} INFO - Processing file /home/airflow/.local/lib/python3.7/site-packages/airflow/example_dags/example_short_circuit_decorator.py for tasks to queue
[2023-05-10T22:00:54.460+0000] {logging_mixin.py:149} INFO - [2023-05-10T22:00:54.460+0000] {dagbag.py:541} INFO - Filling up the DagBag from /home/airflow/.local/lib/python3.7/site-packages/airflow/example_dags/example_short_circuit_decorator.py
[2023-05-10T22:00:54.521+0000] {processor.py:809} INFO - DAG(s) dict_keys(['example_short_circuit_decorator']) retrieved from /home/airflow/.local/lib/python3.7/site-packages/airflow/example_dags/example_short_circuit_decorator.py
[2023-05-10T22:00:54.668+0000] {logging_mixin.py:149} INFO - [2023-05-10T22:00:54.667+0000] {dag.py:2726} INFO - Sync 1 DAGs
[2023-05-10T22:00:54.866+0000] {logging_mixin.py:149} INFO - [2023-05-10T22:00:54.866+0000] {dag.py:3490} INFO - Setting next_dagrun for example_short_circuit_decorator to 2023-05-09T22:00:54.865727+00:00, run_after=2023-05-10T22:00:54.865727+00:00
[2023-05-10T22:00:59.431+0000] {processor.py:178} INFO - Processing /home/airflow/.local/lib/python3.7/site-packages/airflow/example_dags/example_short_circuit_decorator.py took 5.099 seconds
[2023-05-10T22:01:29.755+0000] {processor.py:156} INFO - Started process (PID=838) to work on /home/airflow/.local/lib/python3.7/site-packages/airflow/example_dags/example_short_circuit_decorator.py
[2023-05-10T22:01:29.768+0000] {processor.py:799} INFO - Processing file /home/airflow/.local/lib/python3.7/site-packages/airflow/example_dags/example_short_circuit_decorator.py for tasks to queue
[2023-05-10T22:01:29.771+0000] {logging_mixin.py:149} INFO - [2023-05-10T22:01:29.770+0000] {dagbag.py:541} INFO - Filling up the DagBag from /home/airflow/.local/lib/python3.7/site-packages/airflow/example_dags/example_short_circuit_decorator.py
[2023-05-10T22:01:29.837+0000] {processor.py:809} INFO - DAG(s) dict_keys(['example_short_circuit_decorator']) retrieved from /home/airflow/.local/lib/python3.7/site-packages/airflow/example_dags/example_short_circuit_decorator.py
[2023-05-10T22:01:30.003+0000] {logging_mixin.py:149} INFO - [2023-05-10T22:01:30.002+0000] {dag.py:2726} INFO - Sync 1 DAGs
[2023-05-10T22:01:30.177+0000] {logging_mixin.py:149} INFO - [2023-05-10T22:01:30.177+0000] {dag.py:3490} INFO - Setting next_dagrun for example_short_circuit_decorator to 2023-05-09T22:01:30.176600+00:00, run_after=2023-05-10T22:01:30.176600+00:00
[2023-05-10T22:01:30.307+0000] {processor.py:178} INFO - Processing /home/airflow/.local/lib/python3.7/site-packages/airflow/example_dags/example_short_circuit_decorator.py took 0.571 seconds
[2023-05-10T22:02:00.617+0000] {processor.py:156} INFO - Started process (PID=895) to work on /home/airflow/.local/lib/python3.7/site-packages/airflow/example_dags/example_short_circuit_decorator.py
[2023-05-10T22:02:00.620+0000] {processor.py:799} INFO - Processing file /home/airflow/.local/lib/python3.7/site-packages/airflow/example_dags/example_short_circuit_decorator.py for tasks to queue
[2023-05-10T22:02:00.625+0000] {logging_mixin.py:149} INFO - [2023-05-10T22:02:00.622+0000] {dagbag.py:541} INFO - Filling up the DagBag from /home/airflow/.local/lib/python3.7/site-packages/airflow/example_dags/example_short_circuit_decorator.py
[2023-05-10T22:02:00.766+0000] {processor.py:809} INFO - DAG(s) dict_keys(['example_short_circuit_decorator']) retrieved from /home/airflow/.local/lib/python3.7/site-packages/airflow/example_dags/example_short_circuit_decorator.py
[2023-05-10T22:02:01.009+0000] {logging_mixin.py:149} INFO - [2023-05-10T22:02:01.008+0000] {dag.py:2726} INFO - Sync 1 DAGs
[2023-05-10T22:02:01.164+0000] {logging_mixin.py:149} INFO - [2023-05-10T22:02:01.163+0000] {dag.py:3490} INFO - Setting next_dagrun for example_short_circuit_decorator to 2023-05-09T22:02:01.163363+00:00, run_after=2023-05-10T22:02:01.163363+00:00
[2023-05-10T22:02:01.374+0000] {processor.py:178} INFO - Processing /home/airflow/.local/lib/python3.7/site-packages/airflow/example_dags/example_short_circuit_decorator.py took 0.806 seconds
[2023-05-10T22:02:33.848+0000] {processor.py:156} INFO - Started process (PID=946) to work on /home/airflow/.local/lib/python3.7/site-packages/airflow/example_dags/example_short_circuit_decorator.py
[2023-05-10T22:02:33.855+0000] {processor.py:799} INFO - Processing file /home/airflow/.local/lib/python3.7/site-packages/airflow/example_dags/example_short_circuit_decorator.py for tasks to queue
[2023-05-10T22:02:33.860+0000] {logging_mixin.py:149} INFO - [2023-05-10T22:02:33.860+0000] {dagbag.py:541} INFO - Filling up the DagBag from /home/airflow/.local/lib/python3.7/site-packages/airflow/example_dags/example_short_circuit_decorator.py
[2023-05-10T22:02:33.988+0000] {processor.py:809} INFO - DAG(s) dict_keys(['example_short_circuit_decorator']) retrieved from /home/airflow/.local/lib/python3.7/site-packages/airflow/example_dags/example_short_circuit_decorator.py
[2023-05-10T22:02:34.402+0000] {logging_mixin.py:149} INFO - [2023-05-10T22:02:34.401+0000] {dag.py:2726} INFO - Sync 1 DAGs
[2023-05-10T22:02:34.649+0000] {logging_mixin.py:149} INFO - [2023-05-10T22:02:34.648+0000] {dag.py:3490} INFO - Setting next_dagrun for example_short_circuit_decorator to 2023-05-09T22:02:34.648356+00:00, run_after=2023-05-10T22:02:34.648356+00:00
[2023-05-10T22:02:34.866+0000] {processor.py:178} INFO - Processing /home/airflow/.local/lib/python3.7/site-packages/airflow/example_dags/example_short_circuit_decorator.py took 1.060 seconds
[2023-05-10T22:03:05.436+0000] {processor.py:156} INFO - Started process (PID=1002) to work on /home/airflow/.local/lib/python3.7/site-packages/airflow/example_dags/example_short_circuit_decorator.py
[2023-05-10T22:03:05.446+0000] {processor.py:799} INFO - Processing file /home/airflow/.local/lib/python3.7/site-packages/airflow/example_dags/example_short_circuit_decorator.py for tasks to queue
[2023-05-10T22:03:05.449+0000] {logging_mixin.py:149} INFO - [2023-05-10T22:03:05.449+0000] {dagbag.py:541} INFO - Filling up the DagBag from /home/airflow/.local/lib/python3.7/site-packages/airflow/example_dags/example_short_circuit_decorator.py
[2023-05-10T22:03:05.527+0000] {processor.py:809} INFO - DAG(s) dict_keys(['example_short_circuit_decorator']) retrieved from /home/airflow/.local/lib/python3.7/site-packages/airflow/example_dags/example_short_circuit_decorator.py
[2023-05-10T22:03:05.708+0000] {logging_mixin.py:149} INFO - [2023-05-10T22:03:05.708+0000] {dag.py:2726} INFO - Sync 1 DAGs
[2023-05-10T22:03:05.926+0000] {logging_mixin.py:149} INFO - [2023-05-10T22:03:05.925+0000] {dag.py:3490} INFO - Setting next_dagrun for example_short_circuit_decorator to 2023-05-09T22:03:05.925007+00:00, run_after=2023-05-10T22:03:05.925007+00:00
[2023-05-10T22:03:06.072+0000] {processor.py:178} INFO - Processing /home/airflow/.local/lib/python3.7/site-packages/airflow/example_dags/example_short_circuit_decorator.py took 0.644 seconds
[2023-05-10T22:03:36.545+0000] {processor.py:156} INFO - Started process (PID=1056) to work on /home/airflow/.local/lib/python3.7/site-packages/airflow/example_dags/example_short_circuit_decorator.py
[2023-05-10T22:03:36.547+0000] {processor.py:799} INFO - Processing file /home/airflow/.local/lib/python3.7/site-packages/airflow/example_dags/example_short_circuit_decorator.py for tasks to queue
[2023-05-10T22:03:36.559+0000] {logging_mixin.py:149} INFO - [2023-05-10T22:03:36.559+0000] {dagbag.py:541} INFO - Filling up the DagBag from /home/airflow/.local/lib/python3.7/site-packages/airflow/example_dags/example_short_circuit_decorator.py
[2023-05-10T22:03:36.599+0000] {processor.py:809} INFO - DAG(s) dict_keys(['example_short_circuit_decorator']) retrieved from /home/airflow/.local/lib/python3.7/site-packages/airflow/example_dags/example_short_circuit_decorator.py
[2023-05-10T22:03:36.700+0000] {logging_mixin.py:149} INFO - [2023-05-10T22:03:36.698+0000] {dag.py:2726} INFO - Sync 1 DAGs
[2023-05-10T22:03:36.816+0000] {logging_mixin.py:149} INFO - [2023-05-10T22:03:36.816+0000] {dag.py:3490} INFO - Setting next_dagrun for example_short_circuit_decorator to 2023-05-09T22:03:36.814743+00:00, run_after=2023-05-10T22:03:36.814743+00:00
[2023-05-10T22:03:37.062+0000] {processor.py:178} INFO - Processing /home/airflow/.local/lib/python3.7/site-packages/airflow/example_dags/example_short_circuit_decorator.py took 0.532 seconds
[2023-05-10T22:04:07.297+0000] {processor.py:156} INFO - Started process (PID=1108) to work on /home/airflow/.local/lib/python3.7/site-packages/airflow/example_dags/example_short_circuit_decorator.py
[2023-05-10T22:04:07.303+0000] {processor.py:799} INFO - Processing file /home/airflow/.local/lib/python3.7/site-packages/airflow/example_dags/example_short_circuit_decorator.py for tasks to queue
[2023-05-10T22:04:07.306+0000] {logging_mixin.py:149} INFO - [2023-05-10T22:04:07.305+0000] {dagbag.py:541} INFO - Filling up the DagBag from /home/airflow/.local/lib/python3.7/site-packages/airflow/example_dags/example_short_circuit_decorator.py
[2023-05-10T22:04:07.418+0000] {processor.py:809} INFO - DAG(s) dict_keys(['example_short_circuit_decorator']) retrieved from /home/airflow/.local/lib/python3.7/site-packages/airflow/example_dags/example_short_circuit_decorator.py
[2023-05-10T22:04:07.616+0000] {logging_mixin.py:149} INFO - [2023-05-10T22:04:07.616+0000] {dag.py:2726} INFO - Sync 1 DAGs
[2023-05-10T22:04:07.798+0000] {logging_mixin.py:149} INFO - [2023-05-10T22:04:07.797+0000] {dag.py:3490} INFO - Setting next_dagrun for example_short_circuit_decorator to 2023-05-09T22:04:07.796851+00:00, run_after=2023-05-10T22:04:07.796851+00:00
[2023-05-10T22:04:08.067+0000] {processor.py:178} INFO - Processing /home/airflow/.local/lib/python3.7/site-packages/airflow/example_dags/example_short_circuit_decorator.py took 0.787 seconds
[2023-05-10T22:04:43.506+0000] {processor.py:156} INFO - Started process (PID=1165) to work on /home/airflow/.local/lib/python3.7/site-packages/airflow/example_dags/example_short_circuit_decorator.py
[2023-05-10T22:04:43.509+0000] {processor.py:799} INFO - Processing file /home/airflow/.local/lib/python3.7/site-packages/airflow/example_dags/example_short_circuit_decorator.py for tasks to queue
[2023-05-10T22:04:43.523+0000] {logging_mixin.py:149} INFO - [2023-05-10T22:04:43.523+0000] {dagbag.py:541} INFO - Filling up the DagBag from /home/airflow/.local/lib/python3.7/site-packages/airflow/example_dags/example_short_circuit_decorator.py
[2023-05-10T22:04:43.584+0000] {processor.py:809} INFO - DAG(s) dict_keys(['example_short_circuit_decorator']) retrieved from /home/airflow/.local/lib/python3.7/site-packages/airflow/example_dags/example_short_circuit_decorator.py
[2023-05-10T22:04:43.852+0000] {logging_mixin.py:149} INFO - [2023-05-10T22:04:43.851+0000] {dag.py:2726} INFO - Sync 1 DAGs
[2023-05-10T22:04:44.071+0000] {logging_mixin.py:149} INFO - [2023-05-10T22:04:44.071+0000] {dag.py:3490} INFO - Setting next_dagrun for example_short_circuit_decorator to 2023-05-09T22:04:44.070708+00:00, run_after=2023-05-10T22:04:44.070708+00:00
[2023-05-10T22:04:44.329+0000] {processor.py:178} INFO - Processing /home/airflow/.local/lib/python3.7/site-packages/airflow/example_dags/example_short_circuit_decorator.py took 0.857 seconds
[2023-05-10T22:05:15.292+0000] {processor.py:156} INFO - Started process (PID=1222) to work on /home/airflow/.local/lib/python3.7/site-packages/airflow/example_dags/example_short_circuit_decorator.py
[2023-05-10T22:05:15.297+0000] {processor.py:799} INFO - Processing file /home/airflow/.local/lib/python3.7/site-packages/airflow/example_dags/example_short_circuit_decorator.py for tasks to queue
[2023-05-10T22:05:15.315+0000] {logging_mixin.py:149} INFO - [2023-05-10T22:05:15.314+0000] {dagbag.py:541} INFO - Filling up the DagBag from /home/airflow/.local/lib/python3.7/site-packages/airflow/example_dags/example_short_circuit_decorator.py
[2023-05-10T22:05:15.375+0000] {processor.py:809} INFO - DAG(s) dict_keys(['example_short_circuit_decorator']) retrieved from /home/airflow/.local/lib/python3.7/site-packages/airflow/example_dags/example_short_circuit_decorator.py
[2023-05-10T22:05:15.539+0000] {logging_mixin.py:149} INFO - [2023-05-10T22:05:15.539+0000] {dag.py:2726} INFO - Sync 1 DAGs
[2023-05-10T22:05:15.894+0000] {logging_mixin.py:149} INFO - [2023-05-10T22:05:15.894+0000] {dag.py:3490} INFO - Setting next_dagrun for example_short_circuit_decorator to 2023-05-09T22:05:15.881515+00:00, run_after=2023-05-10T22:05:15.881515+00:00
[2023-05-10T22:05:16.118+0000] {processor.py:178} INFO - Processing /home/airflow/.local/lib/python3.7/site-packages/airflow/example_dags/example_short_circuit_decorator.py took 0.840 seconds
[2023-05-10T22:05:48.614+0000] {processor.py:156} INFO - Started process (PID=1279) to work on /home/airflow/.local/lib/python3.7/site-packages/airflow/example_dags/example_short_circuit_decorator.py
[2023-05-10T22:05:48.616+0000] {processor.py:799} INFO - Processing file /home/airflow/.local/lib/python3.7/site-packages/airflow/example_dags/example_short_circuit_decorator.py for tasks to queue
[2023-05-10T22:05:48.619+0000] {logging_mixin.py:149} INFO - [2023-05-10T22:05:48.619+0000] {dagbag.py:541} INFO - Filling up the DagBag from /home/airflow/.local/lib/python3.7/site-packages/airflow/example_dags/example_short_circuit_decorator.py
[2023-05-10T22:05:48.714+0000] {processor.py:809} INFO - DAG(s) dict_keys(['example_short_circuit_decorator']) retrieved from /home/airflow/.local/lib/python3.7/site-packages/airflow/example_dags/example_short_circuit_decorator.py
[2023-05-10T22:05:48.871+0000] {logging_mixin.py:149} INFO - [2023-05-10T22:05:48.868+0000] {dag.py:2726} INFO - Sync 1 DAGs
[2023-05-10T22:05:49.016+0000] {logging_mixin.py:149} INFO - [2023-05-10T22:05:49.015+0000] {dag.py:3490} INFO - Setting next_dagrun for example_short_circuit_decorator to 2023-05-09T22:05:49.015313+00:00, run_after=2023-05-10T22:05:49.015313+00:00
[2023-05-10T22:05:49.848+0000] {processor.py:178} INFO - Processing /home/airflow/.local/lib/python3.7/site-packages/airflow/example_dags/example_short_circuit_decorator.py took 1.251 seconds
[2023-05-10T22:06:21.176+0000] {processor.py:156} INFO - Started process (PID=1335) to work on /home/airflow/.local/lib/python3.7/site-packages/airflow/example_dags/example_short_circuit_decorator.py
[2023-05-10T22:06:21.202+0000] {processor.py:799} INFO - Processing file /home/airflow/.local/lib/python3.7/site-packages/airflow/example_dags/example_short_circuit_decorator.py for tasks to queue
[2023-05-10T22:06:21.207+0000] {logging_mixin.py:149} INFO - [2023-05-10T22:06:21.206+0000] {dagbag.py:541} INFO - Filling up the DagBag from /home/airflow/.local/lib/python3.7/site-packages/airflow/example_dags/example_short_circuit_decorator.py
[2023-05-10T22:06:21.264+0000] {processor.py:809} INFO - DAG(s) dict_keys(['example_short_circuit_decorator']) retrieved from /home/airflow/.local/lib/python3.7/site-packages/airflow/example_dags/example_short_circuit_decorator.py
[2023-05-10T22:06:21.386+0000] {logging_mixin.py:149} INFO - [2023-05-10T22:06:21.386+0000] {dag.py:2726} INFO - Sync 1 DAGs
[2023-05-10T22:06:21.536+0000] {logging_mixin.py:149} INFO - [2023-05-10T22:06:21.536+0000] {dag.py:3490} INFO - Setting next_dagrun for example_short_circuit_decorator to 2023-05-09T22:06:21.535841+00:00, run_after=2023-05-10T22:06:21.535841+00:00
[2023-05-10T22:06:21.681+0000] {processor.py:178} INFO - Processing /home/airflow/.local/lib/python3.7/site-packages/airflow/example_dags/example_short_circuit_decorator.py took 0.515 seconds
[2023-05-10T22:06:53.236+0000] {processor.py:156} INFO - Started process (PID=1391) to work on /home/airflow/.local/lib/python3.7/site-packages/airflow/example_dags/example_short_circuit_decorator.py
[2023-05-10T22:06:53.239+0000] {processor.py:799} INFO - Processing file /home/airflow/.local/lib/python3.7/site-packages/airflow/example_dags/example_short_circuit_decorator.py for tasks to queue
[2023-05-10T22:06:53.242+0000] {logging_mixin.py:149} INFO - [2023-05-10T22:06:53.241+0000] {dagbag.py:541} INFO - Filling up the DagBag from /home/airflow/.local/lib/python3.7/site-packages/airflow/example_dags/example_short_circuit_decorator.py
[2023-05-10T22:06:53.284+0000] {processor.py:809} INFO - DAG(s) dict_keys(['example_short_circuit_decorator']) retrieved from /home/airflow/.local/lib/python3.7/site-packages/airflow/example_dags/example_short_circuit_decorator.py
[2023-05-10T22:06:53.385+0000] {logging_mixin.py:149} INFO - [2023-05-10T22:06:53.384+0000] {dag.py:2726} INFO - Sync 1 DAGs
[2023-05-10T22:06:53.517+0000] {logging_mixin.py:149} INFO - [2023-05-10T22:06:53.516+0000] {dag.py:3490} INFO - Setting next_dagrun for example_short_circuit_decorator to 2023-05-09T22:06:53.515794+00:00, run_after=2023-05-10T22:06:53.515794+00:00
[2023-05-10T22:06:53.693+0000] {processor.py:178} INFO - Processing /home/airflow/.local/lib/python3.7/site-packages/airflow/example_dags/example_short_circuit_decorator.py took 0.473 seconds
[2023-05-10T22:07:25.495+0000] {processor.py:156} INFO - Started process (PID=1442) to work on /home/airflow/.local/lib/python3.7/site-packages/airflow/example_dags/example_short_circuit_decorator.py
[2023-05-10T22:07:25.535+0000] {processor.py:799} INFO - Processing file /home/airflow/.local/lib/python3.7/site-packages/airflow/example_dags/example_short_circuit_decorator.py for tasks to queue
[2023-05-10T22:07:25.552+0000] {logging_mixin.py:149} INFO - [2023-05-10T22:07:25.552+0000] {dagbag.py:541} INFO - Filling up the DagBag from /home/airflow/.local/lib/python3.7/site-packages/airflow/example_dags/example_short_circuit_decorator.py
[2023-05-10T22:07:25.650+0000] {processor.py:809} INFO - DAG(s) dict_keys(['example_short_circuit_decorator']) retrieved from /home/airflow/.local/lib/python3.7/site-packages/airflow/example_dags/example_short_circuit_decorator.py
[2023-05-10T22:07:25.904+0000] {logging_mixin.py:149} INFO - [2023-05-10T22:07:25.904+0000] {dag.py:2726} INFO - Sync 1 DAGs
[2023-05-10T22:07:26.145+0000] {logging_mixin.py:149} INFO - [2023-05-10T22:07:26.145+0000] {dag.py:3490} INFO - Setting next_dagrun for example_short_circuit_decorator to 2023-05-09T22:07:26.144920+00:00, run_after=2023-05-10T22:07:26.144920+00:00
[2023-05-10T22:07:26.666+0000] {processor.py:178} INFO - Processing /home/airflow/.local/lib/python3.7/site-packages/airflow/example_dags/example_short_circuit_decorator.py took 1.191 seconds
[2023-05-10T22:07:57.010+0000] {processor.py:156} INFO - Started process (PID=1494) to work on /home/airflow/.local/lib/python3.7/site-packages/airflow/example_dags/example_short_circuit_decorator.py
[2023-05-10T22:07:57.013+0000] {processor.py:799} INFO - Processing file /home/airflow/.local/lib/python3.7/site-packages/airflow/example_dags/example_short_circuit_decorator.py for tasks to queue
[2023-05-10T22:07:57.032+0000] {logging_mixin.py:149} INFO - [2023-05-10T22:07:57.031+0000] {dagbag.py:541} INFO - Filling up the DagBag from /home/airflow/.local/lib/python3.7/site-packages/airflow/example_dags/example_short_circuit_decorator.py
[2023-05-10T22:07:57.128+0000] {processor.py:809} INFO - DAG(s) dict_keys(['example_short_circuit_decorator']) retrieved from /home/airflow/.local/lib/python3.7/site-packages/airflow/example_dags/example_short_circuit_decorator.py
[2023-05-10T22:07:57.385+0000] {logging_mixin.py:149} INFO - [2023-05-10T22:07:57.384+0000] {dag.py:2726} INFO - Sync 1 DAGs
[2023-05-10T22:07:57.562+0000] {logging_mixin.py:149} INFO - [2023-05-10T22:07:57.562+0000] {dag.py:3490} INFO - Setting next_dagrun for example_short_circuit_decorator to 2023-05-09T22:07:57.561843+00:00, run_after=2023-05-10T22:07:57.561843+00:00
[2023-05-10T22:07:57.753+0000] {processor.py:178} INFO - Processing /home/airflow/.local/lib/python3.7/site-packages/airflow/example_dags/example_short_circuit_decorator.py took 0.762 seconds
[2023-05-10T22:08:28.051+0000] {processor.py:156} INFO - Started process (PID=1550) to work on /home/airflow/.local/lib/python3.7/site-packages/airflow/example_dags/example_short_circuit_decorator.py
[2023-05-10T22:08:28.054+0000] {processor.py:799} INFO - Processing file /home/airflow/.local/lib/python3.7/site-packages/airflow/example_dags/example_short_circuit_decorator.py for tasks to queue
[2023-05-10T22:08:28.060+0000] {logging_mixin.py:149} INFO - [2023-05-10T22:08:28.059+0000] {dagbag.py:541} INFO - Filling up the DagBag from /home/airflow/.local/lib/python3.7/site-packages/airflow/example_dags/example_short_circuit_decorator.py
[2023-05-10T22:08:28.145+0000] {processor.py:809} INFO - DAG(s) dict_keys(['example_short_circuit_decorator']) retrieved from /home/airflow/.local/lib/python3.7/site-packages/airflow/example_dags/example_short_circuit_decorator.py
[2023-05-10T22:08:28.277+0000] {logging_mixin.py:149} INFO - [2023-05-10T22:08:28.276+0000] {dag.py:2726} INFO - Sync 1 DAGs
[2023-05-10T22:08:28.421+0000] {logging_mixin.py:149} INFO - [2023-05-10T22:08:28.420+0000] {dag.py:3490} INFO - Setting next_dagrun for example_short_circuit_decorator to 2023-05-09T22:08:28.420202+00:00, run_after=2023-05-10T22:08:28.420202+00:00
[2023-05-10T22:08:28.564+0000] {processor.py:178} INFO - Processing /home/airflow/.local/lib/python3.7/site-packages/airflow/example_dags/example_short_circuit_decorator.py took 0.535 seconds
[2023-05-10T22:08:59.238+0000] {processor.py:156} INFO - Started process (PID=1605) to work on /home/airflow/.local/lib/python3.7/site-packages/airflow/example_dags/example_short_circuit_decorator.py
[2023-05-10T22:08:59.262+0000] {processor.py:799} INFO - Processing file /home/airflow/.local/lib/python3.7/site-packages/airflow/example_dags/example_short_circuit_decorator.py for tasks to queue
[2023-05-10T22:08:59.265+0000] {logging_mixin.py:149} INFO - [2023-05-10T22:08:59.265+0000] {dagbag.py:541} INFO - Filling up the DagBag from /home/airflow/.local/lib/python3.7/site-packages/airflow/example_dags/example_short_circuit_decorator.py
[2023-05-10T22:08:59.322+0000] {processor.py:809} INFO - DAG(s) dict_keys(['example_short_circuit_decorator']) retrieved from /home/airflow/.local/lib/python3.7/site-packages/airflow/example_dags/example_short_circuit_decorator.py
[2023-05-10T22:08:59.614+0000] {logging_mixin.py:149} INFO - [2023-05-10T22:08:59.614+0000] {dag.py:2726} INFO - Sync 1 DAGs
[2023-05-10T22:09:00.024+0000] {logging_mixin.py:149} INFO - [2023-05-10T22:09:00.024+0000] {dag.py:3490} INFO - Setting next_dagrun for example_short_circuit_decorator to 2023-05-09T22:09:00.023586+00:00, run_after=2023-05-10T22:09:00.023586+00:00
[2023-05-10T22:09:00.248+0000] {processor.py:178} INFO - Processing /home/airflow/.local/lib/python3.7/site-packages/airflow/example_dags/example_short_circuit_decorator.py took 1.017 seconds
[2023-05-10T22:09:35.775+0000] {processor.py:156} INFO - Started process (PID=1669) to work on /home/airflow/.local/lib/python3.7/site-packages/airflow/example_dags/example_short_circuit_decorator.py
[2023-05-10T22:09:35.787+0000] {processor.py:799} INFO - Processing file /home/airflow/.local/lib/python3.7/site-packages/airflow/example_dags/example_short_circuit_decorator.py for tasks to queue
[2023-05-10T22:09:35.790+0000] {logging_mixin.py:149} INFO - [2023-05-10T22:09:35.790+0000] {dagbag.py:541} INFO - Filling up the DagBag from /home/airflow/.local/lib/python3.7/site-packages/airflow/example_dags/example_short_circuit_decorator.py
[2023-05-10T22:09:35.834+0000] {processor.py:809} INFO - DAG(s) dict_keys(['example_short_circuit_decorator']) retrieved from /home/airflow/.local/lib/python3.7/site-packages/airflow/example_dags/example_short_circuit_decorator.py
[2023-05-10T22:09:35.955+0000] {logging_mixin.py:149} INFO - [2023-05-10T22:09:35.955+0000] {dag.py:2726} INFO - Sync 1 DAGs
[2023-05-10T22:09:36.093+0000] {logging_mixin.py:149} INFO - [2023-05-10T22:09:36.085+0000] {dag.py:3490} INFO - Setting next_dagrun for example_short_circuit_decorator to 2023-05-09T22:09:36.084795+00:00, run_after=2023-05-10T22:09:36.084795+00:00
[2023-05-10T22:09:36.219+0000] {processor.py:178} INFO - Processing /home/airflow/.local/lib/python3.7/site-packages/airflow/example_dags/example_short_circuit_decorator.py took 0.452 seconds
[2023-05-10T22:10:08.577+0000] {processor.py:156} INFO - Started process (PID=1725) to work on /home/airflow/.local/lib/python3.7/site-packages/airflow/example_dags/example_short_circuit_decorator.py
[2023-05-10T22:10:08.586+0000] {processor.py:799} INFO - Processing file /home/airflow/.local/lib/python3.7/site-packages/airflow/example_dags/example_short_circuit_decorator.py for tasks to queue
[2023-05-10T22:10:08.589+0000] {logging_mixin.py:149} INFO - [2023-05-10T22:10:08.588+0000] {dagbag.py:541} INFO - Filling up the DagBag from /home/airflow/.local/lib/python3.7/site-packages/airflow/example_dags/example_short_circuit_decorator.py
[2023-05-10T22:10:08.661+0000] {processor.py:809} INFO - DAG(s) dict_keys(['example_short_circuit_decorator']) retrieved from /home/airflow/.local/lib/python3.7/site-packages/airflow/example_dags/example_short_circuit_decorator.py
[2023-05-10T22:10:08.906+0000] {logging_mixin.py:149} INFO - [2023-05-10T22:10:08.905+0000] {dag.py:2726} INFO - Sync 1 DAGs
[2023-05-10T22:10:09.095+0000] {logging_mixin.py:149} INFO - [2023-05-10T22:10:09.094+0000] {dag.py:3490} INFO - Setting next_dagrun for example_short_circuit_decorator to 2023-05-09T22:10:09.094121+00:00, run_after=2023-05-10T22:10:09.094121+00:00
[2023-05-10T22:10:09.275+0000] {processor.py:178} INFO - Processing /home/airflow/.local/lib/python3.7/site-packages/airflow/example_dags/example_short_circuit_decorator.py took 0.718 seconds
