[2023-05-10T21:52:49.379+0000] {processor.py:156} INFO - Started process (PID=78) to work on /home/airflow/.local/lib/python3.7/site-packages/airflow/example_dags/tutorial_taskflow_api.py
[2023-05-10T21:52:49.387+0000] {processor.py:799} INFO - Processing file /home/airflow/.local/lib/python3.7/site-packages/airflow/example_dags/tutorial_taskflow_api.py for tasks to queue
[2023-05-10T21:52:49.390+0000] {logging_mixin.py:149} INFO - [2023-05-10T21:52:49.390+0000] {dagbag.py:541} INFO - Filling up the DagBag from /home/airflow/.local/lib/python3.7/site-packages/airflow/example_dags/tutorial_taskflow_api.py
[2023-05-10T21:52:49.626+0000] {processor.py:809} INFO - DAG(s) dict_keys(['tutorial_taskflow_api']) retrieved from /home/airflow/.local/lib/python3.7/site-packages/airflow/example_dags/tutorial_taskflow_api.py
[2023-05-10T21:52:51.197+0000] {logging_mixin.py:149} INFO - [2023-05-10T21:52:51.197+0000] {manager.py:504} INFO - Created Permission View: can read on DAG:tutorial_taskflow_api
[2023-05-10T21:52:51.954+0000] {logging_mixin.py:149} INFO - [2023-05-10T21:52:51.954+0000] {manager.py:504} INFO - Created Permission View: can delete on DAG:tutorial_taskflow_api
[2023-05-10T21:52:52.900+0000] {logging_mixin.py:149} INFO - [2023-05-10T21:52:52.899+0000] {manager.py:504} INFO - Created Permission View: can edit on DAG:tutorial_taskflow_api
[2023-05-10T21:52:52.901+0000] {logging_mixin.py:149} INFO - [2023-05-10T21:52:52.901+0000] {dag.py:2726} INFO - Sync 1 DAGs
[2023-05-10T21:52:52.948+0000] {logging_mixin.py:149} INFO - [2023-05-10T21:52:52.948+0000] {dag.py:2747} INFO - Creating ORM DAG for tutorial_taskflow_api
[2023-05-10T21:52:52.988+0000] {logging_mixin.py:149} INFO - [2023-05-10T21:52:52.988+0000] {dag.py:3490} INFO - Setting next_dagrun for tutorial_taskflow_api to None, run_after=None
[2023-05-10T21:52:53.196+0000] {processor.py:178} INFO - Processing /home/airflow/.local/lib/python3.7/site-packages/airflow/example_dags/tutorial_taskflow_api.py took 3.827 seconds
[2023-05-10T21:54:00.237+0000] {processor.py:156} INFO - Started process (PID=140) to work on /home/airflow/.local/lib/python3.7/site-packages/airflow/example_dags/tutorial_taskflow_api.py
[2023-05-10T21:54:00.249+0000] {processor.py:799} INFO - Processing file /home/airflow/.local/lib/python3.7/site-packages/airflow/example_dags/tutorial_taskflow_api.py for tasks to queue
[2023-05-10T21:54:00.265+0000] {logging_mixin.py:149} INFO - [2023-05-10T21:54:00.265+0000] {dagbag.py:541} INFO - Filling up the DagBag from /home/airflow/.local/lib/python3.7/site-packages/airflow/example_dags/tutorial_taskflow_api.py
[2023-05-10T21:54:00.319+0000] {processor.py:809} INFO - DAG(s) dict_keys(['tutorial_taskflow_api']) retrieved from /home/airflow/.local/lib/python3.7/site-packages/airflow/example_dags/tutorial_taskflow_api.py
[2023-05-10T21:54:00.447+0000] {logging_mixin.py:149} INFO - [2023-05-10T21:54:00.446+0000] {dag.py:2726} INFO - Sync 1 DAGs
[2023-05-10T21:54:00.551+0000] {logging_mixin.py:149} INFO - [2023-05-10T21:54:00.550+0000] {dag.py:3490} INFO - Setting next_dagrun for tutorial_taskflow_api to None, run_after=None
[2023-05-10T21:54:00.723+0000] {processor.py:178} INFO - Processing /home/airflow/.local/lib/python3.7/site-packages/airflow/example_dags/tutorial_taskflow_api.py took 0.494 seconds
[2023-05-10T21:54:37.897+0000] {processor.py:156} INFO - Started process (PID=192) to work on /home/airflow/.local/lib/python3.7/site-packages/airflow/example_dags/tutorial_taskflow_api.py
[2023-05-10T21:54:37.899+0000] {processor.py:799} INFO - Processing file /home/airflow/.local/lib/python3.7/site-packages/airflow/example_dags/tutorial_taskflow_api.py for tasks to queue
[2023-05-10T21:54:37.908+0000] {logging_mixin.py:149} INFO - [2023-05-10T21:54:37.905+0000] {dagbag.py:541} INFO - Filling up the DagBag from /home/airflow/.local/lib/python3.7/site-packages/airflow/example_dags/tutorial_taskflow_api.py
[2023-05-10T21:54:37.934+0000] {processor.py:809} INFO - DAG(s) dict_keys(['tutorial_taskflow_api']) retrieved from /home/airflow/.local/lib/python3.7/site-packages/airflow/example_dags/tutorial_taskflow_api.py
[2023-05-10T21:54:38.057+0000] {logging_mixin.py:149} INFO - [2023-05-10T21:54:38.056+0000] {dag.py:2726} INFO - Sync 1 DAGs
[2023-05-10T21:54:38.331+0000] {logging_mixin.py:149} INFO - [2023-05-10T21:54:38.331+0000] {dag.py:3490} INFO - Setting next_dagrun for tutorial_taskflow_api to None, run_after=None
[2023-05-10T21:54:38.640+0000] {processor.py:178} INFO - Processing /home/airflow/.local/lib/python3.7/site-packages/airflow/example_dags/tutorial_taskflow_api.py took 0.752 seconds
[2023-05-10T21:55:26.351+0000] {processor.py:156} INFO - Started process (PID=255) to work on /home/airflow/.local/lib/python3.7/site-packages/airflow/example_dags/tutorial_taskflow_api.py
[2023-05-10T21:55:26.354+0000] {processor.py:799} INFO - Processing file /home/airflow/.local/lib/python3.7/site-packages/airflow/example_dags/tutorial_taskflow_api.py for tasks to queue
[2023-05-10T21:55:26.356+0000] {logging_mixin.py:149} INFO - [2023-05-10T21:55:26.356+0000] {dagbag.py:541} INFO - Filling up the DagBag from /home/airflow/.local/lib/python3.7/site-packages/airflow/example_dags/tutorial_taskflow_api.py
[2023-05-10T21:55:26.373+0000] {processor.py:809} INFO - DAG(s) dict_keys(['tutorial_taskflow_api']) retrieved from /home/airflow/.local/lib/python3.7/site-packages/airflow/example_dags/tutorial_taskflow_api.py
[2023-05-10T21:55:26.549+0000] {logging_mixin.py:149} INFO - [2023-05-10T21:55:26.549+0000] {dag.py:2726} INFO - Sync 1 DAGs
[2023-05-10T21:55:26.766+0000] {logging_mixin.py:149} INFO - [2023-05-10T21:55:26.766+0000] {dag.py:3490} INFO - Setting next_dagrun for tutorial_taskflow_api to None, run_after=None
[2023-05-10T21:55:27.059+0000] {processor.py:178} INFO - Processing /home/airflow/.local/lib/python3.7/site-packages/airflow/example_dags/tutorial_taskflow_api.py took 0.716 seconds
[2023-05-10T21:56:02.427+0000] {processor.py:156} INFO - Started process (PID=308) to work on /home/airflow/.local/lib/python3.7/site-packages/airflow/example_dags/tutorial_taskflow_api.py
[2023-05-10T21:56:02.431+0000] {processor.py:799} INFO - Processing file /home/airflow/.local/lib/python3.7/site-packages/airflow/example_dags/tutorial_taskflow_api.py for tasks to queue
[2023-05-10T21:56:02.443+0000] {logging_mixin.py:149} INFO - [2023-05-10T21:56:02.435+0000] {dagbag.py:541} INFO - Filling up the DagBag from /home/airflow/.local/lib/python3.7/site-packages/airflow/example_dags/tutorial_taskflow_api.py
[2023-05-10T21:56:02.493+0000] {processor.py:809} INFO - DAG(s) dict_keys(['tutorial_taskflow_api']) retrieved from /home/airflow/.local/lib/python3.7/site-packages/airflow/example_dags/tutorial_taskflow_api.py
[2023-05-10T21:56:02.643+0000] {logging_mixin.py:149} INFO - [2023-05-10T21:56:02.642+0000] {dag.py:2726} INFO - Sync 1 DAGs
[2023-05-10T21:56:02.774+0000] {logging_mixin.py:149} INFO - [2023-05-10T21:56:02.774+0000] {dag.py:3490} INFO - Setting next_dagrun for tutorial_taskflow_api to None, run_after=None
[2023-05-10T21:56:02.949+0000] {processor.py:178} INFO - Processing /home/airflow/.local/lib/python3.7/site-packages/airflow/example_dags/tutorial_taskflow_api.py took 0.537 seconds
[2023-05-10T21:56:33.358+0000] {processor.py:156} INFO - Started process (PID=359) to work on /home/airflow/.local/lib/python3.7/site-packages/airflow/example_dags/tutorial_taskflow_api.py
[2023-05-10T21:56:33.372+0000] {processor.py:799} INFO - Processing file /home/airflow/.local/lib/python3.7/site-packages/airflow/example_dags/tutorial_taskflow_api.py for tasks to queue
[2023-05-10T21:56:33.375+0000] {logging_mixin.py:149} INFO - [2023-05-10T21:56:33.374+0000] {dagbag.py:541} INFO - Filling up the DagBag from /home/airflow/.local/lib/python3.7/site-packages/airflow/example_dags/tutorial_taskflow_api.py
[2023-05-10T21:56:33.431+0000] {processor.py:809} INFO - DAG(s) dict_keys(['tutorial_taskflow_api']) retrieved from /home/airflow/.local/lib/python3.7/site-packages/airflow/example_dags/tutorial_taskflow_api.py
[2023-05-10T21:56:33.688+0000] {logging_mixin.py:149} INFO - [2023-05-10T21:56:33.687+0000] {dag.py:2726} INFO - Sync 1 DAGs
[2023-05-10T21:56:33.961+0000] {logging_mixin.py:149} INFO - [2023-05-10T21:56:33.960+0000] {dag.py:3490} INFO - Setting next_dagrun for tutorial_taskflow_api to None, run_after=None
[2023-05-10T21:56:34.295+0000] {processor.py:178} INFO - Processing /home/airflow/.local/lib/python3.7/site-packages/airflow/example_dags/tutorial_taskflow_api.py took 0.953 seconds
[2023-05-10T21:57:14.478+0000] {processor.py:156} INFO - Started process (PID=416) to work on /home/airflow/.local/lib/python3.7/site-packages/airflow/example_dags/tutorial_taskflow_api.py
[2023-05-10T21:57:14.487+0000] {processor.py:799} INFO - Processing file /home/airflow/.local/lib/python3.7/site-packages/airflow/example_dags/tutorial_taskflow_api.py for tasks to queue
[2023-05-10T21:57:14.490+0000] {logging_mixin.py:149} INFO - [2023-05-10T21:57:14.489+0000] {dagbag.py:541} INFO - Filling up the DagBag from /home/airflow/.local/lib/python3.7/site-packages/airflow/example_dags/tutorial_taskflow_api.py
[2023-05-10T21:57:14.590+0000] {processor.py:809} INFO - DAG(s) dict_keys(['tutorial_taskflow_api']) retrieved from /home/airflow/.local/lib/python3.7/site-packages/airflow/example_dags/tutorial_taskflow_api.py
[2023-05-10T21:57:14.984+0000] {logging_mixin.py:149} INFO - [2023-05-10T21:57:14.983+0000] {dag.py:2726} INFO - Sync 1 DAGs
[2023-05-10T21:57:15.195+0000] {logging_mixin.py:149} INFO - [2023-05-10T21:57:15.194+0000] {dag.py:3490} INFO - Setting next_dagrun for tutorial_taskflow_api to None, run_after=None
[2023-05-10T21:57:15.508+0000] {processor.py:178} INFO - Processing /home/airflow/.local/lib/python3.7/site-packages/airflow/example_dags/tutorial_taskflow_api.py took 1.069 seconds
[2023-05-10T21:57:50.271+0000] {processor.py:156} INFO - Started process (PID=468) to work on /home/airflow/.local/lib/python3.7/site-packages/airflow/example_dags/tutorial_taskflow_api.py
[2023-05-10T21:57:50.439+0000] {processor.py:799} INFO - Processing file /home/airflow/.local/lib/python3.7/site-packages/airflow/example_dags/tutorial_taskflow_api.py for tasks to queue
[2023-05-10T21:57:50.442+0000] {logging_mixin.py:149} INFO - [2023-05-10T21:57:50.441+0000] {dagbag.py:541} INFO - Filling up the DagBag from /home/airflow/.local/lib/python3.7/site-packages/airflow/example_dags/tutorial_taskflow_api.py
[2023-05-10T21:57:50.467+0000] {processor.py:809} INFO - DAG(s) dict_keys(['tutorial_taskflow_api']) retrieved from /home/airflow/.local/lib/python3.7/site-packages/airflow/example_dags/tutorial_taskflow_api.py
[2023-05-10T21:57:50.604+0000] {logging_mixin.py:149} INFO - [2023-05-10T21:57:50.604+0000] {dag.py:2726} INFO - Sync 1 DAGs
[2023-05-10T21:57:50.850+0000] {logging_mixin.py:149} INFO - [2023-05-10T21:57:50.849+0000] {dag.py:3490} INFO - Setting next_dagrun for tutorial_taskflow_api to None, run_after=None
[2023-05-10T21:57:51.195+0000] {processor.py:178} INFO - Processing /home/airflow/.local/lib/python3.7/site-packages/airflow/example_dags/tutorial_taskflow_api.py took 0.940 seconds
[2023-05-10T21:58:21.586+0000] {processor.py:156} INFO - Started process (PID=519) to work on /home/airflow/.local/lib/python3.7/site-packages/airflow/example_dags/tutorial_taskflow_api.py
[2023-05-10T21:58:21.590+0000] {processor.py:799} INFO - Processing file /home/airflow/.local/lib/python3.7/site-packages/airflow/example_dags/tutorial_taskflow_api.py for tasks to queue
[2023-05-10T21:58:21.592+0000] {logging_mixin.py:149} INFO - [2023-05-10T21:58:21.592+0000] {dagbag.py:541} INFO - Filling up the DagBag from /home/airflow/.local/lib/python3.7/site-packages/airflow/example_dags/tutorial_taskflow_api.py
[2023-05-10T21:58:21.641+0000] {processor.py:809} INFO - DAG(s) dict_keys(['tutorial_taskflow_api']) retrieved from /home/airflow/.local/lib/python3.7/site-packages/airflow/example_dags/tutorial_taskflow_api.py
[2023-05-10T21:58:21.822+0000] {logging_mixin.py:149} INFO - [2023-05-10T21:58:21.821+0000] {dag.py:2726} INFO - Sync 1 DAGs
[2023-05-10T21:58:22.016+0000] {logging_mixin.py:149} INFO - [2023-05-10T21:58:22.015+0000] {dag.py:3490} INFO - Setting next_dagrun for tutorial_taskflow_api to None, run_after=None
[2023-05-10T21:58:22.325+0000] {processor.py:178} INFO - Processing /home/airflow/.local/lib/python3.7/site-packages/airflow/example_dags/tutorial_taskflow_api.py took 0.757 seconds
[2023-05-10T21:58:52.470+0000] {processor.py:156} INFO - Started process (PID=575) to work on /home/airflow/.local/lib/python3.7/site-packages/airflow/example_dags/tutorial_taskflow_api.py
[2023-05-10T21:58:52.473+0000] {processor.py:799} INFO - Processing file /home/airflow/.local/lib/python3.7/site-packages/airflow/example_dags/tutorial_taskflow_api.py for tasks to queue
[2023-05-10T21:58:52.491+0000] {logging_mixin.py:149} INFO - [2023-05-10T21:58:52.490+0000] {dagbag.py:541} INFO - Filling up the DagBag from /home/airflow/.local/lib/python3.7/site-packages/airflow/example_dags/tutorial_taskflow_api.py
[2023-05-10T21:58:52.531+0000] {processor.py:809} INFO - DAG(s) dict_keys(['tutorial_taskflow_api']) retrieved from /home/airflow/.local/lib/python3.7/site-packages/airflow/example_dags/tutorial_taskflow_api.py
[2023-05-10T21:58:52.718+0000] {logging_mixin.py:149} INFO - [2023-05-10T21:58:52.718+0000] {dag.py:2726} INFO - Sync 1 DAGs
[2023-05-10T21:58:52.904+0000] {logging_mixin.py:149} INFO - [2023-05-10T21:58:52.904+0000] {dag.py:3490} INFO - Setting next_dagrun for tutorial_taskflow_api to None, run_after=None
[2023-05-10T21:58:53.139+0000] {processor.py:178} INFO - Processing /home/airflow/.local/lib/python3.7/site-packages/airflow/example_dags/tutorial_taskflow_api.py took 0.689 seconds
[2023-05-10T21:59:23.449+0000] {processor.py:156} INFO - Started process (PID=631) to work on /home/airflow/.local/lib/python3.7/site-packages/airflow/example_dags/tutorial_taskflow_api.py
[2023-05-10T21:59:23.470+0000] {processor.py:799} INFO - Processing file /home/airflow/.local/lib/python3.7/site-packages/airflow/example_dags/tutorial_taskflow_api.py for tasks to queue
[2023-05-10T21:59:23.488+0000] {logging_mixin.py:149} INFO - [2023-05-10T21:59:23.481+0000] {dagbag.py:541} INFO - Filling up the DagBag from /home/airflow/.local/lib/python3.7/site-packages/airflow/example_dags/tutorial_taskflow_api.py
[2023-05-10T21:59:23.524+0000] {processor.py:809} INFO - DAG(s) dict_keys(['tutorial_taskflow_api']) retrieved from /home/airflow/.local/lib/python3.7/site-packages/airflow/example_dags/tutorial_taskflow_api.py
[2023-05-10T21:59:23.661+0000] {logging_mixin.py:149} INFO - [2023-05-10T21:59:23.659+0000] {dag.py:2726} INFO - Sync 1 DAGs
[2023-05-10T21:59:23.862+0000] {logging_mixin.py:149} INFO - [2023-05-10T21:59:23.861+0000] {dag.py:3490} INFO - Setting next_dagrun for tutorial_taskflow_api to None, run_after=None
[2023-05-10T21:59:24.078+0000] {processor.py:178} INFO - Processing /home/airflow/.local/lib/python3.7/site-packages/airflow/example_dags/tutorial_taskflow_api.py took 0.645 seconds
[2023-05-10T22:00:00.750+0000] {processor.py:156} INFO - Started process (PID=687) to work on /home/airflow/.local/lib/python3.7/site-packages/airflow/example_dags/tutorial_taskflow_api.py
[2023-05-10T22:00:00.758+0000] {processor.py:799} INFO - Processing file /home/airflow/.local/lib/python3.7/site-packages/airflow/example_dags/tutorial_taskflow_api.py for tasks to queue
[2023-05-10T22:00:00.774+0000] {logging_mixin.py:149} INFO - [2023-05-10T22:00:00.774+0000] {dagbag.py:541} INFO - Filling up the DagBag from /home/airflow/.local/lib/python3.7/site-packages/airflow/example_dags/tutorial_taskflow_api.py
[2023-05-10T22:00:00.834+0000] {processor.py:809} INFO - DAG(s) dict_keys(['tutorial_taskflow_api']) retrieved from /home/airflow/.local/lib/python3.7/site-packages/airflow/example_dags/tutorial_taskflow_api.py
[2023-05-10T22:00:01.144+0000] {logging_mixin.py:149} INFO - [2023-05-10T22:00:01.143+0000] {dag.py:2726} INFO - Sync 1 DAGs
[2023-05-10T22:00:01.433+0000] {logging_mixin.py:149} INFO - [2023-05-10T22:00:01.433+0000] {dag.py:3490} INFO - Setting next_dagrun for tutorial_taskflow_api to None, run_after=None
[2023-05-10T22:00:01.625+0000] {processor.py:178} INFO - Processing /home/airflow/.local/lib/python3.7/site-packages/airflow/example_dags/tutorial_taskflow_api.py took 0.900 seconds
[2023-05-10T22:00:35.238+0000] {processor.py:156} INFO - Started process (PID=743) to work on /home/airflow/.local/lib/python3.7/site-packages/airflow/example_dags/tutorial_taskflow_api.py
[2023-05-10T22:00:35.259+0000] {processor.py:799} INFO - Processing file /home/airflow/.local/lib/python3.7/site-packages/airflow/example_dags/tutorial_taskflow_api.py for tasks to queue
[2023-05-10T22:00:35.268+0000] {logging_mixin.py:149} INFO - [2023-05-10T22:00:35.267+0000] {dagbag.py:541} INFO - Filling up the DagBag from /home/airflow/.local/lib/python3.7/site-packages/airflow/example_dags/tutorial_taskflow_api.py
[2023-05-10T22:00:35.310+0000] {processor.py:809} INFO - DAG(s) dict_keys(['tutorial_taskflow_api']) retrieved from /home/airflow/.local/lib/python3.7/site-packages/airflow/example_dags/tutorial_taskflow_api.py
[2023-05-10T22:00:35.492+0000] {logging_mixin.py:149} INFO - [2023-05-10T22:00:35.492+0000] {dag.py:2726} INFO - Sync 1 DAGs
[2023-05-10T22:00:35.703+0000] {logging_mixin.py:149} INFO - [2023-05-10T22:00:35.702+0000] {dag.py:3490} INFO - Setting next_dagrun for tutorial_taskflow_api to None, run_after=None
[2023-05-10T22:00:35.947+0000] {processor.py:178} INFO - Processing /home/airflow/.local/lib/python3.7/site-packages/airflow/example_dags/tutorial_taskflow_api.py took 0.729 seconds
[2023-05-10T22:01:10.115+0000] {processor.py:156} INFO - Started process (PID=801) to work on /home/airflow/.local/lib/python3.7/site-packages/airflow/example_dags/tutorial_taskflow_api.py
[2023-05-10T22:01:10.146+0000] {processor.py:799} INFO - Processing file /home/airflow/.local/lib/python3.7/site-packages/airflow/example_dags/tutorial_taskflow_api.py for tasks to queue
[2023-05-10T22:01:10.151+0000] {logging_mixin.py:149} INFO - [2023-05-10T22:01:10.151+0000] {dagbag.py:541} INFO - Filling up the DagBag from /home/airflow/.local/lib/python3.7/site-packages/airflow/example_dags/tutorial_taskflow_api.py
[2023-05-10T22:01:10.294+0000] {processor.py:809} INFO - DAG(s) dict_keys(['tutorial_taskflow_api']) retrieved from /home/airflow/.local/lib/python3.7/site-packages/airflow/example_dags/tutorial_taskflow_api.py
[2023-05-10T22:01:10.506+0000] {logging_mixin.py:149} INFO - [2023-05-10T22:01:10.493+0000] {dag.py:2726} INFO - Sync 1 DAGs
[2023-05-10T22:01:10.819+0000] {logging_mixin.py:149} INFO - [2023-05-10T22:01:10.819+0000] {dag.py:3490} INFO - Setting next_dagrun for tutorial_taskflow_api to None, run_after=None
[2023-05-10T22:01:11.056+0000] {processor.py:178} INFO - Processing /home/airflow/.local/lib/python3.7/site-packages/airflow/example_dags/tutorial_taskflow_api.py took 0.980 seconds
[2023-05-10T22:01:41.358+0000] {processor.py:156} INFO - Started process (PID=857) to work on /home/airflow/.local/lib/python3.7/site-packages/airflow/example_dags/tutorial_taskflow_api.py
[2023-05-10T22:01:41.369+0000] {processor.py:799} INFO - Processing file /home/airflow/.local/lib/python3.7/site-packages/airflow/example_dags/tutorial_taskflow_api.py for tasks to queue
[2023-05-10T22:01:41.372+0000] {logging_mixin.py:149} INFO - [2023-05-10T22:01:41.371+0000] {dagbag.py:541} INFO - Filling up the DagBag from /home/airflow/.local/lib/python3.7/site-packages/airflow/example_dags/tutorial_taskflow_api.py
[2023-05-10T22:01:41.399+0000] {processor.py:809} INFO - DAG(s) dict_keys(['tutorial_taskflow_api']) retrieved from /home/airflow/.local/lib/python3.7/site-packages/airflow/example_dags/tutorial_taskflow_api.py
[2023-05-10T22:01:41.515+0000] {logging_mixin.py:149} INFO - [2023-05-10T22:01:41.512+0000] {dag.py:2726} INFO - Sync 1 DAGs
[2023-05-10T22:01:41.720+0000] {logging_mixin.py:149} INFO - [2023-05-10T22:01:41.720+0000] {dag.py:3490} INFO - Setting next_dagrun for tutorial_taskflow_api to None, run_after=None
[2023-05-10T22:01:41.894+0000] {processor.py:178} INFO - Processing /home/airflow/.local/lib/python3.7/site-packages/airflow/example_dags/tutorial_taskflow_api.py took 0.549 seconds
[2023-05-10T22:02:12.071+0000] {processor.py:156} INFO - Started process (PID=914) to work on /home/airflow/.local/lib/python3.7/site-packages/airflow/example_dags/tutorial_taskflow_api.py
[2023-05-10T22:02:12.076+0000] {processor.py:799} INFO - Processing file /home/airflow/.local/lib/python3.7/site-packages/airflow/example_dags/tutorial_taskflow_api.py for tasks to queue
[2023-05-10T22:02:12.082+0000] {logging_mixin.py:149} INFO - [2023-05-10T22:02:12.081+0000] {dagbag.py:541} INFO - Filling up the DagBag from /home/airflow/.local/lib/python3.7/site-packages/airflow/example_dags/tutorial_taskflow_api.py
[2023-05-10T22:02:12.117+0000] {processor.py:809} INFO - DAG(s) dict_keys(['tutorial_taskflow_api']) retrieved from /home/airflow/.local/lib/python3.7/site-packages/airflow/example_dags/tutorial_taskflow_api.py
[2023-05-10T22:02:12.265+0000] {logging_mixin.py:149} INFO - [2023-05-10T22:02:12.264+0000] {dag.py:2726} INFO - Sync 1 DAGs
[2023-05-10T22:02:12.426+0000] {logging_mixin.py:149} INFO - [2023-05-10T22:02:12.426+0000] {dag.py:3490} INFO - Setting next_dagrun for tutorial_taskflow_api to None, run_after=None
[2023-05-10T22:02:12.589+0000] {processor.py:178} INFO - Processing /home/airflow/.local/lib/python3.7/site-packages/airflow/example_dags/tutorial_taskflow_api.py took 0.529 seconds
[2023-05-10T22:02:48.322+0000] {processor.py:156} INFO - Started process (PID=976) to work on /home/airflow/.local/lib/python3.7/site-packages/airflow/example_dags/tutorial_taskflow_api.py
[2023-05-10T22:02:48.324+0000] {processor.py:799} INFO - Processing file /home/airflow/.local/lib/python3.7/site-packages/airflow/example_dags/tutorial_taskflow_api.py for tasks to queue
[2023-05-10T22:02:48.331+0000] {logging_mixin.py:149} INFO - [2023-05-10T22:02:48.327+0000] {dagbag.py:541} INFO - Filling up the DagBag from /home/airflow/.local/lib/python3.7/site-packages/airflow/example_dags/tutorial_taskflow_api.py
[2023-05-10T22:02:48.378+0000] {processor.py:809} INFO - DAG(s) dict_keys(['tutorial_taskflow_api']) retrieved from /home/airflow/.local/lib/python3.7/site-packages/airflow/example_dags/tutorial_taskflow_api.py
[2023-05-10T22:02:48.501+0000] {logging_mixin.py:149} INFO - [2023-05-10T22:02:48.500+0000] {dag.py:2726} INFO - Sync 1 DAGs
[2023-05-10T22:02:48.690+0000] {logging_mixin.py:149} INFO - [2023-05-10T22:02:48.690+0000] {dag.py:3490} INFO - Setting next_dagrun for tutorial_taskflow_api to None, run_after=None
[2023-05-10T22:02:48.867+0000] {processor.py:178} INFO - Processing /home/airflow/.local/lib/python3.7/site-packages/airflow/example_dags/tutorial_taskflow_api.py took 0.560 seconds
[2023-05-10T22:03:20.230+0000] {processor.py:156} INFO - Started process (PID=1031) to work on /home/airflow/.local/lib/python3.7/site-packages/airflow/example_dags/tutorial_taskflow_api.py
[2023-05-10T22:03:20.235+0000] {processor.py:799} INFO - Processing file /home/airflow/.local/lib/python3.7/site-packages/airflow/example_dags/tutorial_taskflow_api.py for tasks to queue
[2023-05-10T22:03:20.256+0000] {logging_mixin.py:149} INFO - [2023-05-10T22:03:20.250+0000] {dagbag.py:541} INFO - Filling up the DagBag from /home/airflow/.local/lib/python3.7/site-packages/airflow/example_dags/tutorial_taskflow_api.py
[2023-05-10T22:03:20.296+0000] {processor.py:809} INFO - DAG(s) dict_keys(['tutorial_taskflow_api']) retrieved from /home/airflow/.local/lib/python3.7/site-packages/airflow/example_dags/tutorial_taskflow_api.py
[2023-05-10T22:03:20.403+0000] {logging_mixin.py:149} INFO - [2023-05-10T22:03:20.402+0000] {dag.py:2726} INFO - Sync 1 DAGs
[2023-05-10T22:03:20.606+0000] {logging_mixin.py:149} INFO - [2023-05-10T22:03:20.605+0000] {dag.py:3490} INFO - Setting next_dagrun for tutorial_taskflow_api to None, run_after=None
[2023-05-10T22:03:20.975+0000] {processor.py:178} INFO - Processing /home/airflow/.local/lib/python3.7/site-packages/airflow/example_dags/tutorial_taskflow_api.py took 0.756 seconds
[2023-05-10T22:03:56.919+0000] {processor.py:156} INFO - Started process (PID=1088) to work on /home/airflow/.local/lib/python3.7/site-packages/airflow/example_dags/tutorial_taskflow_api.py
[2023-05-10T22:03:56.925+0000] {processor.py:799} INFO - Processing file /home/airflow/.local/lib/python3.7/site-packages/airflow/example_dags/tutorial_taskflow_api.py for tasks to queue
[2023-05-10T22:03:56.930+0000] {logging_mixin.py:149} INFO - [2023-05-10T22:03:56.930+0000] {dagbag.py:541} INFO - Filling up the DagBag from /home/airflow/.local/lib/python3.7/site-packages/airflow/example_dags/tutorial_taskflow_api.py
[2023-05-10T22:03:56.950+0000] {processor.py:809} INFO - DAG(s) dict_keys(['tutorial_taskflow_api']) retrieved from /home/airflow/.local/lib/python3.7/site-packages/airflow/example_dags/tutorial_taskflow_api.py
[2023-05-10T22:03:57.070+0000] {logging_mixin.py:149} INFO - [2023-05-10T22:03:57.069+0000] {dag.py:2726} INFO - Sync 1 DAGs
[2023-05-10T22:03:57.207+0000] {logging_mixin.py:149} INFO - [2023-05-10T22:03:57.207+0000] {dag.py:3490} INFO - Setting next_dagrun for tutorial_taskflow_api to None, run_after=None
[2023-05-10T22:03:57.686+0000] {processor.py:178} INFO - Processing /home/airflow/.local/lib/python3.7/site-packages/airflow/example_dags/tutorial_taskflow_api.py took 0.781 seconds
[2023-05-10T22:04:29.805+0000] {processor.py:156} INFO - Started process (PID=1143) to work on /home/airflow/.local/lib/python3.7/site-packages/airflow/example_dags/tutorial_taskflow_api.py
[2023-05-10T22:04:29.821+0000] {processor.py:799} INFO - Processing file /home/airflow/.local/lib/python3.7/site-packages/airflow/example_dags/tutorial_taskflow_api.py for tasks to queue
[2023-05-10T22:04:29.827+0000] {logging_mixin.py:149} INFO - [2023-05-10T22:04:29.826+0000] {dagbag.py:541} INFO - Filling up the DagBag from /home/airflow/.local/lib/python3.7/site-packages/airflow/example_dags/tutorial_taskflow_api.py
[2023-05-10T22:04:29.862+0000] {processor.py:809} INFO - DAG(s) dict_keys(['tutorial_taskflow_api']) retrieved from /home/airflow/.local/lib/python3.7/site-packages/airflow/example_dags/tutorial_taskflow_api.py
[2023-05-10T22:04:29.966+0000] {logging_mixin.py:149} INFO - [2023-05-10T22:04:29.965+0000] {dag.py:2726} INFO - Sync 1 DAGs
[2023-05-10T22:04:30.420+0000] {logging_mixin.py:149} INFO - [2023-05-10T22:04:30.419+0000] {dag.py:3490} INFO - Setting next_dagrun for tutorial_taskflow_api to None, run_after=None
[2023-05-10T22:04:30.811+0000] {processor.py:178} INFO - Processing /home/airflow/.local/lib/python3.7/site-packages/airflow/example_dags/tutorial_taskflow_api.py took 1.044 seconds
[2023-05-10T22:05:02.289+0000] {processor.py:156} INFO - Started process (PID=1199) to work on /home/airflow/.local/lib/python3.7/site-packages/airflow/example_dags/tutorial_taskflow_api.py
[2023-05-10T22:05:02.295+0000] {processor.py:799} INFO - Processing file /home/airflow/.local/lib/python3.7/site-packages/airflow/example_dags/tutorial_taskflow_api.py for tasks to queue
[2023-05-10T22:05:02.301+0000] {logging_mixin.py:149} INFO - [2023-05-10T22:05:02.300+0000] {dagbag.py:541} INFO - Filling up the DagBag from /home/airflow/.local/lib/python3.7/site-packages/airflow/example_dags/tutorial_taskflow_api.py
[2023-05-10T22:05:02.326+0000] {processor.py:809} INFO - DAG(s) dict_keys(['tutorial_taskflow_api']) retrieved from /home/airflow/.local/lib/python3.7/site-packages/airflow/example_dags/tutorial_taskflow_api.py
[2023-05-10T22:05:02.420+0000] {logging_mixin.py:149} INFO - [2023-05-10T22:05:02.420+0000] {dag.py:2726} INFO - Sync 1 DAGs
[2023-05-10T22:05:02.576+0000] {logging_mixin.py:149} INFO - [2023-05-10T22:05:02.576+0000] {dag.py:3490} INFO - Setting next_dagrun for tutorial_taskflow_api to None, run_after=None
[2023-05-10T22:05:02.717+0000] {processor.py:178} INFO - Processing /home/airflow/.local/lib/python3.7/site-packages/airflow/example_dags/tutorial_taskflow_api.py took 0.446 seconds
[2023-05-10T22:05:37.672+0000] {processor.py:156} INFO - Started process (PID=1257) to work on /home/airflow/.local/lib/python3.7/site-packages/airflow/example_dags/tutorial_taskflow_api.py
[2023-05-10T22:05:37.674+0000] {processor.py:799} INFO - Processing file /home/airflow/.local/lib/python3.7/site-packages/airflow/example_dags/tutorial_taskflow_api.py for tasks to queue
[2023-05-10T22:05:37.677+0000] {logging_mixin.py:149} INFO - [2023-05-10T22:05:37.676+0000] {dagbag.py:541} INFO - Filling up the DagBag from /home/airflow/.local/lib/python3.7/site-packages/airflow/example_dags/tutorial_taskflow_api.py
[2023-05-10T22:05:37.714+0000] {processor.py:809} INFO - DAG(s) dict_keys(['tutorial_taskflow_api']) retrieved from /home/airflow/.local/lib/python3.7/site-packages/airflow/example_dags/tutorial_taskflow_api.py
[2023-05-10T22:05:37.894+0000] {logging_mixin.py:149} INFO - [2023-05-10T22:05:37.893+0000] {dag.py:2726} INFO - Sync 1 DAGs
[2023-05-10T22:05:38.070+0000] {logging_mixin.py:149} INFO - [2023-05-10T22:05:38.070+0000] {dag.py:3490} INFO - Setting next_dagrun for tutorial_taskflow_api to None, run_after=None
[2023-05-10T22:05:38.228+0000] {processor.py:178} INFO - Processing /home/airflow/.local/lib/python3.7/site-packages/airflow/example_dags/tutorial_taskflow_api.py took 0.576 seconds
[2023-05-10T22:06:10.144+0000] {processor.py:156} INFO - Started process (PID=1313) to work on /home/airflow/.local/lib/python3.7/site-packages/airflow/example_dags/tutorial_taskflow_api.py
[2023-05-10T22:06:10.159+0000] {processor.py:799} INFO - Processing file /home/airflow/.local/lib/python3.7/site-packages/airflow/example_dags/tutorial_taskflow_api.py for tasks to queue
[2023-05-10T22:06:10.188+0000] {logging_mixin.py:149} INFO - [2023-05-10T22:06:10.176+0000] {dagbag.py:541} INFO - Filling up the DagBag from /home/airflow/.local/lib/python3.7/site-packages/airflow/example_dags/tutorial_taskflow_api.py
[2023-05-10T22:06:10.247+0000] {processor.py:809} INFO - DAG(s) dict_keys(['tutorial_taskflow_api']) retrieved from /home/airflow/.local/lib/python3.7/site-packages/airflow/example_dags/tutorial_taskflow_api.py
[2023-05-10T22:06:10.416+0000] {logging_mixin.py:149} INFO - [2023-05-10T22:06:10.415+0000] {dag.py:2726} INFO - Sync 1 DAGs
[2023-05-10T22:06:10.673+0000] {logging_mixin.py:149} INFO - [2023-05-10T22:06:10.669+0000] {dag.py:3490} INFO - Setting next_dagrun for tutorial_taskflow_api to None, run_after=None
[2023-05-10T22:06:10.881+0000] {processor.py:178} INFO - Processing /home/airflow/.local/lib/python3.7/site-packages/airflow/example_dags/tutorial_taskflow_api.py took 0.758 seconds
[2023-05-10T22:06:44.073+0000] {processor.py:156} INFO - Started process (PID=1366) to work on /home/airflow/.local/lib/python3.7/site-packages/airflow/example_dags/tutorial_taskflow_api.py
[2023-05-10T22:06:44.083+0000] {processor.py:799} INFO - Processing file /home/airflow/.local/lib/python3.7/site-packages/airflow/example_dags/tutorial_taskflow_api.py for tasks to queue
[2023-05-10T22:06:44.104+0000] {logging_mixin.py:149} INFO - [2023-05-10T22:06:44.103+0000] {dagbag.py:541} INFO - Filling up the DagBag from /home/airflow/.local/lib/python3.7/site-packages/airflow/example_dags/tutorial_taskflow_api.py
[2023-05-10T22:06:44.130+0000] {processor.py:809} INFO - DAG(s) dict_keys(['tutorial_taskflow_api']) retrieved from /home/airflow/.local/lib/python3.7/site-packages/airflow/example_dags/tutorial_taskflow_api.py
[2023-05-10T22:06:44.282+0000] {logging_mixin.py:149} INFO - [2023-05-10T22:06:44.281+0000] {dag.py:2726} INFO - Sync 1 DAGs
[2023-05-10T22:06:44.449+0000] {logging_mixin.py:149} INFO - [2023-05-10T22:06:44.449+0000] {dag.py:3490} INFO - Setting next_dagrun for tutorial_taskflow_api to None, run_after=None
[2023-05-10T22:06:44.616+0000] {processor.py:178} INFO - Processing /home/airflow/.local/lib/python3.7/site-packages/airflow/example_dags/tutorial_taskflow_api.py took 0.550 seconds
[2023-05-10T22:07:16.451+0000] {processor.py:156} INFO - Started process (PID=1422) to work on /home/airflow/.local/lib/python3.7/site-packages/airflow/example_dags/tutorial_taskflow_api.py
[2023-05-10T22:07:16.462+0000] {processor.py:799} INFO - Processing file /home/airflow/.local/lib/python3.7/site-packages/airflow/example_dags/tutorial_taskflow_api.py for tasks to queue
[2023-05-10T22:07:16.465+0000] {logging_mixin.py:149} INFO - [2023-05-10T22:07:16.464+0000] {dagbag.py:541} INFO - Filling up the DagBag from /home/airflow/.local/lib/python3.7/site-packages/airflow/example_dags/tutorial_taskflow_api.py
[2023-05-10T22:07:16.508+0000] {processor.py:809} INFO - DAG(s) dict_keys(['tutorial_taskflow_api']) retrieved from /home/airflow/.local/lib/python3.7/site-packages/airflow/example_dags/tutorial_taskflow_api.py
[2023-05-10T22:07:16.651+0000] {logging_mixin.py:149} INFO - [2023-05-10T22:07:16.650+0000] {dag.py:2726} INFO - Sync 1 DAGs
[2023-05-10T22:07:16.797+0000] {logging_mixin.py:149} INFO - [2023-05-10T22:07:16.796+0000] {dag.py:3490} INFO - Setting next_dagrun for tutorial_taskflow_api to None, run_after=None
[2023-05-10T22:07:17.162+0000] {processor.py:178} INFO - Processing /home/airflow/.local/lib/python3.7/site-packages/airflow/example_dags/tutorial_taskflow_api.py took 0.725 seconds
[2023-05-10T22:07:47.369+0000] {processor.py:156} INFO - Started process (PID=1478) to work on /home/airflow/.local/lib/python3.7/site-packages/airflow/example_dags/tutorial_taskflow_api.py
[2023-05-10T22:07:47.379+0000] {processor.py:799} INFO - Processing file /home/airflow/.local/lib/python3.7/site-packages/airflow/example_dags/tutorial_taskflow_api.py for tasks to queue
[2023-05-10T22:07:47.384+0000] {logging_mixin.py:149} INFO - [2023-05-10T22:07:47.383+0000] {dagbag.py:541} INFO - Filling up the DagBag from /home/airflow/.local/lib/python3.7/site-packages/airflow/example_dags/tutorial_taskflow_api.py
[2023-05-10T22:07:47.407+0000] {processor.py:809} INFO - DAG(s) dict_keys(['tutorial_taskflow_api']) retrieved from /home/airflow/.local/lib/python3.7/site-packages/airflow/example_dags/tutorial_taskflow_api.py
[2023-05-10T22:07:47.493+0000] {logging_mixin.py:149} INFO - [2023-05-10T22:07:47.493+0000] {dag.py:2726} INFO - Sync 1 DAGs
[2023-05-10T22:07:47.614+0000] {logging_mixin.py:149} INFO - [2023-05-10T22:07:47.613+0000] {dag.py:3490} INFO - Setting next_dagrun for tutorial_taskflow_api to None, run_after=None
[2023-05-10T22:07:47.718+0000] {processor.py:178} INFO - Processing /home/airflow/.local/lib/python3.7/site-packages/airflow/example_dags/tutorial_taskflow_api.py took 0.358 seconds
[2023-05-10T22:08:18.733+0000] {processor.py:156} INFO - Started process (PID=1534) to work on /home/airflow/.local/lib/python3.7/site-packages/airflow/example_dags/tutorial_taskflow_api.py
[2023-05-10T22:08:18.736+0000] {processor.py:799} INFO - Processing file /home/airflow/.local/lib/python3.7/site-packages/airflow/example_dags/tutorial_taskflow_api.py for tasks to queue
[2023-05-10T22:08:18.748+0000] {logging_mixin.py:149} INFO - [2023-05-10T22:08:18.738+0000] {dagbag.py:541} INFO - Filling up the DagBag from /home/airflow/.local/lib/python3.7/site-packages/airflow/example_dags/tutorial_taskflow_api.py
[2023-05-10T22:08:18.802+0000] {processor.py:809} INFO - DAG(s) dict_keys(['tutorial_taskflow_api']) retrieved from /home/airflow/.local/lib/python3.7/site-packages/airflow/example_dags/tutorial_taskflow_api.py
[2023-05-10T22:08:19.002+0000] {logging_mixin.py:149} INFO - [2023-05-10T22:08:19.002+0000] {dag.py:2726} INFO - Sync 1 DAGs
[2023-05-10T22:08:19.221+0000] {logging_mixin.py:149} INFO - [2023-05-10T22:08:19.221+0000] {dag.py:3490} INFO - Setting next_dagrun for tutorial_taskflow_api to None, run_after=None
[2023-05-10T22:08:19.498+0000] {processor.py:178} INFO - Processing /home/airflow/.local/lib/python3.7/site-packages/airflow/example_dags/tutorial_taskflow_api.py took 0.788 seconds
[2023-05-10T22:08:50.714+0000] {processor.py:156} INFO - Started process (PID=1589) to work on /home/airflow/.local/lib/python3.7/site-packages/airflow/example_dags/tutorial_taskflow_api.py
[2023-05-10T22:08:50.717+0000] {processor.py:799} INFO - Processing file /home/airflow/.local/lib/python3.7/site-packages/airflow/example_dags/tutorial_taskflow_api.py for tasks to queue
[2023-05-10T22:08:50.726+0000] {logging_mixin.py:149} INFO - [2023-05-10T22:08:50.725+0000] {dagbag.py:541} INFO - Filling up the DagBag from /home/airflow/.local/lib/python3.7/site-packages/airflow/example_dags/tutorial_taskflow_api.py
[2023-05-10T22:08:50.815+0000] {processor.py:809} INFO - DAG(s) dict_keys(['tutorial_taskflow_api']) retrieved from /home/airflow/.local/lib/python3.7/site-packages/airflow/example_dags/tutorial_taskflow_api.py
[2023-05-10T22:08:50.942+0000] {logging_mixin.py:149} INFO - [2023-05-10T22:08:50.942+0000] {dag.py:2726} INFO - Sync 1 DAGs
[2023-05-10T22:08:51.180+0000] {logging_mixin.py:149} INFO - [2023-05-10T22:08:51.180+0000] {dag.py:3490} INFO - Setting next_dagrun for tutorial_taskflow_api to None, run_after=None
[2023-05-10T22:08:51.363+0000] {processor.py:178} INFO - Processing /home/airflow/.local/lib/python3.7/site-packages/airflow/example_dags/tutorial_taskflow_api.py took 0.657 seconds
[2023-05-10T22:09:28.697+0000] {processor.py:156} INFO - Started process (PID=1646) to work on /home/airflow/.local/lib/python3.7/site-packages/airflow/example_dags/tutorial_taskflow_api.py
[2023-05-10T22:09:28.714+0000] {processor.py:799} INFO - Processing file /home/airflow/.local/lib/python3.7/site-packages/airflow/example_dags/tutorial_taskflow_api.py for tasks to queue
[2023-05-10T22:09:28.725+0000] {logging_mixin.py:149} INFO - [2023-05-10T22:09:28.720+0000] {dagbag.py:541} INFO - Filling up the DagBag from /home/airflow/.local/lib/python3.7/site-packages/airflow/example_dags/tutorial_taskflow_api.py
[2023-05-10T22:09:28.754+0000] {processor.py:809} INFO - DAG(s) dict_keys(['tutorial_taskflow_api']) retrieved from /home/airflow/.local/lib/python3.7/site-packages/airflow/example_dags/tutorial_taskflow_api.py
[2023-05-10T22:09:28.933+0000] {logging_mixin.py:149} INFO - [2023-05-10T22:09:28.914+0000] {dag.py:2726} INFO - Sync 1 DAGs
[2023-05-10T22:09:29.104+0000] {logging_mixin.py:149} INFO - [2023-05-10T22:09:29.103+0000] {dag.py:3490} INFO - Setting next_dagrun for tutorial_taskflow_api to None, run_after=None
[2023-05-10T22:09:29.334+0000] {processor.py:178} INFO - Processing /home/airflow/.local/lib/python3.7/site-packages/airflow/example_dags/tutorial_taskflow_api.py took 0.643 seconds
[2023-05-10T22:10:01.049+0000] {processor.py:156} INFO - Started process (PID=1703) to work on /home/airflow/.local/lib/python3.7/site-packages/airflow/example_dags/tutorial_taskflow_api.py
[2023-05-10T22:10:01.060+0000] {processor.py:799} INFO - Processing file /home/airflow/.local/lib/python3.7/site-packages/airflow/example_dags/tutorial_taskflow_api.py for tasks to queue
[2023-05-10T22:10:01.063+0000] {logging_mixin.py:149} INFO - [2023-05-10T22:10:01.063+0000] {dagbag.py:541} INFO - Filling up the DagBag from /home/airflow/.local/lib/python3.7/site-packages/airflow/example_dags/tutorial_taskflow_api.py
[2023-05-10T22:10:01.100+0000] {processor.py:809} INFO - DAG(s) dict_keys(['tutorial_taskflow_api']) retrieved from /home/airflow/.local/lib/python3.7/site-packages/airflow/example_dags/tutorial_taskflow_api.py
[2023-05-10T22:10:01.249+0000] {logging_mixin.py:149} INFO - [2023-05-10T22:10:01.237+0000] {dag.py:2726} INFO - Sync 1 DAGs
[2023-05-10T22:10:01.479+0000] {logging_mixin.py:149} INFO - [2023-05-10T22:10:01.479+0000] {dag.py:3490} INFO - Setting next_dagrun for tutorial_taskflow_api to None, run_after=None
[2023-05-10T22:10:01.681+0000] {processor.py:178} INFO - Processing /home/airflow/.local/lib/python3.7/site-packages/airflow/example_dags/tutorial_taskflow_api.py took 0.654 seconds
