[2023-05-10T21:53:37.596+0000] {processor.py:156} INFO - Started process (PID=106) to work on /home/airflow/.local/lib/python3.7/site-packages/airflow/example_dags/tutorial_dag.py
[2023-05-10T21:53:37.599+0000] {processor.py:799} INFO - Processing file /home/airflow/.local/lib/python3.7/site-packages/airflow/example_dags/tutorial_dag.py for tasks to queue
[2023-05-10T21:53:37.601+0000] {logging_mixin.py:149} INFO - [2023-05-10T21:53:37.601+0000] {dagbag.py:541} INFO - Filling up the DagBag from /home/airflow/.local/lib/python3.7/site-packages/airflow/example_dags/tutorial_dag.py
[2023-05-10T21:53:37.946+0000] {processor.py:809} INFO - DAG(s) dict_keys(['tutorial_dag']) retrieved from /home/airflow/.local/lib/python3.7/site-packages/airflow/example_dags/tutorial_dag.py
[2023-05-10T21:53:39.127+0000] {logging_mixin.py:149} INFO - [2023-05-10T21:53:39.126+0000] {manager.py:504} INFO - Created Permission View: can read on DAG:tutorial_dag
[2023-05-10T21:53:39.389+0000] {logging_mixin.py:149} INFO - [2023-05-10T21:53:39.388+0000] {manager.py:504} INFO - Created Permission View: can delete on DAG:tutorial_dag
[2023-05-10T21:53:39.590+0000] {logging_mixin.py:149} INFO - [2023-05-10T21:53:39.589+0000] {manager.py:504} INFO - Created Permission View: can edit on DAG:tutorial_dag
[2023-05-10T21:53:39.594+0000] {logging_mixin.py:149} INFO - [2023-05-10T21:53:39.591+0000] {dag.py:2726} INFO - Sync 1 DAGs
[2023-05-10T21:53:39.690+0000] {logging_mixin.py:149} INFO - [2023-05-10T21:53:39.690+0000] {dag.py:2747} INFO - Creating ORM DAG for tutorial_dag
[2023-05-10T21:53:39.827+0000] {logging_mixin.py:149} INFO - [2023-05-10T21:53:39.827+0000] {dag.py:3490} INFO - Setting next_dagrun for tutorial_dag to None, run_after=None
[2023-05-10T21:53:40.063+0000] {processor.py:178} INFO - Processing /home/airflow/.local/lib/python3.7/site-packages/airflow/example_dags/tutorial_dag.py took 2.536 seconds
[2023-05-10T21:54:29.390+0000] {processor.py:156} INFO - Started process (PID=177) to work on /home/airflow/.local/lib/python3.7/site-packages/airflow/example_dags/tutorial_dag.py
[2023-05-10T21:54:29.399+0000] {processor.py:799} INFO - Processing file /home/airflow/.local/lib/python3.7/site-packages/airflow/example_dags/tutorial_dag.py for tasks to queue
[2023-05-10T21:54:29.412+0000] {logging_mixin.py:149} INFO - [2023-05-10T21:54:29.412+0000] {dagbag.py:541} INFO - Filling up the DagBag from /home/airflow/.local/lib/python3.7/site-packages/airflow/example_dags/tutorial_dag.py
[2023-05-10T21:54:29.450+0000] {processor.py:809} INFO - DAG(s) dict_keys(['tutorial_dag']) retrieved from /home/airflow/.local/lib/python3.7/site-packages/airflow/example_dags/tutorial_dag.py
[2023-05-10T21:54:29.654+0000] {logging_mixin.py:149} INFO - [2023-05-10T21:54:29.654+0000] {dag.py:2726} INFO - Sync 1 DAGs
[2023-05-10T21:54:29.792+0000] {logging_mixin.py:149} INFO - [2023-05-10T21:54:29.792+0000] {dag.py:3490} INFO - Setting next_dagrun for tutorial_dag to None, run_after=None
[2023-05-10T21:54:30.267+0000] {processor.py:178} INFO - Processing /home/airflow/.local/lib/python3.7/site-packages/airflow/example_dags/tutorial_dag.py took 0.898 seconds
[2023-05-10T21:55:23.301+0000] {processor.py:156} INFO - Started process (PID=244) to work on /home/airflow/.local/lib/python3.7/site-packages/airflow/example_dags/tutorial_dag.py
[2023-05-10T21:55:23.303+0000] {processor.py:799} INFO - Processing file /home/airflow/.local/lib/python3.7/site-packages/airflow/example_dags/tutorial_dag.py for tasks to queue
[2023-05-10T21:55:23.306+0000] {logging_mixin.py:149} INFO - [2023-05-10T21:55:23.305+0000] {dagbag.py:541} INFO - Filling up the DagBag from /home/airflow/.local/lib/python3.7/site-packages/airflow/example_dags/tutorial_dag.py
[2023-05-10T21:55:23.342+0000] {processor.py:809} INFO - DAG(s) dict_keys(['tutorial_dag']) retrieved from /home/airflow/.local/lib/python3.7/site-packages/airflow/example_dags/tutorial_dag.py
[2023-05-10T21:55:23.635+0000] {logging_mixin.py:149} INFO - [2023-05-10T21:55:23.635+0000] {dag.py:2726} INFO - Sync 1 DAGs
[2023-05-10T21:55:24.025+0000] {logging_mixin.py:149} INFO - [2023-05-10T21:55:24.024+0000] {dag.py:3490} INFO - Setting next_dagrun for tutorial_dag to None, run_after=None
[2023-05-10T21:55:25.000+0000] {processor.py:178} INFO - Processing /home/airflow/.local/lib/python3.7/site-packages/airflow/example_dags/tutorial_dag.py took 1.717 seconds
[2023-05-10T21:56:06.341+0000] {processor.py:156} INFO - Started process (PID=312) to work on /home/airflow/.local/lib/python3.7/site-packages/airflow/example_dags/tutorial_dag.py
[2023-05-10T21:56:06.343+0000] {processor.py:799} INFO - Processing file /home/airflow/.local/lib/python3.7/site-packages/airflow/example_dags/tutorial_dag.py for tasks to queue
[2023-05-10T21:56:06.347+0000] {logging_mixin.py:149} INFO - [2023-05-10T21:56:06.346+0000] {dagbag.py:541} INFO - Filling up the DagBag from /home/airflow/.local/lib/python3.7/site-packages/airflow/example_dags/tutorial_dag.py
[2023-05-10T21:56:06.375+0000] {processor.py:809} INFO - DAG(s) dict_keys(['tutorial_dag']) retrieved from /home/airflow/.local/lib/python3.7/site-packages/airflow/example_dags/tutorial_dag.py
[2023-05-10T21:56:06.645+0000] {logging_mixin.py:149} INFO - [2023-05-10T21:56:06.645+0000] {dag.py:2726} INFO - Sync 1 DAGs
[2023-05-10T21:56:06.758+0000] {logging_mixin.py:149} INFO - [2023-05-10T21:56:06.757+0000] {dag.py:3490} INFO - Setting next_dagrun for tutorial_dag to None, run_after=None
[2023-05-10T21:56:06.909+0000] {processor.py:178} INFO - Processing /home/airflow/.local/lib/python3.7/site-packages/airflow/example_dags/tutorial_dag.py took 0.585 seconds
[2023-05-10T21:56:37.484+0000] {processor.py:156} INFO - Started process (PID=363) to work on /home/airflow/.local/lib/python3.7/site-packages/airflow/example_dags/tutorial_dag.py
[2023-05-10T21:56:37.487+0000] {processor.py:799} INFO - Processing file /home/airflow/.local/lib/python3.7/site-packages/airflow/example_dags/tutorial_dag.py for tasks to queue
[2023-05-10T21:56:37.509+0000] {logging_mixin.py:149} INFO - [2023-05-10T21:56:37.509+0000] {dagbag.py:541} INFO - Filling up the DagBag from /home/airflow/.local/lib/python3.7/site-packages/airflow/example_dags/tutorial_dag.py
[2023-05-10T21:56:37.572+0000] {processor.py:809} INFO - DAG(s) dict_keys(['tutorial_dag']) retrieved from /home/airflow/.local/lib/python3.7/site-packages/airflow/example_dags/tutorial_dag.py
[2023-05-10T21:56:37.768+0000] {logging_mixin.py:149} INFO - [2023-05-10T21:56:37.768+0000] {dag.py:2726} INFO - Sync 1 DAGs
[2023-05-10T21:56:37.966+0000] {logging_mixin.py:149} INFO - [2023-05-10T21:56:37.965+0000] {dag.py:3490} INFO - Setting next_dagrun for tutorial_dag to None, run_after=None
[2023-05-10T21:56:38.163+0000] {processor.py:178} INFO - Processing /home/airflow/.local/lib/python3.7/site-packages/airflow/example_dags/tutorial_dag.py took 0.727 seconds
[2023-05-10T21:57:20.284+0000] {processor.py:156} INFO - Started process (PID=422) to work on /home/airflow/.local/lib/python3.7/site-packages/airflow/example_dags/tutorial_dag.py
[2023-05-10T21:57:20.293+0000] {processor.py:799} INFO - Processing file /home/airflow/.local/lib/python3.7/site-packages/airflow/example_dags/tutorial_dag.py for tasks to queue
[2023-05-10T21:57:20.323+0000] {logging_mixin.py:149} INFO - [2023-05-10T21:57:20.323+0000] {dagbag.py:541} INFO - Filling up the DagBag from /home/airflow/.local/lib/python3.7/site-packages/airflow/example_dags/tutorial_dag.py
[2023-05-10T21:57:20.376+0000] {processor.py:809} INFO - DAG(s) dict_keys(['tutorial_dag']) retrieved from /home/airflow/.local/lib/python3.7/site-packages/airflow/example_dags/tutorial_dag.py
[2023-05-10T21:57:20.594+0000] {logging_mixin.py:149} INFO - [2023-05-10T21:57:20.593+0000] {dag.py:2726} INFO - Sync 1 DAGs
[2023-05-10T21:57:20.798+0000] {logging_mixin.py:149} INFO - [2023-05-10T21:57:20.798+0000] {dag.py:3490} INFO - Setting next_dagrun for tutorial_dag to None, run_after=None
[2023-05-10T21:57:21.091+0000] {processor.py:178} INFO - Processing /home/airflow/.local/lib/python3.7/site-packages/airflow/example_dags/tutorial_dag.py took 0.851 seconds
[2023-05-10T21:57:57.588+0000] {processor.py:156} INFO - Started process (PID=478) to work on /home/airflow/.local/lib/python3.7/site-packages/airflow/example_dags/tutorial_dag.py
[2023-05-10T21:57:57.603+0000] {processor.py:799} INFO - Processing file /home/airflow/.local/lib/python3.7/site-packages/airflow/example_dags/tutorial_dag.py for tasks to queue
[2023-05-10T21:57:57.609+0000] {logging_mixin.py:149} INFO - [2023-05-10T21:57:57.608+0000] {dagbag.py:541} INFO - Filling up the DagBag from /home/airflow/.local/lib/python3.7/site-packages/airflow/example_dags/tutorial_dag.py
[2023-05-10T21:57:57.627+0000] {processor.py:809} INFO - DAG(s) dict_keys(['tutorial_dag']) retrieved from /home/airflow/.local/lib/python3.7/site-packages/airflow/example_dags/tutorial_dag.py
[2023-05-10T21:57:57.817+0000] {logging_mixin.py:149} INFO - [2023-05-10T21:57:57.817+0000] {dag.py:2726} INFO - Sync 1 DAGs
[2023-05-10T21:57:57.967+0000] {logging_mixin.py:149} INFO - [2023-05-10T21:57:57.966+0000] {dag.py:3490} INFO - Setting next_dagrun for tutorial_dag to None, run_after=None
[2023-05-10T21:57:58.196+0000] {processor.py:178} INFO - Processing /home/airflow/.local/lib/python3.7/site-packages/airflow/example_dags/tutorial_dag.py took 0.626 seconds
[2023-05-10T21:58:31.969+0000] {processor.py:156} INFO - Started process (PID=533) to work on /home/airflow/.local/lib/python3.7/site-packages/airflow/example_dags/tutorial_dag.py
[2023-05-10T21:58:31.971+0000] {processor.py:799} INFO - Processing file /home/airflow/.local/lib/python3.7/site-packages/airflow/example_dags/tutorial_dag.py for tasks to queue
[2023-05-10T21:58:31.974+0000] {logging_mixin.py:149} INFO - [2023-05-10T21:58:31.973+0000] {dagbag.py:541} INFO - Filling up the DagBag from /home/airflow/.local/lib/python3.7/site-packages/airflow/example_dags/tutorial_dag.py
[2023-05-10T21:58:32.014+0000] {processor.py:809} INFO - DAG(s) dict_keys(['tutorial_dag']) retrieved from /home/airflow/.local/lib/python3.7/site-packages/airflow/example_dags/tutorial_dag.py
[2023-05-10T21:58:32.273+0000] {logging_mixin.py:149} INFO - [2023-05-10T21:58:32.273+0000] {dag.py:2726} INFO - Sync 1 DAGs
[2023-05-10T21:58:32.464+0000] {logging_mixin.py:149} INFO - [2023-05-10T21:58:32.463+0000] {dag.py:3490} INFO - Setting next_dagrun for tutorial_dag to None, run_after=None
[2023-05-10T21:58:32.757+0000] {processor.py:178} INFO - Processing /home/airflow/.local/lib/python3.7/site-packages/airflow/example_dags/tutorial_dag.py took 0.805 seconds
[2023-05-10T21:59:05.297+0000] {processor.py:156} INFO - Started process (PID=589) to work on /home/airflow/.local/lib/python3.7/site-packages/airflow/example_dags/tutorial_dag.py
[2023-05-10T21:59:05.305+0000] {processor.py:799} INFO - Processing file /home/airflow/.local/lib/python3.7/site-packages/airflow/example_dags/tutorial_dag.py for tasks to queue
[2023-05-10T21:59:05.307+0000] {logging_mixin.py:149} INFO - [2023-05-10T21:59:05.307+0000] {dagbag.py:541} INFO - Filling up the DagBag from /home/airflow/.local/lib/python3.7/site-packages/airflow/example_dags/tutorial_dag.py
[2023-05-10T21:59:05.333+0000] {processor.py:809} INFO - DAG(s) dict_keys(['tutorial_dag']) retrieved from /home/airflow/.local/lib/python3.7/site-packages/airflow/example_dags/tutorial_dag.py
[2023-05-10T21:59:05.534+0000] {logging_mixin.py:149} INFO - [2023-05-10T21:59:05.533+0000] {dag.py:2726} INFO - Sync 1 DAGs
[2023-05-10T21:59:05.784+0000] {logging_mixin.py:149} INFO - [2023-05-10T21:59:05.783+0000] {dag.py:3490} INFO - Setting next_dagrun for tutorial_dag to None, run_after=None
[2023-05-10T21:59:06.770+0000] {processor.py:178} INFO - Processing /home/airflow/.local/lib/python3.7/site-packages/airflow/example_dags/tutorial_dag.py took 1.483 seconds
[2023-05-10T21:59:37.035+0000] {processor.py:156} INFO - Started process (PID=646) to work on /home/airflow/.local/lib/python3.7/site-packages/airflow/example_dags/tutorial_dag.py
[2023-05-10T21:59:37.038+0000] {processor.py:799} INFO - Processing file /home/airflow/.local/lib/python3.7/site-packages/airflow/example_dags/tutorial_dag.py for tasks to queue
[2023-05-10T21:59:37.049+0000] {logging_mixin.py:149} INFO - [2023-05-10T21:59:37.047+0000] {dagbag.py:541} INFO - Filling up the DagBag from /home/airflow/.local/lib/python3.7/site-packages/airflow/example_dags/tutorial_dag.py
[2023-05-10T21:59:37.072+0000] {processor.py:809} INFO - DAG(s) dict_keys(['tutorial_dag']) retrieved from /home/airflow/.local/lib/python3.7/site-packages/airflow/example_dags/tutorial_dag.py
[2023-05-10T21:59:37.213+0000] {logging_mixin.py:149} INFO - [2023-05-10T21:59:37.213+0000] {dag.py:2726} INFO - Sync 1 DAGs
[2023-05-10T21:59:37.369+0000] {logging_mixin.py:149} INFO - [2023-05-10T21:59:37.369+0000] {dag.py:3490} INFO - Setting next_dagrun for tutorial_dag to None, run_after=None
[2023-05-10T21:59:37.694+0000] {processor.py:178} INFO - Processing /home/airflow/.local/lib/python3.7/site-packages/airflow/example_dags/tutorial_dag.py took 0.672 seconds
[2023-05-10T22:00:08.441+0000] {processor.py:156} INFO - Started process (PID=702) to work on /home/airflow/.local/lib/python3.7/site-packages/airflow/example_dags/tutorial_dag.py
[2023-05-10T22:00:08.444+0000] {processor.py:799} INFO - Processing file /home/airflow/.local/lib/python3.7/site-packages/airflow/example_dags/tutorial_dag.py for tasks to queue
[2023-05-10T22:00:08.455+0000] {logging_mixin.py:149} INFO - [2023-05-10T22:00:08.455+0000] {dagbag.py:541} INFO - Filling up the DagBag from /home/airflow/.local/lib/python3.7/site-packages/airflow/example_dags/tutorial_dag.py
[2023-05-10T22:00:08.480+0000] {processor.py:809} INFO - DAG(s) dict_keys(['tutorial_dag']) retrieved from /home/airflow/.local/lib/python3.7/site-packages/airflow/example_dags/tutorial_dag.py
[2023-05-10T22:00:08.608+0000] {logging_mixin.py:149} INFO - [2023-05-10T22:00:08.606+0000] {dag.py:2726} INFO - Sync 1 DAGs
[2023-05-10T22:00:08.760+0000] {logging_mixin.py:149} INFO - [2023-05-10T22:00:08.760+0000] {dag.py:3490} INFO - Setting next_dagrun for tutorial_dag to None, run_after=None
[2023-05-10T22:00:08.907+0000] {processor.py:178} INFO - Processing /home/airflow/.local/lib/python3.7/site-packages/airflow/example_dags/tutorial_dag.py took 0.483 seconds
[2023-05-10T22:00:43.848+0000] {processor.py:156} INFO - Started process (PID=767) to work on /home/airflow/.local/lib/python3.7/site-packages/airflow/example_dags/tutorial_dag.py
[2023-05-10T22:00:43.925+0000] {processor.py:799} INFO - Processing file /home/airflow/.local/lib/python3.7/site-packages/airflow/example_dags/tutorial_dag.py for tasks to queue
[2023-05-10T22:00:44.005+0000] {logging_mixin.py:149} INFO - [2023-05-10T22:00:44.005+0000] {dagbag.py:541} INFO - Filling up the DagBag from /home/airflow/.local/lib/python3.7/site-packages/airflow/example_dags/tutorial_dag.py
[2023-05-10T22:00:44.081+0000] {processor.py:809} INFO - DAG(s) dict_keys(['tutorial_dag']) retrieved from /home/airflow/.local/lib/python3.7/site-packages/airflow/example_dags/tutorial_dag.py
[2023-05-10T22:00:44.349+0000] {logging_mixin.py:149} INFO - [2023-05-10T22:00:44.349+0000] {dag.py:2726} INFO - Sync 1 DAGs
[2023-05-10T22:00:44.580+0000] {logging_mixin.py:149} INFO - [2023-05-10T22:00:44.580+0000] {dag.py:3490} INFO - Setting next_dagrun for tutorial_dag to None, run_after=None
[2023-05-10T22:00:44.747+0000] {processor.py:178} INFO - Processing /home/airflow/.local/lib/python3.7/site-packages/airflow/example_dags/tutorial_dag.py took 0.919 seconds
[2023-05-10T22:01:16.465+0000] {processor.py:156} INFO - Started process (PID=818) to work on /home/airflow/.local/lib/python3.7/site-packages/airflow/example_dags/tutorial_dag.py
[2023-05-10T22:01:16.631+0000] {processor.py:799} INFO - Processing file /home/airflow/.local/lib/python3.7/site-packages/airflow/example_dags/tutorial_dag.py for tasks to queue
[2023-05-10T22:01:16.634+0000] {logging_mixin.py:149} INFO - [2023-05-10T22:01:16.633+0000] {dagbag.py:541} INFO - Filling up the DagBag from /home/airflow/.local/lib/python3.7/site-packages/airflow/example_dags/tutorial_dag.py
[2023-05-10T22:01:16.657+0000] {processor.py:809} INFO - DAG(s) dict_keys(['tutorial_dag']) retrieved from /home/airflow/.local/lib/python3.7/site-packages/airflow/example_dags/tutorial_dag.py
[2023-05-10T22:01:16.828+0000] {logging_mixin.py:149} INFO - [2023-05-10T22:01:16.827+0000] {dag.py:2726} INFO - Sync 1 DAGs
[2023-05-10T22:01:17.037+0000] {logging_mixin.py:149} INFO - [2023-05-10T22:01:17.036+0000] {dag.py:3490} INFO - Setting next_dagrun for tutorial_dag to None, run_after=None
[2023-05-10T22:01:17.252+0000] {processor.py:178} INFO - Processing /home/airflow/.local/lib/python3.7/site-packages/airflow/example_dags/tutorial_dag.py took 0.807 seconds
[2023-05-10T22:01:50.748+0000] {processor.py:156} INFO - Started process (PID=875) to work on /home/airflow/.local/lib/python3.7/site-packages/airflow/example_dags/tutorial_dag.py
[2023-05-10T22:01:50.766+0000] {processor.py:799} INFO - Processing file /home/airflow/.local/lib/python3.7/site-packages/airflow/example_dags/tutorial_dag.py for tasks to queue
[2023-05-10T22:01:50.769+0000] {logging_mixin.py:149} INFO - [2023-05-10T22:01:50.768+0000] {dagbag.py:541} INFO - Filling up the DagBag from /home/airflow/.local/lib/python3.7/site-packages/airflow/example_dags/tutorial_dag.py
[2023-05-10T22:01:50.823+0000] {processor.py:809} INFO - DAG(s) dict_keys(['tutorial_dag']) retrieved from /home/airflow/.local/lib/python3.7/site-packages/airflow/example_dags/tutorial_dag.py
[2023-05-10T22:01:51.167+0000] {logging_mixin.py:149} INFO - [2023-05-10T22:01:51.167+0000] {dag.py:2726} INFO - Sync 1 DAGs
[2023-05-10T22:01:51.453+0000] {logging_mixin.py:149} INFO - [2023-05-10T22:01:51.453+0000] {dag.py:3490} INFO - Setting next_dagrun for tutorial_dag to None, run_after=None
[2023-05-10T22:01:51.752+0000] {processor.py:178} INFO - Processing /home/airflow/.local/lib/python3.7/site-packages/airflow/example_dags/tutorial_dag.py took 1.047 seconds
[2023-05-10T22:02:22.210+0000] {processor.py:156} INFO - Started process (PID=931) to work on /home/airflow/.local/lib/python3.7/site-packages/airflow/example_dags/tutorial_dag.py
[2023-05-10T22:02:22.216+0000] {processor.py:799} INFO - Processing file /home/airflow/.local/lib/python3.7/site-packages/airflow/example_dags/tutorial_dag.py for tasks to queue
[2023-05-10T22:02:22.230+0000] {logging_mixin.py:149} INFO - [2023-05-10T22:02:22.230+0000] {dagbag.py:541} INFO - Filling up the DagBag from /home/airflow/.local/lib/python3.7/site-packages/airflow/example_dags/tutorial_dag.py
[2023-05-10T22:02:22.267+0000] {processor.py:809} INFO - DAG(s) dict_keys(['tutorial_dag']) retrieved from /home/airflow/.local/lib/python3.7/site-packages/airflow/example_dags/tutorial_dag.py
[2023-05-10T22:02:22.481+0000] {logging_mixin.py:149} INFO - [2023-05-10T22:02:22.480+0000] {dag.py:2726} INFO - Sync 1 DAGs
[2023-05-10T22:02:22.803+0000] {logging_mixin.py:149} INFO - [2023-05-10T22:02:22.802+0000] {dag.py:3490} INFO - Setting next_dagrun for tutorial_dag to None, run_after=None
[2023-05-10T22:02:23.152+0000] {processor.py:178} INFO - Processing /home/airflow/.local/lib/python3.7/site-packages/airflow/example_dags/tutorial_dag.py took 0.984 seconds
[2023-05-10T22:02:53.408+0000] {processor.py:156} INFO - Started process (PID=986) to work on /home/airflow/.local/lib/python3.7/site-packages/airflow/example_dags/tutorial_dag.py
[2023-05-10T22:02:53.412+0000] {processor.py:799} INFO - Processing file /home/airflow/.local/lib/python3.7/site-packages/airflow/example_dags/tutorial_dag.py for tasks to queue
[2023-05-10T22:02:53.414+0000] {logging_mixin.py:149} INFO - [2023-05-10T22:02:53.414+0000] {dagbag.py:541} INFO - Filling up the DagBag from /home/airflow/.local/lib/python3.7/site-packages/airflow/example_dags/tutorial_dag.py
[2023-05-10T22:02:53.436+0000] {processor.py:809} INFO - DAG(s) dict_keys(['tutorial_dag']) retrieved from /home/airflow/.local/lib/python3.7/site-packages/airflow/example_dags/tutorial_dag.py
[2023-05-10T22:02:53.553+0000] {logging_mixin.py:149} INFO - [2023-05-10T22:02:53.553+0000] {dag.py:2726} INFO - Sync 1 DAGs
[2023-05-10T22:02:53.709+0000] {logging_mixin.py:149} INFO - [2023-05-10T22:02:53.708+0000] {dag.py:3490} INFO - Setting next_dagrun for tutorial_dag to None, run_after=None
[2023-05-10T22:02:53.888+0000] {processor.py:178} INFO - Processing /home/airflow/.local/lib/python3.7/site-packages/airflow/example_dags/tutorial_dag.py took 0.499 seconds
[2023-05-10T22:03:24.379+0000] {processor.py:156} INFO - Started process (PID=1040) to work on /home/airflow/.local/lib/python3.7/site-packages/airflow/example_dags/tutorial_dag.py
[2023-05-10T22:03:24.381+0000] {processor.py:799} INFO - Processing file /home/airflow/.local/lib/python3.7/site-packages/airflow/example_dags/tutorial_dag.py for tasks to queue
[2023-05-10T22:03:24.383+0000] {logging_mixin.py:149} INFO - [2023-05-10T22:03:24.383+0000] {dagbag.py:541} INFO - Filling up the DagBag from /home/airflow/.local/lib/python3.7/site-packages/airflow/example_dags/tutorial_dag.py
[2023-05-10T22:03:24.415+0000] {processor.py:809} INFO - DAG(s) dict_keys(['tutorial_dag']) retrieved from /home/airflow/.local/lib/python3.7/site-packages/airflow/example_dags/tutorial_dag.py
[2023-05-10T22:03:24.525+0000] {logging_mixin.py:149} INFO - [2023-05-10T22:03:24.522+0000] {dag.py:2726} INFO - Sync 1 DAGs
[2023-05-10T22:03:24.686+0000] {logging_mixin.py:149} INFO - [2023-05-10T22:03:24.684+0000] {dag.py:3490} INFO - Setting next_dagrun for tutorial_dag to None, run_after=None
[2023-05-10T22:03:24.873+0000] {processor.py:178} INFO - Processing /home/airflow/.local/lib/python3.7/site-packages/airflow/example_dags/tutorial_dag.py took 0.520 seconds
[2023-05-10T22:04:00.278+0000] {processor.py:156} INFO - Started process (PID=1096) to work on /home/airflow/.local/lib/python3.7/site-packages/airflow/example_dags/tutorial_dag.py
[2023-05-10T22:04:00.294+0000] {processor.py:799} INFO - Processing file /home/airflow/.local/lib/python3.7/site-packages/airflow/example_dags/tutorial_dag.py for tasks to queue
[2023-05-10T22:04:00.298+0000] {logging_mixin.py:149} INFO - [2023-05-10T22:04:00.297+0000] {dagbag.py:541} INFO - Filling up the DagBag from /home/airflow/.local/lib/python3.7/site-packages/airflow/example_dags/tutorial_dag.py
[2023-05-10T22:04:00.322+0000] {processor.py:809} INFO - DAG(s) dict_keys(['tutorial_dag']) retrieved from /home/airflow/.local/lib/python3.7/site-packages/airflow/example_dags/tutorial_dag.py
[2023-05-10T22:04:00.423+0000] {logging_mixin.py:149} INFO - [2023-05-10T22:04:00.422+0000] {dag.py:2726} INFO - Sync 1 DAGs
[2023-05-10T22:04:00.610+0000] {logging_mixin.py:149} INFO - [2023-05-10T22:04:00.609+0000] {dag.py:3490} INFO - Setting next_dagrun for tutorial_dag to None, run_after=None
[2023-05-10T22:04:00.808+0000] {processor.py:178} INFO - Processing /home/airflow/.local/lib/python3.7/site-packages/airflow/example_dags/tutorial_dag.py took 0.543 seconds
[2023-05-10T22:04:37.307+0000] {processor.py:156} INFO - Started process (PID=1154) to work on /home/airflow/.local/lib/python3.7/site-packages/airflow/example_dags/tutorial_dag.py
[2023-05-10T22:04:37.312+0000] {processor.py:799} INFO - Processing file /home/airflow/.local/lib/python3.7/site-packages/airflow/example_dags/tutorial_dag.py for tasks to queue
[2023-05-10T22:04:37.319+0000] {logging_mixin.py:149} INFO - [2023-05-10T22:04:37.316+0000] {dagbag.py:541} INFO - Filling up the DagBag from /home/airflow/.local/lib/python3.7/site-packages/airflow/example_dags/tutorial_dag.py
[2023-05-10T22:04:37.360+0000] {processor.py:809} INFO - DAG(s) dict_keys(['tutorial_dag']) retrieved from /home/airflow/.local/lib/python3.7/site-packages/airflow/example_dags/tutorial_dag.py
[2023-05-10T22:04:37.543+0000] {logging_mixin.py:149} INFO - [2023-05-10T22:04:37.542+0000] {dag.py:2726} INFO - Sync 1 DAGs
[2023-05-10T22:04:37.760+0000] {logging_mixin.py:149} INFO - [2023-05-10T22:04:37.760+0000] {dag.py:3490} INFO - Setting next_dagrun for tutorial_dag to None, run_after=None
[2023-05-10T22:04:38.041+0000] {processor.py:178} INFO - Processing /home/airflow/.local/lib/python3.7/site-packages/airflow/example_dags/tutorial_dag.py took 0.741 seconds
[2023-05-10T22:05:08.561+0000] {processor.py:156} INFO - Started process (PID=1210) to work on /home/airflow/.local/lib/python3.7/site-packages/airflow/example_dags/tutorial_dag.py
[2023-05-10T22:05:08.571+0000] {processor.py:799} INFO - Processing file /home/airflow/.local/lib/python3.7/site-packages/airflow/example_dags/tutorial_dag.py for tasks to queue
[2023-05-10T22:05:08.584+0000] {logging_mixin.py:149} INFO - [2023-05-10T22:05:08.584+0000] {dagbag.py:541} INFO - Filling up the DagBag from /home/airflow/.local/lib/python3.7/site-packages/airflow/example_dags/tutorial_dag.py
[2023-05-10T22:05:08.610+0000] {processor.py:809} INFO - DAG(s) dict_keys(['tutorial_dag']) retrieved from /home/airflow/.local/lib/python3.7/site-packages/airflow/example_dags/tutorial_dag.py
[2023-05-10T22:05:08.776+0000] {logging_mixin.py:149} INFO - [2023-05-10T22:05:08.776+0000] {dag.py:2726} INFO - Sync 1 DAGs
[2023-05-10T22:05:08.961+0000] {logging_mixin.py:149} INFO - [2023-05-10T22:05:08.961+0000] {dag.py:3490} INFO - Setting next_dagrun for tutorial_dag to None, run_after=None
[2023-05-10T22:05:09.142+0000] {processor.py:178} INFO - Processing /home/airflow/.local/lib/python3.7/site-packages/airflow/example_dags/tutorial_dag.py took 0.601 seconds
[2023-05-10T22:05:41.289+0000] {processor.py:156} INFO - Started process (PID=1267) to work on /home/airflow/.local/lib/python3.7/site-packages/airflow/example_dags/tutorial_dag.py
[2023-05-10T22:05:41.295+0000] {processor.py:799} INFO - Processing file /home/airflow/.local/lib/python3.7/site-packages/airflow/example_dags/tutorial_dag.py for tasks to queue
[2023-05-10T22:05:41.298+0000] {logging_mixin.py:149} INFO - [2023-05-10T22:05:41.297+0000] {dagbag.py:541} INFO - Filling up the DagBag from /home/airflow/.local/lib/python3.7/site-packages/airflow/example_dags/tutorial_dag.py
[2023-05-10T22:05:41.317+0000] {processor.py:809} INFO - DAG(s) dict_keys(['tutorial_dag']) retrieved from /home/airflow/.local/lib/python3.7/site-packages/airflow/example_dags/tutorial_dag.py
[2023-05-10T22:05:41.419+0000] {logging_mixin.py:149} INFO - [2023-05-10T22:05:41.416+0000] {dag.py:2726} INFO - Sync 1 DAGs
[2023-05-10T22:05:41.558+0000] {logging_mixin.py:149} INFO - [2023-05-10T22:05:41.557+0000] {dag.py:3490} INFO - Setting next_dagrun for tutorial_dag to None, run_after=None
[2023-05-10T22:05:41.695+0000] {processor.py:178} INFO - Processing /home/airflow/.local/lib/python3.7/site-packages/airflow/example_dags/tutorial_dag.py took 0.417 seconds
[2023-05-10T22:06:15.620+0000] {processor.py:156} INFO - Started process (PID=1324) to work on /home/airflow/.local/lib/python3.7/site-packages/airflow/example_dags/tutorial_dag.py
[2023-05-10T22:06:15.625+0000] {processor.py:799} INFO - Processing file /home/airflow/.local/lib/python3.7/site-packages/airflow/example_dags/tutorial_dag.py for tasks to queue
[2023-05-10T22:06:15.628+0000] {logging_mixin.py:149} INFO - [2023-05-10T22:06:15.627+0000] {dagbag.py:541} INFO - Filling up the DagBag from /home/airflow/.local/lib/python3.7/site-packages/airflow/example_dags/tutorial_dag.py
[2023-05-10T22:06:15.650+0000] {processor.py:809} INFO - DAG(s) dict_keys(['tutorial_dag']) retrieved from /home/airflow/.local/lib/python3.7/site-packages/airflow/example_dags/tutorial_dag.py
[2023-05-10T22:06:15.830+0000] {logging_mixin.py:149} INFO - [2023-05-10T22:06:15.829+0000] {dag.py:2726} INFO - Sync 1 DAGs
[2023-05-10T22:06:15.995+0000] {logging_mixin.py:149} INFO - [2023-05-10T22:06:15.994+0000] {dag.py:3490} INFO - Setting next_dagrun for tutorial_dag to None, run_after=None
[2023-05-10T22:06:16.200+0000] {processor.py:178} INFO - Processing /home/airflow/.local/lib/python3.7/site-packages/airflow/example_dags/tutorial_dag.py took 0.612 seconds
[2023-05-10T22:06:50.548+0000] {processor.py:156} INFO - Started process (PID=1383) to work on /home/airflow/.local/lib/python3.7/site-packages/airflow/example_dags/tutorial_dag.py
[2023-05-10T22:06:50.550+0000] {processor.py:799} INFO - Processing file /home/airflow/.local/lib/python3.7/site-packages/airflow/example_dags/tutorial_dag.py for tasks to queue
[2023-05-10T22:06:50.554+0000] {logging_mixin.py:149} INFO - [2023-05-10T22:06:50.554+0000] {dagbag.py:541} INFO - Filling up the DagBag from /home/airflow/.local/lib/python3.7/site-packages/airflow/example_dags/tutorial_dag.py
[2023-05-10T22:06:50.586+0000] {processor.py:809} INFO - DAG(s) dict_keys(['tutorial_dag']) retrieved from /home/airflow/.local/lib/python3.7/site-packages/airflow/example_dags/tutorial_dag.py
[2023-05-10T22:06:50.725+0000] {logging_mixin.py:149} INFO - [2023-05-10T22:06:50.725+0000] {dag.py:2726} INFO - Sync 1 DAGs
[2023-05-10T22:06:50.878+0000] {logging_mixin.py:149} INFO - [2023-05-10T22:06:50.876+0000] {dag.py:3490} INFO - Setting next_dagrun for tutorial_dag to None, run_after=None
[2023-05-10T22:06:51.185+0000] {processor.py:178} INFO - Processing /home/airflow/.local/lib/python3.7/site-packages/airflow/example_dags/tutorial_dag.py took 0.655 seconds
[2023-05-10T22:07:24.626+0000] {processor.py:156} INFO - Started process (PID=1436) to work on /home/airflow/.local/lib/python3.7/site-packages/airflow/example_dags/tutorial_dag.py
[2023-05-10T22:07:24.631+0000] {processor.py:799} INFO - Processing file /home/airflow/.local/lib/python3.7/site-packages/airflow/example_dags/tutorial_dag.py for tasks to queue
[2023-05-10T22:07:24.644+0000] {logging_mixin.py:149} INFO - [2023-05-10T22:07:24.644+0000] {dagbag.py:541} INFO - Filling up the DagBag from /home/airflow/.local/lib/python3.7/site-packages/airflow/example_dags/tutorial_dag.py
[2023-05-10T22:07:24.667+0000] {processor.py:809} INFO - DAG(s) dict_keys(['tutorial_dag']) retrieved from /home/airflow/.local/lib/python3.7/site-packages/airflow/example_dags/tutorial_dag.py
[2023-05-10T22:07:24.834+0000] {logging_mixin.py:149} INFO - [2023-05-10T22:07:24.833+0000] {dag.py:2726} INFO - Sync 1 DAGs
[2023-05-10T22:07:25.019+0000] {logging_mixin.py:149} INFO - [2023-05-10T22:07:25.018+0000] {dag.py:3490} INFO - Setting next_dagrun for tutorial_dag to None, run_after=None
[2023-05-10T22:07:25.193+0000] {processor.py:178} INFO - Processing /home/airflow/.local/lib/python3.7/site-packages/airflow/example_dags/tutorial_dag.py took 0.585 seconds
[2023-05-10T22:07:56.460+0000] {processor.py:156} INFO - Started process (PID=1493) to work on /home/airflow/.local/lib/python3.7/site-packages/airflow/example_dags/tutorial_dag.py
[2023-05-10T22:07:56.476+0000] {processor.py:799} INFO - Processing file /home/airflow/.local/lib/python3.7/site-packages/airflow/example_dags/tutorial_dag.py for tasks to queue
[2023-05-10T22:07:56.479+0000] {logging_mixin.py:149} INFO - [2023-05-10T22:07:56.478+0000] {dagbag.py:541} INFO - Filling up the DagBag from /home/airflow/.local/lib/python3.7/site-packages/airflow/example_dags/tutorial_dag.py
[2023-05-10T22:07:56.525+0000] {processor.py:809} INFO - DAG(s) dict_keys(['tutorial_dag']) retrieved from /home/airflow/.local/lib/python3.7/site-packages/airflow/example_dags/tutorial_dag.py
[2023-05-10T22:07:56.705+0000] {logging_mixin.py:149} INFO - [2023-05-10T22:07:56.702+0000] {dag.py:2726} INFO - Sync 1 DAGs
[2023-05-10T22:07:56.912+0000] {logging_mixin.py:149} INFO - [2023-05-10T22:07:56.904+0000] {dag.py:3490} INFO - Setting next_dagrun for tutorial_dag to None, run_after=None
[2023-05-10T22:07:57.107+0000] {processor.py:178} INFO - Processing /home/airflow/.local/lib/python3.7/site-packages/airflow/example_dags/tutorial_dag.py took 0.654 seconds
[2023-05-10T22:08:27.426+0000] {processor.py:156} INFO - Started process (PID=1549) to work on /home/airflow/.local/lib/python3.7/site-packages/airflow/example_dags/tutorial_dag.py
[2023-05-10T22:08:27.429+0000] {processor.py:799} INFO - Processing file /home/airflow/.local/lib/python3.7/site-packages/airflow/example_dags/tutorial_dag.py for tasks to queue
[2023-05-10T22:08:27.432+0000] {logging_mixin.py:149} INFO - [2023-05-10T22:08:27.431+0000] {dagbag.py:541} INFO - Filling up the DagBag from /home/airflow/.local/lib/python3.7/site-packages/airflow/example_dags/tutorial_dag.py
[2023-05-10T22:08:27.464+0000] {processor.py:809} INFO - DAG(s) dict_keys(['tutorial_dag']) retrieved from /home/airflow/.local/lib/python3.7/site-packages/airflow/example_dags/tutorial_dag.py
[2023-05-10T22:08:27.645+0000] {logging_mixin.py:149} INFO - [2023-05-10T22:08:27.645+0000] {dag.py:2726} INFO - Sync 1 DAGs
[2023-05-10T22:08:27.829+0000] {logging_mixin.py:149} INFO - [2023-05-10T22:08:27.829+0000] {dag.py:3490} INFO - Setting next_dagrun for tutorial_dag to None, run_after=None
[2023-05-10T22:08:28.026+0000] {processor.py:178} INFO - Processing /home/airflow/.local/lib/python3.7/site-packages/airflow/example_dags/tutorial_dag.py took 0.608 seconds
[2023-05-10T22:08:59.299+0000] {processor.py:156} INFO - Started process (PID=1606) to work on /home/airflow/.local/lib/python3.7/site-packages/airflow/example_dags/tutorial_dag.py
[2023-05-10T22:08:59.301+0000] {processor.py:799} INFO - Processing file /home/airflow/.local/lib/python3.7/site-packages/airflow/example_dags/tutorial_dag.py for tasks to queue
[2023-05-10T22:08:59.304+0000] {logging_mixin.py:149} INFO - [2023-05-10T22:08:59.303+0000] {dagbag.py:541} INFO - Filling up the DagBag from /home/airflow/.local/lib/python3.7/site-packages/airflow/example_dags/tutorial_dag.py
[2023-05-10T22:08:59.356+0000] {processor.py:809} INFO - DAG(s) dict_keys(['tutorial_dag']) retrieved from /home/airflow/.local/lib/python3.7/site-packages/airflow/example_dags/tutorial_dag.py
[2023-05-10T22:08:59.592+0000] {logging_mixin.py:149} INFO - [2023-05-10T22:08:59.592+0000] {dag.py:2726} INFO - Sync 1 DAGs
[2023-05-10T22:08:59.886+0000] {logging_mixin.py:149} INFO - [2023-05-10T22:08:59.885+0000] {dag.py:3490} INFO - Setting next_dagrun for tutorial_dag to None, run_after=None
[2023-05-10T22:09:00.139+0000] {processor.py:178} INFO - Processing /home/airflow/.local/lib/python3.7/site-packages/airflow/example_dags/tutorial_dag.py took 0.867 seconds
[2023-05-10T22:09:37.030+0000] {processor.py:156} INFO - Started process (PID=1674) to work on /home/airflow/.local/lib/python3.7/site-packages/airflow/example_dags/tutorial_dag.py
[2023-05-10T22:09:37.034+0000] {processor.py:799} INFO - Processing file /home/airflow/.local/lib/python3.7/site-packages/airflow/example_dags/tutorial_dag.py for tasks to queue
[2023-05-10T22:09:37.047+0000] {logging_mixin.py:149} INFO - [2023-05-10T22:09:37.046+0000] {dagbag.py:541} INFO - Filling up the DagBag from /home/airflow/.local/lib/python3.7/site-packages/airflow/example_dags/tutorial_dag.py
[2023-05-10T22:09:37.072+0000] {processor.py:809} INFO - DAG(s) dict_keys(['tutorial_dag']) retrieved from /home/airflow/.local/lib/python3.7/site-packages/airflow/example_dags/tutorial_dag.py
[2023-05-10T22:09:37.151+0000] {logging_mixin.py:149} INFO - [2023-05-10T22:09:37.151+0000] {dag.py:2726} INFO - Sync 1 DAGs
[2023-05-10T22:09:37.253+0000] {logging_mixin.py:149} INFO - [2023-05-10T22:09:37.252+0000] {dag.py:3490} INFO - Setting next_dagrun for tutorial_dag to None, run_after=None
[2023-05-10T22:09:37.354+0000] {processor.py:178} INFO - Processing /home/airflow/.local/lib/python3.7/site-packages/airflow/example_dags/tutorial_dag.py took 0.333 seconds
[2023-05-10T22:10:10.247+0000] {processor.py:156} INFO - Started process (PID=1730) to work on /home/airflow/.local/lib/python3.7/site-packages/airflow/example_dags/tutorial_dag.py
[2023-05-10T22:10:10.250+0000] {processor.py:799} INFO - Processing file /home/airflow/.local/lib/python3.7/site-packages/airflow/example_dags/tutorial_dag.py for tasks to queue
[2023-05-10T22:10:10.257+0000] {logging_mixin.py:149} INFO - [2023-05-10T22:10:10.252+0000] {dagbag.py:541} INFO - Filling up the DagBag from /home/airflow/.local/lib/python3.7/site-packages/airflow/example_dags/tutorial_dag.py
[2023-05-10T22:10:10.282+0000] {processor.py:809} INFO - DAG(s) dict_keys(['tutorial_dag']) retrieved from /home/airflow/.local/lib/python3.7/site-packages/airflow/example_dags/tutorial_dag.py
[2023-05-10T22:10:10.451+0000] {logging_mixin.py:149} INFO - [2023-05-10T22:10:10.451+0000] {dag.py:2726} INFO - Sync 1 DAGs
[2023-05-10T22:10:10.673+0000] {logging_mixin.py:149} INFO - [2023-05-10T22:10:10.672+0000] {dag.py:3490} INFO - Setting next_dagrun for tutorial_dag to None, run_after=None
[2023-05-10T22:10:10.848+0000] {processor.py:178} INFO - Processing /home/airflow/.local/lib/python3.7/site-packages/airflow/example_dags/tutorial_dag.py took 0.619 seconds
