[2023-05-10T21:52:38.338+0000] {processor.py:156} INFO - Started process (PID=72) to work on /home/airflow/.local/lib/python3.7/site-packages/airflow/example_dags/tutorial_taskflow_api_virtualenv.py
[2023-05-10T21:52:38.342+0000] {processor.py:799} INFO - Processing file /home/airflow/.local/lib/python3.7/site-packages/airflow/example_dags/tutorial_taskflow_api_virtualenv.py for tasks to queue
[2023-05-10T21:52:38.345+0000] {logging_mixin.py:149} INFO - [2023-05-10T21:52:38.345+0000] {dagbag.py:541} INFO - Filling up the DagBag from /home/airflow/.local/lib/python3.7/site-packages/airflow/example_dags/tutorial_taskflow_api_virtualenv.py
[2023-05-10T21:52:38.892+0000] {processor.py:809} INFO - DAG(s) dict_keys(['tutorial_taskflow_api_virtualenv']) retrieved from /home/airflow/.local/lib/python3.7/site-packages/airflow/example_dags/tutorial_taskflow_api_virtualenv.py
[2023-05-10T21:52:40.176+0000] {logging_mixin.py:149} INFO - [2023-05-10T21:52:40.175+0000] {manager.py:504} INFO - Created Permission View: can read on DAG:tutorial_taskflow_api_virtualenv
[2023-05-10T21:52:40.630+0000] {logging_mixin.py:149} INFO - [2023-05-10T21:52:40.629+0000] {manager.py:504} INFO - Created Permission View: can delete on DAG:tutorial_taskflow_api_virtualenv
[2023-05-10T21:52:41.179+0000] {logging_mixin.py:149} INFO - [2023-05-10T21:52:41.179+0000] {manager.py:504} INFO - Created Permission View: can edit on DAG:tutorial_taskflow_api_virtualenv
[2023-05-10T21:52:41.181+0000] {logging_mixin.py:149} INFO - [2023-05-10T21:52:41.181+0000] {dag.py:2726} INFO - Sync 1 DAGs
[2023-05-10T21:52:41.233+0000] {logging_mixin.py:149} INFO - [2023-05-10T21:52:41.233+0000] {dag.py:2747} INFO - Creating ORM DAG for tutorial_taskflow_api_virtualenv
[2023-05-10T21:52:41.278+0000] {logging_mixin.py:149} INFO - [2023-05-10T21:52:41.278+0000] {dag.py:3490} INFO - Setting next_dagrun for tutorial_taskflow_api_virtualenv to None, run_after=None
[2023-05-10T21:52:41.668+0000] {processor.py:178} INFO - Processing /home/airflow/.local/lib/python3.7/site-packages/airflow/example_dags/tutorial_taskflow_api_virtualenv.py took 3.341 seconds
[2023-05-10T21:53:57.482+0000] {processor.py:156} INFO - Started process (PID=135) to work on /home/airflow/.local/lib/python3.7/site-packages/airflow/example_dags/tutorial_taskflow_api_virtualenv.py
[2023-05-10T21:53:57.484+0000] {processor.py:799} INFO - Processing file /home/airflow/.local/lib/python3.7/site-packages/airflow/example_dags/tutorial_taskflow_api_virtualenv.py for tasks to queue
[2023-05-10T21:53:57.487+0000] {logging_mixin.py:149} INFO - [2023-05-10T21:53:57.487+0000] {dagbag.py:541} INFO - Filling up the DagBag from /home/airflow/.local/lib/python3.7/site-packages/airflow/example_dags/tutorial_taskflow_api_virtualenv.py
[2023-05-10T21:53:57.571+0000] {processor.py:809} INFO - DAG(s) dict_keys(['tutorial_taskflow_api_virtualenv']) retrieved from /home/airflow/.local/lib/python3.7/site-packages/airflow/example_dags/tutorial_taskflow_api_virtualenv.py
[2023-05-10T21:53:57.640+0000] {logging_mixin.py:149} INFO - [2023-05-10T21:53:57.639+0000] {dag.py:2726} INFO - Sync 1 DAGs
[2023-05-10T21:53:57.742+0000] {logging_mixin.py:149} INFO - [2023-05-10T21:53:57.741+0000] {dag.py:3490} INFO - Setting next_dagrun for tutorial_taskflow_api_virtualenv to None, run_after=None
[2023-05-10T21:53:58.019+0000] {processor.py:178} INFO - Processing /home/airflow/.local/lib/python3.7/site-packages/airflow/example_dags/tutorial_taskflow_api_virtualenv.py took 0.546 seconds
[2023-05-10T21:54:35.956+0000] {processor.py:156} INFO - Started process (PID=187) to work on /home/airflow/.local/lib/python3.7/site-packages/airflow/example_dags/tutorial_taskflow_api_virtualenv.py
[2023-05-10T21:54:35.959+0000] {processor.py:799} INFO - Processing file /home/airflow/.local/lib/python3.7/site-packages/airflow/example_dags/tutorial_taskflow_api_virtualenv.py for tasks to queue
[2023-05-10T21:54:35.961+0000] {logging_mixin.py:149} INFO - [2023-05-10T21:54:35.961+0000] {dagbag.py:541} INFO - Filling up the DagBag from /home/airflow/.local/lib/python3.7/site-packages/airflow/example_dags/tutorial_taskflow_api_virtualenv.py
[2023-05-10T21:54:35.982+0000] {processor.py:809} INFO - DAG(s) dict_keys(['tutorial_taskflow_api_virtualenv']) retrieved from /home/airflow/.local/lib/python3.7/site-packages/airflow/example_dags/tutorial_taskflow_api_virtualenv.py
[2023-05-10T21:54:36.078+0000] {logging_mixin.py:149} INFO - [2023-05-10T21:54:36.078+0000] {dag.py:2726} INFO - Sync 1 DAGs
[2023-05-10T21:54:36.344+0000] {logging_mixin.py:149} INFO - [2023-05-10T21:54:36.338+0000] {dag.py:3490} INFO - Setting next_dagrun for tutorial_taskflow_api_virtualenv to None, run_after=None
[2023-05-10T21:54:36.627+0000] {processor.py:178} INFO - Processing /home/airflow/.local/lib/python3.7/site-packages/airflow/example_dags/tutorial_taskflow_api_virtualenv.py took 0.687 seconds
[2023-05-10T21:55:18.249+0000] {processor.py:156} INFO - Started process (PID=237) to work on /home/airflow/.local/lib/python3.7/site-packages/airflow/example_dags/tutorial_taskflow_api_virtualenv.py
[2023-05-10T21:55:18.275+0000] {processor.py:799} INFO - Processing file /home/airflow/.local/lib/python3.7/site-packages/airflow/example_dags/tutorial_taskflow_api_virtualenv.py for tasks to queue
[2023-05-10T21:55:18.320+0000] {logging_mixin.py:149} INFO - [2023-05-10T21:55:18.299+0000] {dagbag.py:541} INFO - Filling up the DagBag from /home/airflow/.local/lib/python3.7/site-packages/airflow/example_dags/tutorial_taskflow_api_virtualenv.py
[2023-05-10T21:55:18.376+0000] {processor.py:809} INFO - DAG(s) dict_keys(['tutorial_taskflow_api_virtualenv']) retrieved from /home/airflow/.local/lib/python3.7/site-packages/airflow/example_dags/tutorial_taskflow_api_virtualenv.py
[2023-05-10T21:55:18.714+0000] {logging_mixin.py:149} INFO - [2023-05-10T21:55:18.713+0000] {dag.py:2726} INFO - Sync 1 DAGs
[2023-05-10T21:55:19.049+0000] {logging_mixin.py:149} INFO - [2023-05-10T21:55:19.037+0000] {dag.py:3490} INFO - Setting next_dagrun for tutorial_taskflow_api_virtualenv to None, run_after=None
[2023-05-10T21:55:19.593+0000] {processor.py:178} INFO - Processing /home/airflow/.local/lib/python3.7/site-packages/airflow/example_dags/tutorial_taskflow_api_virtualenv.py took 1.365 seconds
[2023-05-10T21:55:55.394+0000] {processor.py:156} INFO - Started process (PID=292) to work on /home/airflow/.local/lib/python3.7/site-packages/airflow/example_dags/tutorial_taskflow_api_virtualenv.py
[2023-05-10T21:55:55.396+0000] {processor.py:799} INFO - Processing file /home/airflow/.local/lib/python3.7/site-packages/airflow/example_dags/tutorial_taskflow_api_virtualenv.py for tasks to queue
[2023-05-10T21:55:55.399+0000] {logging_mixin.py:149} INFO - [2023-05-10T21:55:55.398+0000] {dagbag.py:541} INFO - Filling up the DagBag from /home/airflow/.local/lib/python3.7/site-packages/airflow/example_dags/tutorial_taskflow_api_virtualenv.py
[2023-05-10T21:55:55.493+0000] {processor.py:809} INFO - DAG(s) dict_keys(['tutorial_taskflow_api_virtualenv']) retrieved from /home/airflow/.local/lib/python3.7/site-packages/airflow/example_dags/tutorial_taskflow_api_virtualenv.py
[2023-05-10T21:55:55.874+0000] {logging_mixin.py:149} INFO - [2023-05-10T21:55:55.849+0000] {dag.py:2726} INFO - Sync 1 DAGs
[2023-05-10T21:55:56.062+0000] {logging_mixin.py:149} INFO - [2023-05-10T21:55:56.062+0000] {dag.py:3490} INFO - Setting next_dagrun for tutorial_taskflow_api_virtualenv to None, run_after=None
[2023-05-10T21:55:56.170+0000] {processor.py:178} INFO - Processing /home/airflow/.local/lib/python3.7/site-packages/airflow/example_dags/tutorial_taskflow_api_virtualenv.py took 0.927 seconds
[2023-05-10T21:56:26.487+0000] {processor.py:156} INFO - Started process (PID=345) to work on /home/airflow/.local/lib/python3.7/site-packages/airflow/example_dags/tutorial_taskflow_api_virtualenv.py
[2023-05-10T21:56:26.492+0000] {processor.py:799} INFO - Processing file /home/airflow/.local/lib/python3.7/site-packages/airflow/example_dags/tutorial_taskflow_api_virtualenv.py for tasks to queue
[2023-05-10T21:56:26.503+0000] {logging_mixin.py:149} INFO - [2023-05-10T21:56:26.503+0000] {dagbag.py:541} INFO - Filling up the DagBag from /home/airflow/.local/lib/python3.7/site-packages/airflow/example_dags/tutorial_taskflow_api_virtualenv.py
[2023-05-10T21:56:26.576+0000] {processor.py:809} INFO - DAG(s) dict_keys(['tutorial_taskflow_api_virtualenv']) retrieved from /home/airflow/.local/lib/python3.7/site-packages/airflow/example_dags/tutorial_taskflow_api_virtualenv.py
[2023-05-10T21:56:26.817+0000] {logging_mixin.py:149} INFO - [2023-05-10T21:56:26.816+0000] {dag.py:2726} INFO - Sync 1 DAGs
[2023-05-10T21:56:27.073+0000] {logging_mixin.py:149} INFO - [2023-05-10T21:56:27.072+0000] {dag.py:3490} INFO - Setting next_dagrun for tutorial_taskflow_api_virtualenv to None, run_after=None
[2023-05-10T21:56:27.303+0000] {processor.py:178} INFO - Processing /home/airflow/.local/lib/python3.7/site-packages/airflow/example_dags/tutorial_taskflow_api_virtualenv.py took 0.829 seconds
[2023-05-10T21:57:09.186+0000] {processor.py:156} INFO - Started process (PID=407) to work on /home/airflow/.local/lib/python3.7/site-packages/airflow/example_dags/tutorial_taskflow_api_virtualenv.py
[2023-05-10T21:57:09.215+0000] {processor.py:799} INFO - Processing file /home/airflow/.local/lib/python3.7/site-packages/airflow/example_dags/tutorial_taskflow_api_virtualenv.py for tasks to queue
[2023-05-10T21:57:09.236+0000] {logging_mixin.py:149} INFO - [2023-05-10T21:57:09.236+0000] {dagbag.py:541} INFO - Filling up the DagBag from /home/airflow/.local/lib/python3.7/site-packages/airflow/example_dags/tutorial_taskflow_api_virtualenv.py
[2023-05-10T21:57:09.283+0000] {processor.py:809} INFO - DAG(s) dict_keys(['tutorial_taskflow_api_virtualenv']) retrieved from /home/airflow/.local/lib/python3.7/site-packages/airflow/example_dags/tutorial_taskflow_api_virtualenv.py
[2023-05-10T21:57:09.559+0000] {logging_mixin.py:149} INFO - [2023-05-10T21:57:09.558+0000] {dag.py:2726} INFO - Sync 1 DAGs
[2023-05-10T21:57:09.861+0000] {logging_mixin.py:149} INFO - [2023-05-10T21:57:09.861+0000] {dag.py:3490} INFO - Setting next_dagrun for tutorial_taskflow_api_virtualenv to None, run_after=None
[2023-05-10T21:57:10.101+0000] {processor.py:178} INFO - Processing /home/airflow/.local/lib/python3.7/site-packages/airflow/example_dags/tutorial_taskflow_api_virtualenv.py took 0.936 seconds
[2023-05-10T21:57:44.183+0000] {processor.py:156} INFO - Started process (PID=462) to work on /home/airflow/.local/lib/python3.7/site-packages/airflow/example_dags/tutorial_taskflow_api_virtualenv.py
[2023-05-10T21:57:44.587+0000] {processor.py:799} INFO - Processing file /home/airflow/.local/lib/python3.7/site-packages/airflow/example_dags/tutorial_taskflow_api_virtualenv.py for tasks to queue
[2023-05-10T21:57:44.590+0000] {logging_mixin.py:149} INFO - [2023-05-10T21:57:44.590+0000] {dagbag.py:541} INFO - Filling up the DagBag from /home/airflow/.local/lib/python3.7/site-packages/airflow/example_dags/tutorial_taskflow_api_virtualenv.py
[2023-05-10T21:57:44.625+0000] {processor.py:809} INFO - DAG(s) dict_keys(['tutorial_taskflow_api_virtualenv']) retrieved from /home/airflow/.local/lib/python3.7/site-packages/airflow/example_dags/tutorial_taskflow_api_virtualenv.py
[2023-05-10T21:57:45.133+0000] {logging_mixin.py:149} INFO - [2023-05-10T21:57:45.133+0000] {dag.py:2726} INFO - Sync 1 DAGs
[2023-05-10T21:57:45.230+0000] {logging_mixin.py:149} INFO - [2023-05-10T21:57:45.230+0000] {dag.py:3490} INFO - Setting next_dagrun for tutorial_taskflow_api_virtualenv to None, run_after=None
[2023-05-10T21:57:45.488+0000] {processor.py:178} INFO - Processing /home/airflow/.local/lib/python3.7/site-packages/airflow/example_dags/tutorial_taskflow_api_virtualenv.py took 1.333 seconds
[2023-05-10T21:58:16.452+0000] {processor.py:156} INFO - Started process (PID=513) to work on /home/airflow/.local/lib/python3.7/site-packages/airflow/example_dags/tutorial_taskflow_api_virtualenv.py
[2023-05-10T21:58:16.460+0000] {processor.py:799} INFO - Processing file /home/airflow/.local/lib/python3.7/site-packages/airflow/example_dags/tutorial_taskflow_api_virtualenv.py for tasks to queue
[2023-05-10T21:58:16.463+0000] {logging_mixin.py:149} INFO - [2023-05-10T21:58:16.462+0000] {dagbag.py:541} INFO - Filling up the DagBag from /home/airflow/.local/lib/python3.7/site-packages/airflow/example_dags/tutorial_taskflow_api_virtualenv.py
[2023-05-10T21:58:16.501+0000] {processor.py:809} INFO - DAG(s) dict_keys(['tutorial_taskflow_api_virtualenv']) retrieved from /home/airflow/.local/lib/python3.7/site-packages/airflow/example_dags/tutorial_taskflow_api_virtualenv.py
[2023-05-10T21:58:16.725+0000] {logging_mixin.py:149} INFO - [2023-05-10T21:58:16.724+0000] {dag.py:2726} INFO - Sync 1 DAGs
[2023-05-10T21:58:16.921+0000] {logging_mixin.py:149} INFO - [2023-05-10T21:58:16.921+0000] {dag.py:3490} INFO - Setting next_dagrun for tutorial_taskflow_api_virtualenv to None, run_after=None
[2023-05-10T21:58:17.161+0000] {processor.py:178} INFO - Processing /home/airflow/.local/lib/python3.7/site-packages/airflow/example_dags/tutorial_taskflow_api_virtualenv.py took 0.726 seconds
[2023-05-10T21:58:48.167+0000] {processor.py:156} INFO - Started process (PID=569) to work on /home/airflow/.local/lib/python3.7/site-packages/airflow/example_dags/tutorial_taskflow_api_virtualenv.py
[2023-05-10T21:58:48.196+0000] {processor.py:799} INFO - Processing file /home/airflow/.local/lib/python3.7/site-packages/airflow/example_dags/tutorial_taskflow_api_virtualenv.py for tasks to queue
[2023-05-10T21:58:48.205+0000] {logging_mixin.py:149} INFO - [2023-05-10T21:58:48.204+0000] {dagbag.py:541} INFO - Filling up the DagBag from /home/airflow/.local/lib/python3.7/site-packages/airflow/example_dags/tutorial_taskflow_api_virtualenv.py
[2023-05-10T21:58:48.240+0000] {processor.py:809} INFO - DAG(s) dict_keys(['tutorial_taskflow_api_virtualenv']) retrieved from /home/airflow/.local/lib/python3.7/site-packages/airflow/example_dags/tutorial_taskflow_api_virtualenv.py
[2023-05-10T21:58:48.392+0000] {logging_mixin.py:149} INFO - [2023-05-10T21:58:48.389+0000] {dag.py:2726} INFO - Sync 1 DAGs
[2023-05-10T21:58:48.564+0000] {logging_mixin.py:149} INFO - [2023-05-10T21:58:48.562+0000] {dag.py:3490} INFO - Setting next_dagrun for tutorial_taskflow_api_virtualenv to None, run_after=None
[2023-05-10T21:58:48.802+0000] {processor.py:178} INFO - Processing /home/airflow/.local/lib/python3.7/site-packages/airflow/example_dags/tutorial_taskflow_api_virtualenv.py took 0.657 seconds
[2023-05-10T21:59:21.109+0000] {processor.py:156} INFO - Started process (PID=625) to work on /home/airflow/.local/lib/python3.7/site-packages/airflow/example_dags/tutorial_taskflow_api_virtualenv.py
[2023-05-10T21:59:21.116+0000] {processor.py:799} INFO - Processing file /home/airflow/.local/lib/python3.7/site-packages/airflow/example_dags/tutorial_taskflow_api_virtualenv.py for tasks to queue
[2023-05-10T21:59:21.127+0000] {logging_mixin.py:149} INFO - [2023-05-10T21:59:21.127+0000] {dagbag.py:541} INFO - Filling up the DagBag from /home/airflow/.local/lib/python3.7/site-packages/airflow/example_dags/tutorial_taskflow_api_virtualenv.py
[2023-05-10T21:59:21.169+0000] {processor.py:809} INFO - DAG(s) dict_keys(['tutorial_taskflow_api_virtualenv']) retrieved from /home/airflow/.local/lib/python3.7/site-packages/airflow/example_dags/tutorial_taskflow_api_virtualenv.py
[2023-05-10T21:59:21.314+0000] {logging_mixin.py:149} INFO - [2023-05-10T21:59:21.313+0000] {dag.py:2726} INFO - Sync 1 DAGs
[2023-05-10T21:59:21.489+0000] {logging_mixin.py:149} INFO - [2023-05-10T21:59:21.489+0000] {dag.py:3490} INFO - Setting next_dagrun for tutorial_taskflow_api_virtualenv to None, run_after=None
[2023-05-10T21:59:21.622+0000] {processor.py:178} INFO - Processing /home/airflow/.local/lib/python3.7/site-packages/airflow/example_dags/tutorial_taskflow_api_virtualenv.py took 0.522 seconds
[2023-05-10T21:59:58.220+0000] {processor.py:156} INFO - Started process (PID=682) to work on /home/airflow/.local/lib/python3.7/site-packages/airflow/example_dags/tutorial_taskflow_api_virtualenv.py
[2023-05-10T21:59:58.232+0000] {processor.py:799} INFO - Processing file /home/airflow/.local/lib/python3.7/site-packages/airflow/example_dags/tutorial_taskflow_api_virtualenv.py for tasks to queue
[2023-05-10T21:59:58.261+0000] {logging_mixin.py:149} INFO - [2023-05-10T21:59:58.261+0000] {dagbag.py:541} INFO - Filling up the DagBag from /home/airflow/.local/lib/python3.7/site-packages/airflow/example_dags/tutorial_taskflow_api_virtualenv.py
[2023-05-10T21:59:58.290+0000] {processor.py:809} INFO - DAG(s) dict_keys(['tutorial_taskflow_api_virtualenv']) retrieved from /home/airflow/.local/lib/python3.7/site-packages/airflow/example_dags/tutorial_taskflow_api_virtualenv.py
[2023-05-10T21:59:58.440+0000] {logging_mixin.py:149} INFO - [2023-05-10T21:59:58.440+0000] {dag.py:2726} INFO - Sync 1 DAGs
[2023-05-10T21:59:58.643+0000] {logging_mixin.py:149} INFO - [2023-05-10T21:59:58.643+0000] {dag.py:3490} INFO - Setting next_dagrun for tutorial_taskflow_api_virtualenv to None, run_after=None
[2023-05-10T21:59:58.838+0000] {processor.py:178} INFO - Processing /home/airflow/.local/lib/python3.7/site-packages/airflow/example_dags/tutorial_taskflow_api_virtualenv.py took 0.635 seconds
[2023-05-10T22:00:30.739+0000] {processor.py:156} INFO - Started process (PID=736) to work on /home/airflow/.local/lib/python3.7/site-packages/airflow/example_dags/tutorial_taskflow_api_virtualenv.py
[2023-05-10T22:00:30.752+0000] {processor.py:799} INFO - Processing file /home/airflow/.local/lib/python3.7/site-packages/airflow/example_dags/tutorial_taskflow_api_virtualenv.py for tasks to queue
[2023-05-10T22:00:30.754+0000] {logging_mixin.py:149} INFO - [2023-05-10T22:00:30.754+0000] {dagbag.py:541} INFO - Filling up the DagBag from /home/airflow/.local/lib/python3.7/site-packages/airflow/example_dags/tutorial_taskflow_api_virtualenv.py
[2023-05-10T22:00:30.965+0000] {processor.py:809} INFO - DAG(s) dict_keys(['tutorial_taskflow_api_virtualenv']) retrieved from /home/airflow/.local/lib/python3.7/site-packages/airflow/example_dags/tutorial_taskflow_api_virtualenv.py
[2023-05-10T22:00:31.175+0000] {logging_mixin.py:149} INFO - [2023-05-10T22:00:31.175+0000] {dag.py:2726} INFO - Sync 1 DAGs
[2023-05-10T22:00:31.679+0000] {logging_mixin.py:149} INFO - [2023-05-10T22:00:31.679+0000] {dag.py:3490} INFO - Setting next_dagrun for tutorial_taskflow_api_virtualenv to None, run_after=None
[2023-05-10T22:00:32.010+0000] {processor.py:178} INFO - Processing /home/airflow/.local/lib/python3.7/site-packages/airflow/example_dags/tutorial_taskflow_api_virtualenv.py took 1.292 seconds
[2023-05-10T22:01:04.785+0000] {processor.py:156} INFO - Started process (PID=793) to work on /home/airflow/.local/lib/python3.7/site-packages/airflow/example_dags/tutorial_taskflow_api_virtualenv.py
[2023-05-10T22:01:04.906+0000] {processor.py:799} INFO - Processing file /home/airflow/.local/lib/python3.7/site-packages/airflow/example_dags/tutorial_taskflow_api_virtualenv.py for tasks to queue
[2023-05-10T22:01:04.908+0000] {logging_mixin.py:149} INFO - [2023-05-10T22:01:04.908+0000] {dagbag.py:541} INFO - Filling up the DagBag from /home/airflow/.local/lib/python3.7/site-packages/airflow/example_dags/tutorial_taskflow_api_virtualenv.py
[2023-05-10T22:01:04.933+0000] {processor.py:809} INFO - DAG(s) dict_keys(['tutorial_taskflow_api_virtualenv']) retrieved from /home/airflow/.local/lib/python3.7/site-packages/airflow/example_dags/tutorial_taskflow_api_virtualenv.py
[2023-05-10T22:01:05.136+0000] {logging_mixin.py:149} INFO - [2023-05-10T22:01:05.135+0000] {dag.py:2726} INFO - Sync 1 DAGs
[2023-05-10T22:01:05.377+0000] {logging_mixin.py:149} INFO - [2023-05-10T22:01:05.377+0000] {dag.py:3490} INFO - Setting next_dagrun for tutorial_taskflow_api_virtualenv to None, run_after=None
[2023-05-10T22:01:05.576+0000] {processor.py:178} INFO - Processing /home/airflow/.local/lib/python3.7/site-packages/airflow/example_dags/tutorial_taskflow_api_virtualenv.py took 0.805 seconds
[2023-05-10T22:01:37.191+0000] {processor.py:156} INFO - Started process (PID=850) to work on /home/airflow/.local/lib/python3.7/site-packages/airflow/example_dags/tutorial_taskflow_api_virtualenv.py
[2023-05-10T22:01:37.210+0000] {processor.py:799} INFO - Processing file /home/airflow/.local/lib/python3.7/site-packages/airflow/example_dags/tutorial_taskflow_api_virtualenv.py for tasks to queue
[2023-05-10T22:01:37.214+0000] {logging_mixin.py:149} INFO - [2023-05-10T22:01:37.214+0000] {dagbag.py:541} INFO - Filling up the DagBag from /home/airflow/.local/lib/python3.7/site-packages/airflow/example_dags/tutorial_taskflow_api_virtualenv.py
[2023-05-10T22:01:37.249+0000] {processor.py:809} INFO - DAG(s) dict_keys(['tutorial_taskflow_api_virtualenv']) retrieved from /home/airflow/.local/lib/python3.7/site-packages/airflow/example_dags/tutorial_taskflow_api_virtualenv.py
[2023-05-10T22:01:37.379+0000] {logging_mixin.py:149} INFO - [2023-05-10T22:01:37.378+0000] {dag.py:2726} INFO - Sync 1 DAGs
[2023-05-10T22:01:37.570+0000] {logging_mixin.py:149} INFO - [2023-05-10T22:01:37.570+0000] {dag.py:3490} INFO - Setting next_dagrun for tutorial_taskflow_api_virtualenv to None, run_after=None
[2023-05-10T22:01:37.767+0000] {processor.py:178} INFO - Processing /home/airflow/.local/lib/python3.7/site-packages/airflow/example_dags/tutorial_taskflow_api_virtualenv.py took 0.593 seconds
[2023-05-10T22:02:09.410+0000] {processor.py:156} INFO - Started process (PID=907) to work on /home/airflow/.local/lib/python3.7/site-packages/airflow/example_dags/tutorial_taskflow_api_virtualenv.py
[2023-05-10T22:02:09.436+0000] {processor.py:799} INFO - Processing file /home/airflow/.local/lib/python3.7/site-packages/airflow/example_dags/tutorial_taskflow_api_virtualenv.py for tasks to queue
[2023-05-10T22:02:09.439+0000] {logging_mixin.py:149} INFO - [2023-05-10T22:02:09.439+0000] {dagbag.py:541} INFO - Filling up the DagBag from /home/airflow/.local/lib/python3.7/site-packages/airflow/example_dags/tutorial_taskflow_api_virtualenv.py
[2023-05-10T22:02:09.477+0000] {processor.py:809} INFO - DAG(s) dict_keys(['tutorial_taskflow_api_virtualenv']) retrieved from /home/airflow/.local/lib/python3.7/site-packages/airflow/example_dags/tutorial_taskflow_api_virtualenv.py
[2023-05-10T22:02:09.613+0000] {logging_mixin.py:149} INFO - [2023-05-10T22:02:09.613+0000] {dag.py:2726} INFO - Sync 1 DAGs
[2023-05-10T22:02:09.819+0000] {logging_mixin.py:149} INFO - [2023-05-10T22:02:09.818+0000] {dag.py:3490} INFO - Setting next_dagrun for tutorial_taskflow_api_virtualenv to None, run_after=None
[2023-05-10T22:02:10.016+0000] {processor.py:178} INFO - Processing /home/airflow/.local/lib/python3.7/site-packages/airflow/example_dags/tutorial_taskflow_api_virtualenv.py took 0.621 seconds
[2023-05-10T22:02:46.368+0000] {processor.py:156} INFO - Started process (PID=971) to work on /home/airflow/.local/lib/python3.7/site-packages/airflow/example_dags/tutorial_taskflow_api_virtualenv.py
[2023-05-10T22:02:46.379+0000] {processor.py:799} INFO - Processing file /home/airflow/.local/lib/python3.7/site-packages/airflow/example_dags/tutorial_taskflow_api_virtualenv.py for tasks to queue
[2023-05-10T22:02:46.387+0000] {logging_mixin.py:149} INFO - [2023-05-10T22:02:46.387+0000] {dagbag.py:541} INFO - Filling up the DagBag from /home/airflow/.local/lib/python3.7/site-packages/airflow/example_dags/tutorial_taskflow_api_virtualenv.py
[2023-05-10T22:02:46.435+0000] {processor.py:809} INFO - DAG(s) dict_keys(['tutorial_taskflow_api_virtualenv']) retrieved from /home/airflow/.local/lib/python3.7/site-packages/airflow/example_dags/tutorial_taskflow_api_virtualenv.py
[2023-05-10T22:02:46.693+0000] {logging_mixin.py:149} INFO - [2023-05-10T22:02:46.693+0000] {dag.py:2726} INFO - Sync 1 DAGs
[2023-05-10T22:02:46.900+0000] {logging_mixin.py:149} INFO - [2023-05-10T22:02:46.900+0000] {dag.py:3490} INFO - Setting next_dagrun for tutorial_taskflow_api_virtualenv to None, run_after=None
[2023-05-10T22:02:47.125+0000] {processor.py:178} INFO - Processing /home/airflow/.local/lib/python3.7/site-packages/airflow/example_dags/tutorial_taskflow_api_virtualenv.py took 0.776 seconds
[2023-05-10T22:03:18.214+0000] {processor.py:156} INFO - Started process (PID=1026) to work on /home/airflow/.local/lib/python3.7/site-packages/airflow/example_dags/tutorial_taskflow_api_virtualenv.py
[2023-05-10T22:03:18.217+0000] {processor.py:799} INFO - Processing file /home/airflow/.local/lib/python3.7/site-packages/airflow/example_dags/tutorial_taskflow_api_virtualenv.py for tasks to queue
[2023-05-10T22:03:18.226+0000] {logging_mixin.py:149} INFO - [2023-05-10T22:03:18.223+0000] {dagbag.py:541} INFO - Filling up the DagBag from /home/airflow/.local/lib/python3.7/site-packages/airflow/example_dags/tutorial_taskflow_api_virtualenv.py
[2023-05-10T22:03:18.253+0000] {processor.py:809} INFO - DAG(s) dict_keys(['tutorial_taskflow_api_virtualenv']) retrieved from /home/airflow/.local/lib/python3.7/site-packages/airflow/example_dags/tutorial_taskflow_api_virtualenv.py
[2023-05-10T22:03:18.512+0000] {logging_mixin.py:149} INFO - [2023-05-10T22:03:18.512+0000] {dag.py:2726} INFO - Sync 1 DAGs
[2023-05-10T22:03:18.705+0000] {logging_mixin.py:149} INFO - [2023-05-10T22:03:18.705+0000] {dag.py:3490} INFO - Setting next_dagrun for tutorial_taskflow_api_virtualenv to None, run_after=None
[2023-05-10T22:03:18.937+0000] {processor.py:178} INFO - Processing /home/airflow/.local/lib/python3.7/site-packages/airflow/example_dags/tutorial_taskflow_api_virtualenv.py took 0.735 seconds
[2023-05-10T22:03:52.154+0000] {processor.py:156} INFO - Started process (PID=1080) to work on /home/airflow/.local/lib/python3.7/site-packages/airflow/example_dags/tutorial_taskflow_api_virtualenv.py
[2023-05-10T22:03:52.156+0000] {processor.py:799} INFO - Processing file /home/airflow/.local/lib/python3.7/site-packages/airflow/example_dags/tutorial_taskflow_api_virtualenv.py for tasks to queue
[2023-05-10T22:03:52.159+0000] {logging_mixin.py:149} INFO - [2023-05-10T22:03:52.158+0000] {dagbag.py:541} INFO - Filling up the DagBag from /home/airflow/.local/lib/python3.7/site-packages/airflow/example_dags/tutorial_taskflow_api_virtualenv.py
[2023-05-10T22:03:52.194+0000] {processor.py:809} INFO - DAG(s) dict_keys(['tutorial_taskflow_api_virtualenv']) retrieved from /home/airflow/.local/lib/python3.7/site-packages/airflow/example_dags/tutorial_taskflow_api_virtualenv.py
[2023-05-10T22:03:52.360+0000] {logging_mixin.py:149} INFO - [2023-05-10T22:03:52.359+0000] {dag.py:2726} INFO - Sync 1 DAGs
[2023-05-10T22:03:52.581+0000] {logging_mixin.py:149} INFO - [2023-05-10T22:03:52.581+0000] {dag.py:3490} INFO - Setting next_dagrun for tutorial_taskflow_api_virtualenv to None, run_after=None
[2023-05-10T22:03:53.241+0000] {processor.py:178} INFO - Processing /home/airflow/.local/lib/python3.7/site-packages/airflow/example_dags/tutorial_taskflow_api_virtualenv.py took 1.106 seconds
[2023-05-10T22:04:26.395+0000] {processor.py:156} INFO - Started process (PID=1136) to work on /home/airflow/.local/lib/python3.7/site-packages/airflow/example_dags/tutorial_taskflow_api_virtualenv.py
[2023-05-10T22:04:26.411+0000] {processor.py:799} INFO - Processing file /home/airflow/.local/lib/python3.7/site-packages/airflow/example_dags/tutorial_taskflow_api_virtualenv.py for tasks to queue
[2023-05-10T22:04:26.415+0000] {logging_mixin.py:149} INFO - [2023-05-10T22:04:26.414+0000] {dagbag.py:541} INFO - Filling up the DagBag from /home/airflow/.local/lib/python3.7/site-packages/airflow/example_dags/tutorial_taskflow_api_virtualenv.py
[2023-05-10T22:04:26.492+0000] {processor.py:809} INFO - DAG(s) dict_keys(['tutorial_taskflow_api_virtualenv']) retrieved from /home/airflow/.local/lib/python3.7/site-packages/airflow/example_dags/tutorial_taskflow_api_virtualenv.py
[2023-05-10T22:04:26.634+0000] {logging_mixin.py:149} INFO - [2023-05-10T22:04:26.634+0000] {dag.py:2726} INFO - Sync 1 DAGs
[2023-05-10T22:04:26.851+0000] {logging_mixin.py:149} INFO - [2023-05-10T22:04:26.850+0000] {dag.py:3490} INFO - Setting next_dagrun for tutorial_taskflow_api_virtualenv to None, run_after=None
[2023-05-10T22:04:27.167+0000] {processor.py:178} INFO - Processing /home/airflow/.local/lib/python3.7/site-packages/airflow/example_dags/tutorial_taskflow_api_virtualenv.py took 0.797 seconds
[2023-05-10T22:05:00.611+0000] {processor.py:156} INFO - Started process (PID=1193) to work on /home/airflow/.local/lib/python3.7/site-packages/airflow/example_dags/tutorial_taskflow_api_virtualenv.py
[2023-05-10T22:05:00.613+0000] {processor.py:799} INFO - Processing file /home/airflow/.local/lib/python3.7/site-packages/airflow/example_dags/tutorial_taskflow_api_virtualenv.py for tasks to queue
[2023-05-10T22:05:00.616+0000] {logging_mixin.py:149} INFO - [2023-05-10T22:05:00.615+0000] {dagbag.py:541} INFO - Filling up the DagBag from /home/airflow/.local/lib/python3.7/site-packages/airflow/example_dags/tutorial_taskflow_api_virtualenv.py
[2023-05-10T22:05:00.649+0000] {processor.py:809} INFO - DAG(s) dict_keys(['tutorial_taskflow_api_virtualenv']) retrieved from /home/airflow/.local/lib/python3.7/site-packages/airflow/example_dags/tutorial_taskflow_api_virtualenv.py
[2023-05-10T22:05:00.772+0000] {logging_mixin.py:149} INFO - [2023-05-10T22:05:00.771+0000] {dag.py:2726} INFO - Sync 1 DAGs
[2023-05-10T22:05:00.896+0000] {logging_mixin.py:149} INFO - [2023-05-10T22:05:00.896+0000] {dag.py:3490} INFO - Setting next_dagrun for tutorial_taskflow_api_virtualenv to None, run_after=None
[2023-05-10T22:05:01.029+0000] {processor.py:178} INFO - Processing /home/airflow/.local/lib/python3.7/site-packages/airflow/example_dags/tutorial_taskflow_api_virtualenv.py took 0.428 seconds
[2023-05-10T22:05:33.623+0000] {processor.py:156} INFO - Started process (PID=1245) to work on /home/airflow/.local/lib/python3.7/site-packages/airflow/example_dags/tutorial_taskflow_api_virtualenv.py
[2023-05-10T22:05:33.625+0000] {processor.py:799} INFO - Processing file /home/airflow/.local/lib/python3.7/site-packages/airflow/example_dags/tutorial_taskflow_api_virtualenv.py for tasks to queue
[2023-05-10T22:05:33.628+0000] {logging_mixin.py:149} INFO - [2023-05-10T22:05:33.627+0000] {dagbag.py:541} INFO - Filling up the DagBag from /home/airflow/.local/lib/python3.7/site-packages/airflow/example_dags/tutorial_taskflow_api_virtualenv.py
[2023-05-10T22:05:33.660+0000] {processor.py:809} INFO - DAG(s) dict_keys(['tutorial_taskflow_api_virtualenv']) retrieved from /home/airflow/.local/lib/python3.7/site-packages/airflow/example_dags/tutorial_taskflow_api_virtualenv.py
[2023-05-10T22:05:33.787+0000] {logging_mixin.py:149} INFO - [2023-05-10T22:05:33.787+0000] {dag.py:2726} INFO - Sync 1 DAGs
[2023-05-10T22:05:33.989+0000] {logging_mixin.py:149} INFO - [2023-05-10T22:05:33.988+0000] {dag.py:3490} INFO - Setting next_dagrun for tutorial_taskflow_api_virtualenv to None, run_after=None
[2023-05-10T22:05:34.198+0000] {processor.py:178} INFO - Processing /home/airflow/.local/lib/python3.7/site-packages/airflow/example_dags/tutorial_taskflow_api_virtualenv.py took 0.595 seconds
[2023-05-10T22:06:07.193+0000] {processor.py:156} INFO - Started process (PID=1301) to work on /home/airflow/.local/lib/python3.7/site-packages/airflow/example_dags/tutorial_taskflow_api_virtualenv.py
[2023-05-10T22:06:07.196+0000] {processor.py:799} INFO - Processing file /home/airflow/.local/lib/python3.7/site-packages/airflow/example_dags/tutorial_taskflow_api_virtualenv.py for tasks to queue
[2023-05-10T22:06:07.202+0000] {logging_mixin.py:149} INFO - [2023-05-10T22:06:07.202+0000] {dagbag.py:541} INFO - Filling up the DagBag from /home/airflow/.local/lib/python3.7/site-packages/airflow/example_dags/tutorial_taskflow_api_virtualenv.py
[2023-05-10T22:06:07.224+0000] {processor.py:809} INFO - DAG(s) dict_keys(['tutorial_taskflow_api_virtualenv']) retrieved from /home/airflow/.local/lib/python3.7/site-packages/airflow/example_dags/tutorial_taskflow_api_virtualenv.py
[2023-05-10T22:06:07.308+0000] {logging_mixin.py:149} INFO - [2023-05-10T22:06:07.308+0000] {dag.py:2726} INFO - Sync 1 DAGs
[2023-05-10T22:06:07.467+0000] {logging_mixin.py:149} INFO - [2023-05-10T22:06:07.466+0000] {dag.py:3490} INFO - Setting next_dagrun for tutorial_taskflow_api_virtualenv to None, run_after=None
[2023-05-10T22:06:07.663+0000] {processor.py:178} INFO - Processing /home/airflow/.local/lib/python3.7/site-packages/airflow/example_dags/tutorial_taskflow_api_virtualenv.py took 0.480 seconds
[2023-05-10T22:06:40.693+0000] {processor.py:156} INFO - Started process (PID=1361) to work on /home/airflow/.local/lib/python3.7/site-packages/airflow/example_dags/tutorial_taskflow_api_virtualenv.py
[2023-05-10T22:06:40.710+0000] {processor.py:799} INFO - Processing file /home/airflow/.local/lib/python3.7/site-packages/airflow/example_dags/tutorial_taskflow_api_virtualenv.py for tasks to queue
[2023-05-10T22:06:40.723+0000] {logging_mixin.py:149} INFO - [2023-05-10T22:06:40.722+0000] {dagbag.py:541} INFO - Filling up the DagBag from /home/airflow/.local/lib/python3.7/site-packages/airflow/example_dags/tutorial_taskflow_api_virtualenv.py
[2023-05-10T22:06:40.786+0000] {processor.py:809} INFO - DAG(s) dict_keys(['tutorial_taskflow_api_virtualenv']) retrieved from /home/airflow/.local/lib/python3.7/site-packages/airflow/example_dags/tutorial_taskflow_api_virtualenv.py
[2023-05-10T22:06:41.064+0000] {logging_mixin.py:149} INFO - [2023-05-10T22:06:41.064+0000] {dag.py:2726} INFO - Sync 1 DAGs
[2023-05-10T22:06:41.310+0000] {logging_mixin.py:149} INFO - [2023-05-10T22:06:41.310+0000] {dag.py:3490} INFO - Setting next_dagrun for tutorial_taskflow_api_virtualenv to None, run_after=None
[2023-05-10T22:06:41.689+0000] {processor.py:178} INFO - Processing /home/airflow/.local/lib/python3.7/site-packages/airflow/example_dags/tutorial_taskflow_api_virtualenv.py took 1.005 seconds
[2023-05-10T22:07:13.198+0000] {processor.py:156} INFO - Started process (PID=1417) to work on /home/airflow/.local/lib/python3.7/site-packages/airflow/example_dags/tutorial_taskflow_api_virtualenv.py
[2023-05-10T22:07:13.211+0000] {processor.py:799} INFO - Processing file /home/airflow/.local/lib/python3.7/site-packages/airflow/example_dags/tutorial_taskflow_api_virtualenv.py for tasks to queue
[2023-05-10T22:07:13.215+0000] {logging_mixin.py:149} INFO - [2023-05-10T22:07:13.214+0000] {dagbag.py:541} INFO - Filling up the DagBag from /home/airflow/.local/lib/python3.7/site-packages/airflow/example_dags/tutorial_taskflow_api_virtualenv.py
[2023-05-10T22:07:13.249+0000] {processor.py:809} INFO - DAG(s) dict_keys(['tutorial_taskflow_api_virtualenv']) retrieved from /home/airflow/.local/lib/python3.7/site-packages/airflow/example_dags/tutorial_taskflow_api_virtualenv.py
[2023-05-10T22:07:13.385+0000] {logging_mixin.py:149} INFO - [2023-05-10T22:07:13.385+0000] {dag.py:2726} INFO - Sync 1 DAGs
[2023-05-10T22:07:13.577+0000] {logging_mixin.py:149} INFO - [2023-05-10T22:07:13.577+0000] {dag.py:3490} INFO - Setting next_dagrun for tutorial_taskflow_api_virtualenv to None, run_after=None
[2023-05-10T22:07:13.798+0000] {processor.py:178} INFO - Processing /home/airflow/.local/lib/python3.7/site-packages/airflow/example_dags/tutorial_taskflow_api_virtualenv.py took 0.617 seconds
[2023-05-10T22:07:44.815+0000] {processor.py:156} INFO - Started process (PID=1473) to work on /home/airflow/.local/lib/python3.7/site-packages/airflow/example_dags/tutorial_taskflow_api_virtualenv.py
[2023-05-10T22:07:44.822+0000] {processor.py:799} INFO - Processing file /home/airflow/.local/lib/python3.7/site-packages/airflow/example_dags/tutorial_taskflow_api_virtualenv.py for tasks to queue
[2023-05-10T22:07:44.831+0000] {logging_mixin.py:149} INFO - [2023-05-10T22:07:44.830+0000] {dagbag.py:541} INFO - Filling up the DagBag from /home/airflow/.local/lib/python3.7/site-packages/airflow/example_dags/tutorial_taskflow_api_virtualenv.py
[2023-05-10T22:07:44.866+0000] {processor.py:809} INFO - DAG(s) dict_keys(['tutorial_taskflow_api_virtualenv']) retrieved from /home/airflow/.local/lib/python3.7/site-packages/airflow/example_dags/tutorial_taskflow_api_virtualenv.py
[2023-05-10T22:07:44.999+0000] {logging_mixin.py:149} INFO - [2023-05-10T22:07:44.999+0000] {dag.py:2726} INFO - Sync 1 DAGs
[2023-05-10T22:07:45.164+0000] {logging_mixin.py:149} INFO - [2023-05-10T22:07:45.164+0000] {dag.py:3490} INFO - Setting next_dagrun for tutorial_taskflow_api_virtualenv to None, run_after=None
[2023-05-10T22:07:45.283+0000] {processor.py:178} INFO - Processing /home/airflow/.local/lib/python3.7/site-packages/airflow/example_dags/tutorial_taskflow_api_virtualenv.py took 0.486 seconds
[2023-05-10T22:08:15.727+0000] {processor.py:156} INFO - Started process (PID=1528) to work on /home/airflow/.local/lib/python3.7/site-packages/airflow/example_dags/tutorial_taskflow_api_virtualenv.py
[2023-05-10T22:08:15.731+0000] {processor.py:799} INFO - Processing file /home/airflow/.local/lib/python3.7/site-packages/airflow/example_dags/tutorial_taskflow_api_virtualenv.py for tasks to queue
[2023-05-10T22:08:15.743+0000] {logging_mixin.py:149} INFO - [2023-05-10T22:08:15.742+0000] {dagbag.py:541} INFO - Filling up the DagBag from /home/airflow/.local/lib/python3.7/site-packages/airflow/example_dags/tutorial_taskflow_api_virtualenv.py
[2023-05-10T22:08:15.809+0000] {processor.py:809} INFO - DAG(s) dict_keys(['tutorial_taskflow_api_virtualenv']) retrieved from /home/airflow/.local/lib/python3.7/site-packages/airflow/example_dags/tutorial_taskflow_api_virtualenv.py
[2023-05-10T22:08:16.004+0000] {logging_mixin.py:149} INFO - [2023-05-10T22:08:16.004+0000] {dag.py:2726} INFO - Sync 1 DAGs
[2023-05-10T22:08:16.178+0000] {logging_mixin.py:149} INFO - [2023-05-10T22:08:16.177+0000] {dag.py:3490} INFO - Setting next_dagrun for tutorial_taskflow_api_virtualenv to None, run_after=None
[2023-05-10T22:08:16.474+0000] {processor.py:178} INFO - Processing /home/airflow/.local/lib/python3.7/site-packages/airflow/example_dags/tutorial_taskflow_api_virtualenv.py took 0.761 seconds
[2023-05-10T22:08:48.783+0000] {processor.py:156} INFO - Started process (PID=1584) to work on /home/airflow/.local/lib/python3.7/site-packages/airflow/example_dags/tutorial_taskflow_api_virtualenv.py
[2023-05-10T22:08:48.785+0000] {processor.py:799} INFO - Processing file /home/airflow/.local/lib/python3.7/site-packages/airflow/example_dags/tutorial_taskflow_api_virtualenv.py for tasks to queue
[2023-05-10T22:08:48.788+0000] {logging_mixin.py:149} INFO - [2023-05-10T22:08:48.787+0000] {dagbag.py:541} INFO - Filling up the DagBag from /home/airflow/.local/lib/python3.7/site-packages/airflow/example_dags/tutorial_taskflow_api_virtualenv.py
[2023-05-10T22:08:48.830+0000] {processor.py:809} INFO - DAG(s) dict_keys(['tutorial_taskflow_api_virtualenv']) retrieved from /home/airflow/.local/lib/python3.7/site-packages/airflow/example_dags/tutorial_taskflow_api_virtualenv.py
[2023-05-10T22:08:48.981+0000] {logging_mixin.py:149} INFO - [2023-05-10T22:08:48.979+0000] {dag.py:2726} INFO - Sync 1 DAGs
[2023-05-10T22:08:49.126+0000] {logging_mixin.py:149} INFO - [2023-05-10T22:08:49.126+0000] {dag.py:3490} INFO - Setting next_dagrun for tutorial_taskflow_api_virtualenv to None, run_after=None
[2023-05-10T22:08:49.404+0000] {processor.py:178} INFO - Processing /home/airflow/.local/lib/python3.7/site-packages/airflow/example_dags/tutorial_taskflow_api_virtualenv.py took 0.642 seconds
[2023-05-10T22:09:25.014+0000] {processor.py:156} INFO - Started process (PID=1641) to work on /home/airflow/.local/lib/python3.7/site-packages/airflow/example_dags/tutorial_taskflow_api_virtualenv.py
[2023-05-10T22:09:25.032+0000] {processor.py:799} INFO - Processing file /home/airflow/.local/lib/python3.7/site-packages/airflow/example_dags/tutorial_taskflow_api_virtualenv.py for tasks to queue
[2023-05-10T22:09:25.070+0000] {logging_mixin.py:149} INFO - [2023-05-10T22:09:25.070+0000] {dagbag.py:541} INFO - Filling up the DagBag from /home/airflow/.local/lib/python3.7/site-packages/airflow/example_dags/tutorial_taskflow_api_virtualenv.py
[2023-05-10T22:09:25.197+0000] {processor.py:809} INFO - DAG(s) dict_keys(['tutorial_taskflow_api_virtualenv']) retrieved from /home/airflow/.local/lib/python3.7/site-packages/airflow/example_dags/tutorial_taskflow_api_virtualenv.py
[2023-05-10T22:09:25.681+0000] {logging_mixin.py:149} INFO - [2023-05-10T22:09:25.679+0000] {dag.py:2726} INFO - Sync 1 DAGs
[2023-05-10T22:09:26.486+0000] {logging_mixin.py:149} INFO - [2023-05-10T22:09:26.486+0000] {dag.py:3490} INFO - Setting next_dagrun for tutorial_taskflow_api_virtualenv to None, run_after=None
[2023-05-10T22:09:26.884+0000] {processor.py:178} INFO - Processing /home/airflow/.local/lib/python3.7/site-packages/airflow/example_dags/tutorial_taskflow_api_virtualenv.py took 1.911 seconds
[2023-05-10T22:09:57.802+0000] {processor.py:156} INFO - Started process (PID=1698) to work on /home/airflow/.local/lib/python3.7/site-packages/airflow/example_dags/tutorial_taskflow_api_virtualenv.py
[2023-05-10T22:09:57.818+0000] {processor.py:799} INFO - Processing file /home/airflow/.local/lib/python3.7/site-packages/airflow/example_dags/tutorial_taskflow_api_virtualenv.py for tasks to queue
[2023-05-10T22:09:57.821+0000] {logging_mixin.py:149} INFO - [2023-05-10T22:09:57.821+0000] {dagbag.py:541} INFO - Filling up the DagBag from /home/airflow/.local/lib/python3.7/site-packages/airflow/example_dags/tutorial_taskflow_api_virtualenv.py
[2023-05-10T22:09:57.860+0000] {processor.py:809} INFO - DAG(s) dict_keys(['tutorial_taskflow_api_virtualenv']) retrieved from /home/airflow/.local/lib/python3.7/site-packages/airflow/example_dags/tutorial_taskflow_api_virtualenv.py
[2023-05-10T22:09:58.076+0000] {logging_mixin.py:149} INFO - [2023-05-10T22:09:58.076+0000] {dag.py:2726} INFO - Sync 1 DAGs
[2023-05-10T22:09:58.319+0000] {logging_mixin.py:149} INFO - [2023-05-10T22:09:58.318+0000] {dag.py:3490} INFO - Setting next_dagrun for tutorial_taskflow_api_virtualenv to None, run_after=None
[2023-05-10T22:09:58.570+0000] {processor.py:178} INFO - Processing /home/airflow/.local/lib/python3.7/site-packages/airflow/example_dags/tutorial_taskflow_api_virtualenv.py took 0.787 seconds
